[2024-05-06T20:02:32.775+0000] {processor.py:161} INFO - Started process (PID=4651) to work on /opt/airflow/dags/user_processing.py
[2024-05-06T20:02:32.776+0000] {processor.py:830} INFO - Processing file /opt/airflow/dags/user_processing.py for tasks to queue
[2024-05-06T20:02:32.778+0000] {logging_mixin.py:188} INFO - [2024-05-06T20:02:32.778+0000] {dagbag.py:540} INFO - Filling up the DagBag from /opt/airflow/dags/user_processing.py
[2024-05-06T20:02:32.783+0000] {logging_mixin.py:188} INFO - [2024-05-06T20:02:32.782+0000] {dagbag.py:350} ERROR - Failed to import: /opt/airflow/dags/user_processing.py
Traceback (most recent call last):
  File "/home/airflow/.local/lib/python3.12/site-packages/airflow/models/dagbag.py", line 346, in parse
    loader.exec_module(new_module)
  File "<frozen importlib._bootstrap_external>", line 995, in exec_module
  File "<frozen importlib._bootstrap>", line 488, in _call_with_frames_removed
  File "/opt/airflow/dags/user_processing.py", line 7, in <module>
    with DAG(
         ^^^^
TypeError: DAG.__init__() got an unexpected keyword argument 'start_time'
[2024-05-06T20:02:32.784+0000] {processor.py:842} WARNING - No viable dags retrieved from /opt/airflow/dags/user_processing.py
[2024-05-06T20:02:32.797+0000] {processor.py:183} INFO - Processing /opt/airflow/dags/user_processing.py took 0.027 seconds
[2024-05-06T20:03:02.821+0000] {processor.py:161} INFO - Started process (PID=4710) to work on /opt/airflow/dags/user_processing.py
[2024-05-06T20:03:02.823+0000] {processor.py:830} INFO - Processing file /opt/airflow/dags/user_processing.py for tasks to queue
[2024-05-06T20:03:02.825+0000] {logging_mixin.py:188} INFO - [2024-05-06T20:03:02.824+0000] {dagbag.py:540} INFO - Filling up the DagBag from /opt/airflow/dags/user_processing.py
[2024-05-06T20:03:02.831+0000] {logging_mixin.py:188} INFO - [2024-05-06T20:03:02.829+0000] {dagbag.py:350} ERROR - Failed to import: /opt/airflow/dags/user_processing.py
Traceback (most recent call last):
  File "/home/airflow/.local/lib/python3.12/site-packages/airflow/models/dagbag.py", line 346, in parse
    loader.exec_module(new_module)
  File "<frozen importlib._bootstrap_external>", line 995, in exec_module
  File "<frozen importlib._bootstrap>", line 488, in _call_with_frames_removed
  File "/opt/airflow/dags/user_processing.py", line 7, in <module>
    with DAG(
         ^^^^
TypeError: DAG.__init__() got an unexpected keyword argument 'start_time'
[2024-05-06T20:03:02.831+0000] {processor.py:842} WARNING - No viable dags retrieved from /opt/airflow/dags/user_processing.py
[2024-05-06T20:03:02.849+0000] {processor.py:183} INFO - Processing /opt/airflow/dags/user_processing.py took 0.036 seconds
[2024-05-06T20:03:33.578+0000] {processor.py:161} INFO - Started process (PID=4769) to work on /opt/airflow/dags/user_processing.py
[2024-05-06T20:03:33.579+0000] {processor.py:830} INFO - Processing file /opt/airflow/dags/user_processing.py for tasks to queue
[2024-05-06T20:03:33.582+0000] {logging_mixin.py:188} INFO - [2024-05-06T20:03:33.581+0000] {dagbag.py:540} INFO - Filling up the DagBag from /opt/airflow/dags/user_processing.py
[2024-05-06T20:03:33.589+0000] {logging_mixin.py:188} INFO - [2024-05-06T20:03:33.588+0000] {dagbag.py:350} ERROR - Failed to import: /opt/airflow/dags/user_processing.py
Traceback (most recent call last):
  File "/home/airflow/.local/lib/python3.12/site-packages/airflow/models/dagbag.py", line 346, in parse
    loader.exec_module(new_module)
  File "<frozen importlib._bootstrap_external>", line 995, in exec_module
  File "<frozen importlib._bootstrap>", line 488, in _call_with_frames_removed
  File "/opt/airflow/dags/user_processing.py", line 7, in <module>
    with DAG(
         ^^^^
TypeError: DAG.__init__() got an unexpected keyword argument 'start_time'
[2024-05-06T20:03:33.590+0000] {processor.py:842} WARNING - No viable dags retrieved from /opt/airflow/dags/user_processing.py
[2024-05-06T20:03:33.608+0000] {processor.py:183} INFO - Processing /opt/airflow/dags/user_processing.py took 0.041 seconds
[2024-05-06T20:04:03.689+0000] {processor.py:161} INFO - Started process (PID=4827) to work on /opt/airflow/dags/user_processing.py
[2024-05-06T20:04:03.692+0000] {processor.py:830} INFO - Processing file /opt/airflow/dags/user_processing.py for tasks to queue
[2024-05-06T20:04:03.696+0000] {logging_mixin.py:188} INFO - [2024-05-06T20:04:03.695+0000] {dagbag.py:540} INFO - Filling up the DagBag from /opt/airflow/dags/user_processing.py
[2024-05-06T20:04:03.704+0000] {logging_mixin.py:188} INFO - [2024-05-06T20:04:03.702+0000] {dagbag.py:350} ERROR - Failed to import: /opt/airflow/dags/user_processing.py
Traceback (most recent call last):
  File "/home/airflow/.local/lib/python3.12/site-packages/airflow/models/dagbag.py", line 346, in parse
    loader.exec_module(new_module)
  File "<frozen importlib._bootstrap_external>", line 995, in exec_module
  File "<frozen importlib._bootstrap>", line 488, in _call_with_frames_removed
  File "/opt/airflow/dags/user_processing.py", line 7, in <module>
    with DAG(
         ^^^^
TypeError: DAG.__init__() got an unexpected keyword argument 'start_time'
[2024-05-06T20:04:03.704+0000] {processor.py:842} WARNING - No viable dags retrieved from /opt/airflow/dags/user_processing.py
[2024-05-06T20:04:03.726+0000] {processor.py:183} INFO - Processing /opt/airflow/dags/user_processing.py took 0.050 seconds
[2024-05-06T20:04:32.717+0000] {processor.py:161} INFO - Started process (PID=4885) to work on /opt/airflow/dags/user_processing.py
[2024-05-06T20:04:32.718+0000] {processor.py:830} INFO - Processing file /opt/airflow/dags/user_processing.py for tasks to queue
[2024-05-06T20:04:32.720+0000] {logging_mixin.py:188} INFO - [2024-05-06T20:04:32.720+0000] {dagbag.py:540} INFO - Filling up the DagBag from /opt/airflow/dags/user_processing.py
[2024-05-06T20:04:32.728+0000] {processor.py:840} INFO - DAG(s) 'user_processing' retrieved from /opt/airflow/dags/user_processing.py
[2024-05-06T20:04:32.779+0000] {logging_mixin.py:188} INFO - [2024-05-06T20:04:32.778+0000] {override.py:1829} INFO - Created Permission View: can delete on DAG:user_processing
[2024-05-06T20:04:32.782+0000] {logging_mixin.py:188} INFO - [2024-05-06T20:04:32.782+0000] {override.py:1829} INFO - Created Permission View: can edit on DAG:user_processing
[2024-05-06T20:04:32.784+0000] {logging_mixin.py:188} INFO - [2024-05-06T20:04:32.784+0000] {override.py:1829} INFO - Created Permission View: can read on DAG:user_processing
[2024-05-06T20:04:32.784+0000] {logging_mixin.py:188} INFO - [2024-05-06T20:04:32.784+0000] {dag.py:3096} INFO - Sync 1 DAGs
[2024-05-06T20:04:32.789+0000] {logging_mixin.py:188} INFO - [2024-05-06T20:04:32.788+0000] {dag.py:3118} INFO - Creating ORM DAG for user_processing
[2024-05-06T20:04:32.793+0000] {logging_mixin.py:188} INFO - [2024-05-06T20:04:32.793+0000] {dag.py:3954} INFO - Setting next_dagrun for user_processing to 2024-05-05 00:00:00+00:00, run_after=2024-05-06 00:00:00+00:00
[2024-05-06T20:04:32.799+0000] {processor.py:183} INFO - Processing /opt/airflow/dags/user_processing.py took 0.087 seconds
[2024-05-06T20:05:02.994+0000] {processor.py:161} INFO - Started process (PID=4944) to work on /opt/airflow/dags/user_processing.py
[2024-05-06T20:05:02.997+0000] {processor.py:830} INFO - Processing file /opt/airflow/dags/user_processing.py for tasks to queue
[2024-05-06T20:05:03.000+0000] {logging_mixin.py:188} INFO - [2024-05-06T20:05:02.999+0000] {dagbag.py:540} INFO - Filling up the DagBag from /opt/airflow/dags/user_processing.py
[2024-05-06T20:05:03.006+0000] {processor.py:840} INFO - DAG(s) 'user_processing' retrieved from /opt/airflow/dags/user_processing.py
[2024-05-06T20:05:03.021+0000] {logging_mixin.py:188} INFO - [2024-05-06T20:05:03.020+0000] {dag.py:3096} INFO - Sync 1 DAGs
[2024-05-06T20:05:03.034+0000] {logging_mixin.py:188} INFO - [2024-05-06T20:05:03.034+0000] {dag.py:3954} INFO - Setting next_dagrun for user_processing to 2024-05-05 00:00:00+00:00, run_after=2024-05-06 00:00:00+00:00
[2024-05-06T20:05:03.041+0000] {processor.py:183} INFO - Processing /opt/airflow/dags/user_processing.py took 0.054 seconds
[2024-05-06T20:05:33.578+0000] {processor.py:161} INFO - Started process (PID=5003) to work on /opt/airflow/dags/user_processing.py
[2024-05-06T20:05:33.581+0000] {processor.py:830} INFO - Processing file /opt/airflow/dags/user_processing.py for tasks to queue
[2024-05-06T20:05:33.585+0000] {logging_mixin.py:188} INFO - [2024-05-06T20:05:33.584+0000] {dagbag.py:540} INFO - Filling up the DagBag from /opt/airflow/dags/user_processing.py
[2024-05-06T20:05:33.597+0000] {processor.py:840} INFO - DAG(s) 'user_processing' retrieved from /opt/airflow/dags/user_processing.py
[2024-05-06T20:05:33.619+0000] {logging_mixin.py:188} INFO - [2024-05-06T20:05:33.619+0000] {dag.py:3096} INFO - Sync 1 DAGs
[2024-05-06T20:05:33.635+0000] {logging_mixin.py:188} INFO - [2024-05-06T20:05:33.635+0000] {dag.py:3954} INFO - Setting next_dagrun for user_processing to 2024-05-05 00:00:00+00:00, run_after=2024-05-06 00:00:00+00:00
[2024-05-06T20:05:33.644+0000] {processor.py:183} INFO - Processing /opt/airflow/dags/user_processing.py took 0.078 seconds
[2024-05-06T20:06:04.268+0000] {processor.py:161} INFO - Started process (PID=5062) to work on /opt/airflow/dags/user_processing.py
[2024-05-06T20:06:04.271+0000] {processor.py:830} INFO - Processing file /opt/airflow/dags/user_processing.py for tasks to queue
[2024-05-06T20:06:04.273+0000] {logging_mixin.py:188} INFO - [2024-05-06T20:06:04.273+0000] {dagbag.py:540} INFO - Filling up the DagBag from /opt/airflow/dags/user_processing.py
[2024-05-06T20:06:04.282+0000] {processor.py:840} INFO - DAG(s) 'user_processing' retrieved from /opt/airflow/dags/user_processing.py
[2024-05-06T20:06:04.299+0000] {logging_mixin.py:188} INFO - [2024-05-06T20:06:04.299+0000] {dag.py:3096} INFO - Sync 1 DAGs
[2024-05-06T20:06:04.314+0000] {logging_mixin.py:188} INFO - [2024-05-06T20:06:04.314+0000] {dag.py:3954} INFO - Setting next_dagrun for user_processing to 2024-05-05 00:00:00+00:00, run_after=2024-05-06 00:00:00+00:00
[2024-05-06T20:06:04.323+0000] {processor.py:183} INFO - Processing /opt/airflow/dags/user_processing.py took 0.064 seconds
[2024-05-06T20:06:34.913+0000] {processor.py:161} INFO - Started process (PID=5127) to work on /opt/airflow/dags/user_processing.py
[2024-05-06T20:06:34.915+0000] {processor.py:830} INFO - Processing file /opt/airflow/dags/user_processing.py for tasks to queue
[2024-05-06T20:06:34.917+0000] {logging_mixin.py:188} INFO - [2024-05-06T20:06:34.917+0000] {dagbag.py:540} INFO - Filling up the DagBag from /opt/airflow/dags/user_processing.py
[2024-05-06T20:06:34.924+0000] {processor.py:840} INFO - DAG(s) 'user_processing' retrieved from /opt/airflow/dags/user_processing.py
[2024-05-06T20:06:34.939+0000] {logging_mixin.py:188} INFO - [2024-05-06T20:06:34.939+0000] {dag.py:3096} INFO - Sync 1 DAGs
[2024-05-06T20:06:34.952+0000] {logging_mixin.py:188} INFO - [2024-05-06T20:06:34.952+0000] {dag.py:3954} INFO - Setting next_dagrun for user_processing to 2024-05-05 00:00:00+00:00, run_after=2024-05-06 00:00:00+00:00
[2024-05-06T20:06:34.959+0000] {processor.py:183} INFO - Processing /opt/airflow/dags/user_processing.py took 0.053 seconds
[2024-05-06T20:07:05.568+0000] {processor.py:161} INFO - Started process (PID=5185) to work on /opt/airflow/dags/user_processing.py
[2024-05-06T20:07:05.570+0000] {processor.py:830} INFO - Processing file /opt/airflow/dags/user_processing.py for tasks to queue
[2024-05-06T20:07:05.572+0000] {logging_mixin.py:188} INFO - [2024-05-06T20:07:05.572+0000] {dagbag.py:540} INFO - Filling up the DagBag from /opt/airflow/dags/user_processing.py
[2024-05-06T20:07:05.581+0000] {processor.py:840} INFO - DAG(s) 'user_processing' retrieved from /opt/airflow/dags/user_processing.py
[2024-05-06T20:07:05.595+0000] {logging_mixin.py:188} INFO - [2024-05-06T20:07:05.595+0000] {dag.py:3096} INFO - Sync 1 DAGs
[2024-05-06T20:07:05.610+0000] {logging_mixin.py:188} INFO - [2024-05-06T20:07:05.610+0000] {dag.py:3954} INFO - Setting next_dagrun for user_processing to 2024-05-05 00:00:00+00:00, run_after=2024-05-06 00:00:00+00:00
[2024-05-06T20:07:05.619+0000] {processor.py:183} INFO - Processing /opt/airflow/dags/user_processing.py took 0.060 seconds
[2024-05-06T20:07:36.367+0000] {processor.py:161} INFO - Started process (PID=5244) to work on /opt/airflow/dags/user_processing.py
[2024-05-06T20:07:36.368+0000] {processor.py:830} INFO - Processing file /opt/airflow/dags/user_processing.py for tasks to queue
[2024-05-06T20:07:36.371+0000] {logging_mixin.py:188} INFO - [2024-05-06T20:07:36.371+0000] {dagbag.py:540} INFO - Filling up the DagBag from /opt/airflow/dags/user_processing.py
[2024-05-06T20:07:36.380+0000] {processor.py:840} INFO - DAG(s) 'user_processing' retrieved from /opt/airflow/dags/user_processing.py
[2024-05-06T20:07:36.398+0000] {logging_mixin.py:188} INFO - [2024-05-06T20:07:36.398+0000] {dag.py:3096} INFO - Sync 1 DAGs
[2024-05-06T20:07:36.413+0000] {logging_mixin.py:188} INFO - [2024-05-06T20:07:36.413+0000] {dag.py:3954} INFO - Setting next_dagrun for user_processing to 2024-05-05 00:00:00+00:00, run_after=2024-05-06 00:00:00+00:00
[2024-05-06T20:07:36.422+0000] {processor.py:183} INFO - Processing /opt/airflow/dags/user_processing.py took 0.065 seconds
[2024-05-06T20:08:06.680+0000] {processor.py:161} INFO - Started process (PID=5302) to work on /opt/airflow/dags/user_processing.py
[2024-05-06T20:08:06.682+0000] {processor.py:830} INFO - Processing file /opt/airflow/dags/user_processing.py for tasks to queue
[2024-05-06T20:08:06.686+0000] {logging_mixin.py:188} INFO - [2024-05-06T20:08:06.685+0000] {dagbag.py:540} INFO - Filling up the DagBag from /opt/airflow/dags/user_processing.py
[2024-05-06T20:08:06.693+0000] {processor.py:840} INFO - DAG(s) 'user_processing' retrieved from /opt/airflow/dags/user_processing.py
[2024-05-06T20:08:06.713+0000] {logging_mixin.py:188} INFO - [2024-05-06T20:08:06.713+0000] {dag.py:3096} INFO - Sync 1 DAGs
[2024-05-06T20:08:06.729+0000] {logging_mixin.py:188} INFO - [2024-05-06T20:08:06.729+0000] {dag.py:3954} INFO - Setting next_dagrun for user_processing to 2024-05-05 00:00:00+00:00, run_after=2024-05-06 00:00:00+00:00
[2024-05-06T20:08:06.738+0000] {processor.py:183} INFO - Processing /opt/airflow/dags/user_processing.py took 0.067 seconds
[2024-05-06T20:08:36.899+0000] {processor.py:161} INFO - Started process (PID=5361) to work on /opt/airflow/dags/user_processing.py
[2024-05-06T20:08:36.901+0000] {processor.py:830} INFO - Processing file /opt/airflow/dags/user_processing.py for tasks to queue
[2024-05-06T20:08:36.904+0000] {logging_mixin.py:188} INFO - [2024-05-06T20:08:36.904+0000] {dagbag.py:540} INFO - Filling up the DagBag from /opt/airflow/dags/user_processing.py
[2024-05-06T20:08:36.912+0000] {processor.py:840} INFO - DAG(s) 'user_processing' retrieved from /opt/airflow/dags/user_processing.py
[2024-05-06T20:08:36.930+0000] {logging_mixin.py:188} INFO - [2024-05-06T20:08:36.930+0000] {dag.py:3096} INFO - Sync 1 DAGs
[2024-05-06T20:08:36.945+0000] {logging_mixin.py:188} INFO - [2024-05-06T20:08:36.944+0000] {dag.py:3954} INFO - Setting next_dagrun for user_processing to 2024-05-05 00:00:00+00:00, run_after=2024-05-06 00:00:00+00:00
[2024-05-06T20:08:36.953+0000] {processor.py:183} INFO - Processing /opt/airflow/dags/user_processing.py took 0.064 seconds
[2024-05-06T20:09:07.625+0000] {processor.py:161} INFO - Started process (PID=5420) to work on /opt/airflow/dags/user_processing.py
[2024-05-06T20:09:07.627+0000] {processor.py:830} INFO - Processing file /opt/airflow/dags/user_processing.py for tasks to queue
[2024-05-06T20:09:07.630+0000] {logging_mixin.py:188} INFO - [2024-05-06T20:09:07.629+0000] {dagbag.py:540} INFO - Filling up the DagBag from /opt/airflow/dags/user_processing.py
[2024-05-06T20:09:07.638+0000] {processor.py:840} INFO - DAG(s) 'user_processing' retrieved from /opt/airflow/dags/user_processing.py
[2024-05-06T20:09:07.654+0000] {logging_mixin.py:188} INFO - [2024-05-06T20:09:07.654+0000] {dag.py:3096} INFO - Sync 1 DAGs
[2024-05-06T20:09:07.669+0000] {logging_mixin.py:188} INFO - [2024-05-06T20:09:07.669+0000] {dag.py:3954} INFO - Setting next_dagrun for user_processing to 2024-05-05 00:00:00+00:00, run_after=2024-05-06 00:00:00+00:00
[2024-05-06T20:09:07.679+0000] {processor.py:183} INFO - Processing /opt/airflow/dags/user_processing.py took 0.063 seconds
[2024-05-06T20:09:37.728+0000] {processor.py:161} INFO - Started process (PID=5479) to work on /opt/airflow/dags/user_processing.py
[2024-05-06T20:09:37.729+0000] {processor.py:830} INFO - Processing file /opt/airflow/dags/user_processing.py for tasks to queue
[2024-05-06T20:09:37.732+0000] {logging_mixin.py:188} INFO - [2024-05-06T20:09:37.731+0000] {dagbag.py:540} INFO - Filling up the DagBag from /opt/airflow/dags/user_processing.py
[2024-05-06T20:09:37.739+0000] {processor.py:840} INFO - DAG(s) 'user_processing' retrieved from /opt/airflow/dags/user_processing.py
[2024-05-06T20:09:37.755+0000] {logging_mixin.py:188} INFO - [2024-05-06T20:09:37.755+0000] {dag.py:3096} INFO - Sync 1 DAGs
[2024-05-06T20:09:37.769+0000] {logging_mixin.py:188} INFO - [2024-05-06T20:09:37.769+0000] {dag.py:3954} INFO - Setting next_dagrun for user_processing to 2024-05-05 00:00:00+00:00, run_after=2024-05-06 00:00:00+00:00
[2024-05-06T20:09:37.778+0000] {processor.py:183} INFO - Processing /opt/airflow/dags/user_processing.py took 0.057 seconds
[2024-05-06T20:10:08.056+0000] {processor.py:161} INFO - Started process (PID=5538) to work on /opt/airflow/dags/user_processing.py
[2024-05-06T20:10:08.058+0000] {processor.py:830} INFO - Processing file /opt/airflow/dags/user_processing.py for tasks to queue
[2024-05-06T20:10:08.061+0000] {logging_mixin.py:188} INFO - [2024-05-06T20:10:08.060+0000] {dagbag.py:540} INFO - Filling up the DagBag from /opt/airflow/dags/user_processing.py
[2024-05-06T20:10:08.069+0000] {processor.py:840} INFO - DAG(s) 'user_processing' retrieved from /opt/airflow/dags/user_processing.py
[2024-05-06T20:10:08.085+0000] {logging_mixin.py:188} INFO - [2024-05-06T20:10:08.085+0000] {dag.py:3096} INFO - Sync 1 DAGs
[2024-05-06T20:10:08.097+0000] {logging_mixin.py:188} INFO - [2024-05-06T20:10:08.097+0000] {dag.py:3954} INFO - Setting next_dagrun for user_processing to 2024-05-05 00:00:00+00:00, run_after=2024-05-06 00:00:00+00:00
[2024-05-06T20:10:08.105+0000] {processor.py:183} INFO - Processing /opt/airflow/dags/user_processing.py took 0.057 seconds
[2024-05-06T20:10:38.232+0000] {processor.py:161} INFO - Started process (PID=5597) to work on /opt/airflow/dags/user_processing.py
[2024-05-06T20:10:38.233+0000] {processor.py:830} INFO - Processing file /opt/airflow/dags/user_processing.py for tasks to queue
[2024-05-06T20:10:38.234+0000] {logging_mixin.py:188} INFO - [2024-05-06T20:10:38.234+0000] {dagbag.py:540} INFO - Filling up the DagBag from /opt/airflow/dags/user_processing.py
[2024-05-06T20:10:38.238+0000] {processor.py:840} INFO - DAG(s) 'user_processing' retrieved from /opt/airflow/dags/user_processing.py
[2024-05-06T20:10:38.247+0000] {logging_mixin.py:188} INFO - [2024-05-06T20:10:38.247+0000] {dag.py:3096} INFO - Sync 1 DAGs
[2024-05-06T20:10:38.257+0000] {logging_mixin.py:188} INFO - [2024-05-06T20:10:38.257+0000] {dag.py:3954} INFO - Setting next_dagrun for user_processing to 2024-05-05 00:00:00+00:00, run_after=2024-05-06 00:00:00+00:00
[2024-05-06T20:10:38.265+0000] {processor.py:183} INFO - Processing /opt/airflow/dags/user_processing.py took 0.035 seconds
[2024-05-06T20:11:08.300+0000] {processor.py:161} INFO - Started process (PID=5656) to work on /opt/airflow/dags/user_processing.py
[2024-05-06T20:11:08.301+0000] {processor.py:830} INFO - Processing file /opt/airflow/dags/user_processing.py for tasks to queue
[2024-05-06T20:11:08.304+0000] {logging_mixin.py:188} INFO - [2024-05-06T20:11:08.303+0000] {dagbag.py:540} INFO - Filling up the DagBag from /opt/airflow/dags/user_processing.py
[2024-05-06T20:11:08.313+0000] {processor.py:840} INFO - DAG(s) 'user_processing' retrieved from /opt/airflow/dags/user_processing.py
[2024-05-06T20:11:08.332+0000] {logging_mixin.py:188} INFO - [2024-05-06T20:11:08.331+0000] {dag.py:3096} INFO - Sync 1 DAGs
[2024-05-06T20:11:08.345+0000] {logging_mixin.py:188} INFO - [2024-05-06T20:11:08.345+0000] {dag.py:3954} INFO - Setting next_dagrun for user_processing to 2024-05-05 00:00:00+00:00, run_after=2024-05-06 00:00:00+00:00
[2024-05-06T20:11:08.354+0000] {processor.py:183} INFO - Processing /opt/airflow/dags/user_processing.py took 0.065 seconds
[2024-05-06T20:12:18.146+0000] {processor.py:161} INFO - Started process (PID=29) to work on /opt/airflow/dags/user_processing.py
[2024-05-06T20:12:18.147+0000] {processor.py:830} INFO - Processing file /opt/airflow/dags/user_processing.py for tasks to queue
[2024-05-06T20:12:18.148+0000] {logging_mixin.py:188} INFO - [2024-05-06T20:12:18.148+0000] {dagbag.py:540} INFO - Filling up the DagBag from /opt/airflow/dags/user_processing.py
[2024-05-06T20:12:18.160+0000] {processor.py:840} INFO - DAG(s) 'user_processing' retrieved from /opt/airflow/dags/user_processing.py
[2024-05-06T20:12:18.271+0000] {logging_mixin.py:188} INFO - [2024-05-06T20:12:18.271+0000] {dag.py:3096} INFO - Sync 1 DAGs
[2024-05-06T20:12:18.281+0000] {logging_mixin.py:188} INFO - [2024-05-06T20:12:18.281+0000] {dag.py:3954} INFO - Setting next_dagrun for user_processing to 2024-05-05 00:00:00+00:00, run_after=2024-05-06 00:00:00+00:00
[2024-05-06T20:12:18.292+0000] {processor.py:183} INFO - Processing /opt/airflow/dags/user_processing.py took 0.150 seconds
[2024-05-06T20:12:48.452+0000] {processor.py:161} INFO - Started process (PID=36) to work on /opt/airflow/dags/user_processing.py
[2024-05-06T20:12:48.453+0000] {processor.py:830} INFO - Processing file /opt/airflow/dags/user_processing.py for tasks to queue
[2024-05-06T20:12:48.457+0000] {logging_mixin.py:188} INFO - [2024-05-06T20:12:48.456+0000] {dagbag.py:540} INFO - Filling up the DagBag from /opt/airflow/dags/user_processing.py
[2024-05-06T20:12:48.475+0000] {processor.py:840} INFO - DAG(s) 'user_processing' retrieved from /opt/airflow/dags/user_processing.py
[2024-05-06T20:12:48.492+0000] {logging_mixin.py:188} INFO - [2024-05-06T20:12:48.491+0000] {dag.py:3096} INFO - Sync 1 DAGs
[2024-05-06T20:12:48.506+0000] {logging_mixin.py:188} INFO - [2024-05-06T20:12:48.506+0000] {dag.py:3954} INFO - Setting next_dagrun for user_processing to 2024-05-05 00:00:00+00:00, run_after=2024-05-06 00:00:00+00:00
[2024-05-06T20:12:48.514+0000] {processor.py:183} INFO - Processing /opt/airflow/dags/user_processing.py took 0.073 seconds
[2024-05-06T20:13:18.747+0000] {processor.py:161} INFO - Started process (PID=43) to work on /opt/airflow/dags/user_processing.py
[2024-05-06T20:13:18.748+0000] {processor.py:830} INFO - Processing file /opt/airflow/dags/user_processing.py for tasks to queue
[2024-05-06T20:13:18.752+0000] {logging_mixin.py:188} INFO - [2024-05-06T20:13:18.751+0000] {dagbag.py:540} INFO - Filling up the DagBag from /opt/airflow/dags/user_processing.py
[2024-05-06T20:13:18.768+0000] {processor.py:840} INFO - DAG(s) 'user_processing' retrieved from /opt/airflow/dags/user_processing.py
[2024-05-06T20:13:18.783+0000] {logging_mixin.py:188} INFO - [2024-05-06T20:13:18.783+0000] {dag.py:3096} INFO - Sync 1 DAGs
[2024-05-06T20:13:18.797+0000] {logging_mixin.py:188} INFO - [2024-05-06T20:13:18.797+0000] {dag.py:3954} INFO - Setting next_dagrun for user_processing to 2024-05-05 00:00:00+00:00, run_after=2024-05-06 00:00:00+00:00
[2024-05-06T20:13:18.805+0000] {processor.py:183} INFO - Processing /opt/airflow/dags/user_processing.py took 0.067 seconds
