[2024-05-06T20:01:44.124+0000] {processor.py:161} INFO - Started process (PID=4545) to work on /home/airflow/.local/lib/python3.12/site-packages/airflow/example_dags/example_branch_operator.py
[2024-05-06T20:01:44.124+0000] {processor.py:830} INFO - Processing file /home/airflow/.local/lib/python3.12/site-packages/airflow/example_dags/example_branch_operator.py for tasks to queue
[2024-05-06T20:01:44.126+0000] {logging_mixin.py:188} INFO - [2024-05-06T20:01:44.125+0000] {dagbag.py:540} INFO - Filling up the DagBag from /home/airflow/.local/lib/python3.12/site-packages/airflow/example_dags/example_branch_operator.py
[2024-05-06T20:01:44.135+0000] {processor.py:840} INFO - DAG(s) 'example_branch_operator' retrieved from /home/airflow/.local/lib/python3.12/site-packages/airflow/example_dags/example_branch_operator.py
[2024-05-06T20:01:44.151+0000] {logging_mixin.py:188} INFO - [2024-05-06T20:01:44.151+0000] {dag.py:3096} INFO - Sync 1 DAGs
[2024-05-06T20:01:44.163+0000] {logging_mixin.py:188} INFO - [2024-05-06T20:01:44.163+0000] {dag.py:3954} INFO - Setting next_dagrun for example_branch_operator to 2024-05-05 00:00:00+00:00, run_after=2024-05-06 00:00:00+00:00
[2024-05-06T20:01:44.173+0000] {processor.py:183} INFO - Processing /home/airflow/.local/lib/python3.12/site-packages/airflow/example_dags/example_branch_operator.py took 0.054 seconds
[2024-05-06T20:02:15.129+0000] {processor.py:161} INFO - Started process (PID=4603) to work on /home/airflow/.local/lib/python3.12/site-packages/airflow/example_dags/example_branch_operator.py
[2024-05-06T20:02:15.129+0000] {processor.py:830} INFO - Processing file /home/airflow/.local/lib/python3.12/site-packages/airflow/example_dags/example_branch_operator.py for tasks to queue
[2024-05-06T20:02:15.130+0000] {logging_mixin.py:188} INFO - [2024-05-06T20:02:15.130+0000] {dagbag.py:540} INFO - Filling up the DagBag from /home/airflow/.local/lib/python3.12/site-packages/airflow/example_dags/example_branch_operator.py
[2024-05-06T20:02:15.138+0000] {processor.py:840} INFO - DAG(s) 'example_branch_operator' retrieved from /home/airflow/.local/lib/python3.12/site-packages/airflow/example_dags/example_branch_operator.py
[2024-05-06T20:02:15.152+0000] {logging_mixin.py:188} INFO - [2024-05-06T20:02:15.152+0000] {dag.py:3096} INFO - Sync 1 DAGs
[2024-05-06T20:02:15.166+0000] {logging_mixin.py:188} INFO - [2024-05-06T20:02:15.166+0000] {dag.py:3954} INFO - Setting next_dagrun for example_branch_operator to 2024-05-05 00:00:00+00:00, run_after=2024-05-06 00:00:00+00:00
[2024-05-06T20:02:15.178+0000] {processor.py:183} INFO - Processing /home/airflow/.local/lib/python3.12/site-packages/airflow/example_dags/example_branch_operator.py took 0.052 seconds
[2024-05-06T20:02:46.176+0000] {processor.py:161} INFO - Started process (PID=4662) to work on /home/airflow/.local/lib/python3.12/site-packages/airflow/example_dags/example_branch_operator.py
[2024-05-06T20:02:46.176+0000] {processor.py:830} INFO - Processing file /home/airflow/.local/lib/python3.12/site-packages/airflow/example_dags/example_branch_operator.py for tasks to queue
[2024-05-06T20:02:46.178+0000] {logging_mixin.py:188} INFO - [2024-05-06T20:02:46.177+0000] {dagbag.py:540} INFO - Filling up the DagBag from /home/airflow/.local/lib/python3.12/site-packages/airflow/example_dags/example_branch_operator.py
[2024-05-06T20:02:46.186+0000] {processor.py:840} INFO - DAG(s) 'example_branch_operator' retrieved from /home/airflow/.local/lib/python3.12/site-packages/airflow/example_dags/example_branch_operator.py
[2024-05-06T20:02:46.201+0000] {logging_mixin.py:188} INFO - [2024-05-06T20:02:46.201+0000] {dag.py:3096} INFO - Sync 1 DAGs
[2024-05-06T20:02:46.213+0000] {logging_mixin.py:188} INFO - [2024-05-06T20:02:46.213+0000] {dag.py:3954} INFO - Setting next_dagrun for example_branch_operator to 2024-05-05 00:00:00+00:00, run_after=2024-05-06 00:00:00+00:00
[2024-05-06T20:02:46.224+0000] {processor.py:183} INFO - Processing /home/airflow/.local/lib/python3.12/site-packages/airflow/example_dags/example_branch_operator.py took 0.051 seconds
[2024-05-06T20:03:17.113+0000] {processor.py:161} INFO - Started process (PID=4721) to work on /home/airflow/.local/lib/python3.12/site-packages/airflow/example_dags/example_branch_operator.py
[2024-05-06T20:03:17.114+0000] {processor.py:830} INFO - Processing file /home/airflow/.local/lib/python3.12/site-packages/airflow/example_dags/example_branch_operator.py for tasks to queue
[2024-05-06T20:03:17.115+0000] {logging_mixin.py:188} INFO - [2024-05-06T20:03:17.115+0000] {dagbag.py:540} INFO - Filling up the DagBag from /home/airflow/.local/lib/python3.12/site-packages/airflow/example_dags/example_branch_operator.py
[2024-05-06T20:03:17.124+0000] {processor.py:840} INFO - DAG(s) 'example_branch_operator' retrieved from /home/airflow/.local/lib/python3.12/site-packages/airflow/example_dags/example_branch_operator.py
[2024-05-06T20:03:17.137+0000] {logging_mixin.py:188} INFO - [2024-05-06T20:03:17.137+0000] {dag.py:3096} INFO - Sync 1 DAGs
[2024-05-06T20:03:17.148+0000] {logging_mixin.py:188} INFO - [2024-05-06T20:03:17.148+0000] {dag.py:3954} INFO - Setting next_dagrun for example_branch_operator to 2024-05-05 00:00:00+00:00, run_after=2024-05-06 00:00:00+00:00
[2024-05-06T20:03:17.156+0000] {processor.py:183} INFO - Processing /home/airflow/.local/lib/python3.12/site-packages/airflow/example_dags/example_branch_operator.py took 0.046 seconds
[2024-05-06T20:03:47.895+0000] {processor.py:161} INFO - Started process (PID=4779) to work on /home/airflow/.local/lib/python3.12/site-packages/airflow/example_dags/example_branch_operator.py
[2024-05-06T20:03:47.895+0000] {processor.py:830} INFO - Processing file /home/airflow/.local/lib/python3.12/site-packages/airflow/example_dags/example_branch_operator.py for tasks to queue
[2024-05-06T20:03:47.896+0000] {logging_mixin.py:188} INFO - [2024-05-06T20:03:47.896+0000] {dagbag.py:540} INFO - Filling up the DagBag from /home/airflow/.local/lib/python3.12/site-packages/airflow/example_dags/example_branch_operator.py
[2024-05-06T20:03:47.903+0000] {processor.py:840} INFO - DAG(s) 'example_branch_operator' retrieved from /home/airflow/.local/lib/python3.12/site-packages/airflow/example_dags/example_branch_operator.py
[2024-05-06T20:03:47.916+0000] {logging_mixin.py:188} INFO - [2024-05-06T20:03:47.916+0000] {dag.py:3096} INFO - Sync 1 DAGs
[2024-05-06T20:03:47.926+0000] {logging_mixin.py:188} INFO - [2024-05-06T20:03:47.925+0000] {dag.py:3954} INFO - Setting next_dagrun for example_branch_operator to 2024-05-05 00:00:00+00:00, run_after=2024-05-06 00:00:00+00:00
[2024-05-06T20:03:47.933+0000] {processor.py:183} INFO - Processing /home/airflow/.local/lib/python3.12/site-packages/airflow/example_dags/example_branch_operator.py took 0.041 seconds
[2024-05-06T20:04:18.007+0000] {processor.py:161} INFO - Started process (PID=4837) to work on /home/airflow/.local/lib/python3.12/site-packages/airflow/example_dags/example_branch_operator.py
[2024-05-06T20:04:18.007+0000] {processor.py:830} INFO - Processing file /home/airflow/.local/lib/python3.12/site-packages/airflow/example_dags/example_branch_operator.py for tasks to queue
[2024-05-06T20:04:18.008+0000] {logging_mixin.py:188} INFO - [2024-05-06T20:04:18.008+0000] {dagbag.py:540} INFO - Filling up the DagBag from /home/airflow/.local/lib/python3.12/site-packages/airflow/example_dags/example_branch_operator.py
[2024-05-06T20:04:18.017+0000] {processor.py:840} INFO - DAG(s) 'example_branch_operator' retrieved from /home/airflow/.local/lib/python3.12/site-packages/airflow/example_dags/example_branch_operator.py
[2024-05-06T20:04:18.032+0000] {logging_mixin.py:188} INFO - [2024-05-06T20:04:18.032+0000] {dag.py:3096} INFO - Sync 1 DAGs
[2024-05-06T20:04:18.043+0000] {logging_mixin.py:188} INFO - [2024-05-06T20:04:18.043+0000] {dag.py:3954} INFO - Setting next_dagrun for example_branch_operator to 2024-05-05 00:00:00+00:00, run_after=2024-05-06 00:00:00+00:00
[2024-05-06T20:04:18.051+0000] {processor.py:183} INFO - Processing /home/airflow/.local/lib/python3.12/site-packages/airflow/example_dags/example_branch_operator.py took 0.048 seconds
[2024-05-06T20:04:48.228+0000] {processor.py:161} INFO - Started process (PID=4896) to work on /home/airflow/.local/lib/python3.12/site-packages/airflow/example_dags/example_branch_operator.py
[2024-05-06T20:04:48.229+0000] {processor.py:830} INFO - Processing file /home/airflow/.local/lib/python3.12/site-packages/airflow/example_dags/example_branch_operator.py for tasks to queue
[2024-05-06T20:04:48.230+0000] {logging_mixin.py:188} INFO - [2024-05-06T20:04:48.230+0000] {dagbag.py:540} INFO - Filling up the DagBag from /home/airflow/.local/lib/python3.12/site-packages/airflow/example_dags/example_branch_operator.py
[2024-05-06T20:04:48.237+0000] {processor.py:840} INFO - DAG(s) 'example_branch_operator' retrieved from /home/airflow/.local/lib/python3.12/site-packages/airflow/example_dags/example_branch_operator.py
[2024-05-06T20:04:48.249+0000] {logging_mixin.py:188} INFO - [2024-05-06T20:04:48.249+0000] {dag.py:3096} INFO - Sync 1 DAGs
[2024-05-06T20:04:48.259+0000] {logging_mixin.py:188} INFO - [2024-05-06T20:04:48.259+0000] {dag.py:3954} INFO - Setting next_dagrun for example_branch_operator to 2024-05-05 00:00:00+00:00, run_after=2024-05-06 00:00:00+00:00
[2024-05-06T20:04:48.271+0000] {processor.py:183} INFO - Processing /home/airflow/.local/lib/python3.12/site-packages/airflow/example_dags/example_branch_operator.py took 0.046 seconds
[2024-05-06T20:05:19.259+0000] {processor.py:161} INFO - Started process (PID=4955) to work on /home/airflow/.local/lib/python3.12/site-packages/airflow/example_dags/example_branch_operator.py
[2024-05-06T20:05:19.260+0000] {processor.py:830} INFO - Processing file /home/airflow/.local/lib/python3.12/site-packages/airflow/example_dags/example_branch_operator.py for tasks to queue
[2024-05-06T20:05:19.261+0000] {logging_mixin.py:188} INFO - [2024-05-06T20:05:19.261+0000] {dagbag.py:540} INFO - Filling up the DagBag from /home/airflow/.local/lib/python3.12/site-packages/airflow/example_dags/example_branch_operator.py
[2024-05-06T20:05:19.270+0000] {processor.py:840} INFO - DAG(s) 'example_branch_operator' retrieved from /home/airflow/.local/lib/python3.12/site-packages/airflow/example_dags/example_branch_operator.py
[2024-05-06T20:05:19.284+0000] {logging_mixin.py:188} INFO - [2024-05-06T20:05:19.284+0000] {dag.py:3096} INFO - Sync 1 DAGs
[2024-05-06T20:05:19.297+0000] {logging_mixin.py:188} INFO - [2024-05-06T20:05:19.297+0000] {dag.py:3954} INFO - Setting next_dagrun for example_branch_operator to 2024-05-05 00:00:00+00:00, run_after=2024-05-06 00:00:00+00:00
[2024-05-06T20:05:19.306+0000] {processor.py:183} INFO - Processing /home/airflow/.local/lib/python3.12/site-packages/airflow/example_dags/example_branch_operator.py took 0.050 seconds
[2024-05-06T20:05:49.833+0000] {processor.py:161} INFO - Started process (PID=5014) to work on /home/airflow/.local/lib/python3.12/site-packages/airflow/example_dags/example_branch_operator.py
[2024-05-06T20:05:49.834+0000] {processor.py:830} INFO - Processing file /home/airflow/.local/lib/python3.12/site-packages/airflow/example_dags/example_branch_operator.py for tasks to queue
[2024-05-06T20:05:49.835+0000] {logging_mixin.py:188} INFO - [2024-05-06T20:05:49.835+0000] {dagbag.py:540} INFO - Filling up the DagBag from /home/airflow/.local/lib/python3.12/site-packages/airflow/example_dags/example_branch_operator.py
[2024-05-06T20:05:49.844+0000] {processor.py:840} INFO - DAG(s) 'example_branch_operator' retrieved from /home/airflow/.local/lib/python3.12/site-packages/airflow/example_dags/example_branch_operator.py
[2024-05-06T20:05:49.857+0000] {logging_mixin.py:188} INFO - [2024-05-06T20:05:49.857+0000] {dag.py:3096} INFO - Sync 1 DAGs
[2024-05-06T20:05:49.869+0000] {logging_mixin.py:188} INFO - [2024-05-06T20:05:49.869+0000] {dag.py:3954} INFO - Setting next_dagrun for example_branch_operator to 2024-05-05 00:00:00+00:00, run_after=2024-05-06 00:00:00+00:00
[2024-05-06T20:05:49.877+0000] {processor.py:183} INFO - Processing /home/airflow/.local/lib/python3.12/site-packages/airflow/example_dags/example_branch_operator.py took 0.047 seconds
[2024-05-06T20:06:20.566+0000] {processor.py:161} INFO - Started process (PID=5073) to work on /home/airflow/.local/lib/python3.12/site-packages/airflow/example_dags/example_branch_operator.py
[2024-05-06T20:06:20.567+0000] {processor.py:830} INFO - Processing file /home/airflow/.local/lib/python3.12/site-packages/airflow/example_dags/example_branch_operator.py for tasks to queue
[2024-05-06T20:06:20.568+0000] {logging_mixin.py:188} INFO - [2024-05-06T20:06:20.568+0000] {dagbag.py:540} INFO - Filling up the DagBag from /home/airflow/.local/lib/python3.12/site-packages/airflow/example_dags/example_branch_operator.py
[2024-05-06T20:06:20.576+0000] {processor.py:840} INFO - DAG(s) 'example_branch_operator' retrieved from /home/airflow/.local/lib/python3.12/site-packages/airflow/example_dags/example_branch_operator.py
[2024-05-06T20:06:20.589+0000] {logging_mixin.py:188} INFO - [2024-05-06T20:06:20.589+0000] {dag.py:3096} INFO - Sync 1 DAGs
[2024-05-06T20:06:20.599+0000] {logging_mixin.py:188} INFO - [2024-05-06T20:06:20.599+0000] {dag.py:3954} INFO - Setting next_dagrun for example_branch_operator to 2024-05-05 00:00:00+00:00, run_after=2024-05-06 00:00:00+00:00
[2024-05-06T20:06:20.611+0000] {processor.py:183} INFO - Processing /home/airflow/.local/lib/python3.12/site-packages/airflow/example_dags/example_branch_operator.py took 0.048 seconds
[2024-05-06T20:06:51.188+0000] {processor.py:161} INFO - Started process (PID=5132) to work on /home/airflow/.local/lib/python3.12/site-packages/airflow/example_dags/example_branch_operator.py
[2024-05-06T20:06:51.188+0000] {processor.py:830} INFO - Processing file /home/airflow/.local/lib/python3.12/site-packages/airflow/example_dags/example_branch_operator.py for tasks to queue
[2024-05-06T20:06:51.190+0000] {logging_mixin.py:188} INFO - [2024-05-06T20:06:51.190+0000] {dagbag.py:540} INFO - Filling up the DagBag from /home/airflow/.local/lib/python3.12/site-packages/airflow/example_dags/example_branch_operator.py
[2024-05-06T20:06:51.198+0000] {processor.py:840} INFO - DAG(s) 'example_branch_operator' retrieved from /home/airflow/.local/lib/python3.12/site-packages/airflow/example_dags/example_branch_operator.py
[2024-05-06T20:06:51.211+0000] {logging_mixin.py:188} INFO - [2024-05-06T20:06:51.211+0000] {dag.py:3096} INFO - Sync 1 DAGs
[2024-05-06T20:06:51.221+0000] {logging_mixin.py:188} INFO - [2024-05-06T20:06:51.221+0000] {dag.py:3954} INFO - Setting next_dagrun for example_branch_operator to 2024-05-05 00:00:00+00:00, run_after=2024-05-06 00:00:00+00:00
[2024-05-06T20:06:51.229+0000] {processor.py:183} INFO - Processing /home/airflow/.local/lib/python3.12/site-packages/airflow/example_dags/example_branch_operator.py took 0.044 seconds
[2024-05-06T20:07:21.886+0000] {processor.py:161} INFO - Started process (PID=5190) to work on /home/airflow/.local/lib/python3.12/site-packages/airflow/example_dags/example_branch_operator.py
[2024-05-06T20:07:21.887+0000] {processor.py:830} INFO - Processing file /home/airflow/.local/lib/python3.12/site-packages/airflow/example_dags/example_branch_operator.py for tasks to queue
[2024-05-06T20:07:21.888+0000] {logging_mixin.py:188} INFO - [2024-05-06T20:07:21.888+0000] {dagbag.py:540} INFO - Filling up the DagBag from /home/airflow/.local/lib/python3.12/site-packages/airflow/example_dags/example_branch_operator.py
[2024-05-06T20:07:21.896+0000] {processor.py:840} INFO - DAG(s) 'example_branch_operator' retrieved from /home/airflow/.local/lib/python3.12/site-packages/airflow/example_dags/example_branch_operator.py
[2024-05-06T20:07:21.909+0000] {logging_mixin.py:188} INFO - [2024-05-06T20:07:21.909+0000] {dag.py:3096} INFO - Sync 1 DAGs
[2024-05-06T20:07:21.920+0000] {logging_mixin.py:188} INFO - [2024-05-06T20:07:21.920+0000] {dag.py:3954} INFO - Setting next_dagrun for example_branch_operator to 2024-05-05 00:00:00+00:00, run_after=2024-05-06 00:00:00+00:00
[2024-05-06T20:07:21.928+0000] {processor.py:183} INFO - Processing /home/airflow/.local/lib/python3.12/site-packages/airflow/example_dags/example_branch_operator.py took 0.046 seconds
[2024-05-06T20:07:52.862+0000] {processor.py:161} INFO - Started process (PID=5249) to work on /home/airflow/.local/lib/python3.12/site-packages/airflow/example_dags/example_branch_operator.py
[2024-05-06T20:07:52.863+0000] {processor.py:830} INFO - Processing file /home/airflow/.local/lib/python3.12/site-packages/airflow/example_dags/example_branch_operator.py for tasks to queue
[2024-05-06T20:07:52.864+0000] {logging_mixin.py:188} INFO - [2024-05-06T20:07:52.864+0000] {dagbag.py:540} INFO - Filling up the DagBag from /home/airflow/.local/lib/python3.12/site-packages/airflow/example_dags/example_branch_operator.py
[2024-05-06T20:07:52.872+0000] {processor.py:840} INFO - DAG(s) 'example_branch_operator' retrieved from /home/airflow/.local/lib/python3.12/site-packages/airflow/example_dags/example_branch_operator.py
[2024-05-06T20:07:52.884+0000] {logging_mixin.py:188} INFO - [2024-05-06T20:07:52.884+0000] {dag.py:3096} INFO - Sync 1 DAGs
[2024-05-06T20:07:52.894+0000] {logging_mixin.py:188} INFO - [2024-05-06T20:07:52.894+0000] {dag.py:3954} INFO - Setting next_dagrun for example_branch_operator to 2024-05-05 00:00:00+00:00, run_after=2024-05-06 00:00:00+00:00
[2024-05-06T20:07:52.902+0000] {processor.py:183} INFO - Processing /home/airflow/.local/lib/python3.12/site-packages/airflow/example_dags/example_branch_operator.py took 0.043 seconds
[2024-05-06T20:08:23.136+0000] {processor.py:161} INFO - Started process (PID=5307) to work on /home/airflow/.local/lib/python3.12/site-packages/airflow/example_dags/example_branch_operator.py
[2024-05-06T20:08:23.137+0000] {processor.py:830} INFO - Processing file /home/airflow/.local/lib/python3.12/site-packages/airflow/example_dags/example_branch_operator.py for tasks to queue
[2024-05-06T20:08:23.138+0000] {logging_mixin.py:188} INFO - [2024-05-06T20:08:23.138+0000] {dagbag.py:540} INFO - Filling up the DagBag from /home/airflow/.local/lib/python3.12/site-packages/airflow/example_dags/example_branch_operator.py
[2024-05-06T20:08:23.146+0000] {processor.py:840} INFO - DAG(s) 'example_branch_operator' retrieved from /home/airflow/.local/lib/python3.12/site-packages/airflow/example_dags/example_branch_operator.py
[2024-05-06T20:08:23.158+0000] {logging_mixin.py:188} INFO - [2024-05-06T20:08:23.158+0000] {dag.py:3096} INFO - Sync 1 DAGs
[2024-05-06T20:08:23.169+0000] {logging_mixin.py:188} INFO - [2024-05-06T20:08:23.169+0000] {dag.py:3954} INFO - Setting next_dagrun for example_branch_operator to 2024-05-05 00:00:00+00:00, run_after=2024-05-06 00:00:00+00:00
[2024-05-06T20:08:23.176+0000] {processor.py:183} INFO - Processing /home/airflow/.local/lib/python3.12/site-packages/airflow/example_dags/example_branch_operator.py took 0.044 seconds
[2024-05-06T20:08:53.232+0000] {processor.py:161} INFO - Started process (PID=5366) to work on /home/airflow/.local/lib/python3.12/site-packages/airflow/example_dags/example_branch_operator.py
[2024-05-06T20:08:53.232+0000] {processor.py:830} INFO - Processing file /home/airflow/.local/lib/python3.12/site-packages/airflow/example_dags/example_branch_operator.py for tasks to queue
[2024-05-06T20:08:53.233+0000] {logging_mixin.py:188} INFO - [2024-05-06T20:08:53.233+0000] {dagbag.py:540} INFO - Filling up the DagBag from /home/airflow/.local/lib/python3.12/site-packages/airflow/example_dags/example_branch_operator.py
[2024-05-06T20:08:53.241+0000] {processor.py:840} INFO - DAG(s) 'example_branch_operator' retrieved from /home/airflow/.local/lib/python3.12/site-packages/airflow/example_dags/example_branch_operator.py
[2024-05-06T20:08:53.255+0000] {logging_mixin.py:188} INFO - [2024-05-06T20:08:53.255+0000] {dag.py:3096} INFO - Sync 1 DAGs
[2024-05-06T20:08:53.265+0000] {logging_mixin.py:188} INFO - [2024-05-06T20:08:53.265+0000] {dag.py:3954} INFO - Setting next_dagrun for example_branch_operator to 2024-05-05 00:00:00+00:00, run_after=2024-05-06 00:00:00+00:00
[2024-05-06T20:08:53.274+0000] {processor.py:183} INFO - Processing /home/airflow/.local/lib/python3.12/site-packages/airflow/example_dags/example_branch_operator.py took 0.046 seconds
[2024-05-06T20:09:24.028+0000] {processor.py:161} INFO - Started process (PID=5425) to work on /home/airflow/.local/lib/python3.12/site-packages/airflow/example_dags/example_branch_operator.py
[2024-05-06T20:09:24.029+0000] {processor.py:830} INFO - Processing file /home/airflow/.local/lib/python3.12/site-packages/airflow/example_dags/example_branch_operator.py for tasks to queue
[2024-05-06T20:09:24.030+0000] {logging_mixin.py:188} INFO - [2024-05-06T20:09:24.030+0000] {dagbag.py:540} INFO - Filling up the DagBag from /home/airflow/.local/lib/python3.12/site-packages/airflow/example_dags/example_branch_operator.py
[2024-05-06T20:09:24.039+0000] {processor.py:840} INFO - DAG(s) 'example_branch_operator' retrieved from /home/airflow/.local/lib/python3.12/site-packages/airflow/example_dags/example_branch_operator.py
[2024-05-06T20:09:24.052+0000] {logging_mixin.py:188} INFO - [2024-05-06T20:09:24.052+0000] {dag.py:3096} INFO - Sync 1 DAGs
[2024-05-06T20:09:24.062+0000] {logging_mixin.py:188} INFO - [2024-05-06T20:09:24.062+0000] {dag.py:3954} INFO - Setting next_dagrun for example_branch_operator to 2024-05-05 00:00:00+00:00, run_after=2024-05-06 00:00:00+00:00
[2024-05-06T20:09:24.071+0000] {processor.py:183} INFO - Processing /home/airflow/.local/lib/python3.12/site-packages/airflow/example_dags/example_branch_operator.py took 0.045 seconds
[2024-05-06T20:09:55.228+0000] {processor.py:161} INFO - Started process (PID=5484) to work on /home/airflow/.local/lib/python3.12/site-packages/airflow/example_dags/example_branch_operator.py
[2024-05-06T20:09:55.229+0000] {processor.py:830} INFO - Processing file /home/airflow/.local/lib/python3.12/site-packages/airflow/example_dags/example_branch_operator.py for tasks to queue
[2024-05-06T20:09:55.230+0000] {logging_mixin.py:188} INFO - [2024-05-06T20:09:55.230+0000] {dagbag.py:540} INFO - Filling up the DagBag from /home/airflow/.local/lib/python3.12/site-packages/airflow/example_dags/example_branch_operator.py
[2024-05-06T20:09:55.238+0000] {processor.py:840} INFO - DAG(s) 'example_branch_operator' retrieved from /home/airflow/.local/lib/python3.12/site-packages/airflow/example_dags/example_branch_operator.py
[2024-05-06T20:09:55.253+0000] {logging_mixin.py:188} INFO - [2024-05-06T20:09:55.253+0000] {dag.py:3096} INFO - Sync 1 DAGs
[2024-05-06T20:09:55.266+0000] {logging_mixin.py:188} INFO - [2024-05-06T20:09:55.266+0000] {dag.py:3954} INFO - Setting next_dagrun for example_branch_operator to 2024-05-05 00:00:00+00:00, run_after=2024-05-06 00:00:00+00:00
[2024-05-06T20:09:55.279+0000] {processor.py:183} INFO - Processing /home/airflow/.local/lib/python3.12/site-packages/airflow/example_dags/example_branch_operator.py took 0.054 seconds
[2024-05-06T20:10:25.354+0000] {processor.py:161} INFO - Started process (PID=5543) to work on /home/airflow/.local/lib/python3.12/site-packages/airflow/example_dags/example_branch_operator.py
[2024-05-06T20:10:25.354+0000] {processor.py:830} INFO - Processing file /home/airflow/.local/lib/python3.12/site-packages/airflow/example_dags/example_branch_operator.py for tasks to queue
[2024-05-06T20:10:25.356+0000] {logging_mixin.py:188} INFO - [2024-05-06T20:10:25.355+0000] {dagbag.py:540} INFO - Filling up the DagBag from /home/airflow/.local/lib/python3.12/site-packages/airflow/example_dags/example_branch_operator.py
[2024-05-06T20:10:25.365+0000] {processor.py:840} INFO - DAG(s) 'example_branch_operator' retrieved from /home/airflow/.local/lib/python3.12/site-packages/airflow/example_dags/example_branch_operator.py
[2024-05-06T20:10:25.383+0000] {logging_mixin.py:188} INFO - [2024-05-06T20:10:25.383+0000] {dag.py:3096} INFO - Sync 1 DAGs
[2024-05-06T20:10:25.396+0000] {logging_mixin.py:188} INFO - [2024-05-06T20:10:25.396+0000] {dag.py:3954} INFO - Setting next_dagrun for example_branch_operator to 2024-05-05 00:00:00+00:00, run_after=2024-05-06 00:00:00+00:00
[2024-05-06T20:10:25.407+0000] {processor.py:183} INFO - Processing /home/airflow/.local/lib/python3.12/site-packages/airflow/example_dags/example_branch_operator.py took 0.057 seconds
[2024-05-06T20:10:55.553+0000] {processor.py:161} INFO - Started process (PID=5602) to work on /home/airflow/.local/lib/python3.12/site-packages/airflow/example_dags/example_branch_operator.py
[2024-05-06T20:10:55.554+0000] {processor.py:830} INFO - Processing file /home/airflow/.local/lib/python3.12/site-packages/airflow/example_dags/example_branch_operator.py for tasks to queue
[2024-05-06T20:10:55.555+0000] {logging_mixin.py:188} INFO - [2024-05-06T20:10:55.555+0000] {dagbag.py:540} INFO - Filling up the DagBag from /home/airflow/.local/lib/python3.12/site-packages/airflow/example_dags/example_branch_operator.py
[2024-05-06T20:10:55.563+0000] {processor.py:840} INFO - DAG(s) 'example_branch_operator' retrieved from /home/airflow/.local/lib/python3.12/site-packages/airflow/example_dags/example_branch_operator.py
[2024-05-06T20:10:55.578+0000] {logging_mixin.py:188} INFO - [2024-05-06T20:10:55.578+0000] {dag.py:3096} INFO - Sync 1 DAGs
[2024-05-06T20:10:55.589+0000] {logging_mixin.py:188} INFO - [2024-05-06T20:10:55.588+0000] {dag.py:3954} INFO - Setting next_dagrun for example_branch_operator to 2024-05-05 00:00:00+00:00, run_after=2024-05-06 00:00:00+00:00
[2024-05-06T20:10:55.597+0000] {processor.py:183} INFO - Processing /home/airflow/.local/lib/python3.12/site-packages/airflow/example_dags/example_branch_operator.py took 0.047 seconds
