[2024-05-06T17:59:10.413+0000] {processor.py:161} INFO - Started process (PID=75) to work on /home/airflow/.local/lib/python3.12/site-packages/airflow/example_dags/example_xcomargs.py
[2024-05-06T17:59:10.413+0000] {processor.py:830} INFO - Processing file /home/airflow/.local/lib/python3.12/site-packages/airflow/example_dags/example_xcomargs.py for tasks to queue
[2024-05-06T17:59:10.414+0000] {logging_mixin.py:188} INFO - [2024-05-06T17:59:10.414+0000] {dagbag.py:540} INFO - Filling up the DagBag from /home/airflow/.local/lib/python3.12/site-packages/airflow/example_dags/example_xcomargs.py
[2024-05-06T17:59:10.420+0000] {processor.py:840} INFO - DAG(s) 'example_xcom_args', 'example_xcom_args_with_operators' retrieved from /home/airflow/.local/lib/python3.12/site-packages/airflow/example_dags/example_xcomargs.py
[2024-05-06T17:59:10.466+0000] {logging_mixin.py:188} INFO - [2024-05-06T17:59:10.466+0000] {override.py:1829} INFO - Created Permission View: can delete on DAG:example_xcom_args
[2024-05-06T17:59:10.470+0000] {logging_mixin.py:188} INFO - [2024-05-06T17:59:10.470+0000] {override.py:1829} INFO - Created Permission View: can edit on DAG:example_xcom_args
[2024-05-06T17:59:10.473+0000] {logging_mixin.py:188} INFO - [2024-05-06T17:59:10.473+0000] {override.py:1829} INFO - Created Permission View: can read on DAG:example_xcom_args
[2024-05-06T17:59:10.478+0000] {logging_mixin.py:188} INFO - [2024-05-06T17:59:10.478+0000] {override.py:1829} INFO - Created Permission View: can delete on DAG:example_xcom_args_with_operators
[2024-05-06T17:59:10.481+0000] {logging_mixin.py:188} INFO - [2024-05-06T17:59:10.481+0000] {override.py:1829} INFO - Created Permission View: can edit on DAG:example_xcom_args_with_operators
[2024-05-06T17:59:10.484+0000] {logging_mixin.py:188} INFO - [2024-05-06T17:59:10.484+0000] {override.py:1829} INFO - Created Permission View: can read on DAG:example_xcom_args_with_operators
[2024-05-06T17:59:10.485+0000] {logging_mixin.py:188} INFO - [2024-05-06T17:59:10.485+0000] {dag.py:3096} INFO - Sync 2 DAGs
[2024-05-06T17:59:10.491+0000] {logging_mixin.py:188} INFO - [2024-05-06T17:59:10.490+0000] {dag.py:3118} INFO - Creating ORM DAG for example_xcom_args_with_operators
[2024-05-06T17:59:10.491+0000] {logging_mixin.py:188} INFO - [2024-05-06T17:59:10.491+0000] {dag.py:3118} INFO - Creating ORM DAG for example_xcom_args
[2024-05-06T17:59:10.491+0000] {logging_mixin.py:188} INFO - [2024-05-06T17:59:10.491+0000] {dag.py:3954} INFO - Setting next_dagrun for example_xcom_args to None, run_after=None
[2024-05-06T17:59:10.492+0000] {logging_mixin.py:188} INFO - [2024-05-06T17:59:10.492+0000] {dag.py:3954} INFO - Setting next_dagrun for example_xcom_args_with_operators to None, run_after=None
[2024-05-06T17:59:10.500+0000] {processor.py:183} INFO - Processing /home/airflow/.local/lib/python3.12/site-packages/airflow/example_dags/example_xcomargs.py took 0.091 seconds
[2024-05-06T17:59:40.845+0000] {processor.py:161} INFO - Started process (PID=132) to work on /home/airflow/.local/lib/python3.12/site-packages/airflow/example_dags/example_xcomargs.py
[2024-05-06T17:59:40.846+0000] {processor.py:830} INFO - Processing file /home/airflow/.local/lib/python3.12/site-packages/airflow/example_dags/example_xcomargs.py for tasks to queue
[2024-05-06T17:59:40.847+0000] {logging_mixin.py:188} INFO - [2024-05-06T17:59:40.847+0000] {dagbag.py:540} INFO - Filling up the DagBag from /home/airflow/.local/lib/python3.12/site-packages/airflow/example_dags/example_xcomargs.py
[2024-05-06T17:59:40.851+0000] {processor.py:840} INFO - DAG(s) 'example_xcom_args_with_operators', 'example_xcom_args' retrieved from /home/airflow/.local/lib/python3.12/site-packages/airflow/example_dags/example_xcomargs.py
[2024-05-06T17:59:40.862+0000] {logging_mixin.py:188} INFO - [2024-05-06T17:59:40.862+0000] {dag.py:3096} INFO - Sync 2 DAGs
[2024-05-06T17:59:40.868+0000] {logging_mixin.py:188} INFO - [2024-05-06T17:59:40.867+0000] {dag.py:3954} INFO - Setting next_dagrun for example_xcom_args to None, run_after=None
[2024-05-06T17:59:40.869+0000] {logging_mixin.py:188} INFO - [2024-05-06T17:59:40.869+0000] {dag.py:3954} INFO - Setting next_dagrun for example_xcom_args_with_operators to None, run_after=None
[2024-05-06T17:59:40.877+0000] {processor.py:183} INFO - Processing /home/airflow/.local/lib/python3.12/site-packages/airflow/example_dags/example_xcomargs.py took 0.034 seconds
[2024-05-06T18:00:11.521+0000] {processor.py:161} INFO - Started process (PID=190) to work on /home/airflow/.local/lib/python3.12/site-packages/airflow/example_dags/example_xcomargs.py
[2024-05-06T18:00:11.521+0000] {processor.py:830} INFO - Processing file /home/airflow/.local/lib/python3.12/site-packages/airflow/example_dags/example_xcomargs.py for tasks to queue
[2024-05-06T18:00:11.522+0000] {logging_mixin.py:188} INFO - [2024-05-06T18:00:11.522+0000] {dagbag.py:540} INFO - Filling up the DagBag from /home/airflow/.local/lib/python3.12/site-packages/airflow/example_dags/example_xcomargs.py
[2024-05-06T18:00:11.526+0000] {processor.py:840} INFO - DAG(s) 'example_xcom_args_with_operators', 'example_xcom_args' retrieved from /home/airflow/.local/lib/python3.12/site-packages/airflow/example_dags/example_xcomargs.py
[2024-05-06T18:00:11.538+0000] {logging_mixin.py:188} INFO - [2024-05-06T18:00:11.537+0000] {dag.py:3096} INFO - Sync 2 DAGs
[2024-05-06T18:00:11.544+0000] {logging_mixin.py:188} INFO - [2024-05-06T18:00:11.544+0000] {dag.py:3954} INFO - Setting next_dagrun for example_xcom_args to None, run_after=None
[2024-05-06T18:00:11.546+0000] {logging_mixin.py:188} INFO - [2024-05-06T18:00:11.546+0000] {dag.py:3954} INFO - Setting next_dagrun for example_xcom_args_with_operators to None, run_after=None
[2024-05-06T18:00:11.553+0000] {processor.py:183} INFO - Processing /home/airflow/.local/lib/python3.12/site-packages/airflow/example_dags/example_xcomargs.py took 0.035 seconds
[2024-05-06T18:00:42.056+0000] {processor.py:161} INFO - Started process (PID=248) to work on /home/airflow/.local/lib/python3.12/site-packages/airflow/example_dags/example_xcomargs.py
[2024-05-06T18:00:42.057+0000] {processor.py:830} INFO - Processing file /home/airflow/.local/lib/python3.12/site-packages/airflow/example_dags/example_xcomargs.py for tasks to queue
[2024-05-06T18:00:42.057+0000] {logging_mixin.py:188} INFO - [2024-05-06T18:00:42.057+0000] {dagbag.py:540} INFO - Filling up the DagBag from /home/airflow/.local/lib/python3.12/site-packages/airflow/example_dags/example_xcomargs.py
[2024-05-06T18:00:42.062+0000] {processor.py:840} INFO - DAG(s) 'example_xcom_args_with_operators', 'example_xcom_args' retrieved from /home/airflow/.local/lib/python3.12/site-packages/airflow/example_dags/example_xcomargs.py
[2024-05-06T18:00:42.072+0000] {logging_mixin.py:188} INFO - [2024-05-06T18:00:42.072+0000] {dag.py:3096} INFO - Sync 2 DAGs
[2024-05-06T18:00:42.079+0000] {logging_mixin.py:188} INFO - [2024-05-06T18:00:42.079+0000] {dag.py:3954} INFO - Setting next_dagrun for example_xcom_args to None, run_after=None
[2024-05-06T18:00:42.081+0000] {logging_mixin.py:188} INFO - [2024-05-06T18:00:42.081+0000] {dag.py:3954} INFO - Setting next_dagrun for example_xcom_args_with_operators to None, run_after=None
[2024-05-06T18:00:42.088+0000] {processor.py:183} INFO - Processing /home/airflow/.local/lib/python3.12/site-packages/airflow/example_dags/example_xcomargs.py took 0.035 seconds
[2024-05-06T18:01:12.653+0000] {processor.py:161} INFO - Started process (PID=306) to work on /home/airflow/.local/lib/python3.12/site-packages/airflow/example_dags/example_xcomargs.py
[2024-05-06T18:01:12.653+0000] {processor.py:830} INFO - Processing file /home/airflow/.local/lib/python3.12/site-packages/airflow/example_dags/example_xcomargs.py for tasks to queue
[2024-05-06T18:01:12.655+0000] {logging_mixin.py:188} INFO - [2024-05-06T18:01:12.654+0000] {dagbag.py:540} INFO - Filling up the DagBag from /home/airflow/.local/lib/python3.12/site-packages/airflow/example_dags/example_xcomargs.py
[2024-05-06T18:01:12.659+0000] {processor.py:840} INFO - DAG(s) 'example_xcom_args', 'example_xcom_args_with_operators' retrieved from /home/airflow/.local/lib/python3.12/site-packages/airflow/example_dags/example_xcomargs.py
[2024-05-06T18:01:12.669+0000] {logging_mixin.py:188} INFO - [2024-05-06T18:01:12.669+0000] {dag.py:3096} INFO - Sync 2 DAGs
[2024-05-06T18:01:12.675+0000] {logging_mixin.py:188} INFO - [2024-05-06T18:01:12.675+0000] {dag.py:3954} INFO - Setting next_dagrun for example_xcom_args to None, run_after=None
[2024-05-06T18:01:12.678+0000] {logging_mixin.py:188} INFO - [2024-05-06T18:01:12.678+0000] {dag.py:3954} INFO - Setting next_dagrun for example_xcom_args_with_operators to None, run_after=None
[2024-05-06T18:01:12.686+0000] {processor.py:183} INFO - Processing /home/airflow/.local/lib/python3.12/site-packages/airflow/example_dags/example_xcomargs.py took 0.036 seconds
[2024-05-06T18:01:43.295+0000] {processor.py:161} INFO - Started process (PID=364) to work on /home/airflow/.local/lib/python3.12/site-packages/airflow/example_dags/example_xcomargs.py
[2024-05-06T18:01:43.296+0000] {processor.py:830} INFO - Processing file /home/airflow/.local/lib/python3.12/site-packages/airflow/example_dags/example_xcomargs.py for tasks to queue
[2024-05-06T18:01:43.298+0000] {logging_mixin.py:188} INFO - [2024-05-06T18:01:43.298+0000] {dagbag.py:540} INFO - Filling up the DagBag from /home/airflow/.local/lib/python3.12/site-packages/airflow/example_dags/example_xcomargs.py
[2024-05-06T18:01:43.302+0000] {processor.py:840} INFO - DAG(s) 'example_xcom_args', 'example_xcom_args_with_operators' retrieved from /home/airflow/.local/lib/python3.12/site-packages/airflow/example_dags/example_xcomargs.py
[2024-05-06T18:01:43.314+0000] {logging_mixin.py:188} INFO - [2024-05-06T18:01:43.313+0000] {dag.py:3096} INFO - Sync 2 DAGs
[2024-05-06T18:01:43.320+0000] {logging_mixin.py:188} INFO - [2024-05-06T18:01:43.320+0000] {dag.py:3954} INFO - Setting next_dagrun for example_xcom_args to None, run_after=None
[2024-05-06T18:01:43.322+0000] {logging_mixin.py:188} INFO - [2024-05-06T18:01:43.321+0000] {dag.py:3954} INFO - Setting next_dagrun for example_xcom_args_with_operators to None, run_after=None
[2024-05-06T18:01:43.329+0000] {processor.py:183} INFO - Processing /home/airflow/.local/lib/python3.12/site-packages/airflow/example_dags/example_xcomargs.py took 0.037 seconds
[2024-05-06T18:02:13.935+0000] {processor.py:161} INFO - Started process (PID=422) to work on /home/airflow/.local/lib/python3.12/site-packages/airflow/example_dags/example_xcomargs.py
[2024-05-06T18:02:13.936+0000] {processor.py:830} INFO - Processing file /home/airflow/.local/lib/python3.12/site-packages/airflow/example_dags/example_xcomargs.py for tasks to queue
[2024-05-06T18:02:13.937+0000] {logging_mixin.py:188} INFO - [2024-05-06T18:02:13.937+0000] {dagbag.py:540} INFO - Filling up the DagBag from /home/airflow/.local/lib/python3.12/site-packages/airflow/example_dags/example_xcomargs.py
[2024-05-06T18:02:13.941+0000] {processor.py:840} INFO - DAG(s) 'example_xcom_args', 'example_xcom_args_with_operators' retrieved from /home/airflow/.local/lib/python3.12/site-packages/airflow/example_dags/example_xcomargs.py
[2024-05-06T18:02:13.952+0000] {logging_mixin.py:188} INFO - [2024-05-06T18:02:13.952+0000] {dag.py:3096} INFO - Sync 2 DAGs
[2024-05-06T18:02:13.959+0000] {logging_mixin.py:188} INFO - [2024-05-06T18:02:13.958+0000] {dag.py:3954} INFO - Setting next_dagrun for example_xcom_args to None, run_after=None
[2024-05-06T18:02:13.961+0000] {logging_mixin.py:188} INFO - [2024-05-06T18:02:13.960+0000] {dag.py:3954} INFO - Setting next_dagrun for example_xcom_args_with_operators to None, run_after=None
[2024-05-06T18:02:13.968+0000] {processor.py:183} INFO - Processing /home/airflow/.local/lib/python3.12/site-packages/airflow/example_dags/example_xcomargs.py took 0.035 seconds
[2024-05-06T18:02:44.548+0000] {processor.py:161} INFO - Started process (PID=480) to work on /home/airflow/.local/lib/python3.12/site-packages/airflow/example_dags/example_xcomargs.py
[2024-05-06T18:02:44.548+0000] {processor.py:830} INFO - Processing file /home/airflow/.local/lib/python3.12/site-packages/airflow/example_dags/example_xcomargs.py for tasks to queue
[2024-05-06T18:02:44.550+0000] {logging_mixin.py:188} INFO - [2024-05-06T18:02:44.549+0000] {dagbag.py:540} INFO - Filling up the DagBag from /home/airflow/.local/lib/python3.12/site-packages/airflow/example_dags/example_xcomargs.py
[2024-05-06T18:02:44.554+0000] {processor.py:840} INFO - DAG(s) 'example_xcom_args', 'example_xcom_args_with_operators' retrieved from /home/airflow/.local/lib/python3.12/site-packages/airflow/example_dags/example_xcomargs.py
[2024-05-06T18:02:44.565+0000] {logging_mixin.py:188} INFO - [2024-05-06T18:02:44.565+0000] {dag.py:3096} INFO - Sync 2 DAGs
[2024-05-06T18:02:44.571+0000] {logging_mixin.py:188} INFO - [2024-05-06T18:02:44.571+0000] {dag.py:3954} INFO - Setting next_dagrun for example_xcom_args to None, run_after=None
[2024-05-06T18:02:44.573+0000] {logging_mixin.py:188} INFO - [2024-05-06T18:02:44.573+0000] {dag.py:3954} INFO - Setting next_dagrun for example_xcom_args_with_operators to None, run_after=None
[2024-05-06T18:02:44.581+0000] {processor.py:183} INFO - Processing /home/airflow/.local/lib/python3.12/site-packages/airflow/example_dags/example_xcomargs.py took 0.036 seconds
[2024-05-06T18:03:15.085+0000] {processor.py:161} INFO - Started process (PID=538) to work on /home/airflow/.local/lib/python3.12/site-packages/airflow/example_dags/example_xcomargs.py
[2024-05-06T18:03:15.086+0000] {processor.py:830} INFO - Processing file /home/airflow/.local/lib/python3.12/site-packages/airflow/example_dags/example_xcomargs.py for tasks to queue
[2024-05-06T18:03:15.087+0000] {logging_mixin.py:188} INFO - [2024-05-06T18:03:15.086+0000] {dagbag.py:540} INFO - Filling up the DagBag from /home/airflow/.local/lib/python3.12/site-packages/airflow/example_dags/example_xcomargs.py
[2024-05-06T18:03:15.091+0000] {processor.py:840} INFO - DAG(s) 'example_xcom_args_with_operators', 'example_xcom_args' retrieved from /home/airflow/.local/lib/python3.12/site-packages/airflow/example_dags/example_xcomargs.py
[2024-05-06T18:03:15.101+0000] {logging_mixin.py:188} INFO - [2024-05-06T18:03:15.101+0000] {dag.py:3096} INFO - Sync 2 DAGs
[2024-05-06T18:03:15.107+0000] {logging_mixin.py:188} INFO - [2024-05-06T18:03:15.107+0000] {dag.py:3954} INFO - Setting next_dagrun for example_xcom_args to None, run_after=None
[2024-05-06T18:03:15.109+0000] {logging_mixin.py:188} INFO - [2024-05-06T18:03:15.109+0000] {dag.py:3954} INFO - Setting next_dagrun for example_xcom_args_with_operators to None, run_after=None
[2024-05-06T18:03:15.116+0000] {processor.py:183} INFO - Processing /home/airflow/.local/lib/python3.12/site-packages/airflow/example_dags/example_xcomargs.py took 0.033 seconds
[2024-05-06T18:03:45.682+0000] {processor.py:161} INFO - Started process (PID=596) to work on /home/airflow/.local/lib/python3.12/site-packages/airflow/example_dags/example_xcomargs.py
[2024-05-06T18:03:45.682+0000] {processor.py:830} INFO - Processing file /home/airflow/.local/lib/python3.12/site-packages/airflow/example_dags/example_xcomargs.py for tasks to queue
[2024-05-06T18:03:45.683+0000] {logging_mixin.py:188} INFO - [2024-05-06T18:03:45.683+0000] {dagbag.py:540} INFO - Filling up the DagBag from /home/airflow/.local/lib/python3.12/site-packages/airflow/example_dags/example_xcomargs.py
[2024-05-06T18:03:45.687+0000] {processor.py:840} INFO - DAG(s) 'example_xcom_args', 'example_xcom_args_with_operators' retrieved from /home/airflow/.local/lib/python3.12/site-packages/airflow/example_dags/example_xcomargs.py
[2024-05-06T18:03:45.699+0000] {logging_mixin.py:188} INFO - [2024-05-06T18:03:45.699+0000] {dag.py:3096} INFO - Sync 2 DAGs
[2024-05-06T18:03:45.705+0000] {logging_mixin.py:188} INFO - [2024-05-06T18:03:45.705+0000] {dag.py:3954} INFO - Setting next_dagrun for example_xcom_args to None, run_after=None
[2024-05-06T18:03:45.707+0000] {logging_mixin.py:188} INFO - [2024-05-06T18:03:45.707+0000] {dag.py:3954} INFO - Setting next_dagrun for example_xcom_args_with_operators to None, run_after=None
[2024-05-06T18:03:45.714+0000] {processor.py:183} INFO - Processing /home/airflow/.local/lib/python3.12/site-packages/airflow/example_dags/example_xcomargs.py took 0.035 seconds
[2024-05-06T18:04:16.351+0000] {processor.py:161} INFO - Started process (PID=654) to work on /home/airflow/.local/lib/python3.12/site-packages/airflow/example_dags/example_xcomargs.py
[2024-05-06T18:04:16.351+0000] {processor.py:830} INFO - Processing file /home/airflow/.local/lib/python3.12/site-packages/airflow/example_dags/example_xcomargs.py for tasks to queue
[2024-05-06T18:04:16.352+0000] {logging_mixin.py:188} INFO - [2024-05-06T18:04:16.352+0000] {dagbag.py:540} INFO - Filling up the DagBag from /home/airflow/.local/lib/python3.12/site-packages/airflow/example_dags/example_xcomargs.py
[2024-05-06T18:04:16.356+0000] {processor.py:840} INFO - DAG(s) 'example_xcom_args', 'example_xcom_args_with_operators' retrieved from /home/airflow/.local/lib/python3.12/site-packages/airflow/example_dags/example_xcomargs.py
[2024-05-06T18:04:16.367+0000] {logging_mixin.py:188} INFO - [2024-05-06T18:04:16.367+0000] {dag.py:3096} INFO - Sync 2 DAGs
[2024-05-06T18:04:16.373+0000] {logging_mixin.py:188} INFO - [2024-05-06T18:04:16.373+0000] {dag.py:3954} INFO - Setting next_dagrun for example_xcom_args to None, run_after=None
[2024-05-06T18:04:16.375+0000] {logging_mixin.py:188} INFO - [2024-05-06T18:04:16.375+0000] {dag.py:3954} INFO - Setting next_dagrun for example_xcom_args_with_operators to None, run_after=None
[2024-05-06T18:04:16.383+0000] {processor.py:183} INFO - Processing /home/airflow/.local/lib/python3.12/site-packages/airflow/example_dags/example_xcomargs.py took 0.035 seconds
[2024-05-06T18:04:46.933+0000] {processor.py:161} INFO - Started process (PID=712) to work on /home/airflow/.local/lib/python3.12/site-packages/airflow/example_dags/example_xcomargs.py
[2024-05-06T18:04:46.934+0000] {processor.py:830} INFO - Processing file /home/airflow/.local/lib/python3.12/site-packages/airflow/example_dags/example_xcomargs.py for tasks to queue
[2024-05-06T18:04:46.935+0000] {logging_mixin.py:188} INFO - [2024-05-06T18:04:46.935+0000] {dagbag.py:540} INFO - Filling up the DagBag from /home/airflow/.local/lib/python3.12/site-packages/airflow/example_dags/example_xcomargs.py
[2024-05-06T18:04:46.939+0000] {processor.py:840} INFO - DAG(s) 'example_xcom_args_with_operators', 'example_xcom_args' retrieved from /home/airflow/.local/lib/python3.12/site-packages/airflow/example_dags/example_xcomargs.py
[2024-05-06T18:04:46.950+0000] {logging_mixin.py:188} INFO - [2024-05-06T18:04:46.950+0000] {dag.py:3096} INFO - Sync 2 DAGs
[2024-05-06T18:04:46.956+0000] {logging_mixin.py:188} INFO - [2024-05-06T18:04:46.956+0000] {dag.py:3954} INFO - Setting next_dagrun for example_xcom_args to None, run_after=None
[2024-05-06T18:04:46.958+0000] {logging_mixin.py:188} INFO - [2024-05-06T18:04:46.958+0000] {dag.py:3954} INFO - Setting next_dagrun for example_xcom_args_with_operators to None, run_after=None
[2024-05-06T18:04:46.966+0000] {processor.py:183} INFO - Processing /home/airflow/.local/lib/python3.12/site-packages/airflow/example_dags/example_xcomargs.py took 0.035 seconds
[2024-05-06T18:05:17.548+0000] {processor.py:161} INFO - Started process (PID=770) to work on /home/airflow/.local/lib/python3.12/site-packages/airflow/example_dags/example_xcomargs.py
[2024-05-06T18:05:17.549+0000] {processor.py:830} INFO - Processing file /home/airflow/.local/lib/python3.12/site-packages/airflow/example_dags/example_xcomargs.py for tasks to queue
[2024-05-06T18:05:17.550+0000] {logging_mixin.py:188} INFO - [2024-05-06T18:05:17.550+0000] {dagbag.py:540} INFO - Filling up the DagBag from /home/airflow/.local/lib/python3.12/site-packages/airflow/example_dags/example_xcomargs.py
[2024-05-06T18:05:17.554+0000] {processor.py:840} INFO - DAG(s) 'example_xcom_args_with_operators', 'example_xcom_args' retrieved from /home/airflow/.local/lib/python3.12/site-packages/airflow/example_dags/example_xcomargs.py
[2024-05-06T18:05:17.566+0000] {logging_mixin.py:188} INFO - [2024-05-06T18:05:17.565+0000] {dag.py:3096} INFO - Sync 2 DAGs
[2024-05-06T18:05:17.572+0000] {logging_mixin.py:188} INFO - [2024-05-06T18:05:17.572+0000] {dag.py:3954} INFO - Setting next_dagrun for example_xcom_args to None, run_after=None
[2024-05-06T18:05:17.574+0000] {logging_mixin.py:188} INFO - [2024-05-06T18:05:17.574+0000] {dag.py:3954} INFO - Setting next_dagrun for example_xcom_args_with_operators to None, run_after=None
[2024-05-06T18:05:17.581+0000] {processor.py:183} INFO - Processing /home/airflow/.local/lib/python3.12/site-packages/airflow/example_dags/example_xcomargs.py took 0.036 seconds
[2024-05-06T18:05:48.276+0000] {processor.py:161} INFO - Started process (PID=828) to work on /home/airflow/.local/lib/python3.12/site-packages/airflow/example_dags/example_xcomargs.py
[2024-05-06T18:05:48.276+0000] {processor.py:830} INFO - Processing file /home/airflow/.local/lib/python3.12/site-packages/airflow/example_dags/example_xcomargs.py for tasks to queue
[2024-05-06T18:05:48.277+0000] {logging_mixin.py:188} INFO - [2024-05-06T18:05:48.277+0000] {dagbag.py:540} INFO - Filling up the DagBag from /home/airflow/.local/lib/python3.12/site-packages/airflow/example_dags/example_xcomargs.py
[2024-05-06T18:05:48.281+0000] {processor.py:840} INFO - DAG(s) 'example_xcom_args_with_operators', 'example_xcom_args' retrieved from /home/airflow/.local/lib/python3.12/site-packages/airflow/example_dags/example_xcomargs.py
[2024-05-06T18:05:48.292+0000] {logging_mixin.py:188} INFO - [2024-05-06T18:05:48.292+0000] {dag.py:3096} INFO - Sync 2 DAGs
[2024-05-06T18:05:48.298+0000] {logging_mixin.py:188} INFO - [2024-05-06T18:05:48.298+0000] {dag.py:3954} INFO - Setting next_dagrun for example_xcom_args to None, run_after=None
[2024-05-06T18:05:48.300+0000] {logging_mixin.py:188} INFO - [2024-05-06T18:05:48.300+0000] {dag.py:3954} INFO - Setting next_dagrun for example_xcom_args_with_operators to None, run_after=None
[2024-05-06T18:05:48.307+0000] {processor.py:183} INFO - Processing /home/airflow/.local/lib/python3.12/site-packages/airflow/example_dags/example_xcomargs.py took 0.035 seconds
[2024-05-06T18:06:18.376+0000] {processor.py:161} INFO - Started process (PID=886) to work on /home/airflow/.local/lib/python3.12/site-packages/airflow/example_dags/example_xcomargs.py
[2024-05-06T18:06:18.377+0000] {processor.py:830} INFO - Processing file /home/airflow/.local/lib/python3.12/site-packages/airflow/example_dags/example_xcomargs.py for tasks to queue
[2024-05-06T18:06:18.378+0000] {logging_mixin.py:188} INFO - [2024-05-06T18:06:18.378+0000] {dagbag.py:540} INFO - Filling up the DagBag from /home/airflow/.local/lib/python3.12/site-packages/airflow/example_dags/example_xcomargs.py
[2024-05-06T18:06:18.382+0000] {processor.py:840} INFO - DAG(s) 'example_xcom_args_with_operators', 'example_xcom_args' retrieved from /home/airflow/.local/lib/python3.12/site-packages/airflow/example_dags/example_xcomargs.py
[2024-05-06T18:06:18.393+0000] {logging_mixin.py:188} INFO - [2024-05-06T18:06:18.393+0000] {dag.py:3096} INFO - Sync 2 DAGs
[2024-05-06T18:06:18.399+0000] {logging_mixin.py:188} INFO - [2024-05-06T18:06:18.399+0000] {dag.py:3954} INFO - Setting next_dagrun for example_xcom_args to None, run_after=None
[2024-05-06T18:06:18.401+0000] {logging_mixin.py:188} INFO - [2024-05-06T18:06:18.401+0000] {dag.py:3954} INFO - Setting next_dagrun for example_xcom_args_with_operators to None, run_after=None
[2024-05-06T18:06:18.408+0000] {processor.py:183} INFO - Processing /home/airflow/.local/lib/python3.12/site-packages/airflow/example_dags/example_xcomargs.py took 0.035 seconds
[2024-05-06T18:08:02.176+0000] {processor.py:161} INFO - Started process (PID=944) to work on /home/airflow/.local/lib/python3.12/site-packages/airflow/example_dags/example_xcomargs.py
[2024-05-06T18:08:02.176+0000] {processor.py:830} INFO - Processing file /home/airflow/.local/lib/python3.12/site-packages/airflow/example_dags/example_xcomargs.py for tasks to queue
[2024-05-06T18:08:02.178+0000] {logging_mixin.py:188} INFO - [2024-05-06T18:08:02.178+0000] {dagbag.py:540} INFO - Filling up the DagBag from /home/airflow/.local/lib/python3.12/site-packages/airflow/example_dags/example_xcomargs.py
[2024-05-06T18:08:02.184+0000] {processor.py:840} INFO - DAG(s) 'example_xcom_args', 'example_xcom_args_with_operators' retrieved from /home/airflow/.local/lib/python3.12/site-packages/airflow/example_dags/example_xcomargs.py
[2024-05-06T18:08:02.201+0000] {logging_mixin.py:188} INFO - [2024-05-06T18:08:02.201+0000] {dag.py:3096} INFO - Sync 2 DAGs
[2024-05-06T18:08:02.343+0000] {logging_mixin.py:188} INFO - [2024-05-06T18:08:02.343+0000] {dag.py:3954} INFO - Setting next_dagrun for example_xcom_args to None, run_after=None
[2024-05-06T18:08:02.345+0000] {logging_mixin.py:188} INFO - [2024-05-06T18:08:02.345+0000] {dag.py:3954} INFO - Setting next_dagrun for example_xcom_args_with_operators to None, run_after=None
[2024-05-06T18:08:02.356+0000] {processor.py:183} INFO - Processing /home/airflow/.local/lib/python3.12/site-packages/airflow/example_dags/example_xcomargs.py took 0.184 seconds
[2024-05-06T18:08:32.390+0000] {processor.py:161} INFO - Started process (PID=1004) to work on /home/airflow/.local/lib/python3.12/site-packages/airflow/example_dags/example_xcomargs.py
[2024-05-06T18:08:32.391+0000] {processor.py:830} INFO - Processing file /home/airflow/.local/lib/python3.12/site-packages/airflow/example_dags/example_xcomargs.py for tasks to queue
[2024-05-06T18:08:32.392+0000] {logging_mixin.py:188} INFO - [2024-05-06T18:08:32.392+0000] {dagbag.py:540} INFO - Filling up the DagBag from /home/airflow/.local/lib/python3.12/site-packages/airflow/example_dags/example_xcomargs.py
[2024-05-06T18:08:32.396+0000] {processor.py:840} INFO - DAG(s) 'example_xcom_args', 'example_xcom_args_with_operators' retrieved from /home/airflow/.local/lib/python3.12/site-packages/airflow/example_dags/example_xcomargs.py
[2024-05-06T18:08:32.406+0000] {logging_mixin.py:188} INFO - [2024-05-06T18:08:32.406+0000] {dag.py:3096} INFO - Sync 2 DAGs
[2024-05-06T18:08:32.412+0000] {logging_mixin.py:188} INFO - [2024-05-06T18:08:32.412+0000] {dag.py:3954} INFO - Setting next_dagrun for example_xcom_args to None, run_after=None
[2024-05-06T18:08:32.413+0000] {logging_mixin.py:188} INFO - [2024-05-06T18:08:32.413+0000] {dag.py:3954} INFO - Setting next_dagrun for example_xcom_args_with_operators to None, run_after=None
[2024-05-06T18:08:32.420+0000] {processor.py:183} INFO - Processing /home/airflow/.local/lib/python3.12/site-packages/airflow/example_dags/example_xcomargs.py took 0.032 seconds
[2024-05-06T18:09:02.443+0000] {processor.py:161} INFO - Started process (PID=1062) to work on /home/airflow/.local/lib/python3.12/site-packages/airflow/example_dags/example_xcomargs.py
[2024-05-06T18:09:02.444+0000] {processor.py:830} INFO - Processing file /home/airflow/.local/lib/python3.12/site-packages/airflow/example_dags/example_xcomargs.py for tasks to queue
[2024-05-06T18:09:02.445+0000] {logging_mixin.py:188} INFO - [2024-05-06T18:09:02.445+0000] {dagbag.py:540} INFO - Filling up the DagBag from /home/airflow/.local/lib/python3.12/site-packages/airflow/example_dags/example_xcomargs.py
[2024-05-06T18:09:02.449+0000] {processor.py:840} INFO - DAG(s) 'example_xcom_args', 'example_xcom_args_with_operators' retrieved from /home/airflow/.local/lib/python3.12/site-packages/airflow/example_dags/example_xcomargs.py
[2024-05-06T18:09:02.459+0000] {logging_mixin.py:188} INFO - [2024-05-06T18:09:02.459+0000] {dag.py:3096} INFO - Sync 2 DAGs
[2024-05-06T18:09:02.464+0000] {logging_mixin.py:188} INFO - [2024-05-06T18:09:02.464+0000] {dag.py:3954} INFO - Setting next_dagrun for example_xcom_args to None, run_after=None
[2024-05-06T18:09:02.466+0000] {logging_mixin.py:188} INFO - [2024-05-06T18:09:02.466+0000] {dag.py:3954} INFO - Setting next_dagrun for example_xcom_args_with_operators to None, run_after=None
[2024-05-06T18:09:02.473+0000] {processor.py:183} INFO - Processing /home/airflow/.local/lib/python3.12/site-packages/airflow/example_dags/example_xcomargs.py took 0.032 seconds
[2024-05-06T18:09:32.995+0000] {processor.py:161} INFO - Started process (PID=1118) to work on /home/airflow/.local/lib/python3.12/site-packages/airflow/example_dags/example_xcomargs.py
[2024-05-06T18:09:32.996+0000] {processor.py:830} INFO - Processing file /home/airflow/.local/lib/python3.12/site-packages/airflow/example_dags/example_xcomargs.py for tasks to queue
[2024-05-06T18:09:32.997+0000] {logging_mixin.py:188} INFO - [2024-05-06T18:09:32.997+0000] {dagbag.py:540} INFO - Filling up the DagBag from /home/airflow/.local/lib/python3.12/site-packages/airflow/example_dags/example_xcomargs.py
[2024-05-06T18:09:33.001+0000] {processor.py:840} INFO - DAG(s) 'example_xcom_args', 'example_xcom_args_with_operators' retrieved from /home/airflow/.local/lib/python3.12/site-packages/airflow/example_dags/example_xcomargs.py
[2024-05-06T18:09:33.012+0000] {logging_mixin.py:188} INFO - [2024-05-06T18:09:33.012+0000] {dag.py:3096} INFO - Sync 2 DAGs
[2024-05-06T18:09:33.019+0000] {logging_mixin.py:188} INFO - [2024-05-06T18:09:33.019+0000] {dag.py:3954} INFO - Setting next_dagrun for example_xcom_args to None, run_after=None
[2024-05-06T18:09:33.021+0000] {logging_mixin.py:188} INFO - [2024-05-06T18:09:33.021+0000] {dag.py:3954} INFO - Setting next_dagrun for example_xcom_args_with_operators to None, run_after=None
[2024-05-06T18:09:33.028+0000] {processor.py:183} INFO - Processing /home/airflow/.local/lib/python3.12/site-packages/airflow/example_dags/example_xcomargs.py took 0.036 seconds
[2024-05-06T18:10:03.611+0000] {processor.py:161} INFO - Started process (PID=1176) to work on /home/airflow/.local/lib/python3.12/site-packages/airflow/example_dags/example_xcomargs.py
[2024-05-06T18:10:03.612+0000] {processor.py:830} INFO - Processing file /home/airflow/.local/lib/python3.12/site-packages/airflow/example_dags/example_xcomargs.py for tasks to queue
[2024-05-06T18:10:03.613+0000] {logging_mixin.py:188} INFO - [2024-05-06T18:10:03.613+0000] {dagbag.py:540} INFO - Filling up the DagBag from /home/airflow/.local/lib/python3.12/site-packages/airflow/example_dags/example_xcomargs.py
[2024-05-06T18:10:03.617+0000] {processor.py:840} INFO - DAG(s) 'example_xcom_args', 'example_xcom_args_with_operators' retrieved from /home/airflow/.local/lib/python3.12/site-packages/airflow/example_dags/example_xcomargs.py
[2024-05-06T18:10:03.629+0000] {logging_mixin.py:188} INFO - [2024-05-06T18:10:03.629+0000] {dag.py:3096} INFO - Sync 2 DAGs
[2024-05-06T18:10:03.635+0000] {logging_mixin.py:188} INFO - [2024-05-06T18:10:03.635+0000] {dag.py:3954} INFO - Setting next_dagrun for example_xcom_args to None, run_after=None
[2024-05-06T18:10:03.637+0000] {logging_mixin.py:188} INFO - [2024-05-06T18:10:03.637+0000] {dag.py:3954} INFO - Setting next_dagrun for example_xcom_args_with_operators to None, run_after=None
[2024-05-06T18:10:03.645+0000] {processor.py:183} INFO - Processing /home/airflow/.local/lib/python3.12/site-packages/airflow/example_dags/example_xcomargs.py took 0.036 seconds
[2024-05-06T18:10:34.241+0000] {processor.py:161} INFO - Started process (PID=1234) to work on /home/airflow/.local/lib/python3.12/site-packages/airflow/example_dags/example_xcomargs.py
[2024-05-06T18:10:34.242+0000] {processor.py:830} INFO - Processing file /home/airflow/.local/lib/python3.12/site-packages/airflow/example_dags/example_xcomargs.py for tasks to queue
[2024-05-06T18:10:34.243+0000] {logging_mixin.py:188} INFO - [2024-05-06T18:10:34.243+0000] {dagbag.py:540} INFO - Filling up the DagBag from /home/airflow/.local/lib/python3.12/site-packages/airflow/example_dags/example_xcomargs.py
[2024-05-06T18:10:34.247+0000] {processor.py:840} INFO - DAG(s) 'example_xcom_args', 'example_xcom_args_with_operators' retrieved from /home/airflow/.local/lib/python3.12/site-packages/airflow/example_dags/example_xcomargs.py
[2024-05-06T18:10:34.259+0000] {logging_mixin.py:188} INFO - [2024-05-06T18:10:34.259+0000] {dag.py:3096} INFO - Sync 2 DAGs
[2024-05-06T18:10:34.265+0000] {logging_mixin.py:188} INFO - [2024-05-06T18:10:34.265+0000] {dag.py:3954} INFO - Setting next_dagrun for example_xcom_args to None, run_after=None
[2024-05-06T18:10:34.267+0000] {logging_mixin.py:188} INFO - [2024-05-06T18:10:34.267+0000] {dag.py:3954} INFO - Setting next_dagrun for example_xcom_args_with_operators to None, run_after=None
[2024-05-06T18:10:34.274+0000] {processor.py:183} INFO - Processing /home/airflow/.local/lib/python3.12/site-packages/airflow/example_dags/example_xcomargs.py took 0.036 seconds
[2024-05-06T18:11:04.778+0000] {processor.py:161} INFO - Started process (PID=1292) to work on /home/airflow/.local/lib/python3.12/site-packages/airflow/example_dags/example_xcomargs.py
[2024-05-06T18:11:04.779+0000] {processor.py:830} INFO - Processing file /home/airflow/.local/lib/python3.12/site-packages/airflow/example_dags/example_xcomargs.py for tasks to queue
[2024-05-06T18:11:04.780+0000] {logging_mixin.py:188} INFO - [2024-05-06T18:11:04.780+0000] {dagbag.py:540} INFO - Filling up the DagBag from /home/airflow/.local/lib/python3.12/site-packages/airflow/example_dags/example_xcomargs.py
[2024-05-06T18:11:04.784+0000] {processor.py:840} INFO - DAG(s) 'example_xcom_args', 'example_xcom_args_with_operators' retrieved from /home/airflow/.local/lib/python3.12/site-packages/airflow/example_dags/example_xcomargs.py
[2024-05-06T18:11:04.795+0000] {logging_mixin.py:188} INFO - [2024-05-06T18:11:04.795+0000] {dag.py:3096} INFO - Sync 2 DAGs
[2024-05-06T18:11:04.801+0000] {logging_mixin.py:188} INFO - [2024-05-06T18:11:04.801+0000] {dag.py:3954} INFO - Setting next_dagrun for example_xcom_args to None, run_after=None
[2024-05-06T18:11:04.803+0000] {logging_mixin.py:188} INFO - [2024-05-06T18:11:04.803+0000] {dag.py:3954} INFO - Setting next_dagrun for example_xcom_args_with_operators to None, run_after=None
[2024-05-06T18:11:04.810+0000] {processor.py:183} INFO - Processing /home/airflow/.local/lib/python3.12/site-packages/airflow/example_dags/example_xcomargs.py took 0.034 seconds
[2024-05-06T18:11:35.411+0000] {processor.py:161} INFO - Started process (PID=1349) to work on /home/airflow/.local/lib/python3.12/site-packages/airflow/example_dags/example_xcomargs.py
[2024-05-06T18:11:35.412+0000] {processor.py:830} INFO - Processing file /home/airflow/.local/lib/python3.12/site-packages/airflow/example_dags/example_xcomargs.py for tasks to queue
[2024-05-06T18:11:35.413+0000] {logging_mixin.py:188} INFO - [2024-05-06T18:11:35.413+0000] {dagbag.py:540} INFO - Filling up the DagBag from /home/airflow/.local/lib/python3.12/site-packages/airflow/example_dags/example_xcomargs.py
[2024-05-06T18:11:35.417+0000] {processor.py:840} INFO - DAG(s) 'example_xcom_args_with_operators', 'example_xcom_args' retrieved from /home/airflow/.local/lib/python3.12/site-packages/airflow/example_dags/example_xcomargs.py
[2024-05-06T18:11:35.428+0000] {logging_mixin.py:188} INFO - [2024-05-06T18:11:35.428+0000] {dag.py:3096} INFO - Sync 2 DAGs
[2024-05-06T18:11:35.434+0000] {logging_mixin.py:188} INFO - [2024-05-06T18:11:35.434+0000] {dag.py:3954} INFO - Setting next_dagrun for example_xcom_args to None, run_after=None
[2024-05-06T18:11:35.438+0000] {logging_mixin.py:188} INFO - [2024-05-06T18:11:35.438+0000] {dag.py:3954} INFO - Setting next_dagrun for example_xcom_args_with_operators to None, run_after=None
[2024-05-06T18:11:35.445+0000] {processor.py:183} INFO - Processing /home/airflow/.local/lib/python3.12/site-packages/airflow/example_dags/example_xcomargs.py took 0.037 seconds
[2024-05-06T18:12:05.985+0000] {processor.py:161} INFO - Started process (PID=1406) to work on /home/airflow/.local/lib/python3.12/site-packages/airflow/example_dags/example_xcomargs.py
[2024-05-06T18:12:05.986+0000] {processor.py:830} INFO - Processing file /home/airflow/.local/lib/python3.12/site-packages/airflow/example_dags/example_xcomargs.py for tasks to queue
[2024-05-06T18:12:05.987+0000] {logging_mixin.py:188} INFO - [2024-05-06T18:12:05.986+0000] {dagbag.py:540} INFO - Filling up the DagBag from /home/airflow/.local/lib/python3.12/site-packages/airflow/example_dags/example_xcomargs.py
[2024-05-06T18:12:05.991+0000] {processor.py:840} INFO - DAG(s) 'example_xcom_args_with_operators', 'example_xcom_args' retrieved from /home/airflow/.local/lib/python3.12/site-packages/airflow/example_dags/example_xcomargs.py
[2024-05-06T18:12:06.002+0000] {logging_mixin.py:188} INFO - [2024-05-06T18:12:06.002+0000] {dag.py:3096} INFO - Sync 2 DAGs
[2024-05-06T18:12:06.008+0000] {logging_mixin.py:188} INFO - [2024-05-06T18:12:06.008+0000] {dag.py:3954} INFO - Setting next_dagrun for example_xcom_args to None, run_after=None
[2024-05-06T18:12:06.010+0000] {logging_mixin.py:188} INFO - [2024-05-06T18:12:06.010+0000] {dag.py:3954} INFO - Setting next_dagrun for example_xcom_args_with_operators to None, run_after=None
[2024-05-06T18:12:06.017+0000] {processor.py:183} INFO - Processing /home/airflow/.local/lib/python3.12/site-packages/airflow/example_dags/example_xcomargs.py took 0.034 seconds
[2024-05-06T18:12:36.573+0000] {processor.py:161} INFO - Started process (PID=1464) to work on /home/airflow/.local/lib/python3.12/site-packages/airflow/example_dags/example_xcomargs.py
[2024-05-06T18:12:36.574+0000] {processor.py:830} INFO - Processing file /home/airflow/.local/lib/python3.12/site-packages/airflow/example_dags/example_xcomargs.py for tasks to queue
[2024-05-06T18:12:36.576+0000] {logging_mixin.py:188} INFO - [2024-05-06T18:12:36.576+0000] {dagbag.py:540} INFO - Filling up the DagBag from /home/airflow/.local/lib/python3.12/site-packages/airflow/example_dags/example_xcomargs.py
[2024-05-06T18:12:36.580+0000] {processor.py:840} INFO - DAG(s) 'example_xcom_args_with_operators', 'example_xcom_args' retrieved from /home/airflow/.local/lib/python3.12/site-packages/airflow/example_dags/example_xcomargs.py
[2024-05-06T18:12:36.592+0000] {logging_mixin.py:188} INFO - [2024-05-06T18:12:36.592+0000] {dag.py:3096} INFO - Sync 2 DAGs
[2024-05-06T18:12:36.598+0000] {logging_mixin.py:188} INFO - [2024-05-06T18:12:36.598+0000] {dag.py:3954} INFO - Setting next_dagrun for example_xcom_args to None, run_after=None
[2024-05-06T18:12:36.600+0000] {logging_mixin.py:188} INFO - [2024-05-06T18:12:36.600+0000] {dag.py:3954} INFO - Setting next_dagrun for example_xcom_args_with_operators to None, run_after=None
[2024-05-06T18:12:36.608+0000] {processor.py:183} INFO - Processing /home/airflow/.local/lib/python3.12/site-packages/airflow/example_dags/example_xcomargs.py took 0.038 seconds
[2024-05-06T18:13:07.175+0000] {processor.py:161} INFO - Started process (PID=1522) to work on /home/airflow/.local/lib/python3.12/site-packages/airflow/example_dags/example_xcomargs.py
[2024-05-06T18:13:07.175+0000] {processor.py:830} INFO - Processing file /home/airflow/.local/lib/python3.12/site-packages/airflow/example_dags/example_xcomargs.py for tasks to queue
[2024-05-06T18:13:07.176+0000] {logging_mixin.py:188} INFO - [2024-05-06T18:13:07.176+0000] {dagbag.py:540} INFO - Filling up the DagBag from /home/airflow/.local/lib/python3.12/site-packages/airflow/example_dags/example_xcomargs.py
[2024-05-06T18:13:07.181+0000] {processor.py:840} INFO - DAG(s) 'example_xcom_args_with_operators', 'example_xcom_args' retrieved from /home/airflow/.local/lib/python3.12/site-packages/airflow/example_dags/example_xcomargs.py
[2024-05-06T18:13:07.192+0000] {logging_mixin.py:188} INFO - [2024-05-06T18:13:07.192+0000] {dag.py:3096} INFO - Sync 2 DAGs
[2024-05-06T18:13:07.198+0000] {logging_mixin.py:188} INFO - [2024-05-06T18:13:07.198+0000] {dag.py:3954} INFO - Setting next_dagrun for example_xcom_args to None, run_after=None
[2024-05-06T18:13:07.200+0000] {logging_mixin.py:188} INFO - [2024-05-06T18:13:07.200+0000] {dag.py:3954} INFO - Setting next_dagrun for example_xcom_args_with_operators to None, run_after=None
[2024-05-06T18:13:07.207+0000] {processor.py:183} INFO - Processing /home/airflow/.local/lib/python3.12/site-packages/airflow/example_dags/example_xcomargs.py took 0.035 seconds
[2024-05-06T18:13:37.747+0000] {processor.py:161} INFO - Started process (PID=1580) to work on /home/airflow/.local/lib/python3.12/site-packages/airflow/example_dags/example_xcomargs.py
[2024-05-06T18:13:37.748+0000] {processor.py:830} INFO - Processing file /home/airflow/.local/lib/python3.12/site-packages/airflow/example_dags/example_xcomargs.py for tasks to queue
[2024-05-06T18:13:37.749+0000] {logging_mixin.py:188} INFO - [2024-05-06T18:13:37.748+0000] {dagbag.py:540} INFO - Filling up the DagBag from /home/airflow/.local/lib/python3.12/site-packages/airflow/example_dags/example_xcomargs.py
[2024-05-06T18:13:37.753+0000] {processor.py:840} INFO - DAG(s) 'example_xcom_args_with_operators', 'example_xcom_args' retrieved from /home/airflow/.local/lib/python3.12/site-packages/airflow/example_dags/example_xcomargs.py
[2024-05-06T18:13:37.764+0000] {logging_mixin.py:188} INFO - [2024-05-06T18:13:37.764+0000] {dag.py:3096} INFO - Sync 2 DAGs
[2024-05-06T18:13:37.770+0000] {logging_mixin.py:188} INFO - [2024-05-06T18:13:37.770+0000] {dag.py:3954} INFO - Setting next_dagrun for example_xcom_args to None, run_after=None
[2024-05-06T18:13:37.772+0000] {logging_mixin.py:188} INFO - [2024-05-06T18:13:37.772+0000] {dag.py:3954} INFO - Setting next_dagrun for example_xcom_args_with_operators to None, run_after=None
[2024-05-06T18:13:37.779+0000] {processor.py:183} INFO - Processing /home/airflow/.local/lib/python3.12/site-packages/airflow/example_dags/example_xcomargs.py took 0.035 seconds
[2024-05-06T18:14:08.344+0000] {processor.py:161} INFO - Started process (PID=1638) to work on /home/airflow/.local/lib/python3.12/site-packages/airflow/example_dags/example_xcomargs.py
[2024-05-06T18:14:08.345+0000] {processor.py:830} INFO - Processing file /home/airflow/.local/lib/python3.12/site-packages/airflow/example_dags/example_xcomargs.py for tasks to queue
[2024-05-06T18:14:08.346+0000] {logging_mixin.py:188} INFO - [2024-05-06T18:14:08.346+0000] {dagbag.py:540} INFO - Filling up the DagBag from /home/airflow/.local/lib/python3.12/site-packages/airflow/example_dags/example_xcomargs.py
[2024-05-06T18:14:08.351+0000] {processor.py:840} INFO - DAG(s) 'example_xcom_args', 'example_xcom_args_with_operators' retrieved from /home/airflow/.local/lib/python3.12/site-packages/airflow/example_dags/example_xcomargs.py
[2024-05-06T18:14:08.362+0000] {logging_mixin.py:188} INFO - [2024-05-06T18:14:08.362+0000] {dag.py:3096} INFO - Sync 2 DAGs
[2024-05-06T18:14:08.367+0000] {logging_mixin.py:188} INFO - [2024-05-06T18:14:08.367+0000] {dag.py:3954} INFO - Setting next_dagrun for example_xcom_args to None, run_after=None
[2024-05-06T18:14:08.369+0000] {logging_mixin.py:188} INFO - [2024-05-06T18:14:08.369+0000] {dag.py:3954} INFO - Setting next_dagrun for example_xcom_args_with_operators to None, run_after=None
[2024-05-06T18:14:08.376+0000] {processor.py:183} INFO - Processing /home/airflow/.local/lib/python3.12/site-packages/airflow/example_dags/example_xcomargs.py took 0.035 seconds
[2024-05-06T18:14:38.871+0000] {processor.py:161} INFO - Started process (PID=1696) to work on /home/airflow/.local/lib/python3.12/site-packages/airflow/example_dags/example_xcomargs.py
[2024-05-06T18:14:38.872+0000] {processor.py:830} INFO - Processing file /home/airflow/.local/lib/python3.12/site-packages/airflow/example_dags/example_xcomargs.py for tasks to queue
[2024-05-06T18:14:38.873+0000] {logging_mixin.py:188} INFO - [2024-05-06T18:14:38.873+0000] {dagbag.py:540} INFO - Filling up the DagBag from /home/airflow/.local/lib/python3.12/site-packages/airflow/example_dags/example_xcomargs.py
[2024-05-06T18:14:38.877+0000] {processor.py:840} INFO - DAG(s) 'example_xcom_args_with_operators', 'example_xcom_args' retrieved from /home/airflow/.local/lib/python3.12/site-packages/airflow/example_dags/example_xcomargs.py
[2024-05-06T18:14:38.888+0000] {logging_mixin.py:188} INFO - [2024-05-06T18:14:38.888+0000] {dag.py:3096} INFO - Sync 2 DAGs
[2024-05-06T18:14:38.894+0000] {logging_mixin.py:188} INFO - [2024-05-06T18:14:38.894+0000] {dag.py:3954} INFO - Setting next_dagrun for example_xcom_args to None, run_after=None
[2024-05-06T18:14:38.896+0000] {logging_mixin.py:188} INFO - [2024-05-06T18:14:38.896+0000] {dag.py:3954} INFO - Setting next_dagrun for example_xcom_args_with_operators to None, run_after=None
[2024-05-06T18:14:38.903+0000] {processor.py:183} INFO - Processing /home/airflow/.local/lib/python3.12/site-packages/airflow/example_dags/example_xcomargs.py took 0.034 seconds
[2024-05-06T18:15:09.512+0000] {processor.py:161} INFO - Started process (PID=1754) to work on /home/airflow/.local/lib/python3.12/site-packages/airflow/example_dags/example_xcomargs.py
[2024-05-06T18:15:09.513+0000] {processor.py:830} INFO - Processing file /home/airflow/.local/lib/python3.12/site-packages/airflow/example_dags/example_xcomargs.py for tasks to queue
[2024-05-06T18:15:09.514+0000] {logging_mixin.py:188} INFO - [2024-05-06T18:15:09.514+0000] {dagbag.py:540} INFO - Filling up the DagBag from /home/airflow/.local/lib/python3.12/site-packages/airflow/example_dags/example_xcomargs.py
[2024-05-06T18:15:09.519+0000] {processor.py:840} INFO - DAG(s) 'example_xcom_args', 'example_xcom_args_with_operators' retrieved from /home/airflow/.local/lib/python3.12/site-packages/airflow/example_dags/example_xcomargs.py
[2024-05-06T18:15:09.530+0000] {logging_mixin.py:188} INFO - [2024-05-06T18:15:09.529+0000] {dag.py:3096} INFO - Sync 2 DAGs
[2024-05-06T18:15:09.535+0000] {logging_mixin.py:188} INFO - [2024-05-06T18:15:09.535+0000] {dag.py:3954} INFO - Setting next_dagrun for example_xcom_args to None, run_after=None
[2024-05-06T18:15:09.537+0000] {logging_mixin.py:188} INFO - [2024-05-06T18:15:09.537+0000] {dag.py:3954} INFO - Setting next_dagrun for example_xcom_args_with_operators to None, run_after=None
[2024-05-06T18:15:09.543+0000] {processor.py:183} INFO - Processing /home/airflow/.local/lib/python3.12/site-packages/airflow/example_dags/example_xcomargs.py took 0.035 seconds
[2024-05-06T18:15:40.090+0000] {processor.py:161} INFO - Started process (PID=1812) to work on /home/airflow/.local/lib/python3.12/site-packages/airflow/example_dags/example_xcomargs.py
[2024-05-06T18:15:40.090+0000] {processor.py:830} INFO - Processing file /home/airflow/.local/lib/python3.12/site-packages/airflow/example_dags/example_xcomargs.py for tasks to queue
[2024-05-06T18:15:40.091+0000] {logging_mixin.py:188} INFO - [2024-05-06T18:15:40.091+0000] {dagbag.py:540} INFO - Filling up the DagBag from /home/airflow/.local/lib/python3.12/site-packages/airflow/example_dags/example_xcomargs.py
[2024-05-06T18:15:40.095+0000] {processor.py:840} INFO - DAG(s) 'example_xcom_args', 'example_xcom_args_with_operators' retrieved from /home/airflow/.local/lib/python3.12/site-packages/airflow/example_dags/example_xcomargs.py
[2024-05-06T18:15:40.107+0000] {logging_mixin.py:188} INFO - [2024-05-06T18:15:40.107+0000] {dag.py:3096} INFO - Sync 2 DAGs
[2024-05-06T18:15:40.113+0000] {logging_mixin.py:188} INFO - [2024-05-06T18:15:40.113+0000] {dag.py:3954} INFO - Setting next_dagrun for example_xcom_args to None, run_after=None
[2024-05-06T18:15:40.115+0000] {logging_mixin.py:188} INFO - [2024-05-06T18:15:40.115+0000] {dag.py:3954} INFO - Setting next_dagrun for example_xcom_args_with_operators to None, run_after=None
[2024-05-06T18:15:40.122+0000] {processor.py:183} INFO - Processing /home/airflow/.local/lib/python3.12/site-packages/airflow/example_dags/example_xcomargs.py took 0.036 seconds
[2024-05-06T18:16:10.663+0000] {processor.py:161} INFO - Started process (PID=1870) to work on /home/airflow/.local/lib/python3.12/site-packages/airflow/example_dags/example_xcomargs.py
[2024-05-06T18:16:10.664+0000] {processor.py:830} INFO - Processing file /home/airflow/.local/lib/python3.12/site-packages/airflow/example_dags/example_xcomargs.py for tasks to queue
[2024-05-06T18:16:10.665+0000] {logging_mixin.py:188} INFO - [2024-05-06T18:16:10.664+0000] {dagbag.py:540} INFO - Filling up the DagBag from /home/airflow/.local/lib/python3.12/site-packages/airflow/example_dags/example_xcomargs.py
[2024-05-06T18:16:10.669+0000] {processor.py:840} INFO - DAG(s) 'example_xcom_args', 'example_xcom_args_with_operators' retrieved from /home/airflow/.local/lib/python3.12/site-packages/airflow/example_dags/example_xcomargs.py
[2024-05-06T18:16:10.680+0000] {logging_mixin.py:188} INFO - [2024-05-06T18:16:10.680+0000] {dag.py:3096} INFO - Sync 2 DAGs
[2024-05-06T18:16:10.686+0000] {logging_mixin.py:188} INFO - [2024-05-06T18:16:10.686+0000] {dag.py:3954} INFO - Setting next_dagrun for example_xcom_args to None, run_after=None
[2024-05-06T18:16:10.688+0000] {logging_mixin.py:188} INFO - [2024-05-06T18:16:10.688+0000] {dag.py:3954} INFO - Setting next_dagrun for example_xcom_args_with_operators to None, run_after=None
[2024-05-06T18:16:10.696+0000] {processor.py:183} INFO - Processing /home/airflow/.local/lib/python3.12/site-packages/airflow/example_dags/example_xcomargs.py took 0.036 seconds
[2024-05-06T18:16:41.209+0000] {processor.py:161} INFO - Started process (PID=1928) to work on /home/airflow/.local/lib/python3.12/site-packages/airflow/example_dags/example_xcomargs.py
[2024-05-06T18:16:41.209+0000] {processor.py:830} INFO - Processing file /home/airflow/.local/lib/python3.12/site-packages/airflow/example_dags/example_xcomargs.py for tasks to queue
[2024-05-06T18:16:41.210+0000] {logging_mixin.py:188} INFO - [2024-05-06T18:16:41.210+0000] {dagbag.py:540} INFO - Filling up the DagBag from /home/airflow/.local/lib/python3.12/site-packages/airflow/example_dags/example_xcomargs.py
[2024-05-06T18:16:41.214+0000] {processor.py:840} INFO - DAG(s) 'example_xcom_args_with_operators', 'example_xcom_args' retrieved from /home/airflow/.local/lib/python3.12/site-packages/airflow/example_dags/example_xcomargs.py
[2024-05-06T18:16:41.225+0000] {logging_mixin.py:188} INFO - [2024-05-06T18:16:41.225+0000] {dag.py:3096} INFO - Sync 2 DAGs
[2024-05-06T18:16:41.231+0000] {logging_mixin.py:188} INFO - [2024-05-06T18:16:41.231+0000] {dag.py:3954} INFO - Setting next_dagrun for example_xcom_args to None, run_after=None
[2024-05-06T18:16:41.233+0000] {logging_mixin.py:188} INFO - [2024-05-06T18:16:41.233+0000] {dag.py:3954} INFO - Setting next_dagrun for example_xcom_args_with_operators to None, run_after=None
[2024-05-06T18:16:41.240+0000] {processor.py:183} INFO - Processing /home/airflow/.local/lib/python3.12/site-packages/airflow/example_dags/example_xcomargs.py took 0.034 seconds
[2024-05-06T18:18:14.758+0000] {processor.py:161} INFO - Started process (PID=1985) to work on /home/airflow/.local/lib/python3.12/site-packages/airflow/example_dags/example_xcomargs.py
[2024-05-06T18:18:14.759+0000] {processor.py:830} INFO - Processing file /home/airflow/.local/lib/python3.12/site-packages/airflow/example_dags/example_xcomargs.py for tasks to queue
[2024-05-06T18:18:14.760+0000] {logging_mixin.py:188} INFO - [2024-05-06T18:18:14.760+0000] {dagbag.py:540} INFO - Filling up the DagBag from /home/airflow/.local/lib/python3.12/site-packages/airflow/example_dags/example_xcomargs.py
[2024-05-06T18:18:14.764+0000] {processor.py:840} INFO - DAG(s) 'example_xcom_args_with_operators', 'example_xcom_args' retrieved from /home/airflow/.local/lib/python3.12/site-packages/airflow/example_dags/example_xcomargs.py
[2024-05-06T18:18:14.775+0000] {logging_mixin.py:188} INFO - [2024-05-06T18:18:14.775+0000] {dag.py:3096} INFO - Sync 2 DAGs
[2024-05-06T18:18:14.781+0000] {logging_mixin.py:188} INFO - [2024-05-06T18:18:14.781+0000] {dag.py:3954} INFO - Setting next_dagrun for example_xcom_args to None, run_after=None
[2024-05-06T18:18:14.783+0000] {logging_mixin.py:188} INFO - [2024-05-06T18:18:14.783+0000] {dag.py:3954} INFO - Setting next_dagrun for example_xcom_args_with_operators to None, run_after=None
[2024-05-06T18:18:14.791+0000] {processor.py:183} INFO - Processing /home/airflow/.local/lib/python3.12/site-packages/airflow/example_dags/example_xcomargs.py took 0.036 seconds
[2024-05-06T18:18:45.268+0000] {processor.py:161} INFO - Started process (PID=2043) to work on /home/airflow/.local/lib/python3.12/site-packages/airflow/example_dags/example_xcomargs.py
[2024-05-06T18:18:45.268+0000] {processor.py:830} INFO - Processing file /home/airflow/.local/lib/python3.12/site-packages/airflow/example_dags/example_xcomargs.py for tasks to queue
[2024-05-06T18:18:45.269+0000] {logging_mixin.py:188} INFO - [2024-05-06T18:18:45.269+0000] {dagbag.py:540} INFO - Filling up the DagBag from /home/airflow/.local/lib/python3.12/site-packages/airflow/example_dags/example_xcomargs.py
[2024-05-06T18:18:45.273+0000] {processor.py:840} INFO - DAG(s) 'example_xcom_args', 'example_xcom_args_with_operators' retrieved from /home/airflow/.local/lib/python3.12/site-packages/airflow/example_dags/example_xcomargs.py
[2024-05-06T18:18:45.284+0000] {logging_mixin.py:188} INFO - [2024-05-06T18:18:45.284+0000] {dag.py:3096} INFO - Sync 2 DAGs
[2024-05-06T18:18:45.291+0000] {logging_mixin.py:188} INFO - [2024-05-06T18:18:45.290+0000] {dag.py:3954} INFO - Setting next_dagrun for example_xcom_args to None, run_after=None
[2024-05-06T18:18:45.293+0000] {logging_mixin.py:188} INFO - [2024-05-06T18:18:45.292+0000] {dag.py:3954} INFO - Setting next_dagrun for example_xcom_args_with_operators to None, run_after=None
[2024-05-06T18:18:45.300+0000] {processor.py:183} INFO - Processing /home/airflow/.local/lib/python3.12/site-packages/airflow/example_dags/example_xcomargs.py took 0.035 seconds
[2024-05-06T18:19:15.887+0000] {processor.py:161} INFO - Started process (PID=2101) to work on /home/airflow/.local/lib/python3.12/site-packages/airflow/example_dags/example_xcomargs.py
[2024-05-06T18:19:15.887+0000] {processor.py:830} INFO - Processing file /home/airflow/.local/lib/python3.12/site-packages/airflow/example_dags/example_xcomargs.py for tasks to queue
[2024-05-06T18:19:15.888+0000] {logging_mixin.py:188} INFO - [2024-05-06T18:19:15.888+0000] {dagbag.py:540} INFO - Filling up the DagBag from /home/airflow/.local/lib/python3.12/site-packages/airflow/example_dags/example_xcomargs.py
[2024-05-06T18:19:15.892+0000] {processor.py:840} INFO - DAG(s) 'example_xcom_args_with_operators', 'example_xcom_args' retrieved from /home/airflow/.local/lib/python3.12/site-packages/airflow/example_dags/example_xcomargs.py
[2024-05-06T18:19:15.903+0000] {logging_mixin.py:188} INFO - [2024-05-06T18:19:15.903+0000] {dag.py:3096} INFO - Sync 2 DAGs
[2024-05-06T18:19:15.909+0000] {logging_mixin.py:188} INFO - [2024-05-06T18:19:15.909+0000] {dag.py:3954} INFO - Setting next_dagrun for example_xcom_args to None, run_after=None
[2024-05-06T18:19:15.911+0000] {logging_mixin.py:188} INFO - [2024-05-06T18:19:15.911+0000] {dag.py:3954} INFO - Setting next_dagrun for example_xcom_args_with_operators to None, run_after=None
[2024-05-06T18:19:15.918+0000] {processor.py:183} INFO - Processing /home/airflow/.local/lib/python3.12/site-packages/airflow/example_dags/example_xcomargs.py took 0.034 seconds
[2024-05-06T18:19:46.417+0000] {processor.py:161} INFO - Started process (PID=2159) to work on /home/airflow/.local/lib/python3.12/site-packages/airflow/example_dags/example_xcomargs.py
[2024-05-06T18:19:46.418+0000] {processor.py:830} INFO - Processing file /home/airflow/.local/lib/python3.12/site-packages/airflow/example_dags/example_xcomargs.py for tasks to queue
[2024-05-06T18:19:46.419+0000] {logging_mixin.py:188} INFO - [2024-05-06T18:19:46.418+0000] {dagbag.py:540} INFO - Filling up the DagBag from /home/airflow/.local/lib/python3.12/site-packages/airflow/example_dags/example_xcomargs.py
[2024-05-06T18:19:46.423+0000] {processor.py:840} INFO - DAG(s) 'example_xcom_args_with_operators', 'example_xcom_args' retrieved from /home/airflow/.local/lib/python3.12/site-packages/airflow/example_dags/example_xcomargs.py
[2024-05-06T18:19:46.434+0000] {logging_mixin.py:188} INFO - [2024-05-06T18:19:46.434+0000] {dag.py:3096} INFO - Sync 2 DAGs
[2024-05-06T18:19:46.441+0000] {logging_mixin.py:188} INFO - [2024-05-06T18:19:46.440+0000] {dag.py:3954} INFO - Setting next_dagrun for example_xcom_args to None, run_after=None
[2024-05-06T18:19:46.442+0000] {logging_mixin.py:188} INFO - [2024-05-06T18:19:46.442+0000] {dag.py:3954} INFO - Setting next_dagrun for example_xcom_args_with_operators to None, run_after=None
[2024-05-06T18:19:46.450+0000] {processor.py:183} INFO - Processing /home/airflow/.local/lib/python3.12/site-packages/airflow/example_dags/example_xcomargs.py took 0.036 seconds
[2024-05-06T18:20:17.097+0000] {processor.py:161} INFO - Started process (PID=2217) to work on /home/airflow/.local/lib/python3.12/site-packages/airflow/example_dags/example_xcomargs.py
[2024-05-06T18:20:17.097+0000] {processor.py:830} INFO - Processing file /home/airflow/.local/lib/python3.12/site-packages/airflow/example_dags/example_xcomargs.py for tasks to queue
[2024-05-06T18:20:17.098+0000] {logging_mixin.py:188} INFO - [2024-05-06T18:20:17.098+0000] {dagbag.py:540} INFO - Filling up the DagBag from /home/airflow/.local/lib/python3.12/site-packages/airflow/example_dags/example_xcomargs.py
[2024-05-06T18:20:17.102+0000] {processor.py:840} INFO - DAG(s) 'example_xcom_args_with_operators', 'example_xcom_args' retrieved from /home/airflow/.local/lib/python3.12/site-packages/airflow/example_dags/example_xcomargs.py
[2024-05-06T18:20:17.113+0000] {logging_mixin.py:188} INFO - [2024-05-06T18:20:17.113+0000] {dag.py:3096} INFO - Sync 2 DAGs
[2024-05-06T18:20:17.119+0000] {logging_mixin.py:188} INFO - [2024-05-06T18:20:17.119+0000] {dag.py:3954} INFO - Setting next_dagrun for example_xcom_args to None, run_after=None
[2024-05-06T18:20:17.122+0000] {logging_mixin.py:188} INFO - [2024-05-06T18:20:17.121+0000] {dag.py:3954} INFO - Setting next_dagrun for example_xcom_args_with_operators to None, run_after=None
[2024-05-06T18:20:17.130+0000] {processor.py:183} INFO - Processing /home/airflow/.local/lib/python3.12/site-packages/airflow/example_dags/example_xcomargs.py took 0.036 seconds
[2024-05-06T18:20:47.631+0000] {processor.py:161} INFO - Started process (PID=2275) to work on /home/airflow/.local/lib/python3.12/site-packages/airflow/example_dags/example_xcomargs.py
[2024-05-06T18:20:47.631+0000] {processor.py:830} INFO - Processing file /home/airflow/.local/lib/python3.12/site-packages/airflow/example_dags/example_xcomargs.py for tasks to queue
[2024-05-06T18:20:47.632+0000] {logging_mixin.py:188} INFO - [2024-05-06T18:20:47.632+0000] {dagbag.py:540} INFO - Filling up the DagBag from /home/airflow/.local/lib/python3.12/site-packages/airflow/example_dags/example_xcomargs.py
[2024-05-06T18:20:47.637+0000] {processor.py:840} INFO - DAG(s) 'example_xcom_args', 'example_xcom_args_with_operators' retrieved from /home/airflow/.local/lib/python3.12/site-packages/airflow/example_dags/example_xcomargs.py
[2024-05-06T18:20:47.648+0000] {logging_mixin.py:188} INFO - [2024-05-06T18:20:47.648+0000] {dag.py:3096} INFO - Sync 2 DAGs
[2024-05-06T18:20:47.653+0000] {logging_mixin.py:188} INFO - [2024-05-06T18:20:47.653+0000] {dag.py:3954} INFO - Setting next_dagrun for example_xcom_args to None, run_after=None
[2024-05-06T18:20:47.655+0000] {logging_mixin.py:188} INFO - [2024-05-06T18:20:47.655+0000] {dag.py:3954} INFO - Setting next_dagrun for example_xcom_args_with_operators to None, run_after=None
[2024-05-06T18:20:47.663+0000] {processor.py:183} INFO - Processing /home/airflow/.local/lib/python3.12/site-packages/airflow/example_dags/example_xcomargs.py took 0.035 seconds
[2024-05-06T18:21:18.307+0000] {processor.py:161} INFO - Started process (PID=2333) to work on /home/airflow/.local/lib/python3.12/site-packages/airflow/example_dags/example_xcomargs.py
[2024-05-06T18:21:18.308+0000] {processor.py:830} INFO - Processing file /home/airflow/.local/lib/python3.12/site-packages/airflow/example_dags/example_xcomargs.py for tasks to queue
[2024-05-06T18:21:18.309+0000] {logging_mixin.py:188} INFO - [2024-05-06T18:21:18.309+0000] {dagbag.py:540} INFO - Filling up the DagBag from /home/airflow/.local/lib/python3.12/site-packages/airflow/example_dags/example_xcomargs.py
[2024-05-06T18:21:18.313+0000] {processor.py:840} INFO - DAG(s) 'example_xcom_args', 'example_xcom_args_with_operators' retrieved from /home/airflow/.local/lib/python3.12/site-packages/airflow/example_dags/example_xcomargs.py
[2024-05-06T18:21:18.324+0000] {logging_mixin.py:188} INFO - [2024-05-06T18:21:18.324+0000] {dag.py:3096} INFO - Sync 2 DAGs
[2024-05-06T18:21:18.330+0000] {logging_mixin.py:188} INFO - [2024-05-06T18:21:18.330+0000] {dag.py:3954} INFO - Setting next_dagrun for example_xcom_args to None, run_after=None
[2024-05-06T18:21:18.332+0000] {logging_mixin.py:188} INFO - [2024-05-06T18:21:18.332+0000] {dag.py:3954} INFO - Setting next_dagrun for example_xcom_args_with_operators to None, run_after=None
[2024-05-06T18:21:18.340+0000] {processor.py:183} INFO - Processing /home/airflow/.local/lib/python3.12/site-packages/airflow/example_dags/example_xcomargs.py took 0.035 seconds
[2024-05-06T18:21:48.950+0000] {processor.py:161} INFO - Started process (PID=2390) to work on /home/airflow/.local/lib/python3.12/site-packages/airflow/example_dags/example_xcomargs.py
[2024-05-06T18:21:48.950+0000] {processor.py:830} INFO - Processing file /home/airflow/.local/lib/python3.12/site-packages/airflow/example_dags/example_xcomargs.py for tasks to queue
[2024-05-06T18:21:48.951+0000] {logging_mixin.py:188} INFO - [2024-05-06T18:21:48.951+0000] {dagbag.py:540} INFO - Filling up the DagBag from /home/airflow/.local/lib/python3.12/site-packages/airflow/example_dags/example_xcomargs.py
[2024-05-06T18:21:48.955+0000] {processor.py:840} INFO - DAG(s) 'example_xcom_args', 'example_xcom_args_with_operators' retrieved from /home/airflow/.local/lib/python3.12/site-packages/airflow/example_dags/example_xcomargs.py
[2024-05-06T18:21:48.969+0000] {logging_mixin.py:188} INFO - [2024-05-06T18:21:48.969+0000] {dag.py:3096} INFO - Sync 2 DAGs
[2024-05-06T18:21:48.975+0000] {logging_mixin.py:188} INFO - [2024-05-06T18:21:48.975+0000] {dag.py:3954} INFO - Setting next_dagrun for example_xcom_args to None, run_after=None
[2024-05-06T18:21:48.977+0000] {logging_mixin.py:188} INFO - [2024-05-06T18:21:48.977+0000] {dag.py:3954} INFO - Setting next_dagrun for example_xcom_args_with_operators to None, run_after=None
[2024-05-06T18:21:48.984+0000] {processor.py:183} INFO - Processing /home/airflow/.local/lib/python3.12/site-packages/airflow/example_dags/example_xcomargs.py took 0.037 seconds
[2024-05-06T18:22:19.586+0000] {processor.py:161} INFO - Started process (PID=2448) to work on /home/airflow/.local/lib/python3.12/site-packages/airflow/example_dags/example_xcomargs.py
[2024-05-06T18:22:19.586+0000] {processor.py:830} INFO - Processing file /home/airflow/.local/lib/python3.12/site-packages/airflow/example_dags/example_xcomargs.py for tasks to queue
[2024-05-06T18:22:19.587+0000] {logging_mixin.py:188} INFO - [2024-05-06T18:22:19.587+0000] {dagbag.py:540} INFO - Filling up the DagBag from /home/airflow/.local/lib/python3.12/site-packages/airflow/example_dags/example_xcomargs.py
[2024-05-06T18:22:19.591+0000] {processor.py:840} INFO - DAG(s) 'example_xcom_args_with_operators', 'example_xcom_args' retrieved from /home/airflow/.local/lib/python3.12/site-packages/airflow/example_dags/example_xcomargs.py
[2024-05-06T18:22:19.602+0000] {logging_mixin.py:188} INFO - [2024-05-06T18:22:19.602+0000] {dag.py:3096} INFO - Sync 2 DAGs
[2024-05-06T18:22:19.608+0000] {logging_mixin.py:188} INFO - [2024-05-06T18:22:19.608+0000] {dag.py:3954} INFO - Setting next_dagrun for example_xcom_args to None, run_after=None
[2024-05-06T18:22:19.610+0000] {logging_mixin.py:188} INFO - [2024-05-06T18:22:19.610+0000] {dag.py:3954} INFO - Setting next_dagrun for example_xcom_args_with_operators to None, run_after=None
[2024-05-06T18:22:19.617+0000] {processor.py:183} INFO - Processing /home/airflow/.local/lib/python3.12/site-packages/airflow/example_dags/example_xcomargs.py took 0.034 seconds
[2024-05-06T18:22:50.204+0000] {processor.py:161} INFO - Started process (PID=2506) to work on /home/airflow/.local/lib/python3.12/site-packages/airflow/example_dags/example_xcomargs.py
[2024-05-06T18:22:50.205+0000] {processor.py:830} INFO - Processing file /home/airflow/.local/lib/python3.12/site-packages/airflow/example_dags/example_xcomargs.py for tasks to queue
[2024-05-06T18:22:50.206+0000] {logging_mixin.py:188} INFO - [2024-05-06T18:22:50.206+0000] {dagbag.py:540} INFO - Filling up the DagBag from /home/airflow/.local/lib/python3.12/site-packages/airflow/example_dags/example_xcomargs.py
[2024-05-06T18:22:50.210+0000] {processor.py:840} INFO - DAG(s) 'example_xcom_args', 'example_xcom_args_with_operators' retrieved from /home/airflow/.local/lib/python3.12/site-packages/airflow/example_dags/example_xcomargs.py
[2024-05-06T18:22:50.222+0000] {logging_mixin.py:188} INFO - [2024-05-06T18:22:50.222+0000] {dag.py:3096} INFO - Sync 2 DAGs
[2024-05-06T18:22:50.229+0000] {logging_mixin.py:188} INFO - [2024-05-06T18:22:50.229+0000] {dag.py:3954} INFO - Setting next_dagrun for example_xcom_args to None, run_after=None
[2024-05-06T18:22:50.232+0000] {logging_mixin.py:188} INFO - [2024-05-06T18:22:50.232+0000] {dag.py:3954} INFO - Setting next_dagrun for example_xcom_args_with_operators to None, run_after=None
[2024-05-06T18:22:50.242+0000] {processor.py:183} INFO - Processing /home/airflow/.local/lib/python3.12/site-packages/airflow/example_dags/example_xcomargs.py took 0.040 seconds
[2024-05-06T18:23:20.819+0000] {processor.py:161} INFO - Started process (PID=2563) to work on /home/airflow/.local/lib/python3.12/site-packages/airflow/example_dags/example_xcomargs.py
[2024-05-06T18:23:20.820+0000] {processor.py:830} INFO - Processing file /home/airflow/.local/lib/python3.12/site-packages/airflow/example_dags/example_xcomargs.py for tasks to queue
[2024-05-06T18:23:20.821+0000] {logging_mixin.py:188} INFO - [2024-05-06T18:23:20.821+0000] {dagbag.py:540} INFO - Filling up the DagBag from /home/airflow/.local/lib/python3.12/site-packages/airflow/example_dags/example_xcomargs.py
[2024-05-06T18:23:20.825+0000] {processor.py:840} INFO - DAG(s) 'example_xcom_args', 'example_xcom_args_with_operators' retrieved from /home/airflow/.local/lib/python3.12/site-packages/airflow/example_dags/example_xcomargs.py
[2024-05-06T18:23:20.836+0000] {logging_mixin.py:188} INFO - [2024-05-06T18:23:20.836+0000] {dag.py:3096} INFO - Sync 2 DAGs
[2024-05-06T18:23:20.843+0000] {logging_mixin.py:188} INFO - [2024-05-06T18:23:20.843+0000] {dag.py:3954} INFO - Setting next_dagrun for example_xcom_args to None, run_after=None
[2024-05-06T18:23:20.845+0000] {logging_mixin.py:188} INFO - [2024-05-06T18:23:20.845+0000] {dag.py:3954} INFO - Setting next_dagrun for example_xcom_args_with_operators to None, run_after=None
[2024-05-06T18:23:20.853+0000] {processor.py:183} INFO - Processing /home/airflow/.local/lib/python3.12/site-packages/airflow/example_dags/example_xcomargs.py took 0.036 seconds
[2024-05-06T18:23:51.531+0000] {processor.py:161} INFO - Started process (PID=2621) to work on /home/airflow/.local/lib/python3.12/site-packages/airflow/example_dags/example_xcomargs.py
[2024-05-06T18:23:51.531+0000] {processor.py:830} INFO - Processing file /home/airflow/.local/lib/python3.12/site-packages/airflow/example_dags/example_xcomargs.py for tasks to queue
[2024-05-06T18:23:51.532+0000] {logging_mixin.py:188} INFO - [2024-05-06T18:23:51.532+0000] {dagbag.py:540} INFO - Filling up the DagBag from /home/airflow/.local/lib/python3.12/site-packages/airflow/example_dags/example_xcomargs.py
[2024-05-06T18:23:51.537+0000] {processor.py:840} INFO - DAG(s) 'example_xcom_args', 'example_xcom_args_with_operators' retrieved from /home/airflow/.local/lib/python3.12/site-packages/airflow/example_dags/example_xcomargs.py
[2024-05-06T18:23:51.548+0000] {logging_mixin.py:188} INFO - [2024-05-06T18:23:51.548+0000] {dag.py:3096} INFO - Sync 2 DAGs
[2024-05-06T18:23:51.554+0000] {logging_mixin.py:188} INFO - [2024-05-06T18:23:51.554+0000] {dag.py:3954} INFO - Setting next_dagrun for example_xcom_args to None, run_after=None
[2024-05-06T18:23:51.556+0000] {logging_mixin.py:188} INFO - [2024-05-06T18:23:51.556+0000] {dag.py:3954} INFO - Setting next_dagrun for example_xcom_args_with_operators to None, run_after=None
[2024-05-06T18:23:51.564+0000] {processor.py:183} INFO - Processing /home/airflow/.local/lib/python3.12/site-packages/airflow/example_dags/example_xcomargs.py took 0.036 seconds
[2024-05-06T18:24:22.120+0000] {processor.py:161} INFO - Started process (PID=2679) to work on /home/airflow/.local/lib/python3.12/site-packages/airflow/example_dags/example_xcomargs.py
[2024-05-06T18:24:22.120+0000] {processor.py:830} INFO - Processing file /home/airflow/.local/lib/python3.12/site-packages/airflow/example_dags/example_xcomargs.py for tasks to queue
[2024-05-06T18:24:22.121+0000] {logging_mixin.py:188} INFO - [2024-05-06T18:24:22.121+0000] {dagbag.py:540} INFO - Filling up the DagBag from /home/airflow/.local/lib/python3.12/site-packages/airflow/example_dags/example_xcomargs.py
[2024-05-06T18:24:22.125+0000] {processor.py:840} INFO - DAG(s) 'example_xcom_args_with_operators', 'example_xcom_args' retrieved from /home/airflow/.local/lib/python3.12/site-packages/airflow/example_dags/example_xcomargs.py
[2024-05-06T18:24:22.136+0000] {logging_mixin.py:188} INFO - [2024-05-06T18:24:22.136+0000] {dag.py:3096} INFO - Sync 2 DAGs
[2024-05-06T18:24:22.142+0000] {logging_mixin.py:188} INFO - [2024-05-06T18:24:22.142+0000] {dag.py:3954} INFO - Setting next_dagrun for example_xcom_args to None, run_after=None
[2024-05-06T18:24:22.145+0000] {logging_mixin.py:188} INFO - [2024-05-06T18:24:22.144+0000] {dag.py:3954} INFO - Setting next_dagrun for example_xcom_args_with_operators to None, run_after=None
[2024-05-06T18:24:22.152+0000] {processor.py:183} INFO - Processing /home/airflow/.local/lib/python3.12/site-packages/airflow/example_dags/example_xcomargs.py took 0.035 seconds
[2024-05-06T18:24:52.774+0000] {processor.py:161} INFO - Started process (PID=2737) to work on /home/airflow/.local/lib/python3.12/site-packages/airflow/example_dags/example_xcomargs.py
[2024-05-06T18:24:52.775+0000] {processor.py:830} INFO - Processing file /home/airflow/.local/lib/python3.12/site-packages/airflow/example_dags/example_xcomargs.py for tasks to queue
[2024-05-06T18:24:52.776+0000] {logging_mixin.py:188} INFO - [2024-05-06T18:24:52.776+0000] {dagbag.py:540} INFO - Filling up the DagBag from /home/airflow/.local/lib/python3.12/site-packages/airflow/example_dags/example_xcomargs.py
[2024-05-06T18:24:52.780+0000] {processor.py:840} INFO - DAG(s) 'example_xcom_args', 'example_xcom_args_with_operators' retrieved from /home/airflow/.local/lib/python3.12/site-packages/airflow/example_dags/example_xcomargs.py
[2024-05-06T18:24:52.793+0000] {logging_mixin.py:188} INFO - [2024-05-06T18:24:52.792+0000] {dag.py:3096} INFO - Sync 2 DAGs
[2024-05-06T18:24:52.799+0000] {logging_mixin.py:188} INFO - [2024-05-06T18:24:52.799+0000] {dag.py:3954} INFO - Setting next_dagrun for example_xcom_args to None, run_after=None
[2024-05-06T18:24:52.801+0000] {logging_mixin.py:188} INFO - [2024-05-06T18:24:52.801+0000] {dag.py:3954} INFO - Setting next_dagrun for example_xcom_args_with_operators to None, run_after=None
[2024-05-06T18:24:52.810+0000] {processor.py:183} INFO - Processing /home/airflow/.local/lib/python3.12/site-packages/airflow/example_dags/example_xcomargs.py took 0.039 seconds
[2024-05-06T18:25:23.389+0000] {processor.py:161} INFO - Started process (PID=2795) to work on /home/airflow/.local/lib/python3.12/site-packages/airflow/example_dags/example_xcomargs.py
[2024-05-06T18:25:23.389+0000] {processor.py:830} INFO - Processing file /home/airflow/.local/lib/python3.12/site-packages/airflow/example_dags/example_xcomargs.py for tasks to queue
[2024-05-06T18:25:23.390+0000] {logging_mixin.py:188} INFO - [2024-05-06T18:25:23.390+0000] {dagbag.py:540} INFO - Filling up the DagBag from /home/airflow/.local/lib/python3.12/site-packages/airflow/example_dags/example_xcomargs.py
[2024-05-06T18:25:23.394+0000] {processor.py:840} INFO - DAG(s) 'example_xcom_args', 'example_xcom_args_with_operators' retrieved from /home/airflow/.local/lib/python3.12/site-packages/airflow/example_dags/example_xcomargs.py
[2024-05-06T18:25:23.405+0000] {logging_mixin.py:188} INFO - [2024-05-06T18:25:23.405+0000] {dag.py:3096} INFO - Sync 2 DAGs
[2024-05-06T18:25:23.411+0000] {logging_mixin.py:188} INFO - [2024-05-06T18:25:23.411+0000] {dag.py:3954} INFO - Setting next_dagrun for example_xcom_args to None, run_after=None
[2024-05-06T18:25:23.415+0000] {logging_mixin.py:188} INFO - [2024-05-06T18:25:23.414+0000] {dag.py:3954} INFO - Setting next_dagrun for example_xcom_args_with_operators to None, run_after=None
[2024-05-06T18:25:23.425+0000] {processor.py:183} INFO - Processing /home/airflow/.local/lib/python3.12/site-packages/airflow/example_dags/example_xcomargs.py took 0.039 seconds
[2024-05-06T18:25:53.999+0000] {processor.py:161} INFO - Started process (PID=2852) to work on /home/airflow/.local/lib/python3.12/site-packages/airflow/example_dags/example_xcomargs.py
[2024-05-06T18:25:54.000+0000] {processor.py:830} INFO - Processing file /home/airflow/.local/lib/python3.12/site-packages/airflow/example_dags/example_xcomargs.py for tasks to queue
[2024-05-06T18:25:54.001+0000] {logging_mixin.py:188} INFO - [2024-05-06T18:25:54.000+0000] {dagbag.py:540} INFO - Filling up the DagBag from /home/airflow/.local/lib/python3.12/site-packages/airflow/example_dags/example_xcomargs.py
[2024-05-06T18:25:54.005+0000] {processor.py:840} INFO - DAG(s) 'example_xcom_args_with_operators', 'example_xcom_args' retrieved from /home/airflow/.local/lib/python3.12/site-packages/airflow/example_dags/example_xcomargs.py
[2024-05-06T18:25:54.016+0000] {logging_mixin.py:188} INFO - [2024-05-06T18:25:54.016+0000] {dag.py:3096} INFO - Sync 2 DAGs
[2024-05-06T18:25:54.023+0000] {logging_mixin.py:188} INFO - [2024-05-06T18:25:54.023+0000] {dag.py:3954} INFO - Setting next_dagrun for example_xcom_args to None, run_after=None
[2024-05-06T18:25:54.025+0000] {logging_mixin.py:188} INFO - [2024-05-06T18:25:54.025+0000] {dag.py:3954} INFO - Setting next_dagrun for example_xcom_args_with_operators to None, run_after=None
[2024-05-06T18:25:54.032+0000] {processor.py:183} INFO - Processing /home/airflow/.local/lib/python3.12/site-packages/airflow/example_dags/example_xcomargs.py took 0.036 seconds
[2024-05-06T18:26:24.729+0000] {processor.py:161} INFO - Started process (PID=2910) to work on /home/airflow/.local/lib/python3.12/site-packages/airflow/example_dags/example_xcomargs.py
[2024-05-06T18:26:24.730+0000] {processor.py:830} INFO - Processing file /home/airflow/.local/lib/python3.12/site-packages/airflow/example_dags/example_xcomargs.py for tasks to queue
[2024-05-06T18:26:24.731+0000] {logging_mixin.py:188} INFO - [2024-05-06T18:26:24.731+0000] {dagbag.py:540} INFO - Filling up the DagBag from /home/airflow/.local/lib/python3.12/site-packages/airflow/example_dags/example_xcomargs.py
[2024-05-06T18:26:24.735+0000] {processor.py:840} INFO - DAG(s) 'example_xcom_args', 'example_xcom_args_with_operators' retrieved from /home/airflow/.local/lib/python3.12/site-packages/airflow/example_dags/example_xcomargs.py
[2024-05-06T18:26:24.747+0000] {logging_mixin.py:188} INFO - [2024-05-06T18:26:24.747+0000] {dag.py:3096} INFO - Sync 2 DAGs
[2024-05-06T18:26:24.753+0000] {logging_mixin.py:188} INFO - [2024-05-06T18:26:24.753+0000] {dag.py:3954} INFO - Setting next_dagrun for example_xcom_args to None, run_after=None
[2024-05-06T18:26:24.755+0000] {logging_mixin.py:188} INFO - [2024-05-06T18:26:24.755+0000] {dag.py:3954} INFO - Setting next_dagrun for example_xcom_args_with_operators to None, run_after=None
[2024-05-06T18:26:24.763+0000] {processor.py:183} INFO - Processing /home/airflow/.local/lib/python3.12/site-packages/airflow/example_dags/example_xcomargs.py took 0.036 seconds
[2024-05-06T18:26:55.280+0000] {processor.py:161} INFO - Started process (PID=2968) to work on /home/airflow/.local/lib/python3.12/site-packages/airflow/example_dags/example_xcomargs.py
[2024-05-06T18:26:55.280+0000] {processor.py:830} INFO - Processing file /home/airflow/.local/lib/python3.12/site-packages/airflow/example_dags/example_xcomargs.py for tasks to queue
[2024-05-06T18:26:55.281+0000] {logging_mixin.py:188} INFO - [2024-05-06T18:26:55.281+0000] {dagbag.py:540} INFO - Filling up the DagBag from /home/airflow/.local/lib/python3.12/site-packages/airflow/example_dags/example_xcomargs.py
[2024-05-06T18:26:55.286+0000] {processor.py:840} INFO - DAG(s) 'example_xcom_args_with_operators', 'example_xcom_args' retrieved from /home/airflow/.local/lib/python3.12/site-packages/airflow/example_dags/example_xcomargs.py
[2024-05-06T18:26:55.297+0000] {logging_mixin.py:188} INFO - [2024-05-06T18:26:55.297+0000] {dag.py:3096} INFO - Sync 2 DAGs
[2024-05-06T18:26:55.303+0000] {logging_mixin.py:188} INFO - [2024-05-06T18:26:55.303+0000] {dag.py:3954} INFO - Setting next_dagrun for example_xcom_args to None, run_after=None
[2024-05-06T18:26:55.305+0000] {logging_mixin.py:188} INFO - [2024-05-06T18:26:55.305+0000] {dag.py:3954} INFO - Setting next_dagrun for example_xcom_args_with_operators to None, run_after=None
[2024-05-06T18:26:55.313+0000] {processor.py:183} INFO - Processing /home/airflow/.local/lib/python3.12/site-packages/airflow/example_dags/example_xcomargs.py took 0.036 seconds
[2024-05-06T18:27:25.827+0000] {processor.py:161} INFO - Started process (PID=3025) to work on /home/airflow/.local/lib/python3.12/site-packages/airflow/example_dags/example_xcomargs.py
[2024-05-06T18:27:25.827+0000] {processor.py:830} INFO - Processing file /home/airflow/.local/lib/python3.12/site-packages/airflow/example_dags/example_xcomargs.py for tasks to queue
[2024-05-06T18:27:25.828+0000] {logging_mixin.py:188} INFO - [2024-05-06T18:27:25.828+0000] {dagbag.py:540} INFO - Filling up the DagBag from /home/airflow/.local/lib/python3.12/site-packages/airflow/example_dags/example_xcomargs.py
[2024-05-06T18:27:25.832+0000] {processor.py:840} INFO - DAG(s) 'example_xcom_args', 'example_xcom_args_with_operators' retrieved from /home/airflow/.local/lib/python3.12/site-packages/airflow/example_dags/example_xcomargs.py
[2024-05-06T18:27:25.843+0000] {logging_mixin.py:188} INFO - [2024-05-06T18:27:25.843+0000] {dag.py:3096} INFO - Sync 2 DAGs
[2024-05-06T18:27:25.850+0000] {logging_mixin.py:188} INFO - [2024-05-06T18:27:25.850+0000] {dag.py:3954} INFO - Setting next_dagrun for example_xcom_args to None, run_after=None
[2024-05-06T18:27:25.852+0000] {logging_mixin.py:188} INFO - [2024-05-06T18:27:25.852+0000] {dag.py:3954} INFO - Setting next_dagrun for example_xcom_args_with_operators to None, run_after=None
[2024-05-06T18:27:25.859+0000] {processor.py:183} INFO - Processing /home/airflow/.local/lib/python3.12/site-packages/airflow/example_dags/example_xcomargs.py took 0.035 seconds
[2024-05-06T18:27:56.382+0000] {processor.py:161} INFO - Started process (PID=3082) to work on /home/airflow/.local/lib/python3.12/site-packages/airflow/example_dags/example_xcomargs.py
[2024-05-06T18:27:56.383+0000] {processor.py:830} INFO - Processing file /home/airflow/.local/lib/python3.12/site-packages/airflow/example_dags/example_xcomargs.py for tasks to queue
[2024-05-06T18:27:56.384+0000] {logging_mixin.py:188} INFO - [2024-05-06T18:27:56.384+0000] {dagbag.py:540} INFO - Filling up the DagBag from /home/airflow/.local/lib/python3.12/site-packages/airflow/example_dags/example_xcomargs.py
[2024-05-06T18:27:56.388+0000] {processor.py:840} INFO - DAG(s) 'example_xcom_args', 'example_xcom_args_with_operators' retrieved from /home/airflow/.local/lib/python3.12/site-packages/airflow/example_dags/example_xcomargs.py
[2024-05-06T18:27:56.399+0000] {logging_mixin.py:188} INFO - [2024-05-06T18:27:56.399+0000] {dag.py:3096} INFO - Sync 2 DAGs
[2024-05-06T18:27:56.405+0000] {logging_mixin.py:188} INFO - [2024-05-06T18:27:56.404+0000] {dag.py:3954} INFO - Setting next_dagrun for example_xcom_args to None, run_after=None
[2024-05-06T18:27:56.406+0000] {logging_mixin.py:188} INFO - [2024-05-06T18:27:56.406+0000] {dag.py:3954} INFO - Setting next_dagrun for example_xcom_args_with_operators to None, run_after=None
[2024-05-06T18:27:56.414+0000] {processor.py:183} INFO - Processing /home/airflow/.local/lib/python3.12/site-packages/airflow/example_dags/example_xcomargs.py took 0.034 seconds
[2024-05-06T18:28:27.084+0000] {processor.py:161} INFO - Started process (PID=3140) to work on /home/airflow/.local/lib/python3.12/site-packages/airflow/example_dags/example_xcomargs.py
[2024-05-06T18:28:27.085+0000] {processor.py:830} INFO - Processing file /home/airflow/.local/lib/python3.12/site-packages/airflow/example_dags/example_xcomargs.py for tasks to queue
[2024-05-06T18:28:27.085+0000] {logging_mixin.py:188} INFO - [2024-05-06T18:28:27.085+0000] {dagbag.py:540} INFO - Filling up the DagBag from /home/airflow/.local/lib/python3.12/site-packages/airflow/example_dags/example_xcomargs.py
[2024-05-06T18:28:27.090+0000] {processor.py:840} INFO - DAG(s) 'example_xcom_args_with_operators', 'example_xcom_args' retrieved from /home/airflow/.local/lib/python3.12/site-packages/airflow/example_dags/example_xcomargs.py
[2024-05-06T18:28:27.101+0000] {logging_mixin.py:188} INFO - [2024-05-06T18:28:27.101+0000] {dag.py:3096} INFO - Sync 2 DAGs
[2024-05-06T18:28:27.107+0000] {logging_mixin.py:188} INFO - [2024-05-06T18:28:27.107+0000] {dag.py:3954} INFO - Setting next_dagrun for example_xcom_args to None, run_after=None
[2024-05-06T18:28:27.110+0000] {logging_mixin.py:188} INFO - [2024-05-06T18:28:27.109+0000] {dag.py:3954} INFO - Setting next_dagrun for example_xcom_args_with_operators to None, run_after=None
[2024-05-06T18:28:27.117+0000] {processor.py:183} INFO - Processing /home/airflow/.local/lib/python3.12/site-packages/airflow/example_dags/example_xcomargs.py took 0.036 seconds
[2024-05-06T18:28:57.782+0000] {processor.py:161} INFO - Started process (PID=3198) to work on /home/airflow/.local/lib/python3.12/site-packages/airflow/example_dags/example_xcomargs.py
[2024-05-06T18:28:57.783+0000] {processor.py:830} INFO - Processing file /home/airflow/.local/lib/python3.12/site-packages/airflow/example_dags/example_xcomargs.py for tasks to queue
[2024-05-06T18:28:57.785+0000] {logging_mixin.py:188} INFO - [2024-05-06T18:28:57.785+0000] {dagbag.py:540} INFO - Filling up the DagBag from /home/airflow/.local/lib/python3.12/site-packages/airflow/example_dags/example_xcomargs.py
[2024-05-06T18:28:57.789+0000] {processor.py:840} INFO - DAG(s) 'example_xcom_args_with_operators', 'example_xcom_args' retrieved from /home/airflow/.local/lib/python3.12/site-packages/airflow/example_dags/example_xcomargs.py
[2024-05-06T18:28:57.800+0000] {logging_mixin.py:188} INFO - [2024-05-06T18:28:57.800+0000] {dag.py:3096} INFO - Sync 2 DAGs
[2024-05-06T18:28:57.805+0000] {logging_mixin.py:188} INFO - [2024-05-06T18:28:57.805+0000] {dag.py:3954} INFO - Setting next_dagrun for example_xcom_args to None, run_after=None
[2024-05-06T18:28:57.807+0000] {logging_mixin.py:188} INFO - [2024-05-06T18:28:57.807+0000] {dag.py:3954} INFO - Setting next_dagrun for example_xcom_args_with_operators to None, run_after=None
[2024-05-06T18:28:57.815+0000] {processor.py:183} INFO - Processing /home/airflow/.local/lib/python3.12/site-packages/airflow/example_dags/example_xcomargs.py took 0.036 seconds
[2024-05-06T18:29:28.659+0000] {processor.py:161} INFO - Started process (PID=3256) to work on /home/airflow/.local/lib/python3.12/site-packages/airflow/example_dags/example_xcomargs.py
[2024-05-06T18:29:28.660+0000] {processor.py:830} INFO - Processing file /home/airflow/.local/lib/python3.12/site-packages/airflow/example_dags/example_xcomargs.py for tasks to queue
[2024-05-06T18:29:28.661+0000] {logging_mixin.py:188} INFO - [2024-05-06T18:29:28.661+0000] {dagbag.py:540} INFO - Filling up the DagBag from /home/airflow/.local/lib/python3.12/site-packages/airflow/example_dags/example_xcomargs.py
[2024-05-06T18:29:28.665+0000] {processor.py:840} INFO - DAG(s) 'example_xcom_args_with_operators', 'example_xcom_args' retrieved from /home/airflow/.local/lib/python3.12/site-packages/airflow/example_dags/example_xcomargs.py
[2024-05-06T18:29:28.676+0000] {logging_mixin.py:188} INFO - [2024-05-06T18:29:28.676+0000] {dag.py:3096} INFO - Sync 2 DAGs
[2024-05-06T18:29:28.683+0000] {logging_mixin.py:188} INFO - [2024-05-06T18:29:28.683+0000] {dag.py:3954} INFO - Setting next_dagrun for example_xcom_args to None, run_after=None
[2024-05-06T18:29:28.685+0000] {logging_mixin.py:188} INFO - [2024-05-06T18:29:28.685+0000] {dag.py:3954} INFO - Setting next_dagrun for example_xcom_args_with_operators to None, run_after=None
[2024-05-06T18:29:28.692+0000] {processor.py:183} INFO - Processing /home/airflow/.local/lib/python3.12/site-packages/airflow/example_dags/example_xcomargs.py took 0.036 seconds
[2024-05-06T19:02:51.268+0000] {processor.py:161} INFO - Started process (PID=3313) to work on /home/airflow/.local/lib/python3.12/site-packages/airflow/example_dags/example_xcomargs.py
[2024-05-06T19:02:51.269+0000] {processor.py:830} INFO - Processing file /home/airflow/.local/lib/python3.12/site-packages/airflow/example_dags/example_xcomargs.py for tasks to queue
[2024-05-06T19:02:51.270+0000] {logging_mixin.py:188} INFO - [2024-05-06T19:02:51.270+0000] {dagbag.py:540} INFO - Filling up the DagBag from /home/airflow/.local/lib/python3.12/site-packages/airflow/example_dags/example_xcomargs.py
[2024-05-06T19:02:51.274+0000] {processor.py:840} INFO - DAG(s) 'example_xcom_args_with_operators', 'example_xcom_args' retrieved from /home/airflow/.local/lib/python3.12/site-packages/airflow/example_dags/example_xcomargs.py
[2024-05-06T19:02:51.285+0000] {logging_mixin.py:188} INFO - [2024-05-06T19:02:51.285+0000] {dag.py:3096} INFO - Sync 2 DAGs
[2024-05-06T19:02:51.291+0000] {logging_mixin.py:188} INFO - [2024-05-06T19:02:51.291+0000] {dag.py:3954} INFO - Setting next_dagrun for example_xcom_args to None, run_after=None
[2024-05-06T19:02:51.296+0000] {logging_mixin.py:188} INFO - [2024-05-06T19:02:51.295+0000] {dag.py:3954} INFO - Setting next_dagrun for example_xcom_args_with_operators to None, run_after=None
[2024-05-06T19:02:51.303+0000] {processor.py:183} INFO - Processing /home/airflow/.local/lib/python3.12/site-packages/airflow/example_dags/example_xcomargs.py took 0.037 seconds
[2024-05-06T19:24:27.022+0000] {processor.py:161} INFO - Started process (PID=3371) to work on /home/airflow/.local/lib/python3.12/site-packages/airflow/example_dags/example_xcomargs.py
[2024-05-06T19:24:27.023+0000] {processor.py:830} INFO - Processing file /home/airflow/.local/lib/python3.12/site-packages/airflow/example_dags/example_xcomargs.py for tasks to queue
[2024-05-06T19:24:27.024+0000] {logging_mixin.py:188} INFO - [2024-05-06T19:24:27.024+0000] {dagbag.py:540} INFO - Filling up the DagBag from /home/airflow/.local/lib/python3.12/site-packages/airflow/example_dags/example_xcomargs.py
[2024-05-06T19:24:27.028+0000] {processor.py:840} INFO - DAG(s) 'example_xcom_args_with_operators', 'example_xcom_args' retrieved from /home/airflow/.local/lib/python3.12/site-packages/airflow/example_dags/example_xcomargs.py
[2024-05-06T19:24:27.039+0000] {logging_mixin.py:188} INFO - [2024-05-06T19:24:27.039+0000] {dag.py:3096} INFO - Sync 2 DAGs
[2024-05-06T19:24:27.046+0000] {logging_mixin.py:188} INFO - [2024-05-06T19:24:27.046+0000] {dag.py:3954} INFO - Setting next_dagrun for example_xcom_args to None, run_after=None
[2024-05-06T19:24:27.048+0000] {logging_mixin.py:188} INFO - [2024-05-06T19:24:27.048+0000] {dag.py:3954} INFO - Setting next_dagrun for example_xcom_args_with_operators to None, run_after=None
[2024-05-06T19:24:27.056+0000] {processor.py:183} INFO - Processing /home/airflow/.local/lib/python3.12/site-packages/airflow/example_dags/example_xcomargs.py took 0.037 seconds
[2024-05-06T19:30:02.231+0000] {processor.py:161} INFO - Started process (PID=3429) to work on /home/airflow/.local/lib/python3.12/site-packages/airflow/example_dags/example_xcomargs.py
[2024-05-06T19:30:02.232+0000] {processor.py:830} INFO - Processing file /home/airflow/.local/lib/python3.12/site-packages/airflow/example_dags/example_xcomargs.py for tasks to queue
[2024-05-06T19:30:02.234+0000] {logging_mixin.py:188} INFO - [2024-05-06T19:30:02.234+0000] {dagbag.py:540} INFO - Filling up the DagBag from /home/airflow/.local/lib/python3.12/site-packages/airflow/example_dags/example_xcomargs.py
[2024-05-06T19:30:02.242+0000] {processor.py:840} INFO - DAG(s) 'example_xcom_args_with_operators', 'example_xcom_args' retrieved from /home/airflow/.local/lib/python3.12/site-packages/airflow/example_dags/example_xcomargs.py
[2024-05-06T19:30:02.253+0000] {logging_mixin.py:188} INFO - [2024-05-06T19:30:02.253+0000] {dag.py:3096} INFO - Sync 2 DAGs
[2024-05-06T19:30:02.259+0000] {logging_mixin.py:188} INFO - [2024-05-06T19:30:02.259+0000] {dag.py:3954} INFO - Setting next_dagrun for example_xcom_args to None, run_after=None
[2024-05-06T19:30:02.261+0000] {logging_mixin.py:188} INFO - [2024-05-06T19:30:02.261+0000] {dag.py:3954} INFO - Setting next_dagrun for example_xcom_args_with_operators to None, run_after=None
[2024-05-06T19:30:02.268+0000] {processor.py:183} INFO - Processing /home/airflow/.local/lib/python3.12/site-packages/airflow/example_dags/example_xcomargs.py took 0.040 seconds
[2024-05-06T19:34:22.754+0000] {processor.py:161} INFO - Started process (PID=3486) to work on /home/airflow/.local/lib/python3.12/site-packages/airflow/example_dags/example_xcomargs.py
[2024-05-06T19:34:22.754+0000] {processor.py:830} INFO - Processing file /home/airflow/.local/lib/python3.12/site-packages/airflow/example_dags/example_xcomargs.py for tasks to queue
[2024-05-06T19:34:22.755+0000] {logging_mixin.py:188} INFO - [2024-05-06T19:34:22.755+0000] {dagbag.py:540} INFO - Filling up the DagBag from /home/airflow/.local/lib/python3.12/site-packages/airflow/example_dags/example_xcomargs.py
[2024-05-06T19:34:22.759+0000] {processor.py:840} INFO - DAG(s) 'example_xcom_args', 'example_xcom_args_with_operators' retrieved from /home/airflow/.local/lib/python3.12/site-packages/airflow/example_dags/example_xcomargs.py
[2024-05-06T19:34:22.771+0000] {logging_mixin.py:188} INFO - [2024-05-06T19:34:22.771+0000] {dag.py:3096} INFO - Sync 2 DAGs
[2024-05-06T19:34:22.777+0000] {logging_mixin.py:188} INFO - [2024-05-06T19:34:22.777+0000] {dag.py:3954} INFO - Setting next_dagrun for example_xcom_args to None, run_after=None
[2024-05-06T19:34:22.779+0000] {logging_mixin.py:188} INFO - [2024-05-06T19:34:22.779+0000] {dag.py:3954} INFO - Setting next_dagrun for example_xcom_args_with_operators to None, run_after=None
[2024-05-06T19:34:22.787+0000] {processor.py:183} INFO - Processing /home/airflow/.local/lib/python3.12/site-packages/airflow/example_dags/example_xcomargs.py took 0.036 seconds
[2024-05-06T19:52:33.033+0000] {processor.py:161} INFO - Started process (PID=3543) to work on /home/airflow/.local/lib/python3.12/site-packages/airflow/example_dags/example_xcomargs.py
[2024-05-06T19:52:33.033+0000] {processor.py:830} INFO - Processing file /home/airflow/.local/lib/python3.12/site-packages/airflow/example_dags/example_xcomargs.py for tasks to queue
[2024-05-06T19:52:33.034+0000] {logging_mixin.py:188} INFO - [2024-05-06T19:52:33.034+0000] {dagbag.py:540} INFO - Filling up the DagBag from /home/airflow/.local/lib/python3.12/site-packages/airflow/example_dags/example_xcomargs.py
[2024-05-06T19:52:33.038+0000] {processor.py:840} INFO - DAG(s) 'example_xcom_args', 'example_xcom_args_with_operators' retrieved from /home/airflow/.local/lib/python3.12/site-packages/airflow/example_dags/example_xcomargs.py
[2024-05-06T19:52:33.050+0000] {logging_mixin.py:188} INFO - [2024-05-06T19:52:33.050+0000] {dag.py:3096} INFO - Sync 2 DAGs
[2024-05-06T19:52:33.057+0000] {logging_mixin.py:188} INFO - [2024-05-06T19:52:33.056+0000] {dag.py:3954} INFO - Setting next_dagrun for example_xcom_args to None, run_after=None
[2024-05-06T19:52:33.059+0000] {logging_mixin.py:188} INFO - [2024-05-06T19:52:33.059+0000] {dag.py:3954} INFO - Setting next_dagrun for example_xcom_args_with_operators to None, run_after=None
[2024-05-06T19:52:33.066+0000] {processor.py:183} INFO - Processing /home/airflow/.local/lib/python3.12/site-packages/airflow/example_dags/example_xcomargs.py took 0.036 seconds
