[2024-05-06T20:01:44.501+0000] {processor.py:161} INFO - Started process (PID=4553) to work on /home/airflow/.local/lib/python3.12/site-packages/airflow/example_dags/example_short_circuit_operator.py
[2024-05-06T20:01:44.502+0000] {processor.py:830} INFO - Processing file /home/airflow/.local/lib/python3.12/site-packages/airflow/example_dags/example_short_circuit_operator.py for tasks to queue
[2024-05-06T20:01:44.503+0000] {logging_mixin.py:188} INFO - [2024-05-06T20:01:44.503+0000] {dagbag.py:540} INFO - Filling up the DagBag from /home/airflow/.local/lib/python3.12/site-packages/airflow/example_dags/example_short_circuit_operator.py
[2024-05-06T20:01:44.507+0000] {processor.py:840} INFO - DAG(s) 'example_short_circuit_operator' retrieved from /home/airflow/.local/lib/python3.12/site-packages/airflow/example_dags/example_short_circuit_operator.py
[2024-05-06T20:01:44.522+0000] {logging_mixin.py:188} INFO - [2024-05-06T20:01:44.522+0000] {dag.py:3096} INFO - Sync 1 DAGs
[2024-05-06T20:01:44.536+0000] {logging_mixin.py:188} INFO - [2024-05-06T20:01:44.536+0000] {dag.py:3954} INFO - Setting next_dagrun for example_short_circuit_operator to 2024-05-05 00:00:00+00:00, run_after=2024-05-06 00:00:00+00:00
[2024-05-06T20:01:44.546+0000] {processor.py:183} INFO - Processing /home/airflow/.local/lib/python3.12/site-packages/airflow/example_dags/example_short_circuit_operator.py took 0.049 seconds
[2024-05-06T20:02:15.392+0000] {processor.py:161} INFO - Started process (PID=4611) to work on /home/airflow/.local/lib/python3.12/site-packages/airflow/example_dags/example_short_circuit_operator.py
[2024-05-06T20:02:15.393+0000] {processor.py:830} INFO - Processing file /home/airflow/.local/lib/python3.12/site-packages/airflow/example_dags/example_short_circuit_operator.py for tasks to queue
[2024-05-06T20:02:15.394+0000] {logging_mixin.py:188} INFO - [2024-05-06T20:02:15.394+0000] {dagbag.py:540} INFO - Filling up the DagBag from /home/airflow/.local/lib/python3.12/site-packages/airflow/example_dags/example_short_circuit_operator.py
[2024-05-06T20:02:15.398+0000] {processor.py:840} INFO - DAG(s) 'example_short_circuit_operator' retrieved from /home/airflow/.local/lib/python3.12/site-packages/airflow/example_dags/example_short_circuit_operator.py
[2024-05-06T20:02:15.410+0000] {logging_mixin.py:188} INFO - [2024-05-06T20:02:15.409+0000] {dag.py:3096} INFO - Sync 1 DAGs
[2024-05-06T20:02:15.421+0000] {logging_mixin.py:188} INFO - [2024-05-06T20:02:15.421+0000] {dag.py:3954} INFO - Setting next_dagrun for example_short_circuit_operator to 2024-05-05 00:00:00+00:00, run_after=2024-05-06 00:00:00+00:00
[2024-05-06T20:02:15.430+0000] {processor.py:183} INFO - Processing /home/airflow/.local/lib/python3.12/site-packages/airflow/example_dags/example_short_circuit_operator.py took 0.041 seconds
[2024-05-06T20:02:46.467+0000] {processor.py:161} INFO - Started process (PID=4670) to work on /home/airflow/.local/lib/python3.12/site-packages/airflow/example_dags/example_short_circuit_operator.py
[2024-05-06T20:02:46.467+0000] {processor.py:830} INFO - Processing file /home/airflow/.local/lib/python3.12/site-packages/airflow/example_dags/example_short_circuit_operator.py for tasks to queue
[2024-05-06T20:02:46.468+0000] {logging_mixin.py:188} INFO - [2024-05-06T20:02:46.468+0000] {dagbag.py:540} INFO - Filling up the DagBag from /home/airflow/.local/lib/python3.12/site-packages/airflow/example_dags/example_short_circuit_operator.py
[2024-05-06T20:02:46.473+0000] {processor.py:840} INFO - DAG(s) 'example_short_circuit_operator' retrieved from /home/airflow/.local/lib/python3.12/site-packages/airflow/example_dags/example_short_circuit_operator.py
[2024-05-06T20:02:46.485+0000] {logging_mixin.py:188} INFO - [2024-05-06T20:02:46.485+0000] {dag.py:3096} INFO - Sync 1 DAGs
[2024-05-06T20:02:46.496+0000] {logging_mixin.py:188} INFO - [2024-05-06T20:02:46.495+0000] {dag.py:3954} INFO - Setting next_dagrun for example_short_circuit_operator to 2024-05-05 00:00:00+00:00, run_after=2024-05-06 00:00:00+00:00
[2024-05-06T20:02:46.504+0000] {processor.py:183} INFO - Processing /home/airflow/.local/lib/python3.12/site-packages/airflow/example_dags/example_short_circuit_operator.py took 0.041 seconds
[2024-05-06T20:03:17.383+0000] {processor.py:161} INFO - Started process (PID=4729) to work on /home/airflow/.local/lib/python3.12/site-packages/airflow/example_dags/example_short_circuit_operator.py
[2024-05-06T20:03:17.384+0000] {processor.py:830} INFO - Processing file /home/airflow/.local/lib/python3.12/site-packages/airflow/example_dags/example_short_circuit_operator.py for tasks to queue
[2024-05-06T20:03:17.385+0000] {logging_mixin.py:188} INFO - [2024-05-06T20:03:17.385+0000] {dagbag.py:540} INFO - Filling up the DagBag from /home/airflow/.local/lib/python3.12/site-packages/airflow/example_dags/example_short_circuit_operator.py
[2024-05-06T20:03:17.389+0000] {processor.py:840} INFO - DAG(s) 'example_short_circuit_operator' retrieved from /home/airflow/.local/lib/python3.12/site-packages/airflow/example_dags/example_short_circuit_operator.py
[2024-05-06T20:03:17.399+0000] {logging_mixin.py:188} INFO - [2024-05-06T20:03:17.399+0000] {dag.py:3096} INFO - Sync 1 DAGs
[2024-05-06T20:03:17.409+0000] {logging_mixin.py:188} INFO - [2024-05-06T20:03:17.409+0000] {dag.py:3954} INFO - Setting next_dagrun for example_short_circuit_operator to 2024-05-05 00:00:00+00:00, run_after=2024-05-06 00:00:00+00:00
[2024-05-06T20:03:17.417+0000] {processor.py:183} INFO - Processing /home/airflow/.local/lib/python3.12/site-packages/airflow/example_dags/example_short_circuit_operator.py took 0.037 seconds
[2024-05-06T20:03:48.172+0000] {processor.py:161} INFO - Started process (PID=4787) to work on /home/airflow/.local/lib/python3.12/site-packages/airflow/example_dags/example_short_circuit_operator.py
[2024-05-06T20:03:48.173+0000] {processor.py:830} INFO - Processing file /home/airflow/.local/lib/python3.12/site-packages/airflow/example_dags/example_short_circuit_operator.py for tasks to queue
[2024-05-06T20:03:48.174+0000] {logging_mixin.py:188} INFO - [2024-05-06T20:03:48.174+0000] {dagbag.py:540} INFO - Filling up the DagBag from /home/airflow/.local/lib/python3.12/site-packages/airflow/example_dags/example_short_circuit_operator.py
[2024-05-06T20:03:48.178+0000] {processor.py:840} INFO - DAG(s) 'example_short_circuit_operator' retrieved from /home/airflow/.local/lib/python3.12/site-packages/airflow/example_dags/example_short_circuit_operator.py
[2024-05-06T20:03:48.200+0000] {logging_mixin.py:188} INFO - [2024-05-06T20:03:48.200+0000] {dag.py:3096} INFO - Sync 1 DAGs
[2024-05-06T20:03:48.212+0000] {logging_mixin.py:188} INFO - [2024-05-06T20:03:48.212+0000] {dag.py:3954} INFO - Setting next_dagrun for example_short_circuit_operator to 2024-05-05 00:00:00+00:00, run_after=2024-05-06 00:00:00+00:00
[2024-05-06T20:03:48.222+0000] {processor.py:183} INFO - Processing /home/airflow/.local/lib/python3.12/site-packages/airflow/example_dags/example_short_circuit_operator.py took 0.053 seconds
[2024-05-06T20:04:18.263+0000] {processor.py:161} INFO - Started process (PID=4845) to work on /home/airflow/.local/lib/python3.12/site-packages/airflow/example_dags/example_short_circuit_operator.py
[2024-05-06T20:04:18.264+0000] {processor.py:830} INFO - Processing file /home/airflow/.local/lib/python3.12/site-packages/airflow/example_dags/example_short_circuit_operator.py for tasks to queue
[2024-05-06T20:04:18.265+0000] {logging_mixin.py:188} INFO - [2024-05-06T20:04:18.265+0000] {dagbag.py:540} INFO - Filling up the DagBag from /home/airflow/.local/lib/python3.12/site-packages/airflow/example_dags/example_short_circuit_operator.py
[2024-05-06T20:04:18.269+0000] {processor.py:840} INFO - DAG(s) 'example_short_circuit_operator' retrieved from /home/airflow/.local/lib/python3.12/site-packages/airflow/example_dags/example_short_circuit_operator.py
[2024-05-06T20:04:18.281+0000] {logging_mixin.py:188} INFO - [2024-05-06T20:04:18.281+0000] {dag.py:3096} INFO - Sync 1 DAGs
[2024-05-06T20:04:18.292+0000] {logging_mixin.py:188} INFO - [2024-05-06T20:04:18.292+0000] {dag.py:3954} INFO - Setting next_dagrun for example_short_circuit_operator to 2024-05-05 00:00:00+00:00, run_after=2024-05-06 00:00:00+00:00
[2024-05-06T20:04:18.301+0000] {processor.py:183} INFO - Processing /home/airflow/.local/lib/python3.12/site-packages/airflow/example_dags/example_short_circuit_operator.py took 0.041 seconds
[2024-05-06T20:04:48.465+0000] {processor.py:161} INFO - Started process (PID=4904) to work on /home/airflow/.local/lib/python3.12/site-packages/airflow/example_dags/example_short_circuit_operator.py
[2024-05-06T20:04:48.466+0000] {processor.py:830} INFO - Processing file /home/airflow/.local/lib/python3.12/site-packages/airflow/example_dags/example_short_circuit_operator.py for tasks to queue
[2024-05-06T20:04:48.467+0000] {logging_mixin.py:188} INFO - [2024-05-06T20:04:48.467+0000] {dagbag.py:540} INFO - Filling up the DagBag from /home/airflow/.local/lib/python3.12/site-packages/airflow/example_dags/example_short_circuit_operator.py
[2024-05-06T20:04:48.471+0000] {processor.py:840} INFO - DAG(s) 'example_short_circuit_operator' retrieved from /home/airflow/.local/lib/python3.12/site-packages/airflow/example_dags/example_short_circuit_operator.py
[2024-05-06T20:04:48.483+0000] {logging_mixin.py:188} INFO - [2024-05-06T20:04:48.483+0000] {dag.py:3096} INFO - Sync 1 DAGs
[2024-05-06T20:04:48.493+0000] {logging_mixin.py:188} INFO - [2024-05-06T20:04:48.493+0000] {dag.py:3954} INFO - Setting next_dagrun for example_short_circuit_operator to 2024-05-05 00:00:00+00:00, run_after=2024-05-06 00:00:00+00:00
[2024-05-06T20:04:48.502+0000] {processor.py:183} INFO - Processing /home/airflow/.local/lib/python3.12/site-packages/airflow/example_dags/example_short_circuit_operator.py took 0.040 seconds
[2024-05-06T20:05:19.496+0000] {processor.py:161} INFO - Started process (PID=4963) to work on /home/airflow/.local/lib/python3.12/site-packages/airflow/example_dags/example_short_circuit_operator.py
[2024-05-06T20:05:19.496+0000] {processor.py:830} INFO - Processing file /home/airflow/.local/lib/python3.12/site-packages/airflow/example_dags/example_short_circuit_operator.py for tasks to queue
[2024-05-06T20:05:19.497+0000] {logging_mixin.py:188} INFO - [2024-05-06T20:05:19.497+0000] {dagbag.py:540} INFO - Filling up the DagBag from /home/airflow/.local/lib/python3.12/site-packages/airflow/example_dags/example_short_circuit_operator.py
[2024-05-06T20:05:19.501+0000] {processor.py:840} INFO - DAG(s) 'example_short_circuit_operator' retrieved from /home/airflow/.local/lib/python3.12/site-packages/airflow/example_dags/example_short_circuit_operator.py
[2024-05-06T20:05:19.511+0000] {logging_mixin.py:188} INFO - [2024-05-06T20:05:19.511+0000] {dag.py:3096} INFO - Sync 1 DAGs
[2024-05-06T20:05:19.521+0000] {logging_mixin.py:188} INFO - [2024-05-06T20:05:19.521+0000] {dag.py:3954} INFO - Setting next_dagrun for example_short_circuit_operator to 2024-05-05 00:00:00+00:00, run_after=2024-05-06 00:00:00+00:00
[2024-05-06T20:05:19.529+0000] {processor.py:183} INFO - Processing /home/airflow/.local/lib/python3.12/site-packages/airflow/example_dags/example_short_circuit_operator.py took 0.036 seconds
[2024-05-06T20:05:50.087+0000] {processor.py:161} INFO - Started process (PID=5022) to work on /home/airflow/.local/lib/python3.12/site-packages/airflow/example_dags/example_short_circuit_operator.py
[2024-05-06T20:05:50.088+0000] {processor.py:830} INFO - Processing file /home/airflow/.local/lib/python3.12/site-packages/airflow/example_dags/example_short_circuit_operator.py for tasks to queue
[2024-05-06T20:05:50.089+0000] {logging_mixin.py:188} INFO - [2024-05-06T20:05:50.089+0000] {dagbag.py:540} INFO - Filling up the DagBag from /home/airflow/.local/lib/python3.12/site-packages/airflow/example_dags/example_short_circuit_operator.py
[2024-05-06T20:05:50.096+0000] {processor.py:840} INFO - DAG(s) 'example_short_circuit_operator' retrieved from /home/airflow/.local/lib/python3.12/site-packages/airflow/example_dags/example_short_circuit_operator.py
[2024-05-06T20:05:50.111+0000] {logging_mixin.py:188} INFO - [2024-05-06T20:05:50.111+0000] {dag.py:3096} INFO - Sync 1 DAGs
[2024-05-06T20:05:50.124+0000] {logging_mixin.py:188} INFO - [2024-05-06T20:05:50.124+0000] {dag.py:3954} INFO - Setting next_dagrun for example_short_circuit_operator to 2024-05-05 00:00:00+00:00, run_after=2024-05-06 00:00:00+00:00
[2024-05-06T20:05:50.133+0000] {processor.py:183} INFO - Processing /home/airflow/.local/lib/python3.12/site-packages/airflow/example_dags/example_short_circuit_operator.py took 0.050 seconds
[2024-05-06T20:06:20.852+0000] {processor.py:161} INFO - Started process (PID=5081) to work on /home/airflow/.local/lib/python3.12/site-packages/airflow/example_dags/example_short_circuit_operator.py
[2024-05-06T20:06:20.855+0000] {processor.py:830} INFO - Processing file /home/airflow/.local/lib/python3.12/site-packages/airflow/example_dags/example_short_circuit_operator.py for tasks to queue
[2024-05-06T20:06:20.856+0000] {logging_mixin.py:188} INFO - [2024-05-06T20:06:20.856+0000] {dagbag.py:540} INFO - Filling up the DagBag from /home/airflow/.local/lib/python3.12/site-packages/airflow/example_dags/example_short_circuit_operator.py
[2024-05-06T20:06:20.860+0000] {processor.py:840} INFO - DAG(s) 'example_short_circuit_operator' retrieved from /home/airflow/.local/lib/python3.12/site-packages/airflow/example_dags/example_short_circuit_operator.py
[2024-05-06T20:06:20.872+0000] {logging_mixin.py:188} INFO - [2024-05-06T20:06:20.872+0000] {dag.py:3096} INFO - Sync 1 DAGs
[2024-05-06T20:06:20.885+0000] {logging_mixin.py:188} INFO - [2024-05-06T20:06:20.885+0000] {dag.py:3954} INFO - Setting next_dagrun for example_short_circuit_operator to 2024-05-05 00:00:00+00:00, run_after=2024-05-06 00:00:00+00:00
[2024-05-06T20:06:20.896+0000] {processor.py:183} INFO - Processing /home/airflow/.local/lib/python3.12/site-packages/airflow/example_dags/example_short_circuit_operator.py took 0.048 seconds
[2024-05-06T20:06:51.447+0000] {processor.py:161} INFO - Started process (PID=5140) to work on /home/airflow/.local/lib/python3.12/site-packages/airflow/example_dags/example_short_circuit_operator.py
[2024-05-06T20:06:51.448+0000] {processor.py:830} INFO - Processing file /home/airflow/.local/lib/python3.12/site-packages/airflow/example_dags/example_short_circuit_operator.py for tasks to queue
[2024-05-06T20:06:51.449+0000] {logging_mixin.py:188} INFO - [2024-05-06T20:06:51.449+0000] {dagbag.py:540} INFO - Filling up the DagBag from /home/airflow/.local/lib/python3.12/site-packages/airflow/example_dags/example_short_circuit_operator.py
[2024-05-06T20:06:51.452+0000] {processor.py:840} INFO - DAG(s) 'example_short_circuit_operator' retrieved from /home/airflow/.local/lib/python3.12/site-packages/airflow/example_dags/example_short_circuit_operator.py
[2024-05-06T20:06:51.463+0000] {logging_mixin.py:188} INFO - [2024-05-06T20:06:51.463+0000] {dag.py:3096} INFO - Sync 1 DAGs
[2024-05-06T20:06:51.473+0000] {logging_mixin.py:188} INFO - [2024-05-06T20:06:51.473+0000] {dag.py:3954} INFO - Setting next_dagrun for example_short_circuit_operator to 2024-05-05 00:00:00+00:00, run_after=2024-05-06 00:00:00+00:00
[2024-05-06T20:06:51.481+0000] {processor.py:183} INFO - Processing /home/airflow/.local/lib/python3.12/site-packages/airflow/example_dags/example_short_circuit_operator.py took 0.036 seconds
[2024-05-06T20:07:22.155+0000] {processor.py:161} INFO - Started process (PID=5198) to work on /home/airflow/.local/lib/python3.12/site-packages/airflow/example_dags/example_short_circuit_operator.py
[2024-05-06T20:07:22.156+0000] {processor.py:830} INFO - Processing file /home/airflow/.local/lib/python3.12/site-packages/airflow/example_dags/example_short_circuit_operator.py for tasks to queue
[2024-05-06T20:07:22.157+0000] {logging_mixin.py:188} INFO - [2024-05-06T20:07:22.157+0000] {dagbag.py:540} INFO - Filling up the DagBag from /home/airflow/.local/lib/python3.12/site-packages/airflow/example_dags/example_short_circuit_operator.py
[2024-05-06T20:07:22.162+0000] {processor.py:840} INFO - DAG(s) 'example_short_circuit_operator' retrieved from /home/airflow/.local/lib/python3.12/site-packages/airflow/example_dags/example_short_circuit_operator.py
[2024-05-06T20:07:22.177+0000] {logging_mixin.py:188} INFO - [2024-05-06T20:07:22.177+0000] {dag.py:3096} INFO - Sync 1 DAGs
[2024-05-06T20:07:22.187+0000] {logging_mixin.py:188} INFO - [2024-05-06T20:07:22.187+0000] {dag.py:3954} INFO - Setting next_dagrun for example_short_circuit_operator to 2024-05-05 00:00:00+00:00, run_after=2024-05-06 00:00:00+00:00
[2024-05-06T20:07:22.194+0000] {processor.py:183} INFO - Processing /home/airflow/.local/lib/python3.12/site-packages/airflow/example_dags/example_short_circuit_operator.py took 0.043 seconds
[2024-05-06T20:07:53.212+0000] {processor.py:161} INFO - Started process (PID=5257) to work on /home/airflow/.local/lib/python3.12/site-packages/airflow/example_dags/example_short_circuit_operator.py
[2024-05-06T20:07:53.213+0000] {processor.py:830} INFO - Processing file /home/airflow/.local/lib/python3.12/site-packages/airflow/example_dags/example_short_circuit_operator.py for tasks to queue
[2024-05-06T20:07:53.214+0000] {logging_mixin.py:188} INFO - [2024-05-06T20:07:53.214+0000] {dagbag.py:540} INFO - Filling up the DagBag from /home/airflow/.local/lib/python3.12/site-packages/airflow/example_dags/example_short_circuit_operator.py
[2024-05-06T20:07:53.218+0000] {processor.py:840} INFO - DAG(s) 'example_short_circuit_operator' retrieved from /home/airflow/.local/lib/python3.12/site-packages/airflow/example_dags/example_short_circuit_operator.py
[2024-05-06T20:07:53.232+0000] {logging_mixin.py:188} INFO - [2024-05-06T20:07:53.232+0000] {dag.py:3096} INFO - Sync 1 DAGs
[2024-05-06T20:07:53.244+0000] {logging_mixin.py:188} INFO - [2024-05-06T20:07:53.243+0000] {dag.py:3954} INFO - Setting next_dagrun for example_short_circuit_operator to 2024-05-05 00:00:00+00:00, run_after=2024-05-06 00:00:00+00:00
[2024-05-06T20:07:53.252+0000] {processor.py:183} INFO - Processing /home/airflow/.local/lib/python3.12/site-packages/airflow/example_dags/example_short_circuit_operator.py took 0.043 seconds
[2024-05-06T20:08:23.424+0000] {processor.py:161} INFO - Started process (PID=5315) to work on /home/airflow/.local/lib/python3.12/site-packages/airflow/example_dags/example_short_circuit_operator.py
[2024-05-06T20:08:23.425+0000] {processor.py:830} INFO - Processing file /home/airflow/.local/lib/python3.12/site-packages/airflow/example_dags/example_short_circuit_operator.py for tasks to queue
[2024-05-06T20:08:23.429+0000] {logging_mixin.py:188} INFO - [2024-05-06T20:08:23.429+0000] {dagbag.py:540} INFO - Filling up the DagBag from /home/airflow/.local/lib/python3.12/site-packages/airflow/example_dags/example_short_circuit_operator.py
[2024-05-06T20:08:23.447+0000] {processor.py:840} INFO - DAG(s) 'example_short_circuit_operator' retrieved from /home/airflow/.local/lib/python3.12/site-packages/airflow/example_dags/example_short_circuit_operator.py
[2024-05-06T20:08:23.463+0000] {logging_mixin.py:188} INFO - [2024-05-06T20:08:23.463+0000] {dag.py:3096} INFO - Sync 1 DAGs
[2024-05-06T20:08:23.478+0000] {logging_mixin.py:188} INFO - [2024-05-06T20:08:23.478+0000] {dag.py:3954} INFO - Setting next_dagrun for example_short_circuit_operator to 2024-05-05 00:00:00+00:00, run_after=2024-05-06 00:00:00+00:00
[2024-05-06T20:08:23.490+0000] {processor.py:183} INFO - Processing /home/airflow/.local/lib/python3.12/site-packages/airflow/example_dags/example_short_circuit_operator.py took 0.070 seconds
[2024-05-06T20:08:54.467+0000] {processor.py:161} INFO - Started process (PID=5374) to work on /home/airflow/.local/lib/python3.12/site-packages/airflow/example_dags/example_short_circuit_operator.py
[2024-05-06T20:08:54.468+0000] {processor.py:830} INFO - Processing file /home/airflow/.local/lib/python3.12/site-packages/airflow/example_dags/example_short_circuit_operator.py for tasks to queue
[2024-05-06T20:08:54.470+0000] {logging_mixin.py:188} INFO - [2024-05-06T20:08:54.470+0000] {dagbag.py:540} INFO - Filling up the DagBag from /home/airflow/.local/lib/python3.12/site-packages/airflow/example_dags/example_short_circuit_operator.py
[2024-05-06T20:08:54.477+0000] {processor.py:840} INFO - DAG(s) 'example_short_circuit_operator' retrieved from /home/airflow/.local/lib/python3.12/site-packages/airflow/example_dags/example_short_circuit_operator.py
[2024-05-06T20:08:54.494+0000] {logging_mixin.py:188} INFO - [2024-05-06T20:08:54.494+0000] {dag.py:3096} INFO - Sync 1 DAGs
[2024-05-06T20:08:54.507+0000] {logging_mixin.py:188} INFO - [2024-05-06T20:08:54.507+0000] {dag.py:3954} INFO - Setting next_dagrun for example_short_circuit_operator to 2024-05-05 00:00:00+00:00, run_after=2024-05-06 00:00:00+00:00
[2024-05-06T20:08:54.516+0000] {processor.py:183} INFO - Processing /home/airflow/.local/lib/python3.12/site-packages/airflow/example_dags/example_short_circuit_operator.py took 0.056 seconds
[2024-05-06T20:09:25.257+0000] {processor.py:161} INFO - Started process (PID=5433) to work on /home/airflow/.local/lib/python3.12/site-packages/airflow/example_dags/example_short_circuit_operator.py
[2024-05-06T20:09:25.258+0000] {processor.py:830} INFO - Processing file /home/airflow/.local/lib/python3.12/site-packages/airflow/example_dags/example_short_circuit_operator.py for tasks to queue
[2024-05-06T20:09:25.261+0000] {logging_mixin.py:188} INFO - [2024-05-06T20:09:25.260+0000] {dagbag.py:540} INFO - Filling up the DagBag from /home/airflow/.local/lib/python3.12/site-packages/airflow/example_dags/example_short_circuit_operator.py
[2024-05-06T20:09:25.269+0000] {processor.py:840} INFO - DAG(s) 'example_short_circuit_operator' retrieved from /home/airflow/.local/lib/python3.12/site-packages/airflow/example_dags/example_short_circuit_operator.py
[2024-05-06T20:09:25.287+0000] {logging_mixin.py:188} INFO - [2024-05-06T20:09:25.287+0000] {dag.py:3096} INFO - Sync 1 DAGs
[2024-05-06T20:09:25.300+0000] {logging_mixin.py:188} INFO - [2024-05-06T20:09:25.300+0000] {dag.py:3954} INFO - Setting next_dagrun for example_short_circuit_operator to 2024-05-05 00:00:00+00:00, run_after=2024-05-06 00:00:00+00:00
[2024-05-06T20:09:25.310+0000] {processor.py:183} INFO - Processing /home/airflow/.local/lib/python3.12/site-packages/airflow/example_dags/example_short_circuit_operator.py took 0.060 seconds
[2024-05-06T20:09:55.436+0000] {processor.py:161} INFO - Started process (PID=5491) to work on /home/airflow/.local/lib/python3.12/site-packages/airflow/example_dags/example_short_circuit_operator.py
[2024-05-06T20:09:55.437+0000] {processor.py:830} INFO - Processing file /home/airflow/.local/lib/python3.12/site-packages/airflow/example_dags/example_short_circuit_operator.py for tasks to queue
[2024-05-06T20:09:55.438+0000] {logging_mixin.py:188} INFO - [2024-05-06T20:09:55.438+0000] {dagbag.py:540} INFO - Filling up the DagBag from /home/airflow/.local/lib/python3.12/site-packages/airflow/example_dags/example_short_circuit_operator.py
[2024-05-06T20:09:55.442+0000] {processor.py:840} INFO - DAG(s) 'example_short_circuit_operator' retrieved from /home/airflow/.local/lib/python3.12/site-packages/airflow/example_dags/example_short_circuit_operator.py
[2024-05-06T20:09:55.454+0000] {logging_mixin.py:188} INFO - [2024-05-06T20:09:55.454+0000] {dag.py:3096} INFO - Sync 1 DAGs
[2024-05-06T20:09:55.468+0000] {logging_mixin.py:188} INFO - [2024-05-06T20:09:55.468+0000] {dag.py:3954} INFO - Setting next_dagrun for example_short_circuit_operator to 2024-05-05 00:00:00+00:00, run_after=2024-05-06 00:00:00+00:00
[2024-05-06T20:09:55.477+0000] {processor.py:183} INFO - Processing /home/airflow/.local/lib/python3.12/site-packages/airflow/example_dags/example_short_circuit_operator.py took 0.045 seconds
[2024-05-06T20:10:25.573+0000] {processor.py:161} INFO - Started process (PID=5550) to work on /home/airflow/.local/lib/python3.12/site-packages/airflow/example_dags/example_short_circuit_operator.py
[2024-05-06T20:10:25.573+0000] {processor.py:830} INFO - Processing file /home/airflow/.local/lib/python3.12/site-packages/airflow/example_dags/example_short_circuit_operator.py for tasks to queue
[2024-05-06T20:10:25.574+0000] {logging_mixin.py:188} INFO - [2024-05-06T20:10:25.574+0000] {dagbag.py:540} INFO - Filling up the DagBag from /home/airflow/.local/lib/python3.12/site-packages/airflow/example_dags/example_short_circuit_operator.py
[2024-05-06T20:10:25.579+0000] {processor.py:840} INFO - DAG(s) 'example_short_circuit_operator' retrieved from /home/airflow/.local/lib/python3.12/site-packages/airflow/example_dags/example_short_circuit_operator.py
[2024-05-06T20:10:25.590+0000] {logging_mixin.py:188} INFO - [2024-05-06T20:10:25.590+0000] {dag.py:3096} INFO - Sync 1 DAGs
[2024-05-06T20:10:25.601+0000] {logging_mixin.py:188} INFO - [2024-05-06T20:10:25.601+0000] {dag.py:3954} INFO - Setting next_dagrun for example_short_circuit_operator to 2024-05-05 00:00:00+00:00, run_after=2024-05-06 00:00:00+00:00
[2024-05-06T20:10:25.610+0000] {processor.py:183} INFO - Processing /home/airflow/.local/lib/python3.12/site-packages/airflow/example_dags/example_short_circuit_operator.py took 0.040 seconds
[2024-05-06T20:10:55.753+0000] {processor.py:161} INFO - Started process (PID=5609) to work on /home/airflow/.local/lib/python3.12/site-packages/airflow/example_dags/example_short_circuit_operator.py
[2024-05-06T20:10:55.754+0000] {processor.py:830} INFO - Processing file /home/airflow/.local/lib/python3.12/site-packages/airflow/example_dags/example_short_circuit_operator.py for tasks to queue
[2024-05-06T20:10:55.755+0000] {logging_mixin.py:188} INFO - [2024-05-06T20:10:55.755+0000] {dagbag.py:540} INFO - Filling up the DagBag from /home/airflow/.local/lib/python3.12/site-packages/airflow/example_dags/example_short_circuit_operator.py
[2024-05-06T20:10:55.758+0000] {processor.py:840} INFO - DAG(s) 'example_short_circuit_operator' retrieved from /home/airflow/.local/lib/python3.12/site-packages/airflow/example_dags/example_short_circuit_operator.py
[2024-05-06T20:10:55.769+0000] {logging_mixin.py:188} INFO - [2024-05-06T20:10:55.769+0000] {dag.py:3096} INFO - Sync 1 DAGs
[2024-05-06T20:10:55.778+0000] {logging_mixin.py:188} INFO - [2024-05-06T20:10:55.778+0000] {dag.py:3954} INFO - Setting next_dagrun for example_short_circuit_operator to 2024-05-05 00:00:00+00:00, run_after=2024-05-06 00:00:00+00:00
[2024-05-06T20:10:55.786+0000] {processor.py:183} INFO - Processing /home/airflow/.local/lib/python3.12/site-packages/airflow/example_dags/example_short_circuit_operator.py took 0.036 seconds
