[2024-05-06T17:59:07.252+0000] {processor.py:161} INFO - Started process (PID=33) to work on /home/airflow/.local/lib/python3.12/site-packages/airflow/example_dags/example_complex.py
[2024-05-06T17:59:07.253+0000] {processor.py:830} INFO - Processing file /home/airflow/.local/lib/python3.12/site-packages/airflow/example_dags/example_complex.py for tasks to queue
[2024-05-06T17:59:07.254+0000] {logging_mixin.py:188} INFO - [2024-05-06T17:59:07.254+0000] {dagbag.py:540} INFO - Filling up the DagBag from /home/airflow/.local/lib/python3.12/site-packages/airflow/example_dags/example_complex.py
[2024-05-06T17:59:07.262+0000] {processor.py:840} INFO - DAG(s) 'example_complex' retrieved from /home/airflow/.local/lib/python3.12/site-packages/airflow/example_dags/example_complex.py
[2024-05-06T17:59:07.322+0000] {logging_mixin.py:188} INFO - [2024-05-06T17:59:07.321+0000] {override.py:1829} INFO - Created Permission View: can delete on DAG:example_complex
[2024-05-06T17:59:07.327+0000] {logging_mixin.py:188} INFO - [2024-05-06T17:59:07.327+0000] {override.py:1829} INFO - Created Permission View: can edit on DAG:example_complex
[2024-05-06T17:59:07.330+0000] {logging_mixin.py:188} INFO - [2024-05-06T17:59:07.330+0000] {override.py:1829} INFO - Created Permission View: can read on DAG:example_complex
[2024-05-06T17:59:07.331+0000] {logging_mixin.py:188} INFO - [2024-05-06T17:59:07.331+0000] {dag.py:3096} INFO - Sync 1 DAGs
[2024-05-06T17:59:07.337+0000] {logging_mixin.py:188} INFO - [2024-05-06T17:59:07.337+0000] {dag.py:3118} INFO - Creating ORM DAG for example_complex
[2024-05-06T17:59:07.338+0000] {logging_mixin.py:188} INFO - [2024-05-06T17:59:07.338+0000] {dag.py:3954} INFO - Setting next_dagrun for example_complex to None, run_after=None
[2024-05-06T17:59:07.349+0000] {processor.py:183} INFO - Processing /home/airflow/.local/lib/python3.12/site-packages/airflow/example_dags/example_complex.py took 0.100 seconds
[2024-05-06T17:59:37.751+0000] {processor.py:161} INFO - Started process (PID=90) to work on /home/airflow/.local/lib/python3.12/site-packages/airflow/example_dags/example_complex.py
[2024-05-06T17:59:37.751+0000] {processor.py:830} INFO - Processing file /home/airflow/.local/lib/python3.12/site-packages/airflow/example_dags/example_complex.py for tasks to queue
[2024-05-06T17:59:37.752+0000] {logging_mixin.py:188} INFO - [2024-05-06T17:59:37.752+0000] {dagbag.py:540} INFO - Filling up the DagBag from /home/airflow/.local/lib/python3.12/site-packages/airflow/example_dags/example_complex.py
[2024-05-06T17:59:37.757+0000] {processor.py:840} INFO - DAG(s) 'example_complex' retrieved from /home/airflow/.local/lib/python3.12/site-packages/airflow/example_dags/example_complex.py
[2024-05-06T17:59:37.771+0000] {logging_mixin.py:188} INFO - [2024-05-06T17:59:37.770+0000] {dag.py:3096} INFO - Sync 1 DAGs
[2024-05-06T17:59:37.777+0000] {logging_mixin.py:188} INFO - [2024-05-06T17:59:37.776+0000] {dag.py:3954} INFO - Setting next_dagrun for example_complex to None, run_after=None
[2024-05-06T17:59:37.786+0000] {processor.py:183} INFO - Processing /home/airflow/.local/lib/python3.12/site-packages/airflow/example_dags/example_complex.py took 0.038 seconds
[2024-05-06T18:00:08.312+0000] {processor.py:161} INFO - Started process (PID=148) to work on /home/airflow/.local/lib/python3.12/site-packages/airflow/example_dags/example_complex.py
[2024-05-06T18:00:08.312+0000] {processor.py:830} INFO - Processing file /home/airflow/.local/lib/python3.12/site-packages/airflow/example_dags/example_complex.py for tasks to queue
[2024-05-06T18:00:08.313+0000] {logging_mixin.py:188} INFO - [2024-05-06T18:00:08.313+0000] {dagbag.py:540} INFO - Filling up the DagBag from /home/airflow/.local/lib/python3.12/site-packages/airflow/example_dags/example_complex.py
[2024-05-06T18:00:08.318+0000] {processor.py:840} INFO - DAG(s) 'example_complex' retrieved from /home/airflow/.local/lib/python3.12/site-packages/airflow/example_dags/example_complex.py
[2024-05-06T18:00:08.332+0000] {logging_mixin.py:188} INFO - [2024-05-06T18:00:08.331+0000] {dag.py:3096} INFO - Sync 1 DAGs
[2024-05-06T18:00:08.338+0000] {logging_mixin.py:188} INFO - [2024-05-06T18:00:08.338+0000] {dag.py:3954} INFO - Setting next_dagrun for example_complex to None, run_after=None
[2024-05-06T18:00:08.346+0000] {processor.py:183} INFO - Processing /home/airflow/.local/lib/python3.12/site-packages/airflow/example_dags/example_complex.py took 0.038 seconds
[2024-05-06T18:00:38.923+0000] {processor.py:161} INFO - Started process (PID=206) to work on /home/airflow/.local/lib/python3.12/site-packages/airflow/example_dags/example_complex.py
[2024-05-06T18:00:38.924+0000] {processor.py:830} INFO - Processing file /home/airflow/.local/lib/python3.12/site-packages/airflow/example_dags/example_complex.py for tasks to queue
[2024-05-06T18:00:38.924+0000] {logging_mixin.py:188} INFO - [2024-05-06T18:00:38.924+0000] {dagbag.py:540} INFO - Filling up the DagBag from /home/airflow/.local/lib/python3.12/site-packages/airflow/example_dags/example_complex.py
[2024-05-06T18:00:38.930+0000] {processor.py:840} INFO - DAG(s) 'example_complex' retrieved from /home/airflow/.local/lib/python3.12/site-packages/airflow/example_dags/example_complex.py
[2024-05-06T18:00:38.943+0000] {logging_mixin.py:188} INFO - [2024-05-06T18:00:38.943+0000] {dag.py:3096} INFO - Sync 1 DAGs
[2024-05-06T18:00:38.949+0000] {logging_mixin.py:188} INFO - [2024-05-06T18:00:38.949+0000] {dag.py:3954} INFO - Setting next_dagrun for example_complex to None, run_after=None
[2024-05-06T18:00:38.957+0000] {processor.py:183} INFO - Processing /home/airflow/.local/lib/python3.12/site-packages/airflow/example_dags/example_complex.py took 0.037 seconds
[2024-05-06T18:01:09.525+0000] {processor.py:161} INFO - Started process (PID=264) to work on /home/airflow/.local/lib/python3.12/site-packages/airflow/example_dags/example_complex.py
[2024-05-06T18:01:09.526+0000] {processor.py:830} INFO - Processing file /home/airflow/.local/lib/python3.12/site-packages/airflow/example_dags/example_complex.py for tasks to queue
[2024-05-06T18:01:09.529+0000] {logging_mixin.py:188} INFO - [2024-05-06T18:01:09.529+0000] {dagbag.py:540} INFO - Filling up the DagBag from /home/airflow/.local/lib/python3.12/site-packages/airflow/example_dags/example_complex.py
[2024-05-06T18:01:09.535+0000] {processor.py:840} INFO - DAG(s) 'example_complex' retrieved from /home/airflow/.local/lib/python3.12/site-packages/airflow/example_dags/example_complex.py
[2024-05-06T18:01:09.549+0000] {logging_mixin.py:188} INFO - [2024-05-06T18:01:09.549+0000] {dag.py:3096} INFO - Sync 1 DAGs
[2024-05-06T18:01:09.556+0000] {logging_mixin.py:188} INFO - [2024-05-06T18:01:09.556+0000] {dag.py:3954} INFO - Setting next_dagrun for example_complex to None, run_after=None
[2024-05-06T18:01:09.564+0000] {processor.py:183} INFO - Processing /home/airflow/.local/lib/python3.12/site-packages/airflow/example_dags/example_complex.py took 0.042 seconds
[2024-05-06T18:01:40.115+0000] {processor.py:161} INFO - Started process (PID=322) to work on /home/airflow/.local/lib/python3.12/site-packages/airflow/example_dags/example_complex.py
[2024-05-06T18:01:40.116+0000] {processor.py:830} INFO - Processing file /home/airflow/.local/lib/python3.12/site-packages/airflow/example_dags/example_complex.py for tasks to queue
[2024-05-06T18:01:40.117+0000] {logging_mixin.py:188} INFO - [2024-05-06T18:01:40.117+0000] {dagbag.py:540} INFO - Filling up the DagBag from /home/airflow/.local/lib/python3.12/site-packages/airflow/example_dags/example_complex.py
[2024-05-06T18:01:40.122+0000] {processor.py:840} INFO - DAG(s) 'example_complex' retrieved from /home/airflow/.local/lib/python3.12/site-packages/airflow/example_dags/example_complex.py
[2024-05-06T18:01:40.135+0000] {logging_mixin.py:188} INFO - [2024-05-06T18:01:40.135+0000] {dag.py:3096} INFO - Sync 1 DAGs
[2024-05-06T18:01:40.141+0000] {logging_mixin.py:188} INFO - [2024-05-06T18:01:40.141+0000] {dag.py:3954} INFO - Setting next_dagrun for example_complex to None, run_after=None
[2024-05-06T18:01:40.150+0000] {processor.py:183} INFO - Processing /home/airflow/.local/lib/python3.12/site-packages/airflow/example_dags/example_complex.py took 0.037 seconds
[2024-05-06T18:02:10.741+0000] {processor.py:161} INFO - Started process (PID=380) to work on /home/airflow/.local/lib/python3.12/site-packages/airflow/example_dags/example_complex.py
[2024-05-06T18:02:10.742+0000] {processor.py:830} INFO - Processing file /home/airflow/.local/lib/python3.12/site-packages/airflow/example_dags/example_complex.py for tasks to queue
[2024-05-06T18:02:10.743+0000] {logging_mixin.py:188} INFO - [2024-05-06T18:02:10.743+0000] {dagbag.py:540} INFO - Filling up the DagBag from /home/airflow/.local/lib/python3.12/site-packages/airflow/example_dags/example_complex.py
[2024-05-06T18:02:10.748+0000] {processor.py:840} INFO - DAG(s) 'example_complex' retrieved from /home/airflow/.local/lib/python3.12/site-packages/airflow/example_dags/example_complex.py
[2024-05-06T18:02:10.764+0000] {logging_mixin.py:188} INFO - [2024-05-06T18:02:10.764+0000] {dag.py:3096} INFO - Sync 1 DAGs
[2024-05-06T18:02:10.806+0000] {logging_mixin.py:188} INFO - [2024-05-06T18:02:10.806+0000] {dag.py:3954} INFO - Setting next_dagrun for example_complex to None, run_after=None
[2024-05-06T18:02:10.816+0000] {processor.py:183} INFO - Processing /home/airflow/.local/lib/python3.12/site-packages/airflow/example_dags/example_complex.py took 0.077 seconds
[2024-05-06T18:02:41.402+0000] {processor.py:161} INFO - Started process (PID=438) to work on /home/airflow/.local/lib/python3.12/site-packages/airflow/example_dags/example_complex.py
[2024-05-06T18:02:41.402+0000] {processor.py:830} INFO - Processing file /home/airflow/.local/lib/python3.12/site-packages/airflow/example_dags/example_complex.py for tasks to queue
[2024-05-06T18:02:41.403+0000] {logging_mixin.py:188} INFO - [2024-05-06T18:02:41.403+0000] {dagbag.py:540} INFO - Filling up the DagBag from /home/airflow/.local/lib/python3.12/site-packages/airflow/example_dags/example_complex.py
[2024-05-06T18:02:41.408+0000] {processor.py:840} INFO - DAG(s) 'example_complex' retrieved from /home/airflow/.local/lib/python3.12/site-packages/airflow/example_dags/example_complex.py
[2024-05-06T18:02:41.422+0000] {logging_mixin.py:188} INFO - [2024-05-06T18:02:41.422+0000] {dag.py:3096} INFO - Sync 1 DAGs
[2024-05-06T18:02:41.428+0000] {logging_mixin.py:188} INFO - [2024-05-06T18:02:41.428+0000] {dag.py:3954} INFO - Setting next_dagrun for example_complex to None, run_after=None
[2024-05-06T18:02:41.436+0000] {processor.py:183} INFO - Processing /home/airflow/.local/lib/python3.12/site-packages/airflow/example_dags/example_complex.py took 0.038 seconds
[2024-05-06T18:03:11.950+0000] {processor.py:161} INFO - Started process (PID=496) to work on /home/airflow/.local/lib/python3.12/site-packages/airflow/example_dags/example_complex.py
[2024-05-06T18:03:11.951+0000] {processor.py:830} INFO - Processing file /home/airflow/.local/lib/python3.12/site-packages/airflow/example_dags/example_complex.py for tasks to queue
[2024-05-06T18:03:11.952+0000] {logging_mixin.py:188} INFO - [2024-05-06T18:03:11.952+0000] {dagbag.py:540} INFO - Filling up the DagBag from /home/airflow/.local/lib/python3.12/site-packages/airflow/example_dags/example_complex.py
[2024-05-06T18:03:11.957+0000] {processor.py:840} INFO - DAG(s) 'example_complex' retrieved from /home/airflow/.local/lib/python3.12/site-packages/airflow/example_dags/example_complex.py
[2024-05-06T18:03:11.970+0000] {logging_mixin.py:188} INFO - [2024-05-06T18:03:11.970+0000] {dag.py:3096} INFO - Sync 1 DAGs
[2024-05-06T18:03:11.976+0000] {logging_mixin.py:188} INFO - [2024-05-06T18:03:11.976+0000] {dag.py:3954} INFO - Setting next_dagrun for example_complex to None, run_after=None
[2024-05-06T18:03:11.985+0000] {processor.py:183} INFO - Processing /home/airflow/.local/lib/python3.12/site-packages/airflow/example_dags/example_complex.py took 0.037 seconds
[2024-05-06T18:03:42.540+0000] {processor.py:161} INFO - Started process (PID=554) to work on /home/airflow/.local/lib/python3.12/site-packages/airflow/example_dags/example_complex.py
[2024-05-06T18:03:42.540+0000] {processor.py:830} INFO - Processing file /home/airflow/.local/lib/python3.12/site-packages/airflow/example_dags/example_complex.py for tasks to queue
[2024-05-06T18:03:42.541+0000] {logging_mixin.py:188} INFO - [2024-05-06T18:03:42.541+0000] {dagbag.py:540} INFO - Filling up the DagBag from /home/airflow/.local/lib/python3.12/site-packages/airflow/example_dags/example_complex.py
[2024-05-06T18:03:42.546+0000] {processor.py:840} INFO - DAG(s) 'example_complex' retrieved from /home/airflow/.local/lib/python3.12/site-packages/airflow/example_dags/example_complex.py
[2024-05-06T18:03:42.560+0000] {logging_mixin.py:188} INFO - [2024-05-06T18:03:42.559+0000] {dag.py:3096} INFO - Sync 1 DAGs
[2024-05-06T18:03:42.565+0000] {logging_mixin.py:188} INFO - [2024-05-06T18:03:42.565+0000] {dag.py:3954} INFO - Setting next_dagrun for example_complex to None, run_after=None
[2024-05-06T18:03:42.574+0000] {processor.py:183} INFO - Processing /home/airflow/.local/lib/python3.12/site-packages/airflow/example_dags/example_complex.py took 0.037 seconds
[2024-05-06T18:04:13.138+0000] {processor.py:161} INFO - Started process (PID=612) to work on /home/airflow/.local/lib/python3.12/site-packages/airflow/example_dags/example_complex.py
[2024-05-06T18:04:13.139+0000] {processor.py:830} INFO - Processing file /home/airflow/.local/lib/python3.12/site-packages/airflow/example_dags/example_complex.py for tasks to queue
[2024-05-06T18:04:13.140+0000] {logging_mixin.py:188} INFO - [2024-05-06T18:04:13.139+0000] {dagbag.py:540} INFO - Filling up the DagBag from /home/airflow/.local/lib/python3.12/site-packages/airflow/example_dags/example_complex.py
[2024-05-06T18:04:13.144+0000] {processor.py:840} INFO - DAG(s) 'example_complex' retrieved from /home/airflow/.local/lib/python3.12/site-packages/airflow/example_dags/example_complex.py
[2024-05-06T18:04:13.158+0000] {logging_mixin.py:188} INFO - [2024-05-06T18:04:13.158+0000] {dag.py:3096} INFO - Sync 1 DAGs
[2024-05-06T18:04:13.164+0000] {logging_mixin.py:188} INFO - [2024-05-06T18:04:13.164+0000] {dag.py:3954} INFO - Setting next_dagrun for example_complex to None, run_after=None
[2024-05-06T18:04:13.172+0000] {processor.py:183} INFO - Processing /home/airflow/.local/lib/python3.12/site-packages/airflow/example_dags/example_complex.py took 0.037 seconds
[2024-05-06T18:04:43.813+0000] {processor.py:161} INFO - Started process (PID=670) to work on /home/airflow/.local/lib/python3.12/site-packages/airflow/example_dags/example_complex.py
[2024-05-06T18:04:43.814+0000] {processor.py:830} INFO - Processing file /home/airflow/.local/lib/python3.12/site-packages/airflow/example_dags/example_complex.py for tasks to queue
[2024-05-06T18:04:43.814+0000] {logging_mixin.py:188} INFO - [2024-05-06T18:04:43.814+0000] {dagbag.py:540} INFO - Filling up the DagBag from /home/airflow/.local/lib/python3.12/site-packages/airflow/example_dags/example_complex.py
[2024-05-06T18:04:43.820+0000] {processor.py:840} INFO - DAG(s) 'example_complex' retrieved from /home/airflow/.local/lib/python3.12/site-packages/airflow/example_dags/example_complex.py
[2024-05-06T18:04:43.834+0000] {logging_mixin.py:188} INFO - [2024-05-06T18:04:43.834+0000] {dag.py:3096} INFO - Sync 1 DAGs
[2024-05-06T18:04:43.840+0000] {logging_mixin.py:188} INFO - [2024-05-06T18:04:43.839+0000] {dag.py:3954} INFO - Setting next_dagrun for example_complex to None, run_after=None
[2024-05-06T18:04:43.848+0000] {processor.py:183} INFO - Processing /home/airflow/.local/lib/python3.12/site-packages/airflow/example_dags/example_complex.py took 0.038 seconds
[2024-05-06T18:05:14.384+0000] {processor.py:161} INFO - Started process (PID=728) to work on /home/airflow/.local/lib/python3.12/site-packages/airflow/example_dags/example_complex.py
[2024-05-06T18:05:14.385+0000] {processor.py:830} INFO - Processing file /home/airflow/.local/lib/python3.12/site-packages/airflow/example_dags/example_complex.py for tasks to queue
[2024-05-06T18:05:14.386+0000] {logging_mixin.py:188} INFO - [2024-05-06T18:05:14.386+0000] {dagbag.py:540} INFO - Filling up the DagBag from /home/airflow/.local/lib/python3.12/site-packages/airflow/example_dags/example_complex.py
[2024-05-06T18:05:14.391+0000] {processor.py:840} INFO - DAG(s) 'example_complex' retrieved from /home/airflow/.local/lib/python3.12/site-packages/airflow/example_dags/example_complex.py
[2024-05-06T18:05:14.405+0000] {logging_mixin.py:188} INFO - [2024-05-06T18:05:14.405+0000] {dag.py:3096} INFO - Sync 1 DAGs
[2024-05-06T18:05:14.411+0000] {logging_mixin.py:188} INFO - [2024-05-06T18:05:14.411+0000] {dag.py:3954} INFO - Setting next_dagrun for example_complex to None, run_after=None
[2024-05-06T18:05:14.420+0000] {processor.py:183} INFO - Processing /home/airflow/.local/lib/python3.12/site-packages/airflow/example_dags/example_complex.py took 0.038 seconds
[2024-05-06T18:05:44.964+0000] {processor.py:161} INFO - Started process (PID=786) to work on /home/airflow/.local/lib/python3.12/site-packages/airflow/example_dags/example_complex.py
[2024-05-06T18:05:44.965+0000] {processor.py:830} INFO - Processing file /home/airflow/.local/lib/python3.12/site-packages/airflow/example_dags/example_complex.py for tasks to queue
[2024-05-06T18:05:44.966+0000] {logging_mixin.py:188} INFO - [2024-05-06T18:05:44.966+0000] {dagbag.py:540} INFO - Filling up the DagBag from /home/airflow/.local/lib/python3.12/site-packages/airflow/example_dags/example_complex.py
[2024-05-06T18:05:44.972+0000] {processor.py:840} INFO - DAG(s) 'example_complex' retrieved from /home/airflow/.local/lib/python3.12/site-packages/airflow/example_dags/example_complex.py
[2024-05-06T18:05:44.991+0000] {logging_mixin.py:188} INFO - [2024-05-06T18:05:44.991+0000] {dag.py:3096} INFO - Sync 1 DAGs
[2024-05-06T18:05:44.999+0000] {logging_mixin.py:188} INFO - [2024-05-06T18:05:44.999+0000] {dag.py:3954} INFO - Setting next_dagrun for example_complex to None, run_after=None
[2024-05-06T18:05:45.009+0000] {processor.py:183} INFO - Processing /home/airflow/.local/lib/python3.12/site-packages/airflow/example_dags/example_complex.py took 0.049 seconds
[2024-05-06T18:06:15.038+0000] {processor.py:161} INFO - Started process (PID=844) to work on /home/airflow/.local/lib/python3.12/site-packages/airflow/example_dags/example_complex.py
[2024-05-06T18:06:15.039+0000] {processor.py:830} INFO - Processing file /home/airflow/.local/lib/python3.12/site-packages/airflow/example_dags/example_complex.py for tasks to queue
[2024-05-06T18:06:15.040+0000] {logging_mixin.py:188} INFO - [2024-05-06T18:06:15.040+0000] {dagbag.py:540} INFO - Filling up the DagBag from /home/airflow/.local/lib/python3.12/site-packages/airflow/example_dags/example_complex.py
[2024-05-06T18:06:15.044+0000] {processor.py:840} INFO - DAG(s) 'example_complex' retrieved from /home/airflow/.local/lib/python3.12/site-packages/airflow/example_dags/example_complex.py
[2024-05-06T18:06:15.060+0000] {logging_mixin.py:188} INFO - [2024-05-06T18:06:15.060+0000] {dag.py:3096} INFO - Sync 1 DAGs
[2024-05-06T18:06:15.066+0000] {logging_mixin.py:188} INFO - [2024-05-06T18:06:15.065+0000] {dag.py:3954} INFO - Setting next_dagrun for example_complex to None, run_after=None
[2024-05-06T18:06:15.074+0000] {processor.py:183} INFO - Processing /home/airflow/.local/lib/python3.12/site-packages/airflow/example_dags/example_complex.py took 0.039 seconds
[2024-05-06T18:07:59.787+0000] {processor.py:161} INFO - Started process (PID=902) to work on /home/airflow/.local/lib/python3.12/site-packages/airflow/example_dags/example_complex.py
[2024-05-06T18:07:59.788+0000] {processor.py:830} INFO - Processing file /home/airflow/.local/lib/python3.12/site-packages/airflow/example_dags/example_complex.py for tasks to queue
[2024-05-06T18:07:59.789+0000] {logging_mixin.py:188} INFO - [2024-05-06T18:07:59.789+0000] {dagbag.py:540} INFO - Filling up the DagBag from /home/airflow/.local/lib/python3.12/site-packages/airflow/example_dags/example_complex.py
[2024-05-06T18:07:59.794+0000] {processor.py:840} INFO - DAG(s) 'example_complex' retrieved from /home/airflow/.local/lib/python3.12/site-packages/airflow/example_dags/example_complex.py
[2024-05-06T18:07:59.808+0000] {logging_mixin.py:188} INFO - [2024-05-06T18:07:59.808+0000] {dag.py:3096} INFO - Sync 1 DAGs
[2024-05-06T18:07:59.814+0000] {logging_mixin.py:188} INFO - [2024-05-06T18:07:59.814+0000] {dag.py:3954} INFO - Setting next_dagrun for example_complex to None, run_after=None
[2024-05-06T18:07:59.829+0000] {processor.py:183} INFO - Processing /home/airflow/.local/lib/python3.12/site-packages/airflow/example_dags/example_complex.py took 0.044 seconds
[2024-05-06T18:08:30.043+0000] {processor.py:161} INFO - Started process (PID=960) to work on /home/airflow/.local/lib/python3.12/site-packages/airflow/example_dags/example_complex.py
[2024-05-06T18:08:30.043+0000] {processor.py:830} INFO - Processing file /home/airflow/.local/lib/python3.12/site-packages/airflow/example_dags/example_complex.py for tasks to queue
[2024-05-06T18:08:30.045+0000] {logging_mixin.py:188} INFO - [2024-05-06T18:08:30.044+0000] {dagbag.py:540} INFO - Filling up the DagBag from /home/airflow/.local/lib/python3.12/site-packages/airflow/example_dags/example_complex.py
[2024-05-06T18:08:30.050+0000] {processor.py:840} INFO - DAG(s) 'example_complex' retrieved from /home/airflow/.local/lib/python3.12/site-packages/airflow/example_dags/example_complex.py
[2024-05-06T18:08:30.067+0000] {logging_mixin.py:188} INFO - [2024-05-06T18:08:30.066+0000] {dag.py:3096} INFO - Sync 1 DAGs
[2024-05-06T18:08:30.072+0000] {logging_mixin.py:188} INFO - [2024-05-06T18:08:30.072+0000] {dag.py:3954} INFO - Setting next_dagrun for example_complex to None, run_after=None
[2024-05-06T18:08:30.081+0000] {processor.py:183} INFO - Processing /home/airflow/.local/lib/python3.12/site-packages/airflow/example_dags/example_complex.py took 0.041 seconds
[2024-05-06T18:09:00.982+0000] {processor.py:161} INFO - Started process (PID=1018) to work on /home/airflow/.local/lib/python3.12/site-packages/airflow/example_dags/example_complex.py
[2024-05-06T18:09:00.983+0000] {processor.py:830} INFO - Processing file /home/airflow/.local/lib/python3.12/site-packages/airflow/example_dags/example_complex.py for tasks to queue
[2024-05-06T18:09:00.984+0000] {logging_mixin.py:188} INFO - [2024-05-06T18:09:00.984+0000] {dagbag.py:540} INFO - Filling up the DagBag from /home/airflow/.local/lib/python3.12/site-packages/airflow/example_dags/example_complex.py
[2024-05-06T18:09:00.989+0000] {processor.py:840} INFO - DAG(s) 'example_complex' retrieved from /home/airflow/.local/lib/python3.12/site-packages/airflow/example_dags/example_complex.py
[2024-05-06T18:09:01.087+0000] {logging_mixin.py:188} INFO - [2024-05-06T18:09:01.087+0000] {dag.py:3096} INFO - Sync 1 DAGs
[2024-05-06T18:09:01.092+0000] {logging_mixin.py:188} INFO - [2024-05-06T18:09:01.092+0000] {dag.py:3954} INFO - Setting next_dagrun for example_complex to None, run_after=None
[2024-05-06T18:09:01.100+0000] {processor.py:183} INFO - Processing /home/airflow/.local/lib/python3.12/site-packages/airflow/example_dags/example_complex.py took 0.120 seconds
[2024-05-06T18:09:31.203+0000] {processor.py:161} INFO - Started process (PID=1076) to work on /home/airflow/.local/lib/python3.12/site-packages/airflow/example_dags/example_complex.py
[2024-05-06T18:09:31.204+0000] {processor.py:830} INFO - Processing file /home/airflow/.local/lib/python3.12/site-packages/airflow/example_dags/example_complex.py for tasks to queue
[2024-05-06T18:09:31.205+0000] {logging_mixin.py:188} INFO - [2024-05-06T18:09:31.205+0000] {dagbag.py:540} INFO - Filling up the DagBag from /home/airflow/.local/lib/python3.12/site-packages/airflow/example_dags/example_complex.py
[2024-05-06T18:09:31.210+0000] {processor.py:840} INFO - DAG(s) 'example_complex' retrieved from /home/airflow/.local/lib/python3.12/site-packages/airflow/example_dags/example_complex.py
[2024-05-06T18:09:31.225+0000] {logging_mixin.py:188} INFO - [2024-05-06T18:09:31.225+0000] {dag.py:3096} INFO - Sync 1 DAGs
[2024-05-06T18:09:31.311+0000] {logging_mixin.py:188} INFO - [2024-05-06T18:09:31.311+0000] {dag.py:3954} INFO - Setting next_dagrun for example_complex to None, run_after=None
[2024-05-06T18:09:31.319+0000] {processor.py:183} INFO - Processing /home/airflow/.local/lib/python3.12/site-packages/airflow/example_dags/example_complex.py took 0.118 seconds
[2024-05-06T18:10:01.510+0000] {processor.py:161} INFO - Started process (PID=1134) to work on /home/airflow/.local/lib/python3.12/site-packages/airflow/example_dags/example_complex.py
[2024-05-06T18:10:01.511+0000] {processor.py:830} INFO - Processing file /home/airflow/.local/lib/python3.12/site-packages/airflow/example_dags/example_complex.py for tasks to queue
[2024-05-06T18:10:01.512+0000] {logging_mixin.py:188} INFO - [2024-05-06T18:10:01.511+0000] {dagbag.py:540} INFO - Filling up the DagBag from /home/airflow/.local/lib/python3.12/site-packages/airflow/example_dags/example_complex.py
[2024-05-06T18:10:01.517+0000] {processor.py:840} INFO - DAG(s) 'example_complex' retrieved from /home/airflow/.local/lib/python3.12/site-packages/airflow/example_dags/example_complex.py
[2024-05-06T18:10:01.532+0000] {logging_mixin.py:188} INFO - [2024-05-06T18:10:01.532+0000] {dag.py:3096} INFO - Sync 1 DAGs
[2024-05-06T18:10:01.538+0000] {logging_mixin.py:188} INFO - [2024-05-06T18:10:01.538+0000] {dag.py:3954} INFO - Setting next_dagrun for example_complex to None, run_after=None
[2024-05-06T18:10:01.549+0000] {processor.py:183} INFO - Processing /home/airflow/.local/lib/python3.12/site-packages/airflow/example_dags/example_complex.py took 0.042 seconds
[2024-05-06T18:10:32.166+0000] {processor.py:161} INFO - Started process (PID=1192) to work on /home/airflow/.local/lib/python3.12/site-packages/airflow/example_dags/example_complex.py
[2024-05-06T18:10:32.166+0000] {processor.py:830} INFO - Processing file /home/airflow/.local/lib/python3.12/site-packages/airflow/example_dags/example_complex.py for tasks to queue
[2024-05-06T18:10:32.168+0000] {logging_mixin.py:188} INFO - [2024-05-06T18:10:32.167+0000] {dagbag.py:540} INFO - Filling up the DagBag from /home/airflow/.local/lib/python3.12/site-packages/airflow/example_dags/example_complex.py
[2024-05-06T18:10:32.173+0000] {processor.py:840} INFO - DAG(s) 'example_complex' retrieved from /home/airflow/.local/lib/python3.12/site-packages/airflow/example_dags/example_complex.py
[2024-05-06T18:10:32.187+0000] {logging_mixin.py:188} INFO - [2024-05-06T18:10:32.187+0000] {dag.py:3096} INFO - Sync 1 DAGs
[2024-05-06T18:10:32.193+0000] {logging_mixin.py:188} INFO - [2024-05-06T18:10:32.193+0000] {dag.py:3954} INFO - Setting next_dagrun for example_complex to None, run_after=None
[2024-05-06T18:10:32.202+0000] {processor.py:183} INFO - Processing /home/airflow/.local/lib/python3.12/site-packages/airflow/example_dags/example_complex.py took 0.040 seconds
[2024-05-06T18:11:02.705+0000] {processor.py:161} INFO - Started process (PID=1250) to work on /home/airflow/.local/lib/python3.12/site-packages/airflow/example_dags/example_complex.py
[2024-05-06T18:11:02.706+0000] {processor.py:830} INFO - Processing file /home/airflow/.local/lib/python3.12/site-packages/airflow/example_dags/example_complex.py for tasks to queue
[2024-05-06T18:11:02.707+0000] {logging_mixin.py:188} INFO - [2024-05-06T18:11:02.707+0000] {dagbag.py:540} INFO - Filling up the DagBag from /home/airflow/.local/lib/python3.12/site-packages/airflow/example_dags/example_complex.py
[2024-05-06T18:11:02.712+0000] {processor.py:840} INFO - DAG(s) 'example_complex' retrieved from /home/airflow/.local/lib/python3.12/site-packages/airflow/example_dags/example_complex.py
[2024-05-06T18:11:02.726+0000] {logging_mixin.py:188} INFO - [2024-05-06T18:11:02.726+0000] {dag.py:3096} INFO - Sync 1 DAGs
[2024-05-06T18:11:02.732+0000] {logging_mixin.py:188} INFO - [2024-05-06T18:11:02.732+0000] {dag.py:3954} INFO - Setting next_dagrun for example_complex to None, run_after=None
[2024-05-06T18:11:02.741+0000] {processor.py:183} INFO - Processing /home/airflow/.local/lib/python3.12/site-packages/airflow/example_dags/example_complex.py took 0.038 seconds
[2024-05-06T18:11:33.337+0000] {processor.py:161} INFO - Started process (PID=1307) to work on /home/airflow/.local/lib/python3.12/site-packages/airflow/example_dags/example_complex.py
[2024-05-06T18:11:33.337+0000] {processor.py:830} INFO - Processing file /home/airflow/.local/lib/python3.12/site-packages/airflow/example_dags/example_complex.py for tasks to queue
[2024-05-06T18:11:33.338+0000] {logging_mixin.py:188} INFO - [2024-05-06T18:11:33.338+0000] {dagbag.py:540} INFO - Filling up the DagBag from /home/airflow/.local/lib/python3.12/site-packages/airflow/example_dags/example_complex.py
[2024-05-06T18:11:33.343+0000] {processor.py:840} INFO - DAG(s) 'example_complex' retrieved from /home/airflow/.local/lib/python3.12/site-packages/airflow/example_dags/example_complex.py
[2024-05-06T18:11:33.357+0000] {logging_mixin.py:188} INFO - [2024-05-06T18:11:33.357+0000] {dag.py:3096} INFO - Sync 1 DAGs
[2024-05-06T18:11:33.363+0000] {logging_mixin.py:188} INFO - [2024-05-06T18:11:33.362+0000] {dag.py:3954} INFO - Setting next_dagrun for example_complex to None, run_after=None
[2024-05-06T18:11:33.371+0000] {processor.py:183} INFO - Processing /home/airflow/.local/lib/python3.12/site-packages/airflow/example_dags/example_complex.py took 0.038 seconds
[2024-05-06T18:12:03.924+0000] {processor.py:161} INFO - Started process (PID=1364) to work on /home/airflow/.local/lib/python3.12/site-packages/airflow/example_dags/example_complex.py
[2024-05-06T18:12:03.925+0000] {processor.py:830} INFO - Processing file /home/airflow/.local/lib/python3.12/site-packages/airflow/example_dags/example_complex.py for tasks to queue
[2024-05-06T18:12:03.926+0000] {logging_mixin.py:188} INFO - [2024-05-06T18:12:03.925+0000] {dagbag.py:540} INFO - Filling up the DagBag from /home/airflow/.local/lib/python3.12/site-packages/airflow/example_dags/example_complex.py
[2024-05-06T18:12:03.930+0000] {processor.py:840} INFO - DAG(s) 'example_complex' retrieved from /home/airflow/.local/lib/python3.12/site-packages/airflow/example_dags/example_complex.py
[2024-05-06T18:12:03.944+0000] {logging_mixin.py:188} INFO - [2024-05-06T18:12:03.944+0000] {dag.py:3096} INFO - Sync 1 DAGs
[2024-05-06T18:12:03.951+0000] {logging_mixin.py:188} INFO - [2024-05-06T18:12:03.950+0000] {dag.py:3954} INFO - Setting next_dagrun for example_complex to None, run_after=None
[2024-05-06T18:12:03.960+0000] {processor.py:183} INFO - Processing /home/airflow/.local/lib/python3.12/site-packages/airflow/example_dags/example_complex.py took 0.039 seconds
[2024-05-06T18:12:34.509+0000] {processor.py:161} INFO - Started process (PID=1422) to work on /home/airflow/.local/lib/python3.12/site-packages/airflow/example_dags/example_complex.py
[2024-05-06T18:12:34.510+0000] {processor.py:830} INFO - Processing file /home/airflow/.local/lib/python3.12/site-packages/airflow/example_dags/example_complex.py for tasks to queue
[2024-05-06T18:12:34.511+0000] {logging_mixin.py:188} INFO - [2024-05-06T18:12:34.511+0000] {dagbag.py:540} INFO - Filling up the DagBag from /home/airflow/.local/lib/python3.12/site-packages/airflow/example_dags/example_complex.py
[2024-05-06T18:12:34.515+0000] {processor.py:840} INFO - DAG(s) 'example_complex' retrieved from /home/airflow/.local/lib/python3.12/site-packages/airflow/example_dags/example_complex.py
[2024-05-06T18:12:34.530+0000] {logging_mixin.py:188} INFO - [2024-05-06T18:12:34.530+0000] {dag.py:3096} INFO - Sync 1 DAGs
[2024-05-06T18:12:34.537+0000] {logging_mixin.py:188} INFO - [2024-05-06T18:12:34.536+0000] {dag.py:3954} INFO - Setting next_dagrun for example_complex to None, run_after=None
[2024-05-06T18:12:34.545+0000] {processor.py:183} INFO - Processing /home/airflow/.local/lib/python3.12/site-packages/airflow/example_dags/example_complex.py took 0.039 seconds
[2024-05-06T18:13:05.109+0000] {processor.py:161} INFO - Started process (PID=1480) to work on /home/airflow/.local/lib/python3.12/site-packages/airflow/example_dags/example_complex.py
[2024-05-06T18:13:05.110+0000] {processor.py:830} INFO - Processing file /home/airflow/.local/lib/python3.12/site-packages/airflow/example_dags/example_complex.py for tasks to queue
[2024-05-06T18:13:05.111+0000] {logging_mixin.py:188} INFO - [2024-05-06T18:13:05.111+0000] {dagbag.py:540} INFO - Filling up the DagBag from /home/airflow/.local/lib/python3.12/site-packages/airflow/example_dags/example_complex.py
[2024-05-06T18:13:05.116+0000] {processor.py:840} INFO - DAG(s) 'example_complex' retrieved from /home/airflow/.local/lib/python3.12/site-packages/airflow/example_dags/example_complex.py
[2024-05-06T18:13:05.130+0000] {logging_mixin.py:188} INFO - [2024-05-06T18:13:05.130+0000] {dag.py:3096} INFO - Sync 1 DAGs
[2024-05-06T18:13:05.136+0000] {logging_mixin.py:188} INFO - [2024-05-06T18:13:05.136+0000] {dag.py:3954} INFO - Setting next_dagrun for example_complex to None, run_after=None
[2024-05-06T18:13:05.145+0000] {processor.py:183} INFO - Processing /home/airflow/.local/lib/python3.12/site-packages/airflow/example_dags/example_complex.py took 0.038 seconds
[2024-05-06T18:13:35.678+0000] {processor.py:161} INFO - Started process (PID=1538) to work on /home/airflow/.local/lib/python3.12/site-packages/airflow/example_dags/example_complex.py
[2024-05-06T18:13:35.678+0000] {processor.py:830} INFO - Processing file /home/airflow/.local/lib/python3.12/site-packages/airflow/example_dags/example_complex.py for tasks to queue
[2024-05-06T18:13:35.679+0000] {logging_mixin.py:188} INFO - [2024-05-06T18:13:35.679+0000] {dagbag.py:540} INFO - Filling up the DagBag from /home/airflow/.local/lib/python3.12/site-packages/airflow/example_dags/example_complex.py
[2024-05-06T18:13:35.684+0000] {processor.py:840} INFO - DAG(s) 'example_complex' retrieved from /home/airflow/.local/lib/python3.12/site-packages/airflow/example_dags/example_complex.py
[2024-05-06T18:13:35.698+0000] {logging_mixin.py:188} INFO - [2024-05-06T18:13:35.698+0000] {dag.py:3096} INFO - Sync 1 DAGs
[2024-05-06T18:13:35.708+0000] {logging_mixin.py:188} INFO - [2024-05-06T18:13:35.708+0000] {dag.py:3954} INFO - Setting next_dagrun for example_complex to None, run_after=None
[2024-05-06T18:13:35.717+0000] {processor.py:183} INFO - Processing /home/airflow/.local/lib/python3.12/site-packages/airflow/example_dags/example_complex.py took 0.043 seconds
[2024-05-06T18:14:06.271+0000] {processor.py:161} INFO - Started process (PID=1596) to work on /home/airflow/.local/lib/python3.12/site-packages/airflow/example_dags/example_complex.py
[2024-05-06T18:14:06.272+0000] {processor.py:830} INFO - Processing file /home/airflow/.local/lib/python3.12/site-packages/airflow/example_dags/example_complex.py for tasks to queue
[2024-05-06T18:14:06.273+0000] {logging_mixin.py:188} INFO - [2024-05-06T18:14:06.273+0000] {dagbag.py:540} INFO - Filling up the DagBag from /home/airflow/.local/lib/python3.12/site-packages/airflow/example_dags/example_complex.py
[2024-05-06T18:14:06.278+0000] {processor.py:840} INFO - DAG(s) 'example_complex' retrieved from /home/airflow/.local/lib/python3.12/site-packages/airflow/example_dags/example_complex.py
[2024-05-06T18:14:06.292+0000] {logging_mixin.py:188} INFO - [2024-05-06T18:14:06.292+0000] {dag.py:3096} INFO - Sync 1 DAGs
[2024-05-06T18:14:06.298+0000] {logging_mixin.py:188} INFO - [2024-05-06T18:14:06.298+0000] {dag.py:3954} INFO - Setting next_dagrun for example_complex to None, run_after=None
[2024-05-06T18:14:06.307+0000] {processor.py:183} INFO - Processing /home/airflow/.local/lib/python3.12/site-packages/airflow/example_dags/example_complex.py took 0.039 seconds
[2024-05-06T18:14:36.814+0000] {processor.py:161} INFO - Started process (PID=1654) to work on /home/airflow/.local/lib/python3.12/site-packages/airflow/example_dags/example_complex.py
[2024-05-06T18:14:36.815+0000] {processor.py:830} INFO - Processing file /home/airflow/.local/lib/python3.12/site-packages/airflow/example_dags/example_complex.py for tasks to queue
[2024-05-06T18:14:36.816+0000] {logging_mixin.py:188} INFO - [2024-05-06T18:14:36.815+0000] {dagbag.py:540} INFO - Filling up the DagBag from /home/airflow/.local/lib/python3.12/site-packages/airflow/example_dags/example_complex.py
[2024-05-06T18:14:36.820+0000] {processor.py:840} INFO - DAG(s) 'example_complex' retrieved from /home/airflow/.local/lib/python3.12/site-packages/airflow/example_dags/example_complex.py
[2024-05-06T18:14:36.834+0000] {logging_mixin.py:188} INFO - [2024-05-06T18:14:36.834+0000] {dag.py:3096} INFO - Sync 1 DAGs
[2024-05-06T18:14:36.841+0000] {logging_mixin.py:188} INFO - [2024-05-06T18:14:36.841+0000] {dag.py:3954} INFO - Setting next_dagrun for example_complex to None, run_after=None
[2024-05-06T18:14:36.850+0000] {processor.py:183} INFO - Processing /home/airflow/.local/lib/python3.12/site-packages/airflow/example_dags/example_complex.py took 0.039 seconds
[2024-05-06T18:15:07.392+0000] {processor.py:161} INFO - Started process (PID=1712) to work on /home/airflow/.local/lib/python3.12/site-packages/airflow/example_dags/example_complex.py
[2024-05-06T18:15:07.392+0000] {processor.py:830} INFO - Processing file /home/airflow/.local/lib/python3.12/site-packages/airflow/example_dags/example_complex.py for tasks to queue
[2024-05-06T18:15:07.393+0000] {logging_mixin.py:188} INFO - [2024-05-06T18:15:07.393+0000] {dagbag.py:540} INFO - Filling up the DagBag from /home/airflow/.local/lib/python3.12/site-packages/airflow/example_dags/example_complex.py
[2024-05-06T18:15:07.398+0000] {processor.py:840} INFO - DAG(s) 'example_complex' retrieved from /home/airflow/.local/lib/python3.12/site-packages/airflow/example_dags/example_complex.py
[2024-05-06T18:15:07.412+0000] {logging_mixin.py:188} INFO - [2024-05-06T18:15:07.412+0000] {dag.py:3096} INFO - Sync 1 DAGs
[2024-05-06T18:15:07.418+0000] {logging_mixin.py:188} INFO - [2024-05-06T18:15:07.418+0000] {dag.py:3954} INFO - Setting next_dagrun for example_complex to None, run_after=None
[2024-05-06T18:15:07.427+0000] {processor.py:183} INFO - Processing /home/airflow/.local/lib/python3.12/site-packages/airflow/example_dags/example_complex.py took 0.039 seconds
[2024-05-06T18:15:38.000+0000] {processor.py:161} INFO - Started process (PID=1770) to work on /home/airflow/.local/lib/python3.12/site-packages/airflow/example_dags/example_complex.py
[2024-05-06T18:15:38.000+0000] {processor.py:830} INFO - Processing file /home/airflow/.local/lib/python3.12/site-packages/airflow/example_dags/example_complex.py for tasks to queue
[2024-05-06T18:15:38.001+0000] {logging_mixin.py:188} INFO - [2024-05-06T18:15:38.001+0000] {dagbag.py:540} INFO - Filling up the DagBag from /home/airflow/.local/lib/python3.12/site-packages/airflow/example_dags/example_complex.py
[2024-05-06T18:15:38.006+0000] {processor.py:840} INFO - DAG(s) 'example_complex' retrieved from /home/airflow/.local/lib/python3.12/site-packages/airflow/example_dags/example_complex.py
[2024-05-06T18:15:38.020+0000] {logging_mixin.py:188} INFO - [2024-05-06T18:15:38.020+0000] {dag.py:3096} INFO - Sync 1 DAGs
[2024-05-06T18:15:38.026+0000] {logging_mixin.py:188} INFO - [2024-05-06T18:15:38.026+0000] {dag.py:3954} INFO - Setting next_dagrun for example_complex to None, run_after=None
[2024-05-06T18:15:38.035+0000] {processor.py:183} INFO - Processing /home/airflow/.local/lib/python3.12/site-packages/airflow/example_dags/example_complex.py took 0.038 seconds
[2024-05-06T18:16:08.585+0000] {processor.py:161} INFO - Started process (PID=1828) to work on /home/airflow/.local/lib/python3.12/site-packages/airflow/example_dags/example_complex.py
[2024-05-06T18:16:08.586+0000] {processor.py:830} INFO - Processing file /home/airflow/.local/lib/python3.12/site-packages/airflow/example_dags/example_complex.py for tasks to queue
[2024-05-06T18:16:08.587+0000] {logging_mixin.py:188} INFO - [2024-05-06T18:16:08.587+0000] {dagbag.py:540} INFO - Filling up the DagBag from /home/airflow/.local/lib/python3.12/site-packages/airflow/example_dags/example_complex.py
[2024-05-06T18:16:08.591+0000] {processor.py:840} INFO - DAG(s) 'example_complex' retrieved from /home/airflow/.local/lib/python3.12/site-packages/airflow/example_dags/example_complex.py
[2024-05-06T18:16:08.608+0000] {logging_mixin.py:188} INFO - [2024-05-06T18:16:08.608+0000] {dag.py:3096} INFO - Sync 1 DAGs
[2024-05-06T18:16:08.616+0000] {logging_mixin.py:188} INFO - [2024-05-06T18:16:08.616+0000] {dag.py:3954} INFO - Setting next_dagrun for example_complex to None, run_after=None
[2024-05-06T18:16:08.629+0000] {processor.py:183} INFO - Processing /home/airflow/.local/lib/python3.12/site-packages/airflow/example_dags/example_complex.py took 0.047 seconds
[2024-05-06T18:16:39.152+0000] {processor.py:161} INFO - Started process (PID=1886) to work on /home/airflow/.local/lib/python3.12/site-packages/airflow/example_dags/example_complex.py
[2024-05-06T18:16:39.152+0000] {processor.py:830} INFO - Processing file /home/airflow/.local/lib/python3.12/site-packages/airflow/example_dags/example_complex.py for tasks to queue
[2024-05-06T18:16:39.153+0000] {logging_mixin.py:188} INFO - [2024-05-06T18:16:39.153+0000] {dagbag.py:540} INFO - Filling up the DagBag from /home/airflow/.local/lib/python3.12/site-packages/airflow/example_dags/example_complex.py
[2024-05-06T18:16:39.158+0000] {processor.py:840} INFO - DAG(s) 'example_complex' retrieved from /home/airflow/.local/lib/python3.12/site-packages/airflow/example_dags/example_complex.py
[2024-05-06T18:16:39.173+0000] {logging_mixin.py:188} INFO - [2024-05-06T18:16:39.173+0000] {dag.py:3096} INFO - Sync 1 DAGs
[2024-05-06T18:16:39.179+0000] {logging_mixin.py:188} INFO - [2024-05-06T18:16:39.179+0000] {dag.py:3954} INFO - Setting next_dagrun for example_complex to None, run_after=None
[2024-05-06T18:16:39.188+0000] {processor.py:183} INFO - Processing /home/airflow/.local/lib/python3.12/site-packages/airflow/example_dags/example_complex.py took 0.039 seconds
[2024-05-06T18:18:13.608+0000] {processor.py:161} INFO - Started process (PID=1938) to work on /home/airflow/.local/lib/python3.12/site-packages/airflow/example_dags/example_complex.py
[2024-05-06T18:18:13.609+0000] {processor.py:830} INFO - Processing file /home/airflow/.local/lib/python3.12/site-packages/airflow/example_dags/example_complex.py for tasks to queue
[2024-05-06T18:18:13.609+0000] {logging_mixin.py:188} INFO - [2024-05-06T18:18:13.609+0000] {dagbag.py:540} INFO - Filling up the DagBag from /home/airflow/.local/lib/python3.12/site-packages/airflow/example_dags/example_complex.py
[2024-05-06T18:18:13.614+0000] {processor.py:840} INFO - DAG(s) 'example_complex' retrieved from /home/airflow/.local/lib/python3.12/site-packages/airflow/example_dags/example_complex.py
[2024-05-06T18:18:13.628+0000] {logging_mixin.py:188} INFO - [2024-05-06T18:18:13.628+0000] {dag.py:3096} INFO - Sync 1 DAGs
[2024-05-06T18:18:13.634+0000] {logging_mixin.py:188} INFO - [2024-05-06T18:18:13.634+0000] {dag.py:3954} INFO - Setting next_dagrun for example_complex to None, run_after=None
[2024-05-06T18:18:13.642+0000] {processor.py:183} INFO - Processing /home/airflow/.local/lib/python3.12/site-packages/airflow/example_dags/example_complex.py took 0.038 seconds
[2024-05-06T18:18:44.237+0000] {processor.py:161} INFO - Started process (PID=2001) to work on /home/airflow/.local/lib/python3.12/site-packages/airflow/example_dags/example_complex.py
[2024-05-06T18:18:44.237+0000] {processor.py:830} INFO - Processing file /home/airflow/.local/lib/python3.12/site-packages/airflow/example_dags/example_complex.py for tasks to queue
[2024-05-06T18:18:44.239+0000] {logging_mixin.py:188} INFO - [2024-05-06T18:18:44.238+0000] {dagbag.py:540} INFO - Filling up the DagBag from /home/airflow/.local/lib/python3.12/site-packages/airflow/example_dags/example_complex.py
[2024-05-06T18:18:44.243+0000] {processor.py:840} INFO - DAG(s) 'example_complex' retrieved from /home/airflow/.local/lib/python3.12/site-packages/airflow/example_dags/example_complex.py
[2024-05-06T18:18:44.257+0000] {logging_mixin.py:188} INFO - [2024-05-06T18:18:44.257+0000] {dag.py:3096} INFO - Sync 1 DAGs
[2024-05-06T18:18:44.263+0000] {logging_mixin.py:188} INFO - [2024-05-06T18:18:44.263+0000] {dag.py:3954} INFO - Setting next_dagrun for example_complex to None, run_after=None
[2024-05-06T18:18:44.271+0000] {processor.py:183} INFO - Processing /home/airflow/.local/lib/python3.12/site-packages/airflow/example_dags/example_complex.py took 0.037 seconds
[2024-05-06T18:19:14.749+0000] {processor.py:161} INFO - Started process (PID=2059) to work on /home/airflow/.local/lib/python3.12/site-packages/airflow/example_dags/example_complex.py
[2024-05-06T18:19:14.750+0000] {processor.py:830} INFO - Processing file /home/airflow/.local/lib/python3.12/site-packages/airflow/example_dags/example_complex.py for tasks to queue
[2024-05-06T18:19:14.751+0000] {logging_mixin.py:188} INFO - [2024-05-06T18:19:14.751+0000] {dagbag.py:540} INFO - Filling up the DagBag from /home/airflow/.local/lib/python3.12/site-packages/airflow/example_dags/example_complex.py
[2024-05-06T18:19:14.755+0000] {processor.py:840} INFO - DAG(s) 'example_complex' retrieved from /home/airflow/.local/lib/python3.12/site-packages/airflow/example_dags/example_complex.py
[2024-05-06T18:19:14.770+0000] {logging_mixin.py:188} INFO - [2024-05-06T18:19:14.770+0000] {dag.py:3096} INFO - Sync 1 DAGs
[2024-05-06T18:19:14.776+0000] {logging_mixin.py:188} INFO - [2024-05-06T18:19:14.776+0000] {dag.py:3954} INFO - Setting next_dagrun for example_complex to None, run_after=None
[2024-05-06T18:19:14.785+0000] {processor.py:183} INFO - Processing /home/airflow/.local/lib/python3.12/site-packages/airflow/example_dags/example_complex.py took 0.040 seconds
[2024-05-06T18:19:45.397+0000] {processor.py:161} INFO - Started process (PID=2117) to work on /home/airflow/.local/lib/python3.12/site-packages/airflow/example_dags/example_complex.py
[2024-05-06T18:19:45.398+0000] {processor.py:830} INFO - Processing file /home/airflow/.local/lib/python3.12/site-packages/airflow/example_dags/example_complex.py for tasks to queue
[2024-05-06T18:19:45.399+0000] {logging_mixin.py:188} INFO - [2024-05-06T18:19:45.398+0000] {dagbag.py:540} INFO - Filling up the DagBag from /home/airflow/.local/lib/python3.12/site-packages/airflow/example_dags/example_complex.py
[2024-05-06T18:19:45.403+0000] {processor.py:840} INFO - DAG(s) 'example_complex' retrieved from /home/airflow/.local/lib/python3.12/site-packages/airflow/example_dags/example_complex.py
[2024-05-06T18:19:45.417+0000] {logging_mixin.py:188} INFO - [2024-05-06T18:19:45.417+0000] {dag.py:3096} INFO - Sync 1 DAGs
[2024-05-06T18:19:45.423+0000] {logging_mixin.py:188} INFO - [2024-05-06T18:19:45.423+0000] {dag.py:3954} INFO - Setting next_dagrun for example_complex to None, run_after=None
[2024-05-06T18:19:45.432+0000] {processor.py:183} INFO - Processing /home/airflow/.local/lib/python3.12/site-packages/airflow/example_dags/example_complex.py took 0.038 seconds
[2024-05-06T18:20:15.982+0000] {processor.py:161} INFO - Started process (PID=2175) to work on /home/airflow/.local/lib/python3.12/site-packages/airflow/example_dags/example_complex.py
[2024-05-06T18:20:15.983+0000] {processor.py:830} INFO - Processing file /home/airflow/.local/lib/python3.12/site-packages/airflow/example_dags/example_complex.py for tasks to queue
[2024-05-06T18:20:15.984+0000] {logging_mixin.py:188} INFO - [2024-05-06T18:20:15.984+0000] {dagbag.py:540} INFO - Filling up the DagBag from /home/airflow/.local/lib/python3.12/site-packages/airflow/example_dags/example_complex.py
[2024-05-06T18:20:15.989+0000] {processor.py:840} INFO - DAG(s) 'example_complex' retrieved from /home/airflow/.local/lib/python3.12/site-packages/airflow/example_dags/example_complex.py
[2024-05-06T18:20:16.002+0000] {logging_mixin.py:188} INFO - [2024-05-06T18:20:16.002+0000] {dag.py:3096} INFO - Sync 1 DAGs
[2024-05-06T18:20:16.009+0000] {logging_mixin.py:188} INFO - [2024-05-06T18:20:16.008+0000] {dag.py:3954} INFO - Setting next_dagrun for example_complex to None, run_after=None
[2024-05-06T18:20:16.018+0000] {processor.py:183} INFO - Processing /home/airflow/.local/lib/python3.12/site-packages/airflow/example_dags/example_complex.py took 0.039 seconds
[2024-05-06T18:20:46.611+0000] {processor.py:161} INFO - Started process (PID=2233) to work on /home/airflow/.local/lib/python3.12/site-packages/airflow/example_dags/example_complex.py
[2024-05-06T18:20:46.612+0000] {processor.py:830} INFO - Processing file /home/airflow/.local/lib/python3.12/site-packages/airflow/example_dags/example_complex.py for tasks to queue
[2024-05-06T18:20:46.613+0000] {logging_mixin.py:188} INFO - [2024-05-06T18:20:46.613+0000] {dagbag.py:540} INFO - Filling up the DagBag from /home/airflow/.local/lib/python3.12/site-packages/airflow/example_dags/example_complex.py
[2024-05-06T18:20:46.618+0000] {processor.py:840} INFO - DAG(s) 'example_complex' retrieved from /home/airflow/.local/lib/python3.12/site-packages/airflow/example_dags/example_complex.py
[2024-05-06T18:20:46.632+0000] {logging_mixin.py:188} INFO - [2024-05-06T18:20:46.632+0000] {dag.py:3096} INFO - Sync 1 DAGs
[2024-05-06T18:20:46.638+0000] {logging_mixin.py:188} INFO - [2024-05-06T18:20:46.638+0000] {dag.py:3954} INFO - Setting next_dagrun for example_complex to None, run_after=None
[2024-05-06T18:20:46.647+0000] {processor.py:183} INFO - Processing /home/airflow/.local/lib/python3.12/site-packages/airflow/example_dags/example_complex.py took 0.038 seconds
[2024-05-06T18:21:17.164+0000] {processor.py:161} INFO - Started process (PID=2291) to work on /home/airflow/.local/lib/python3.12/site-packages/airflow/example_dags/example_complex.py
[2024-05-06T18:21:17.164+0000] {processor.py:830} INFO - Processing file /home/airflow/.local/lib/python3.12/site-packages/airflow/example_dags/example_complex.py for tasks to queue
[2024-05-06T18:21:17.165+0000] {logging_mixin.py:188} INFO - [2024-05-06T18:21:17.165+0000] {dagbag.py:540} INFO - Filling up the DagBag from /home/airflow/.local/lib/python3.12/site-packages/airflow/example_dags/example_complex.py
[2024-05-06T18:21:17.170+0000] {processor.py:840} INFO - DAG(s) 'example_complex' retrieved from /home/airflow/.local/lib/python3.12/site-packages/airflow/example_dags/example_complex.py
[2024-05-06T18:21:17.184+0000] {logging_mixin.py:188} INFO - [2024-05-06T18:21:17.184+0000] {dag.py:3096} INFO - Sync 1 DAGs
[2024-05-06T18:21:17.190+0000] {logging_mixin.py:188} INFO - [2024-05-06T18:21:17.190+0000] {dag.py:3954} INFO - Setting next_dagrun for example_complex to None, run_after=None
[2024-05-06T18:21:17.199+0000] {processor.py:183} INFO - Processing /home/airflow/.local/lib/python3.12/site-packages/airflow/example_dags/example_complex.py took 0.038 seconds
[2024-05-06T18:21:47.917+0000] {processor.py:161} INFO - Started process (PID=2348) to work on /home/airflow/.local/lib/python3.12/site-packages/airflow/example_dags/example_complex.py
[2024-05-06T18:21:47.918+0000] {processor.py:830} INFO - Processing file /home/airflow/.local/lib/python3.12/site-packages/airflow/example_dags/example_complex.py for tasks to queue
[2024-05-06T18:21:47.919+0000] {logging_mixin.py:188} INFO - [2024-05-06T18:21:47.919+0000] {dagbag.py:540} INFO - Filling up the DagBag from /home/airflow/.local/lib/python3.12/site-packages/airflow/example_dags/example_complex.py
[2024-05-06T18:21:47.926+0000] {processor.py:840} INFO - DAG(s) 'example_complex' retrieved from /home/airflow/.local/lib/python3.12/site-packages/airflow/example_dags/example_complex.py
[2024-05-06T18:21:47.940+0000] {logging_mixin.py:188} INFO - [2024-05-06T18:21:47.940+0000] {dag.py:3096} INFO - Sync 1 DAGs
[2024-05-06T18:21:47.947+0000] {logging_mixin.py:188} INFO - [2024-05-06T18:21:47.947+0000] {dag.py:3954} INFO - Setting next_dagrun for example_complex to None, run_after=None
[2024-05-06T18:21:47.955+0000] {processor.py:183} INFO - Processing /home/airflow/.local/lib/python3.12/site-packages/airflow/example_dags/example_complex.py took 0.041 seconds
[2024-05-06T18:22:18.492+0000] {processor.py:161} INFO - Started process (PID=2406) to work on /home/airflow/.local/lib/python3.12/site-packages/airflow/example_dags/example_complex.py
[2024-05-06T18:22:18.492+0000] {processor.py:830} INFO - Processing file /home/airflow/.local/lib/python3.12/site-packages/airflow/example_dags/example_complex.py for tasks to queue
[2024-05-06T18:22:18.493+0000] {logging_mixin.py:188} INFO - [2024-05-06T18:22:18.493+0000] {dagbag.py:540} INFO - Filling up the DagBag from /home/airflow/.local/lib/python3.12/site-packages/airflow/example_dags/example_complex.py
[2024-05-06T18:22:18.498+0000] {processor.py:840} INFO - DAG(s) 'example_complex' retrieved from /home/airflow/.local/lib/python3.12/site-packages/airflow/example_dags/example_complex.py
[2024-05-06T18:22:18.512+0000] {logging_mixin.py:188} INFO - [2024-05-06T18:22:18.512+0000] {dag.py:3096} INFO - Sync 1 DAGs
[2024-05-06T18:22:18.518+0000] {logging_mixin.py:188} INFO - [2024-05-06T18:22:18.518+0000] {dag.py:3954} INFO - Setting next_dagrun for example_complex to None, run_after=None
[2024-05-06T18:22:18.527+0000] {processor.py:183} INFO - Processing /home/airflow/.local/lib/python3.12/site-packages/airflow/example_dags/example_complex.py took 0.038 seconds
[2024-05-06T18:22:49.120+0000] {processor.py:161} INFO - Started process (PID=2464) to work on /home/airflow/.local/lib/python3.12/site-packages/airflow/example_dags/example_complex.py
[2024-05-06T18:22:49.120+0000] {processor.py:830} INFO - Processing file /home/airflow/.local/lib/python3.12/site-packages/airflow/example_dags/example_complex.py for tasks to queue
[2024-05-06T18:22:49.121+0000] {logging_mixin.py:188} INFO - [2024-05-06T18:22:49.121+0000] {dagbag.py:540} INFO - Filling up the DagBag from /home/airflow/.local/lib/python3.12/site-packages/airflow/example_dags/example_complex.py
[2024-05-06T18:22:49.126+0000] {processor.py:840} INFO - DAG(s) 'example_complex' retrieved from /home/airflow/.local/lib/python3.12/site-packages/airflow/example_dags/example_complex.py
[2024-05-06T18:22:49.141+0000] {logging_mixin.py:188} INFO - [2024-05-06T18:22:49.141+0000] {dag.py:3096} INFO - Sync 1 DAGs
[2024-05-06T18:22:49.147+0000] {logging_mixin.py:188} INFO - [2024-05-06T18:22:49.147+0000] {dag.py:3954} INFO - Setting next_dagrun for example_complex to None, run_after=None
[2024-05-06T18:22:49.156+0000] {processor.py:183} INFO - Processing /home/airflow/.local/lib/python3.12/site-packages/airflow/example_dags/example_complex.py took 0.039 seconds
[2024-05-06T18:23:19.691+0000] {processor.py:161} INFO - Started process (PID=2521) to work on /home/airflow/.local/lib/python3.12/site-packages/airflow/example_dags/example_complex.py
[2024-05-06T18:23:19.693+0000] {processor.py:830} INFO - Processing file /home/airflow/.local/lib/python3.12/site-packages/airflow/example_dags/example_complex.py for tasks to queue
[2024-05-06T18:23:19.697+0000] {logging_mixin.py:188} INFO - [2024-05-06T18:23:19.697+0000] {dagbag.py:540} INFO - Filling up the DagBag from /home/airflow/.local/lib/python3.12/site-packages/airflow/example_dags/example_complex.py
[2024-05-06T18:23:19.703+0000] {processor.py:840} INFO - DAG(s) 'example_complex' retrieved from /home/airflow/.local/lib/python3.12/site-packages/airflow/example_dags/example_complex.py
[2024-05-06T18:23:19.717+0000] {logging_mixin.py:188} INFO - [2024-05-06T18:23:19.717+0000] {dag.py:3096} INFO - Sync 1 DAGs
[2024-05-06T18:23:19.725+0000] {logging_mixin.py:188} INFO - [2024-05-06T18:23:19.725+0000] {dag.py:3954} INFO - Setting next_dagrun for example_complex to None, run_after=None
[2024-05-06T18:23:19.733+0000] {processor.py:183} INFO - Processing /home/airflow/.local/lib/python3.12/site-packages/airflow/example_dags/example_complex.py took 0.045 seconds
[2024-05-06T18:23:50.396+0000] {processor.py:161} INFO - Started process (PID=2579) to work on /home/airflow/.local/lib/python3.12/site-packages/airflow/example_dags/example_complex.py
[2024-05-06T18:23:50.397+0000] {processor.py:830} INFO - Processing file /home/airflow/.local/lib/python3.12/site-packages/airflow/example_dags/example_complex.py for tasks to queue
[2024-05-06T18:23:50.397+0000] {logging_mixin.py:188} INFO - [2024-05-06T18:23:50.397+0000] {dagbag.py:540} INFO - Filling up the DagBag from /home/airflow/.local/lib/python3.12/site-packages/airflow/example_dags/example_complex.py
[2024-05-06T18:23:50.402+0000] {processor.py:840} INFO - DAG(s) 'example_complex' retrieved from /home/airflow/.local/lib/python3.12/site-packages/airflow/example_dags/example_complex.py
[2024-05-06T18:23:50.416+0000] {logging_mixin.py:188} INFO - [2024-05-06T18:23:50.416+0000] {dag.py:3096} INFO - Sync 1 DAGs
[2024-05-06T18:23:50.422+0000] {logging_mixin.py:188} INFO - [2024-05-06T18:23:50.422+0000] {dag.py:3954} INFO - Setting next_dagrun for example_complex to None, run_after=None
[2024-05-06T18:23:50.431+0000] {processor.py:183} INFO - Processing /home/airflow/.local/lib/python3.12/site-packages/airflow/example_dags/example_complex.py took 0.038 seconds
[2024-05-06T18:24:21.033+0000] {processor.py:161} INFO - Started process (PID=2637) to work on /home/airflow/.local/lib/python3.12/site-packages/airflow/example_dags/example_complex.py
[2024-05-06T18:24:21.034+0000] {processor.py:830} INFO - Processing file /home/airflow/.local/lib/python3.12/site-packages/airflow/example_dags/example_complex.py for tasks to queue
[2024-05-06T18:24:21.035+0000] {logging_mixin.py:188} INFO - [2024-05-06T18:24:21.035+0000] {dagbag.py:540} INFO - Filling up the DagBag from /home/airflow/.local/lib/python3.12/site-packages/airflow/example_dags/example_complex.py
[2024-05-06T18:24:21.040+0000] {processor.py:840} INFO - DAG(s) 'example_complex' retrieved from /home/airflow/.local/lib/python3.12/site-packages/airflow/example_dags/example_complex.py
[2024-05-06T18:24:21.054+0000] {logging_mixin.py:188} INFO - [2024-05-06T18:24:21.054+0000] {dag.py:3096} INFO - Sync 1 DAGs
[2024-05-06T18:24:21.060+0000] {logging_mixin.py:188} INFO - [2024-05-06T18:24:21.060+0000] {dag.py:3954} INFO - Setting next_dagrun for example_complex to None, run_after=None
[2024-05-06T18:24:21.068+0000] {processor.py:183} INFO - Processing /home/airflow/.local/lib/python3.12/site-packages/airflow/example_dags/example_complex.py took 0.038 seconds
[2024-05-06T18:24:51.688+0000] {processor.py:161} INFO - Started process (PID=2695) to work on /home/airflow/.local/lib/python3.12/site-packages/airflow/example_dags/example_complex.py
[2024-05-06T18:24:51.689+0000] {processor.py:830} INFO - Processing file /home/airflow/.local/lib/python3.12/site-packages/airflow/example_dags/example_complex.py for tasks to queue
[2024-05-06T18:24:51.690+0000] {logging_mixin.py:188} INFO - [2024-05-06T18:24:51.690+0000] {dagbag.py:540} INFO - Filling up the DagBag from /home/airflow/.local/lib/python3.12/site-packages/airflow/example_dags/example_complex.py
[2024-05-06T18:24:51.695+0000] {processor.py:840} INFO - DAG(s) 'example_complex' retrieved from /home/airflow/.local/lib/python3.12/site-packages/airflow/example_dags/example_complex.py
[2024-05-06T18:24:51.709+0000] {logging_mixin.py:188} INFO - [2024-05-06T18:24:51.709+0000] {dag.py:3096} INFO - Sync 1 DAGs
[2024-05-06T18:24:51.716+0000] {logging_mixin.py:188} INFO - [2024-05-06T18:24:51.716+0000] {dag.py:3954} INFO - Setting next_dagrun for example_complex to None, run_after=None
[2024-05-06T18:24:51.724+0000] {processor.py:183} INFO - Processing /home/airflow/.local/lib/python3.12/site-packages/airflow/example_dags/example_complex.py took 0.039 seconds
[2024-05-06T18:25:22.273+0000] {processor.py:161} INFO - Started process (PID=2753) to work on /home/airflow/.local/lib/python3.12/site-packages/airflow/example_dags/example_complex.py
[2024-05-06T18:25:22.274+0000] {processor.py:830} INFO - Processing file /home/airflow/.local/lib/python3.12/site-packages/airflow/example_dags/example_complex.py for tasks to queue
[2024-05-06T18:25:22.275+0000] {logging_mixin.py:188} INFO - [2024-05-06T18:25:22.275+0000] {dagbag.py:540} INFO - Filling up the DagBag from /home/airflow/.local/lib/python3.12/site-packages/airflow/example_dags/example_complex.py
[2024-05-06T18:25:22.279+0000] {processor.py:840} INFO - DAG(s) 'example_complex' retrieved from /home/airflow/.local/lib/python3.12/site-packages/airflow/example_dags/example_complex.py
[2024-05-06T18:25:22.294+0000] {logging_mixin.py:188} INFO - [2024-05-06T18:25:22.294+0000] {dag.py:3096} INFO - Sync 1 DAGs
[2024-05-06T18:25:22.300+0000] {logging_mixin.py:188} INFO - [2024-05-06T18:25:22.300+0000] {dag.py:3954} INFO - Setting next_dagrun for example_complex to None, run_after=None
[2024-05-06T18:25:22.308+0000] {processor.py:183} INFO - Processing /home/airflow/.local/lib/python3.12/site-packages/airflow/example_dags/example_complex.py took 0.038 seconds
[2024-05-06T18:25:52.890+0000] {processor.py:161} INFO - Started process (PID=2810) to work on /home/airflow/.local/lib/python3.12/site-packages/airflow/example_dags/example_complex.py
[2024-05-06T18:25:52.890+0000] {processor.py:830} INFO - Processing file /home/airflow/.local/lib/python3.12/site-packages/airflow/example_dags/example_complex.py for tasks to queue
[2024-05-06T18:25:52.891+0000] {logging_mixin.py:188} INFO - [2024-05-06T18:25:52.891+0000] {dagbag.py:540} INFO - Filling up the DagBag from /home/airflow/.local/lib/python3.12/site-packages/airflow/example_dags/example_complex.py
[2024-05-06T18:25:52.896+0000] {processor.py:840} INFO - DAG(s) 'example_complex' retrieved from /home/airflow/.local/lib/python3.12/site-packages/airflow/example_dags/example_complex.py
[2024-05-06T18:25:52.911+0000] {logging_mixin.py:188} INFO - [2024-05-06T18:25:52.911+0000] {dag.py:3096} INFO - Sync 1 DAGs
[2024-05-06T18:25:52.917+0000] {logging_mixin.py:188} INFO - [2024-05-06T18:25:52.917+0000] {dag.py:3954} INFO - Setting next_dagrun for example_complex to None, run_after=None
[2024-05-06T18:25:52.926+0000] {processor.py:183} INFO - Processing /home/airflow/.local/lib/python3.12/site-packages/airflow/example_dags/example_complex.py took 0.039 seconds
[2024-05-06T18:26:23.467+0000] {processor.py:161} INFO - Started process (PID=2868) to work on /home/airflow/.local/lib/python3.12/site-packages/airflow/example_dags/example_complex.py
[2024-05-06T18:26:23.467+0000] {processor.py:830} INFO - Processing file /home/airflow/.local/lib/python3.12/site-packages/airflow/example_dags/example_complex.py for tasks to queue
[2024-05-06T18:26:23.468+0000] {logging_mixin.py:188} INFO - [2024-05-06T18:26:23.468+0000] {dagbag.py:540} INFO - Filling up the DagBag from /home/airflow/.local/lib/python3.12/site-packages/airflow/example_dags/example_complex.py
[2024-05-06T18:26:23.473+0000] {processor.py:840} INFO - DAG(s) 'example_complex' retrieved from /home/airflow/.local/lib/python3.12/site-packages/airflow/example_dags/example_complex.py
[2024-05-06T18:26:23.488+0000] {logging_mixin.py:188} INFO - [2024-05-06T18:26:23.488+0000] {dag.py:3096} INFO - Sync 1 DAGs
[2024-05-06T18:26:23.495+0000] {logging_mixin.py:188} INFO - [2024-05-06T18:26:23.495+0000] {dag.py:3954} INFO - Setting next_dagrun for example_complex to None, run_after=None
[2024-05-06T18:26:23.504+0000] {processor.py:183} INFO - Processing /home/airflow/.local/lib/python3.12/site-packages/airflow/example_dags/example_complex.py took 0.040 seconds
[2024-05-06T18:26:54.234+0000] {processor.py:161} INFO - Started process (PID=2926) to work on /home/airflow/.local/lib/python3.12/site-packages/airflow/example_dags/example_complex.py
[2024-05-06T18:26:54.235+0000] {processor.py:830} INFO - Processing file /home/airflow/.local/lib/python3.12/site-packages/airflow/example_dags/example_complex.py for tasks to queue
[2024-05-06T18:26:54.236+0000] {logging_mixin.py:188} INFO - [2024-05-06T18:26:54.236+0000] {dagbag.py:540} INFO - Filling up the DagBag from /home/airflow/.local/lib/python3.12/site-packages/airflow/example_dags/example_complex.py
[2024-05-06T18:26:54.241+0000] {processor.py:840} INFO - DAG(s) 'example_complex' retrieved from /home/airflow/.local/lib/python3.12/site-packages/airflow/example_dags/example_complex.py
[2024-05-06T18:26:54.255+0000] {logging_mixin.py:188} INFO - [2024-05-06T18:26:54.255+0000] {dag.py:3096} INFO - Sync 1 DAGs
[2024-05-06T18:26:54.261+0000] {logging_mixin.py:188} INFO - [2024-05-06T18:26:54.261+0000] {dag.py:3954} INFO - Setting next_dagrun for example_complex to None, run_after=None
[2024-05-06T18:26:54.271+0000] {processor.py:183} INFO - Processing /home/airflow/.local/lib/python3.12/site-packages/airflow/example_dags/example_complex.py took 0.039 seconds
[2024-05-06T18:27:24.788+0000] {processor.py:161} INFO - Started process (PID=2983) to work on /home/airflow/.local/lib/python3.12/site-packages/airflow/example_dags/example_complex.py
[2024-05-06T18:27:24.789+0000] {processor.py:830} INFO - Processing file /home/airflow/.local/lib/python3.12/site-packages/airflow/example_dags/example_complex.py for tasks to queue
[2024-05-06T18:27:24.790+0000] {logging_mixin.py:188} INFO - [2024-05-06T18:27:24.790+0000] {dagbag.py:540} INFO - Filling up the DagBag from /home/airflow/.local/lib/python3.12/site-packages/airflow/example_dags/example_complex.py
[2024-05-06T18:27:24.795+0000] {processor.py:840} INFO - DAG(s) 'example_complex' retrieved from /home/airflow/.local/lib/python3.12/site-packages/airflow/example_dags/example_complex.py
[2024-05-06T18:27:24.809+0000] {logging_mixin.py:188} INFO - [2024-05-06T18:27:24.809+0000] {dag.py:3096} INFO - Sync 1 DAGs
[2024-05-06T18:27:24.815+0000] {logging_mixin.py:188} INFO - [2024-05-06T18:27:24.815+0000] {dag.py:3954} INFO - Setting next_dagrun for example_complex to None, run_after=None
[2024-05-06T18:27:24.823+0000] {processor.py:183} INFO - Processing /home/airflow/.local/lib/python3.12/site-packages/airflow/example_dags/example_complex.py took 0.038 seconds
[2024-05-06T18:27:55.366+0000] {processor.py:161} INFO - Started process (PID=3040) to work on /home/airflow/.local/lib/python3.12/site-packages/airflow/example_dags/example_complex.py
[2024-05-06T18:27:55.367+0000] {processor.py:830} INFO - Processing file /home/airflow/.local/lib/python3.12/site-packages/airflow/example_dags/example_complex.py for tasks to queue
[2024-05-06T18:27:55.368+0000] {logging_mixin.py:188} INFO - [2024-05-06T18:27:55.368+0000] {dagbag.py:540} INFO - Filling up the DagBag from /home/airflow/.local/lib/python3.12/site-packages/airflow/example_dags/example_complex.py
[2024-05-06T18:27:55.373+0000] {processor.py:840} INFO - DAG(s) 'example_complex' retrieved from /home/airflow/.local/lib/python3.12/site-packages/airflow/example_dags/example_complex.py
[2024-05-06T18:27:55.389+0000] {logging_mixin.py:188} INFO - [2024-05-06T18:27:55.389+0000] {dag.py:3096} INFO - Sync 1 DAGs
[2024-05-06T18:27:55.395+0000] {logging_mixin.py:188} INFO - [2024-05-06T18:27:55.395+0000] {dag.py:3954} INFO - Setting next_dagrun for example_complex to None, run_after=None
[2024-05-06T18:27:55.404+0000] {processor.py:183} INFO - Processing /home/airflow/.local/lib/python3.12/site-packages/airflow/example_dags/example_complex.py took 0.041 seconds
[2024-05-06T18:28:25.921+0000] {processor.py:161} INFO - Started process (PID=3098) to work on /home/airflow/.local/lib/python3.12/site-packages/airflow/example_dags/example_complex.py
[2024-05-06T18:28:25.922+0000] {processor.py:830} INFO - Processing file /home/airflow/.local/lib/python3.12/site-packages/airflow/example_dags/example_complex.py for tasks to queue
[2024-05-06T18:28:25.923+0000] {logging_mixin.py:188} INFO - [2024-05-06T18:28:25.923+0000] {dagbag.py:540} INFO - Filling up the DagBag from /home/airflow/.local/lib/python3.12/site-packages/airflow/example_dags/example_complex.py
[2024-05-06T18:28:25.928+0000] {processor.py:840} INFO - DAG(s) 'example_complex' retrieved from /home/airflow/.local/lib/python3.12/site-packages/airflow/example_dags/example_complex.py
[2024-05-06T18:28:25.942+0000] {logging_mixin.py:188} INFO - [2024-05-06T18:28:25.941+0000] {dag.py:3096} INFO - Sync 1 DAGs
[2024-05-06T18:28:25.948+0000] {logging_mixin.py:188} INFO - [2024-05-06T18:28:25.947+0000] {dag.py:3954} INFO - Setting next_dagrun for example_complex to None, run_after=None
[2024-05-06T18:28:25.956+0000] {processor.py:183} INFO - Processing /home/airflow/.local/lib/python3.12/site-packages/airflow/example_dags/example_complex.py took 0.038 seconds
[2024-05-06T18:28:56.696+0000] {processor.py:161} INFO - Started process (PID=3156) to work on /home/airflow/.local/lib/python3.12/site-packages/airflow/example_dags/example_complex.py
[2024-05-06T18:28:56.696+0000] {processor.py:830} INFO - Processing file /home/airflow/.local/lib/python3.12/site-packages/airflow/example_dags/example_complex.py for tasks to queue
[2024-05-06T18:28:56.697+0000] {logging_mixin.py:188} INFO - [2024-05-06T18:28:56.697+0000] {dagbag.py:540} INFO - Filling up the DagBag from /home/airflow/.local/lib/python3.12/site-packages/airflow/example_dags/example_complex.py
[2024-05-06T18:28:56.702+0000] {processor.py:840} INFO - DAG(s) 'example_complex' retrieved from /home/airflow/.local/lib/python3.12/site-packages/airflow/example_dags/example_complex.py
[2024-05-06T18:28:56.716+0000] {logging_mixin.py:188} INFO - [2024-05-06T18:28:56.716+0000] {dag.py:3096} INFO - Sync 1 DAGs
[2024-05-06T18:28:56.723+0000] {logging_mixin.py:188} INFO - [2024-05-06T18:28:56.722+0000] {dag.py:3954} INFO - Setting next_dagrun for example_complex to None, run_after=None
[2024-05-06T18:28:56.731+0000] {processor.py:183} INFO - Processing /home/airflow/.local/lib/python3.12/site-packages/airflow/example_dags/example_complex.py took 0.038 seconds
[2024-05-06T18:29:27.438+0000] {processor.py:161} INFO - Started process (PID=3214) to work on /home/airflow/.local/lib/python3.12/site-packages/airflow/example_dags/example_complex.py
[2024-05-06T18:29:27.438+0000] {processor.py:830} INFO - Processing file /home/airflow/.local/lib/python3.12/site-packages/airflow/example_dags/example_complex.py for tasks to queue
[2024-05-06T18:29:27.439+0000] {logging_mixin.py:188} INFO - [2024-05-06T18:29:27.439+0000] {dagbag.py:540} INFO - Filling up the DagBag from /home/airflow/.local/lib/python3.12/site-packages/airflow/example_dags/example_complex.py
[2024-05-06T18:29:27.446+0000] {processor.py:840} INFO - DAG(s) 'example_complex' retrieved from /home/airflow/.local/lib/python3.12/site-packages/airflow/example_dags/example_complex.py
[2024-05-06T18:29:27.462+0000] {logging_mixin.py:188} INFO - [2024-05-06T18:29:27.462+0000] {dag.py:3096} INFO - Sync 1 DAGs
[2024-05-06T18:29:27.469+0000] {logging_mixin.py:188} INFO - [2024-05-06T18:29:27.469+0000] {dag.py:3954} INFO - Setting next_dagrun for example_complex to None, run_after=None
[2024-05-06T18:29:27.478+0000] {processor.py:183} INFO - Processing /home/airflow/.local/lib/python3.12/site-packages/airflow/example_dags/example_complex.py took 0.043 seconds
[2024-05-06T19:02:49.588+0000] {processor.py:161} INFO - Started process (PID=3266) to work on /home/airflow/.local/lib/python3.12/site-packages/airflow/example_dags/example_complex.py
[2024-05-06T19:02:49.592+0000] {processor.py:830} INFO - Processing file /home/airflow/.local/lib/python3.12/site-packages/airflow/example_dags/example_complex.py for tasks to queue
[2024-05-06T19:02:49.596+0000] {logging_mixin.py:188} INFO - [2024-05-06T19:02:49.595+0000] {dagbag.py:540} INFO - Filling up the DagBag from /home/airflow/.local/lib/python3.12/site-packages/airflow/example_dags/example_complex.py
[2024-05-06T19:02:49.606+0000] {processor.py:840} INFO - DAG(s) 'example_complex' retrieved from /home/airflow/.local/lib/python3.12/site-packages/airflow/example_dags/example_complex.py
[2024-05-06T19:02:49.654+0000] {logging_mixin.py:188} INFO - [2024-05-06T19:02:49.653+0000] {dag.py:3096} INFO - Sync 1 DAGs
[2024-05-06T19:02:49.667+0000] {logging_mixin.py:188} INFO - [2024-05-06T19:02:49.666+0000] {dag.py:3954} INFO - Setting next_dagrun for example_complex to None, run_after=None
[2024-05-06T19:02:50.076+0000] {processor.py:183} INFO - Processing /home/airflow/.local/lib/python3.12/site-packages/airflow/example_dags/example_complex.py took 0.494 seconds
[2024-05-06T19:24:25.740+0000] {processor.py:161} INFO - Started process (PID=3323) to work on /home/airflow/.local/lib/python3.12/site-packages/airflow/example_dags/example_complex.py
[2024-05-06T19:24:25.742+0000] {processor.py:830} INFO - Processing file /home/airflow/.local/lib/python3.12/site-packages/airflow/example_dags/example_complex.py for tasks to queue
[2024-05-06T19:24:25.744+0000] {logging_mixin.py:188} INFO - [2024-05-06T19:24:25.744+0000] {dagbag.py:540} INFO - Filling up the DagBag from /home/airflow/.local/lib/python3.12/site-packages/airflow/example_dags/example_complex.py
[2024-05-06T19:24:25.756+0000] {processor.py:840} INFO - DAG(s) 'example_complex' retrieved from /home/airflow/.local/lib/python3.12/site-packages/airflow/example_dags/example_complex.py
[2024-05-06T19:24:25.792+0000] {logging_mixin.py:188} INFO - [2024-05-06T19:24:25.791+0000] {dag.py:3096} INFO - Sync 1 DAGs
[2024-05-06T19:24:25.805+0000] {logging_mixin.py:188} INFO - [2024-05-06T19:24:25.805+0000] {dag.py:3954} INFO - Setting next_dagrun for example_complex to None, run_after=None
[2024-05-06T19:24:25.837+0000] {processor.py:183} INFO - Processing /home/airflow/.local/lib/python3.12/site-packages/airflow/example_dags/example_complex.py took 0.105 seconds
[2024-05-06T19:30:00.459+0000] {processor.py:161} INFO - Started process (PID=3381) to work on /home/airflow/.local/lib/python3.12/site-packages/airflow/example_dags/example_complex.py
[2024-05-06T19:30:00.461+0000] {processor.py:830} INFO - Processing file /home/airflow/.local/lib/python3.12/site-packages/airflow/example_dags/example_complex.py for tasks to queue
[2024-05-06T19:30:00.464+0000] {logging_mixin.py:188} INFO - [2024-05-06T19:30:00.463+0000] {dagbag.py:540} INFO - Filling up the DagBag from /home/airflow/.local/lib/python3.12/site-packages/airflow/example_dags/example_complex.py
[2024-05-06T19:30:00.481+0000] {processor.py:840} INFO - DAG(s) 'example_complex' retrieved from /home/airflow/.local/lib/python3.12/site-packages/airflow/example_dags/example_complex.py
[2024-05-06T19:30:00.520+0000] {logging_mixin.py:188} INFO - [2024-05-06T19:30:00.520+0000] {dag.py:3096} INFO - Sync 1 DAGs
[2024-05-06T19:30:00.536+0000] {logging_mixin.py:188} INFO - [2024-05-06T19:30:00.536+0000] {dag.py:3954} INFO - Setting next_dagrun for example_complex to None, run_after=None
[2024-05-06T19:30:00.572+0000] {processor.py:183} INFO - Processing /home/airflow/.local/lib/python3.12/site-packages/airflow/example_dags/example_complex.py took 0.122 seconds
[2024-05-06T19:34:20.879+0000] {processor.py:161} INFO - Started process (PID=3439) to work on /home/airflow/.local/lib/python3.12/site-packages/airflow/example_dags/example_complex.py
[2024-05-06T19:34:20.880+0000] {processor.py:830} INFO - Processing file /home/airflow/.local/lib/python3.12/site-packages/airflow/example_dags/example_complex.py for tasks to queue
[2024-05-06T19:34:20.880+0000] {logging_mixin.py:188} INFO - [2024-05-06T19:34:20.880+0000] {dagbag.py:540} INFO - Filling up the DagBag from /home/airflow/.local/lib/python3.12/site-packages/airflow/example_dags/example_complex.py
[2024-05-06T19:34:20.885+0000] {processor.py:840} INFO - DAG(s) 'example_complex' retrieved from /home/airflow/.local/lib/python3.12/site-packages/airflow/example_dags/example_complex.py
[2024-05-06T19:34:20.899+0000] {logging_mixin.py:188} INFO - [2024-05-06T19:34:20.899+0000] {dag.py:3096} INFO - Sync 1 DAGs
[2024-05-06T19:34:20.905+0000] {logging_mixin.py:188} INFO - [2024-05-06T19:34:20.905+0000] {dag.py:3954} INFO - Setting next_dagrun for example_complex to None, run_after=None
[2024-05-06T19:34:20.913+0000] {processor.py:183} INFO - Processing /home/airflow/.local/lib/python3.12/site-packages/airflow/example_dags/example_complex.py took 0.037 seconds
[2024-05-06T19:52:31.790+0000] {processor.py:161} INFO - Started process (PID=3496) to work on /home/airflow/.local/lib/python3.12/site-packages/airflow/example_dags/example_complex.py
[2024-05-06T19:52:31.791+0000] {processor.py:830} INFO - Processing file /home/airflow/.local/lib/python3.12/site-packages/airflow/example_dags/example_complex.py for tasks to queue
[2024-05-06T19:52:31.794+0000] {logging_mixin.py:188} INFO - [2024-05-06T19:52:31.793+0000] {dagbag.py:540} INFO - Filling up the DagBag from /home/airflow/.local/lib/python3.12/site-packages/airflow/example_dags/example_complex.py
[2024-05-06T19:52:31.813+0000] {processor.py:840} INFO - DAG(s) 'example_complex' retrieved from /home/airflow/.local/lib/python3.12/site-packages/airflow/example_dags/example_complex.py
[2024-05-06T19:52:31.846+0000] {logging_mixin.py:188} INFO - [2024-05-06T19:52:31.846+0000] {dag.py:3096} INFO - Sync 1 DAGs
[2024-05-06T19:52:31.872+0000] {logging_mixin.py:188} INFO - [2024-05-06T19:52:31.872+0000] {dag.py:3954} INFO - Setting next_dagrun for example_complex to None, run_after=None
[2024-05-06T19:52:31.897+0000] {processor.py:183} INFO - Processing /home/airflow/.local/lib/python3.12/site-packages/airflow/example_dags/example_complex.py took 0.114 seconds
