[2024-05-06T17:59:07.525+0000] {processor.py:161} INFO - Started process (PID=36) to work on /home/airflow/.local/lib/python3.12/site-packages/airflow/example_dags/example_sla_dag.py
[2024-05-06T17:59:07.527+0000] {processor.py:830} INFO - Processing file /home/airflow/.local/lib/python3.12/site-packages/airflow/example_dags/example_sla_dag.py for tasks to queue
[2024-05-06T17:59:07.530+0000] {logging_mixin.py:188} INFO - [2024-05-06T17:59:07.529+0000] {dagbag.py:540} INFO - Filling up the DagBag from /home/airflow/.local/lib/python3.12/site-packages/airflow/example_dags/example_sla_dag.py
[2024-05-06T17:59:07.538+0000] {processor.py:840} INFO - DAG(s) 'example_sla_dag' retrieved from /home/airflow/.local/lib/python3.12/site-packages/airflow/example_dags/example_sla_dag.py
[2024-05-06T17:59:07.614+0000] {logging_mixin.py:188} INFO - [2024-05-06T17:59:07.614+0000] {override.py:1829} INFO - Created Permission View: can delete on DAG:example_sla_dag
[2024-05-06T17:59:07.620+0000] {logging_mixin.py:188} INFO - [2024-05-06T17:59:07.620+0000] {override.py:1829} INFO - Created Permission View: can edit on DAG:example_sla_dag
[2024-05-06T17:59:07.624+0000] {logging_mixin.py:188} INFO - [2024-05-06T17:59:07.624+0000] {override.py:1829} INFO - Created Permission View: can read on DAG:example_sla_dag
[2024-05-06T17:59:07.625+0000] {logging_mixin.py:188} INFO - [2024-05-06T17:59:07.625+0000] {dag.py:3096} INFO - Sync 1 DAGs
[2024-05-06T17:59:07.631+0000] {logging_mixin.py:188} INFO - [2024-05-06T17:59:07.631+0000] {dag.py:3118} INFO - Creating ORM DAG for example_sla_dag
[2024-05-06T17:59:07.639+0000] {logging_mixin.py:188} INFO - [2024-05-06T17:59:07.639+0000] {dag.py:3954} INFO - Setting next_dagrun for example_sla_dag to 2024-05-06 17:56:00+00:00, run_after=2024-05-06 17:58:00+00:00
[2024-05-06T17:59:07.651+0000] {processor.py:183} INFO - Processing /home/airflow/.local/lib/python3.12/site-packages/airflow/example_dags/example_sla_dag.py took 0.132 seconds
[2024-05-06T17:59:37.835+0000] {processor.py:161} INFO - Started process (PID=93) to work on /home/airflow/.local/lib/python3.12/site-packages/airflow/example_dags/example_sla_dag.py
[2024-05-06T17:59:37.835+0000] {processor.py:830} INFO - Processing file /home/airflow/.local/lib/python3.12/site-packages/airflow/example_dags/example_sla_dag.py for tasks to queue
[2024-05-06T17:59:37.836+0000] {logging_mixin.py:188} INFO - [2024-05-06T17:59:37.836+0000] {dagbag.py:540} INFO - Filling up the DagBag from /home/airflow/.local/lib/python3.12/site-packages/airflow/example_dags/example_sla_dag.py
[2024-05-06T17:59:37.841+0000] {processor.py:840} INFO - DAG(s) 'example_sla_dag' retrieved from /home/airflow/.local/lib/python3.12/site-packages/airflow/example_dags/example_sla_dag.py
[2024-05-06T17:59:37.851+0000] {logging_mixin.py:188} INFO - [2024-05-06T17:59:37.851+0000] {dag.py:3096} INFO - Sync 1 DAGs
[2024-05-06T17:59:37.862+0000] {logging_mixin.py:188} INFO - [2024-05-06T17:59:37.862+0000] {dag.py:3954} INFO - Setting next_dagrun for example_sla_dag to 2024-05-06 17:56:00+00:00, run_after=2024-05-06 17:58:00+00:00
[2024-05-06T17:59:37.869+0000] {processor.py:183} INFO - Processing /home/airflow/.local/lib/python3.12/site-packages/airflow/example_dags/example_sla_dag.py took 0.037 seconds
[2024-05-06T18:00:08.395+0000] {processor.py:161} INFO - Started process (PID=151) to work on /home/airflow/.local/lib/python3.12/site-packages/airflow/example_dags/example_sla_dag.py
[2024-05-06T18:00:08.395+0000] {processor.py:830} INFO - Processing file /home/airflow/.local/lib/python3.12/site-packages/airflow/example_dags/example_sla_dag.py for tasks to queue
[2024-05-06T18:00:08.396+0000] {logging_mixin.py:188} INFO - [2024-05-06T18:00:08.396+0000] {dagbag.py:540} INFO - Filling up the DagBag from /home/airflow/.local/lib/python3.12/site-packages/airflow/example_dags/example_sla_dag.py
[2024-05-06T18:00:08.400+0000] {processor.py:840} INFO - DAG(s) 'example_sla_dag' retrieved from /home/airflow/.local/lib/python3.12/site-packages/airflow/example_dags/example_sla_dag.py
[2024-05-06T18:00:08.410+0000] {logging_mixin.py:188} INFO - [2024-05-06T18:00:08.409+0000] {dag.py:3096} INFO - Sync 1 DAGs
[2024-05-06T18:00:08.420+0000] {logging_mixin.py:188} INFO - [2024-05-06T18:00:08.420+0000] {dag.py:3954} INFO - Setting next_dagrun for example_sla_dag to 2024-05-06 17:58:00+00:00, run_after=2024-05-06 18:00:00+00:00
[2024-05-06T18:00:08.428+0000] {processor.py:183} INFO - Processing /home/airflow/.local/lib/python3.12/site-packages/airflow/example_dags/example_sla_dag.py took 0.036 seconds
[2024-05-06T18:00:39.009+0000] {processor.py:161} INFO - Started process (PID=209) to work on /home/airflow/.local/lib/python3.12/site-packages/airflow/example_dags/example_sla_dag.py
[2024-05-06T18:00:39.010+0000] {processor.py:830} INFO - Processing file /home/airflow/.local/lib/python3.12/site-packages/airflow/example_dags/example_sla_dag.py for tasks to queue
[2024-05-06T18:00:39.011+0000] {logging_mixin.py:188} INFO - [2024-05-06T18:00:39.011+0000] {dagbag.py:540} INFO - Filling up the DagBag from /home/airflow/.local/lib/python3.12/site-packages/airflow/example_dags/example_sla_dag.py
[2024-05-06T18:00:39.015+0000] {processor.py:840} INFO - DAG(s) 'example_sla_dag' retrieved from /home/airflow/.local/lib/python3.12/site-packages/airflow/example_dags/example_sla_dag.py
[2024-05-06T18:00:39.024+0000] {logging_mixin.py:188} INFO - [2024-05-06T18:00:39.024+0000] {dag.py:3096} INFO - Sync 1 DAGs
[2024-05-06T18:00:39.035+0000] {logging_mixin.py:188} INFO - [2024-05-06T18:00:39.034+0000] {dag.py:3954} INFO - Setting next_dagrun for example_sla_dag to 2024-05-06 17:58:00+00:00, run_after=2024-05-06 18:00:00+00:00
[2024-05-06T18:00:39.042+0000] {processor.py:183} INFO - Processing /home/airflow/.local/lib/python3.12/site-packages/airflow/example_dags/example_sla_dag.py took 0.035 seconds
[2024-05-06T18:01:09.607+0000] {processor.py:161} INFO - Started process (PID=267) to work on /home/airflow/.local/lib/python3.12/site-packages/airflow/example_dags/example_sla_dag.py
[2024-05-06T18:01:09.608+0000] {processor.py:830} INFO - Processing file /home/airflow/.local/lib/python3.12/site-packages/airflow/example_dags/example_sla_dag.py for tasks to queue
[2024-05-06T18:01:09.609+0000] {logging_mixin.py:188} INFO - [2024-05-06T18:01:09.608+0000] {dagbag.py:540} INFO - Filling up the DagBag from /home/airflow/.local/lib/python3.12/site-packages/airflow/example_dags/example_sla_dag.py
[2024-05-06T18:01:09.613+0000] {processor.py:840} INFO - DAG(s) 'example_sla_dag' retrieved from /home/airflow/.local/lib/python3.12/site-packages/airflow/example_dags/example_sla_dag.py
[2024-05-06T18:01:09.624+0000] {logging_mixin.py:188} INFO - [2024-05-06T18:01:09.624+0000] {dag.py:3096} INFO - Sync 1 DAGs
[2024-05-06T18:01:09.635+0000] {logging_mixin.py:188} INFO - [2024-05-06T18:01:09.635+0000] {dag.py:3954} INFO - Setting next_dagrun for example_sla_dag to 2024-05-06 17:58:00+00:00, run_after=2024-05-06 18:00:00+00:00
[2024-05-06T18:01:09.643+0000] {processor.py:183} INFO - Processing /home/airflow/.local/lib/python3.12/site-packages/airflow/example_dags/example_sla_dag.py took 0.040 seconds
[2024-05-06T18:01:40.201+0000] {processor.py:161} INFO - Started process (PID=325) to work on /home/airflow/.local/lib/python3.12/site-packages/airflow/example_dags/example_sla_dag.py
[2024-05-06T18:01:40.202+0000] {processor.py:830} INFO - Processing file /home/airflow/.local/lib/python3.12/site-packages/airflow/example_dags/example_sla_dag.py for tasks to queue
[2024-05-06T18:01:40.203+0000] {logging_mixin.py:188} INFO - [2024-05-06T18:01:40.202+0000] {dagbag.py:540} INFO - Filling up the DagBag from /home/airflow/.local/lib/python3.12/site-packages/airflow/example_dags/example_sla_dag.py
[2024-05-06T18:01:40.207+0000] {processor.py:840} INFO - DAG(s) 'example_sla_dag' retrieved from /home/airflow/.local/lib/python3.12/site-packages/airflow/example_dags/example_sla_dag.py
[2024-05-06T18:01:40.216+0000] {logging_mixin.py:188} INFO - [2024-05-06T18:01:40.216+0000] {dag.py:3096} INFO - Sync 1 DAGs
[2024-05-06T18:01:40.227+0000] {logging_mixin.py:188} INFO - [2024-05-06T18:01:40.227+0000] {dag.py:3954} INFO - Setting next_dagrun for example_sla_dag to 2024-05-06 17:58:00+00:00, run_after=2024-05-06 18:00:00+00:00
[2024-05-06T18:01:40.235+0000] {processor.py:183} INFO - Processing /home/airflow/.local/lib/python3.12/site-packages/airflow/example_dags/example_sla_dag.py took 0.037 seconds
[2024-05-06T18:02:10.885+0000] {processor.py:161} INFO - Started process (PID=383) to work on /home/airflow/.local/lib/python3.12/site-packages/airflow/example_dags/example_sla_dag.py
[2024-05-06T18:02:10.889+0000] {processor.py:830} INFO - Processing file /home/airflow/.local/lib/python3.12/site-packages/airflow/example_dags/example_sla_dag.py for tasks to queue
[2024-05-06T18:02:10.890+0000] {logging_mixin.py:188} INFO - [2024-05-06T18:02:10.890+0000] {dagbag.py:540} INFO - Filling up the DagBag from /home/airflow/.local/lib/python3.12/site-packages/airflow/example_dags/example_sla_dag.py
[2024-05-06T18:02:10.894+0000] {processor.py:840} INFO - DAG(s) 'example_sla_dag' retrieved from /home/airflow/.local/lib/python3.12/site-packages/airflow/example_dags/example_sla_dag.py
[2024-05-06T18:02:10.905+0000] {logging_mixin.py:188} INFO - [2024-05-06T18:02:10.905+0000] {dag.py:3096} INFO - Sync 1 DAGs
[2024-05-06T18:02:10.918+0000] {logging_mixin.py:188} INFO - [2024-05-06T18:02:10.918+0000] {dag.py:3954} INFO - Setting next_dagrun for example_sla_dag to 2024-05-06 18:00:00+00:00, run_after=2024-05-06 18:02:00+00:00
[2024-05-06T18:02:10.927+0000] {processor.py:183} INFO - Processing /home/airflow/.local/lib/python3.12/site-packages/airflow/example_dags/example_sla_dag.py took 0.045 seconds
[2024-05-06T18:02:41.484+0000] {processor.py:161} INFO - Started process (PID=441) to work on /home/airflow/.local/lib/python3.12/site-packages/airflow/example_dags/example_sla_dag.py
[2024-05-06T18:02:41.484+0000] {processor.py:830} INFO - Processing file /home/airflow/.local/lib/python3.12/site-packages/airflow/example_dags/example_sla_dag.py for tasks to queue
[2024-05-06T18:02:41.486+0000] {logging_mixin.py:188} INFO - [2024-05-06T18:02:41.485+0000] {dagbag.py:540} INFO - Filling up the DagBag from /home/airflow/.local/lib/python3.12/site-packages/airflow/example_dags/example_sla_dag.py
[2024-05-06T18:02:41.490+0000] {processor.py:840} INFO - DAG(s) 'example_sla_dag' retrieved from /home/airflow/.local/lib/python3.12/site-packages/airflow/example_dags/example_sla_dag.py
[2024-05-06T18:02:41.499+0000] {logging_mixin.py:188} INFO - [2024-05-06T18:02:41.499+0000] {dag.py:3096} INFO - Sync 1 DAGs
[2024-05-06T18:02:41.510+0000] {logging_mixin.py:188} INFO - [2024-05-06T18:02:41.509+0000] {dag.py:3954} INFO - Setting next_dagrun for example_sla_dag to 2024-05-06 18:00:00+00:00, run_after=2024-05-06 18:02:00+00:00
[2024-05-06T18:02:41.517+0000] {processor.py:183} INFO - Processing /home/airflow/.local/lib/python3.12/site-packages/airflow/example_dags/example_sla_dag.py took 0.037 seconds
[2024-05-06T18:03:12.036+0000] {processor.py:161} INFO - Started process (PID=499) to work on /home/airflow/.local/lib/python3.12/site-packages/airflow/example_dags/example_sla_dag.py
[2024-05-06T18:03:12.037+0000] {processor.py:830} INFO - Processing file /home/airflow/.local/lib/python3.12/site-packages/airflow/example_dags/example_sla_dag.py for tasks to queue
[2024-05-06T18:03:12.038+0000] {logging_mixin.py:188} INFO - [2024-05-06T18:03:12.037+0000] {dagbag.py:540} INFO - Filling up the DagBag from /home/airflow/.local/lib/python3.12/site-packages/airflow/example_dags/example_sla_dag.py
[2024-05-06T18:03:12.042+0000] {processor.py:840} INFO - DAG(s) 'example_sla_dag' retrieved from /home/airflow/.local/lib/python3.12/site-packages/airflow/example_dags/example_sla_dag.py
[2024-05-06T18:03:12.051+0000] {logging_mixin.py:188} INFO - [2024-05-06T18:03:12.051+0000] {dag.py:3096} INFO - Sync 1 DAGs
[2024-05-06T18:03:12.061+0000] {logging_mixin.py:188} INFO - [2024-05-06T18:03:12.061+0000] {dag.py:3954} INFO - Setting next_dagrun for example_sla_dag to 2024-05-06 18:00:00+00:00, run_after=2024-05-06 18:02:00+00:00
[2024-05-06T18:03:12.069+0000] {processor.py:183} INFO - Processing /home/airflow/.local/lib/python3.12/site-packages/airflow/example_dags/example_sla_dag.py took 0.035 seconds
[2024-05-06T18:03:42.625+0000] {processor.py:161} INFO - Started process (PID=557) to work on /home/airflow/.local/lib/python3.12/site-packages/airflow/example_dags/example_sla_dag.py
[2024-05-06T18:03:42.626+0000] {processor.py:830} INFO - Processing file /home/airflow/.local/lib/python3.12/site-packages/airflow/example_dags/example_sla_dag.py for tasks to queue
[2024-05-06T18:03:42.627+0000] {logging_mixin.py:188} INFO - [2024-05-06T18:03:42.626+0000] {dagbag.py:540} INFO - Filling up the DagBag from /home/airflow/.local/lib/python3.12/site-packages/airflow/example_dags/example_sla_dag.py
[2024-05-06T18:03:42.631+0000] {processor.py:840} INFO - DAG(s) 'example_sla_dag' retrieved from /home/airflow/.local/lib/python3.12/site-packages/airflow/example_dags/example_sla_dag.py
[2024-05-06T18:03:42.640+0000] {logging_mixin.py:188} INFO - [2024-05-06T18:03:42.640+0000] {dag.py:3096} INFO - Sync 1 DAGs
[2024-05-06T18:03:42.651+0000] {logging_mixin.py:188} INFO - [2024-05-06T18:03:42.651+0000] {dag.py:3954} INFO - Setting next_dagrun for example_sla_dag to 2024-05-06 18:00:00+00:00, run_after=2024-05-06 18:02:00+00:00
[2024-05-06T18:03:42.659+0000] {processor.py:183} INFO - Processing /home/airflow/.local/lib/python3.12/site-packages/airflow/example_dags/example_sla_dag.py took 0.037 seconds
[2024-05-06T18:04:13.222+0000] {processor.py:161} INFO - Started process (PID=615) to work on /home/airflow/.local/lib/python3.12/site-packages/airflow/example_dags/example_sla_dag.py
[2024-05-06T18:04:13.223+0000] {processor.py:830} INFO - Processing file /home/airflow/.local/lib/python3.12/site-packages/airflow/example_dags/example_sla_dag.py for tasks to queue
[2024-05-06T18:04:13.224+0000] {logging_mixin.py:188} INFO - [2024-05-06T18:04:13.224+0000] {dagbag.py:540} INFO - Filling up the DagBag from /home/airflow/.local/lib/python3.12/site-packages/airflow/example_dags/example_sla_dag.py
[2024-05-06T18:04:13.229+0000] {processor.py:840} INFO - DAG(s) 'example_sla_dag' retrieved from /home/airflow/.local/lib/python3.12/site-packages/airflow/example_dags/example_sla_dag.py
[2024-05-06T18:04:13.238+0000] {logging_mixin.py:188} INFO - [2024-05-06T18:04:13.238+0000] {dag.py:3096} INFO - Sync 1 DAGs
[2024-05-06T18:04:13.249+0000] {logging_mixin.py:188} INFO - [2024-05-06T18:04:13.249+0000] {dag.py:3954} INFO - Setting next_dagrun for example_sla_dag to 2024-05-06 18:02:00+00:00, run_after=2024-05-06 18:04:00+00:00
[2024-05-06T18:04:13.256+0000] {processor.py:183} INFO - Processing /home/airflow/.local/lib/python3.12/site-packages/airflow/example_dags/example_sla_dag.py took 0.037 seconds
[2024-05-06T18:04:43.898+0000] {processor.py:161} INFO - Started process (PID=673) to work on /home/airflow/.local/lib/python3.12/site-packages/airflow/example_dags/example_sla_dag.py
[2024-05-06T18:04:43.899+0000] {processor.py:830} INFO - Processing file /home/airflow/.local/lib/python3.12/site-packages/airflow/example_dags/example_sla_dag.py for tasks to queue
[2024-05-06T18:04:43.900+0000] {logging_mixin.py:188} INFO - [2024-05-06T18:04:43.899+0000] {dagbag.py:540} INFO - Filling up the DagBag from /home/airflow/.local/lib/python3.12/site-packages/airflow/example_dags/example_sla_dag.py
[2024-05-06T18:04:43.904+0000] {processor.py:840} INFO - DAG(s) 'example_sla_dag' retrieved from /home/airflow/.local/lib/python3.12/site-packages/airflow/example_dags/example_sla_dag.py
[2024-05-06T18:04:43.914+0000] {logging_mixin.py:188} INFO - [2024-05-06T18:04:43.913+0000] {dag.py:3096} INFO - Sync 1 DAGs
[2024-05-06T18:04:43.924+0000] {logging_mixin.py:188} INFO - [2024-05-06T18:04:43.924+0000] {dag.py:3954} INFO - Setting next_dagrun for example_sla_dag to 2024-05-06 18:02:00+00:00, run_after=2024-05-06 18:04:00+00:00
[2024-05-06T18:04:43.932+0000] {processor.py:183} INFO - Processing /home/airflow/.local/lib/python3.12/site-packages/airflow/example_dags/example_sla_dag.py took 0.037 seconds
[2024-05-06T18:05:14.465+0000] {processor.py:161} INFO - Started process (PID=731) to work on /home/airflow/.local/lib/python3.12/site-packages/airflow/example_dags/example_sla_dag.py
[2024-05-06T18:05:14.466+0000] {processor.py:830} INFO - Processing file /home/airflow/.local/lib/python3.12/site-packages/airflow/example_dags/example_sla_dag.py for tasks to queue
[2024-05-06T18:05:14.467+0000] {logging_mixin.py:188} INFO - [2024-05-06T18:05:14.466+0000] {dagbag.py:540} INFO - Filling up the DagBag from /home/airflow/.local/lib/python3.12/site-packages/airflow/example_dags/example_sla_dag.py
[2024-05-06T18:05:14.471+0000] {processor.py:840} INFO - DAG(s) 'example_sla_dag' retrieved from /home/airflow/.local/lib/python3.12/site-packages/airflow/example_dags/example_sla_dag.py
[2024-05-06T18:05:14.481+0000] {logging_mixin.py:188} INFO - [2024-05-06T18:05:14.480+0000] {dag.py:3096} INFO - Sync 1 DAGs
[2024-05-06T18:05:14.492+0000] {logging_mixin.py:188} INFO - [2024-05-06T18:05:14.492+0000] {dag.py:3954} INFO - Setting next_dagrun for example_sla_dag to 2024-05-06 18:02:00+00:00, run_after=2024-05-06 18:04:00+00:00
[2024-05-06T18:05:14.500+0000] {processor.py:183} INFO - Processing /home/airflow/.local/lib/python3.12/site-packages/airflow/example_dags/example_sla_dag.py took 0.038 seconds
[2024-05-06T18:05:45.171+0000] {processor.py:161} INFO - Started process (PID=789) to work on /home/airflow/.local/lib/python3.12/site-packages/airflow/example_dags/example_sla_dag.py
[2024-05-06T18:05:45.171+0000] {processor.py:830} INFO - Processing file /home/airflow/.local/lib/python3.12/site-packages/airflow/example_dags/example_sla_dag.py for tasks to queue
[2024-05-06T18:05:45.173+0000] {logging_mixin.py:188} INFO - [2024-05-06T18:05:45.172+0000] {dagbag.py:540} INFO - Filling up the DagBag from /home/airflow/.local/lib/python3.12/site-packages/airflow/example_dags/example_sla_dag.py
[2024-05-06T18:05:45.178+0000] {processor.py:840} INFO - DAG(s) 'example_sla_dag' retrieved from /home/airflow/.local/lib/python3.12/site-packages/airflow/example_dags/example_sla_dag.py
[2024-05-06T18:05:45.190+0000] {logging_mixin.py:188} INFO - [2024-05-06T18:05:45.189+0000] {dag.py:3096} INFO - Sync 1 DAGs
[2024-05-06T18:05:45.204+0000] {logging_mixin.py:188} INFO - [2024-05-06T18:05:45.203+0000] {dag.py:3954} INFO - Setting next_dagrun for example_sla_dag to 2024-05-06 18:02:00+00:00, run_after=2024-05-06 18:04:00+00:00
[2024-05-06T18:05:45.307+0000] {processor.py:183} INFO - Processing /home/airflow/.local/lib/python3.12/site-packages/airflow/example_dags/example_sla_dag.py took 0.140 seconds
[2024-05-06T18:06:16.152+0000] {processor.py:161} INFO - Started process (PID=847) to work on /home/airflow/.local/lib/python3.12/site-packages/airflow/example_dags/example_sla_dag.py
[2024-05-06T18:06:16.153+0000] {processor.py:830} INFO - Processing file /home/airflow/.local/lib/python3.12/site-packages/airflow/example_dags/example_sla_dag.py for tasks to queue
[2024-05-06T18:06:16.154+0000] {logging_mixin.py:188} INFO - [2024-05-06T18:06:16.154+0000] {dagbag.py:540} INFO - Filling up the DagBag from /home/airflow/.local/lib/python3.12/site-packages/airflow/example_dags/example_sla_dag.py
[2024-05-06T18:06:16.159+0000] {processor.py:840} INFO - DAG(s) 'example_sla_dag' retrieved from /home/airflow/.local/lib/python3.12/site-packages/airflow/example_dags/example_sla_dag.py
[2024-05-06T18:06:16.171+0000] {logging_mixin.py:188} INFO - [2024-05-06T18:06:16.171+0000] {dag.py:3096} INFO - Sync 1 DAGs
[2024-05-06T18:06:16.186+0000] {logging_mixin.py:188} INFO - [2024-05-06T18:06:16.186+0000] {dag.py:3954} INFO - Setting next_dagrun for example_sla_dag to 2024-05-06 18:04:00+00:00, run_after=2024-05-06 18:06:00+00:00
[2024-05-06T18:06:16.198+0000] {processor.py:183} INFO - Processing /home/airflow/.local/lib/python3.12/site-packages/airflow/example_dags/example_sla_dag.py took 0.050 seconds
[2024-05-06T18:07:59.891+0000] {processor.py:161} INFO - Started process (PID=905) to work on /home/airflow/.local/lib/python3.12/site-packages/airflow/example_dags/example_sla_dag.py
[2024-05-06T18:07:59.892+0000] {processor.py:830} INFO - Processing file /home/airflow/.local/lib/python3.12/site-packages/airflow/example_dags/example_sla_dag.py for tasks to queue
[2024-05-06T18:07:59.893+0000] {logging_mixin.py:188} INFO - [2024-05-06T18:07:59.893+0000] {dagbag.py:540} INFO - Filling up the DagBag from /home/airflow/.local/lib/python3.12/site-packages/airflow/example_dags/example_sla_dag.py
[2024-05-06T18:07:59.898+0000] {processor.py:840} INFO - DAG(s) 'example_sla_dag' retrieved from /home/airflow/.local/lib/python3.12/site-packages/airflow/example_dags/example_sla_dag.py
[2024-05-06T18:07:59.909+0000] {logging_mixin.py:188} INFO - [2024-05-06T18:07:59.909+0000] {dag.py:3096} INFO - Sync 1 DAGs
[2024-05-06T18:07:59.922+0000] {logging_mixin.py:188} INFO - [2024-05-06T18:07:59.921+0000] {dag.py:3954} INFO - Setting next_dagrun for example_sla_dag to 2024-05-06 18:04:00+00:00, run_after=2024-05-06 18:06:00+00:00
[2024-05-06T18:07:59.932+0000] {processor.py:183} INFO - Processing /home/airflow/.local/lib/python3.12/site-packages/airflow/example_dags/example_sla_dag.py took 0.044 seconds
[2024-05-06T18:08:30.115+0000] {processor.py:161} INFO - Started process (PID=963) to work on /home/airflow/.local/lib/python3.12/site-packages/airflow/example_dags/example_sla_dag.py
[2024-05-06T18:08:30.115+0000] {processor.py:830} INFO - Processing file /home/airflow/.local/lib/python3.12/site-packages/airflow/example_dags/example_sla_dag.py for tasks to queue
[2024-05-06T18:08:30.116+0000] {logging_mixin.py:188} INFO - [2024-05-06T18:08:30.116+0000] {dagbag.py:540} INFO - Filling up the DagBag from /home/airflow/.local/lib/python3.12/site-packages/airflow/example_dags/example_sla_dag.py
[2024-05-06T18:08:30.120+0000] {processor.py:840} INFO - DAG(s) 'example_sla_dag' retrieved from /home/airflow/.local/lib/python3.12/site-packages/airflow/example_dags/example_sla_dag.py
[2024-05-06T18:08:30.129+0000] {logging_mixin.py:188} INFO - [2024-05-06T18:08:30.129+0000] {dag.py:3096} INFO - Sync 1 DAGs
[2024-05-06T18:08:30.140+0000] {logging_mixin.py:188} INFO - [2024-05-06T18:08:30.140+0000] {dag.py:3954} INFO - Setting next_dagrun for example_sla_dag to 2024-05-06 18:06:00+00:00, run_after=2024-05-06 18:08:00+00:00
[2024-05-06T18:08:30.150+0000] {processor.py:183} INFO - Processing /home/airflow/.local/lib/python3.12/site-packages/airflow/example_dags/example_sla_dag.py took 0.038 seconds
[2024-05-06T18:09:01.240+0000] {processor.py:161} INFO - Started process (PID=1021) to work on /home/airflow/.local/lib/python3.12/site-packages/airflow/example_dags/example_sla_dag.py
[2024-05-06T18:09:01.240+0000] {processor.py:830} INFO - Processing file /home/airflow/.local/lib/python3.12/site-packages/airflow/example_dags/example_sla_dag.py for tasks to queue
[2024-05-06T18:09:01.241+0000] {logging_mixin.py:188} INFO - [2024-05-06T18:09:01.241+0000] {dagbag.py:540} INFO - Filling up the DagBag from /home/airflow/.local/lib/python3.12/site-packages/airflow/example_dags/example_sla_dag.py
[2024-05-06T18:09:01.245+0000] {processor.py:840} INFO - DAG(s) 'example_sla_dag' retrieved from /home/airflow/.local/lib/python3.12/site-packages/airflow/example_dags/example_sla_dag.py
[2024-05-06T18:09:01.327+0000] {logging_mixin.py:188} INFO - [2024-05-06T18:09:01.326+0000] {dag.py:3096} INFO - Sync 1 DAGs
[2024-05-06T18:09:01.335+0000] {logging_mixin.py:188} INFO - [2024-05-06T18:09:01.335+0000] {dag.py:3954} INFO - Setting next_dagrun for example_sla_dag to 2024-05-06 18:06:00+00:00, run_after=2024-05-06 18:08:00+00:00
[2024-05-06T18:09:01.342+0000] {processor.py:183} INFO - Processing /home/airflow/.local/lib/python3.12/site-packages/airflow/example_dags/example_sla_dag.py took 0.104 seconds
[2024-05-06T18:09:31.461+0000] {processor.py:161} INFO - Started process (PID=1079) to work on /home/airflow/.local/lib/python3.12/site-packages/airflow/example_dags/example_sla_dag.py
[2024-05-06T18:09:31.462+0000] {processor.py:830} INFO - Processing file /home/airflow/.local/lib/python3.12/site-packages/airflow/example_dags/example_sla_dag.py for tasks to queue
[2024-05-06T18:09:31.462+0000] {logging_mixin.py:188} INFO - [2024-05-06T18:09:31.462+0000] {dagbag.py:540} INFO - Filling up the DagBag from /home/airflow/.local/lib/python3.12/site-packages/airflow/example_dags/example_sla_dag.py
[2024-05-06T18:09:31.466+0000] {processor.py:840} INFO - DAG(s) 'example_sla_dag' retrieved from /home/airflow/.local/lib/python3.12/site-packages/airflow/example_dags/example_sla_dag.py
[2024-05-06T18:09:31.476+0000] {logging_mixin.py:188} INFO - [2024-05-06T18:09:31.475+0000] {dag.py:3096} INFO - Sync 1 DAGs
[2024-05-06T18:09:31.556+0000] {logging_mixin.py:188} INFO - [2024-05-06T18:09:31.556+0000] {dag.py:3954} INFO - Setting next_dagrun for example_sla_dag to 2024-05-06 18:06:00+00:00, run_after=2024-05-06 18:08:00+00:00
[2024-05-06T18:09:31.563+0000] {processor.py:183} INFO - Processing /home/airflow/.local/lib/python3.12/site-packages/airflow/example_dags/example_sla_dag.py took 0.104 seconds
[2024-05-06T18:10:01.599+0000] {processor.py:161} INFO - Started process (PID=1137) to work on /home/airflow/.local/lib/python3.12/site-packages/airflow/example_dags/example_sla_dag.py
[2024-05-06T18:10:01.601+0000] {processor.py:830} INFO - Processing file /home/airflow/.local/lib/python3.12/site-packages/airflow/example_dags/example_sla_dag.py for tasks to queue
[2024-05-06T18:10:01.602+0000] {logging_mixin.py:188} INFO - [2024-05-06T18:10:01.602+0000] {dagbag.py:540} INFO - Filling up the DagBag from /home/airflow/.local/lib/python3.12/site-packages/airflow/example_dags/example_sla_dag.py
[2024-05-06T18:10:01.606+0000] {processor.py:840} INFO - DAG(s) 'example_sla_dag' retrieved from /home/airflow/.local/lib/python3.12/site-packages/airflow/example_dags/example_sla_dag.py
[2024-05-06T18:10:01.615+0000] {logging_mixin.py:188} INFO - [2024-05-06T18:10:01.614+0000] {dag.py:3096} INFO - Sync 1 DAGs
[2024-05-06T18:10:01.624+0000] {logging_mixin.py:188} INFO - [2024-05-06T18:10:01.624+0000] {dag.py:3954} INFO - Setting next_dagrun for example_sla_dag to 2024-05-06 18:08:00+00:00, run_after=2024-05-06 18:10:00+00:00
[2024-05-06T18:10:01.632+0000] {processor.py:183} INFO - Processing /home/airflow/.local/lib/python3.12/site-packages/airflow/example_dags/example_sla_dag.py took 0.036 seconds
[2024-05-06T18:10:32.253+0000] {processor.py:161} INFO - Started process (PID=1195) to work on /home/airflow/.local/lib/python3.12/site-packages/airflow/example_dags/example_sla_dag.py
[2024-05-06T18:10:32.254+0000] {processor.py:830} INFO - Processing file /home/airflow/.local/lib/python3.12/site-packages/airflow/example_dags/example_sla_dag.py for tasks to queue
[2024-05-06T18:10:32.255+0000] {logging_mixin.py:188} INFO - [2024-05-06T18:10:32.255+0000] {dagbag.py:540} INFO - Filling up the DagBag from /home/airflow/.local/lib/python3.12/site-packages/airflow/example_dags/example_sla_dag.py
[2024-05-06T18:10:32.259+0000] {processor.py:840} INFO - DAG(s) 'example_sla_dag' retrieved from /home/airflow/.local/lib/python3.12/site-packages/airflow/example_dags/example_sla_dag.py
[2024-05-06T18:10:32.268+0000] {logging_mixin.py:188} INFO - [2024-05-06T18:10:32.268+0000] {dag.py:3096} INFO - Sync 1 DAGs
[2024-05-06T18:10:32.278+0000] {logging_mixin.py:188} INFO - [2024-05-06T18:10:32.278+0000] {dag.py:3954} INFO - Setting next_dagrun for example_sla_dag to 2024-05-06 18:08:00+00:00, run_after=2024-05-06 18:10:00+00:00
[2024-05-06T18:10:32.285+0000] {processor.py:183} INFO - Processing /home/airflow/.local/lib/python3.12/site-packages/airflow/example_dags/example_sla_dag.py took 0.035 seconds
[2024-05-06T18:11:02.790+0000] {processor.py:161} INFO - Started process (PID=1253) to work on /home/airflow/.local/lib/python3.12/site-packages/airflow/example_dags/example_sla_dag.py
[2024-05-06T18:11:02.791+0000] {processor.py:830} INFO - Processing file /home/airflow/.local/lib/python3.12/site-packages/airflow/example_dags/example_sla_dag.py for tasks to queue
[2024-05-06T18:11:02.792+0000] {logging_mixin.py:188} INFO - [2024-05-06T18:11:02.792+0000] {dagbag.py:540} INFO - Filling up the DagBag from /home/airflow/.local/lib/python3.12/site-packages/airflow/example_dags/example_sla_dag.py
[2024-05-06T18:11:02.796+0000] {processor.py:840} INFO - DAG(s) 'example_sla_dag' retrieved from /home/airflow/.local/lib/python3.12/site-packages/airflow/example_dags/example_sla_dag.py
[2024-05-06T18:11:02.805+0000] {logging_mixin.py:188} INFO - [2024-05-06T18:11:02.805+0000] {dag.py:3096} INFO - Sync 1 DAGs
[2024-05-06T18:11:02.815+0000] {logging_mixin.py:188} INFO - [2024-05-06T18:11:02.814+0000] {dag.py:3954} INFO - Setting next_dagrun for example_sla_dag to 2024-05-06 18:08:00+00:00, run_after=2024-05-06 18:10:00+00:00
[2024-05-06T18:11:02.821+0000] {processor.py:183} INFO - Processing /home/airflow/.local/lib/python3.12/site-packages/airflow/example_dags/example_sla_dag.py took 0.034 seconds
[2024-05-06T18:11:33.429+0000] {processor.py:161} INFO - Started process (PID=1310) to work on /home/airflow/.local/lib/python3.12/site-packages/airflow/example_dags/example_sla_dag.py
[2024-05-06T18:11:33.430+0000] {processor.py:830} INFO - Processing file /home/airflow/.local/lib/python3.12/site-packages/airflow/example_dags/example_sla_dag.py for tasks to queue
[2024-05-06T18:11:33.431+0000] {logging_mixin.py:188} INFO - [2024-05-06T18:11:33.431+0000] {dagbag.py:540} INFO - Filling up the DagBag from /home/airflow/.local/lib/python3.12/site-packages/airflow/example_dags/example_sla_dag.py
[2024-05-06T18:11:33.435+0000] {processor.py:840} INFO - DAG(s) 'example_sla_dag' retrieved from /home/airflow/.local/lib/python3.12/site-packages/airflow/example_dags/example_sla_dag.py
[2024-05-06T18:11:33.444+0000] {logging_mixin.py:188} INFO - [2024-05-06T18:11:33.444+0000] {dag.py:3096} INFO - Sync 1 DAGs
[2024-05-06T18:11:33.454+0000] {logging_mixin.py:188} INFO - [2024-05-06T18:11:33.454+0000] {dag.py:3954} INFO - Setting next_dagrun for example_sla_dag to 2024-05-06 18:08:00+00:00, run_after=2024-05-06 18:10:00+00:00
[2024-05-06T18:11:33.461+0000] {processor.py:183} INFO - Processing /home/airflow/.local/lib/python3.12/site-packages/airflow/example_dags/example_sla_dag.py took 0.034 seconds
[2024-05-06T18:12:04.010+0000] {processor.py:161} INFO - Started process (PID=1367) to work on /home/airflow/.local/lib/python3.12/site-packages/airflow/example_dags/example_sla_dag.py
[2024-05-06T18:12:04.011+0000] {processor.py:830} INFO - Processing file /home/airflow/.local/lib/python3.12/site-packages/airflow/example_dags/example_sla_dag.py for tasks to queue
[2024-05-06T18:12:04.012+0000] {logging_mixin.py:188} INFO - [2024-05-06T18:12:04.012+0000] {dagbag.py:540} INFO - Filling up the DagBag from /home/airflow/.local/lib/python3.12/site-packages/airflow/example_dags/example_sla_dag.py
[2024-05-06T18:12:04.016+0000] {processor.py:840} INFO - DAG(s) 'example_sla_dag' retrieved from /home/airflow/.local/lib/python3.12/site-packages/airflow/example_dags/example_sla_dag.py
[2024-05-06T18:12:04.025+0000] {logging_mixin.py:188} INFO - [2024-05-06T18:12:04.024+0000] {dag.py:3096} INFO - Sync 1 DAGs
[2024-05-06T18:12:04.034+0000] {logging_mixin.py:188} INFO - [2024-05-06T18:12:04.034+0000] {dag.py:3954} INFO - Setting next_dagrun for example_sla_dag to 2024-05-06 18:10:00+00:00, run_after=2024-05-06 18:12:00+00:00
[2024-05-06T18:12:04.041+0000] {processor.py:183} INFO - Processing /home/airflow/.local/lib/python3.12/site-packages/airflow/example_dags/example_sla_dag.py took 0.034 seconds
[2024-05-06T18:12:34.596+0000] {processor.py:161} INFO - Started process (PID=1425) to work on /home/airflow/.local/lib/python3.12/site-packages/airflow/example_dags/example_sla_dag.py
[2024-05-06T18:12:34.596+0000] {processor.py:830} INFO - Processing file /home/airflow/.local/lib/python3.12/site-packages/airflow/example_dags/example_sla_dag.py for tasks to queue
[2024-05-06T18:12:34.598+0000] {logging_mixin.py:188} INFO - [2024-05-06T18:12:34.598+0000] {dagbag.py:540} INFO - Filling up the DagBag from /home/airflow/.local/lib/python3.12/site-packages/airflow/example_dags/example_sla_dag.py
[2024-05-06T18:12:34.602+0000] {processor.py:840} INFO - DAG(s) 'example_sla_dag' retrieved from /home/airflow/.local/lib/python3.12/site-packages/airflow/example_dags/example_sla_dag.py
[2024-05-06T18:12:34.611+0000] {logging_mixin.py:188} INFO - [2024-05-06T18:12:34.611+0000] {dag.py:3096} INFO - Sync 1 DAGs
[2024-05-06T18:12:34.621+0000] {logging_mixin.py:188} INFO - [2024-05-06T18:12:34.620+0000] {dag.py:3954} INFO - Setting next_dagrun for example_sla_dag to 2024-05-06 18:10:00+00:00, run_after=2024-05-06 18:12:00+00:00
[2024-05-06T18:12:34.627+0000] {processor.py:183} INFO - Processing /home/airflow/.local/lib/python3.12/site-packages/airflow/example_dags/example_sla_dag.py took 0.035 seconds
[2024-05-06T18:13:05.194+0000] {processor.py:161} INFO - Started process (PID=1483) to work on /home/airflow/.local/lib/python3.12/site-packages/airflow/example_dags/example_sla_dag.py
[2024-05-06T18:13:05.194+0000] {processor.py:830} INFO - Processing file /home/airflow/.local/lib/python3.12/site-packages/airflow/example_dags/example_sla_dag.py for tasks to queue
[2024-05-06T18:13:05.195+0000] {logging_mixin.py:188} INFO - [2024-05-06T18:13:05.195+0000] {dagbag.py:540} INFO - Filling up the DagBag from /home/airflow/.local/lib/python3.12/site-packages/airflow/example_dags/example_sla_dag.py
[2024-05-06T18:13:05.200+0000] {processor.py:840} INFO - DAG(s) 'example_sla_dag' retrieved from /home/airflow/.local/lib/python3.12/site-packages/airflow/example_dags/example_sla_dag.py
[2024-05-06T18:13:05.208+0000] {logging_mixin.py:188} INFO - [2024-05-06T18:13:05.208+0000] {dag.py:3096} INFO - Sync 1 DAGs
[2024-05-06T18:13:05.218+0000] {logging_mixin.py:188} INFO - [2024-05-06T18:13:05.218+0000] {dag.py:3954} INFO - Setting next_dagrun for example_sla_dag to 2024-05-06 18:10:00+00:00, run_after=2024-05-06 18:12:00+00:00
[2024-05-06T18:13:05.229+0000] {processor.py:183} INFO - Processing /home/airflow/.local/lib/python3.12/site-packages/airflow/example_dags/example_sla_dag.py took 0.038 seconds
[2024-05-06T18:13:35.769+0000] {processor.py:161} INFO - Started process (PID=1541) to work on /home/airflow/.local/lib/python3.12/site-packages/airflow/example_dags/example_sla_dag.py
[2024-05-06T18:13:35.770+0000] {processor.py:830} INFO - Processing file /home/airflow/.local/lib/python3.12/site-packages/airflow/example_dags/example_sla_dag.py for tasks to queue
[2024-05-06T18:13:35.771+0000] {logging_mixin.py:188} INFO - [2024-05-06T18:13:35.771+0000] {dagbag.py:540} INFO - Filling up the DagBag from /home/airflow/.local/lib/python3.12/site-packages/airflow/example_dags/example_sla_dag.py
[2024-05-06T18:13:35.775+0000] {processor.py:840} INFO - DAG(s) 'example_sla_dag' retrieved from /home/airflow/.local/lib/python3.12/site-packages/airflow/example_dags/example_sla_dag.py
[2024-05-06T18:13:35.783+0000] {logging_mixin.py:188} INFO - [2024-05-06T18:13:35.783+0000] {dag.py:3096} INFO - Sync 1 DAGs
[2024-05-06T18:13:35.793+0000] {logging_mixin.py:188} INFO - [2024-05-06T18:13:35.793+0000] {dag.py:3954} INFO - Setting next_dagrun for example_sla_dag to 2024-05-06 18:10:00+00:00, run_after=2024-05-06 18:12:00+00:00
[2024-05-06T18:13:35.800+0000] {processor.py:183} INFO - Processing /home/airflow/.local/lib/python3.12/site-packages/airflow/example_dags/example_sla_dag.py took 0.034 seconds
[2024-05-06T18:14:06.361+0000] {processor.py:161} INFO - Started process (PID=1599) to work on /home/airflow/.local/lib/python3.12/site-packages/airflow/example_dags/example_sla_dag.py
[2024-05-06T18:14:06.362+0000] {processor.py:830} INFO - Processing file /home/airflow/.local/lib/python3.12/site-packages/airflow/example_dags/example_sla_dag.py for tasks to queue
[2024-05-06T18:14:06.363+0000] {logging_mixin.py:188} INFO - [2024-05-06T18:14:06.363+0000] {dagbag.py:540} INFO - Filling up the DagBag from /home/airflow/.local/lib/python3.12/site-packages/airflow/example_dags/example_sla_dag.py
[2024-05-06T18:14:06.367+0000] {processor.py:840} INFO - DAG(s) 'example_sla_dag' retrieved from /home/airflow/.local/lib/python3.12/site-packages/airflow/example_dags/example_sla_dag.py
[2024-05-06T18:14:06.375+0000] {logging_mixin.py:188} INFO - [2024-05-06T18:14:06.375+0000] {dag.py:3096} INFO - Sync 1 DAGs
[2024-05-06T18:14:06.385+0000] {logging_mixin.py:188} INFO - [2024-05-06T18:14:06.385+0000] {dag.py:3954} INFO - Setting next_dagrun for example_sla_dag to 2024-05-06 18:12:00+00:00, run_after=2024-05-06 18:14:00+00:00
[2024-05-06T18:14:06.392+0000] {processor.py:183} INFO - Processing /home/airflow/.local/lib/python3.12/site-packages/airflow/example_dags/example_sla_dag.py took 0.034 seconds
[2024-05-06T18:14:36.899+0000] {processor.py:161} INFO - Started process (PID=1657) to work on /home/airflow/.local/lib/python3.12/site-packages/airflow/example_dags/example_sla_dag.py
[2024-05-06T18:14:36.900+0000] {processor.py:830} INFO - Processing file /home/airflow/.local/lib/python3.12/site-packages/airflow/example_dags/example_sla_dag.py for tasks to queue
[2024-05-06T18:14:36.901+0000] {logging_mixin.py:188} INFO - [2024-05-06T18:14:36.901+0000] {dagbag.py:540} INFO - Filling up the DagBag from /home/airflow/.local/lib/python3.12/site-packages/airflow/example_dags/example_sla_dag.py
[2024-05-06T18:14:36.905+0000] {processor.py:840} INFO - DAG(s) 'example_sla_dag' retrieved from /home/airflow/.local/lib/python3.12/site-packages/airflow/example_dags/example_sla_dag.py
[2024-05-06T18:14:36.914+0000] {logging_mixin.py:188} INFO - [2024-05-06T18:14:36.914+0000] {dag.py:3096} INFO - Sync 1 DAGs
[2024-05-06T18:14:36.924+0000] {logging_mixin.py:188} INFO - [2024-05-06T18:14:36.924+0000] {dag.py:3954} INFO - Setting next_dagrun for example_sla_dag to 2024-05-06 18:12:00+00:00, run_after=2024-05-06 18:14:00+00:00
[2024-05-06T18:14:36.932+0000] {processor.py:183} INFO - Processing /home/airflow/.local/lib/python3.12/site-packages/airflow/example_dags/example_sla_dag.py took 0.035 seconds
[2024-05-06T18:15:07.487+0000] {processor.py:161} INFO - Started process (PID=1715) to work on /home/airflow/.local/lib/python3.12/site-packages/airflow/example_dags/example_sla_dag.py
[2024-05-06T18:15:07.488+0000] {processor.py:830} INFO - Processing file /home/airflow/.local/lib/python3.12/site-packages/airflow/example_dags/example_sla_dag.py for tasks to queue
[2024-05-06T18:15:07.489+0000] {logging_mixin.py:188} INFO - [2024-05-06T18:15:07.489+0000] {dagbag.py:540} INFO - Filling up the DagBag from /home/airflow/.local/lib/python3.12/site-packages/airflow/example_dags/example_sla_dag.py
[2024-05-06T18:15:07.493+0000] {processor.py:840} INFO - DAG(s) 'example_sla_dag' retrieved from /home/airflow/.local/lib/python3.12/site-packages/airflow/example_dags/example_sla_dag.py
[2024-05-06T18:15:07.502+0000] {logging_mixin.py:188} INFO - [2024-05-06T18:15:07.502+0000] {dag.py:3096} INFO - Sync 1 DAGs
[2024-05-06T18:15:07.512+0000] {logging_mixin.py:188} INFO - [2024-05-06T18:15:07.512+0000] {dag.py:3954} INFO - Setting next_dagrun for example_sla_dag to 2024-05-06 18:12:00+00:00, run_after=2024-05-06 18:14:00+00:00
[2024-05-06T18:15:07.519+0000] {processor.py:183} INFO - Processing /home/airflow/.local/lib/python3.12/site-packages/airflow/example_dags/example_sla_dag.py took 0.035 seconds
[2024-05-06T18:15:38.084+0000] {processor.py:161} INFO - Started process (PID=1773) to work on /home/airflow/.local/lib/python3.12/site-packages/airflow/example_dags/example_sla_dag.py
[2024-05-06T18:15:38.085+0000] {processor.py:830} INFO - Processing file /home/airflow/.local/lib/python3.12/site-packages/airflow/example_dags/example_sla_dag.py for tasks to queue
[2024-05-06T18:15:38.085+0000] {logging_mixin.py:188} INFO - [2024-05-06T18:15:38.085+0000] {dagbag.py:540} INFO - Filling up the DagBag from /home/airflow/.local/lib/python3.12/site-packages/airflow/example_dags/example_sla_dag.py
[2024-05-06T18:15:38.090+0000] {processor.py:840} INFO - DAG(s) 'example_sla_dag' retrieved from /home/airflow/.local/lib/python3.12/site-packages/airflow/example_dags/example_sla_dag.py
[2024-05-06T18:15:38.098+0000] {logging_mixin.py:188} INFO - [2024-05-06T18:15:38.098+0000] {dag.py:3096} INFO - Sync 1 DAGs
[2024-05-06T18:15:38.108+0000] {logging_mixin.py:188} INFO - [2024-05-06T18:15:38.108+0000] {dag.py:3954} INFO - Setting next_dagrun for example_sla_dag to 2024-05-06 18:12:00+00:00, run_after=2024-05-06 18:14:00+00:00
[2024-05-06T18:15:38.115+0000] {processor.py:183} INFO - Processing /home/airflow/.local/lib/python3.12/site-packages/airflow/example_dags/example_sla_dag.py took 0.034 seconds
[2024-05-06T18:16:08.685+0000] {processor.py:161} INFO - Started process (PID=1831) to work on /home/airflow/.local/lib/python3.12/site-packages/airflow/example_dags/example_sla_dag.py
[2024-05-06T18:16:08.687+0000] {processor.py:830} INFO - Processing file /home/airflow/.local/lib/python3.12/site-packages/airflow/example_dags/example_sla_dag.py for tasks to queue
[2024-05-06T18:16:08.688+0000] {logging_mixin.py:188} INFO - [2024-05-06T18:16:08.688+0000] {dagbag.py:540} INFO - Filling up the DagBag from /home/airflow/.local/lib/python3.12/site-packages/airflow/example_dags/example_sla_dag.py
[2024-05-06T18:16:08.692+0000] {processor.py:840} INFO - DAG(s) 'example_sla_dag' retrieved from /home/airflow/.local/lib/python3.12/site-packages/airflow/example_dags/example_sla_dag.py
[2024-05-06T18:16:08.701+0000] {logging_mixin.py:188} INFO - [2024-05-06T18:16:08.701+0000] {dag.py:3096} INFO - Sync 1 DAGs
[2024-05-06T18:16:08.711+0000] {logging_mixin.py:188} INFO - [2024-05-06T18:16:08.711+0000] {dag.py:3954} INFO - Setting next_dagrun for example_sla_dag to 2024-05-06 18:14:00+00:00, run_after=2024-05-06 18:16:00+00:00
[2024-05-06T18:16:08.718+0000] {processor.py:183} INFO - Processing /home/airflow/.local/lib/python3.12/site-packages/airflow/example_dags/example_sla_dag.py took 0.036 seconds
[2024-05-06T18:16:39.242+0000] {processor.py:161} INFO - Started process (PID=1889) to work on /home/airflow/.local/lib/python3.12/site-packages/airflow/example_dags/example_sla_dag.py
[2024-05-06T18:16:39.243+0000] {processor.py:830} INFO - Processing file /home/airflow/.local/lib/python3.12/site-packages/airflow/example_dags/example_sla_dag.py for tasks to queue
[2024-05-06T18:16:39.244+0000] {logging_mixin.py:188} INFO - [2024-05-06T18:16:39.244+0000] {dagbag.py:540} INFO - Filling up the DagBag from /home/airflow/.local/lib/python3.12/site-packages/airflow/example_dags/example_sla_dag.py
[2024-05-06T18:16:39.248+0000] {processor.py:840} INFO - DAG(s) 'example_sla_dag' retrieved from /home/airflow/.local/lib/python3.12/site-packages/airflow/example_dags/example_sla_dag.py
[2024-05-06T18:16:39.257+0000] {logging_mixin.py:188} INFO - [2024-05-06T18:16:39.256+0000] {dag.py:3096} INFO - Sync 1 DAGs
[2024-05-06T18:16:39.267+0000] {logging_mixin.py:188} INFO - [2024-05-06T18:16:39.267+0000] {dag.py:3954} INFO - Setting next_dagrun for example_sla_dag to 2024-05-06 18:14:00+00:00, run_after=2024-05-06 18:16:00+00:00
[2024-05-06T18:16:39.274+0000] {processor.py:183} INFO - Processing /home/airflow/.local/lib/python3.12/site-packages/airflow/example_dags/example_sla_dag.py took 0.036 seconds
[2024-05-06T18:18:13.695+0000] {processor.py:161} INFO - Started process (PID=1941) to work on /home/airflow/.local/lib/python3.12/site-packages/airflow/example_dags/example_sla_dag.py
[2024-05-06T18:18:13.696+0000] {processor.py:830} INFO - Processing file /home/airflow/.local/lib/python3.12/site-packages/airflow/example_dags/example_sla_dag.py for tasks to queue
[2024-05-06T18:18:13.697+0000] {logging_mixin.py:188} INFO - [2024-05-06T18:18:13.697+0000] {dagbag.py:540} INFO - Filling up the DagBag from /home/airflow/.local/lib/python3.12/site-packages/airflow/example_dags/example_sla_dag.py
[2024-05-06T18:18:13.701+0000] {processor.py:840} INFO - DAG(s) 'example_sla_dag' retrieved from /home/airflow/.local/lib/python3.12/site-packages/airflow/example_dags/example_sla_dag.py
[2024-05-06T18:18:13.710+0000] {logging_mixin.py:188} INFO - [2024-05-06T18:18:13.710+0000] {dag.py:3096} INFO - Sync 1 DAGs
[2024-05-06T18:18:13.721+0000] {logging_mixin.py:188} INFO - [2024-05-06T18:18:13.721+0000] {dag.py:3954} INFO - Setting next_dagrun for example_sla_dag to 2024-05-06 18:16:00+00:00, run_after=2024-05-06 18:18:00+00:00
[2024-05-06T18:18:13.729+0000] {processor.py:183} INFO - Processing /home/airflow/.local/lib/python3.12/site-packages/airflow/example_dags/example_sla_dag.py took 0.037 seconds
[2024-05-06T18:18:44.324+0000] {processor.py:161} INFO - Started process (PID=2004) to work on /home/airflow/.local/lib/python3.12/site-packages/airflow/example_dags/example_sla_dag.py
[2024-05-06T18:18:44.325+0000] {processor.py:830} INFO - Processing file /home/airflow/.local/lib/python3.12/site-packages/airflow/example_dags/example_sla_dag.py for tasks to queue
[2024-05-06T18:18:44.326+0000] {logging_mixin.py:188} INFO - [2024-05-06T18:18:44.325+0000] {dagbag.py:540} INFO - Filling up the DagBag from /home/airflow/.local/lib/python3.12/site-packages/airflow/example_dags/example_sla_dag.py
[2024-05-06T18:18:44.330+0000] {processor.py:840} INFO - DAG(s) 'example_sla_dag' retrieved from /home/airflow/.local/lib/python3.12/site-packages/airflow/example_dags/example_sla_dag.py
[2024-05-06T18:18:44.339+0000] {logging_mixin.py:188} INFO - [2024-05-06T18:18:44.339+0000] {dag.py:3096} INFO - Sync 1 DAGs
[2024-05-06T18:18:44.350+0000] {logging_mixin.py:188} INFO - [2024-05-06T18:18:44.350+0000] {dag.py:3954} INFO - Setting next_dagrun for example_sla_dag to 2024-05-06 18:16:00+00:00, run_after=2024-05-06 18:18:00+00:00
[2024-05-06T18:18:44.358+0000] {processor.py:183} INFO - Processing /home/airflow/.local/lib/python3.12/site-packages/airflow/example_dags/example_sla_dag.py took 0.036 seconds
[2024-05-06T18:19:14.840+0000] {processor.py:161} INFO - Started process (PID=2062) to work on /home/airflow/.local/lib/python3.12/site-packages/airflow/example_dags/example_sla_dag.py
[2024-05-06T18:19:14.841+0000] {processor.py:830} INFO - Processing file /home/airflow/.local/lib/python3.12/site-packages/airflow/example_dags/example_sla_dag.py for tasks to queue
[2024-05-06T18:19:14.842+0000] {logging_mixin.py:188} INFO - [2024-05-06T18:19:14.842+0000] {dagbag.py:540} INFO - Filling up the DagBag from /home/airflow/.local/lib/python3.12/site-packages/airflow/example_dags/example_sla_dag.py
[2024-05-06T18:19:14.846+0000] {processor.py:840} INFO - DAG(s) 'example_sla_dag' retrieved from /home/airflow/.local/lib/python3.12/site-packages/airflow/example_dags/example_sla_dag.py
[2024-05-06T18:19:14.856+0000] {logging_mixin.py:188} INFO - [2024-05-06T18:19:14.856+0000] {dag.py:3096} INFO - Sync 1 DAGs
[2024-05-06T18:19:14.867+0000] {logging_mixin.py:188} INFO - [2024-05-06T18:19:14.867+0000] {dag.py:3954} INFO - Setting next_dagrun for example_sla_dag to 2024-05-06 18:16:00+00:00, run_after=2024-05-06 18:18:00+00:00
[2024-05-06T18:19:14.874+0000] {processor.py:183} INFO - Processing /home/airflow/.local/lib/python3.12/site-packages/airflow/example_dags/example_sla_dag.py took 0.036 seconds
[2024-05-06T18:19:45.483+0000] {processor.py:161} INFO - Started process (PID=2120) to work on /home/airflow/.local/lib/python3.12/site-packages/airflow/example_dags/example_sla_dag.py
[2024-05-06T18:19:45.483+0000] {processor.py:830} INFO - Processing file /home/airflow/.local/lib/python3.12/site-packages/airflow/example_dags/example_sla_dag.py for tasks to queue
[2024-05-06T18:19:45.484+0000] {logging_mixin.py:188} INFO - [2024-05-06T18:19:45.484+0000] {dagbag.py:540} INFO - Filling up the DagBag from /home/airflow/.local/lib/python3.12/site-packages/airflow/example_dags/example_sla_dag.py
[2024-05-06T18:19:45.488+0000] {processor.py:840} INFO - DAG(s) 'example_sla_dag' retrieved from /home/airflow/.local/lib/python3.12/site-packages/airflow/example_dags/example_sla_dag.py
[2024-05-06T18:19:45.498+0000] {logging_mixin.py:188} INFO - [2024-05-06T18:19:45.498+0000] {dag.py:3096} INFO - Sync 1 DAGs
[2024-05-06T18:19:45.508+0000] {logging_mixin.py:188} INFO - [2024-05-06T18:19:45.508+0000] {dag.py:3954} INFO - Setting next_dagrun for example_sla_dag to 2024-05-06 18:16:00+00:00, run_after=2024-05-06 18:18:00+00:00
[2024-05-06T18:19:45.516+0000] {processor.py:183} INFO - Processing /home/airflow/.local/lib/python3.12/site-packages/airflow/example_dags/example_sla_dag.py took 0.037 seconds
[2024-05-06T18:20:16.071+0000] {processor.py:161} INFO - Started process (PID=2178) to work on /home/airflow/.local/lib/python3.12/site-packages/airflow/example_dags/example_sla_dag.py
[2024-05-06T18:20:16.072+0000] {processor.py:830} INFO - Processing file /home/airflow/.local/lib/python3.12/site-packages/airflow/example_dags/example_sla_dag.py for tasks to queue
[2024-05-06T18:20:16.075+0000] {logging_mixin.py:188} INFO - [2024-05-06T18:20:16.075+0000] {dagbag.py:540} INFO - Filling up the DagBag from /home/airflow/.local/lib/python3.12/site-packages/airflow/example_dags/example_sla_dag.py
[2024-05-06T18:20:16.080+0000] {processor.py:840} INFO - DAG(s) 'example_sla_dag' retrieved from /home/airflow/.local/lib/python3.12/site-packages/airflow/example_dags/example_sla_dag.py
[2024-05-06T18:20:16.090+0000] {logging_mixin.py:188} INFO - [2024-05-06T18:20:16.089+0000] {dag.py:3096} INFO - Sync 1 DAGs
[2024-05-06T18:20:16.100+0000] {logging_mixin.py:188} INFO - [2024-05-06T18:20:16.100+0000] {dag.py:3954} INFO - Setting next_dagrun for example_sla_dag to 2024-05-06 18:18:00+00:00, run_after=2024-05-06 18:20:00+00:00
[2024-05-06T18:20:16.108+0000] {processor.py:183} INFO - Processing /home/airflow/.local/lib/python3.12/site-packages/airflow/example_dags/example_sla_dag.py took 0.040 seconds
[2024-05-06T18:20:46.695+0000] {processor.py:161} INFO - Started process (PID=2236) to work on /home/airflow/.local/lib/python3.12/site-packages/airflow/example_dags/example_sla_dag.py
[2024-05-06T18:20:46.696+0000] {processor.py:830} INFO - Processing file /home/airflow/.local/lib/python3.12/site-packages/airflow/example_dags/example_sla_dag.py for tasks to queue
[2024-05-06T18:20:46.697+0000] {logging_mixin.py:188} INFO - [2024-05-06T18:20:46.697+0000] {dagbag.py:540} INFO - Filling up the DagBag from /home/airflow/.local/lib/python3.12/site-packages/airflow/example_dags/example_sla_dag.py
[2024-05-06T18:20:46.702+0000] {processor.py:840} INFO - DAG(s) 'example_sla_dag' retrieved from /home/airflow/.local/lib/python3.12/site-packages/airflow/example_dags/example_sla_dag.py
[2024-05-06T18:20:46.712+0000] {logging_mixin.py:188} INFO - [2024-05-06T18:20:46.711+0000] {dag.py:3096} INFO - Sync 1 DAGs
[2024-05-06T18:20:46.723+0000] {logging_mixin.py:188} INFO - [2024-05-06T18:20:46.722+0000] {dag.py:3954} INFO - Setting next_dagrun for example_sla_dag to 2024-05-06 18:18:00+00:00, run_after=2024-05-06 18:20:00+00:00
[2024-05-06T18:20:46.731+0000] {processor.py:183} INFO - Processing /home/airflow/.local/lib/python3.12/site-packages/airflow/example_dags/example_sla_dag.py took 0.038 seconds
[2024-05-06T18:21:17.250+0000] {processor.py:161} INFO - Started process (PID=2294) to work on /home/airflow/.local/lib/python3.12/site-packages/airflow/example_dags/example_sla_dag.py
[2024-05-06T18:21:17.250+0000] {processor.py:830} INFO - Processing file /home/airflow/.local/lib/python3.12/site-packages/airflow/example_dags/example_sla_dag.py for tasks to queue
[2024-05-06T18:21:17.251+0000] {logging_mixin.py:188} INFO - [2024-05-06T18:21:17.251+0000] {dagbag.py:540} INFO - Filling up the DagBag from /home/airflow/.local/lib/python3.12/site-packages/airflow/example_dags/example_sla_dag.py
[2024-05-06T18:21:17.256+0000] {processor.py:840} INFO - DAG(s) 'example_sla_dag' retrieved from /home/airflow/.local/lib/python3.12/site-packages/airflow/example_dags/example_sla_dag.py
[2024-05-06T18:21:17.265+0000] {logging_mixin.py:188} INFO - [2024-05-06T18:21:17.265+0000] {dag.py:3096} INFO - Sync 1 DAGs
[2024-05-06T18:21:17.276+0000] {logging_mixin.py:188} INFO - [2024-05-06T18:21:17.276+0000] {dag.py:3954} INFO - Setting next_dagrun for example_sla_dag to 2024-05-06 18:18:00+00:00, run_after=2024-05-06 18:20:00+00:00
[2024-05-06T18:21:17.284+0000] {processor.py:183} INFO - Processing /home/airflow/.local/lib/python3.12/site-packages/airflow/example_dags/example_sla_dag.py took 0.037 seconds
[2024-05-06T18:21:47.999+0000] {processor.py:161} INFO - Started process (PID=2351) to work on /home/airflow/.local/lib/python3.12/site-packages/airflow/example_dags/example_sla_dag.py
[2024-05-06T18:21:47.999+0000] {processor.py:830} INFO - Processing file /home/airflow/.local/lib/python3.12/site-packages/airflow/example_dags/example_sla_dag.py for tasks to queue
[2024-05-06T18:21:48.000+0000] {logging_mixin.py:188} INFO - [2024-05-06T18:21:48.000+0000] {dagbag.py:540} INFO - Filling up the DagBag from /home/airflow/.local/lib/python3.12/site-packages/airflow/example_dags/example_sla_dag.py
[2024-05-06T18:21:48.005+0000] {processor.py:840} INFO - DAG(s) 'example_sla_dag' retrieved from /home/airflow/.local/lib/python3.12/site-packages/airflow/example_dags/example_sla_dag.py
[2024-05-06T18:21:48.014+0000] {logging_mixin.py:188} INFO - [2024-05-06T18:21:48.014+0000] {dag.py:3096} INFO - Sync 1 DAGs
[2024-05-06T18:21:48.026+0000] {logging_mixin.py:188} INFO - [2024-05-06T18:21:48.026+0000] {dag.py:3954} INFO - Setting next_dagrun for example_sla_dag to 2024-05-06 18:18:00+00:00, run_after=2024-05-06 18:20:00+00:00
[2024-05-06T18:21:48.034+0000] {processor.py:183} INFO - Processing /home/airflow/.local/lib/python3.12/site-packages/airflow/example_dags/example_sla_dag.py took 0.038 seconds
[2024-05-06T18:22:18.576+0000] {processor.py:161} INFO - Started process (PID=2409) to work on /home/airflow/.local/lib/python3.12/site-packages/airflow/example_dags/example_sla_dag.py
[2024-05-06T18:22:18.576+0000] {processor.py:830} INFO - Processing file /home/airflow/.local/lib/python3.12/site-packages/airflow/example_dags/example_sla_dag.py for tasks to queue
[2024-05-06T18:22:18.577+0000] {logging_mixin.py:188} INFO - [2024-05-06T18:22:18.577+0000] {dagbag.py:540} INFO - Filling up the DagBag from /home/airflow/.local/lib/python3.12/site-packages/airflow/example_dags/example_sla_dag.py
[2024-05-06T18:22:18.582+0000] {processor.py:840} INFO - DAG(s) 'example_sla_dag' retrieved from /home/airflow/.local/lib/python3.12/site-packages/airflow/example_dags/example_sla_dag.py
[2024-05-06T18:22:18.592+0000] {logging_mixin.py:188} INFO - [2024-05-06T18:22:18.592+0000] {dag.py:3096} INFO - Sync 1 DAGs
[2024-05-06T18:22:18.602+0000] {logging_mixin.py:188} INFO - [2024-05-06T18:22:18.602+0000] {dag.py:3954} INFO - Setting next_dagrun for example_sla_dag to 2024-05-06 18:20:00+00:00, run_after=2024-05-06 18:22:00+00:00
[2024-05-06T18:22:18.610+0000] {processor.py:183} INFO - Processing /home/airflow/.local/lib/python3.12/site-packages/airflow/example_dags/example_sla_dag.py took 0.037 seconds
[2024-05-06T18:22:49.207+0000] {processor.py:161} INFO - Started process (PID=2467) to work on /home/airflow/.local/lib/python3.12/site-packages/airflow/example_dags/example_sla_dag.py
[2024-05-06T18:22:49.207+0000] {processor.py:830} INFO - Processing file /home/airflow/.local/lib/python3.12/site-packages/airflow/example_dags/example_sla_dag.py for tasks to queue
[2024-05-06T18:22:49.208+0000] {logging_mixin.py:188} INFO - [2024-05-06T18:22:49.208+0000] {dagbag.py:540} INFO - Filling up the DagBag from /home/airflow/.local/lib/python3.12/site-packages/airflow/example_dags/example_sla_dag.py
[2024-05-06T18:22:49.213+0000] {processor.py:840} INFO - DAG(s) 'example_sla_dag' retrieved from /home/airflow/.local/lib/python3.12/site-packages/airflow/example_dags/example_sla_dag.py
[2024-05-06T18:22:49.222+0000] {logging_mixin.py:188} INFO - [2024-05-06T18:22:49.222+0000] {dag.py:3096} INFO - Sync 1 DAGs
[2024-05-06T18:22:49.233+0000] {logging_mixin.py:188} INFO - [2024-05-06T18:22:49.233+0000] {dag.py:3954} INFO - Setting next_dagrun for example_sla_dag to 2024-05-06 18:20:00+00:00, run_after=2024-05-06 18:22:00+00:00
[2024-05-06T18:22:49.240+0000] {processor.py:183} INFO - Processing /home/airflow/.local/lib/python3.12/site-packages/airflow/example_dags/example_sla_dag.py took 0.037 seconds
[2024-05-06T18:23:19.783+0000] {processor.py:161} INFO - Started process (PID=2524) to work on /home/airflow/.local/lib/python3.12/site-packages/airflow/example_dags/example_sla_dag.py
[2024-05-06T18:23:19.784+0000] {processor.py:830} INFO - Processing file /home/airflow/.local/lib/python3.12/site-packages/airflow/example_dags/example_sla_dag.py for tasks to queue
[2024-05-06T18:23:19.785+0000] {logging_mixin.py:188} INFO - [2024-05-06T18:23:19.785+0000] {dagbag.py:540} INFO - Filling up the DagBag from /home/airflow/.local/lib/python3.12/site-packages/airflow/example_dags/example_sla_dag.py
[2024-05-06T18:23:19.790+0000] {processor.py:840} INFO - DAG(s) 'example_sla_dag' retrieved from /home/airflow/.local/lib/python3.12/site-packages/airflow/example_dags/example_sla_dag.py
[2024-05-06T18:23:19.799+0000] {logging_mixin.py:188} INFO - [2024-05-06T18:23:19.799+0000] {dag.py:3096} INFO - Sync 1 DAGs
[2024-05-06T18:23:19.811+0000] {logging_mixin.py:188} INFO - [2024-05-06T18:23:19.810+0000] {dag.py:3954} INFO - Setting next_dagrun for example_sla_dag to 2024-05-06 18:20:00+00:00, run_after=2024-05-06 18:22:00+00:00
[2024-05-06T18:23:19.818+0000] {processor.py:183} INFO - Processing /home/airflow/.local/lib/python3.12/site-packages/airflow/example_dags/example_sla_dag.py took 0.038 seconds
[2024-05-06T18:23:50.483+0000] {processor.py:161} INFO - Started process (PID=2582) to work on /home/airflow/.local/lib/python3.12/site-packages/airflow/example_dags/example_sla_dag.py
[2024-05-06T18:23:50.486+0000] {processor.py:830} INFO - Processing file /home/airflow/.local/lib/python3.12/site-packages/airflow/example_dags/example_sla_dag.py for tasks to queue
[2024-05-06T18:23:50.487+0000] {logging_mixin.py:188} INFO - [2024-05-06T18:23:50.487+0000] {dagbag.py:540} INFO - Filling up the DagBag from /home/airflow/.local/lib/python3.12/site-packages/airflow/example_dags/example_sla_dag.py
[2024-05-06T18:23:50.491+0000] {processor.py:840} INFO - DAG(s) 'example_sla_dag' retrieved from /home/airflow/.local/lib/python3.12/site-packages/airflow/example_dags/example_sla_dag.py
[2024-05-06T18:23:50.501+0000] {logging_mixin.py:188} INFO - [2024-05-06T18:23:50.501+0000] {dag.py:3096} INFO - Sync 1 DAGs
[2024-05-06T18:23:50.511+0000] {logging_mixin.py:188} INFO - [2024-05-06T18:23:50.511+0000] {dag.py:3954} INFO - Setting next_dagrun for example_sla_dag to 2024-05-06 18:20:00+00:00, run_after=2024-05-06 18:22:00+00:00
[2024-05-06T18:23:50.518+0000] {processor.py:183} INFO - Processing /home/airflow/.local/lib/python3.12/site-packages/airflow/example_dags/example_sla_dag.py took 0.038 seconds
[2024-05-06T18:24:21.124+0000] {processor.py:161} INFO - Started process (PID=2640) to work on /home/airflow/.local/lib/python3.12/site-packages/airflow/example_dags/example_sla_dag.py
[2024-05-06T18:24:21.124+0000] {processor.py:830} INFO - Processing file /home/airflow/.local/lib/python3.12/site-packages/airflow/example_dags/example_sla_dag.py for tasks to queue
[2024-05-06T18:24:21.125+0000] {logging_mixin.py:188} INFO - [2024-05-06T18:24:21.125+0000] {dagbag.py:540} INFO - Filling up the DagBag from /home/airflow/.local/lib/python3.12/site-packages/airflow/example_dags/example_sla_dag.py
[2024-05-06T18:24:21.130+0000] {processor.py:840} INFO - DAG(s) 'example_sla_dag' retrieved from /home/airflow/.local/lib/python3.12/site-packages/airflow/example_dags/example_sla_dag.py
[2024-05-06T18:24:21.139+0000] {logging_mixin.py:188} INFO - [2024-05-06T18:24:21.139+0000] {dag.py:3096} INFO - Sync 1 DAGs
[2024-05-06T18:24:21.149+0000] {logging_mixin.py:188} INFO - [2024-05-06T18:24:21.149+0000] {dag.py:3954} INFO - Setting next_dagrun for example_sla_dag to 2024-05-06 18:22:00+00:00, run_after=2024-05-06 18:24:00+00:00
[2024-05-06T18:24:21.157+0000] {processor.py:183} INFO - Processing /home/airflow/.local/lib/python3.12/site-packages/airflow/example_dags/example_sla_dag.py took 0.036 seconds
[2024-05-06T18:24:51.777+0000] {processor.py:161} INFO - Started process (PID=2698) to work on /home/airflow/.local/lib/python3.12/site-packages/airflow/example_dags/example_sla_dag.py
[2024-05-06T18:24:51.777+0000] {processor.py:830} INFO - Processing file /home/airflow/.local/lib/python3.12/site-packages/airflow/example_dags/example_sla_dag.py for tasks to queue
[2024-05-06T18:24:51.778+0000] {logging_mixin.py:188} INFO - [2024-05-06T18:24:51.778+0000] {dagbag.py:540} INFO - Filling up the DagBag from /home/airflow/.local/lib/python3.12/site-packages/airflow/example_dags/example_sla_dag.py
[2024-05-06T18:24:51.783+0000] {processor.py:840} INFO - DAG(s) 'example_sla_dag' retrieved from /home/airflow/.local/lib/python3.12/site-packages/airflow/example_dags/example_sla_dag.py
[2024-05-06T18:24:51.793+0000] {logging_mixin.py:188} INFO - [2024-05-06T18:24:51.793+0000] {dag.py:3096} INFO - Sync 1 DAGs
[2024-05-06T18:24:51.803+0000] {logging_mixin.py:188} INFO - [2024-05-06T18:24:51.803+0000] {dag.py:3954} INFO - Setting next_dagrun for example_sla_dag to 2024-05-06 18:22:00+00:00, run_after=2024-05-06 18:24:00+00:00
[2024-05-06T18:24:51.810+0000] {processor.py:183} INFO - Processing /home/airflow/.local/lib/python3.12/site-packages/airflow/example_dags/example_sla_dag.py took 0.037 seconds
[2024-05-06T18:25:22.358+0000] {processor.py:161} INFO - Started process (PID=2756) to work on /home/airflow/.local/lib/python3.12/site-packages/airflow/example_dags/example_sla_dag.py
[2024-05-06T18:25:22.358+0000] {processor.py:830} INFO - Processing file /home/airflow/.local/lib/python3.12/site-packages/airflow/example_dags/example_sla_dag.py for tasks to queue
[2024-05-06T18:25:22.359+0000] {logging_mixin.py:188} INFO - [2024-05-06T18:25:22.359+0000] {dagbag.py:540} INFO - Filling up the DagBag from /home/airflow/.local/lib/python3.12/site-packages/airflow/example_dags/example_sla_dag.py
[2024-05-06T18:25:22.364+0000] {processor.py:840} INFO - DAG(s) 'example_sla_dag' retrieved from /home/airflow/.local/lib/python3.12/site-packages/airflow/example_dags/example_sla_dag.py
[2024-05-06T18:25:22.374+0000] {logging_mixin.py:188} INFO - [2024-05-06T18:25:22.374+0000] {dag.py:3096} INFO - Sync 1 DAGs
[2024-05-06T18:25:22.384+0000] {logging_mixin.py:188} INFO - [2024-05-06T18:25:22.384+0000] {dag.py:3954} INFO - Setting next_dagrun for example_sla_dag to 2024-05-06 18:22:00+00:00, run_after=2024-05-06 18:24:00+00:00
[2024-05-06T18:25:22.392+0000] {processor.py:183} INFO - Processing /home/airflow/.local/lib/python3.12/site-packages/airflow/example_dags/example_sla_dag.py took 0.037 seconds
[2024-05-06T18:25:52.977+0000] {processor.py:161} INFO - Started process (PID=2813) to work on /home/airflow/.local/lib/python3.12/site-packages/airflow/example_dags/example_sla_dag.py
[2024-05-06T18:25:52.978+0000] {processor.py:830} INFO - Processing file /home/airflow/.local/lib/python3.12/site-packages/airflow/example_dags/example_sla_dag.py for tasks to queue
[2024-05-06T18:25:52.979+0000] {logging_mixin.py:188} INFO - [2024-05-06T18:25:52.979+0000] {dagbag.py:540} INFO - Filling up the DagBag from /home/airflow/.local/lib/python3.12/site-packages/airflow/example_dags/example_sla_dag.py
[2024-05-06T18:25:52.986+0000] {processor.py:840} INFO - DAG(s) 'example_sla_dag' retrieved from /home/airflow/.local/lib/python3.12/site-packages/airflow/example_dags/example_sla_dag.py
[2024-05-06T18:25:52.996+0000] {logging_mixin.py:188} INFO - [2024-05-06T18:25:52.995+0000] {dag.py:3096} INFO - Sync 1 DAGs
[2024-05-06T18:25:53.007+0000] {logging_mixin.py:188} INFO - [2024-05-06T18:25:53.006+0000] {dag.py:3954} INFO - Setting next_dagrun for example_sla_dag to 2024-05-06 18:22:00+00:00, run_after=2024-05-06 18:24:00+00:00
[2024-05-06T18:25:53.014+0000] {processor.py:183} INFO - Processing /home/airflow/.local/lib/python3.12/site-packages/airflow/example_dags/example_sla_dag.py took 0.040 seconds
[2024-05-06T18:26:23.562+0000] {processor.py:161} INFO - Started process (PID=2871) to work on /home/airflow/.local/lib/python3.12/site-packages/airflow/example_dags/example_sla_dag.py
[2024-05-06T18:26:23.562+0000] {processor.py:830} INFO - Processing file /home/airflow/.local/lib/python3.12/site-packages/airflow/example_dags/example_sla_dag.py for tasks to queue
[2024-05-06T18:26:23.563+0000] {logging_mixin.py:188} INFO - [2024-05-06T18:26:23.563+0000] {dagbag.py:540} INFO - Filling up the DagBag from /home/airflow/.local/lib/python3.12/site-packages/airflow/example_dags/example_sla_dag.py
[2024-05-06T18:26:23.568+0000] {processor.py:840} INFO - DAG(s) 'example_sla_dag' retrieved from /home/airflow/.local/lib/python3.12/site-packages/airflow/example_dags/example_sla_dag.py
[2024-05-06T18:26:23.578+0000] {logging_mixin.py:188} INFO - [2024-05-06T18:26:23.578+0000] {dag.py:3096} INFO - Sync 1 DAGs
[2024-05-06T18:26:23.589+0000] {logging_mixin.py:188} INFO - [2024-05-06T18:26:23.589+0000] {dag.py:3954} INFO - Setting next_dagrun for example_sla_dag to 2024-05-06 18:24:00+00:00, run_after=2024-05-06 18:26:00+00:00
[2024-05-06T18:26:23.597+0000] {processor.py:183} INFO - Processing /home/airflow/.local/lib/python3.12/site-packages/airflow/example_dags/example_sla_dag.py took 0.039 seconds
[2024-05-06T18:26:54.321+0000] {processor.py:161} INFO - Started process (PID=2929) to work on /home/airflow/.local/lib/python3.12/site-packages/airflow/example_dags/example_sla_dag.py
[2024-05-06T18:26:54.322+0000] {processor.py:830} INFO - Processing file /home/airflow/.local/lib/python3.12/site-packages/airflow/example_dags/example_sla_dag.py for tasks to queue
[2024-05-06T18:26:54.324+0000] {logging_mixin.py:188} INFO - [2024-05-06T18:26:54.323+0000] {dagbag.py:540} INFO - Filling up the DagBag from /home/airflow/.local/lib/python3.12/site-packages/airflow/example_dags/example_sla_dag.py
[2024-05-06T18:26:54.330+0000] {processor.py:840} INFO - DAG(s) 'example_sla_dag' retrieved from /home/airflow/.local/lib/python3.12/site-packages/airflow/example_dags/example_sla_dag.py
[2024-05-06T18:26:54.339+0000] {logging_mixin.py:188} INFO - [2024-05-06T18:26:54.339+0000] {dag.py:3096} INFO - Sync 1 DAGs
[2024-05-06T18:26:54.350+0000] {logging_mixin.py:188} INFO - [2024-05-06T18:26:54.350+0000] {dag.py:3954} INFO - Setting next_dagrun for example_sla_dag to 2024-05-06 18:24:00+00:00, run_after=2024-05-06 18:26:00+00:00
[2024-05-06T18:26:54.357+0000] {processor.py:183} INFO - Processing /home/airflow/.local/lib/python3.12/site-packages/airflow/example_dags/example_sla_dag.py took 0.039 seconds
[2024-05-06T18:27:24.868+0000] {processor.py:161} INFO - Started process (PID=2986) to work on /home/airflow/.local/lib/python3.12/site-packages/airflow/example_dags/example_sla_dag.py
[2024-05-06T18:27:24.869+0000] {processor.py:830} INFO - Processing file /home/airflow/.local/lib/python3.12/site-packages/airflow/example_dags/example_sla_dag.py for tasks to queue
[2024-05-06T18:27:24.869+0000] {logging_mixin.py:188} INFO - [2024-05-06T18:27:24.869+0000] {dagbag.py:540} INFO - Filling up the DagBag from /home/airflow/.local/lib/python3.12/site-packages/airflow/example_dags/example_sla_dag.py
[2024-05-06T18:27:24.874+0000] {processor.py:840} INFO - DAG(s) 'example_sla_dag' retrieved from /home/airflow/.local/lib/python3.12/site-packages/airflow/example_dags/example_sla_dag.py
[2024-05-06T18:27:24.883+0000] {logging_mixin.py:188} INFO - [2024-05-06T18:27:24.883+0000] {dag.py:3096} INFO - Sync 1 DAGs
[2024-05-06T18:27:24.894+0000] {logging_mixin.py:188} INFO - [2024-05-06T18:27:24.894+0000] {dag.py:3954} INFO - Setting next_dagrun for example_sla_dag to 2024-05-06 18:24:00+00:00, run_after=2024-05-06 18:26:00+00:00
[2024-05-06T18:27:24.903+0000] {processor.py:183} INFO - Processing /home/airflow/.local/lib/python3.12/site-packages/airflow/example_dags/example_sla_dag.py took 0.037 seconds
[2024-05-06T18:27:55.453+0000] {processor.py:161} INFO - Started process (PID=3043) to work on /home/airflow/.local/lib/python3.12/site-packages/airflow/example_dags/example_sla_dag.py
[2024-05-06T18:27:55.454+0000] {processor.py:830} INFO - Processing file /home/airflow/.local/lib/python3.12/site-packages/airflow/example_dags/example_sla_dag.py for tasks to queue
[2024-05-06T18:27:55.455+0000] {logging_mixin.py:188} INFO - [2024-05-06T18:27:55.455+0000] {dagbag.py:540} INFO - Filling up the DagBag from /home/airflow/.local/lib/python3.12/site-packages/airflow/example_dags/example_sla_dag.py
[2024-05-06T18:27:55.459+0000] {processor.py:840} INFO - DAG(s) 'example_sla_dag' retrieved from /home/airflow/.local/lib/python3.12/site-packages/airflow/example_dags/example_sla_dag.py
[2024-05-06T18:27:55.469+0000] {logging_mixin.py:188} INFO - [2024-05-06T18:27:55.468+0000] {dag.py:3096} INFO - Sync 1 DAGs
[2024-05-06T18:27:55.479+0000] {logging_mixin.py:188} INFO - [2024-05-06T18:27:55.479+0000] {dag.py:3954} INFO - Setting next_dagrun for example_sla_dag to 2024-05-06 18:24:00+00:00, run_after=2024-05-06 18:26:00+00:00
[2024-05-06T18:27:55.487+0000] {processor.py:183} INFO - Processing /home/airflow/.local/lib/python3.12/site-packages/airflow/example_dags/example_sla_dag.py took 0.037 seconds
[2024-05-06T18:28:26.010+0000] {processor.py:161} INFO - Started process (PID=3101) to work on /home/airflow/.local/lib/python3.12/site-packages/airflow/example_dags/example_sla_dag.py
[2024-05-06T18:28:26.010+0000] {processor.py:830} INFO - Processing file /home/airflow/.local/lib/python3.12/site-packages/airflow/example_dags/example_sla_dag.py for tasks to queue
[2024-05-06T18:28:26.011+0000] {logging_mixin.py:188} INFO - [2024-05-06T18:28:26.011+0000] {dagbag.py:540} INFO - Filling up the DagBag from /home/airflow/.local/lib/python3.12/site-packages/airflow/example_dags/example_sla_dag.py
[2024-05-06T18:28:26.016+0000] {processor.py:840} INFO - DAG(s) 'example_sla_dag' retrieved from /home/airflow/.local/lib/python3.12/site-packages/airflow/example_dags/example_sla_dag.py
[2024-05-06T18:28:26.025+0000] {logging_mixin.py:188} INFO - [2024-05-06T18:28:26.025+0000] {dag.py:3096} INFO - Sync 1 DAGs
[2024-05-06T18:28:26.036+0000] {logging_mixin.py:188} INFO - [2024-05-06T18:28:26.035+0000] {dag.py:3954} INFO - Setting next_dagrun for example_sla_dag to 2024-05-06 18:26:00+00:00, run_after=2024-05-06 18:28:00+00:00
[2024-05-06T18:28:26.043+0000] {processor.py:183} INFO - Processing /home/airflow/.local/lib/python3.12/site-packages/airflow/example_dags/example_sla_dag.py took 0.036 seconds
[2024-05-06T18:28:56.782+0000] {processor.py:161} INFO - Started process (PID=3159) to work on /home/airflow/.local/lib/python3.12/site-packages/airflow/example_dags/example_sla_dag.py
[2024-05-06T18:28:56.782+0000] {processor.py:830} INFO - Processing file /home/airflow/.local/lib/python3.12/site-packages/airflow/example_dags/example_sla_dag.py for tasks to queue
[2024-05-06T18:28:56.783+0000] {logging_mixin.py:188} INFO - [2024-05-06T18:28:56.783+0000] {dagbag.py:540} INFO - Filling up the DagBag from /home/airflow/.local/lib/python3.12/site-packages/airflow/example_dags/example_sla_dag.py
[2024-05-06T18:28:56.788+0000] {processor.py:840} INFO - DAG(s) 'example_sla_dag' retrieved from /home/airflow/.local/lib/python3.12/site-packages/airflow/example_dags/example_sla_dag.py
[2024-05-06T18:28:56.798+0000] {logging_mixin.py:188} INFO - [2024-05-06T18:28:56.798+0000] {dag.py:3096} INFO - Sync 1 DAGs
[2024-05-06T18:28:56.809+0000] {logging_mixin.py:188} INFO - [2024-05-06T18:28:56.808+0000] {dag.py:3954} INFO - Setting next_dagrun for example_sla_dag to 2024-05-06 18:26:00+00:00, run_after=2024-05-06 18:28:00+00:00
[2024-05-06T18:28:56.816+0000] {processor.py:183} INFO - Processing /home/airflow/.local/lib/python3.12/site-packages/airflow/example_dags/example_sla_dag.py took 0.037 seconds
[2024-05-06T18:29:27.529+0000] {processor.py:161} INFO - Started process (PID=3217) to work on /home/airflow/.local/lib/python3.12/site-packages/airflow/example_dags/example_sla_dag.py
[2024-05-06T18:29:27.530+0000] {processor.py:830} INFO - Processing file /home/airflow/.local/lib/python3.12/site-packages/airflow/example_dags/example_sla_dag.py for tasks to queue
[2024-05-06T18:29:27.531+0000] {logging_mixin.py:188} INFO - [2024-05-06T18:29:27.531+0000] {dagbag.py:540} INFO - Filling up the DagBag from /home/airflow/.local/lib/python3.12/site-packages/airflow/example_dags/example_sla_dag.py
[2024-05-06T18:29:27.535+0000] {processor.py:840} INFO - DAG(s) 'example_sla_dag' retrieved from /home/airflow/.local/lib/python3.12/site-packages/airflow/example_dags/example_sla_dag.py
[2024-05-06T18:29:27.545+0000] {logging_mixin.py:188} INFO - [2024-05-06T18:29:27.545+0000] {dag.py:3096} INFO - Sync 1 DAGs
[2024-05-06T18:29:27.557+0000] {logging_mixin.py:188} INFO - [2024-05-06T18:29:27.557+0000] {dag.py:3954} INFO - Setting next_dagrun for example_sla_dag to 2024-05-06 18:26:00+00:00, run_after=2024-05-06 18:28:00+00:00
[2024-05-06T18:29:27.566+0000] {processor.py:183} INFO - Processing /home/airflow/.local/lib/python3.12/site-packages/airflow/example_dags/example_sla_dag.py took 0.040 seconds
[2024-05-06T19:02:50.198+0000] {processor.py:161} INFO - Started process (PID=3269) to work on /home/airflow/.local/lib/python3.12/site-packages/airflow/example_dags/example_sla_dag.py
[2024-05-06T19:02:50.199+0000] {processor.py:830} INFO - Processing file /home/airflow/.local/lib/python3.12/site-packages/airflow/example_dags/example_sla_dag.py for tasks to queue
[2024-05-06T19:02:50.200+0000] {logging_mixin.py:188} INFO - [2024-05-06T19:02:50.200+0000] {dagbag.py:540} INFO - Filling up the DagBag from /home/airflow/.local/lib/python3.12/site-packages/airflow/example_dags/example_sla_dag.py
[2024-05-06T19:02:50.206+0000] {processor.py:840} INFO - DAG(s) 'example_sla_dag' retrieved from /home/airflow/.local/lib/python3.12/site-packages/airflow/example_dags/example_sla_dag.py
[2024-05-06T19:02:50.220+0000] {logging_mixin.py:188} INFO - [2024-05-06T19:02:50.220+0000] {dag.py:3096} INFO - Sync 1 DAGs
[2024-05-06T19:02:50.233+0000] {logging_mixin.py:188} INFO - [2024-05-06T19:02:50.233+0000] {dag.py:3954} INFO - Setting next_dagrun for example_sla_dag to 2024-05-06 19:00:00+00:00, run_after=2024-05-06 19:02:00+00:00
[2024-05-06T19:02:50.243+0000] {processor.py:183} INFO - Processing /home/airflow/.local/lib/python3.12/site-packages/airflow/example_dags/example_sla_dag.py took 0.049 seconds
[2024-05-06T19:24:25.936+0000] {processor.py:161} INFO - Started process (PID=3326) to work on /home/airflow/.local/lib/python3.12/site-packages/airflow/example_dags/example_sla_dag.py
[2024-05-06T19:24:25.936+0000] {processor.py:830} INFO - Processing file /home/airflow/.local/lib/python3.12/site-packages/airflow/example_dags/example_sla_dag.py for tasks to queue
[2024-05-06T19:24:25.937+0000] {logging_mixin.py:188} INFO - [2024-05-06T19:24:25.937+0000] {dagbag.py:540} INFO - Filling up the DagBag from /home/airflow/.local/lib/python3.12/site-packages/airflow/example_dags/example_sla_dag.py
[2024-05-06T19:24:25.943+0000] {processor.py:840} INFO - DAG(s) 'example_sla_dag' retrieved from /home/airflow/.local/lib/python3.12/site-packages/airflow/example_dags/example_sla_dag.py
[2024-05-06T19:24:25.961+0000] {logging_mixin.py:188} INFO - [2024-05-06T19:24:25.961+0000] {dag.py:3096} INFO - Sync 1 DAGs
[2024-05-06T19:24:25.981+0000] {logging_mixin.py:188} INFO - [2024-05-06T19:24:25.981+0000] {dag.py:3954} INFO - Setting next_dagrun for example_sla_dag to 2024-05-06 19:22:00+00:00, run_after=2024-05-06 19:24:00+00:00
[2024-05-06T19:24:25.994+0000] {processor.py:183} INFO - Processing /home/airflow/.local/lib/python3.12/site-packages/airflow/example_dags/example_sla_dag.py took 0.062 seconds
[2024-05-06T19:30:00.776+0000] {processor.py:161} INFO - Started process (PID=3384) to work on /home/airflow/.local/lib/python3.12/site-packages/airflow/example_dags/example_sla_dag.py
[2024-05-06T19:30:00.778+0000] {processor.py:830} INFO - Processing file /home/airflow/.local/lib/python3.12/site-packages/airflow/example_dags/example_sla_dag.py for tasks to queue
[2024-05-06T19:30:00.781+0000] {logging_mixin.py:188} INFO - [2024-05-06T19:30:00.780+0000] {dagbag.py:540} INFO - Filling up the DagBag from /home/airflow/.local/lib/python3.12/site-packages/airflow/example_dags/example_sla_dag.py
[2024-05-06T19:30:00.793+0000] {processor.py:840} INFO - DAG(s) 'example_sla_dag' retrieved from /home/airflow/.local/lib/python3.12/site-packages/airflow/example_dags/example_sla_dag.py
[2024-05-06T19:30:00.826+0000] {logging_mixin.py:188} INFO - [2024-05-06T19:30:00.826+0000] {dag.py:3096} INFO - Sync 1 DAGs
[2024-05-06T19:30:00.844+0000] {logging_mixin.py:188} INFO - [2024-05-06T19:30:00.844+0000] {dag.py:3954} INFO - Setting next_dagrun for example_sla_dag to 2024-05-06 19:28:00+00:00, run_after=2024-05-06 19:30:00+00:00
[2024-05-06T19:30:00.853+0000] {processor.py:183} INFO - Processing /home/airflow/.local/lib/python3.12/site-packages/airflow/example_dags/example_sla_dag.py took 0.084 seconds
[2024-05-06T19:34:20.968+0000] {processor.py:161} INFO - Started process (PID=3442) to work on /home/airflow/.local/lib/python3.12/site-packages/airflow/example_dags/example_sla_dag.py
[2024-05-06T19:34:20.969+0000] {processor.py:830} INFO - Processing file /home/airflow/.local/lib/python3.12/site-packages/airflow/example_dags/example_sla_dag.py for tasks to queue
[2024-05-06T19:34:20.970+0000] {logging_mixin.py:188} INFO - [2024-05-06T19:34:20.970+0000] {dagbag.py:540} INFO - Filling up the DagBag from /home/airflow/.local/lib/python3.12/site-packages/airflow/example_dags/example_sla_dag.py
[2024-05-06T19:34:20.975+0000] {processor.py:840} INFO - DAG(s) 'example_sla_dag' retrieved from /home/airflow/.local/lib/python3.12/site-packages/airflow/example_dags/example_sla_dag.py
[2024-05-06T19:34:20.984+0000] {logging_mixin.py:188} INFO - [2024-05-06T19:34:20.984+0000] {dag.py:3096} INFO - Sync 1 DAGs
[2024-05-06T19:34:20.995+0000] {logging_mixin.py:188} INFO - [2024-05-06T19:34:20.995+0000] {dag.py:3954} INFO - Setting next_dagrun for example_sla_dag to 2024-05-06 19:32:00+00:00, run_after=2024-05-06 19:34:00+00:00
[2024-05-06T19:34:21.003+0000] {processor.py:183} INFO - Processing /home/airflow/.local/lib/python3.12/site-packages/airflow/example_dags/example_sla_dag.py took 0.037 seconds
[2024-05-06T19:52:32.007+0000] {processor.py:161} INFO - Started process (PID=3499) to work on /home/airflow/.local/lib/python3.12/site-packages/airflow/example_dags/example_sla_dag.py
[2024-05-06T19:52:32.007+0000] {processor.py:830} INFO - Processing file /home/airflow/.local/lib/python3.12/site-packages/airflow/example_dags/example_sla_dag.py for tasks to queue
[2024-05-06T19:52:32.008+0000] {logging_mixin.py:188} INFO - [2024-05-06T19:52:32.008+0000] {dagbag.py:540} INFO - Filling up the DagBag from /home/airflow/.local/lib/python3.12/site-packages/airflow/example_dags/example_sla_dag.py
[2024-05-06T19:52:32.012+0000] {processor.py:840} INFO - DAG(s) 'example_sla_dag' retrieved from /home/airflow/.local/lib/python3.12/site-packages/airflow/example_dags/example_sla_dag.py
[2024-05-06T19:52:32.022+0000] {logging_mixin.py:188} INFO - [2024-05-06T19:52:32.021+0000] {dag.py:3096} INFO - Sync 1 DAGs
[2024-05-06T19:52:32.034+0000] {logging_mixin.py:188} INFO - [2024-05-06T19:52:32.034+0000] {dag.py:3954} INFO - Setting next_dagrun for example_sla_dag to 2024-05-06 19:50:00+00:00, run_after=2024-05-06 19:52:00+00:00
[2024-05-06T19:52:32.043+0000] {processor.py:183} INFO - Processing /home/airflow/.local/lib/python3.12/site-packages/airflow/example_dags/example_sla_dag.py took 0.039 seconds
