[2024-05-06T20:01:44.504+0000] {processor.py:161} INFO - Started process (PID=4554) to work on /home/airflow/.local/lib/python3.12/site-packages/airflow/example_dags/example_external_task_marker_dag.py
[2024-05-06T20:01:44.504+0000] {processor.py:830} INFO - Processing file /home/airflow/.local/lib/python3.12/site-packages/airflow/example_dags/example_external_task_marker_dag.py for tasks to queue
[2024-05-06T20:01:44.506+0000] {logging_mixin.py:188} INFO - [2024-05-06T20:01:44.505+0000] {dagbag.py:540} INFO - Filling up the DagBag from /home/airflow/.local/lib/python3.12/site-packages/airflow/example_dags/example_external_task_marker_dag.py
[2024-05-06T20:01:44.509+0000] {processor.py:840} INFO - DAG(s) 'example_external_task_marker_child', 'example_external_task_marker_parent' retrieved from /home/airflow/.local/lib/python3.12/site-packages/airflow/example_dags/example_external_task_marker_dag.py
[2024-05-06T20:01:44.524+0000] {logging_mixin.py:188} INFO - [2024-05-06T20:01:44.523+0000] {dag.py:3096} INFO - Sync 2 DAGs
[2024-05-06T20:01:44.534+0000] {logging_mixin.py:188} INFO - [2024-05-06T20:01:44.534+0000] {dag.py:3954} INFO - Setting next_dagrun for example_external_task_marker_child to None, run_after=None
[2024-05-06T20:01:44.536+0000] {logging_mixin.py:188} INFO - [2024-05-06T20:01:44.536+0000] {dag.py:3954} INFO - Setting next_dagrun for example_external_task_marker_parent to None, run_after=None
[2024-05-06T20:01:44.546+0000] {processor.py:183} INFO - Processing /home/airflow/.local/lib/python3.12/site-packages/airflow/example_dags/example_external_task_marker_dag.py took 0.046 seconds
[2024-05-06T20:02:15.419+0000] {processor.py:161} INFO - Started process (PID=4612) to work on /home/airflow/.local/lib/python3.12/site-packages/airflow/example_dags/example_external_task_marker_dag.py
[2024-05-06T20:02:15.419+0000] {processor.py:830} INFO - Processing file /home/airflow/.local/lib/python3.12/site-packages/airflow/example_dags/example_external_task_marker_dag.py for tasks to queue
[2024-05-06T20:02:15.421+0000] {logging_mixin.py:188} INFO - [2024-05-06T20:02:15.420+0000] {dagbag.py:540} INFO - Filling up the DagBag from /home/airflow/.local/lib/python3.12/site-packages/airflow/example_dags/example_external_task_marker_dag.py
[2024-05-06T20:02:15.424+0000] {processor.py:840} INFO - DAG(s) 'example_external_task_marker_child', 'example_external_task_marker_parent' retrieved from /home/airflow/.local/lib/python3.12/site-packages/airflow/example_dags/example_external_task_marker_dag.py
[2024-05-06T20:02:15.436+0000] {logging_mixin.py:188} INFO - [2024-05-06T20:02:15.436+0000] {dag.py:3096} INFO - Sync 2 DAGs
[2024-05-06T20:02:15.442+0000] {logging_mixin.py:188} INFO - [2024-05-06T20:02:15.442+0000] {dag.py:3954} INFO - Setting next_dagrun for example_external_task_marker_child to None, run_after=None
[2024-05-06T20:02:15.444+0000] {logging_mixin.py:188} INFO - [2024-05-06T20:02:15.444+0000] {dag.py:3954} INFO - Setting next_dagrun for example_external_task_marker_parent to None, run_after=None
[2024-05-06T20:02:15.451+0000] {processor.py:183} INFO - Processing /home/airflow/.local/lib/python3.12/site-packages/airflow/example_dags/example_external_task_marker_dag.py took 0.035 seconds
[2024-05-06T20:02:46.467+0000] {processor.py:161} INFO - Started process (PID=4671) to work on /home/airflow/.local/lib/python3.12/site-packages/airflow/example_dags/example_external_task_marker_dag.py
[2024-05-06T20:02:46.468+0000] {processor.py:830} INFO - Processing file /home/airflow/.local/lib/python3.12/site-packages/airflow/example_dags/example_external_task_marker_dag.py for tasks to queue
[2024-05-06T20:02:46.469+0000] {logging_mixin.py:188} INFO - [2024-05-06T20:02:46.469+0000] {dagbag.py:540} INFO - Filling up the DagBag from /home/airflow/.local/lib/python3.12/site-packages/airflow/example_dags/example_external_task_marker_dag.py
[2024-05-06T20:02:46.472+0000] {processor.py:840} INFO - DAG(s) 'example_external_task_marker_parent', 'example_external_task_marker_child' retrieved from /home/airflow/.local/lib/python3.12/site-packages/airflow/example_dags/example_external_task_marker_dag.py
[2024-05-06T20:02:46.485+0000] {logging_mixin.py:188} INFO - [2024-05-06T20:02:46.485+0000] {dag.py:3096} INFO - Sync 2 DAGs
[2024-05-06T20:02:46.491+0000] {logging_mixin.py:188} INFO - [2024-05-06T20:02:46.491+0000] {dag.py:3954} INFO - Setting next_dagrun for example_external_task_marker_child to None, run_after=None
[2024-05-06T20:02:46.493+0000] {logging_mixin.py:188} INFO - [2024-05-06T20:02:46.493+0000] {dag.py:3954} INFO - Setting next_dagrun for example_external_task_marker_parent to None, run_after=None
[2024-05-06T20:02:46.502+0000] {processor.py:183} INFO - Processing /home/airflow/.local/lib/python3.12/site-packages/airflow/example_dags/example_external_task_marker_dag.py took 0.038 seconds
[2024-05-06T20:03:17.385+0000] {processor.py:161} INFO - Started process (PID=4730) to work on /home/airflow/.local/lib/python3.12/site-packages/airflow/example_dags/example_external_task_marker_dag.py
[2024-05-06T20:03:17.385+0000] {processor.py:830} INFO - Processing file /home/airflow/.local/lib/python3.12/site-packages/airflow/example_dags/example_external_task_marker_dag.py for tasks to queue
[2024-05-06T20:03:17.386+0000] {logging_mixin.py:188} INFO - [2024-05-06T20:03:17.386+0000] {dagbag.py:540} INFO - Filling up the DagBag from /home/airflow/.local/lib/python3.12/site-packages/airflow/example_dags/example_external_task_marker_dag.py
[2024-05-06T20:03:17.389+0000] {processor.py:840} INFO - DAG(s) 'example_external_task_marker_child', 'example_external_task_marker_parent' retrieved from /home/airflow/.local/lib/python3.12/site-packages/airflow/example_dags/example_external_task_marker_dag.py
[2024-05-06T20:03:17.400+0000] {logging_mixin.py:188} INFO - [2024-05-06T20:03:17.400+0000] {dag.py:3096} INFO - Sync 2 DAGs
[2024-05-06T20:03:17.405+0000] {logging_mixin.py:188} INFO - [2024-05-06T20:03:17.405+0000] {dag.py:3954} INFO - Setting next_dagrun for example_external_task_marker_child to None, run_after=None
[2024-05-06T20:03:17.407+0000] {logging_mixin.py:188} INFO - [2024-05-06T20:03:17.407+0000] {dag.py:3954} INFO - Setting next_dagrun for example_external_task_marker_parent to None, run_after=None
[2024-05-06T20:03:17.414+0000] {processor.py:183} INFO - Processing /home/airflow/.local/lib/python3.12/site-packages/airflow/example_dags/example_external_task_marker_dag.py took 0.032 seconds
[2024-05-06T20:03:48.202+0000] {processor.py:161} INFO - Started process (PID=4788) to work on /home/airflow/.local/lib/python3.12/site-packages/airflow/example_dags/example_external_task_marker_dag.py
[2024-05-06T20:03:48.205+0000] {processor.py:830} INFO - Processing file /home/airflow/.local/lib/python3.12/site-packages/airflow/example_dags/example_external_task_marker_dag.py for tasks to queue
[2024-05-06T20:03:48.206+0000] {logging_mixin.py:188} INFO - [2024-05-06T20:03:48.205+0000] {dagbag.py:540} INFO - Filling up the DagBag from /home/airflow/.local/lib/python3.12/site-packages/airflow/example_dags/example_external_task_marker_dag.py
[2024-05-06T20:03:48.209+0000] {processor.py:840} INFO - DAG(s) 'example_external_task_marker_child', 'example_external_task_marker_parent' retrieved from /home/airflow/.local/lib/python3.12/site-packages/airflow/example_dags/example_external_task_marker_dag.py
[2024-05-06T20:03:48.222+0000] {logging_mixin.py:188} INFO - [2024-05-06T20:03:48.221+0000] {dag.py:3096} INFO - Sync 2 DAGs
[2024-05-06T20:03:48.229+0000] {logging_mixin.py:188} INFO - [2024-05-06T20:03:48.229+0000] {dag.py:3954} INFO - Setting next_dagrun for example_external_task_marker_child to None, run_after=None
[2024-05-06T20:03:48.231+0000] {logging_mixin.py:188} INFO - [2024-05-06T20:03:48.231+0000] {dag.py:3954} INFO - Setting next_dagrun for example_external_task_marker_parent to None, run_after=None
[2024-05-06T20:03:48.238+0000] {processor.py:183} INFO - Processing /home/airflow/.local/lib/python3.12/site-packages/airflow/example_dags/example_external_task_marker_dag.py took 0.040 seconds
[2024-05-06T20:04:18.314+0000] {processor.py:161} INFO - Started process (PID=4846) to work on /home/airflow/.local/lib/python3.12/site-packages/airflow/example_dags/example_external_task_marker_dag.py
[2024-05-06T20:04:18.314+0000] {processor.py:830} INFO - Processing file /home/airflow/.local/lib/python3.12/site-packages/airflow/example_dags/example_external_task_marker_dag.py for tasks to queue
[2024-05-06T20:04:18.315+0000] {logging_mixin.py:188} INFO - [2024-05-06T20:04:18.315+0000] {dagbag.py:540} INFO - Filling up the DagBag from /home/airflow/.local/lib/python3.12/site-packages/airflow/example_dags/example_external_task_marker_dag.py
[2024-05-06T20:04:18.318+0000] {processor.py:840} INFO - DAG(s) 'example_external_task_marker_parent', 'example_external_task_marker_child' retrieved from /home/airflow/.local/lib/python3.12/site-packages/airflow/example_dags/example_external_task_marker_dag.py
[2024-05-06T20:04:18.330+0000] {logging_mixin.py:188} INFO - [2024-05-06T20:04:18.330+0000] {dag.py:3096} INFO - Sync 2 DAGs
[2024-05-06T20:04:18.336+0000] {logging_mixin.py:188} INFO - [2024-05-06T20:04:18.336+0000] {dag.py:3954} INFO - Setting next_dagrun for example_external_task_marker_child to None, run_after=None
[2024-05-06T20:04:18.338+0000] {logging_mixin.py:188} INFO - [2024-05-06T20:04:18.338+0000] {dag.py:3954} INFO - Setting next_dagrun for example_external_task_marker_parent to None, run_after=None
[2024-05-06T20:04:18.345+0000] {processor.py:183} INFO - Processing /home/airflow/.local/lib/python3.12/site-packages/airflow/example_dags/example_external_task_marker_dag.py took 0.034 seconds
[2024-05-06T20:04:48.517+0000] {processor.py:161} INFO - Started process (PID=4905) to work on /home/airflow/.local/lib/python3.12/site-packages/airflow/example_dags/example_external_task_marker_dag.py
[2024-05-06T20:04:48.519+0000] {processor.py:830} INFO - Processing file /home/airflow/.local/lib/python3.12/site-packages/airflow/example_dags/example_external_task_marker_dag.py for tasks to queue
[2024-05-06T20:04:48.520+0000] {logging_mixin.py:188} INFO - [2024-05-06T20:04:48.520+0000] {dagbag.py:540} INFO - Filling up the DagBag from /home/airflow/.local/lib/python3.12/site-packages/airflow/example_dags/example_external_task_marker_dag.py
[2024-05-06T20:04:48.523+0000] {processor.py:840} INFO - DAG(s) 'example_external_task_marker_parent', 'example_external_task_marker_child' retrieved from /home/airflow/.local/lib/python3.12/site-packages/airflow/example_dags/example_external_task_marker_dag.py
[2024-05-06T20:04:48.534+0000] {logging_mixin.py:188} INFO - [2024-05-06T20:04:48.534+0000] {dag.py:3096} INFO - Sync 2 DAGs
[2024-05-06T20:04:48.539+0000] {logging_mixin.py:188} INFO - [2024-05-06T20:04:48.539+0000] {dag.py:3954} INFO - Setting next_dagrun for example_external_task_marker_child to None, run_after=None
[2024-05-06T20:04:48.541+0000] {logging_mixin.py:188} INFO - [2024-05-06T20:04:48.541+0000] {dag.py:3954} INFO - Setting next_dagrun for example_external_task_marker_parent to None, run_after=None
[2024-05-06T20:04:48.550+0000] {processor.py:183} INFO - Processing /home/airflow/.local/lib/python3.12/site-packages/airflow/example_dags/example_external_task_marker_dag.py took 0.038 seconds
[2024-05-06T20:05:19.533+0000] {processor.py:161} INFO - Started process (PID=4964) to work on /home/airflow/.local/lib/python3.12/site-packages/airflow/example_dags/example_external_task_marker_dag.py
[2024-05-06T20:05:19.534+0000] {processor.py:830} INFO - Processing file /home/airflow/.local/lib/python3.12/site-packages/airflow/example_dags/example_external_task_marker_dag.py for tasks to queue
[2024-05-06T20:05:19.535+0000] {logging_mixin.py:188} INFO - [2024-05-06T20:05:19.534+0000] {dagbag.py:540} INFO - Filling up the DagBag from /home/airflow/.local/lib/python3.12/site-packages/airflow/example_dags/example_external_task_marker_dag.py
[2024-05-06T20:05:19.538+0000] {processor.py:840} INFO - DAG(s) 'example_external_task_marker_parent', 'example_external_task_marker_child' retrieved from /home/airflow/.local/lib/python3.12/site-packages/airflow/example_dags/example_external_task_marker_dag.py
[2024-05-06T20:05:19.548+0000] {logging_mixin.py:188} INFO - [2024-05-06T20:05:19.547+0000] {dag.py:3096} INFO - Sync 2 DAGs
[2024-05-06T20:05:19.553+0000] {logging_mixin.py:188} INFO - [2024-05-06T20:05:19.553+0000] {dag.py:3954} INFO - Setting next_dagrun for example_external_task_marker_child to None, run_after=None
[2024-05-06T20:05:19.555+0000] {logging_mixin.py:188} INFO - [2024-05-06T20:05:19.555+0000] {dag.py:3954} INFO - Setting next_dagrun for example_external_task_marker_parent to None, run_after=None
[2024-05-06T20:05:19.561+0000] {processor.py:183} INFO - Processing /home/airflow/.local/lib/python3.12/site-packages/airflow/example_dags/example_external_task_marker_dag.py took 0.031 seconds
[2024-05-06T20:05:50.126+0000] {processor.py:161} INFO - Started process (PID=5023) to work on /home/airflow/.local/lib/python3.12/site-packages/airflow/example_dags/example_external_task_marker_dag.py
[2024-05-06T20:05:50.127+0000] {processor.py:830} INFO - Processing file /home/airflow/.local/lib/python3.12/site-packages/airflow/example_dags/example_external_task_marker_dag.py for tasks to queue
[2024-05-06T20:05:50.128+0000] {logging_mixin.py:188} INFO - [2024-05-06T20:05:50.128+0000] {dagbag.py:540} INFO - Filling up the DagBag from /home/airflow/.local/lib/python3.12/site-packages/airflow/example_dags/example_external_task_marker_dag.py
[2024-05-06T20:05:50.131+0000] {processor.py:840} INFO - DAG(s) 'example_external_task_marker_child', 'example_external_task_marker_parent' retrieved from /home/airflow/.local/lib/python3.12/site-packages/airflow/example_dags/example_external_task_marker_dag.py
[2024-05-06T20:05:50.144+0000] {logging_mixin.py:188} INFO - [2024-05-06T20:05:50.144+0000] {dag.py:3096} INFO - Sync 2 DAGs
[2024-05-06T20:05:50.150+0000] {logging_mixin.py:188} INFO - [2024-05-06T20:05:50.150+0000] {dag.py:3954} INFO - Setting next_dagrun for example_external_task_marker_child to None, run_after=None
[2024-05-06T20:05:50.152+0000] {logging_mixin.py:188} INFO - [2024-05-06T20:05:50.152+0000] {dag.py:3954} INFO - Setting next_dagrun for example_external_task_marker_parent to None, run_after=None
[2024-05-06T20:05:50.159+0000] {processor.py:183} INFO - Processing /home/airflow/.local/lib/python3.12/site-packages/airflow/example_dags/example_external_task_marker_dag.py took 0.036 seconds
[2024-05-06T20:06:20.883+0000] {processor.py:161} INFO - Started process (PID=5082) to work on /home/airflow/.local/lib/python3.12/site-packages/airflow/example_dags/example_external_task_marker_dag.py
[2024-05-06T20:06:20.883+0000] {processor.py:830} INFO - Processing file /home/airflow/.local/lib/python3.12/site-packages/airflow/example_dags/example_external_task_marker_dag.py for tasks to queue
[2024-05-06T20:06:20.884+0000] {logging_mixin.py:188} INFO - [2024-05-06T20:06:20.884+0000] {dagbag.py:540} INFO - Filling up the DagBag from /home/airflow/.local/lib/python3.12/site-packages/airflow/example_dags/example_external_task_marker_dag.py
[2024-05-06T20:06:20.887+0000] {processor.py:840} INFO - DAG(s) 'example_external_task_marker_parent', 'example_external_task_marker_child' retrieved from /home/airflow/.local/lib/python3.12/site-packages/airflow/example_dags/example_external_task_marker_dag.py
[2024-05-06T20:06:20.899+0000] {logging_mixin.py:188} INFO - [2024-05-06T20:06:20.899+0000] {dag.py:3096} INFO - Sync 2 DAGs
[2024-05-06T20:06:20.905+0000] {logging_mixin.py:188} INFO - [2024-05-06T20:06:20.905+0000] {dag.py:3954} INFO - Setting next_dagrun for example_external_task_marker_child to None, run_after=None
[2024-05-06T20:06:20.907+0000] {logging_mixin.py:188} INFO - [2024-05-06T20:06:20.907+0000] {dag.py:3954} INFO - Setting next_dagrun for example_external_task_marker_parent to None, run_after=None
[2024-05-06T20:06:20.914+0000] {processor.py:183} INFO - Processing /home/airflow/.local/lib/python3.12/site-packages/airflow/example_dags/example_external_task_marker_dag.py took 0.035 seconds
[2024-05-06T20:06:51.489+0000] {processor.py:161} INFO - Started process (PID=5141) to work on /home/airflow/.local/lib/python3.12/site-packages/airflow/example_dags/example_external_task_marker_dag.py
[2024-05-06T20:06:51.490+0000] {processor.py:830} INFO - Processing file /home/airflow/.local/lib/python3.12/site-packages/airflow/example_dags/example_external_task_marker_dag.py for tasks to queue
[2024-05-06T20:06:51.491+0000] {logging_mixin.py:188} INFO - [2024-05-06T20:06:51.490+0000] {dagbag.py:540} INFO - Filling up the DagBag from /home/airflow/.local/lib/python3.12/site-packages/airflow/example_dags/example_external_task_marker_dag.py
[2024-05-06T20:06:51.494+0000] {processor.py:840} INFO - DAG(s) 'example_external_task_marker_child', 'example_external_task_marker_parent' retrieved from /home/airflow/.local/lib/python3.12/site-packages/airflow/example_dags/example_external_task_marker_dag.py
[2024-05-06T20:06:51.504+0000] {logging_mixin.py:188} INFO - [2024-05-06T20:06:51.504+0000] {dag.py:3096} INFO - Sync 2 DAGs
[2024-05-06T20:06:51.509+0000] {logging_mixin.py:188} INFO - [2024-05-06T20:06:51.509+0000] {dag.py:3954} INFO - Setting next_dagrun for example_external_task_marker_child to None, run_after=None
[2024-05-06T20:06:51.511+0000] {logging_mixin.py:188} INFO - [2024-05-06T20:06:51.511+0000] {dag.py:3954} INFO - Setting next_dagrun for example_external_task_marker_parent to None, run_after=None
[2024-05-06T20:06:51.517+0000] {processor.py:183} INFO - Processing /home/airflow/.local/lib/python3.12/site-packages/airflow/example_dags/example_external_task_marker_dag.py took 0.031 seconds
[2024-05-06T20:07:22.203+0000] {processor.py:161} INFO - Started process (PID=5199) to work on /home/airflow/.local/lib/python3.12/site-packages/airflow/example_dags/example_external_task_marker_dag.py
[2024-05-06T20:07:22.204+0000] {processor.py:830} INFO - Processing file /home/airflow/.local/lib/python3.12/site-packages/airflow/example_dags/example_external_task_marker_dag.py for tasks to queue
[2024-05-06T20:07:22.205+0000] {logging_mixin.py:188} INFO - [2024-05-06T20:07:22.205+0000] {dagbag.py:540} INFO - Filling up the DagBag from /home/airflow/.local/lib/python3.12/site-packages/airflow/example_dags/example_external_task_marker_dag.py
[2024-05-06T20:07:22.208+0000] {processor.py:840} INFO - DAG(s) 'example_external_task_marker_child', 'example_external_task_marker_parent' retrieved from /home/airflow/.local/lib/python3.12/site-packages/airflow/example_dags/example_external_task_marker_dag.py
[2024-05-06T20:07:22.218+0000] {logging_mixin.py:188} INFO - [2024-05-06T20:07:22.218+0000] {dag.py:3096} INFO - Sync 2 DAGs
[2024-05-06T20:07:22.224+0000] {logging_mixin.py:188} INFO - [2024-05-06T20:07:22.224+0000] {dag.py:3954} INFO - Setting next_dagrun for example_external_task_marker_child to None, run_after=None
[2024-05-06T20:07:22.226+0000] {logging_mixin.py:188} INFO - [2024-05-06T20:07:22.225+0000] {dag.py:3954} INFO - Setting next_dagrun for example_external_task_marker_parent to None, run_after=None
[2024-05-06T20:07:22.232+0000] {processor.py:183} INFO - Processing /home/airflow/.local/lib/python3.12/site-packages/airflow/example_dags/example_external_task_marker_dag.py took 0.031 seconds
[2024-05-06T20:07:53.264+0000] {processor.py:161} INFO - Started process (PID=5258) to work on /home/airflow/.local/lib/python3.12/site-packages/airflow/example_dags/example_external_task_marker_dag.py
[2024-05-06T20:07:53.264+0000] {processor.py:830} INFO - Processing file /home/airflow/.local/lib/python3.12/site-packages/airflow/example_dags/example_external_task_marker_dag.py for tasks to queue
[2024-05-06T20:07:53.265+0000] {logging_mixin.py:188} INFO - [2024-05-06T20:07:53.265+0000] {dagbag.py:540} INFO - Filling up the DagBag from /home/airflow/.local/lib/python3.12/site-packages/airflow/example_dags/example_external_task_marker_dag.py
[2024-05-06T20:07:53.268+0000] {processor.py:840} INFO - DAG(s) 'example_external_task_marker_child', 'example_external_task_marker_parent' retrieved from /home/airflow/.local/lib/python3.12/site-packages/airflow/example_dags/example_external_task_marker_dag.py
[2024-05-06T20:07:53.280+0000] {logging_mixin.py:188} INFO - [2024-05-06T20:07:53.279+0000] {dag.py:3096} INFO - Sync 2 DAGs
[2024-05-06T20:07:53.285+0000] {logging_mixin.py:188} INFO - [2024-05-06T20:07:53.285+0000] {dag.py:3954} INFO - Setting next_dagrun for example_external_task_marker_child to None, run_after=None
[2024-05-06T20:07:53.287+0000] {logging_mixin.py:188} INFO - [2024-05-06T20:07:53.287+0000] {dag.py:3954} INFO - Setting next_dagrun for example_external_task_marker_parent to None, run_after=None
[2024-05-06T20:07:53.293+0000] {processor.py:183} INFO - Processing /home/airflow/.local/lib/python3.12/site-packages/airflow/example_dags/example_external_task_marker_dag.py took 0.032 seconds
[2024-05-06T20:08:23.505+0000] {processor.py:161} INFO - Started process (PID=5316) to work on /home/airflow/.local/lib/python3.12/site-packages/airflow/example_dags/example_external_task_marker_dag.py
[2024-05-06T20:08:23.505+0000] {processor.py:830} INFO - Processing file /home/airflow/.local/lib/python3.12/site-packages/airflow/example_dags/example_external_task_marker_dag.py for tasks to queue
[2024-05-06T20:08:23.507+0000] {logging_mixin.py:188} INFO - [2024-05-06T20:08:23.507+0000] {dagbag.py:540} INFO - Filling up the DagBag from /home/airflow/.local/lib/python3.12/site-packages/airflow/example_dags/example_external_task_marker_dag.py
[2024-05-06T20:08:23.513+0000] {processor.py:840} INFO - DAG(s) 'example_external_task_marker_parent', 'example_external_task_marker_child' retrieved from /home/airflow/.local/lib/python3.12/site-packages/airflow/example_dags/example_external_task_marker_dag.py
[2024-05-06T20:08:23.537+0000] {logging_mixin.py:188} INFO - [2024-05-06T20:08:23.536+0000] {dag.py:3096} INFO - Sync 2 DAGs
[2024-05-06T20:08:23.545+0000] {logging_mixin.py:188} INFO - [2024-05-06T20:08:23.545+0000] {dag.py:3954} INFO - Setting next_dagrun for example_external_task_marker_child to None, run_after=None
[2024-05-06T20:08:23.548+0000] {logging_mixin.py:188} INFO - [2024-05-06T20:08:23.548+0000] {dag.py:3954} INFO - Setting next_dagrun for example_external_task_marker_parent to None, run_after=None
[2024-05-06T20:08:23.559+0000] {processor.py:183} INFO - Processing /home/airflow/.local/lib/python3.12/site-packages/airflow/example_dags/example_external_task_marker_dag.py took 0.058 seconds
[2024-05-06T20:08:54.527+0000] {processor.py:161} INFO - Started process (PID=5375) to work on /home/airflow/.local/lib/python3.12/site-packages/airflow/example_dags/example_external_task_marker_dag.py
[2024-05-06T20:08:54.528+0000] {processor.py:830} INFO - Processing file /home/airflow/.local/lib/python3.12/site-packages/airflow/example_dags/example_external_task_marker_dag.py for tasks to queue
[2024-05-06T20:08:54.529+0000] {logging_mixin.py:188} INFO - [2024-05-06T20:08:54.529+0000] {dagbag.py:540} INFO - Filling up the DagBag from /home/airflow/.local/lib/python3.12/site-packages/airflow/example_dags/example_external_task_marker_dag.py
[2024-05-06T20:08:54.532+0000] {processor.py:840} INFO - DAG(s) 'example_external_task_marker_parent', 'example_external_task_marker_child' retrieved from /home/airflow/.local/lib/python3.12/site-packages/airflow/example_dags/example_external_task_marker_dag.py
[2024-05-06T20:08:54.544+0000] {logging_mixin.py:188} INFO - [2024-05-06T20:08:54.544+0000] {dag.py:3096} INFO - Sync 2 DAGs
[2024-05-06T20:08:54.551+0000] {logging_mixin.py:188} INFO - [2024-05-06T20:08:54.551+0000] {dag.py:3954} INFO - Setting next_dagrun for example_external_task_marker_child to None, run_after=None
[2024-05-06T20:08:54.553+0000] {logging_mixin.py:188} INFO - [2024-05-06T20:08:54.553+0000] {dag.py:3954} INFO - Setting next_dagrun for example_external_task_marker_parent to None, run_after=None
[2024-05-06T20:08:54.561+0000] {processor.py:183} INFO - Processing /home/airflow/.local/lib/python3.12/site-packages/airflow/example_dags/example_external_task_marker_dag.py took 0.037 seconds
[2024-05-06T20:09:25.322+0000] {processor.py:161} INFO - Started process (PID=5434) to work on /home/airflow/.local/lib/python3.12/site-packages/airflow/example_dags/example_external_task_marker_dag.py
[2024-05-06T20:09:25.322+0000] {processor.py:830} INFO - Processing file /home/airflow/.local/lib/python3.12/site-packages/airflow/example_dags/example_external_task_marker_dag.py for tasks to queue
[2024-05-06T20:09:25.323+0000] {logging_mixin.py:188} INFO - [2024-05-06T20:09:25.323+0000] {dagbag.py:540} INFO - Filling up the DagBag from /home/airflow/.local/lib/python3.12/site-packages/airflow/example_dags/example_external_task_marker_dag.py
[2024-05-06T20:09:25.330+0000] {processor.py:840} INFO - DAG(s) 'example_external_task_marker_parent', 'example_external_task_marker_child' retrieved from /home/airflow/.local/lib/python3.12/site-packages/airflow/example_dags/example_external_task_marker_dag.py
[2024-05-06T20:09:25.349+0000] {logging_mixin.py:188} INFO - [2024-05-06T20:09:25.349+0000] {dag.py:3096} INFO - Sync 2 DAGs
[2024-05-06T20:09:25.358+0000] {logging_mixin.py:188} INFO - [2024-05-06T20:09:25.357+0000] {dag.py:3954} INFO - Setting next_dagrun for example_external_task_marker_child to None, run_after=None
[2024-05-06T20:09:25.360+0000] {logging_mixin.py:188} INFO - [2024-05-06T20:09:25.360+0000] {dag.py:3954} INFO - Setting next_dagrun for example_external_task_marker_parent to None, run_after=None
[2024-05-06T20:09:25.373+0000] {processor.py:183} INFO - Processing /home/airflow/.local/lib/python3.12/site-packages/airflow/example_dags/example_external_task_marker_dag.py took 0.054 seconds
[2024-05-06T20:09:55.465+0000] {processor.py:161} INFO - Started process (PID=5492) to work on /home/airflow/.local/lib/python3.12/site-packages/airflow/example_dags/example_external_task_marker_dag.py
[2024-05-06T20:09:55.466+0000] {processor.py:830} INFO - Processing file /home/airflow/.local/lib/python3.12/site-packages/airflow/example_dags/example_external_task_marker_dag.py for tasks to queue
[2024-05-06T20:09:55.467+0000] {logging_mixin.py:188} INFO - [2024-05-06T20:09:55.467+0000] {dagbag.py:540} INFO - Filling up the DagBag from /home/airflow/.local/lib/python3.12/site-packages/airflow/example_dags/example_external_task_marker_dag.py
[2024-05-06T20:09:55.471+0000] {processor.py:840} INFO - DAG(s) 'example_external_task_marker_parent', 'example_external_task_marker_child' retrieved from /home/airflow/.local/lib/python3.12/site-packages/airflow/example_dags/example_external_task_marker_dag.py
[2024-05-06T20:09:55.484+0000] {logging_mixin.py:188} INFO - [2024-05-06T20:09:55.484+0000] {dag.py:3096} INFO - Sync 2 DAGs
[2024-05-06T20:09:55.491+0000] {logging_mixin.py:188} INFO - [2024-05-06T20:09:55.491+0000] {dag.py:3954} INFO - Setting next_dagrun for example_external_task_marker_child to None, run_after=None
[2024-05-06T20:09:55.493+0000] {logging_mixin.py:188} INFO - [2024-05-06T20:09:55.493+0000] {dag.py:3954} INFO - Setting next_dagrun for example_external_task_marker_parent to None, run_after=None
[2024-05-06T20:09:55.501+0000] {processor.py:183} INFO - Processing /home/airflow/.local/lib/python3.12/site-packages/airflow/example_dags/example_external_task_marker_dag.py took 0.040 seconds
[2024-05-06T20:10:25.575+0000] {processor.py:161} INFO - Started process (PID=5551) to work on /home/airflow/.local/lib/python3.12/site-packages/airflow/example_dags/example_external_task_marker_dag.py
[2024-05-06T20:10:25.576+0000] {processor.py:830} INFO - Processing file /home/airflow/.local/lib/python3.12/site-packages/airflow/example_dags/example_external_task_marker_dag.py for tasks to queue
[2024-05-06T20:10:25.577+0000] {logging_mixin.py:188} INFO - [2024-05-06T20:10:25.576+0000] {dagbag.py:540} INFO - Filling up the DagBag from /home/airflow/.local/lib/python3.12/site-packages/airflow/example_dags/example_external_task_marker_dag.py
[2024-05-06T20:10:25.579+0000] {processor.py:840} INFO - DAG(s) 'example_external_task_marker_parent', 'example_external_task_marker_child' retrieved from /home/airflow/.local/lib/python3.12/site-packages/airflow/example_dags/example_external_task_marker_dag.py
[2024-05-06T20:10:25.591+0000] {logging_mixin.py:188} INFO - [2024-05-06T20:10:25.591+0000] {dag.py:3096} INFO - Sync 2 DAGs
[2024-05-06T20:10:25.597+0000] {logging_mixin.py:188} INFO - [2024-05-06T20:10:25.597+0000] {dag.py:3954} INFO - Setting next_dagrun for example_external_task_marker_child to None, run_after=None
[2024-05-06T20:10:25.599+0000] {logging_mixin.py:188} INFO - [2024-05-06T20:10:25.599+0000] {dag.py:3954} INFO - Setting next_dagrun for example_external_task_marker_parent to None, run_after=None
[2024-05-06T20:10:25.607+0000] {processor.py:183} INFO - Processing /home/airflow/.local/lib/python3.12/site-packages/airflow/example_dags/example_external_task_marker_dag.py took 0.035 seconds
[2024-05-06T20:10:55.754+0000] {processor.py:161} INFO - Started process (PID=5610) to work on /home/airflow/.local/lib/python3.12/site-packages/airflow/example_dags/example_external_task_marker_dag.py
[2024-05-06T20:10:55.755+0000] {processor.py:830} INFO - Processing file /home/airflow/.local/lib/python3.12/site-packages/airflow/example_dags/example_external_task_marker_dag.py for tasks to queue
[2024-05-06T20:10:55.756+0000] {logging_mixin.py:188} INFO - [2024-05-06T20:10:55.755+0000] {dagbag.py:540} INFO - Filling up the DagBag from /home/airflow/.local/lib/python3.12/site-packages/airflow/example_dags/example_external_task_marker_dag.py
[2024-05-06T20:10:55.758+0000] {processor.py:840} INFO - DAG(s) 'example_external_task_marker_parent', 'example_external_task_marker_child' retrieved from /home/airflow/.local/lib/python3.12/site-packages/airflow/example_dags/example_external_task_marker_dag.py
[2024-05-06T20:10:55.770+0000] {logging_mixin.py:188} INFO - [2024-05-06T20:10:55.770+0000] {dag.py:3096} INFO - Sync 2 DAGs
[2024-05-06T20:10:55.778+0000] {logging_mixin.py:188} INFO - [2024-05-06T20:10:55.778+0000] {dag.py:3954} INFO - Setting next_dagrun for example_external_task_marker_child to None, run_after=None
[2024-05-06T20:10:55.780+0000] {logging_mixin.py:188} INFO - [2024-05-06T20:10:55.780+0000] {dag.py:3954} INFO - Setting next_dagrun for example_external_task_marker_parent to None, run_after=None
[2024-05-06T20:10:55.787+0000] {processor.py:183} INFO - Processing /home/airflow/.local/lib/python3.12/site-packages/airflow/example_dags/example_external_task_marker_dag.py took 0.035 seconds
