[2024-05-06T20:01:44.448+0000] {processor.py:161} INFO - Started process (PID=4552) to work on /home/airflow/.local/lib/python3.12/site-packages/airflow/example_dags/example_bash_decorator.py
[2024-05-06T20:01:44.449+0000] {processor.py:830} INFO - Processing file /home/airflow/.local/lib/python3.12/site-packages/airflow/example_dags/example_bash_decorator.py for tasks to queue
[2024-05-06T20:01:44.450+0000] {logging_mixin.py:188} INFO - [2024-05-06T20:01:44.450+0000] {dagbag.py:540} INFO - Filling up the DagBag from /home/airflow/.local/lib/python3.12/site-packages/airflow/example_dags/example_bash_decorator.py
[2024-05-06T20:01:44.457+0000] {processor.py:840} INFO - DAG(s) 'example_bash_decorator' retrieved from /home/airflow/.local/lib/python3.12/site-packages/airflow/example_dags/example_bash_decorator.py
[2024-05-06T20:01:44.470+0000] {logging_mixin.py:188} INFO - [2024-05-06T20:01:44.470+0000] {dag.py:3096} INFO - Sync 1 DAGs
[2024-05-06T20:01:44.476+0000] {logging_mixin.py:188} INFO - [2024-05-06T20:01:44.476+0000] {dag.py:3954} INFO - Setting next_dagrun for example_bash_decorator to None, run_after=None
[2024-05-06T20:01:44.486+0000] {processor.py:183} INFO - Processing /home/airflow/.local/lib/python3.12/site-packages/airflow/example_dags/example_bash_decorator.py took 0.041 seconds
[2024-05-06T20:02:15.369+0000] {processor.py:161} INFO - Started process (PID=4610) to work on /home/airflow/.local/lib/python3.12/site-packages/airflow/example_dags/example_bash_decorator.py
[2024-05-06T20:02:15.369+0000] {processor.py:830} INFO - Processing file /home/airflow/.local/lib/python3.12/site-packages/airflow/example_dags/example_bash_decorator.py for tasks to queue
[2024-05-06T20:02:15.370+0000] {logging_mixin.py:188} INFO - [2024-05-06T20:02:15.370+0000] {dagbag.py:540} INFO - Filling up the DagBag from /home/airflow/.local/lib/python3.12/site-packages/airflow/example_dags/example_bash_decorator.py
[2024-05-06T20:02:15.377+0000] {processor.py:840} INFO - DAG(s) 'example_bash_decorator' retrieved from /home/airflow/.local/lib/python3.12/site-packages/airflow/example_dags/example_bash_decorator.py
[2024-05-06T20:02:15.389+0000] {logging_mixin.py:188} INFO - [2024-05-06T20:02:15.389+0000] {dag.py:3096} INFO - Sync 1 DAGs
[2024-05-06T20:02:15.395+0000] {logging_mixin.py:188} INFO - [2024-05-06T20:02:15.395+0000] {dag.py:3954} INFO - Setting next_dagrun for example_bash_decorator to None, run_after=None
[2024-05-06T20:02:15.404+0000] {processor.py:183} INFO - Processing /home/airflow/.local/lib/python3.12/site-packages/airflow/example_dags/example_bash_decorator.py took 0.038 seconds
[2024-05-06T20:02:46.417+0000] {processor.py:161} INFO - Started process (PID=4669) to work on /home/airflow/.local/lib/python3.12/site-packages/airflow/example_dags/example_bash_decorator.py
[2024-05-06T20:02:46.417+0000] {processor.py:830} INFO - Processing file /home/airflow/.local/lib/python3.12/site-packages/airflow/example_dags/example_bash_decorator.py for tasks to queue
[2024-05-06T20:02:46.418+0000] {logging_mixin.py:188} INFO - [2024-05-06T20:02:46.418+0000] {dagbag.py:540} INFO - Filling up the DagBag from /home/airflow/.local/lib/python3.12/site-packages/airflow/example_dags/example_bash_decorator.py
[2024-05-06T20:02:46.425+0000] {processor.py:840} INFO - DAG(s) 'example_bash_decorator' retrieved from /home/airflow/.local/lib/python3.12/site-packages/airflow/example_dags/example_bash_decorator.py
[2024-05-06T20:02:46.436+0000] {logging_mixin.py:188} INFO - [2024-05-06T20:02:46.436+0000] {dag.py:3096} INFO - Sync 1 DAGs
[2024-05-06T20:02:46.443+0000] {logging_mixin.py:188} INFO - [2024-05-06T20:02:46.443+0000] {dag.py:3954} INFO - Setting next_dagrun for example_bash_decorator to None, run_after=None
[2024-05-06T20:02:46.452+0000] {processor.py:183} INFO - Processing /home/airflow/.local/lib/python3.12/site-packages/airflow/example_dags/example_bash_decorator.py took 0.038 seconds
[2024-05-06T20:03:17.342+0000] {processor.py:161} INFO - Started process (PID=4728) to work on /home/airflow/.local/lib/python3.12/site-packages/airflow/example_dags/example_bash_decorator.py
[2024-05-06T20:03:17.342+0000] {processor.py:830} INFO - Processing file /home/airflow/.local/lib/python3.12/site-packages/airflow/example_dags/example_bash_decorator.py for tasks to queue
[2024-05-06T20:03:17.343+0000] {logging_mixin.py:188} INFO - [2024-05-06T20:03:17.343+0000] {dagbag.py:540} INFO - Filling up the DagBag from /home/airflow/.local/lib/python3.12/site-packages/airflow/example_dags/example_bash_decorator.py
[2024-05-06T20:03:17.349+0000] {processor.py:840} INFO - DAG(s) 'example_bash_decorator' retrieved from /home/airflow/.local/lib/python3.12/site-packages/airflow/example_dags/example_bash_decorator.py
[2024-05-06T20:03:17.360+0000] {logging_mixin.py:188} INFO - [2024-05-06T20:03:17.360+0000] {dag.py:3096} INFO - Sync 1 DAGs
[2024-05-06T20:03:17.365+0000] {logging_mixin.py:188} INFO - [2024-05-06T20:03:17.365+0000] {dag.py:3954} INFO - Setting next_dagrun for example_bash_decorator to None, run_after=None
[2024-05-06T20:03:17.372+0000] {processor.py:183} INFO - Processing /home/airflow/.local/lib/python3.12/site-packages/airflow/example_dags/example_bash_decorator.py took 0.033 seconds
[2024-05-06T20:03:48.143+0000] {processor.py:161} INFO - Started process (PID=4786) to work on /home/airflow/.local/lib/python3.12/site-packages/airflow/example_dags/example_bash_decorator.py
[2024-05-06T20:03:48.144+0000] {processor.py:830} INFO - Processing file /home/airflow/.local/lib/python3.12/site-packages/airflow/example_dags/example_bash_decorator.py for tasks to queue
[2024-05-06T20:03:48.145+0000] {logging_mixin.py:188} INFO - [2024-05-06T20:03:48.145+0000] {dagbag.py:540} INFO - Filling up the DagBag from /home/airflow/.local/lib/python3.12/site-packages/airflow/example_dags/example_bash_decorator.py
[2024-05-06T20:03:48.152+0000] {processor.py:840} INFO - DAG(s) 'example_bash_decorator' retrieved from /home/airflow/.local/lib/python3.12/site-packages/airflow/example_dags/example_bash_decorator.py
[2024-05-06T20:03:48.165+0000] {logging_mixin.py:188} INFO - [2024-05-06T20:03:48.165+0000] {dag.py:3096} INFO - Sync 1 DAGs
[2024-05-06T20:03:48.172+0000] {logging_mixin.py:188} INFO - [2024-05-06T20:03:48.172+0000] {dag.py:3954} INFO - Setting next_dagrun for example_bash_decorator to None, run_after=None
[2024-05-06T20:03:48.182+0000] {processor.py:183} INFO - Processing /home/airflow/.local/lib/python3.12/site-packages/airflow/example_dags/example_bash_decorator.py took 0.042 seconds
[2024-05-06T20:04:18.213+0000] {processor.py:161} INFO - Started process (PID=4844) to work on /home/airflow/.local/lib/python3.12/site-packages/airflow/example_dags/example_bash_decorator.py
[2024-05-06T20:04:18.214+0000] {processor.py:830} INFO - Processing file /home/airflow/.local/lib/python3.12/site-packages/airflow/example_dags/example_bash_decorator.py for tasks to queue
[2024-05-06T20:04:18.215+0000] {logging_mixin.py:188} INFO - [2024-05-06T20:04:18.215+0000] {dagbag.py:540} INFO - Filling up the DagBag from /home/airflow/.local/lib/python3.12/site-packages/airflow/example_dags/example_bash_decorator.py
[2024-05-06T20:04:18.222+0000] {processor.py:840} INFO - DAG(s) 'example_bash_decorator' retrieved from /home/airflow/.local/lib/python3.12/site-packages/airflow/example_dags/example_bash_decorator.py
[2024-05-06T20:04:18.234+0000] {logging_mixin.py:188} INFO - [2024-05-06T20:04:18.234+0000] {dag.py:3096} INFO - Sync 1 DAGs
[2024-05-06T20:04:18.241+0000] {logging_mixin.py:188} INFO - [2024-05-06T20:04:18.241+0000] {dag.py:3954} INFO - Setting next_dagrun for example_bash_decorator to None, run_after=None
[2024-05-06T20:04:18.250+0000] {processor.py:183} INFO - Processing /home/airflow/.local/lib/python3.12/site-packages/airflow/example_dags/example_bash_decorator.py took 0.039 seconds
[2024-05-06T20:04:48.418+0000] {processor.py:161} INFO - Started process (PID=4903) to work on /home/airflow/.local/lib/python3.12/site-packages/airflow/example_dags/example_bash_decorator.py
[2024-05-06T20:04:48.419+0000] {processor.py:830} INFO - Processing file /home/airflow/.local/lib/python3.12/site-packages/airflow/example_dags/example_bash_decorator.py for tasks to queue
[2024-05-06T20:04:48.420+0000] {logging_mixin.py:188} INFO - [2024-05-06T20:04:48.420+0000] {dagbag.py:540} INFO - Filling up the DagBag from /home/airflow/.local/lib/python3.12/site-packages/airflow/example_dags/example_bash_decorator.py
[2024-05-06T20:04:48.427+0000] {processor.py:840} INFO - DAG(s) 'example_bash_decorator' retrieved from /home/airflow/.local/lib/python3.12/site-packages/airflow/example_dags/example_bash_decorator.py
[2024-05-06T20:04:48.439+0000] {logging_mixin.py:188} INFO - [2024-05-06T20:04:48.439+0000] {dag.py:3096} INFO - Sync 1 DAGs
[2024-05-06T20:04:48.445+0000] {logging_mixin.py:188} INFO - [2024-05-06T20:04:48.445+0000] {dag.py:3954} INFO - Setting next_dagrun for example_bash_decorator to None, run_after=None
[2024-05-06T20:04:48.453+0000] {processor.py:183} INFO - Processing /home/airflow/.local/lib/python3.12/site-packages/airflow/example_dags/example_bash_decorator.py took 0.038 seconds
[2024-05-06T20:05:19.489+0000] {processor.py:161} INFO - Started process (PID=4962) to work on /home/airflow/.local/lib/python3.12/site-packages/airflow/example_dags/example_bash_decorator.py
[2024-05-06T20:05:19.490+0000] {processor.py:830} INFO - Processing file /home/airflow/.local/lib/python3.12/site-packages/airflow/example_dags/example_bash_decorator.py for tasks to queue
[2024-05-06T20:05:19.491+0000] {logging_mixin.py:188} INFO - [2024-05-06T20:05:19.491+0000] {dagbag.py:540} INFO - Filling up the DagBag from /home/airflow/.local/lib/python3.12/site-packages/airflow/example_dags/example_bash_decorator.py
[2024-05-06T20:05:19.497+0000] {processor.py:840} INFO - DAG(s) 'example_bash_decorator' retrieved from /home/airflow/.local/lib/python3.12/site-packages/airflow/example_dags/example_bash_decorator.py
[2024-05-06T20:05:19.508+0000] {logging_mixin.py:188} INFO - [2024-05-06T20:05:19.508+0000] {dag.py:3096} INFO - Sync 1 DAGs
[2024-05-06T20:05:19.514+0000] {logging_mixin.py:188} INFO - [2024-05-06T20:05:19.514+0000] {dag.py:3954} INFO - Setting next_dagrun for example_bash_decorator to None, run_after=None
[2024-05-06T20:05:19.521+0000] {processor.py:183} INFO - Processing /home/airflow/.local/lib/python3.12/site-packages/airflow/example_dags/example_bash_decorator.py took 0.035 seconds
[2024-05-06T20:05:50.068+0000] {processor.py:161} INFO - Started process (PID=5021) to work on /home/airflow/.local/lib/python3.12/site-packages/airflow/example_dags/example_bash_decorator.py
[2024-05-06T20:05:50.069+0000] {processor.py:830} INFO - Processing file /home/airflow/.local/lib/python3.12/site-packages/airflow/example_dags/example_bash_decorator.py for tasks to queue
[2024-05-06T20:05:50.070+0000] {logging_mixin.py:188} INFO - [2024-05-06T20:05:50.070+0000] {dagbag.py:540} INFO - Filling up the DagBag from /home/airflow/.local/lib/python3.12/site-packages/airflow/example_dags/example_bash_decorator.py
[2024-05-06T20:05:50.077+0000] {processor.py:840} INFO - DAG(s) 'example_bash_decorator' retrieved from /home/airflow/.local/lib/python3.12/site-packages/airflow/example_dags/example_bash_decorator.py
[2024-05-06T20:05:50.094+0000] {logging_mixin.py:188} INFO - [2024-05-06T20:05:50.094+0000] {dag.py:3096} INFO - Sync 1 DAGs
[2024-05-06T20:05:50.102+0000] {logging_mixin.py:188} INFO - [2024-05-06T20:05:50.102+0000] {dag.py:3954} INFO - Setting next_dagrun for example_bash_decorator to None, run_after=None
[2024-05-06T20:05:50.113+0000] {processor.py:183} INFO - Processing /home/airflow/.local/lib/python3.12/site-packages/airflow/example_dags/example_bash_decorator.py took 0.048 seconds
[2024-05-06T20:06:20.836+0000] {processor.py:161} INFO - Started process (PID=5080) to work on /home/airflow/.local/lib/python3.12/site-packages/airflow/example_dags/example_bash_decorator.py
[2024-05-06T20:06:20.836+0000] {processor.py:830} INFO - Processing file /home/airflow/.local/lib/python3.12/site-packages/airflow/example_dags/example_bash_decorator.py for tasks to queue
[2024-05-06T20:06:20.838+0000] {logging_mixin.py:188} INFO - [2024-05-06T20:06:20.837+0000] {dagbag.py:540} INFO - Filling up the DagBag from /home/airflow/.local/lib/python3.12/site-packages/airflow/example_dags/example_bash_decorator.py
[2024-05-06T20:06:20.845+0000] {processor.py:840} INFO - DAG(s) 'example_bash_decorator' retrieved from /home/airflow/.local/lib/python3.12/site-packages/airflow/example_dags/example_bash_decorator.py
[2024-05-06T20:06:20.857+0000] {logging_mixin.py:188} INFO - [2024-05-06T20:06:20.856+0000] {dag.py:3096} INFO - Sync 1 DAGs
[2024-05-06T20:06:20.863+0000] {logging_mixin.py:188} INFO - [2024-05-06T20:06:20.862+0000] {dag.py:3954} INFO - Setting next_dagrun for example_bash_decorator to None, run_after=None
[2024-05-06T20:06:20.871+0000] {processor.py:183} INFO - Processing /home/airflow/.local/lib/python3.12/site-packages/airflow/example_dags/example_bash_decorator.py took 0.038 seconds
[2024-05-06T20:06:51.446+0000] {processor.py:161} INFO - Started process (PID=5139) to work on /home/airflow/.local/lib/python3.12/site-packages/airflow/example_dags/example_bash_decorator.py
[2024-05-06T20:06:51.447+0000] {processor.py:830} INFO - Processing file /home/airflow/.local/lib/python3.12/site-packages/airflow/example_dags/example_bash_decorator.py for tasks to queue
[2024-05-06T20:06:51.448+0000] {logging_mixin.py:188} INFO - [2024-05-06T20:06:51.448+0000] {dagbag.py:540} INFO - Filling up the DagBag from /home/airflow/.local/lib/python3.12/site-packages/airflow/example_dags/example_bash_decorator.py
[2024-05-06T20:06:51.454+0000] {processor.py:840} INFO - DAG(s) 'example_bash_decorator' retrieved from /home/airflow/.local/lib/python3.12/site-packages/airflow/example_dags/example_bash_decorator.py
[2024-05-06T20:06:51.464+0000] {logging_mixin.py:188} INFO - [2024-05-06T20:06:51.464+0000] {dag.py:3096} INFO - Sync 1 DAGs
[2024-05-06T20:06:51.469+0000] {logging_mixin.py:188} INFO - [2024-05-06T20:06:51.469+0000] {dag.py:3954} INFO - Setting next_dagrun for example_bash_decorator to None, run_after=None
[2024-05-06T20:06:51.477+0000] {processor.py:183} INFO - Processing /home/airflow/.local/lib/python3.12/site-packages/airflow/example_dags/example_bash_decorator.py took 0.034 seconds
[2024-05-06T20:07:22.102+0000] {processor.py:161} INFO - Started process (PID=5197) to work on /home/airflow/.local/lib/python3.12/site-packages/airflow/example_dags/example_bash_decorator.py
[2024-05-06T20:07:22.103+0000] {processor.py:830} INFO - Processing file /home/airflow/.local/lib/python3.12/site-packages/airflow/example_dags/example_bash_decorator.py for tasks to queue
[2024-05-06T20:07:22.104+0000] {logging_mixin.py:188} INFO - [2024-05-06T20:07:22.104+0000] {dagbag.py:540} INFO - Filling up the DagBag from /home/airflow/.local/lib/python3.12/site-packages/airflow/example_dags/example_bash_decorator.py
[2024-05-06T20:07:22.112+0000] {processor.py:840} INFO - DAG(s) 'example_bash_decorator' retrieved from /home/airflow/.local/lib/python3.12/site-packages/airflow/example_dags/example_bash_decorator.py
[2024-05-06T20:07:22.125+0000] {logging_mixin.py:188} INFO - [2024-05-06T20:07:22.125+0000] {dag.py:3096} INFO - Sync 1 DAGs
[2024-05-06T20:07:22.132+0000] {logging_mixin.py:188} INFO - [2024-05-06T20:07:22.131+0000] {dag.py:3954} INFO - Setting next_dagrun for example_bash_decorator to None, run_after=None
[2024-05-06T20:07:22.142+0000] {processor.py:183} INFO - Processing /home/airflow/.local/lib/python3.12/site-packages/airflow/example_dags/example_bash_decorator.py took 0.043 seconds
[2024-05-06T20:07:53.140+0000] {processor.py:161} INFO - Started process (PID=5256) to work on /home/airflow/.local/lib/python3.12/site-packages/airflow/example_dags/example_bash_decorator.py
[2024-05-06T20:07:53.141+0000] {processor.py:830} INFO - Processing file /home/airflow/.local/lib/python3.12/site-packages/airflow/example_dags/example_bash_decorator.py for tasks to queue
[2024-05-06T20:07:53.142+0000] {logging_mixin.py:188} INFO - [2024-05-06T20:07:53.142+0000] {dagbag.py:540} INFO - Filling up the DagBag from /home/airflow/.local/lib/python3.12/site-packages/airflow/example_dags/example_bash_decorator.py
[2024-05-06T20:07:53.151+0000] {processor.py:840} INFO - DAG(s) 'example_bash_decorator' retrieved from /home/airflow/.local/lib/python3.12/site-packages/airflow/example_dags/example_bash_decorator.py
[2024-05-06T20:07:53.175+0000] {logging_mixin.py:188} INFO - [2024-05-06T20:07:53.175+0000] {dag.py:3096} INFO - Sync 1 DAGs
[2024-05-06T20:07:53.186+0000] {logging_mixin.py:188} INFO - [2024-05-06T20:07:53.186+0000] {dag.py:3954} INFO - Setting next_dagrun for example_bash_decorator to None, run_after=None
[2024-05-06T20:07:53.198+0000] {processor.py:183} INFO - Processing /home/airflow/.local/lib/python3.12/site-packages/airflow/example_dags/example_bash_decorator.py took 0.062 seconds
[2024-05-06T20:08:23.369+0000] {processor.py:161} INFO - Started process (PID=5314) to work on /home/airflow/.local/lib/python3.12/site-packages/airflow/example_dags/example_bash_decorator.py
[2024-05-06T20:08:23.370+0000] {processor.py:830} INFO - Processing file /home/airflow/.local/lib/python3.12/site-packages/airflow/example_dags/example_bash_decorator.py for tasks to queue
[2024-05-06T20:08:23.371+0000] {logging_mixin.py:188} INFO - [2024-05-06T20:08:23.371+0000] {dagbag.py:540} INFO - Filling up the DagBag from /home/airflow/.local/lib/python3.12/site-packages/airflow/example_dags/example_bash_decorator.py
[2024-05-06T20:08:23.377+0000] {processor.py:840} INFO - DAG(s) 'example_bash_decorator' retrieved from /home/airflow/.local/lib/python3.12/site-packages/airflow/example_dags/example_bash_decorator.py
[2024-05-06T20:08:23.391+0000] {logging_mixin.py:188} INFO - [2024-05-06T20:08:23.391+0000] {dag.py:3096} INFO - Sync 1 DAGs
[2024-05-06T20:08:23.399+0000] {logging_mixin.py:188} INFO - [2024-05-06T20:08:23.399+0000] {dag.py:3954} INFO - Setting next_dagrun for example_bash_decorator to None, run_after=None
[2024-05-06T20:08:23.409+0000] {processor.py:183} INFO - Processing /home/airflow/.local/lib/python3.12/site-packages/airflow/example_dags/example_bash_decorator.py took 0.043 seconds
[2024-05-06T20:08:53.423+0000] {processor.py:161} INFO - Started process (PID=5372) to work on /home/airflow/.local/lib/python3.12/site-packages/airflow/example_dags/example_bash_decorator.py
[2024-05-06T20:08:53.424+0000] {processor.py:830} INFO - Processing file /home/airflow/.local/lib/python3.12/site-packages/airflow/example_dags/example_bash_decorator.py for tasks to queue
[2024-05-06T20:08:53.425+0000] {logging_mixin.py:188} INFO - [2024-05-06T20:08:53.425+0000] {dagbag.py:540} INFO - Filling up the DagBag from /home/airflow/.local/lib/python3.12/site-packages/airflow/example_dags/example_bash_decorator.py
[2024-05-06T20:08:53.431+0000] {processor.py:840} INFO - DAG(s) 'example_bash_decorator' retrieved from /home/airflow/.local/lib/python3.12/site-packages/airflow/example_dags/example_bash_decorator.py
[2024-05-06T20:08:53.441+0000] {logging_mixin.py:188} INFO - [2024-05-06T20:08:53.441+0000] {dag.py:3096} INFO - Sync 1 DAGs
[2024-05-06T20:08:53.447+0000] {logging_mixin.py:188} INFO - [2024-05-06T20:08:53.447+0000] {dag.py:3954} INFO - Setting next_dagrun for example_bash_decorator to None, run_after=None
[2024-05-06T20:08:53.454+0000] {processor.py:183} INFO - Processing /home/airflow/.local/lib/python3.12/site-packages/airflow/example_dags/example_bash_decorator.py took 0.033 seconds
[2024-05-06T20:09:24.193+0000] {processor.py:161} INFO - Started process (PID=5431) to work on /home/airflow/.local/lib/python3.12/site-packages/airflow/example_dags/example_bash_decorator.py
[2024-05-06T20:09:24.193+0000] {processor.py:830} INFO - Processing file /home/airflow/.local/lib/python3.12/site-packages/airflow/example_dags/example_bash_decorator.py for tasks to queue
[2024-05-06T20:09:24.194+0000] {logging_mixin.py:188} INFO - [2024-05-06T20:09:24.194+0000] {dagbag.py:540} INFO - Filling up the DagBag from /home/airflow/.local/lib/python3.12/site-packages/airflow/example_dags/example_bash_decorator.py
[2024-05-06T20:09:24.201+0000] {processor.py:840} INFO - DAG(s) 'example_bash_decorator' retrieved from /home/airflow/.local/lib/python3.12/site-packages/airflow/example_dags/example_bash_decorator.py
[2024-05-06T20:09:24.212+0000] {logging_mixin.py:188} INFO - [2024-05-06T20:09:24.212+0000] {dag.py:3096} INFO - Sync 1 DAGs
[2024-05-06T20:09:24.218+0000] {logging_mixin.py:188} INFO - [2024-05-06T20:09:24.218+0000] {dag.py:3954} INFO - Setting next_dagrun for example_bash_decorator to None, run_after=None
[2024-05-06T20:09:24.225+0000] {processor.py:183} INFO - Processing /home/airflow/.local/lib/python3.12/site-packages/airflow/example_dags/example_bash_decorator.py took 0.035 seconds
[2024-05-06T20:09:55.413+0000] {processor.py:161} INFO - Started process (PID=5490) to work on /home/airflow/.local/lib/python3.12/site-packages/airflow/example_dags/example_bash_decorator.py
[2024-05-06T20:09:55.413+0000] {processor.py:830} INFO - Processing file /home/airflow/.local/lib/python3.12/site-packages/airflow/example_dags/example_bash_decorator.py for tasks to queue
[2024-05-06T20:09:55.414+0000] {logging_mixin.py:188} INFO - [2024-05-06T20:09:55.414+0000] {dagbag.py:540} INFO - Filling up the DagBag from /home/airflow/.local/lib/python3.12/site-packages/airflow/example_dags/example_bash_decorator.py
[2024-05-06T20:09:55.422+0000] {processor.py:840} INFO - DAG(s) 'example_bash_decorator' retrieved from /home/airflow/.local/lib/python3.12/site-packages/airflow/example_dags/example_bash_decorator.py
[2024-05-06T20:09:55.435+0000] {logging_mixin.py:188} INFO - [2024-05-06T20:09:55.434+0000] {dag.py:3096} INFO - Sync 1 DAGs
[2024-05-06T20:09:55.442+0000] {logging_mixin.py:188} INFO - [2024-05-06T20:09:55.442+0000] {dag.py:3954} INFO - Setting next_dagrun for example_bash_decorator to None, run_after=None
[2024-05-06T20:09:55.451+0000] {processor.py:183} INFO - Processing /home/airflow/.local/lib/python3.12/site-packages/airflow/example_dags/example_bash_decorator.py took 0.041 seconds
[2024-05-06T20:10:25.526+0000] {processor.py:161} INFO - Started process (PID=5549) to work on /home/airflow/.local/lib/python3.12/site-packages/airflow/example_dags/example_bash_decorator.py
[2024-05-06T20:10:25.527+0000] {processor.py:830} INFO - Processing file /home/airflow/.local/lib/python3.12/site-packages/airflow/example_dags/example_bash_decorator.py for tasks to queue
[2024-05-06T20:10:25.528+0000] {logging_mixin.py:188} INFO - [2024-05-06T20:10:25.528+0000] {dagbag.py:540} INFO - Filling up the DagBag from /home/airflow/.local/lib/python3.12/site-packages/airflow/example_dags/example_bash_decorator.py
[2024-05-06T20:10:25.534+0000] {processor.py:840} INFO - DAG(s) 'example_bash_decorator' retrieved from /home/airflow/.local/lib/python3.12/site-packages/airflow/example_dags/example_bash_decorator.py
[2024-05-06T20:10:25.546+0000] {logging_mixin.py:188} INFO - [2024-05-06T20:10:25.545+0000] {dag.py:3096} INFO - Sync 1 DAGs
[2024-05-06T20:10:25.552+0000] {logging_mixin.py:188} INFO - [2024-05-06T20:10:25.552+0000] {dag.py:3954} INFO - Setting next_dagrun for example_bash_decorator to None, run_after=None
[2024-05-06T20:10:25.561+0000] {processor.py:183} INFO - Processing /home/airflow/.local/lib/python3.12/site-packages/airflow/example_dags/example_bash_decorator.py took 0.038 seconds
[2024-05-06T20:10:55.707+0000] {processor.py:161} INFO - Started process (PID=5608) to work on /home/airflow/.local/lib/python3.12/site-packages/airflow/example_dags/example_bash_decorator.py
[2024-05-06T20:10:55.707+0000] {processor.py:830} INFO - Processing file /home/airflow/.local/lib/python3.12/site-packages/airflow/example_dags/example_bash_decorator.py for tasks to queue
[2024-05-06T20:10:55.708+0000] {logging_mixin.py:188} INFO - [2024-05-06T20:10:55.708+0000] {dagbag.py:540} INFO - Filling up the DagBag from /home/airflow/.local/lib/python3.12/site-packages/airflow/example_dags/example_bash_decorator.py
[2024-05-06T20:10:55.715+0000] {processor.py:840} INFO - DAG(s) 'example_bash_decorator' retrieved from /home/airflow/.local/lib/python3.12/site-packages/airflow/example_dags/example_bash_decorator.py
[2024-05-06T20:10:55.725+0000] {logging_mixin.py:188} INFO - [2024-05-06T20:10:55.725+0000] {dag.py:3096} INFO - Sync 1 DAGs
[2024-05-06T20:10:55.731+0000] {logging_mixin.py:188} INFO - [2024-05-06T20:10:55.731+0000] {dag.py:3954} INFO - Setting next_dagrun for example_bash_decorator to None, run_after=None
[2024-05-06T20:10:55.738+0000] {processor.py:183} INFO - Processing /home/airflow/.local/lib/python3.12/site-packages/airflow/example_dags/example_bash_decorator.py took 0.034 seconds
