[2024-05-06T20:01:46.202+0000] {processor.py:161} INFO - Started process (PID=4578) to work on /home/airflow/.local/lib/python3.12/site-packages/airflow/example_dags/example_nested_branch_dag.py
[2024-05-06T20:01:46.202+0000] {processor.py:830} INFO - Processing file /home/airflow/.local/lib/python3.12/site-packages/airflow/example_dags/example_nested_branch_dag.py for tasks to queue
[2024-05-06T20:01:46.203+0000] {logging_mixin.py:188} INFO - [2024-05-06T20:01:46.203+0000] {dagbag.py:540} INFO - Filling up the DagBag from /home/airflow/.local/lib/python3.12/site-packages/airflow/example_dags/example_nested_branch_dag.py
[2024-05-06T20:01:46.209+0000] {processor.py:840} INFO - DAG(s) 'example_nested_branch_dag' retrieved from /home/airflow/.local/lib/python3.12/site-packages/airflow/example_dags/example_nested_branch_dag.py
[2024-05-06T20:01:46.222+0000] {logging_mixin.py:188} INFO - [2024-05-06T20:01:46.222+0000] {dag.py:3096} INFO - Sync 1 DAGs
[2024-05-06T20:01:46.233+0000] {logging_mixin.py:188} INFO - [2024-05-06T20:01:46.233+0000] {dag.py:3954} INFO - Setting next_dagrun for example_nested_branch_dag to 2024-05-05 00:00:00+00:00, run_after=2024-05-06 00:00:00+00:00
[2024-05-06T20:01:46.242+0000] {processor.py:183} INFO - Processing /home/airflow/.local/lib/python3.12/site-packages/airflow/example_dags/example_nested_branch_dag.py took 0.044 seconds
[2024-05-06T20:02:17.189+0000] {processor.py:161} INFO - Started process (PID=4636) to work on /home/airflow/.local/lib/python3.12/site-packages/airflow/example_dags/example_nested_branch_dag.py
[2024-05-06T20:02:17.190+0000] {processor.py:830} INFO - Processing file /home/airflow/.local/lib/python3.12/site-packages/airflow/example_dags/example_nested_branch_dag.py for tasks to queue
[2024-05-06T20:02:17.191+0000] {logging_mixin.py:188} INFO - [2024-05-06T20:02:17.191+0000] {dagbag.py:540} INFO - Filling up the DagBag from /home/airflow/.local/lib/python3.12/site-packages/airflow/example_dags/example_nested_branch_dag.py
[2024-05-06T20:02:17.196+0000] {processor.py:840} INFO - DAG(s) 'example_nested_branch_dag' retrieved from /home/airflow/.local/lib/python3.12/site-packages/airflow/example_dags/example_nested_branch_dag.py
[2024-05-06T20:02:17.207+0000] {logging_mixin.py:188} INFO - [2024-05-06T20:02:17.207+0000] {dag.py:3096} INFO - Sync 1 DAGs
[2024-05-06T20:02:17.218+0000] {logging_mixin.py:188} INFO - [2024-05-06T20:02:17.218+0000] {dag.py:3954} INFO - Setting next_dagrun for example_nested_branch_dag to 2024-05-05 00:00:00+00:00, run_after=2024-05-06 00:00:00+00:00
[2024-05-06T20:02:17.228+0000] {processor.py:183} INFO - Processing /home/airflow/.local/lib/python3.12/site-packages/airflow/example_dags/example_nested_branch_dag.py took 0.043 seconds
[2024-05-06T20:02:48.121+0000] {processor.py:161} INFO - Started process (PID=4695) to work on /home/airflow/.local/lib/python3.12/site-packages/airflow/example_dags/example_nested_branch_dag.py
[2024-05-06T20:02:48.122+0000] {processor.py:830} INFO - Processing file /home/airflow/.local/lib/python3.12/site-packages/airflow/example_dags/example_nested_branch_dag.py for tasks to queue
[2024-05-06T20:02:48.123+0000] {logging_mixin.py:188} INFO - [2024-05-06T20:02:48.123+0000] {dagbag.py:540} INFO - Filling up the DagBag from /home/airflow/.local/lib/python3.12/site-packages/airflow/example_dags/example_nested_branch_dag.py
[2024-05-06T20:02:48.128+0000] {processor.py:840} INFO - DAG(s) 'example_nested_branch_dag' retrieved from /home/airflow/.local/lib/python3.12/site-packages/airflow/example_dags/example_nested_branch_dag.py
[2024-05-06T20:02:48.162+0000] {logging_mixin.py:188} INFO - [2024-05-06T20:02:48.161+0000] {dag.py:3096} INFO - Sync 1 DAGs
[2024-05-06T20:02:48.182+0000] {logging_mixin.py:188} INFO - [2024-05-06T20:02:48.182+0000] {dag.py:3954} INFO - Setting next_dagrun for example_nested_branch_dag to 2024-05-05 00:00:00+00:00, run_after=2024-05-06 00:00:00+00:00
[2024-05-06T20:02:48.195+0000] {processor.py:183} INFO - Processing /home/airflow/.local/lib/python3.12/site-packages/airflow/example_dags/example_nested_branch_dag.py took 0.077 seconds
[2024-05-06T20:03:19.055+0000] {processor.py:161} INFO - Started process (PID=4754) to work on /home/airflow/.local/lib/python3.12/site-packages/airflow/example_dags/example_nested_branch_dag.py
[2024-05-06T20:03:19.056+0000] {processor.py:830} INFO - Processing file /home/airflow/.local/lib/python3.12/site-packages/airflow/example_dags/example_nested_branch_dag.py for tasks to queue
[2024-05-06T20:03:19.057+0000] {logging_mixin.py:188} INFO - [2024-05-06T20:03:19.057+0000] {dagbag.py:540} INFO - Filling up the DagBag from /home/airflow/.local/lib/python3.12/site-packages/airflow/example_dags/example_nested_branch_dag.py
[2024-05-06T20:03:19.063+0000] {processor.py:840} INFO - DAG(s) 'example_nested_branch_dag' retrieved from /home/airflow/.local/lib/python3.12/site-packages/airflow/example_dags/example_nested_branch_dag.py
[2024-05-06T20:03:19.077+0000] {logging_mixin.py:188} INFO - [2024-05-06T20:03:19.076+0000] {dag.py:3096} INFO - Sync 1 DAGs
[2024-05-06T20:03:19.087+0000] {logging_mixin.py:188} INFO - [2024-05-06T20:03:19.087+0000] {dag.py:3954} INFO - Setting next_dagrun for example_nested_branch_dag to 2024-05-05 00:00:00+00:00, run_after=2024-05-06 00:00:00+00:00
[2024-05-06T20:03:19.096+0000] {processor.py:183} INFO - Processing /home/airflow/.local/lib/python3.12/site-packages/airflow/example_dags/example_nested_branch_dag.py took 0.044 seconds
[2024-05-06T20:03:49.861+0000] {processor.py:161} INFO - Started process (PID=4812) to work on /home/airflow/.local/lib/python3.12/site-packages/airflow/example_dags/example_nested_branch_dag.py
[2024-05-06T20:03:49.862+0000] {processor.py:830} INFO - Processing file /home/airflow/.local/lib/python3.12/site-packages/airflow/example_dags/example_nested_branch_dag.py for tasks to queue
[2024-05-06T20:03:49.863+0000] {logging_mixin.py:188} INFO - [2024-05-06T20:03:49.863+0000] {dagbag.py:540} INFO - Filling up the DagBag from /home/airflow/.local/lib/python3.12/site-packages/airflow/example_dags/example_nested_branch_dag.py
[2024-05-06T20:03:49.868+0000] {processor.py:840} INFO - DAG(s) 'example_nested_branch_dag' retrieved from /home/airflow/.local/lib/python3.12/site-packages/airflow/example_dags/example_nested_branch_dag.py
[2024-05-06T20:03:49.879+0000] {logging_mixin.py:188} INFO - [2024-05-06T20:03:49.879+0000] {dag.py:3096} INFO - Sync 1 DAGs
[2024-05-06T20:03:49.891+0000] {logging_mixin.py:188} INFO - [2024-05-06T20:03:49.891+0000] {dag.py:3954} INFO - Setting next_dagrun for example_nested_branch_dag to 2024-05-05 00:00:00+00:00, run_after=2024-05-06 00:00:00+00:00
[2024-05-06T20:03:49.901+0000] {processor.py:183} INFO - Processing /home/airflow/.local/lib/python3.12/site-packages/airflow/example_dags/example_nested_branch_dag.py took 0.044 seconds
[2024-05-06T20:04:20.011+0000] {processor.py:161} INFO - Started process (PID=4870) to work on /home/airflow/.local/lib/python3.12/site-packages/airflow/example_dags/example_nested_branch_dag.py
[2024-05-06T20:04:20.011+0000] {processor.py:830} INFO - Processing file /home/airflow/.local/lib/python3.12/site-packages/airflow/example_dags/example_nested_branch_dag.py for tasks to queue
[2024-05-06T20:04:20.012+0000] {logging_mixin.py:188} INFO - [2024-05-06T20:04:20.012+0000] {dagbag.py:540} INFO - Filling up the DagBag from /home/airflow/.local/lib/python3.12/site-packages/airflow/example_dags/example_nested_branch_dag.py
[2024-05-06T20:04:20.017+0000] {processor.py:840} INFO - DAG(s) 'example_nested_branch_dag' retrieved from /home/airflow/.local/lib/python3.12/site-packages/airflow/example_dags/example_nested_branch_dag.py
[2024-05-06T20:04:20.028+0000] {logging_mixin.py:188} INFO - [2024-05-06T20:04:20.028+0000] {dag.py:3096} INFO - Sync 1 DAGs
[2024-05-06T20:04:20.038+0000] {logging_mixin.py:188} INFO - [2024-05-06T20:04:20.038+0000] {dag.py:3954} INFO - Setting next_dagrun for example_nested_branch_dag to 2024-05-05 00:00:00+00:00, run_after=2024-05-06 00:00:00+00:00
[2024-05-06T20:04:20.047+0000] {processor.py:183} INFO - Processing /home/airflow/.local/lib/python3.12/site-packages/airflow/example_dags/example_nested_branch_dag.py took 0.039 seconds
[2024-05-06T20:04:50.144+0000] {processor.py:161} INFO - Started process (PID=4929) to work on /home/airflow/.local/lib/python3.12/site-packages/airflow/example_dags/example_nested_branch_dag.py
[2024-05-06T20:04:50.145+0000] {processor.py:830} INFO - Processing file /home/airflow/.local/lib/python3.12/site-packages/airflow/example_dags/example_nested_branch_dag.py for tasks to queue
[2024-05-06T20:04:50.146+0000] {logging_mixin.py:188} INFO - [2024-05-06T20:04:50.146+0000] {dagbag.py:540} INFO - Filling up the DagBag from /home/airflow/.local/lib/python3.12/site-packages/airflow/example_dags/example_nested_branch_dag.py
[2024-05-06T20:04:50.151+0000] {processor.py:840} INFO - DAG(s) 'example_nested_branch_dag' retrieved from /home/airflow/.local/lib/python3.12/site-packages/airflow/example_dags/example_nested_branch_dag.py
[2024-05-06T20:04:50.161+0000] {logging_mixin.py:188} INFO - [2024-05-06T20:04:50.161+0000] {dag.py:3096} INFO - Sync 1 DAGs
[2024-05-06T20:04:50.171+0000] {logging_mixin.py:188} INFO - [2024-05-06T20:04:50.171+0000] {dag.py:3954} INFO - Setting next_dagrun for example_nested_branch_dag to 2024-05-05 00:00:00+00:00, run_after=2024-05-06 00:00:00+00:00
[2024-05-06T20:04:50.179+0000] {processor.py:183} INFO - Processing /home/airflow/.local/lib/python3.12/site-packages/airflow/example_dags/example_nested_branch_dag.py took 0.038 seconds
[2024-05-06T20:05:21.136+0000] {processor.py:161} INFO - Started process (PID=4988) to work on /home/airflow/.local/lib/python3.12/site-packages/airflow/example_dags/example_nested_branch_dag.py
[2024-05-06T20:05:21.137+0000] {processor.py:830} INFO - Processing file /home/airflow/.local/lib/python3.12/site-packages/airflow/example_dags/example_nested_branch_dag.py for tasks to queue
[2024-05-06T20:05:21.138+0000] {logging_mixin.py:188} INFO - [2024-05-06T20:05:21.138+0000] {dagbag.py:540} INFO - Filling up the DagBag from /home/airflow/.local/lib/python3.12/site-packages/airflow/example_dags/example_nested_branch_dag.py
[2024-05-06T20:05:21.143+0000] {processor.py:840} INFO - DAG(s) 'example_nested_branch_dag' retrieved from /home/airflow/.local/lib/python3.12/site-packages/airflow/example_dags/example_nested_branch_dag.py
[2024-05-06T20:05:21.153+0000] {logging_mixin.py:188} INFO - [2024-05-06T20:05:21.153+0000] {dag.py:3096} INFO - Sync 1 DAGs
[2024-05-06T20:05:21.163+0000] {logging_mixin.py:188} INFO - [2024-05-06T20:05:21.163+0000] {dag.py:3954} INFO - Setting next_dagrun for example_nested_branch_dag to 2024-05-05 00:00:00+00:00, run_after=2024-05-06 00:00:00+00:00
[2024-05-06T20:05:21.172+0000] {processor.py:183} INFO - Processing /home/airflow/.local/lib/python3.12/site-packages/airflow/example_dags/example_nested_branch_dag.py took 0.038 seconds
[2024-05-06T20:05:51.758+0000] {processor.py:161} INFO - Started process (PID=5047) to work on /home/airflow/.local/lib/python3.12/site-packages/airflow/example_dags/example_nested_branch_dag.py
[2024-05-06T20:05:51.758+0000] {processor.py:830} INFO - Processing file /home/airflow/.local/lib/python3.12/site-packages/airflow/example_dags/example_nested_branch_dag.py for tasks to queue
[2024-05-06T20:05:51.759+0000] {logging_mixin.py:188} INFO - [2024-05-06T20:05:51.759+0000] {dagbag.py:540} INFO - Filling up the DagBag from /home/airflow/.local/lib/python3.12/site-packages/airflow/example_dags/example_nested_branch_dag.py
[2024-05-06T20:05:51.764+0000] {processor.py:840} INFO - DAG(s) 'example_nested_branch_dag' retrieved from /home/airflow/.local/lib/python3.12/site-packages/airflow/example_dags/example_nested_branch_dag.py
[2024-05-06T20:05:51.775+0000] {logging_mixin.py:188} INFO - [2024-05-06T20:05:51.775+0000] {dag.py:3096} INFO - Sync 1 DAGs
[2024-05-06T20:05:51.785+0000] {logging_mixin.py:188} INFO - [2024-05-06T20:05:51.785+0000] {dag.py:3954} INFO - Setting next_dagrun for example_nested_branch_dag to 2024-05-05 00:00:00+00:00, run_after=2024-05-06 00:00:00+00:00
[2024-05-06T20:05:51.794+0000] {processor.py:183} INFO - Processing /home/airflow/.local/lib/python3.12/site-packages/airflow/example_dags/example_nested_branch_dag.py took 0.039 seconds
[2024-05-06T20:06:22.506+0000] {processor.py:161} INFO - Started process (PID=5106) to work on /home/airflow/.local/lib/python3.12/site-packages/airflow/example_dags/example_nested_branch_dag.py
[2024-05-06T20:06:22.508+0000] {processor.py:830} INFO - Processing file /home/airflow/.local/lib/python3.12/site-packages/airflow/example_dags/example_nested_branch_dag.py for tasks to queue
[2024-05-06T20:06:22.509+0000] {logging_mixin.py:188} INFO - [2024-05-06T20:06:22.509+0000] {dagbag.py:540} INFO - Filling up the DagBag from /home/airflow/.local/lib/python3.12/site-packages/airflow/example_dags/example_nested_branch_dag.py
[2024-05-06T20:06:22.514+0000] {processor.py:840} INFO - DAG(s) 'example_nested_branch_dag' retrieved from /home/airflow/.local/lib/python3.12/site-packages/airflow/example_dags/example_nested_branch_dag.py
[2024-05-06T20:06:22.524+0000] {logging_mixin.py:188} INFO - [2024-05-06T20:06:22.524+0000] {dag.py:3096} INFO - Sync 1 DAGs
[2024-05-06T20:06:22.537+0000] {logging_mixin.py:188} INFO - [2024-05-06T20:06:22.537+0000] {dag.py:3954} INFO - Setting next_dagrun for example_nested_branch_dag to 2024-05-05 00:00:00+00:00, run_after=2024-05-06 00:00:00+00:00
[2024-05-06T20:06:22.545+0000] {processor.py:183} INFO - Processing /home/airflow/.local/lib/python3.12/site-packages/airflow/example_dags/example_nested_branch_dag.py took 0.042 seconds
[2024-05-06T20:06:53.109+0000] {processor.py:161} INFO - Started process (PID=5165) to work on /home/airflow/.local/lib/python3.12/site-packages/airflow/example_dags/example_nested_branch_dag.py
[2024-05-06T20:06:53.110+0000] {processor.py:830} INFO - Processing file /home/airflow/.local/lib/python3.12/site-packages/airflow/example_dags/example_nested_branch_dag.py for tasks to queue
[2024-05-06T20:06:53.111+0000] {logging_mixin.py:188} INFO - [2024-05-06T20:06:53.110+0000] {dagbag.py:540} INFO - Filling up the DagBag from /home/airflow/.local/lib/python3.12/site-packages/airflow/example_dags/example_nested_branch_dag.py
[2024-05-06T20:06:53.116+0000] {processor.py:840} INFO - DAG(s) 'example_nested_branch_dag' retrieved from /home/airflow/.local/lib/python3.12/site-packages/airflow/example_dags/example_nested_branch_dag.py
[2024-05-06T20:06:53.127+0000] {logging_mixin.py:188} INFO - [2024-05-06T20:06:53.127+0000] {dag.py:3096} INFO - Sync 1 DAGs
[2024-05-06T20:06:53.138+0000] {logging_mixin.py:188} INFO - [2024-05-06T20:06:53.138+0000] {dag.py:3954} INFO - Setting next_dagrun for example_nested_branch_dag to 2024-05-05 00:00:00+00:00, run_after=2024-05-06 00:00:00+00:00
[2024-05-06T20:06:53.148+0000] {processor.py:183} INFO - Processing /home/airflow/.local/lib/python3.12/site-packages/airflow/example_dags/example_nested_branch_dag.py took 0.042 seconds
[2024-05-06T20:07:23.851+0000] {processor.py:161} INFO - Started process (PID=5223) to work on /home/airflow/.local/lib/python3.12/site-packages/airflow/example_dags/example_nested_branch_dag.py
[2024-05-06T20:07:23.852+0000] {processor.py:830} INFO - Processing file /home/airflow/.local/lib/python3.12/site-packages/airflow/example_dags/example_nested_branch_dag.py for tasks to queue
[2024-05-06T20:07:23.853+0000] {logging_mixin.py:188} INFO - [2024-05-06T20:07:23.853+0000] {dagbag.py:540} INFO - Filling up the DagBag from /home/airflow/.local/lib/python3.12/site-packages/airflow/example_dags/example_nested_branch_dag.py
[2024-05-06T20:07:23.859+0000] {processor.py:840} INFO - DAG(s) 'example_nested_branch_dag' retrieved from /home/airflow/.local/lib/python3.12/site-packages/airflow/example_dags/example_nested_branch_dag.py
[2024-05-06T20:07:23.870+0000] {logging_mixin.py:188} INFO - [2024-05-06T20:07:23.870+0000] {dag.py:3096} INFO - Sync 1 DAGs
[2024-05-06T20:07:23.881+0000] {logging_mixin.py:188} INFO - [2024-05-06T20:07:23.881+0000] {dag.py:3954} INFO - Setting next_dagrun for example_nested_branch_dag to 2024-05-05 00:00:00+00:00, run_after=2024-05-06 00:00:00+00:00
[2024-05-06T20:07:23.891+0000] {processor.py:183} INFO - Processing /home/airflow/.local/lib/python3.12/site-packages/airflow/example_dags/example_nested_branch_dag.py took 0.042 seconds
[2024-05-06T20:07:54.951+0000] {processor.py:161} INFO - Started process (PID=5282) to work on /home/airflow/.local/lib/python3.12/site-packages/airflow/example_dags/example_nested_branch_dag.py
[2024-05-06T20:07:54.952+0000] {processor.py:830} INFO - Processing file /home/airflow/.local/lib/python3.12/site-packages/airflow/example_dags/example_nested_branch_dag.py for tasks to queue
[2024-05-06T20:07:54.953+0000] {logging_mixin.py:188} INFO - [2024-05-06T20:07:54.952+0000] {dagbag.py:540} INFO - Filling up the DagBag from /home/airflow/.local/lib/python3.12/site-packages/airflow/example_dags/example_nested_branch_dag.py
[2024-05-06T20:07:54.958+0000] {processor.py:840} INFO - DAG(s) 'example_nested_branch_dag' retrieved from /home/airflow/.local/lib/python3.12/site-packages/airflow/example_dags/example_nested_branch_dag.py
[2024-05-06T20:07:54.971+0000] {logging_mixin.py:188} INFO - [2024-05-06T20:07:54.971+0000] {dag.py:3096} INFO - Sync 1 DAGs
[2024-05-06T20:07:54.987+0000] {logging_mixin.py:188} INFO - [2024-05-06T20:07:54.987+0000] {dag.py:3954} INFO - Setting next_dagrun for example_nested_branch_dag to 2024-05-05 00:00:00+00:00, run_after=2024-05-06 00:00:00+00:00
[2024-05-06T20:07:54.997+0000] {processor.py:183} INFO - Processing /home/airflow/.local/lib/python3.12/site-packages/airflow/example_dags/example_nested_branch_dag.py took 0.049 seconds
[2024-05-06T20:08:25.212+0000] {processor.py:161} INFO - Started process (PID=5340) to work on /home/airflow/.local/lib/python3.12/site-packages/airflow/example_dags/example_nested_branch_dag.py
[2024-05-06T20:08:25.212+0000] {processor.py:830} INFO - Processing file /home/airflow/.local/lib/python3.12/site-packages/airflow/example_dags/example_nested_branch_dag.py for tasks to queue
[2024-05-06T20:08:25.213+0000] {logging_mixin.py:188} INFO - [2024-05-06T20:08:25.213+0000] {dagbag.py:540} INFO - Filling up the DagBag from /home/airflow/.local/lib/python3.12/site-packages/airflow/example_dags/example_nested_branch_dag.py
[2024-05-06T20:08:25.218+0000] {processor.py:840} INFO - DAG(s) 'example_nested_branch_dag' retrieved from /home/airflow/.local/lib/python3.12/site-packages/airflow/example_dags/example_nested_branch_dag.py
[2024-05-06T20:08:25.229+0000] {logging_mixin.py:188} INFO - [2024-05-06T20:08:25.229+0000] {dag.py:3096} INFO - Sync 1 DAGs
[2024-05-06T20:08:25.239+0000] {logging_mixin.py:188} INFO - [2024-05-06T20:08:25.239+0000] {dag.py:3954} INFO - Setting next_dagrun for example_nested_branch_dag to 2024-05-05 00:00:00+00:00, run_after=2024-05-06 00:00:00+00:00
[2024-05-06T20:08:25.247+0000] {processor.py:183} INFO - Processing /home/airflow/.local/lib/python3.12/site-packages/airflow/example_dags/example_nested_branch_dag.py took 0.038 seconds
[2024-05-06T20:08:56.216+0000] {processor.py:161} INFO - Started process (PID=5399) to work on /home/airflow/.local/lib/python3.12/site-packages/airflow/example_dags/example_nested_branch_dag.py
[2024-05-06T20:08:56.217+0000] {processor.py:830} INFO - Processing file /home/airflow/.local/lib/python3.12/site-packages/airflow/example_dags/example_nested_branch_dag.py for tasks to queue
[2024-05-06T20:08:56.218+0000] {logging_mixin.py:188} INFO - [2024-05-06T20:08:56.218+0000] {dagbag.py:540} INFO - Filling up the DagBag from /home/airflow/.local/lib/python3.12/site-packages/airflow/example_dags/example_nested_branch_dag.py
[2024-05-06T20:08:56.223+0000] {processor.py:840} INFO - DAG(s) 'example_nested_branch_dag' retrieved from /home/airflow/.local/lib/python3.12/site-packages/airflow/example_dags/example_nested_branch_dag.py
[2024-05-06T20:08:56.233+0000] {logging_mixin.py:188} INFO - [2024-05-06T20:08:56.233+0000] {dag.py:3096} INFO - Sync 1 DAGs
[2024-05-06T20:08:56.243+0000] {logging_mixin.py:188} INFO - [2024-05-06T20:08:56.243+0000] {dag.py:3954} INFO - Setting next_dagrun for example_nested_branch_dag to 2024-05-05 00:00:00+00:00, run_after=2024-05-06 00:00:00+00:00
[2024-05-06T20:08:56.252+0000] {processor.py:183} INFO - Processing /home/airflow/.local/lib/python3.12/site-packages/airflow/example_dags/example_nested_branch_dag.py took 0.038 seconds
[2024-05-06T20:09:27.063+0000] {processor.py:161} INFO - Started process (PID=5458) to work on /home/airflow/.local/lib/python3.12/site-packages/airflow/example_dags/example_nested_branch_dag.py
[2024-05-06T20:09:27.063+0000] {processor.py:830} INFO - Processing file /home/airflow/.local/lib/python3.12/site-packages/airflow/example_dags/example_nested_branch_dag.py for tasks to queue
[2024-05-06T20:09:27.064+0000] {logging_mixin.py:188} INFO - [2024-05-06T20:09:27.064+0000] {dagbag.py:540} INFO - Filling up the DagBag from /home/airflow/.local/lib/python3.12/site-packages/airflow/example_dags/example_nested_branch_dag.py
[2024-05-06T20:09:27.069+0000] {processor.py:840} INFO - DAG(s) 'example_nested_branch_dag' retrieved from /home/airflow/.local/lib/python3.12/site-packages/airflow/example_dags/example_nested_branch_dag.py
[2024-05-06T20:09:27.080+0000] {logging_mixin.py:188} INFO - [2024-05-06T20:09:27.080+0000] {dag.py:3096} INFO - Sync 1 DAGs
[2024-05-06T20:09:27.090+0000] {logging_mixin.py:188} INFO - [2024-05-06T20:09:27.090+0000] {dag.py:3954} INFO - Setting next_dagrun for example_nested_branch_dag to 2024-05-05 00:00:00+00:00, run_after=2024-05-06 00:00:00+00:00
[2024-05-06T20:09:27.098+0000] {processor.py:183} INFO - Processing /home/airflow/.local/lib/python3.12/site-packages/airflow/example_dags/example_nested_branch_dag.py took 0.038 seconds
[2024-05-06T20:09:57.584+0000] {processor.py:161} INFO - Started process (PID=5517) to work on /home/airflow/.local/lib/python3.12/site-packages/airflow/example_dags/example_nested_branch_dag.py
[2024-05-06T20:09:57.585+0000] {processor.py:830} INFO - Processing file /home/airflow/.local/lib/python3.12/site-packages/airflow/example_dags/example_nested_branch_dag.py for tasks to queue
[2024-05-06T20:09:57.586+0000] {logging_mixin.py:188} INFO - [2024-05-06T20:09:57.586+0000] {dagbag.py:540} INFO - Filling up the DagBag from /home/airflow/.local/lib/python3.12/site-packages/airflow/example_dags/example_nested_branch_dag.py
[2024-05-06T20:09:57.591+0000] {processor.py:840} INFO - DAG(s) 'example_nested_branch_dag' retrieved from /home/airflow/.local/lib/python3.12/site-packages/airflow/example_dags/example_nested_branch_dag.py
[2024-05-06T20:09:57.601+0000] {logging_mixin.py:188} INFO - [2024-05-06T20:09:57.601+0000] {dag.py:3096} INFO - Sync 1 DAGs
[2024-05-06T20:09:57.611+0000] {logging_mixin.py:188} INFO - [2024-05-06T20:09:57.611+0000] {dag.py:3954} INFO - Setting next_dagrun for example_nested_branch_dag to 2024-05-05 00:00:00+00:00, run_after=2024-05-06 00:00:00+00:00
[2024-05-06T20:09:57.620+0000] {processor.py:183} INFO - Processing /home/airflow/.local/lib/python3.12/site-packages/airflow/example_dags/example_nested_branch_dag.py took 0.040 seconds
[2024-05-06T20:10:28.496+0000] {processor.py:161} INFO - Started process (PID=5576) to work on /home/airflow/.local/lib/python3.12/site-packages/airflow/example_dags/example_nested_branch_dag.py
[2024-05-06T20:10:28.497+0000] {processor.py:830} INFO - Processing file /home/airflow/.local/lib/python3.12/site-packages/airflow/example_dags/example_nested_branch_dag.py for tasks to queue
[2024-05-06T20:10:28.498+0000] {logging_mixin.py:188} INFO - [2024-05-06T20:10:28.498+0000] {dagbag.py:540} INFO - Filling up the DagBag from /home/airflow/.local/lib/python3.12/site-packages/airflow/example_dags/example_nested_branch_dag.py
[2024-05-06T20:10:28.504+0000] {processor.py:840} INFO - DAG(s) 'example_nested_branch_dag' retrieved from /home/airflow/.local/lib/python3.12/site-packages/airflow/example_dags/example_nested_branch_dag.py
[2024-05-06T20:10:28.516+0000] {logging_mixin.py:188} INFO - [2024-05-06T20:10:28.516+0000] {dag.py:3096} INFO - Sync 1 DAGs
[2024-05-06T20:10:28.528+0000] {logging_mixin.py:188} INFO - [2024-05-06T20:10:28.528+0000] {dag.py:3954} INFO - Setting next_dagrun for example_nested_branch_dag to 2024-05-05 00:00:00+00:00, run_after=2024-05-06 00:00:00+00:00
[2024-05-06T20:10:28.537+0000] {processor.py:183} INFO - Processing /home/airflow/.local/lib/python3.12/site-packages/airflow/example_dags/example_nested_branch_dag.py took 0.045 seconds
[2024-05-06T20:10:58.653+0000] {processor.py:161} INFO - Started process (PID=5635) to work on /home/airflow/.local/lib/python3.12/site-packages/airflow/example_dags/example_nested_branch_dag.py
[2024-05-06T20:10:58.654+0000] {processor.py:830} INFO - Processing file /home/airflow/.local/lib/python3.12/site-packages/airflow/example_dags/example_nested_branch_dag.py for tasks to queue
[2024-05-06T20:10:58.655+0000] {logging_mixin.py:188} INFO - [2024-05-06T20:10:58.655+0000] {dagbag.py:540} INFO - Filling up the DagBag from /home/airflow/.local/lib/python3.12/site-packages/airflow/example_dags/example_nested_branch_dag.py
[2024-05-06T20:10:58.659+0000] {processor.py:840} INFO - DAG(s) 'example_nested_branch_dag' retrieved from /home/airflow/.local/lib/python3.12/site-packages/airflow/example_dags/example_nested_branch_dag.py
[2024-05-06T20:10:58.668+0000] {logging_mixin.py:188} INFO - [2024-05-06T20:10:58.668+0000] {dag.py:3096} INFO - Sync 1 DAGs
[2024-05-06T20:10:58.678+0000] {logging_mixin.py:188} INFO - [2024-05-06T20:10:58.678+0000] {dag.py:3954} INFO - Setting next_dagrun for example_nested_branch_dag to 2024-05-05 00:00:00+00:00, run_after=2024-05-06 00:00:00+00:00
[2024-05-06T20:10:58.686+0000] {processor.py:183} INFO - Processing /home/airflow/.local/lib/python3.12/site-packages/airflow/example_dags/example_nested_branch_dag.py took 0.036 seconds
