[2024-05-06T20:01:46.022+0000] {processor.py:161} INFO - Started process (PID=4571) to work on /home/airflow/.local/lib/python3.12/site-packages/airflow/example_dags/example_subdag_operator.py
[2024-05-06T20:01:46.023+0000] {processor.py:830} INFO - Processing file /home/airflow/.local/lib/python3.12/site-packages/airflow/example_dags/example_subdag_operator.py for tasks to queue
[2024-05-06T20:01:46.025+0000] {logging_mixin.py:188} INFO - [2024-05-06T20:01:46.025+0000] {dagbag.py:540} INFO - Filling up the DagBag from /home/airflow/.local/lib/python3.12/site-packages/airflow/example_dags/example_subdag_operator.py
[2024-05-06T20:01:46.037+0000] {processor.py:840} INFO - DAG(s) 'example_subdag_operator.section-1', 'example_subdag_operator.section-2', 'example_subdag_operator' retrieved from /home/airflow/.local/lib/python3.12/site-packages/airflow/example_dags/example_subdag_operator.py
[2024-05-06T20:01:46.045+0000] {logging_mixin.py:188} INFO - [2024-05-06T20:01:46.045+0000] {dag.py:3096} INFO - Sync 3 DAGs
[2024-05-06T20:01:46.059+0000] {logging_mixin.py:188} INFO - [2024-05-06T20:01:46.059+0000] {dag.py:3954} INFO - Setting next_dagrun for example_subdag_operator to 2022-01-01 00:00:00+00:00, run_after=2022-01-01 00:00:00+00:00
[2024-05-06T20:01:46.061+0000] {logging_mixin.py:188} INFO - [2024-05-06T20:01:46.061+0000] {dag.py:3954} INFO - Setting next_dagrun for example_subdag_operator.section-1 to None, run_after=None
[2024-05-06T20:01:46.062+0000] {logging_mixin.py:188} INFO - [2024-05-06T20:01:46.062+0000] {dag.py:3954} INFO - Setting next_dagrun for example_subdag_operator.section-2 to None, run_after=None
[2024-05-06T20:01:46.066+0000] {logging_mixin.py:188} INFO - [2024-05-06T20:01:46.066+0000] {dag.py:3096} INFO - Sync 2 DAGs
[2024-05-06T20:01:46.070+0000] {logging_mixin.py:188} INFO - [2024-05-06T20:01:46.070+0000] {dag.py:3954} INFO - Setting next_dagrun for example_subdag_operator.section-1 to None, run_after=None
[2024-05-06T20:01:46.071+0000] {logging_mixin.py:188} INFO - [2024-05-06T20:01:46.071+0000] {dag.py:3954} INFO - Setting next_dagrun for example_subdag_operator.section-2 to None, run_after=None
[2024-05-06T20:01:46.079+0000] {processor.py:183} INFO - Processing /home/airflow/.local/lib/python3.12/site-packages/airflow/example_dags/example_subdag_operator.py took 0.061 seconds
[2024-05-06T20:02:16.973+0000] {processor.py:161} INFO - Started process (PID=4629) to work on /home/airflow/.local/lib/python3.12/site-packages/airflow/example_dags/example_subdag_operator.py
[2024-05-06T20:02:16.973+0000] {processor.py:830} INFO - Processing file /home/airflow/.local/lib/python3.12/site-packages/airflow/example_dags/example_subdag_operator.py for tasks to queue
[2024-05-06T20:02:16.975+0000] {logging_mixin.py:188} INFO - [2024-05-06T20:02:16.975+0000] {dagbag.py:540} INFO - Filling up the DagBag from /home/airflow/.local/lib/python3.12/site-packages/airflow/example_dags/example_subdag_operator.py
[2024-05-06T20:02:16.987+0000] {processor.py:840} INFO - DAG(s) 'example_subdag_operator.section-1', 'example_subdag_operator.section-2', 'example_subdag_operator' retrieved from /home/airflow/.local/lib/python3.12/site-packages/airflow/example_dags/example_subdag_operator.py
[2024-05-06T20:02:16.994+0000] {logging_mixin.py:188} INFO - [2024-05-06T20:02:16.994+0000] {dag.py:3096} INFO - Sync 3 DAGs
[2024-05-06T20:02:17.005+0000] {logging_mixin.py:188} INFO - [2024-05-06T20:02:17.005+0000] {dag.py:3954} INFO - Setting next_dagrun for example_subdag_operator to 2022-01-01 00:00:00+00:00, run_after=2022-01-01 00:00:00+00:00
[2024-05-06T20:02:17.008+0000] {logging_mixin.py:188} INFO - [2024-05-06T20:02:17.008+0000] {dag.py:3954} INFO - Setting next_dagrun for example_subdag_operator.section-1 to None, run_after=None
[2024-05-06T20:02:17.009+0000] {logging_mixin.py:188} INFO - [2024-05-06T20:02:17.009+0000] {dag.py:3954} INFO - Setting next_dagrun for example_subdag_operator.section-2 to None, run_after=None
[2024-05-06T20:02:17.012+0000] {logging_mixin.py:188} INFO - [2024-05-06T20:02:17.012+0000] {dag.py:3096} INFO - Sync 2 DAGs
[2024-05-06T20:02:17.015+0000] {logging_mixin.py:188} INFO - [2024-05-06T20:02:17.015+0000] {dag.py:3954} INFO - Setting next_dagrun for example_subdag_operator.section-1 to None, run_after=None
[2024-05-06T20:02:17.015+0000] {logging_mixin.py:188} INFO - [2024-05-06T20:02:17.015+0000] {dag.py:3954} INFO - Setting next_dagrun for example_subdag_operator.section-2 to None, run_after=None
[2024-05-06T20:02:17.020+0000] {processor.py:183} INFO - Processing /home/airflow/.local/lib/python3.12/site-packages/airflow/example_dags/example_subdag_operator.py took 0.051 seconds
[2024-05-06T20:02:47.953+0000] {processor.py:161} INFO - Started process (PID=4688) to work on /home/airflow/.local/lib/python3.12/site-packages/airflow/example_dags/example_subdag_operator.py
[2024-05-06T20:02:47.956+0000] {processor.py:830} INFO - Processing file /home/airflow/.local/lib/python3.12/site-packages/airflow/example_dags/example_subdag_operator.py for tasks to queue
[2024-05-06T20:02:47.957+0000] {logging_mixin.py:188} INFO - [2024-05-06T20:02:47.957+0000] {dagbag.py:540} INFO - Filling up the DagBag from /home/airflow/.local/lib/python3.12/site-packages/airflow/example_dags/example_subdag_operator.py
[2024-05-06T20:02:47.970+0000] {processor.py:840} INFO - DAG(s) 'example_subdag_operator.section-1', 'example_subdag_operator.section-2', 'example_subdag_operator' retrieved from /home/airflow/.local/lib/python3.12/site-packages/airflow/example_dags/example_subdag_operator.py
[2024-05-06T20:02:47.978+0000] {logging_mixin.py:188} INFO - [2024-05-06T20:02:47.978+0000] {dag.py:3096} INFO - Sync 3 DAGs
[2024-05-06T20:02:47.989+0000] {logging_mixin.py:188} INFO - [2024-05-06T20:02:47.989+0000] {dag.py:3954} INFO - Setting next_dagrun for example_subdag_operator to 2022-01-01 00:00:00+00:00, run_after=2022-01-01 00:00:00+00:00
[2024-05-06T20:02:47.991+0000] {logging_mixin.py:188} INFO - [2024-05-06T20:02:47.991+0000] {dag.py:3954} INFO - Setting next_dagrun for example_subdag_operator.section-1 to None, run_after=None
[2024-05-06T20:02:47.992+0000] {logging_mixin.py:188} INFO - [2024-05-06T20:02:47.992+0000] {dag.py:3954} INFO - Setting next_dagrun for example_subdag_operator.section-2 to None, run_after=None
[2024-05-06T20:02:47.996+0000] {logging_mixin.py:188} INFO - [2024-05-06T20:02:47.996+0000] {dag.py:3096} INFO - Sync 2 DAGs
[2024-05-06T20:02:47.998+0000] {logging_mixin.py:188} INFO - [2024-05-06T20:02:47.998+0000] {dag.py:3954} INFO - Setting next_dagrun for example_subdag_operator.section-1 to None, run_after=None
[2024-05-06T20:02:47.998+0000] {logging_mixin.py:188} INFO - [2024-05-06T20:02:47.998+0000] {dag.py:3954} INFO - Setting next_dagrun for example_subdag_operator.section-2 to None, run_after=None
[2024-05-06T20:02:48.003+0000] {processor.py:183} INFO - Processing /home/airflow/.local/lib/python3.12/site-packages/airflow/example_dags/example_subdag_operator.py took 0.054 seconds
[2024-05-06T20:03:18.848+0000] {processor.py:161} INFO - Started process (PID=4747) to work on /home/airflow/.local/lib/python3.12/site-packages/airflow/example_dags/example_subdag_operator.py
[2024-05-06T20:03:18.849+0000] {processor.py:830} INFO - Processing file /home/airflow/.local/lib/python3.12/site-packages/airflow/example_dags/example_subdag_operator.py for tasks to queue
[2024-05-06T20:03:18.850+0000] {logging_mixin.py:188} INFO - [2024-05-06T20:03:18.850+0000] {dagbag.py:540} INFO - Filling up the DagBag from /home/airflow/.local/lib/python3.12/site-packages/airflow/example_dags/example_subdag_operator.py
[2024-05-06T20:03:18.864+0000] {processor.py:840} INFO - DAG(s) 'example_subdag_operator.section-1', 'example_subdag_operator.section-2', 'example_subdag_operator' retrieved from /home/airflow/.local/lib/python3.12/site-packages/airflow/example_dags/example_subdag_operator.py
[2024-05-06T20:03:18.873+0000] {logging_mixin.py:188} INFO - [2024-05-06T20:03:18.873+0000] {dag.py:3096} INFO - Sync 3 DAGs
[2024-05-06T20:03:18.885+0000] {logging_mixin.py:188} INFO - [2024-05-06T20:03:18.885+0000] {dag.py:3954} INFO - Setting next_dagrun for example_subdag_operator to 2022-01-01 00:00:00+00:00, run_after=2022-01-01 00:00:00+00:00
[2024-05-06T20:03:18.888+0000] {logging_mixin.py:188} INFO - [2024-05-06T20:03:18.888+0000] {dag.py:3954} INFO - Setting next_dagrun for example_subdag_operator.section-1 to None, run_after=None
[2024-05-06T20:03:18.889+0000] {logging_mixin.py:188} INFO - [2024-05-06T20:03:18.889+0000] {dag.py:3954} INFO - Setting next_dagrun for example_subdag_operator.section-2 to None, run_after=None
[2024-05-06T20:03:18.893+0000] {logging_mixin.py:188} INFO - [2024-05-06T20:03:18.893+0000] {dag.py:3096} INFO - Sync 2 DAGs
[2024-05-06T20:03:18.896+0000] {logging_mixin.py:188} INFO - [2024-05-06T20:03:18.896+0000] {dag.py:3954} INFO - Setting next_dagrun for example_subdag_operator.section-1 to None, run_after=None
[2024-05-06T20:03:18.896+0000] {logging_mixin.py:188} INFO - [2024-05-06T20:03:18.896+0000] {dag.py:3954} INFO - Setting next_dagrun for example_subdag_operator.section-2 to None, run_after=None
[2024-05-06T20:03:18.902+0000] {processor.py:183} INFO - Processing /home/airflow/.local/lib/python3.12/site-packages/airflow/example_dags/example_subdag_operator.py took 0.057 seconds
[2024-05-06T20:03:49.680+0000] {processor.py:161} INFO - Started process (PID=4805) to work on /home/airflow/.local/lib/python3.12/site-packages/airflow/example_dags/example_subdag_operator.py
[2024-05-06T20:03:49.681+0000] {processor.py:830} INFO - Processing file /home/airflow/.local/lib/python3.12/site-packages/airflow/example_dags/example_subdag_operator.py for tasks to queue
[2024-05-06T20:03:49.682+0000] {logging_mixin.py:188} INFO - [2024-05-06T20:03:49.682+0000] {dagbag.py:540} INFO - Filling up the DagBag from /home/airflow/.local/lib/python3.12/site-packages/airflow/example_dags/example_subdag_operator.py
[2024-05-06T20:03:49.694+0000] {processor.py:840} INFO - DAG(s) 'example_subdag_operator.section-1', 'example_subdag_operator.section-2', 'example_subdag_operator' retrieved from /home/airflow/.local/lib/python3.12/site-packages/airflow/example_dags/example_subdag_operator.py
[2024-05-06T20:03:49.701+0000] {logging_mixin.py:188} INFO - [2024-05-06T20:03:49.701+0000] {dag.py:3096} INFO - Sync 3 DAGs
[2024-05-06T20:03:49.713+0000] {logging_mixin.py:188} INFO - [2024-05-06T20:03:49.713+0000] {dag.py:3954} INFO - Setting next_dagrun for example_subdag_operator to 2022-01-01 00:00:00+00:00, run_after=2022-01-01 00:00:00+00:00
[2024-05-06T20:03:49.715+0000] {logging_mixin.py:188} INFO - [2024-05-06T20:03:49.715+0000] {dag.py:3954} INFO - Setting next_dagrun for example_subdag_operator.section-1 to None, run_after=None
[2024-05-06T20:03:49.715+0000] {logging_mixin.py:188} INFO - [2024-05-06T20:03:49.715+0000] {dag.py:3954} INFO - Setting next_dagrun for example_subdag_operator.section-2 to None, run_after=None
[2024-05-06T20:03:49.719+0000] {logging_mixin.py:188} INFO - [2024-05-06T20:03:49.719+0000] {dag.py:3096} INFO - Sync 2 DAGs
[2024-05-06T20:03:49.722+0000] {logging_mixin.py:188} INFO - [2024-05-06T20:03:49.721+0000] {dag.py:3954} INFO - Setting next_dagrun for example_subdag_operator.section-1 to None, run_after=None
[2024-05-06T20:03:49.722+0000] {logging_mixin.py:188} INFO - [2024-05-06T20:03:49.722+0000] {dag.py:3954} INFO - Setting next_dagrun for example_subdag_operator.section-2 to None, run_after=None
[2024-05-06T20:03:49.727+0000] {processor.py:183} INFO - Processing /home/airflow/.local/lib/python3.12/site-packages/airflow/example_dags/example_subdag_operator.py took 0.050 seconds
[2024-05-06T20:04:19.845+0000] {processor.py:161} INFO - Started process (PID=4863) to work on /home/airflow/.local/lib/python3.12/site-packages/airflow/example_dags/example_subdag_operator.py
[2024-05-06T20:04:19.846+0000] {processor.py:830} INFO - Processing file /home/airflow/.local/lib/python3.12/site-packages/airflow/example_dags/example_subdag_operator.py for tasks to queue
[2024-05-06T20:04:19.847+0000] {logging_mixin.py:188} INFO - [2024-05-06T20:04:19.847+0000] {dagbag.py:540} INFO - Filling up the DagBag from /home/airflow/.local/lib/python3.12/site-packages/airflow/example_dags/example_subdag_operator.py
[2024-05-06T20:04:19.858+0000] {processor.py:840} INFO - DAG(s) 'example_subdag_operator.section-1', 'example_subdag_operator.section-2', 'example_subdag_operator' retrieved from /home/airflow/.local/lib/python3.12/site-packages/airflow/example_dags/example_subdag_operator.py
[2024-05-06T20:04:19.866+0000] {logging_mixin.py:188} INFO - [2024-05-06T20:04:19.866+0000] {dag.py:3096} INFO - Sync 3 DAGs
[2024-05-06T20:04:19.876+0000] {logging_mixin.py:188} INFO - [2024-05-06T20:04:19.876+0000] {dag.py:3954} INFO - Setting next_dagrun for example_subdag_operator to 2022-01-01 00:00:00+00:00, run_after=2022-01-01 00:00:00+00:00
[2024-05-06T20:04:19.878+0000] {logging_mixin.py:188} INFO - [2024-05-06T20:04:19.878+0000] {dag.py:3954} INFO - Setting next_dagrun for example_subdag_operator.section-1 to None, run_after=None
[2024-05-06T20:04:19.879+0000] {logging_mixin.py:188} INFO - [2024-05-06T20:04:19.879+0000] {dag.py:3954} INFO - Setting next_dagrun for example_subdag_operator.section-2 to None, run_after=None
[2024-05-06T20:04:19.883+0000] {logging_mixin.py:188} INFO - [2024-05-06T20:04:19.883+0000] {dag.py:3096} INFO - Sync 2 DAGs
[2024-05-06T20:04:19.886+0000] {logging_mixin.py:188} INFO - [2024-05-06T20:04:19.886+0000] {dag.py:3954} INFO - Setting next_dagrun for example_subdag_operator.section-1 to None, run_after=None
[2024-05-06T20:04:19.886+0000] {logging_mixin.py:188} INFO - [2024-05-06T20:04:19.886+0000] {dag.py:3954} INFO - Setting next_dagrun for example_subdag_operator.section-2 to None, run_after=None
[2024-05-06T20:04:19.891+0000] {processor.py:183} INFO - Processing /home/airflow/.local/lib/python3.12/site-packages/airflow/example_dags/example_subdag_operator.py took 0.049 seconds
[2024-05-06T20:04:49.958+0000] {processor.py:161} INFO - Started process (PID=4922) to work on /home/airflow/.local/lib/python3.12/site-packages/airflow/example_dags/example_subdag_operator.py
[2024-05-06T20:04:49.959+0000] {processor.py:830} INFO - Processing file /home/airflow/.local/lib/python3.12/site-packages/airflow/example_dags/example_subdag_operator.py for tasks to queue
[2024-05-06T20:04:49.960+0000] {logging_mixin.py:188} INFO - [2024-05-06T20:04:49.959+0000] {dagbag.py:540} INFO - Filling up the DagBag from /home/airflow/.local/lib/python3.12/site-packages/airflow/example_dags/example_subdag_operator.py
[2024-05-06T20:04:49.976+0000] {processor.py:840} INFO - DAG(s) 'example_subdag_operator.section-1', 'example_subdag_operator.section-2', 'example_subdag_operator' retrieved from /home/airflow/.local/lib/python3.12/site-packages/airflow/example_dags/example_subdag_operator.py
[2024-05-06T20:04:49.984+0000] {logging_mixin.py:188} INFO - [2024-05-06T20:04:49.984+0000] {dag.py:3096} INFO - Sync 3 DAGs
[2024-05-06T20:04:49.995+0000] {logging_mixin.py:188} INFO - [2024-05-06T20:04:49.995+0000] {dag.py:3954} INFO - Setting next_dagrun for example_subdag_operator to 2022-01-01 00:00:00+00:00, run_after=2022-01-01 00:00:00+00:00
[2024-05-06T20:04:49.997+0000] {logging_mixin.py:188} INFO - [2024-05-06T20:04:49.997+0000] {dag.py:3954} INFO - Setting next_dagrun for example_subdag_operator.section-1 to None, run_after=None
[2024-05-06T20:04:49.998+0000] {logging_mixin.py:188} INFO - [2024-05-06T20:04:49.998+0000] {dag.py:3954} INFO - Setting next_dagrun for example_subdag_operator.section-2 to None, run_after=None
[2024-05-06T20:04:50.002+0000] {logging_mixin.py:188} INFO - [2024-05-06T20:04:50.002+0000] {dag.py:3096} INFO - Sync 2 DAGs
[2024-05-06T20:04:50.004+0000] {logging_mixin.py:188} INFO - [2024-05-06T20:04:50.004+0000] {dag.py:3954} INFO - Setting next_dagrun for example_subdag_operator.section-1 to None, run_after=None
[2024-05-06T20:04:50.005+0000] {logging_mixin.py:188} INFO - [2024-05-06T20:04:50.005+0000] {dag.py:3954} INFO - Setting next_dagrun for example_subdag_operator.section-2 to None, run_after=None
[2024-05-06T20:04:50.010+0000] {processor.py:183} INFO - Processing /home/airflow/.local/lib/python3.12/site-packages/airflow/example_dags/example_subdag_operator.py took 0.055 seconds
[2024-05-06T20:05:20.969+0000] {processor.py:161} INFO - Started process (PID=4981) to work on /home/airflow/.local/lib/python3.12/site-packages/airflow/example_dags/example_subdag_operator.py
[2024-05-06T20:05:20.970+0000] {processor.py:830} INFO - Processing file /home/airflow/.local/lib/python3.12/site-packages/airflow/example_dags/example_subdag_operator.py for tasks to queue
[2024-05-06T20:05:20.971+0000] {logging_mixin.py:188} INFO - [2024-05-06T20:05:20.970+0000] {dagbag.py:540} INFO - Filling up the DagBag from /home/airflow/.local/lib/python3.12/site-packages/airflow/example_dags/example_subdag_operator.py
[2024-05-06T20:05:20.982+0000] {processor.py:840} INFO - DAG(s) 'example_subdag_operator.section-1', 'example_subdag_operator.section-2', 'example_subdag_operator' retrieved from /home/airflow/.local/lib/python3.12/site-packages/airflow/example_dags/example_subdag_operator.py
[2024-05-06T20:05:20.989+0000] {logging_mixin.py:188} INFO - [2024-05-06T20:05:20.989+0000] {dag.py:3096} INFO - Sync 3 DAGs
[2024-05-06T20:05:20.999+0000] {logging_mixin.py:188} INFO - [2024-05-06T20:05:20.999+0000] {dag.py:3954} INFO - Setting next_dagrun for example_subdag_operator to 2022-01-01 00:00:00+00:00, run_after=2022-01-01 00:00:00+00:00
[2024-05-06T20:05:21.001+0000] {logging_mixin.py:188} INFO - [2024-05-06T20:05:21.001+0000] {dag.py:3954} INFO - Setting next_dagrun for example_subdag_operator.section-1 to None, run_after=None
[2024-05-06T20:05:21.002+0000] {logging_mixin.py:188} INFO - [2024-05-06T20:05:21.002+0000] {dag.py:3954} INFO - Setting next_dagrun for example_subdag_operator.section-2 to None, run_after=None
[2024-05-06T20:05:21.005+0000] {logging_mixin.py:188} INFO - [2024-05-06T20:05:21.005+0000] {dag.py:3096} INFO - Sync 2 DAGs
[2024-05-06T20:05:21.007+0000] {logging_mixin.py:188} INFO - [2024-05-06T20:05:21.007+0000] {dag.py:3954} INFO - Setting next_dagrun for example_subdag_operator.section-1 to None, run_after=None
[2024-05-06T20:05:21.008+0000] {logging_mixin.py:188} INFO - [2024-05-06T20:05:21.008+0000] {dag.py:3954} INFO - Setting next_dagrun for example_subdag_operator.section-2 to None, run_after=None
[2024-05-06T20:05:21.012+0000] {processor.py:183} INFO - Processing /home/airflow/.local/lib/python3.12/site-packages/airflow/example_dags/example_subdag_operator.py took 0.046 seconds
[2024-05-06T20:05:51.576+0000] {processor.py:161} INFO - Started process (PID=5040) to work on /home/airflow/.local/lib/python3.12/site-packages/airflow/example_dags/example_subdag_operator.py
[2024-05-06T20:05:51.576+0000] {processor.py:830} INFO - Processing file /home/airflow/.local/lib/python3.12/site-packages/airflow/example_dags/example_subdag_operator.py for tasks to queue
[2024-05-06T20:05:51.577+0000] {logging_mixin.py:188} INFO - [2024-05-06T20:05:51.577+0000] {dagbag.py:540} INFO - Filling up the DagBag from /home/airflow/.local/lib/python3.12/site-packages/airflow/example_dags/example_subdag_operator.py
[2024-05-06T20:05:51.589+0000] {processor.py:840} INFO - DAG(s) 'example_subdag_operator.section-1', 'example_subdag_operator.section-2', 'example_subdag_operator' retrieved from /home/airflow/.local/lib/python3.12/site-packages/airflow/example_dags/example_subdag_operator.py
[2024-05-06T20:05:51.596+0000] {logging_mixin.py:188} INFO - [2024-05-06T20:05:51.596+0000] {dag.py:3096} INFO - Sync 3 DAGs
[2024-05-06T20:05:51.606+0000] {logging_mixin.py:188} INFO - [2024-05-06T20:05:51.606+0000] {dag.py:3954} INFO - Setting next_dagrun for example_subdag_operator to 2022-01-01 00:00:00+00:00, run_after=2022-01-01 00:00:00+00:00
[2024-05-06T20:05:51.608+0000] {logging_mixin.py:188} INFO - [2024-05-06T20:05:51.608+0000] {dag.py:3954} INFO - Setting next_dagrun for example_subdag_operator.section-1 to None, run_after=None
[2024-05-06T20:05:51.609+0000] {logging_mixin.py:188} INFO - [2024-05-06T20:05:51.609+0000] {dag.py:3954} INFO - Setting next_dagrun for example_subdag_operator.section-2 to None, run_after=None
[2024-05-06T20:05:51.616+0000] {logging_mixin.py:188} INFO - [2024-05-06T20:05:51.616+0000] {dag.py:3096} INFO - Sync 2 DAGs
[2024-05-06T20:05:51.619+0000] {logging_mixin.py:188} INFO - [2024-05-06T20:05:51.618+0000] {dag.py:3954} INFO - Setting next_dagrun for example_subdag_operator.section-1 to None, run_after=None
[2024-05-06T20:05:51.619+0000] {logging_mixin.py:188} INFO - [2024-05-06T20:05:51.619+0000] {dag.py:3954} INFO - Setting next_dagrun for example_subdag_operator.section-2 to None, run_after=None
[2024-05-06T20:05:51.623+0000] {processor.py:183} INFO - Processing /home/airflow/.local/lib/python3.12/site-packages/airflow/example_dags/example_subdag_operator.py took 0.051 seconds
[2024-05-06T20:06:22.350+0000] {processor.py:161} INFO - Started process (PID=5099) to work on /home/airflow/.local/lib/python3.12/site-packages/airflow/example_dags/example_subdag_operator.py
[2024-05-06T20:06:22.350+0000] {processor.py:830} INFO - Processing file /home/airflow/.local/lib/python3.12/site-packages/airflow/example_dags/example_subdag_operator.py for tasks to queue
[2024-05-06T20:06:22.351+0000] {logging_mixin.py:188} INFO - [2024-05-06T20:06:22.351+0000] {dagbag.py:540} INFO - Filling up the DagBag from /home/airflow/.local/lib/python3.12/site-packages/airflow/example_dags/example_subdag_operator.py
[2024-05-06T20:06:22.363+0000] {processor.py:840} INFO - DAG(s) 'example_subdag_operator.section-1', 'example_subdag_operator.section-2', 'example_subdag_operator' retrieved from /home/airflow/.local/lib/python3.12/site-packages/airflow/example_dags/example_subdag_operator.py
[2024-05-06T20:06:22.370+0000] {logging_mixin.py:188} INFO - [2024-05-06T20:06:22.370+0000] {dag.py:3096} INFO - Sync 3 DAGs
[2024-05-06T20:06:22.380+0000] {logging_mixin.py:188} INFO - [2024-05-06T20:06:22.380+0000] {dag.py:3954} INFO - Setting next_dagrun for example_subdag_operator to 2022-01-01 00:00:00+00:00, run_after=2022-01-01 00:00:00+00:00
[2024-05-06T20:06:22.382+0000] {logging_mixin.py:188} INFO - [2024-05-06T20:06:22.381+0000] {dag.py:3954} INFO - Setting next_dagrun for example_subdag_operator.section-1 to None, run_after=None
[2024-05-06T20:06:22.382+0000] {logging_mixin.py:188} INFO - [2024-05-06T20:06:22.382+0000] {dag.py:3954} INFO - Setting next_dagrun for example_subdag_operator.section-2 to None, run_after=None
[2024-05-06T20:06:22.385+0000] {logging_mixin.py:188} INFO - [2024-05-06T20:06:22.385+0000] {dag.py:3096} INFO - Sync 2 DAGs
[2024-05-06T20:06:22.388+0000] {logging_mixin.py:188} INFO - [2024-05-06T20:06:22.388+0000] {dag.py:3954} INFO - Setting next_dagrun for example_subdag_operator.section-1 to None, run_after=None
[2024-05-06T20:06:22.388+0000] {logging_mixin.py:188} INFO - [2024-05-06T20:06:22.388+0000] {dag.py:3954} INFO - Setting next_dagrun for example_subdag_operator.section-2 to None, run_after=None
[2024-05-06T20:06:22.393+0000] {processor.py:183} INFO - Processing /home/airflow/.local/lib/python3.12/site-packages/airflow/example_dags/example_subdag_operator.py took 0.046 seconds
[2024-05-06T20:06:52.925+0000] {processor.py:161} INFO - Started process (PID=5158) to work on /home/airflow/.local/lib/python3.12/site-packages/airflow/example_dags/example_subdag_operator.py
[2024-05-06T20:06:52.925+0000] {processor.py:830} INFO - Processing file /home/airflow/.local/lib/python3.12/site-packages/airflow/example_dags/example_subdag_operator.py for tasks to queue
[2024-05-06T20:06:52.926+0000] {logging_mixin.py:188} INFO - [2024-05-06T20:06:52.926+0000] {dagbag.py:540} INFO - Filling up the DagBag from /home/airflow/.local/lib/python3.12/site-packages/airflow/example_dags/example_subdag_operator.py
[2024-05-06T20:06:52.938+0000] {processor.py:840} INFO - DAG(s) 'example_subdag_operator.section-1', 'example_subdag_operator.section-2', 'example_subdag_operator' retrieved from /home/airflow/.local/lib/python3.12/site-packages/airflow/example_dags/example_subdag_operator.py
[2024-05-06T20:06:52.945+0000] {logging_mixin.py:188} INFO - [2024-05-06T20:06:52.945+0000] {dag.py:3096} INFO - Sync 3 DAGs
[2024-05-06T20:06:52.956+0000] {logging_mixin.py:188} INFO - [2024-05-06T20:06:52.956+0000] {dag.py:3954} INFO - Setting next_dagrun for example_subdag_operator to 2022-01-01 00:00:00+00:00, run_after=2022-01-01 00:00:00+00:00
[2024-05-06T20:06:52.958+0000] {logging_mixin.py:188} INFO - [2024-05-06T20:06:52.958+0000] {dag.py:3954} INFO - Setting next_dagrun for example_subdag_operator.section-1 to None, run_after=None
[2024-05-06T20:06:52.959+0000] {logging_mixin.py:188} INFO - [2024-05-06T20:06:52.959+0000] {dag.py:3954} INFO - Setting next_dagrun for example_subdag_operator.section-2 to None, run_after=None
[2024-05-06T20:06:52.963+0000] {logging_mixin.py:188} INFO - [2024-05-06T20:06:52.963+0000] {dag.py:3096} INFO - Sync 2 DAGs
[2024-05-06T20:06:52.966+0000] {logging_mixin.py:188} INFO - [2024-05-06T20:06:52.966+0000] {dag.py:3954} INFO - Setting next_dagrun for example_subdag_operator.section-1 to None, run_after=None
[2024-05-06T20:06:52.966+0000] {logging_mixin.py:188} INFO - [2024-05-06T20:06:52.966+0000] {dag.py:3954} INFO - Setting next_dagrun for example_subdag_operator.section-2 to None, run_after=None
[2024-05-06T20:06:52.971+0000] {processor.py:183} INFO - Processing /home/airflow/.local/lib/python3.12/site-packages/airflow/example_dags/example_subdag_operator.py took 0.049 seconds
[2024-05-06T20:07:23.688+0000] {processor.py:161} INFO - Started process (PID=5216) to work on /home/airflow/.local/lib/python3.12/site-packages/airflow/example_dags/example_subdag_operator.py
[2024-05-06T20:07:23.689+0000] {processor.py:830} INFO - Processing file /home/airflow/.local/lib/python3.12/site-packages/airflow/example_dags/example_subdag_operator.py for tasks to queue
[2024-05-06T20:07:23.690+0000] {logging_mixin.py:188} INFO - [2024-05-06T20:07:23.689+0000] {dagbag.py:540} INFO - Filling up the DagBag from /home/airflow/.local/lib/python3.12/site-packages/airflow/example_dags/example_subdag_operator.py
[2024-05-06T20:07:23.702+0000] {processor.py:840} INFO - DAG(s) 'example_subdag_operator.section-1', 'example_subdag_operator.section-2', 'example_subdag_operator' retrieved from /home/airflow/.local/lib/python3.12/site-packages/airflow/example_dags/example_subdag_operator.py
[2024-05-06T20:07:23.709+0000] {logging_mixin.py:188} INFO - [2024-05-06T20:07:23.709+0000] {dag.py:3096} INFO - Sync 3 DAGs
[2024-05-06T20:07:23.719+0000] {logging_mixin.py:188} INFO - [2024-05-06T20:07:23.719+0000] {dag.py:3954} INFO - Setting next_dagrun for example_subdag_operator to 2022-01-01 00:00:00+00:00, run_after=2022-01-01 00:00:00+00:00
[2024-05-06T20:07:23.721+0000] {logging_mixin.py:188} INFO - [2024-05-06T20:07:23.721+0000] {dag.py:3954} INFO - Setting next_dagrun for example_subdag_operator.section-1 to None, run_after=None
[2024-05-06T20:07:23.722+0000] {logging_mixin.py:188} INFO - [2024-05-06T20:07:23.722+0000] {dag.py:3954} INFO - Setting next_dagrun for example_subdag_operator.section-2 to None, run_after=None
[2024-05-06T20:07:23.726+0000] {logging_mixin.py:188} INFO - [2024-05-06T20:07:23.726+0000] {dag.py:3096} INFO - Sync 2 DAGs
[2024-05-06T20:07:23.728+0000] {logging_mixin.py:188} INFO - [2024-05-06T20:07:23.728+0000] {dag.py:3954} INFO - Setting next_dagrun for example_subdag_operator.section-1 to None, run_after=None
[2024-05-06T20:07:23.729+0000] {logging_mixin.py:188} INFO - [2024-05-06T20:07:23.729+0000] {dag.py:3954} INFO - Setting next_dagrun for example_subdag_operator.section-2 to None, run_after=None
[2024-05-06T20:07:23.734+0000] {processor.py:183} INFO - Processing /home/airflow/.local/lib/python3.12/site-packages/airflow/example_dags/example_subdag_operator.py took 0.049 seconds
[2024-05-06T20:07:54.753+0000] {processor.py:161} INFO - Started process (PID=5275) to work on /home/airflow/.local/lib/python3.12/site-packages/airflow/example_dags/example_subdag_operator.py
[2024-05-06T20:07:54.754+0000] {processor.py:830} INFO - Processing file /home/airflow/.local/lib/python3.12/site-packages/airflow/example_dags/example_subdag_operator.py for tasks to queue
[2024-05-06T20:07:54.755+0000] {logging_mixin.py:188} INFO - [2024-05-06T20:07:54.755+0000] {dagbag.py:540} INFO - Filling up the DagBag from /home/airflow/.local/lib/python3.12/site-packages/airflow/example_dags/example_subdag_operator.py
[2024-05-06T20:07:54.768+0000] {processor.py:840} INFO - DAG(s) 'example_subdag_operator.section-1', 'example_subdag_operator.section-2', 'example_subdag_operator' retrieved from /home/airflow/.local/lib/python3.12/site-packages/airflow/example_dags/example_subdag_operator.py
[2024-05-06T20:07:54.781+0000] {logging_mixin.py:188} INFO - [2024-05-06T20:07:54.781+0000] {dag.py:3096} INFO - Sync 3 DAGs
[2024-05-06T20:07:54.794+0000] {logging_mixin.py:188} INFO - [2024-05-06T20:07:54.793+0000] {dag.py:3954} INFO - Setting next_dagrun for example_subdag_operator to 2022-01-01 00:00:00+00:00, run_after=2022-01-01 00:00:00+00:00
[2024-05-06T20:07:54.795+0000] {logging_mixin.py:188} INFO - [2024-05-06T20:07:54.795+0000] {dag.py:3954} INFO - Setting next_dagrun for example_subdag_operator.section-1 to None, run_after=None
[2024-05-06T20:07:54.796+0000] {logging_mixin.py:188} INFO - [2024-05-06T20:07:54.796+0000] {dag.py:3954} INFO - Setting next_dagrun for example_subdag_operator.section-2 to None, run_after=None
[2024-05-06T20:07:54.799+0000] {logging_mixin.py:188} INFO - [2024-05-06T20:07:54.799+0000] {dag.py:3096} INFO - Sync 2 DAGs
[2024-05-06T20:07:54.802+0000] {logging_mixin.py:188} INFO - [2024-05-06T20:07:54.802+0000] {dag.py:3954} INFO - Setting next_dagrun for example_subdag_operator.section-1 to None, run_after=None
[2024-05-06T20:07:54.802+0000] {logging_mixin.py:188} INFO - [2024-05-06T20:07:54.802+0000] {dag.py:3954} INFO - Setting next_dagrun for example_subdag_operator.section-2 to None, run_after=None
[2024-05-06T20:07:54.808+0000] {processor.py:183} INFO - Processing /home/airflow/.local/lib/python3.12/site-packages/airflow/example_dags/example_subdag_operator.py took 0.057 seconds
[2024-05-06T20:08:25.041+0000] {processor.py:161} INFO - Started process (PID=5333) to work on /home/airflow/.local/lib/python3.12/site-packages/airflow/example_dags/example_subdag_operator.py
[2024-05-06T20:08:25.041+0000] {processor.py:830} INFO - Processing file /home/airflow/.local/lib/python3.12/site-packages/airflow/example_dags/example_subdag_operator.py for tasks to queue
[2024-05-06T20:08:25.042+0000] {logging_mixin.py:188} INFO - [2024-05-06T20:08:25.042+0000] {dagbag.py:540} INFO - Filling up the DagBag from /home/airflow/.local/lib/python3.12/site-packages/airflow/example_dags/example_subdag_operator.py
[2024-05-06T20:08:25.054+0000] {processor.py:840} INFO - DAG(s) 'example_subdag_operator.section-1', 'example_subdag_operator.section-2', 'example_subdag_operator' retrieved from /home/airflow/.local/lib/python3.12/site-packages/airflow/example_dags/example_subdag_operator.py
[2024-05-06T20:08:25.061+0000] {logging_mixin.py:188} INFO - [2024-05-06T20:08:25.061+0000] {dag.py:3096} INFO - Sync 3 DAGs
[2024-05-06T20:08:25.071+0000] {logging_mixin.py:188} INFO - [2024-05-06T20:08:25.071+0000] {dag.py:3954} INFO - Setting next_dagrun for example_subdag_operator to 2022-01-01 00:00:00+00:00, run_after=2022-01-01 00:00:00+00:00
[2024-05-06T20:08:25.075+0000] {logging_mixin.py:188} INFO - [2024-05-06T20:08:25.075+0000] {dag.py:3954} INFO - Setting next_dagrun for example_subdag_operator.section-1 to None, run_after=None
[2024-05-06T20:08:25.079+0000] {logging_mixin.py:188} INFO - [2024-05-06T20:08:25.079+0000] {dag.py:3954} INFO - Setting next_dagrun for example_subdag_operator.section-2 to None, run_after=None
[2024-05-06T20:08:25.084+0000] {logging_mixin.py:188} INFO - [2024-05-06T20:08:25.083+0000] {dag.py:3096} INFO - Sync 2 DAGs
[2024-05-06T20:08:25.086+0000] {logging_mixin.py:188} INFO - [2024-05-06T20:08:25.086+0000] {dag.py:3954} INFO - Setting next_dagrun for example_subdag_operator.section-1 to None, run_after=None
[2024-05-06T20:08:25.088+0000] {logging_mixin.py:188} INFO - [2024-05-06T20:08:25.088+0000] {dag.py:3954} INFO - Setting next_dagrun for example_subdag_operator.section-2 to None, run_after=None
[2024-05-06T20:08:25.093+0000] {processor.py:183} INFO - Processing /home/airflow/.local/lib/python3.12/site-packages/airflow/example_dags/example_subdag_operator.py took 0.055 seconds
[2024-05-06T20:08:56.060+0000] {processor.py:161} INFO - Started process (PID=5392) to work on /home/airflow/.local/lib/python3.12/site-packages/airflow/example_dags/example_subdag_operator.py
[2024-05-06T20:08:56.061+0000] {processor.py:830} INFO - Processing file /home/airflow/.local/lib/python3.12/site-packages/airflow/example_dags/example_subdag_operator.py for tasks to queue
[2024-05-06T20:08:56.062+0000] {logging_mixin.py:188} INFO - [2024-05-06T20:08:56.062+0000] {dagbag.py:540} INFO - Filling up the DagBag from /home/airflow/.local/lib/python3.12/site-packages/airflow/example_dags/example_subdag_operator.py
[2024-05-06T20:08:56.073+0000] {processor.py:840} INFO - DAG(s) 'example_subdag_operator.section-1', 'example_subdag_operator.section-2', 'example_subdag_operator' retrieved from /home/airflow/.local/lib/python3.12/site-packages/airflow/example_dags/example_subdag_operator.py
[2024-05-06T20:08:56.080+0000] {logging_mixin.py:188} INFO - [2024-05-06T20:08:56.080+0000] {dag.py:3096} INFO - Sync 3 DAGs
[2024-05-06T20:08:56.091+0000] {logging_mixin.py:188} INFO - [2024-05-06T20:08:56.090+0000] {dag.py:3954} INFO - Setting next_dagrun for example_subdag_operator to 2022-01-01 00:00:00+00:00, run_after=2022-01-01 00:00:00+00:00
[2024-05-06T20:08:56.093+0000] {logging_mixin.py:188} INFO - [2024-05-06T20:08:56.092+0000] {dag.py:3954} INFO - Setting next_dagrun for example_subdag_operator.section-1 to None, run_after=None
[2024-05-06T20:08:56.093+0000] {logging_mixin.py:188} INFO - [2024-05-06T20:08:56.093+0000] {dag.py:3954} INFO - Setting next_dagrun for example_subdag_operator.section-2 to None, run_after=None
[2024-05-06T20:08:56.096+0000] {logging_mixin.py:188} INFO - [2024-05-06T20:08:56.096+0000] {dag.py:3096} INFO - Sync 2 DAGs
[2024-05-06T20:08:56.099+0000] {logging_mixin.py:188} INFO - [2024-05-06T20:08:56.099+0000] {dag.py:3954} INFO - Setting next_dagrun for example_subdag_operator.section-1 to None, run_after=None
[2024-05-06T20:08:56.099+0000] {logging_mixin.py:188} INFO - [2024-05-06T20:08:56.099+0000] {dag.py:3954} INFO - Setting next_dagrun for example_subdag_operator.section-2 to None, run_after=None
[2024-05-06T20:08:56.104+0000] {processor.py:183} INFO - Processing /home/airflow/.local/lib/python3.12/site-packages/airflow/example_dags/example_subdag_operator.py took 0.047 seconds
[2024-05-06T20:09:26.908+0000] {processor.py:161} INFO - Started process (PID=5451) to work on /home/airflow/.local/lib/python3.12/site-packages/airflow/example_dags/example_subdag_operator.py
[2024-05-06T20:09:26.908+0000] {processor.py:830} INFO - Processing file /home/airflow/.local/lib/python3.12/site-packages/airflow/example_dags/example_subdag_operator.py for tasks to queue
[2024-05-06T20:09:26.909+0000] {logging_mixin.py:188} INFO - [2024-05-06T20:09:26.909+0000] {dagbag.py:540} INFO - Filling up the DagBag from /home/airflow/.local/lib/python3.12/site-packages/airflow/example_dags/example_subdag_operator.py
[2024-05-06T20:09:26.921+0000] {processor.py:840} INFO - DAG(s) 'example_subdag_operator.section-1', 'example_subdag_operator.section-2', 'example_subdag_operator' retrieved from /home/airflow/.local/lib/python3.12/site-packages/airflow/example_dags/example_subdag_operator.py
[2024-05-06T20:09:26.928+0000] {logging_mixin.py:188} INFO - [2024-05-06T20:09:26.928+0000] {dag.py:3096} INFO - Sync 3 DAGs
[2024-05-06T20:09:26.939+0000] {logging_mixin.py:188} INFO - [2024-05-06T20:09:26.938+0000] {dag.py:3954} INFO - Setting next_dagrun for example_subdag_operator to 2022-01-01 00:00:00+00:00, run_after=2022-01-01 00:00:00+00:00
[2024-05-06T20:09:26.940+0000] {logging_mixin.py:188} INFO - [2024-05-06T20:09:26.940+0000] {dag.py:3954} INFO - Setting next_dagrun for example_subdag_operator.section-1 to None, run_after=None
[2024-05-06T20:09:26.941+0000] {logging_mixin.py:188} INFO - [2024-05-06T20:09:26.941+0000] {dag.py:3954} INFO - Setting next_dagrun for example_subdag_operator.section-2 to None, run_after=None
[2024-05-06T20:09:26.944+0000] {logging_mixin.py:188} INFO - [2024-05-06T20:09:26.944+0000] {dag.py:3096} INFO - Sync 2 DAGs
[2024-05-06T20:09:26.947+0000] {logging_mixin.py:188} INFO - [2024-05-06T20:09:26.947+0000] {dag.py:3954} INFO - Setting next_dagrun for example_subdag_operator.section-1 to None, run_after=None
[2024-05-06T20:09:26.947+0000] {logging_mixin.py:188} INFO - [2024-05-06T20:09:26.947+0000] {dag.py:3954} INFO - Setting next_dagrun for example_subdag_operator.section-2 to None, run_after=None
[2024-05-06T20:09:26.952+0000] {processor.py:183} INFO - Processing /home/airflow/.local/lib/python3.12/site-packages/airflow/example_dags/example_subdag_operator.py took 0.047 seconds
[2024-05-06T20:09:57.362+0000] {processor.py:161} INFO - Started process (PID=5510) to work on /home/airflow/.local/lib/python3.12/site-packages/airflow/example_dags/example_subdag_operator.py
[2024-05-06T20:09:57.363+0000] {processor.py:830} INFO - Processing file /home/airflow/.local/lib/python3.12/site-packages/airflow/example_dags/example_subdag_operator.py for tasks to queue
[2024-05-06T20:09:57.364+0000] {logging_mixin.py:188} INFO - [2024-05-06T20:09:57.363+0000] {dagbag.py:540} INFO - Filling up the DagBag from /home/airflow/.local/lib/python3.12/site-packages/airflow/example_dags/example_subdag_operator.py
[2024-05-06T20:09:57.379+0000] {processor.py:840} INFO - DAG(s) 'example_subdag_operator.section-1', 'example_subdag_operator.section-2', 'example_subdag_operator' retrieved from /home/airflow/.local/lib/python3.12/site-packages/airflow/example_dags/example_subdag_operator.py
[2024-05-06T20:09:57.388+0000] {logging_mixin.py:188} INFO - [2024-05-06T20:09:57.388+0000] {dag.py:3096} INFO - Sync 3 DAGs
[2024-05-06T20:09:57.399+0000] {logging_mixin.py:188} INFO - [2024-05-06T20:09:57.399+0000] {dag.py:3954} INFO - Setting next_dagrun for example_subdag_operator to 2022-01-01 00:00:00+00:00, run_after=2022-01-01 00:00:00+00:00
[2024-05-06T20:09:57.402+0000] {logging_mixin.py:188} INFO - [2024-05-06T20:09:57.401+0000] {dag.py:3954} INFO - Setting next_dagrun for example_subdag_operator.section-1 to None, run_after=None
[2024-05-06T20:09:57.403+0000] {logging_mixin.py:188} INFO - [2024-05-06T20:09:57.402+0000] {dag.py:3954} INFO - Setting next_dagrun for example_subdag_operator.section-2 to None, run_after=None
[2024-05-06T20:09:57.406+0000] {logging_mixin.py:188} INFO - [2024-05-06T20:09:57.406+0000] {dag.py:3096} INFO - Sync 2 DAGs
[2024-05-06T20:09:57.408+0000] {logging_mixin.py:188} INFO - [2024-05-06T20:09:57.408+0000] {dag.py:3954} INFO - Setting next_dagrun for example_subdag_operator.section-1 to None, run_after=None
[2024-05-06T20:09:57.409+0000] {logging_mixin.py:188} INFO - [2024-05-06T20:09:57.409+0000] {dag.py:3954} INFO - Setting next_dagrun for example_subdag_operator.section-2 to None, run_after=None
[2024-05-06T20:09:57.413+0000] {processor.py:183} INFO - Processing /home/airflow/.local/lib/python3.12/site-packages/airflow/example_dags/example_subdag_operator.py took 0.055 seconds
[2024-05-06T20:10:28.313+0000] {processor.py:161} INFO - Started process (PID=5569) to work on /home/airflow/.local/lib/python3.12/site-packages/airflow/example_dags/example_subdag_operator.py
[2024-05-06T20:10:28.314+0000] {processor.py:830} INFO - Processing file /home/airflow/.local/lib/python3.12/site-packages/airflow/example_dags/example_subdag_operator.py for tasks to queue
[2024-05-06T20:10:28.315+0000] {logging_mixin.py:188} INFO - [2024-05-06T20:10:28.315+0000] {dagbag.py:540} INFO - Filling up the DagBag from /home/airflow/.local/lib/python3.12/site-packages/airflow/example_dags/example_subdag_operator.py
[2024-05-06T20:10:28.327+0000] {processor.py:840} INFO - DAG(s) 'example_subdag_operator.section-1', 'example_subdag_operator.section-2', 'example_subdag_operator' retrieved from /home/airflow/.local/lib/python3.12/site-packages/airflow/example_dags/example_subdag_operator.py
[2024-05-06T20:10:28.335+0000] {logging_mixin.py:188} INFO - [2024-05-06T20:10:28.335+0000] {dag.py:3096} INFO - Sync 3 DAGs
[2024-05-06T20:10:28.345+0000] {logging_mixin.py:188} INFO - [2024-05-06T20:10:28.345+0000] {dag.py:3954} INFO - Setting next_dagrun for example_subdag_operator to 2022-01-01 00:00:00+00:00, run_after=2022-01-01 00:00:00+00:00
[2024-05-06T20:10:28.347+0000] {logging_mixin.py:188} INFO - [2024-05-06T20:10:28.347+0000] {dag.py:3954} INFO - Setting next_dagrun for example_subdag_operator.section-1 to None, run_after=None
[2024-05-06T20:10:28.348+0000] {logging_mixin.py:188} INFO - [2024-05-06T20:10:28.348+0000] {dag.py:3954} INFO - Setting next_dagrun for example_subdag_operator.section-2 to None, run_after=None
[2024-05-06T20:10:28.352+0000] {logging_mixin.py:188} INFO - [2024-05-06T20:10:28.352+0000] {dag.py:3096} INFO - Sync 2 DAGs
[2024-05-06T20:10:28.355+0000] {logging_mixin.py:188} INFO - [2024-05-06T20:10:28.355+0000] {dag.py:3954} INFO - Setting next_dagrun for example_subdag_operator.section-1 to None, run_after=None
[2024-05-06T20:10:28.356+0000] {logging_mixin.py:188} INFO - [2024-05-06T20:10:28.356+0000] {dag.py:3954} INFO - Setting next_dagrun for example_subdag_operator.section-2 to None, run_after=None
[2024-05-06T20:10:28.361+0000] {processor.py:183} INFO - Processing /home/airflow/.local/lib/python3.12/site-packages/airflow/example_dags/example_subdag_operator.py took 0.051 seconds
[2024-05-06T20:10:58.466+0000] {processor.py:161} INFO - Started process (PID=5628) to work on /home/airflow/.local/lib/python3.12/site-packages/airflow/example_dags/example_subdag_operator.py
[2024-05-06T20:10:58.466+0000] {processor.py:830} INFO - Processing file /home/airflow/.local/lib/python3.12/site-packages/airflow/example_dags/example_subdag_operator.py for tasks to queue
[2024-05-06T20:10:58.467+0000] {logging_mixin.py:188} INFO - [2024-05-06T20:10:58.467+0000] {dagbag.py:540} INFO - Filling up the DagBag from /home/airflow/.local/lib/python3.12/site-packages/airflow/example_dags/example_subdag_operator.py
[2024-05-06T20:10:58.478+0000] {processor.py:840} INFO - DAG(s) 'example_subdag_operator.section-1', 'example_subdag_operator.section-2', 'example_subdag_operator' retrieved from /home/airflow/.local/lib/python3.12/site-packages/airflow/example_dags/example_subdag_operator.py
[2024-05-06T20:10:58.485+0000] {logging_mixin.py:188} INFO - [2024-05-06T20:10:58.484+0000] {dag.py:3096} INFO - Sync 3 DAGs
[2024-05-06T20:10:58.494+0000] {logging_mixin.py:188} INFO - [2024-05-06T20:10:58.494+0000] {dag.py:3954} INFO - Setting next_dagrun for example_subdag_operator to 2022-01-01 00:00:00+00:00, run_after=2022-01-01 00:00:00+00:00
[2024-05-06T20:10:58.495+0000] {logging_mixin.py:188} INFO - [2024-05-06T20:10:58.495+0000] {dag.py:3954} INFO - Setting next_dagrun for example_subdag_operator.section-1 to None, run_after=None
[2024-05-06T20:10:58.496+0000] {logging_mixin.py:188} INFO - [2024-05-06T20:10:58.496+0000] {dag.py:3954} INFO - Setting next_dagrun for example_subdag_operator.section-2 to None, run_after=None
[2024-05-06T20:10:58.499+0000] {logging_mixin.py:188} INFO - [2024-05-06T20:10:58.499+0000] {dag.py:3096} INFO - Sync 2 DAGs
[2024-05-06T20:10:58.501+0000] {logging_mixin.py:188} INFO - [2024-05-06T20:10:58.501+0000] {dag.py:3954} INFO - Setting next_dagrun for example_subdag_operator.section-1 to None, run_after=None
[2024-05-06T20:10:58.501+0000] {logging_mixin.py:188} INFO - [2024-05-06T20:10:58.501+0000] {dag.py:3954} INFO - Setting next_dagrun for example_subdag_operator.section-2 to None, run_after=None
[2024-05-06T20:10:58.505+0000] {processor.py:183} INFO - Processing /home/airflow/.local/lib/python3.12/site-packages/airflow/example_dags/example_subdag_operator.py took 0.042 seconds
