[2024-05-06T17:59:10.225+0000] {processor.py:161} INFO - Started process (PID=71) to work on /home/airflow/.local/lib/python3.12/site-packages/airflow/example_dags/example_setup_teardown.py
[2024-05-06T17:59:10.226+0000] {processor.py:830} INFO - Processing file /home/airflow/.local/lib/python3.12/site-packages/airflow/example_dags/example_setup_teardown.py for tasks to queue
[2024-05-06T17:59:10.227+0000] {logging_mixin.py:188} INFO - [2024-05-06T17:59:10.226+0000] {dagbag.py:540} INFO - Filling up the DagBag from /home/airflow/.local/lib/python3.12/site-packages/airflow/example_dags/example_setup_teardown.py
[2024-05-06T17:59:10.232+0000] {processor.py:840} INFO - DAG(s) 'example_setup_teardown' retrieved from /home/airflow/.local/lib/python3.12/site-packages/airflow/example_dags/example_setup_teardown.py
[2024-05-06T17:59:10.281+0000] {logging_mixin.py:188} INFO - [2024-05-06T17:59:10.280+0000] {override.py:1829} INFO - Created Permission View: can delete on DAG:example_setup_teardown
[2024-05-06T17:59:10.284+0000] {logging_mixin.py:188} INFO - [2024-05-06T17:59:10.284+0000] {override.py:1829} INFO - Created Permission View: can edit on DAG:example_setup_teardown
[2024-05-06T17:59:10.287+0000] {logging_mixin.py:188} INFO - [2024-05-06T17:59:10.287+0000] {override.py:1829} INFO - Created Permission View: can read on DAG:example_setup_teardown
[2024-05-06T17:59:10.288+0000] {logging_mixin.py:188} INFO - [2024-05-06T17:59:10.288+0000] {dag.py:3096} INFO - Sync 1 DAGs
[2024-05-06T17:59:10.294+0000] {logging_mixin.py:188} INFO - [2024-05-06T17:59:10.294+0000] {dag.py:3118} INFO - Creating ORM DAG for example_setup_teardown
[2024-05-06T17:59:10.299+0000] {logging_mixin.py:188} INFO - [2024-05-06T17:59:10.299+0000] {dag.py:3954} INFO - Setting next_dagrun for example_setup_teardown to 2024-05-05 00:00:00+00:00, run_after=2024-05-06 00:00:00+00:00
[2024-05-06T17:59:10.307+0000] {processor.py:183} INFO - Processing /home/airflow/.local/lib/python3.12/site-packages/airflow/example_dags/example_setup_teardown.py took 0.085 seconds
[2024-05-06T17:59:40.758+0000] {processor.py:161} INFO - Started process (PID=128) to work on /home/airflow/.local/lib/python3.12/site-packages/airflow/example_dags/example_setup_teardown.py
[2024-05-06T17:59:40.759+0000] {processor.py:830} INFO - Processing file /home/airflow/.local/lib/python3.12/site-packages/airflow/example_dags/example_setup_teardown.py for tasks to queue
[2024-05-06T17:59:40.759+0000] {logging_mixin.py:188} INFO - [2024-05-06T17:59:40.759+0000] {dagbag.py:540} INFO - Filling up the DagBag from /home/airflow/.local/lib/python3.12/site-packages/airflow/example_dags/example_setup_teardown.py
[2024-05-06T17:59:40.763+0000] {processor.py:840} INFO - DAG(s) 'example_setup_teardown' retrieved from /home/airflow/.local/lib/python3.12/site-packages/airflow/example_dags/example_setup_teardown.py
[2024-05-06T17:59:40.772+0000] {logging_mixin.py:188} INFO - [2024-05-06T17:59:40.772+0000] {dag.py:3096} INFO - Sync 1 DAGs
[2024-05-06T17:59:40.782+0000] {logging_mixin.py:188} INFO - [2024-05-06T17:59:40.782+0000] {dag.py:3954} INFO - Setting next_dagrun for example_setup_teardown to 2024-05-05 00:00:00+00:00, run_after=2024-05-06 00:00:00+00:00
[2024-05-06T17:59:40.790+0000] {processor.py:183} INFO - Processing /home/airflow/.local/lib/python3.12/site-packages/airflow/example_dags/example_setup_teardown.py took 0.035 seconds
[2024-05-06T18:00:11.434+0000] {processor.py:161} INFO - Started process (PID=186) to work on /home/airflow/.local/lib/python3.12/site-packages/airflow/example_dags/example_setup_teardown.py
[2024-05-06T18:00:11.434+0000] {processor.py:830} INFO - Processing file /home/airflow/.local/lib/python3.12/site-packages/airflow/example_dags/example_setup_teardown.py for tasks to queue
[2024-05-06T18:00:11.435+0000] {logging_mixin.py:188} INFO - [2024-05-06T18:00:11.435+0000] {dagbag.py:540} INFO - Filling up the DagBag from /home/airflow/.local/lib/python3.12/site-packages/airflow/example_dags/example_setup_teardown.py
[2024-05-06T18:00:11.438+0000] {processor.py:840} INFO - DAG(s) 'example_setup_teardown' retrieved from /home/airflow/.local/lib/python3.12/site-packages/airflow/example_dags/example_setup_teardown.py
[2024-05-06T18:00:11.448+0000] {logging_mixin.py:188} INFO - [2024-05-06T18:00:11.448+0000] {dag.py:3096} INFO - Sync 1 DAGs
[2024-05-06T18:00:11.459+0000] {logging_mixin.py:188} INFO - [2024-05-06T18:00:11.458+0000] {dag.py:3954} INFO - Setting next_dagrun for example_setup_teardown to 2024-05-05 00:00:00+00:00, run_after=2024-05-06 00:00:00+00:00
[2024-05-06T18:00:11.467+0000] {processor.py:183} INFO - Processing /home/airflow/.local/lib/python3.12/site-packages/airflow/example_dags/example_setup_teardown.py took 0.036 seconds
[2024-05-06T18:00:41.967+0000] {processor.py:161} INFO - Started process (PID=244) to work on /home/airflow/.local/lib/python3.12/site-packages/airflow/example_dags/example_setup_teardown.py
[2024-05-06T18:00:41.968+0000] {processor.py:830} INFO - Processing file /home/airflow/.local/lib/python3.12/site-packages/airflow/example_dags/example_setup_teardown.py for tasks to queue
[2024-05-06T18:00:41.969+0000] {logging_mixin.py:188} INFO - [2024-05-06T18:00:41.968+0000] {dagbag.py:540} INFO - Filling up the DagBag from /home/airflow/.local/lib/python3.12/site-packages/airflow/example_dags/example_setup_teardown.py
[2024-05-06T18:00:41.972+0000] {processor.py:840} INFO - DAG(s) 'example_setup_teardown' retrieved from /home/airflow/.local/lib/python3.12/site-packages/airflow/example_dags/example_setup_teardown.py
[2024-05-06T18:00:41.982+0000] {logging_mixin.py:188} INFO - [2024-05-06T18:00:41.982+0000] {dag.py:3096} INFO - Sync 1 DAGs
[2024-05-06T18:00:41.993+0000] {logging_mixin.py:188} INFO - [2024-05-06T18:00:41.993+0000] {dag.py:3954} INFO - Setting next_dagrun for example_setup_teardown to 2024-05-05 00:00:00+00:00, run_after=2024-05-06 00:00:00+00:00
[2024-05-06T18:00:42.001+0000] {processor.py:183} INFO - Processing /home/airflow/.local/lib/python3.12/site-packages/airflow/example_dags/example_setup_teardown.py took 0.037 seconds
[2024-05-06T18:01:12.562+0000] {processor.py:161} INFO - Started process (PID=302) to work on /home/airflow/.local/lib/python3.12/site-packages/airflow/example_dags/example_setup_teardown.py
[2024-05-06T18:01:12.562+0000] {processor.py:830} INFO - Processing file /home/airflow/.local/lib/python3.12/site-packages/airflow/example_dags/example_setup_teardown.py for tasks to queue
[2024-05-06T18:01:12.563+0000] {logging_mixin.py:188} INFO - [2024-05-06T18:01:12.563+0000] {dagbag.py:540} INFO - Filling up the DagBag from /home/airflow/.local/lib/python3.12/site-packages/airflow/example_dags/example_setup_teardown.py
[2024-05-06T18:01:12.567+0000] {processor.py:840} INFO - DAG(s) 'example_setup_teardown' retrieved from /home/airflow/.local/lib/python3.12/site-packages/airflow/example_dags/example_setup_teardown.py
[2024-05-06T18:01:12.577+0000] {logging_mixin.py:188} INFO - [2024-05-06T18:01:12.576+0000] {dag.py:3096} INFO - Sync 1 DAGs
[2024-05-06T18:01:12.587+0000] {logging_mixin.py:188} INFO - [2024-05-06T18:01:12.587+0000] {dag.py:3954} INFO - Setting next_dagrun for example_setup_teardown to 2024-05-05 00:00:00+00:00, run_after=2024-05-06 00:00:00+00:00
[2024-05-06T18:01:12.595+0000] {processor.py:183} INFO - Processing /home/airflow/.local/lib/python3.12/site-packages/airflow/example_dags/example_setup_teardown.py took 0.036 seconds
[2024-05-06T18:01:43.204+0000] {processor.py:161} INFO - Started process (PID=360) to work on /home/airflow/.local/lib/python3.12/site-packages/airflow/example_dags/example_setup_teardown.py
[2024-05-06T18:01:43.204+0000] {processor.py:830} INFO - Processing file /home/airflow/.local/lib/python3.12/site-packages/airflow/example_dags/example_setup_teardown.py for tasks to queue
[2024-05-06T18:01:43.205+0000] {logging_mixin.py:188} INFO - [2024-05-06T18:01:43.205+0000] {dagbag.py:540} INFO - Filling up the DagBag from /home/airflow/.local/lib/python3.12/site-packages/airflow/example_dags/example_setup_teardown.py
[2024-05-06T18:01:43.209+0000] {processor.py:840} INFO - DAG(s) 'example_setup_teardown' retrieved from /home/airflow/.local/lib/python3.12/site-packages/airflow/example_dags/example_setup_teardown.py
[2024-05-06T18:01:43.218+0000] {logging_mixin.py:188} INFO - [2024-05-06T18:01:43.218+0000] {dag.py:3096} INFO - Sync 1 DAGs
[2024-05-06T18:01:43.229+0000] {logging_mixin.py:188} INFO - [2024-05-06T18:01:43.228+0000] {dag.py:3954} INFO - Setting next_dagrun for example_setup_teardown to 2024-05-05 00:00:00+00:00, run_after=2024-05-06 00:00:00+00:00
[2024-05-06T18:01:43.236+0000] {processor.py:183} INFO - Processing /home/airflow/.local/lib/python3.12/site-packages/airflow/example_dags/example_setup_teardown.py took 0.035 seconds
[2024-05-06T18:02:13.847+0000] {processor.py:161} INFO - Started process (PID=418) to work on /home/airflow/.local/lib/python3.12/site-packages/airflow/example_dags/example_setup_teardown.py
[2024-05-06T18:02:13.847+0000] {processor.py:830} INFO - Processing file /home/airflow/.local/lib/python3.12/site-packages/airflow/example_dags/example_setup_teardown.py for tasks to queue
[2024-05-06T18:02:13.848+0000] {logging_mixin.py:188} INFO - [2024-05-06T18:02:13.848+0000] {dagbag.py:540} INFO - Filling up the DagBag from /home/airflow/.local/lib/python3.12/site-packages/airflow/example_dags/example_setup_teardown.py
[2024-05-06T18:02:13.852+0000] {processor.py:840} INFO - DAG(s) 'example_setup_teardown' retrieved from /home/airflow/.local/lib/python3.12/site-packages/airflow/example_dags/example_setup_teardown.py
[2024-05-06T18:02:13.862+0000] {logging_mixin.py:188} INFO - [2024-05-06T18:02:13.861+0000] {dag.py:3096} INFO - Sync 1 DAGs
[2024-05-06T18:02:13.872+0000] {logging_mixin.py:188} INFO - [2024-05-06T18:02:13.872+0000] {dag.py:3954} INFO - Setting next_dagrun for example_setup_teardown to 2024-05-05 00:00:00+00:00, run_after=2024-05-06 00:00:00+00:00
[2024-05-06T18:02:13.880+0000] {processor.py:183} INFO - Processing /home/airflow/.local/lib/python3.12/site-packages/airflow/example_dags/example_setup_teardown.py took 0.036 seconds
[2024-05-06T18:02:44.459+0000] {processor.py:161} INFO - Started process (PID=476) to work on /home/airflow/.local/lib/python3.12/site-packages/airflow/example_dags/example_setup_teardown.py
[2024-05-06T18:02:44.460+0000] {processor.py:830} INFO - Processing file /home/airflow/.local/lib/python3.12/site-packages/airflow/example_dags/example_setup_teardown.py for tasks to queue
[2024-05-06T18:02:44.461+0000] {logging_mixin.py:188} INFO - [2024-05-06T18:02:44.460+0000] {dagbag.py:540} INFO - Filling up the DagBag from /home/airflow/.local/lib/python3.12/site-packages/airflow/example_dags/example_setup_teardown.py
[2024-05-06T18:02:44.464+0000] {processor.py:840} INFO - DAG(s) 'example_setup_teardown' retrieved from /home/airflow/.local/lib/python3.12/site-packages/airflow/example_dags/example_setup_teardown.py
[2024-05-06T18:02:44.474+0000] {logging_mixin.py:188} INFO - [2024-05-06T18:02:44.474+0000] {dag.py:3096} INFO - Sync 1 DAGs
[2024-05-06T18:02:44.485+0000] {logging_mixin.py:188} INFO - [2024-05-06T18:02:44.484+0000] {dag.py:3954} INFO - Setting next_dagrun for example_setup_teardown to 2024-05-05 00:00:00+00:00, run_after=2024-05-06 00:00:00+00:00
[2024-05-06T18:02:44.492+0000] {processor.py:183} INFO - Processing /home/airflow/.local/lib/python3.12/site-packages/airflow/example_dags/example_setup_teardown.py took 0.036 seconds
[2024-05-06T18:03:14.997+0000] {processor.py:161} INFO - Started process (PID=534) to work on /home/airflow/.local/lib/python3.12/site-packages/airflow/example_dags/example_setup_teardown.py
[2024-05-06T18:03:14.998+0000] {processor.py:830} INFO - Processing file /home/airflow/.local/lib/python3.12/site-packages/airflow/example_dags/example_setup_teardown.py for tasks to queue
[2024-05-06T18:03:14.999+0000] {logging_mixin.py:188} INFO - [2024-05-06T18:03:14.999+0000] {dagbag.py:540} INFO - Filling up the DagBag from /home/airflow/.local/lib/python3.12/site-packages/airflow/example_dags/example_setup_teardown.py
[2024-05-06T18:03:15.002+0000] {processor.py:840} INFO - DAG(s) 'example_setup_teardown' retrieved from /home/airflow/.local/lib/python3.12/site-packages/airflow/example_dags/example_setup_teardown.py
[2024-05-06T18:03:15.012+0000] {logging_mixin.py:188} INFO - [2024-05-06T18:03:15.012+0000] {dag.py:3096} INFO - Sync 1 DAGs
[2024-05-06T18:03:15.022+0000] {logging_mixin.py:188} INFO - [2024-05-06T18:03:15.022+0000] {dag.py:3954} INFO - Setting next_dagrun for example_setup_teardown to 2024-05-05 00:00:00+00:00, run_after=2024-05-06 00:00:00+00:00
[2024-05-06T18:03:15.030+0000] {processor.py:183} INFO - Processing /home/airflow/.local/lib/python3.12/site-packages/airflow/example_dags/example_setup_teardown.py took 0.035 seconds
[2024-05-06T18:03:45.593+0000] {processor.py:161} INFO - Started process (PID=592) to work on /home/airflow/.local/lib/python3.12/site-packages/airflow/example_dags/example_setup_teardown.py
[2024-05-06T18:03:45.594+0000] {processor.py:830} INFO - Processing file /home/airflow/.local/lib/python3.12/site-packages/airflow/example_dags/example_setup_teardown.py for tasks to queue
[2024-05-06T18:03:45.594+0000] {logging_mixin.py:188} INFO - [2024-05-06T18:03:45.594+0000] {dagbag.py:540} INFO - Filling up the DagBag from /home/airflow/.local/lib/python3.12/site-packages/airflow/example_dags/example_setup_teardown.py
[2024-05-06T18:03:45.598+0000] {processor.py:840} INFO - DAG(s) 'example_setup_teardown' retrieved from /home/airflow/.local/lib/python3.12/site-packages/airflow/example_dags/example_setup_teardown.py
[2024-05-06T18:03:45.608+0000] {logging_mixin.py:188} INFO - [2024-05-06T18:03:45.608+0000] {dag.py:3096} INFO - Sync 1 DAGs
[2024-05-06T18:03:45.618+0000] {logging_mixin.py:188} INFO - [2024-05-06T18:03:45.618+0000] {dag.py:3954} INFO - Setting next_dagrun for example_setup_teardown to 2024-05-05 00:00:00+00:00, run_after=2024-05-06 00:00:00+00:00
[2024-05-06T18:03:45.626+0000] {processor.py:183} INFO - Processing /home/airflow/.local/lib/python3.12/site-packages/airflow/example_dags/example_setup_teardown.py took 0.036 seconds
[2024-05-06T18:04:16.261+0000] {processor.py:161} INFO - Started process (PID=650) to work on /home/airflow/.local/lib/python3.12/site-packages/airflow/example_dags/example_setup_teardown.py
[2024-05-06T18:04:16.262+0000] {processor.py:830} INFO - Processing file /home/airflow/.local/lib/python3.12/site-packages/airflow/example_dags/example_setup_teardown.py for tasks to queue
[2024-05-06T18:04:16.263+0000] {logging_mixin.py:188} INFO - [2024-05-06T18:04:16.263+0000] {dagbag.py:540} INFO - Filling up the DagBag from /home/airflow/.local/lib/python3.12/site-packages/airflow/example_dags/example_setup_teardown.py
[2024-05-06T18:04:16.266+0000] {processor.py:840} INFO - DAG(s) 'example_setup_teardown' retrieved from /home/airflow/.local/lib/python3.12/site-packages/airflow/example_dags/example_setup_teardown.py
[2024-05-06T18:04:16.276+0000] {logging_mixin.py:188} INFO - [2024-05-06T18:04:16.276+0000] {dag.py:3096} INFO - Sync 1 DAGs
[2024-05-06T18:04:16.286+0000] {logging_mixin.py:188} INFO - [2024-05-06T18:04:16.286+0000] {dag.py:3954} INFO - Setting next_dagrun for example_setup_teardown to 2024-05-05 00:00:00+00:00, run_after=2024-05-06 00:00:00+00:00
[2024-05-06T18:04:16.295+0000] {processor.py:183} INFO - Processing /home/airflow/.local/lib/python3.12/site-packages/airflow/example_dags/example_setup_teardown.py took 0.036 seconds
[2024-05-06T18:04:46.843+0000] {processor.py:161} INFO - Started process (PID=708) to work on /home/airflow/.local/lib/python3.12/site-packages/airflow/example_dags/example_setup_teardown.py
[2024-05-06T18:04:46.844+0000] {processor.py:830} INFO - Processing file /home/airflow/.local/lib/python3.12/site-packages/airflow/example_dags/example_setup_teardown.py for tasks to queue
[2024-05-06T18:04:46.845+0000] {logging_mixin.py:188} INFO - [2024-05-06T18:04:46.845+0000] {dagbag.py:540} INFO - Filling up the DagBag from /home/airflow/.local/lib/python3.12/site-packages/airflow/example_dags/example_setup_teardown.py
[2024-05-06T18:04:46.848+0000] {processor.py:840} INFO - DAG(s) 'example_setup_teardown' retrieved from /home/airflow/.local/lib/python3.12/site-packages/airflow/example_dags/example_setup_teardown.py
[2024-05-06T18:04:46.859+0000] {logging_mixin.py:188} INFO - [2024-05-06T18:04:46.859+0000] {dag.py:3096} INFO - Sync 1 DAGs
[2024-05-06T18:04:46.869+0000] {logging_mixin.py:188} INFO - [2024-05-06T18:04:46.869+0000] {dag.py:3954} INFO - Setting next_dagrun for example_setup_teardown to 2024-05-05 00:00:00+00:00, run_after=2024-05-06 00:00:00+00:00
[2024-05-06T18:04:46.878+0000] {processor.py:183} INFO - Processing /home/airflow/.local/lib/python3.12/site-packages/airflow/example_dags/example_setup_teardown.py took 0.037 seconds
[2024-05-06T18:05:17.459+0000] {processor.py:161} INFO - Started process (PID=766) to work on /home/airflow/.local/lib/python3.12/site-packages/airflow/example_dags/example_setup_teardown.py
[2024-05-06T18:05:17.459+0000] {processor.py:830} INFO - Processing file /home/airflow/.local/lib/python3.12/site-packages/airflow/example_dags/example_setup_teardown.py for tasks to queue
[2024-05-06T18:05:17.460+0000] {logging_mixin.py:188} INFO - [2024-05-06T18:05:17.460+0000] {dagbag.py:540} INFO - Filling up the DagBag from /home/airflow/.local/lib/python3.12/site-packages/airflow/example_dags/example_setup_teardown.py
[2024-05-06T18:05:17.464+0000] {processor.py:840} INFO - DAG(s) 'example_setup_teardown' retrieved from /home/airflow/.local/lib/python3.12/site-packages/airflow/example_dags/example_setup_teardown.py
[2024-05-06T18:05:17.474+0000] {logging_mixin.py:188} INFO - [2024-05-06T18:05:17.474+0000] {dag.py:3096} INFO - Sync 1 DAGs
[2024-05-06T18:05:17.484+0000] {logging_mixin.py:188} INFO - [2024-05-06T18:05:17.484+0000] {dag.py:3954} INFO - Setting next_dagrun for example_setup_teardown to 2024-05-05 00:00:00+00:00, run_after=2024-05-06 00:00:00+00:00
[2024-05-06T18:05:17.492+0000] {processor.py:183} INFO - Processing /home/airflow/.local/lib/python3.12/site-packages/airflow/example_dags/example_setup_teardown.py took 0.036 seconds
[2024-05-06T18:05:48.183+0000] {processor.py:161} INFO - Started process (PID=824) to work on /home/airflow/.local/lib/python3.12/site-packages/airflow/example_dags/example_setup_teardown.py
[2024-05-06T18:05:48.184+0000] {processor.py:830} INFO - Processing file /home/airflow/.local/lib/python3.12/site-packages/airflow/example_dags/example_setup_teardown.py for tasks to queue
[2024-05-06T18:05:48.185+0000] {logging_mixin.py:188} INFO - [2024-05-06T18:05:48.184+0000] {dagbag.py:540} INFO - Filling up the DagBag from /home/airflow/.local/lib/python3.12/site-packages/airflow/example_dags/example_setup_teardown.py
[2024-05-06T18:05:48.188+0000] {processor.py:840} INFO - DAG(s) 'example_setup_teardown' retrieved from /home/airflow/.local/lib/python3.12/site-packages/airflow/example_dags/example_setup_teardown.py
[2024-05-06T18:05:48.198+0000] {logging_mixin.py:188} INFO - [2024-05-06T18:05:48.198+0000] {dag.py:3096} INFO - Sync 1 DAGs
[2024-05-06T18:05:48.208+0000] {logging_mixin.py:188} INFO - [2024-05-06T18:05:48.208+0000] {dag.py:3954} INFO - Setting next_dagrun for example_setup_teardown to 2024-05-05 00:00:00+00:00, run_after=2024-05-06 00:00:00+00:00
[2024-05-06T18:05:48.216+0000] {processor.py:183} INFO - Processing /home/airflow/.local/lib/python3.12/site-packages/airflow/example_dags/example_setup_teardown.py took 0.036 seconds
[2024-05-06T18:06:18.279+0000] {processor.py:161} INFO - Started process (PID=882) to work on /home/airflow/.local/lib/python3.12/site-packages/airflow/example_dags/example_setup_teardown.py
[2024-05-06T18:06:18.280+0000] {processor.py:830} INFO - Processing file /home/airflow/.local/lib/python3.12/site-packages/airflow/example_dags/example_setup_teardown.py for tasks to queue
[2024-05-06T18:06:18.281+0000] {logging_mixin.py:188} INFO - [2024-05-06T18:06:18.280+0000] {dagbag.py:540} INFO - Filling up the DagBag from /home/airflow/.local/lib/python3.12/site-packages/airflow/example_dags/example_setup_teardown.py
[2024-05-06T18:06:18.284+0000] {processor.py:840} INFO - DAG(s) 'example_setup_teardown' retrieved from /home/airflow/.local/lib/python3.12/site-packages/airflow/example_dags/example_setup_teardown.py
[2024-05-06T18:06:18.294+0000] {logging_mixin.py:188} INFO - [2024-05-06T18:06:18.294+0000] {dag.py:3096} INFO - Sync 1 DAGs
[2024-05-06T18:06:18.304+0000] {logging_mixin.py:188} INFO - [2024-05-06T18:06:18.304+0000] {dag.py:3954} INFO - Setting next_dagrun for example_setup_teardown to 2024-05-05 00:00:00+00:00, run_after=2024-05-06 00:00:00+00:00
[2024-05-06T18:06:18.312+0000] {processor.py:183} INFO - Processing /home/airflow/.local/lib/python3.12/site-packages/airflow/example_dags/example_setup_teardown.py took 0.036 seconds
[2024-05-06T18:08:01.885+0000] {processor.py:161} INFO - Started process (PID=940) to work on /home/airflow/.local/lib/python3.12/site-packages/airflow/example_dags/example_setup_teardown.py
[2024-05-06T18:08:01.886+0000] {processor.py:830} INFO - Processing file /home/airflow/.local/lib/python3.12/site-packages/airflow/example_dags/example_setup_teardown.py for tasks to queue
[2024-05-06T18:08:01.887+0000] {logging_mixin.py:188} INFO - [2024-05-06T18:08:01.887+0000] {dagbag.py:540} INFO - Filling up the DagBag from /home/airflow/.local/lib/python3.12/site-packages/airflow/example_dags/example_setup_teardown.py
[2024-05-06T18:08:01.890+0000] {processor.py:840} INFO - DAG(s) 'example_setup_teardown' retrieved from /home/airflow/.local/lib/python3.12/site-packages/airflow/example_dags/example_setup_teardown.py
[2024-05-06T18:08:01.901+0000] {logging_mixin.py:188} INFO - [2024-05-06T18:08:01.901+0000] {dag.py:3096} INFO - Sync 1 DAGs
[2024-05-06T18:08:02.009+0000] {logging_mixin.py:188} INFO - [2024-05-06T18:08:02.009+0000] {dag.py:3954} INFO - Setting next_dagrun for example_setup_teardown to 2024-05-05 00:00:00+00:00, run_after=2024-05-06 00:00:00+00:00
[2024-05-06T18:08:02.019+0000] {processor.py:183} INFO - Processing /home/airflow/.local/lib/python3.12/site-packages/airflow/example_dags/example_setup_teardown.py took 0.137 seconds
[2024-05-06T18:08:32.174+0000] {processor.py:161} INFO - Started process (PID=998) to work on /home/airflow/.local/lib/python3.12/site-packages/airflow/example_dags/example_setup_teardown.py
[2024-05-06T18:08:32.175+0000] {processor.py:830} INFO - Processing file /home/airflow/.local/lib/python3.12/site-packages/airflow/example_dags/example_setup_teardown.py for tasks to queue
[2024-05-06T18:08:32.176+0000] {logging_mixin.py:188} INFO - [2024-05-06T18:08:32.176+0000] {dagbag.py:540} INFO - Filling up the DagBag from /home/airflow/.local/lib/python3.12/site-packages/airflow/example_dags/example_setup_teardown.py
[2024-05-06T18:08:32.179+0000] {processor.py:840} INFO - DAG(s) 'example_setup_teardown' retrieved from /home/airflow/.local/lib/python3.12/site-packages/airflow/example_dags/example_setup_teardown.py
[2024-05-06T18:08:32.189+0000] {logging_mixin.py:188} INFO - [2024-05-06T18:08:32.189+0000] {dag.py:3096} INFO - Sync 1 DAGs
[2024-05-06T18:08:32.198+0000] {logging_mixin.py:188} INFO - [2024-05-06T18:08:32.198+0000] {dag.py:3954} INFO - Setting next_dagrun for example_setup_teardown to 2024-05-05 00:00:00+00:00, run_after=2024-05-06 00:00:00+00:00
[2024-05-06T18:08:32.207+0000] {processor.py:183} INFO - Processing /home/airflow/.local/lib/python3.12/site-packages/airflow/example_dags/example_setup_teardown.py took 0.035 seconds
[2024-05-06T18:09:02.279+0000] {processor.py:161} INFO - Started process (PID=1056) to work on /home/airflow/.local/lib/python3.12/site-packages/airflow/example_dags/example_setup_teardown.py
[2024-05-06T18:09:02.280+0000] {processor.py:830} INFO - Processing file /home/airflow/.local/lib/python3.12/site-packages/airflow/example_dags/example_setup_teardown.py for tasks to queue
[2024-05-06T18:09:02.281+0000] {logging_mixin.py:188} INFO - [2024-05-06T18:09:02.281+0000] {dagbag.py:540} INFO - Filling up the DagBag from /home/airflow/.local/lib/python3.12/site-packages/airflow/example_dags/example_setup_teardown.py
[2024-05-06T18:09:02.284+0000] {processor.py:840} INFO - DAG(s) 'example_setup_teardown' retrieved from /home/airflow/.local/lib/python3.12/site-packages/airflow/example_dags/example_setup_teardown.py
[2024-05-06T18:09:02.293+0000] {logging_mixin.py:188} INFO - [2024-05-06T18:09:02.293+0000] {dag.py:3096} INFO - Sync 1 DAGs
[2024-05-06T18:09:02.302+0000] {logging_mixin.py:188} INFO - [2024-05-06T18:09:02.302+0000] {dag.py:3954} INFO - Setting next_dagrun for example_setup_teardown to 2024-05-05 00:00:00+00:00, run_after=2024-05-06 00:00:00+00:00
[2024-05-06T18:09:02.309+0000] {processor.py:183} INFO - Processing /home/airflow/.local/lib/python3.12/site-packages/airflow/example_dags/example_setup_teardown.py took 0.033 seconds
[2024-05-06T18:09:32.904+0000] {processor.py:161} INFO - Started process (PID=1114) to work on /home/airflow/.local/lib/python3.12/site-packages/airflow/example_dags/example_setup_teardown.py
[2024-05-06T18:09:32.905+0000] {processor.py:830} INFO - Processing file /home/airflow/.local/lib/python3.12/site-packages/airflow/example_dags/example_setup_teardown.py for tasks to queue
[2024-05-06T18:09:32.906+0000] {logging_mixin.py:188} INFO - [2024-05-06T18:09:32.906+0000] {dagbag.py:540} INFO - Filling up the DagBag from /home/airflow/.local/lib/python3.12/site-packages/airflow/example_dags/example_setup_teardown.py
[2024-05-06T18:09:32.910+0000] {processor.py:840} INFO - DAG(s) 'example_setup_teardown' retrieved from /home/airflow/.local/lib/python3.12/site-packages/airflow/example_dags/example_setup_teardown.py
[2024-05-06T18:09:32.920+0000] {logging_mixin.py:188} INFO - [2024-05-06T18:09:32.920+0000] {dag.py:3096} INFO - Sync 1 DAGs
[2024-05-06T18:09:32.930+0000] {logging_mixin.py:188} INFO - [2024-05-06T18:09:32.930+0000] {dag.py:3954} INFO - Setting next_dagrun for example_setup_teardown to 2024-05-05 00:00:00+00:00, run_after=2024-05-06 00:00:00+00:00
[2024-05-06T18:09:32.938+0000] {processor.py:183} INFO - Processing /home/airflow/.local/lib/python3.12/site-packages/airflow/example_dags/example_setup_teardown.py took 0.037 seconds
[2024-05-06T18:10:03.520+0000] {processor.py:161} INFO - Started process (PID=1172) to work on /home/airflow/.local/lib/python3.12/site-packages/airflow/example_dags/example_setup_teardown.py
[2024-05-06T18:10:03.521+0000] {processor.py:830} INFO - Processing file /home/airflow/.local/lib/python3.12/site-packages/airflow/example_dags/example_setup_teardown.py for tasks to queue
[2024-05-06T18:10:03.522+0000] {logging_mixin.py:188} INFO - [2024-05-06T18:10:03.522+0000] {dagbag.py:540} INFO - Filling up the DagBag from /home/airflow/.local/lib/python3.12/site-packages/airflow/example_dags/example_setup_teardown.py
[2024-05-06T18:10:03.526+0000] {processor.py:840} INFO - DAG(s) 'example_setup_teardown' retrieved from /home/airflow/.local/lib/python3.12/site-packages/airflow/example_dags/example_setup_teardown.py
[2024-05-06T18:10:03.536+0000] {logging_mixin.py:188} INFO - [2024-05-06T18:10:03.536+0000] {dag.py:3096} INFO - Sync 1 DAGs
[2024-05-06T18:10:03.546+0000] {logging_mixin.py:188} INFO - [2024-05-06T18:10:03.546+0000] {dag.py:3954} INFO - Setting next_dagrun for example_setup_teardown to 2024-05-05 00:00:00+00:00, run_after=2024-05-06 00:00:00+00:00
[2024-05-06T18:10:03.554+0000] {processor.py:183} INFO - Processing /home/airflow/.local/lib/python3.12/site-packages/airflow/example_dags/example_setup_teardown.py took 0.037 seconds
[2024-05-06T18:10:34.144+0000] {processor.py:161} INFO - Started process (PID=1230) to work on /home/airflow/.local/lib/python3.12/site-packages/airflow/example_dags/example_setup_teardown.py
[2024-05-06T18:10:34.144+0000] {processor.py:830} INFO - Processing file /home/airflow/.local/lib/python3.12/site-packages/airflow/example_dags/example_setup_teardown.py for tasks to queue
[2024-05-06T18:10:34.145+0000] {logging_mixin.py:188} INFO - [2024-05-06T18:10:34.145+0000] {dagbag.py:540} INFO - Filling up the DagBag from /home/airflow/.local/lib/python3.12/site-packages/airflow/example_dags/example_setup_teardown.py
[2024-05-06T18:10:34.149+0000] {processor.py:840} INFO - DAG(s) 'example_setup_teardown' retrieved from /home/airflow/.local/lib/python3.12/site-packages/airflow/example_dags/example_setup_teardown.py
[2024-05-06T18:10:34.160+0000] {logging_mixin.py:188} INFO - [2024-05-06T18:10:34.159+0000] {dag.py:3096} INFO - Sync 1 DAGs
[2024-05-06T18:10:34.173+0000] {logging_mixin.py:188} INFO - [2024-05-06T18:10:34.173+0000] {dag.py:3954} INFO - Setting next_dagrun for example_setup_teardown to 2024-05-05 00:00:00+00:00, run_after=2024-05-06 00:00:00+00:00
[2024-05-06T18:10:34.181+0000] {processor.py:183} INFO - Processing /home/airflow/.local/lib/python3.12/site-packages/airflow/example_dags/example_setup_teardown.py took 0.040 seconds
[2024-05-06T18:11:04.688+0000] {processor.py:161} INFO - Started process (PID=1288) to work on /home/airflow/.local/lib/python3.12/site-packages/airflow/example_dags/example_setup_teardown.py
[2024-05-06T18:11:04.688+0000] {processor.py:830} INFO - Processing file /home/airflow/.local/lib/python3.12/site-packages/airflow/example_dags/example_setup_teardown.py for tasks to queue
[2024-05-06T18:11:04.689+0000] {logging_mixin.py:188} INFO - [2024-05-06T18:11:04.689+0000] {dagbag.py:540} INFO - Filling up the DagBag from /home/airflow/.local/lib/python3.12/site-packages/airflow/example_dags/example_setup_teardown.py
[2024-05-06T18:11:04.693+0000] {processor.py:840} INFO - DAG(s) 'example_setup_teardown' retrieved from /home/airflow/.local/lib/python3.12/site-packages/airflow/example_dags/example_setup_teardown.py
[2024-05-06T18:11:04.702+0000] {logging_mixin.py:188} INFO - [2024-05-06T18:11:04.702+0000] {dag.py:3096} INFO - Sync 1 DAGs
[2024-05-06T18:11:04.712+0000] {logging_mixin.py:188} INFO - [2024-05-06T18:11:04.712+0000] {dag.py:3954} INFO - Setting next_dagrun for example_setup_teardown to 2024-05-05 00:00:00+00:00, run_after=2024-05-06 00:00:00+00:00
[2024-05-06T18:11:04.720+0000] {processor.py:183} INFO - Processing /home/airflow/.local/lib/python3.12/site-packages/airflow/example_dags/example_setup_teardown.py took 0.036 seconds
[2024-05-06T18:11:35.320+0000] {processor.py:161} INFO - Started process (PID=1345) to work on /home/airflow/.local/lib/python3.12/site-packages/airflow/example_dags/example_setup_teardown.py
[2024-05-06T18:11:35.321+0000] {processor.py:830} INFO - Processing file /home/airflow/.local/lib/python3.12/site-packages/airflow/example_dags/example_setup_teardown.py for tasks to queue
[2024-05-06T18:11:35.322+0000] {logging_mixin.py:188} INFO - [2024-05-06T18:11:35.322+0000] {dagbag.py:540} INFO - Filling up the DagBag from /home/airflow/.local/lib/python3.12/site-packages/airflow/example_dags/example_setup_teardown.py
[2024-05-06T18:11:35.326+0000] {processor.py:840} INFO - DAG(s) 'example_setup_teardown' retrieved from /home/airflow/.local/lib/python3.12/site-packages/airflow/example_dags/example_setup_teardown.py
[2024-05-06T18:11:35.336+0000] {logging_mixin.py:188} INFO - [2024-05-06T18:11:35.336+0000] {dag.py:3096} INFO - Sync 1 DAGs
[2024-05-06T18:11:35.346+0000] {logging_mixin.py:188} INFO - [2024-05-06T18:11:35.346+0000] {dag.py:3954} INFO - Setting next_dagrun for example_setup_teardown to 2024-05-05 00:00:00+00:00, run_after=2024-05-06 00:00:00+00:00
[2024-05-06T18:11:35.355+0000] {processor.py:183} INFO - Processing /home/airflow/.local/lib/python3.12/site-packages/airflow/example_dags/example_setup_teardown.py took 0.037 seconds
[2024-05-06T18:12:05.895+0000] {processor.py:161} INFO - Started process (PID=1402) to work on /home/airflow/.local/lib/python3.12/site-packages/airflow/example_dags/example_setup_teardown.py
[2024-05-06T18:12:05.895+0000] {processor.py:830} INFO - Processing file /home/airflow/.local/lib/python3.12/site-packages/airflow/example_dags/example_setup_teardown.py for tasks to queue
[2024-05-06T18:12:05.896+0000] {logging_mixin.py:188} INFO - [2024-05-06T18:12:05.896+0000] {dagbag.py:540} INFO - Filling up the DagBag from /home/airflow/.local/lib/python3.12/site-packages/airflow/example_dags/example_setup_teardown.py
[2024-05-06T18:12:05.900+0000] {processor.py:840} INFO - DAG(s) 'example_setup_teardown' retrieved from /home/airflow/.local/lib/python3.12/site-packages/airflow/example_dags/example_setup_teardown.py
[2024-05-06T18:12:05.909+0000] {logging_mixin.py:188} INFO - [2024-05-06T18:12:05.909+0000] {dag.py:3096} INFO - Sync 1 DAGs
[2024-05-06T18:12:05.920+0000] {logging_mixin.py:188} INFO - [2024-05-06T18:12:05.919+0000] {dag.py:3954} INFO - Setting next_dagrun for example_setup_teardown to 2024-05-05 00:00:00+00:00, run_after=2024-05-06 00:00:00+00:00
[2024-05-06T18:12:05.928+0000] {processor.py:183} INFO - Processing /home/airflow/.local/lib/python3.12/site-packages/airflow/example_dags/example_setup_teardown.py took 0.036 seconds
[2024-05-06T18:12:36.473+0000] {processor.py:161} INFO - Started process (PID=1460) to work on /home/airflow/.local/lib/python3.12/site-packages/airflow/example_dags/example_setup_teardown.py
[2024-05-06T18:12:36.474+0000] {processor.py:830} INFO - Processing file /home/airflow/.local/lib/python3.12/site-packages/airflow/example_dags/example_setup_teardown.py for tasks to queue
[2024-05-06T18:12:36.475+0000] {logging_mixin.py:188} INFO - [2024-05-06T18:12:36.475+0000] {dagbag.py:540} INFO - Filling up the DagBag from /home/airflow/.local/lib/python3.12/site-packages/airflow/example_dags/example_setup_teardown.py
[2024-05-06T18:12:36.478+0000] {processor.py:840} INFO - DAG(s) 'example_setup_teardown' retrieved from /home/airflow/.local/lib/python3.12/site-packages/airflow/example_dags/example_setup_teardown.py
[2024-05-06T18:12:36.489+0000] {logging_mixin.py:188} INFO - [2024-05-06T18:12:36.488+0000] {dag.py:3096} INFO - Sync 1 DAGs
[2024-05-06T18:12:36.499+0000] {logging_mixin.py:188} INFO - [2024-05-06T18:12:36.499+0000] {dag.py:3954} INFO - Setting next_dagrun for example_setup_teardown to 2024-05-05 00:00:00+00:00, run_after=2024-05-06 00:00:00+00:00
[2024-05-06T18:12:36.508+0000] {processor.py:183} INFO - Processing /home/airflow/.local/lib/python3.12/site-packages/airflow/example_dags/example_setup_teardown.py took 0.037 seconds
[2024-05-06T18:13:07.083+0000] {processor.py:161} INFO - Started process (PID=1518) to work on /home/airflow/.local/lib/python3.12/site-packages/airflow/example_dags/example_setup_teardown.py
[2024-05-06T18:13:07.083+0000] {processor.py:830} INFO - Processing file /home/airflow/.local/lib/python3.12/site-packages/airflow/example_dags/example_setup_teardown.py for tasks to queue
[2024-05-06T18:13:07.084+0000] {logging_mixin.py:188} INFO - [2024-05-06T18:13:07.084+0000] {dagbag.py:540} INFO - Filling up the DagBag from /home/airflow/.local/lib/python3.12/site-packages/airflow/example_dags/example_setup_teardown.py
[2024-05-06T18:13:07.088+0000] {processor.py:840} INFO - DAG(s) 'example_setup_teardown' retrieved from /home/airflow/.local/lib/python3.12/site-packages/airflow/example_dags/example_setup_teardown.py
[2024-05-06T18:13:07.098+0000] {logging_mixin.py:188} INFO - [2024-05-06T18:13:07.098+0000] {dag.py:3096} INFO - Sync 1 DAGs
[2024-05-06T18:13:07.109+0000] {logging_mixin.py:188} INFO - [2024-05-06T18:13:07.109+0000] {dag.py:3954} INFO - Setting next_dagrun for example_setup_teardown to 2024-05-05 00:00:00+00:00, run_after=2024-05-06 00:00:00+00:00
[2024-05-06T18:13:07.117+0000] {processor.py:183} INFO - Processing /home/airflow/.local/lib/python3.12/site-packages/airflow/example_dags/example_setup_teardown.py took 0.037 seconds
[2024-05-06T18:13:37.654+0000] {processor.py:161} INFO - Started process (PID=1576) to work on /home/airflow/.local/lib/python3.12/site-packages/airflow/example_dags/example_setup_teardown.py
[2024-05-06T18:13:37.655+0000] {processor.py:830} INFO - Processing file /home/airflow/.local/lib/python3.12/site-packages/airflow/example_dags/example_setup_teardown.py for tasks to queue
[2024-05-06T18:13:37.656+0000] {logging_mixin.py:188} INFO - [2024-05-06T18:13:37.656+0000] {dagbag.py:540} INFO - Filling up the DagBag from /home/airflow/.local/lib/python3.12/site-packages/airflow/example_dags/example_setup_teardown.py
[2024-05-06T18:13:37.660+0000] {processor.py:840} INFO - DAG(s) 'example_setup_teardown' retrieved from /home/airflow/.local/lib/python3.12/site-packages/airflow/example_dags/example_setup_teardown.py
[2024-05-06T18:13:37.670+0000] {logging_mixin.py:188} INFO - [2024-05-06T18:13:37.670+0000] {dag.py:3096} INFO - Sync 1 DAGs
[2024-05-06T18:13:37.680+0000] {logging_mixin.py:188} INFO - [2024-05-06T18:13:37.680+0000] {dag.py:3954} INFO - Setting next_dagrun for example_setup_teardown to 2024-05-05 00:00:00+00:00, run_after=2024-05-06 00:00:00+00:00
[2024-05-06T18:13:37.688+0000] {processor.py:183} INFO - Processing /home/airflow/.local/lib/python3.12/site-packages/airflow/example_dags/example_setup_teardown.py took 0.037 seconds
[2024-05-06T18:14:08.253+0000] {processor.py:161} INFO - Started process (PID=1634) to work on /home/airflow/.local/lib/python3.12/site-packages/airflow/example_dags/example_setup_teardown.py
[2024-05-06T18:14:08.253+0000] {processor.py:830} INFO - Processing file /home/airflow/.local/lib/python3.12/site-packages/airflow/example_dags/example_setup_teardown.py for tasks to queue
[2024-05-06T18:14:08.254+0000] {logging_mixin.py:188} INFO - [2024-05-06T18:14:08.254+0000] {dagbag.py:540} INFO - Filling up the DagBag from /home/airflow/.local/lib/python3.12/site-packages/airflow/example_dags/example_setup_teardown.py
[2024-05-06T18:14:08.258+0000] {processor.py:840} INFO - DAG(s) 'example_setup_teardown' retrieved from /home/airflow/.local/lib/python3.12/site-packages/airflow/example_dags/example_setup_teardown.py
[2024-05-06T18:14:08.268+0000] {logging_mixin.py:188} INFO - [2024-05-06T18:14:08.268+0000] {dag.py:3096} INFO - Sync 1 DAGs
[2024-05-06T18:14:08.278+0000] {logging_mixin.py:188} INFO - [2024-05-06T18:14:08.278+0000] {dag.py:3954} INFO - Setting next_dagrun for example_setup_teardown to 2024-05-05 00:00:00+00:00, run_after=2024-05-06 00:00:00+00:00
[2024-05-06T18:14:08.286+0000] {processor.py:183} INFO - Processing /home/airflow/.local/lib/python3.12/site-packages/airflow/example_dags/example_setup_teardown.py took 0.036 seconds
[2024-05-06T18:14:38.782+0000] {processor.py:161} INFO - Started process (PID=1692) to work on /home/airflow/.local/lib/python3.12/site-packages/airflow/example_dags/example_setup_teardown.py
[2024-05-06T18:14:38.783+0000] {processor.py:830} INFO - Processing file /home/airflow/.local/lib/python3.12/site-packages/airflow/example_dags/example_setup_teardown.py for tasks to queue
[2024-05-06T18:14:38.784+0000] {logging_mixin.py:188} INFO - [2024-05-06T18:14:38.783+0000] {dagbag.py:540} INFO - Filling up the DagBag from /home/airflow/.local/lib/python3.12/site-packages/airflow/example_dags/example_setup_teardown.py
[2024-05-06T18:14:38.787+0000] {processor.py:840} INFO - DAG(s) 'example_setup_teardown' retrieved from /home/airflow/.local/lib/python3.12/site-packages/airflow/example_dags/example_setup_teardown.py
[2024-05-06T18:14:38.797+0000] {logging_mixin.py:188} INFO - [2024-05-06T18:14:38.797+0000] {dag.py:3096} INFO - Sync 1 DAGs
[2024-05-06T18:14:38.806+0000] {logging_mixin.py:188} INFO - [2024-05-06T18:14:38.806+0000] {dag.py:3954} INFO - Setting next_dagrun for example_setup_teardown to 2024-05-05 00:00:00+00:00, run_after=2024-05-06 00:00:00+00:00
[2024-05-06T18:14:38.815+0000] {processor.py:183} INFO - Processing /home/airflow/.local/lib/python3.12/site-packages/airflow/example_dags/example_setup_teardown.py took 0.036 seconds
[2024-05-06T18:15:09.381+0000] {processor.py:161} INFO - Started process (PID=1750) to work on /home/airflow/.local/lib/python3.12/site-packages/airflow/example_dags/example_setup_teardown.py
[2024-05-06T18:15:09.382+0000] {processor.py:830} INFO - Processing file /home/airflow/.local/lib/python3.12/site-packages/airflow/example_dags/example_setup_teardown.py for tasks to queue
[2024-05-06T18:15:09.382+0000] {logging_mixin.py:188} INFO - [2024-05-06T18:15:09.382+0000] {dagbag.py:540} INFO - Filling up the DagBag from /home/airflow/.local/lib/python3.12/site-packages/airflow/example_dags/example_setup_teardown.py
[2024-05-06T18:15:09.386+0000] {processor.py:840} INFO - DAG(s) 'example_setup_teardown' retrieved from /home/airflow/.local/lib/python3.12/site-packages/airflow/example_dags/example_setup_teardown.py
[2024-05-06T18:15:09.395+0000] {logging_mixin.py:188} INFO - [2024-05-06T18:15:09.395+0000] {dag.py:3096} INFO - Sync 1 DAGs
[2024-05-06T18:15:09.404+0000] {logging_mixin.py:188} INFO - [2024-05-06T18:15:09.404+0000] {dag.py:3954} INFO - Setting next_dagrun for example_setup_teardown to 2024-05-05 00:00:00+00:00, run_after=2024-05-06 00:00:00+00:00
[2024-05-06T18:15:09.412+0000] {processor.py:183} INFO - Processing /home/airflow/.local/lib/python3.12/site-packages/airflow/example_dags/example_setup_teardown.py took 0.034 seconds
[2024-05-06T18:15:39.988+0000] {processor.py:161} INFO - Started process (PID=1808) to work on /home/airflow/.local/lib/python3.12/site-packages/airflow/example_dags/example_setup_teardown.py
[2024-05-06T18:15:39.989+0000] {processor.py:830} INFO - Processing file /home/airflow/.local/lib/python3.12/site-packages/airflow/example_dags/example_setup_teardown.py for tasks to queue
[2024-05-06T18:15:39.990+0000] {logging_mixin.py:188} INFO - [2024-05-06T18:15:39.989+0000] {dagbag.py:540} INFO - Filling up the DagBag from /home/airflow/.local/lib/python3.12/site-packages/airflow/example_dags/example_setup_teardown.py
[2024-05-06T18:15:39.993+0000] {processor.py:840} INFO - DAG(s) 'example_setup_teardown' retrieved from /home/airflow/.local/lib/python3.12/site-packages/airflow/example_dags/example_setup_teardown.py
[2024-05-06T18:15:40.003+0000] {logging_mixin.py:188} INFO - [2024-05-06T18:15:40.003+0000] {dag.py:3096} INFO - Sync 1 DAGs
[2024-05-06T18:15:40.014+0000] {logging_mixin.py:188} INFO - [2024-05-06T18:15:40.014+0000] {dag.py:3954} INFO - Setting next_dagrun for example_setup_teardown to 2024-05-05 00:00:00+00:00, run_after=2024-05-06 00:00:00+00:00
[2024-05-06T18:15:40.022+0000] {processor.py:183} INFO - Processing /home/airflow/.local/lib/python3.12/site-packages/airflow/example_dags/example_setup_teardown.py took 0.037 seconds
[2024-05-06T18:16:10.571+0000] {processor.py:161} INFO - Started process (PID=1866) to work on /home/airflow/.local/lib/python3.12/site-packages/airflow/example_dags/example_setup_teardown.py
[2024-05-06T18:16:10.572+0000] {processor.py:830} INFO - Processing file /home/airflow/.local/lib/python3.12/site-packages/airflow/example_dags/example_setup_teardown.py for tasks to queue
[2024-05-06T18:16:10.574+0000] {logging_mixin.py:188} INFO - [2024-05-06T18:16:10.574+0000] {dagbag.py:540} INFO - Filling up the DagBag from /home/airflow/.local/lib/python3.12/site-packages/airflow/example_dags/example_setup_teardown.py
[2024-05-06T18:16:10.578+0000] {processor.py:840} INFO - DAG(s) 'example_setup_teardown' retrieved from /home/airflow/.local/lib/python3.12/site-packages/airflow/example_dags/example_setup_teardown.py
[2024-05-06T18:16:10.587+0000] {logging_mixin.py:188} INFO - [2024-05-06T18:16:10.587+0000] {dag.py:3096} INFO - Sync 1 DAGs
[2024-05-06T18:16:10.598+0000] {logging_mixin.py:188} INFO - [2024-05-06T18:16:10.598+0000] {dag.py:3954} INFO - Setting next_dagrun for example_setup_teardown to 2024-05-05 00:00:00+00:00, run_after=2024-05-06 00:00:00+00:00
[2024-05-06T18:16:10.606+0000] {processor.py:183} INFO - Processing /home/airflow/.local/lib/python3.12/site-packages/airflow/example_dags/example_setup_teardown.py took 0.038 seconds
[2024-05-06T18:16:41.119+0000] {processor.py:161} INFO - Started process (PID=1924) to work on /home/airflow/.local/lib/python3.12/site-packages/airflow/example_dags/example_setup_teardown.py
[2024-05-06T18:16:41.119+0000] {processor.py:830} INFO - Processing file /home/airflow/.local/lib/python3.12/site-packages/airflow/example_dags/example_setup_teardown.py for tasks to queue
[2024-05-06T18:16:41.120+0000] {logging_mixin.py:188} INFO - [2024-05-06T18:16:41.120+0000] {dagbag.py:540} INFO - Filling up the DagBag from /home/airflow/.local/lib/python3.12/site-packages/airflow/example_dags/example_setup_teardown.py
[2024-05-06T18:16:41.124+0000] {processor.py:840} INFO - DAG(s) 'example_setup_teardown' retrieved from /home/airflow/.local/lib/python3.12/site-packages/airflow/example_dags/example_setup_teardown.py
[2024-05-06T18:16:41.133+0000] {logging_mixin.py:188} INFO - [2024-05-06T18:16:41.133+0000] {dag.py:3096} INFO - Sync 1 DAGs
[2024-05-06T18:16:41.143+0000] {logging_mixin.py:188} INFO - [2024-05-06T18:16:41.143+0000] {dag.py:3954} INFO - Setting next_dagrun for example_setup_teardown to 2024-05-05 00:00:00+00:00, run_after=2024-05-06 00:00:00+00:00
[2024-05-06T18:16:41.152+0000] {processor.py:183} INFO - Processing /home/airflow/.local/lib/python3.12/site-packages/airflow/example_dags/example_setup_teardown.py took 0.036 seconds
[2024-05-06T18:18:14.626+0000] {processor.py:161} INFO - Started process (PID=1981) to work on /home/airflow/.local/lib/python3.12/site-packages/airflow/example_dags/example_setup_teardown.py
[2024-05-06T18:18:14.627+0000] {processor.py:830} INFO - Processing file /home/airflow/.local/lib/python3.12/site-packages/airflow/example_dags/example_setup_teardown.py for tasks to queue
[2024-05-06T18:18:14.628+0000] {logging_mixin.py:188} INFO - [2024-05-06T18:18:14.627+0000] {dagbag.py:540} INFO - Filling up the DagBag from /home/airflow/.local/lib/python3.12/site-packages/airflow/example_dags/example_setup_teardown.py
[2024-05-06T18:18:14.631+0000] {processor.py:840} INFO - DAG(s) 'example_setup_teardown' retrieved from /home/airflow/.local/lib/python3.12/site-packages/airflow/example_dags/example_setup_teardown.py
[2024-05-06T18:18:14.641+0000] {logging_mixin.py:188} INFO - [2024-05-06T18:18:14.641+0000] {dag.py:3096} INFO - Sync 1 DAGs
[2024-05-06T18:18:14.651+0000] {logging_mixin.py:188} INFO - [2024-05-06T18:18:14.651+0000] {dag.py:3954} INFO - Setting next_dagrun for example_setup_teardown to 2024-05-05 00:00:00+00:00, run_after=2024-05-06 00:00:00+00:00
[2024-05-06T18:18:14.660+0000] {processor.py:183} INFO - Processing /home/airflow/.local/lib/python3.12/site-packages/airflow/example_dags/example_setup_teardown.py took 0.036 seconds
[2024-05-06T18:18:45.176+0000] {processor.py:161} INFO - Started process (PID=2039) to work on /home/airflow/.local/lib/python3.12/site-packages/airflow/example_dags/example_setup_teardown.py
[2024-05-06T18:18:45.177+0000] {processor.py:830} INFO - Processing file /home/airflow/.local/lib/python3.12/site-packages/airflow/example_dags/example_setup_teardown.py for tasks to queue
[2024-05-06T18:18:45.178+0000] {logging_mixin.py:188} INFO - [2024-05-06T18:18:45.178+0000] {dagbag.py:540} INFO - Filling up the DagBag from /home/airflow/.local/lib/python3.12/site-packages/airflow/example_dags/example_setup_teardown.py
[2024-05-06T18:18:45.182+0000] {processor.py:840} INFO - DAG(s) 'example_setup_teardown' retrieved from /home/airflow/.local/lib/python3.12/site-packages/airflow/example_dags/example_setup_teardown.py
[2024-05-06T18:18:45.192+0000] {logging_mixin.py:188} INFO - [2024-05-06T18:18:45.191+0000] {dag.py:3096} INFO - Sync 1 DAGs
[2024-05-06T18:18:45.202+0000] {logging_mixin.py:188} INFO - [2024-05-06T18:18:45.202+0000] {dag.py:3954} INFO - Setting next_dagrun for example_setup_teardown to 2024-05-05 00:00:00+00:00, run_after=2024-05-06 00:00:00+00:00
[2024-05-06T18:18:45.211+0000] {processor.py:183} INFO - Processing /home/airflow/.local/lib/python3.12/site-packages/airflow/example_dags/example_setup_teardown.py took 0.038 seconds
[2024-05-06T18:19:15.796+0000] {processor.py:161} INFO - Started process (PID=2097) to work on /home/airflow/.local/lib/python3.12/site-packages/airflow/example_dags/example_setup_teardown.py
[2024-05-06T18:19:15.797+0000] {processor.py:830} INFO - Processing file /home/airflow/.local/lib/python3.12/site-packages/airflow/example_dags/example_setup_teardown.py for tasks to queue
[2024-05-06T18:19:15.798+0000] {logging_mixin.py:188} INFO - [2024-05-06T18:19:15.798+0000] {dagbag.py:540} INFO - Filling up the DagBag from /home/airflow/.local/lib/python3.12/site-packages/airflow/example_dags/example_setup_teardown.py
[2024-05-06T18:19:15.801+0000] {processor.py:840} INFO - DAG(s) 'example_setup_teardown' retrieved from /home/airflow/.local/lib/python3.12/site-packages/airflow/example_dags/example_setup_teardown.py
[2024-05-06T18:19:15.811+0000] {logging_mixin.py:188} INFO - [2024-05-06T18:19:15.811+0000] {dag.py:3096} INFO - Sync 1 DAGs
[2024-05-06T18:19:15.821+0000] {logging_mixin.py:188} INFO - [2024-05-06T18:19:15.821+0000] {dag.py:3954} INFO - Setting next_dagrun for example_setup_teardown to 2024-05-05 00:00:00+00:00, run_after=2024-05-06 00:00:00+00:00
[2024-05-06T18:19:15.830+0000] {processor.py:183} INFO - Processing /home/airflow/.local/lib/python3.12/site-packages/airflow/example_dags/example_setup_teardown.py took 0.036 seconds
[2024-05-06T18:19:46.324+0000] {processor.py:161} INFO - Started process (PID=2155) to work on /home/airflow/.local/lib/python3.12/site-packages/airflow/example_dags/example_setup_teardown.py
[2024-05-06T18:19:46.324+0000] {processor.py:830} INFO - Processing file /home/airflow/.local/lib/python3.12/site-packages/airflow/example_dags/example_setup_teardown.py for tasks to queue
[2024-05-06T18:19:46.325+0000] {logging_mixin.py:188} INFO - [2024-05-06T18:19:46.325+0000] {dagbag.py:540} INFO - Filling up the DagBag from /home/airflow/.local/lib/python3.12/site-packages/airflow/example_dags/example_setup_teardown.py
[2024-05-06T18:19:46.330+0000] {processor.py:840} INFO - DAG(s) 'example_setup_teardown' retrieved from /home/airflow/.local/lib/python3.12/site-packages/airflow/example_dags/example_setup_teardown.py
[2024-05-06T18:19:46.340+0000] {logging_mixin.py:188} INFO - [2024-05-06T18:19:46.339+0000] {dag.py:3096} INFO - Sync 1 DAGs
[2024-05-06T18:19:46.353+0000] {logging_mixin.py:188} INFO - [2024-05-06T18:19:46.352+0000] {dag.py:3954} INFO - Setting next_dagrun for example_setup_teardown to 2024-05-05 00:00:00+00:00, run_after=2024-05-06 00:00:00+00:00
[2024-05-06T18:19:46.361+0000] {processor.py:183} INFO - Processing /home/airflow/.local/lib/python3.12/site-packages/airflow/example_dags/example_setup_teardown.py took 0.039 seconds
[2024-05-06T18:20:17.005+0000] {processor.py:161} INFO - Started process (PID=2213) to work on /home/airflow/.local/lib/python3.12/site-packages/airflow/example_dags/example_setup_teardown.py
[2024-05-06T18:20:17.006+0000] {processor.py:830} INFO - Processing file /home/airflow/.local/lib/python3.12/site-packages/airflow/example_dags/example_setup_teardown.py for tasks to queue
[2024-05-06T18:20:17.007+0000] {logging_mixin.py:188} INFO - [2024-05-06T18:20:17.006+0000] {dagbag.py:540} INFO - Filling up the DagBag from /home/airflow/.local/lib/python3.12/site-packages/airflow/example_dags/example_setup_teardown.py
[2024-05-06T18:20:17.010+0000] {processor.py:840} INFO - DAG(s) 'example_setup_teardown' retrieved from /home/airflow/.local/lib/python3.12/site-packages/airflow/example_dags/example_setup_teardown.py
[2024-05-06T18:20:17.020+0000] {logging_mixin.py:188} INFO - [2024-05-06T18:20:17.020+0000] {dag.py:3096} INFO - Sync 1 DAGs
[2024-05-06T18:20:17.030+0000] {logging_mixin.py:188} INFO - [2024-05-06T18:20:17.030+0000] {dag.py:3954} INFO - Setting next_dagrun for example_setup_teardown to 2024-05-05 00:00:00+00:00, run_after=2024-05-06 00:00:00+00:00
[2024-05-06T18:20:17.039+0000] {processor.py:183} INFO - Processing /home/airflow/.local/lib/python3.12/site-packages/airflow/example_dags/example_setup_teardown.py took 0.036 seconds
[2024-05-06T18:20:47.533+0000] {processor.py:161} INFO - Started process (PID=2271) to work on /home/airflow/.local/lib/python3.12/site-packages/airflow/example_dags/example_setup_teardown.py
[2024-05-06T18:20:47.533+0000] {processor.py:830} INFO - Processing file /home/airflow/.local/lib/python3.12/site-packages/airflow/example_dags/example_setup_teardown.py for tasks to queue
[2024-05-06T18:20:47.534+0000] {logging_mixin.py:188} INFO - [2024-05-06T18:20:47.534+0000] {dagbag.py:540} INFO - Filling up the DagBag from /home/airflow/.local/lib/python3.12/site-packages/airflow/example_dags/example_setup_teardown.py
[2024-05-06T18:20:47.538+0000] {processor.py:840} INFO - DAG(s) 'example_setup_teardown' retrieved from /home/airflow/.local/lib/python3.12/site-packages/airflow/example_dags/example_setup_teardown.py
[2024-05-06T18:20:47.547+0000] {logging_mixin.py:188} INFO - [2024-05-06T18:20:47.547+0000] {dag.py:3096} INFO - Sync 1 DAGs
[2024-05-06T18:20:47.558+0000] {logging_mixin.py:188} INFO - [2024-05-06T18:20:47.557+0000] {dag.py:3954} INFO - Setting next_dagrun for example_setup_teardown to 2024-05-05 00:00:00+00:00, run_after=2024-05-06 00:00:00+00:00
[2024-05-06T18:20:47.566+0000] {processor.py:183} INFO - Processing /home/airflow/.local/lib/python3.12/site-packages/airflow/example_dags/example_setup_teardown.py took 0.036 seconds
[2024-05-06T18:21:18.178+0000] {processor.py:161} INFO - Started process (PID=2329) to work on /home/airflow/.local/lib/python3.12/site-packages/airflow/example_dags/example_setup_teardown.py
[2024-05-06T18:21:18.179+0000] {processor.py:830} INFO - Processing file /home/airflow/.local/lib/python3.12/site-packages/airflow/example_dags/example_setup_teardown.py for tasks to queue
[2024-05-06T18:21:18.180+0000] {logging_mixin.py:188} INFO - [2024-05-06T18:21:18.180+0000] {dagbag.py:540} INFO - Filling up the DagBag from /home/airflow/.local/lib/python3.12/site-packages/airflow/example_dags/example_setup_teardown.py
[2024-05-06T18:21:18.183+0000] {processor.py:840} INFO - DAG(s) 'example_setup_teardown' retrieved from /home/airflow/.local/lib/python3.12/site-packages/airflow/example_dags/example_setup_teardown.py
[2024-05-06T18:21:18.192+0000] {logging_mixin.py:188} INFO - [2024-05-06T18:21:18.192+0000] {dag.py:3096} INFO - Sync 1 DAGs
[2024-05-06T18:21:18.202+0000] {logging_mixin.py:188} INFO - [2024-05-06T18:21:18.202+0000] {dag.py:3954} INFO - Setting next_dagrun for example_setup_teardown to 2024-05-05 00:00:00+00:00, run_after=2024-05-06 00:00:00+00:00
[2024-05-06T18:21:18.209+0000] {processor.py:183} INFO - Processing /home/airflow/.local/lib/python3.12/site-packages/airflow/example_dags/example_setup_teardown.py took 0.034 seconds
[2024-05-06T18:21:48.857+0000] {processor.py:161} INFO - Started process (PID=2386) to work on /home/airflow/.local/lib/python3.12/site-packages/airflow/example_dags/example_setup_teardown.py
[2024-05-06T18:21:48.858+0000] {processor.py:830} INFO - Processing file /home/airflow/.local/lib/python3.12/site-packages/airflow/example_dags/example_setup_teardown.py for tasks to queue
[2024-05-06T18:21:48.859+0000] {logging_mixin.py:188} INFO - [2024-05-06T18:21:48.859+0000] {dagbag.py:540} INFO - Filling up the DagBag from /home/airflow/.local/lib/python3.12/site-packages/airflow/example_dags/example_setup_teardown.py
[2024-05-06T18:21:48.862+0000] {processor.py:840} INFO - DAG(s) 'example_setup_teardown' retrieved from /home/airflow/.local/lib/python3.12/site-packages/airflow/example_dags/example_setup_teardown.py
[2024-05-06T18:21:48.872+0000] {logging_mixin.py:188} INFO - [2024-05-06T18:21:48.872+0000] {dag.py:3096} INFO - Sync 1 DAGs
[2024-05-06T18:21:48.882+0000] {logging_mixin.py:188} INFO - [2024-05-06T18:21:48.882+0000] {dag.py:3954} INFO - Setting next_dagrun for example_setup_teardown to 2024-05-05 00:00:00+00:00, run_after=2024-05-06 00:00:00+00:00
[2024-05-06T18:21:48.890+0000] {processor.py:183} INFO - Processing /home/airflow/.local/lib/python3.12/site-packages/airflow/example_dags/example_setup_teardown.py took 0.036 seconds
[2024-05-06T18:22:19.495+0000] {processor.py:161} INFO - Started process (PID=2444) to work on /home/airflow/.local/lib/python3.12/site-packages/airflow/example_dags/example_setup_teardown.py
[2024-05-06T18:22:19.495+0000] {processor.py:830} INFO - Processing file /home/airflow/.local/lib/python3.12/site-packages/airflow/example_dags/example_setup_teardown.py for tasks to queue
[2024-05-06T18:22:19.496+0000] {logging_mixin.py:188} INFO - [2024-05-06T18:22:19.496+0000] {dagbag.py:540} INFO - Filling up the DagBag from /home/airflow/.local/lib/python3.12/site-packages/airflow/example_dags/example_setup_teardown.py
[2024-05-06T18:22:19.500+0000] {processor.py:840} INFO - DAG(s) 'example_setup_teardown' retrieved from /home/airflow/.local/lib/python3.12/site-packages/airflow/example_dags/example_setup_teardown.py
[2024-05-06T18:22:19.510+0000] {logging_mixin.py:188} INFO - [2024-05-06T18:22:19.510+0000] {dag.py:3096} INFO - Sync 1 DAGs
[2024-05-06T18:22:19.520+0000] {logging_mixin.py:188} INFO - [2024-05-06T18:22:19.520+0000] {dag.py:3954} INFO - Setting next_dagrun for example_setup_teardown to 2024-05-05 00:00:00+00:00, run_after=2024-05-06 00:00:00+00:00
[2024-05-06T18:22:19.529+0000] {processor.py:183} INFO - Processing /home/airflow/.local/lib/python3.12/site-packages/airflow/example_dags/example_setup_teardown.py took 0.037 seconds
[2024-05-06T18:22:50.113+0000] {processor.py:161} INFO - Started process (PID=2502) to work on /home/airflow/.local/lib/python3.12/site-packages/airflow/example_dags/example_setup_teardown.py
[2024-05-06T18:22:50.114+0000] {processor.py:830} INFO - Processing file /home/airflow/.local/lib/python3.12/site-packages/airflow/example_dags/example_setup_teardown.py for tasks to queue
[2024-05-06T18:22:50.114+0000] {logging_mixin.py:188} INFO - [2024-05-06T18:22:50.114+0000] {dagbag.py:540} INFO - Filling up the DagBag from /home/airflow/.local/lib/python3.12/site-packages/airflow/example_dags/example_setup_teardown.py
[2024-05-06T18:22:50.118+0000] {processor.py:840} INFO - DAG(s) 'example_setup_teardown' retrieved from /home/airflow/.local/lib/python3.12/site-packages/airflow/example_dags/example_setup_teardown.py
[2024-05-06T18:22:50.128+0000] {logging_mixin.py:188} INFO - [2024-05-06T18:22:50.128+0000] {dag.py:3096} INFO - Sync 1 DAGs
[2024-05-06T18:22:50.139+0000] {logging_mixin.py:188} INFO - [2024-05-06T18:22:50.139+0000] {dag.py:3954} INFO - Setting next_dagrun for example_setup_teardown to 2024-05-05 00:00:00+00:00, run_after=2024-05-06 00:00:00+00:00
[2024-05-06T18:22:50.147+0000] {processor.py:183} INFO - Processing /home/airflow/.local/lib/python3.12/site-packages/airflow/example_dags/example_setup_teardown.py took 0.037 seconds
[2024-05-06T18:23:20.730+0000] {processor.py:161} INFO - Started process (PID=2559) to work on /home/airflow/.local/lib/python3.12/site-packages/airflow/example_dags/example_setup_teardown.py
[2024-05-06T18:23:20.731+0000] {processor.py:830} INFO - Processing file /home/airflow/.local/lib/python3.12/site-packages/airflow/example_dags/example_setup_teardown.py for tasks to queue
[2024-05-06T18:23:20.732+0000] {logging_mixin.py:188} INFO - [2024-05-06T18:23:20.732+0000] {dagbag.py:540} INFO - Filling up the DagBag from /home/airflow/.local/lib/python3.12/site-packages/airflow/example_dags/example_setup_teardown.py
[2024-05-06T18:23:20.736+0000] {processor.py:840} INFO - DAG(s) 'example_setup_teardown' retrieved from /home/airflow/.local/lib/python3.12/site-packages/airflow/example_dags/example_setup_teardown.py
[2024-05-06T18:23:20.746+0000] {logging_mixin.py:188} INFO - [2024-05-06T18:23:20.745+0000] {dag.py:3096} INFO - Sync 1 DAGs
[2024-05-06T18:23:20.755+0000] {logging_mixin.py:188} INFO - [2024-05-06T18:23:20.755+0000] {dag.py:3954} INFO - Setting next_dagrun for example_setup_teardown to 2024-05-05 00:00:00+00:00, run_after=2024-05-06 00:00:00+00:00
[2024-05-06T18:23:20.763+0000] {processor.py:183} INFO - Processing /home/airflow/.local/lib/python3.12/site-packages/airflow/example_dags/example_setup_teardown.py took 0.036 seconds
[2024-05-06T18:23:51.440+0000] {processor.py:161} INFO - Started process (PID=2617) to work on /home/airflow/.local/lib/python3.12/site-packages/airflow/example_dags/example_setup_teardown.py
[2024-05-06T18:23:51.441+0000] {processor.py:830} INFO - Processing file /home/airflow/.local/lib/python3.12/site-packages/airflow/example_dags/example_setup_teardown.py for tasks to queue
[2024-05-06T18:23:51.442+0000] {logging_mixin.py:188} INFO - [2024-05-06T18:23:51.441+0000] {dagbag.py:540} INFO - Filling up the DagBag from /home/airflow/.local/lib/python3.12/site-packages/airflow/example_dags/example_setup_teardown.py
[2024-05-06T18:23:51.445+0000] {processor.py:840} INFO - DAG(s) 'example_setup_teardown' retrieved from /home/airflow/.local/lib/python3.12/site-packages/airflow/example_dags/example_setup_teardown.py
[2024-05-06T18:23:51.455+0000] {logging_mixin.py:188} INFO - [2024-05-06T18:23:51.455+0000] {dag.py:3096} INFO - Sync 1 DAGs
[2024-05-06T18:23:51.465+0000] {logging_mixin.py:188} INFO - [2024-05-06T18:23:51.465+0000] {dag.py:3954} INFO - Setting next_dagrun for example_setup_teardown to 2024-05-05 00:00:00+00:00, run_after=2024-05-06 00:00:00+00:00
[2024-05-06T18:23:51.474+0000] {processor.py:183} INFO - Processing /home/airflow/.local/lib/python3.12/site-packages/airflow/example_dags/example_setup_teardown.py took 0.037 seconds
[2024-05-06T18:24:22.028+0000] {processor.py:161} INFO - Started process (PID=2675) to work on /home/airflow/.local/lib/python3.12/site-packages/airflow/example_dags/example_setup_teardown.py
[2024-05-06T18:24:22.029+0000] {processor.py:830} INFO - Processing file /home/airflow/.local/lib/python3.12/site-packages/airflow/example_dags/example_setup_teardown.py for tasks to queue
[2024-05-06T18:24:22.030+0000] {logging_mixin.py:188} INFO - [2024-05-06T18:24:22.029+0000] {dagbag.py:540} INFO - Filling up the DagBag from /home/airflow/.local/lib/python3.12/site-packages/airflow/example_dags/example_setup_teardown.py
[2024-05-06T18:24:22.033+0000] {processor.py:840} INFO - DAG(s) 'example_setup_teardown' retrieved from /home/airflow/.local/lib/python3.12/site-packages/airflow/example_dags/example_setup_teardown.py
[2024-05-06T18:24:22.043+0000] {logging_mixin.py:188} INFO - [2024-05-06T18:24:22.043+0000] {dag.py:3096} INFO - Sync 1 DAGs
[2024-05-06T18:24:22.053+0000] {logging_mixin.py:188} INFO - [2024-05-06T18:24:22.053+0000] {dag.py:3954} INFO - Setting next_dagrun for example_setup_teardown to 2024-05-05 00:00:00+00:00, run_after=2024-05-06 00:00:00+00:00
[2024-05-06T18:24:22.062+0000] {processor.py:183} INFO - Processing /home/airflow/.local/lib/python3.12/site-packages/airflow/example_dags/example_setup_teardown.py took 0.037 seconds
[2024-05-06T18:24:52.676+0000] {processor.py:161} INFO - Started process (PID=2733) to work on /home/airflow/.local/lib/python3.12/site-packages/airflow/example_dags/example_setup_teardown.py
[2024-05-06T18:24:52.676+0000] {processor.py:830} INFO - Processing file /home/airflow/.local/lib/python3.12/site-packages/airflow/example_dags/example_setup_teardown.py for tasks to queue
[2024-05-06T18:24:52.677+0000] {logging_mixin.py:188} INFO - [2024-05-06T18:24:52.677+0000] {dagbag.py:540} INFO - Filling up the DagBag from /home/airflow/.local/lib/python3.12/site-packages/airflow/example_dags/example_setup_teardown.py
[2024-05-06T18:24:52.681+0000] {processor.py:840} INFO - DAG(s) 'example_setup_teardown' retrieved from /home/airflow/.local/lib/python3.12/site-packages/airflow/example_dags/example_setup_teardown.py
[2024-05-06T18:24:52.692+0000] {logging_mixin.py:188} INFO - [2024-05-06T18:24:52.692+0000] {dag.py:3096} INFO - Sync 1 DAGs
[2024-05-06T18:24:52.703+0000] {logging_mixin.py:188} INFO - [2024-05-06T18:24:52.703+0000] {dag.py:3954} INFO - Setting next_dagrun for example_setup_teardown to 2024-05-05 00:00:00+00:00, run_after=2024-05-06 00:00:00+00:00
[2024-05-06T18:24:52.712+0000] {processor.py:183} INFO - Processing /home/airflow/.local/lib/python3.12/site-packages/airflow/example_dags/example_setup_teardown.py took 0.039 seconds
[2024-05-06T18:25:23.289+0000] {processor.py:161} INFO - Started process (PID=2791) to work on /home/airflow/.local/lib/python3.12/site-packages/airflow/example_dags/example_setup_teardown.py
[2024-05-06T18:25:23.290+0000] {processor.py:830} INFO - Processing file /home/airflow/.local/lib/python3.12/site-packages/airflow/example_dags/example_setup_teardown.py for tasks to queue
[2024-05-06T18:25:23.291+0000] {logging_mixin.py:188} INFO - [2024-05-06T18:25:23.291+0000] {dagbag.py:540} INFO - Filling up the DagBag from /home/airflow/.local/lib/python3.12/site-packages/airflow/example_dags/example_setup_teardown.py
[2024-05-06T18:25:23.295+0000] {processor.py:840} INFO - DAG(s) 'example_setup_teardown' retrieved from /home/airflow/.local/lib/python3.12/site-packages/airflow/example_dags/example_setup_teardown.py
[2024-05-06T18:25:23.306+0000] {logging_mixin.py:188} INFO - [2024-05-06T18:25:23.306+0000] {dag.py:3096} INFO - Sync 1 DAGs
[2024-05-06T18:25:23.318+0000] {logging_mixin.py:188} INFO - [2024-05-06T18:25:23.318+0000] {dag.py:3954} INFO - Setting next_dagrun for example_setup_teardown to 2024-05-05 00:00:00+00:00, run_after=2024-05-06 00:00:00+00:00
[2024-05-06T18:25:23.328+0000] {processor.py:183} INFO - Processing /home/airflow/.local/lib/python3.12/site-packages/airflow/example_dags/example_setup_teardown.py took 0.041 seconds
[2024-05-06T18:25:53.905+0000] {processor.py:161} INFO - Started process (PID=2848) to work on /home/airflow/.local/lib/python3.12/site-packages/airflow/example_dags/example_setup_teardown.py
[2024-05-06T18:25:53.906+0000] {processor.py:830} INFO - Processing file /home/airflow/.local/lib/python3.12/site-packages/airflow/example_dags/example_setup_teardown.py for tasks to queue
[2024-05-06T18:25:53.907+0000] {logging_mixin.py:188} INFO - [2024-05-06T18:25:53.906+0000] {dagbag.py:540} INFO - Filling up the DagBag from /home/airflow/.local/lib/python3.12/site-packages/airflow/example_dags/example_setup_teardown.py
[2024-05-06T18:25:53.910+0000] {processor.py:840} INFO - DAG(s) 'example_setup_teardown' retrieved from /home/airflow/.local/lib/python3.12/site-packages/airflow/example_dags/example_setup_teardown.py
[2024-05-06T18:25:53.920+0000] {logging_mixin.py:188} INFO - [2024-05-06T18:25:53.920+0000] {dag.py:3096} INFO - Sync 1 DAGs
[2024-05-06T18:25:53.931+0000] {logging_mixin.py:188} INFO - [2024-05-06T18:25:53.931+0000] {dag.py:3954} INFO - Setting next_dagrun for example_setup_teardown to 2024-05-05 00:00:00+00:00, run_after=2024-05-06 00:00:00+00:00
[2024-05-06T18:25:53.939+0000] {processor.py:183} INFO - Processing /home/airflow/.local/lib/python3.12/site-packages/airflow/example_dags/example_setup_teardown.py took 0.037 seconds
[2024-05-06T18:26:24.636+0000] {processor.py:161} INFO - Started process (PID=2906) to work on /home/airflow/.local/lib/python3.12/site-packages/airflow/example_dags/example_setup_teardown.py
[2024-05-06T18:26:24.636+0000] {processor.py:830} INFO - Processing file /home/airflow/.local/lib/python3.12/site-packages/airflow/example_dags/example_setup_teardown.py for tasks to queue
[2024-05-06T18:26:24.637+0000] {logging_mixin.py:188} INFO - [2024-05-06T18:26:24.637+0000] {dagbag.py:540} INFO - Filling up the DagBag from /home/airflow/.local/lib/python3.12/site-packages/airflow/example_dags/example_setup_teardown.py
[2024-05-06T18:26:24.641+0000] {processor.py:840} INFO - DAG(s) 'example_setup_teardown' retrieved from /home/airflow/.local/lib/python3.12/site-packages/airflow/example_dags/example_setup_teardown.py
[2024-05-06T18:26:24.651+0000] {logging_mixin.py:188} INFO - [2024-05-06T18:26:24.650+0000] {dag.py:3096} INFO - Sync 1 DAGs
[2024-05-06T18:26:24.660+0000] {logging_mixin.py:188} INFO - [2024-05-06T18:26:24.660+0000] {dag.py:3954} INFO - Setting next_dagrun for example_setup_teardown to 2024-05-05 00:00:00+00:00, run_after=2024-05-06 00:00:00+00:00
[2024-05-06T18:26:24.668+0000] {processor.py:183} INFO - Processing /home/airflow/.local/lib/python3.12/site-packages/airflow/example_dags/example_setup_teardown.py took 0.035 seconds
[2024-05-06T18:26:55.188+0000] {processor.py:161} INFO - Started process (PID=2964) to work on /home/airflow/.local/lib/python3.12/site-packages/airflow/example_dags/example_setup_teardown.py
[2024-05-06T18:26:55.188+0000] {processor.py:830} INFO - Processing file /home/airflow/.local/lib/python3.12/site-packages/airflow/example_dags/example_setup_teardown.py for tasks to queue
[2024-05-06T18:26:55.189+0000] {logging_mixin.py:188} INFO - [2024-05-06T18:26:55.189+0000] {dagbag.py:540} INFO - Filling up the DagBag from /home/airflow/.local/lib/python3.12/site-packages/airflow/example_dags/example_setup_teardown.py
[2024-05-06T18:26:55.193+0000] {processor.py:840} INFO - DAG(s) 'example_setup_teardown' retrieved from /home/airflow/.local/lib/python3.12/site-packages/airflow/example_dags/example_setup_teardown.py
[2024-05-06T18:26:55.204+0000] {logging_mixin.py:188} INFO - [2024-05-06T18:26:55.203+0000] {dag.py:3096} INFO - Sync 1 DAGs
[2024-05-06T18:26:55.215+0000] {logging_mixin.py:188} INFO - [2024-05-06T18:26:55.215+0000] {dag.py:3954} INFO - Setting next_dagrun for example_setup_teardown to 2024-05-05 00:00:00+00:00, run_after=2024-05-06 00:00:00+00:00
[2024-05-06T18:26:55.223+0000] {processor.py:183} INFO - Processing /home/airflow/.local/lib/python3.12/site-packages/airflow/example_dags/example_setup_teardown.py took 0.038 seconds
[2024-05-06T18:27:25.739+0000] {processor.py:161} INFO - Started process (PID=3021) to work on /home/airflow/.local/lib/python3.12/site-packages/airflow/example_dags/example_setup_teardown.py
[2024-05-06T18:27:25.739+0000] {processor.py:830} INFO - Processing file /home/airflow/.local/lib/python3.12/site-packages/airflow/example_dags/example_setup_teardown.py for tasks to queue
[2024-05-06T18:27:25.740+0000] {logging_mixin.py:188} INFO - [2024-05-06T18:27:25.740+0000] {dagbag.py:540} INFO - Filling up the DagBag from /home/airflow/.local/lib/python3.12/site-packages/airflow/example_dags/example_setup_teardown.py
[2024-05-06T18:27:25.744+0000] {processor.py:840} INFO - DAG(s) 'example_setup_teardown' retrieved from /home/airflow/.local/lib/python3.12/site-packages/airflow/example_dags/example_setup_teardown.py
[2024-05-06T18:27:25.754+0000] {logging_mixin.py:188} INFO - [2024-05-06T18:27:25.754+0000] {dag.py:3096} INFO - Sync 1 DAGs
[2024-05-06T18:27:25.764+0000] {logging_mixin.py:188} INFO - [2024-05-06T18:27:25.764+0000] {dag.py:3954} INFO - Setting next_dagrun for example_setup_teardown to 2024-05-05 00:00:00+00:00, run_after=2024-05-06 00:00:00+00:00
[2024-05-06T18:27:25.771+0000] {processor.py:183} INFO - Processing /home/airflow/.local/lib/python3.12/site-packages/airflow/example_dags/example_setup_teardown.py took 0.036 seconds
[2024-05-06T18:27:56.292+0000] {processor.py:161} INFO - Started process (PID=3078) to work on /home/airflow/.local/lib/python3.12/site-packages/airflow/example_dags/example_setup_teardown.py
[2024-05-06T18:27:56.292+0000] {processor.py:830} INFO - Processing file /home/airflow/.local/lib/python3.12/site-packages/airflow/example_dags/example_setup_teardown.py for tasks to queue
[2024-05-06T18:27:56.293+0000] {logging_mixin.py:188} INFO - [2024-05-06T18:27:56.293+0000] {dagbag.py:540} INFO - Filling up the DagBag from /home/airflow/.local/lib/python3.12/site-packages/airflow/example_dags/example_setup_teardown.py
[2024-05-06T18:27:56.297+0000] {processor.py:840} INFO - DAG(s) 'example_setup_teardown' retrieved from /home/airflow/.local/lib/python3.12/site-packages/airflow/example_dags/example_setup_teardown.py
[2024-05-06T18:27:56.306+0000] {logging_mixin.py:188} INFO - [2024-05-06T18:27:56.306+0000] {dag.py:3096} INFO - Sync 1 DAGs
[2024-05-06T18:27:56.317+0000] {logging_mixin.py:188} INFO - [2024-05-06T18:27:56.317+0000] {dag.py:3954} INFO - Setting next_dagrun for example_setup_teardown to 2024-05-05 00:00:00+00:00, run_after=2024-05-06 00:00:00+00:00
[2024-05-06T18:27:56.325+0000] {processor.py:183} INFO - Processing /home/airflow/.local/lib/python3.12/site-packages/airflow/example_dags/example_setup_teardown.py took 0.036 seconds
[2024-05-06T18:28:26.955+0000] {processor.py:161} INFO - Started process (PID=3136) to work on /home/airflow/.local/lib/python3.12/site-packages/airflow/example_dags/example_setup_teardown.py
[2024-05-06T18:28:26.955+0000] {processor.py:830} INFO - Processing file /home/airflow/.local/lib/python3.12/site-packages/airflow/example_dags/example_setup_teardown.py for tasks to queue
[2024-05-06T18:28:26.956+0000] {logging_mixin.py:188} INFO - [2024-05-06T18:28:26.956+0000] {dagbag.py:540} INFO - Filling up the DagBag from /home/airflow/.local/lib/python3.12/site-packages/airflow/example_dags/example_setup_teardown.py
[2024-05-06T18:28:26.960+0000] {processor.py:840} INFO - DAG(s) 'example_setup_teardown' retrieved from /home/airflow/.local/lib/python3.12/site-packages/airflow/example_dags/example_setup_teardown.py
[2024-05-06T18:28:26.969+0000] {logging_mixin.py:188} INFO - [2024-05-06T18:28:26.969+0000] {dag.py:3096} INFO - Sync 1 DAGs
[2024-05-06T18:28:26.979+0000] {logging_mixin.py:188} INFO - [2024-05-06T18:28:26.979+0000] {dag.py:3954} INFO - Setting next_dagrun for example_setup_teardown to 2024-05-05 00:00:00+00:00, run_after=2024-05-06 00:00:00+00:00
[2024-05-06T18:28:26.987+0000] {processor.py:183} INFO - Processing /home/airflow/.local/lib/python3.12/site-packages/airflow/example_dags/example_setup_teardown.py took 0.034 seconds
[2024-05-06T18:28:57.687+0000] {processor.py:161} INFO - Started process (PID=3194) to work on /home/airflow/.local/lib/python3.12/site-packages/airflow/example_dags/example_setup_teardown.py
[2024-05-06T18:28:57.688+0000] {processor.py:830} INFO - Processing file /home/airflow/.local/lib/python3.12/site-packages/airflow/example_dags/example_setup_teardown.py for tasks to queue
[2024-05-06T18:28:57.689+0000] {logging_mixin.py:188} INFO - [2024-05-06T18:28:57.689+0000] {dagbag.py:540} INFO - Filling up the DagBag from /home/airflow/.local/lib/python3.12/site-packages/airflow/example_dags/example_setup_teardown.py
[2024-05-06T18:28:57.692+0000] {processor.py:840} INFO - DAG(s) 'example_setup_teardown' retrieved from /home/airflow/.local/lib/python3.12/site-packages/airflow/example_dags/example_setup_teardown.py
[2024-05-06T18:28:57.702+0000] {logging_mixin.py:188} INFO - [2024-05-06T18:28:57.702+0000] {dag.py:3096} INFO - Sync 1 DAGs
[2024-05-06T18:28:57.712+0000] {logging_mixin.py:188} INFO - [2024-05-06T18:28:57.712+0000] {dag.py:3954} INFO - Setting next_dagrun for example_setup_teardown to 2024-05-05 00:00:00+00:00, run_after=2024-05-06 00:00:00+00:00
[2024-05-06T18:28:57.721+0000] {processor.py:183} INFO - Processing /home/airflow/.local/lib/python3.12/site-packages/airflow/example_dags/example_setup_teardown.py took 0.036 seconds
[2024-05-06T18:29:28.566+0000] {processor.py:161} INFO - Started process (PID=3252) to work on /home/airflow/.local/lib/python3.12/site-packages/airflow/example_dags/example_setup_teardown.py
[2024-05-06T18:29:28.567+0000] {processor.py:830} INFO - Processing file /home/airflow/.local/lib/python3.12/site-packages/airflow/example_dags/example_setup_teardown.py for tasks to queue
[2024-05-06T18:29:28.568+0000] {logging_mixin.py:188} INFO - [2024-05-06T18:29:28.567+0000] {dagbag.py:540} INFO - Filling up the DagBag from /home/airflow/.local/lib/python3.12/site-packages/airflow/example_dags/example_setup_teardown.py
[2024-05-06T18:29:28.571+0000] {processor.py:840} INFO - DAG(s) 'example_setup_teardown' retrieved from /home/airflow/.local/lib/python3.12/site-packages/airflow/example_dags/example_setup_teardown.py
[2024-05-06T18:29:28.581+0000] {logging_mixin.py:188} INFO - [2024-05-06T18:29:28.581+0000] {dag.py:3096} INFO - Sync 1 DAGs
[2024-05-06T18:29:28.592+0000] {logging_mixin.py:188} INFO - [2024-05-06T18:29:28.592+0000] {dag.py:3954} INFO - Setting next_dagrun for example_setup_teardown to 2024-05-05 00:00:00+00:00, run_after=2024-05-06 00:00:00+00:00
[2024-05-06T18:29:28.601+0000] {processor.py:183} INFO - Processing /home/airflow/.local/lib/python3.12/site-packages/airflow/example_dags/example_setup_teardown.py took 0.037 seconds
[2024-05-06T19:02:51.178+0000] {processor.py:161} INFO - Started process (PID=3309) to work on /home/airflow/.local/lib/python3.12/site-packages/airflow/example_dags/example_setup_teardown.py
[2024-05-06T19:02:51.178+0000] {processor.py:830} INFO - Processing file /home/airflow/.local/lib/python3.12/site-packages/airflow/example_dags/example_setup_teardown.py for tasks to queue
[2024-05-06T19:02:51.179+0000] {logging_mixin.py:188} INFO - [2024-05-06T19:02:51.179+0000] {dagbag.py:540} INFO - Filling up the DagBag from /home/airflow/.local/lib/python3.12/site-packages/airflow/example_dags/example_setup_teardown.py
[2024-05-06T19:02:51.183+0000] {processor.py:840} INFO - DAG(s) 'example_setup_teardown' retrieved from /home/airflow/.local/lib/python3.12/site-packages/airflow/example_dags/example_setup_teardown.py
[2024-05-06T19:02:51.193+0000] {logging_mixin.py:188} INFO - [2024-05-06T19:02:51.193+0000] {dag.py:3096} INFO - Sync 1 DAGs
[2024-05-06T19:02:51.203+0000] {logging_mixin.py:188} INFO - [2024-05-06T19:02:51.203+0000] {dag.py:3954} INFO - Setting next_dagrun for example_setup_teardown to 2024-05-05 00:00:00+00:00, run_after=2024-05-06 00:00:00+00:00
[2024-05-06T19:02:51.211+0000] {processor.py:183} INFO - Processing /home/airflow/.local/lib/python3.12/site-packages/airflow/example_dags/example_setup_teardown.py took 0.036 seconds
[2024-05-06T19:24:26.892+0000] {processor.py:161} INFO - Started process (PID=3367) to work on /home/airflow/.local/lib/python3.12/site-packages/airflow/example_dags/example_setup_teardown.py
[2024-05-06T19:24:26.897+0000] {processor.py:830} INFO - Processing file /home/airflow/.local/lib/python3.12/site-packages/airflow/example_dags/example_setup_teardown.py for tasks to queue
[2024-05-06T19:24:26.898+0000] {logging_mixin.py:188} INFO - [2024-05-06T19:24:26.898+0000] {dagbag.py:540} INFO - Filling up the DagBag from /home/airflow/.local/lib/python3.12/site-packages/airflow/example_dags/example_setup_teardown.py
[2024-05-06T19:24:26.902+0000] {processor.py:840} INFO - DAG(s) 'example_setup_teardown' retrieved from /home/airflow/.local/lib/python3.12/site-packages/airflow/example_dags/example_setup_teardown.py
[2024-05-06T19:24:26.916+0000] {logging_mixin.py:188} INFO - [2024-05-06T19:24:26.916+0000] {dag.py:3096} INFO - Sync 1 DAGs
[2024-05-06T19:24:26.942+0000] {logging_mixin.py:188} INFO - [2024-05-06T19:24:26.941+0000] {dag.py:3954} INFO - Setting next_dagrun for example_setup_teardown to 2024-05-05 00:00:00+00:00, run_after=2024-05-06 00:00:00+00:00
[2024-05-06T19:24:26.952+0000] {processor.py:183} INFO - Processing /home/airflow/.local/lib/python3.12/site-packages/airflow/example_dags/example_setup_teardown.py took 0.065 seconds
[2024-05-06T19:30:02.138+0000] {processor.py:161} INFO - Started process (PID=3425) to work on /home/airflow/.local/lib/python3.12/site-packages/airflow/example_dags/example_setup_teardown.py
[2024-05-06T19:30:02.138+0000] {processor.py:830} INFO - Processing file /home/airflow/.local/lib/python3.12/site-packages/airflow/example_dags/example_setup_teardown.py for tasks to queue
[2024-05-06T19:30:02.139+0000] {logging_mixin.py:188} INFO - [2024-05-06T19:30:02.139+0000] {dagbag.py:540} INFO - Filling up the DagBag from /home/airflow/.local/lib/python3.12/site-packages/airflow/example_dags/example_setup_teardown.py
[2024-05-06T19:30:02.143+0000] {processor.py:840} INFO - DAG(s) 'example_setup_teardown' retrieved from /home/airflow/.local/lib/python3.12/site-packages/airflow/example_dags/example_setup_teardown.py
[2024-05-06T19:30:02.153+0000] {logging_mixin.py:188} INFO - [2024-05-06T19:30:02.153+0000] {dag.py:3096} INFO - Sync 1 DAGs
[2024-05-06T19:30:02.163+0000] {logging_mixin.py:188} INFO - [2024-05-06T19:30:02.163+0000] {dag.py:3954} INFO - Setting next_dagrun for example_setup_teardown to 2024-05-05 00:00:00+00:00, run_after=2024-05-06 00:00:00+00:00
[2024-05-06T19:30:02.171+0000] {processor.py:183} INFO - Processing /home/airflow/.local/lib/python3.12/site-packages/airflow/example_dags/example_setup_teardown.py took 0.037 seconds
[2024-05-06T19:34:22.663+0000] {processor.py:161} INFO - Started process (PID=3482) to work on /home/airflow/.local/lib/python3.12/site-packages/airflow/example_dags/example_setup_teardown.py
[2024-05-06T19:34:22.664+0000] {processor.py:830} INFO - Processing file /home/airflow/.local/lib/python3.12/site-packages/airflow/example_dags/example_setup_teardown.py for tasks to queue
[2024-05-06T19:34:22.665+0000] {logging_mixin.py:188} INFO - [2024-05-06T19:34:22.665+0000] {dagbag.py:540} INFO - Filling up the DagBag from /home/airflow/.local/lib/python3.12/site-packages/airflow/example_dags/example_setup_teardown.py
[2024-05-06T19:34:22.669+0000] {processor.py:840} INFO - DAG(s) 'example_setup_teardown' retrieved from /home/airflow/.local/lib/python3.12/site-packages/airflow/example_dags/example_setup_teardown.py
[2024-05-06T19:34:22.680+0000] {logging_mixin.py:188} INFO - [2024-05-06T19:34:22.680+0000] {dag.py:3096} INFO - Sync 1 DAGs
[2024-05-06T19:34:22.690+0000] {logging_mixin.py:188} INFO - [2024-05-06T19:34:22.690+0000] {dag.py:3954} INFO - Setting next_dagrun for example_setup_teardown to 2024-05-05 00:00:00+00:00, run_after=2024-05-06 00:00:00+00:00
[2024-05-06T19:34:22.697+0000] {processor.py:183} INFO - Processing /home/airflow/.local/lib/python3.12/site-packages/airflow/example_dags/example_setup_teardown.py took 0.037 seconds
[2024-05-06T19:52:32.942+0000] {processor.py:161} INFO - Started process (PID=3539) to work on /home/airflow/.local/lib/python3.12/site-packages/airflow/example_dags/example_setup_teardown.py
[2024-05-06T19:52:32.942+0000] {processor.py:830} INFO - Processing file /home/airflow/.local/lib/python3.12/site-packages/airflow/example_dags/example_setup_teardown.py for tasks to queue
[2024-05-06T19:52:32.943+0000] {logging_mixin.py:188} INFO - [2024-05-06T19:52:32.943+0000] {dagbag.py:540} INFO - Filling up the DagBag from /home/airflow/.local/lib/python3.12/site-packages/airflow/example_dags/example_setup_teardown.py
[2024-05-06T19:52:32.947+0000] {processor.py:840} INFO - DAG(s) 'example_setup_teardown' retrieved from /home/airflow/.local/lib/python3.12/site-packages/airflow/example_dags/example_setup_teardown.py
[2024-05-06T19:52:32.957+0000] {logging_mixin.py:188} INFO - [2024-05-06T19:52:32.957+0000] {dag.py:3096} INFO - Sync 1 DAGs
[2024-05-06T19:52:32.968+0000] {logging_mixin.py:188} INFO - [2024-05-06T19:52:32.968+0000] {dag.py:3954} INFO - Setting next_dagrun for example_setup_teardown to 2024-05-05 00:00:00+00:00, run_after=2024-05-06 00:00:00+00:00
[2024-05-06T19:52:32.976+0000] {processor.py:183} INFO - Processing /home/airflow/.local/lib/python3.12/site-packages/airflow/example_dags/example_setup_teardown.py took 0.037 seconds
