[2024-05-06T17:59:09.806+0000] {processor.py:161} INFO - Started process (PID=63) to work on /home/airflow/.local/lib/python3.12/site-packages/airflow/example_dags/example_sensors.py
[2024-05-06T17:59:09.807+0000] {processor.py:830} INFO - Processing file /home/airflow/.local/lib/python3.12/site-packages/airflow/example_dags/example_sensors.py for tasks to queue
[2024-05-06T17:59:09.808+0000] {logging_mixin.py:188} INFO - [2024-05-06T17:59:09.807+0000] {dagbag.py:540} INFO - Filling up the DagBag from /home/airflow/.local/lib/python3.12/site-packages/airflow/example_dags/example_sensors.py
[2024-05-06T17:59:09.812+0000] {processor.py:840} INFO - DAG(s) 'example_sensors' retrieved from /home/airflow/.local/lib/python3.12/site-packages/airflow/example_dags/example_sensors.py
[2024-05-06T17:59:09.859+0000] {logging_mixin.py:188} INFO - [2024-05-06T17:59:09.859+0000] {override.py:1829} INFO - Created Permission View: can delete on DAG:example_sensors
[2024-05-06T17:59:09.864+0000] {logging_mixin.py:188} INFO - [2024-05-06T17:59:09.864+0000] {override.py:1829} INFO - Created Permission View: can edit on DAG:example_sensors
[2024-05-06T17:59:09.866+0000] {logging_mixin.py:188} INFO - [2024-05-06T17:59:09.866+0000] {override.py:1829} INFO - Created Permission View: can read on DAG:example_sensors
[2024-05-06T17:59:09.866+0000] {logging_mixin.py:188} INFO - [2024-05-06T17:59:09.866+0000] {dag.py:3096} INFO - Sync 1 DAGs
[2024-05-06T17:59:09.871+0000] {logging_mixin.py:188} INFO - [2024-05-06T17:59:09.871+0000] {dag.py:3118} INFO - Creating ORM DAG for example_sensors
[2024-05-06T17:59:09.871+0000] {logging_mixin.py:188} INFO - [2024-05-06T17:59:09.871+0000] {dag.py:3954} INFO - Setting next_dagrun for example_sensors to None, run_after=None
[2024-05-06T17:59:09.878+0000] {processor.py:183} INFO - Processing /home/airflow/.local/lib/python3.12/site-packages/airflow/example_dags/example_sensors.py took 0.074 seconds
[2024-05-06T17:59:40.583+0000] {processor.py:161} INFO - Started process (PID=120) to work on /home/airflow/.local/lib/python3.12/site-packages/airflow/example_dags/example_sensors.py
[2024-05-06T17:59:40.584+0000] {processor.py:830} INFO - Processing file /home/airflow/.local/lib/python3.12/site-packages/airflow/example_dags/example_sensors.py for tasks to queue
[2024-05-06T17:59:40.584+0000] {logging_mixin.py:188} INFO - [2024-05-06T17:59:40.584+0000] {dagbag.py:540} INFO - Filling up the DagBag from /home/airflow/.local/lib/python3.12/site-packages/airflow/example_dags/example_sensors.py
[2024-05-06T17:59:40.589+0000] {processor.py:840} INFO - DAG(s) 'example_sensors' retrieved from /home/airflow/.local/lib/python3.12/site-packages/airflow/example_dags/example_sensors.py
[2024-05-06T17:59:40.600+0000] {logging_mixin.py:188} INFO - [2024-05-06T17:59:40.600+0000] {dag.py:3096} INFO - Sync 1 DAGs
[2024-05-06T17:59:40.606+0000] {logging_mixin.py:188} INFO - [2024-05-06T17:59:40.606+0000] {dag.py:3954} INFO - Setting next_dagrun for example_sensors to None, run_after=None
[2024-05-06T17:59:40.614+0000] {processor.py:183} INFO - Processing /home/airflow/.local/lib/python3.12/site-packages/airflow/example_dags/example_sensors.py took 0.034 seconds
[2024-05-06T18:00:11.257+0000] {processor.py:161} INFO - Started process (PID=178) to work on /home/airflow/.local/lib/python3.12/site-packages/airflow/example_dags/example_sensors.py
[2024-05-06T18:00:11.258+0000] {processor.py:830} INFO - Processing file /home/airflow/.local/lib/python3.12/site-packages/airflow/example_dags/example_sensors.py for tasks to queue
[2024-05-06T18:00:11.259+0000] {logging_mixin.py:188} INFO - [2024-05-06T18:00:11.258+0000] {dagbag.py:540} INFO - Filling up the DagBag from /home/airflow/.local/lib/python3.12/site-packages/airflow/example_dags/example_sensors.py
[2024-05-06T18:00:11.263+0000] {processor.py:840} INFO - DAG(s) 'example_sensors' retrieved from /home/airflow/.local/lib/python3.12/site-packages/airflow/example_dags/example_sensors.py
[2024-05-06T18:00:11.275+0000] {logging_mixin.py:188} INFO - [2024-05-06T18:00:11.274+0000] {dag.py:3096} INFO - Sync 1 DAGs
[2024-05-06T18:00:11.281+0000] {logging_mixin.py:188} INFO - [2024-05-06T18:00:11.280+0000] {dag.py:3954} INFO - Setting next_dagrun for example_sensors to None, run_after=None
[2024-05-06T18:00:11.289+0000] {processor.py:183} INFO - Processing /home/airflow/.local/lib/python3.12/site-packages/airflow/example_dags/example_sensors.py took 0.034 seconds
[2024-05-06T18:00:41.786+0000] {processor.py:161} INFO - Started process (PID=236) to work on /home/airflow/.local/lib/python3.12/site-packages/airflow/example_dags/example_sensors.py
[2024-05-06T18:00:41.786+0000] {processor.py:830} INFO - Processing file /home/airflow/.local/lib/python3.12/site-packages/airflow/example_dags/example_sensors.py for tasks to queue
[2024-05-06T18:00:41.787+0000] {logging_mixin.py:188} INFO - [2024-05-06T18:00:41.787+0000] {dagbag.py:540} INFO - Filling up the DagBag from /home/airflow/.local/lib/python3.12/site-packages/airflow/example_dags/example_sensors.py
[2024-05-06T18:00:41.791+0000] {processor.py:840} INFO - DAG(s) 'example_sensors' retrieved from /home/airflow/.local/lib/python3.12/site-packages/airflow/example_dags/example_sensors.py
[2024-05-06T18:00:41.803+0000] {logging_mixin.py:188} INFO - [2024-05-06T18:00:41.803+0000] {dag.py:3096} INFO - Sync 1 DAGs
[2024-05-06T18:00:41.809+0000] {logging_mixin.py:188} INFO - [2024-05-06T18:00:41.809+0000] {dag.py:3954} INFO - Setting next_dagrun for example_sensors to None, run_after=None
[2024-05-06T18:00:41.818+0000] {processor.py:183} INFO - Processing /home/airflow/.local/lib/python3.12/site-packages/airflow/example_dags/example_sensors.py took 0.035 seconds
[2024-05-06T18:01:12.384+0000] {processor.py:161} INFO - Started process (PID=294) to work on /home/airflow/.local/lib/python3.12/site-packages/airflow/example_dags/example_sensors.py
[2024-05-06T18:01:12.384+0000] {processor.py:830} INFO - Processing file /home/airflow/.local/lib/python3.12/site-packages/airflow/example_dags/example_sensors.py for tasks to queue
[2024-05-06T18:01:12.385+0000] {logging_mixin.py:188} INFO - [2024-05-06T18:01:12.385+0000] {dagbag.py:540} INFO - Filling up the DagBag from /home/airflow/.local/lib/python3.12/site-packages/airflow/example_dags/example_sensors.py
[2024-05-06T18:01:12.390+0000] {processor.py:840} INFO - DAG(s) 'example_sensors' retrieved from /home/airflow/.local/lib/python3.12/site-packages/airflow/example_dags/example_sensors.py
[2024-05-06T18:01:12.401+0000] {logging_mixin.py:188} INFO - [2024-05-06T18:01:12.401+0000] {dag.py:3096} INFO - Sync 1 DAGs
[2024-05-06T18:01:12.407+0000] {logging_mixin.py:188} INFO - [2024-05-06T18:01:12.407+0000] {dag.py:3954} INFO - Setting next_dagrun for example_sensors to None, run_after=None
[2024-05-06T18:01:12.416+0000] {processor.py:183} INFO - Processing /home/airflow/.local/lib/python3.12/site-packages/airflow/example_dags/example_sensors.py took 0.035 seconds
[2024-05-06T18:01:43.020+0000] {processor.py:161} INFO - Started process (PID=352) to work on /home/airflow/.local/lib/python3.12/site-packages/airflow/example_dags/example_sensors.py
[2024-05-06T18:01:43.020+0000] {processor.py:830} INFO - Processing file /home/airflow/.local/lib/python3.12/site-packages/airflow/example_dags/example_sensors.py for tasks to queue
[2024-05-06T18:01:43.021+0000] {logging_mixin.py:188} INFO - [2024-05-06T18:01:43.021+0000] {dagbag.py:540} INFO - Filling up the DagBag from /home/airflow/.local/lib/python3.12/site-packages/airflow/example_dags/example_sensors.py
[2024-05-06T18:01:43.026+0000] {processor.py:840} INFO - DAG(s) 'example_sensors' retrieved from /home/airflow/.local/lib/python3.12/site-packages/airflow/example_dags/example_sensors.py
[2024-05-06T18:01:43.038+0000] {logging_mixin.py:188} INFO - [2024-05-06T18:01:43.038+0000] {dag.py:3096} INFO - Sync 1 DAGs
[2024-05-06T18:01:43.044+0000] {logging_mixin.py:188} INFO - [2024-05-06T18:01:43.044+0000] {dag.py:3954} INFO - Setting next_dagrun for example_sensors to None, run_after=None
[2024-05-06T18:01:43.052+0000] {processor.py:183} INFO - Processing /home/airflow/.local/lib/python3.12/site-packages/airflow/example_dags/example_sensors.py took 0.035 seconds
[2024-05-06T18:02:13.668+0000] {processor.py:161} INFO - Started process (PID=410) to work on /home/airflow/.local/lib/python3.12/site-packages/airflow/example_dags/example_sensors.py
[2024-05-06T18:02:13.669+0000] {processor.py:830} INFO - Processing file /home/airflow/.local/lib/python3.12/site-packages/airflow/example_dags/example_sensors.py for tasks to queue
[2024-05-06T18:02:13.670+0000] {logging_mixin.py:188} INFO - [2024-05-06T18:02:13.669+0000] {dagbag.py:540} INFO - Filling up the DagBag from /home/airflow/.local/lib/python3.12/site-packages/airflow/example_dags/example_sensors.py
[2024-05-06T18:02:13.674+0000] {processor.py:840} INFO - DAG(s) 'example_sensors' retrieved from /home/airflow/.local/lib/python3.12/site-packages/airflow/example_dags/example_sensors.py
[2024-05-06T18:02:13.686+0000] {logging_mixin.py:188} INFO - [2024-05-06T18:02:13.686+0000] {dag.py:3096} INFO - Sync 1 DAGs
[2024-05-06T18:02:13.692+0000] {logging_mixin.py:188} INFO - [2024-05-06T18:02:13.692+0000] {dag.py:3954} INFO - Setting next_dagrun for example_sensors to None, run_after=None
[2024-05-06T18:02:13.700+0000] {processor.py:183} INFO - Processing /home/airflow/.local/lib/python3.12/site-packages/airflow/example_dags/example_sensors.py took 0.035 seconds
[2024-05-06T18:02:44.279+0000] {processor.py:161} INFO - Started process (PID=468) to work on /home/airflow/.local/lib/python3.12/site-packages/airflow/example_dags/example_sensors.py
[2024-05-06T18:02:44.279+0000] {processor.py:830} INFO - Processing file /home/airflow/.local/lib/python3.12/site-packages/airflow/example_dags/example_sensors.py for tasks to queue
[2024-05-06T18:02:44.280+0000] {logging_mixin.py:188} INFO - [2024-05-06T18:02:44.280+0000] {dagbag.py:540} INFO - Filling up the DagBag from /home/airflow/.local/lib/python3.12/site-packages/airflow/example_dags/example_sensors.py
[2024-05-06T18:02:44.284+0000] {processor.py:840} INFO - DAG(s) 'example_sensors' retrieved from /home/airflow/.local/lib/python3.12/site-packages/airflow/example_dags/example_sensors.py
[2024-05-06T18:02:44.296+0000] {logging_mixin.py:188} INFO - [2024-05-06T18:02:44.296+0000] {dag.py:3096} INFO - Sync 1 DAGs
[2024-05-06T18:02:44.302+0000] {logging_mixin.py:188} INFO - [2024-05-06T18:02:44.302+0000] {dag.py:3954} INFO - Setting next_dagrun for example_sensors to None, run_after=None
[2024-05-06T18:02:44.310+0000] {processor.py:183} INFO - Processing /home/airflow/.local/lib/python3.12/site-packages/airflow/example_dags/example_sensors.py took 0.034 seconds
[2024-05-06T18:03:14.818+0000] {processor.py:161} INFO - Started process (PID=526) to work on /home/airflow/.local/lib/python3.12/site-packages/airflow/example_dags/example_sensors.py
[2024-05-06T18:03:14.819+0000] {processor.py:830} INFO - Processing file /home/airflow/.local/lib/python3.12/site-packages/airflow/example_dags/example_sensors.py for tasks to queue
[2024-05-06T18:03:14.820+0000] {logging_mixin.py:188} INFO - [2024-05-06T18:03:14.820+0000] {dagbag.py:540} INFO - Filling up the DagBag from /home/airflow/.local/lib/python3.12/site-packages/airflow/example_dags/example_sensors.py
[2024-05-06T18:03:14.824+0000] {processor.py:840} INFO - DAG(s) 'example_sensors' retrieved from /home/airflow/.local/lib/python3.12/site-packages/airflow/example_dags/example_sensors.py
[2024-05-06T18:03:14.835+0000] {logging_mixin.py:188} INFO - [2024-05-06T18:03:14.835+0000] {dag.py:3096} INFO - Sync 1 DAGs
[2024-05-06T18:03:14.841+0000] {logging_mixin.py:188} INFO - [2024-05-06T18:03:14.841+0000] {dag.py:3954} INFO - Setting next_dagrun for example_sensors to None, run_after=None
[2024-05-06T18:03:14.850+0000] {processor.py:183} INFO - Processing /home/airflow/.local/lib/python3.12/site-packages/airflow/example_dags/example_sensors.py took 0.034 seconds
[2024-05-06T18:03:45.414+0000] {processor.py:161} INFO - Started process (PID=584) to work on /home/airflow/.local/lib/python3.12/site-packages/airflow/example_dags/example_sensors.py
[2024-05-06T18:03:45.414+0000] {processor.py:830} INFO - Processing file /home/airflow/.local/lib/python3.12/site-packages/airflow/example_dags/example_sensors.py for tasks to queue
[2024-05-06T18:03:45.415+0000] {logging_mixin.py:188} INFO - [2024-05-06T18:03:45.415+0000] {dagbag.py:540} INFO - Filling up the DagBag from /home/airflow/.local/lib/python3.12/site-packages/airflow/example_dags/example_sensors.py
[2024-05-06T18:03:45.420+0000] {processor.py:840} INFO - DAG(s) 'example_sensors' retrieved from /home/airflow/.local/lib/python3.12/site-packages/airflow/example_dags/example_sensors.py
[2024-05-06T18:03:45.432+0000] {logging_mixin.py:188} INFO - [2024-05-06T18:03:45.431+0000] {dag.py:3096} INFO - Sync 1 DAGs
[2024-05-06T18:03:45.437+0000] {logging_mixin.py:188} INFO - [2024-05-06T18:03:45.437+0000] {dag.py:3954} INFO - Setting next_dagrun for example_sensors to None, run_after=None
[2024-05-06T18:03:45.446+0000] {processor.py:183} INFO - Processing /home/airflow/.local/lib/python3.12/site-packages/airflow/example_dags/example_sensors.py took 0.035 seconds
[2024-05-06T18:04:16.084+0000] {processor.py:161} INFO - Started process (PID=642) to work on /home/airflow/.local/lib/python3.12/site-packages/airflow/example_dags/example_sensors.py
[2024-05-06T18:04:16.085+0000] {processor.py:830} INFO - Processing file /home/airflow/.local/lib/python3.12/site-packages/airflow/example_dags/example_sensors.py for tasks to queue
[2024-05-06T18:04:16.086+0000] {logging_mixin.py:188} INFO - [2024-05-06T18:04:16.086+0000] {dagbag.py:540} INFO - Filling up the DagBag from /home/airflow/.local/lib/python3.12/site-packages/airflow/example_dags/example_sensors.py
[2024-05-06T18:04:16.090+0000] {processor.py:840} INFO - DAG(s) 'example_sensors' retrieved from /home/airflow/.local/lib/python3.12/site-packages/airflow/example_dags/example_sensors.py
[2024-05-06T18:04:16.102+0000] {logging_mixin.py:188} INFO - [2024-05-06T18:04:16.102+0000] {dag.py:3096} INFO - Sync 1 DAGs
[2024-05-06T18:04:16.108+0000] {logging_mixin.py:188} INFO - [2024-05-06T18:04:16.107+0000] {dag.py:3954} INFO - Setting next_dagrun for example_sensors to None, run_after=None
[2024-05-06T18:04:16.115+0000] {processor.py:183} INFO - Processing /home/airflow/.local/lib/python3.12/site-packages/airflow/example_dags/example_sensors.py took 0.034 seconds
[2024-05-06T18:04:46.664+0000] {processor.py:161} INFO - Started process (PID=700) to work on /home/airflow/.local/lib/python3.12/site-packages/airflow/example_dags/example_sensors.py
[2024-05-06T18:04:46.665+0000] {processor.py:830} INFO - Processing file /home/airflow/.local/lib/python3.12/site-packages/airflow/example_dags/example_sensors.py for tasks to queue
[2024-05-06T18:04:46.666+0000] {logging_mixin.py:188} INFO - [2024-05-06T18:04:46.666+0000] {dagbag.py:540} INFO - Filling up the DagBag from /home/airflow/.local/lib/python3.12/site-packages/airflow/example_dags/example_sensors.py
[2024-05-06T18:04:46.670+0000] {processor.py:840} INFO - DAG(s) 'example_sensors' retrieved from /home/airflow/.local/lib/python3.12/site-packages/airflow/example_dags/example_sensors.py
[2024-05-06T18:04:46.682+0000] {logging_mixin.py:188} INFO - [2024-05-06T18:04:46.682+0000] {dag.py:3096} INFO - Sync 1 DAGs
[2024-05-06T18:04:46.688+0000] {logging_mixin.py:188} INFO - [2024-05-06T18:04:46.688+0000] {dag.py:3954} INFO - Setting next_dagrun for example_sensors to None, run_after=None
[2024-05-06T18:04:46.696+0000] {processor.py:183} INFO - Processing /home/airflow/.local/lib/python3.12/site-packages/airflow/example_dags/example_sensors.py took 0.035 seconds
[2024-05-06T18:05:17.275+0000] {processor.py:161} INFO - Started process (PID=758) to work on /home/airflow/.local/lib/python3.12/site-packages/airflow/example_dags/example_sensors.py
[2024-05-06T18:05:17.275+0000] {processor.py:830} INFO - Processing file /home/airflow/.local/lib/python3.12/site-packages/airflow/example_dags/example_sensors.py for tasks to queue
[2024-05-06T18:05:17.276+0000] {logging_mixin.py:188} INFO - [2024-05-06T18:05:17.276+0000] {dagbag.py:540} INFO - Filling up the DagBag from /home/airflow/.local/lib/python3.12/site-packages/airflow/example_dags/example_sensors.py
[2024-05-06T18:05:17.281+0000] {processor.py:840} INFO - DAG(s) 'example_sensors' retrieved from /home/airflow/.local/lib/python3.12/site-packages/airflow/example_dags/example_sensors.py
[2024-05-06T18:05:17.293+0000] {logging_mixin.py:188} INFO - [2024-05-06T18:05:17.293+0000] {dag.py:3096} INFO - Sync 1 DAGs
[2024-05-06T18:05:17.299+0000] {logging_mixin.py:188} INFO - [2024-05-06T18:05:17.298+0000] {dag.py:3954} INFO - Setting next_dagrun for example_sensors to None, run_after=None
[2024-05-06T18:05:17.307+0000] {processor.py:183} INFO - Processing /home/airflow/.local/lib/python3.12/site-packages/airflow/example_dags/example_sensors.py took 0.035 seconds
[2024-05-06T18:05:48.003+0000] {processor.py:161} INFO - Started process (PID=816) to work on /home/airflow/.local/lib/python3.12/site-packages/airflow/example_dags/example_sensors.py
[2024-05-06T18:05:48.004+0000] {processor.py:830} INFO - Processing file /home/airflow/.local/lib/python3.12/site-packages/airflow/example_dags/example_sensors.py for tasks to queue
[2024-05-06T18:05:48.005+0000] {logging_mixin.py:188} INFO - [2024-05-06T18:05:48.005+0000] {dagbag.py:540} INFO - Filling up the DagBag from /home/airflow/.local/lib/python3.12/site-packages/airflow/example_dags/example_sensors.py
[2024-05-06T18:05:48.009+0000] {processor.py:840} INFO - DAG(s) 'example_sensors' retrieved from /home/airflow/.local/lib/python3.12/site-packages/airflow/example_dags/example_sensors.py
[2024-05-06T18:05:48.021+0000] {logging_mixin.py:188} INFO - [2024-05-06T18:05:48.021+0000] {dag.py:3096} INFO - Sync 1 DAGs
[2024-05-06T18:05:48.027+0000] {logging_mixin.py:188} INFO - [2024-05-06T18:05:48.027+0000] {dag.py:3954} INFO - Setting next_dagrun for example_sensors to None, run_after=None
[2024-05-06T18:05:48.035+0000] {processor.py:183} INFO - Processing /home/airflow/.local/lib/python3.12/site-packages/airflow/example_dags/example_sensors.py took 0.035 seconds
[2024-05-06T18:06:18.093+0000] {processor.py:161} INFO - Started process (PID=874) to work on /home/airflow/.local/lib/python3.12/site-packages/airflow/example_dags/example_sensors.py
[2024-05-06T18:06:18.093+0000] {processor.py:830} INFO - Processing file /home/airflow/.local/lib/python3.12/site-packages/airflow/example_dags/example_sensors.py for tasks to queue
[2024-05-06T18:06:18.094+0000] {logging_mixin.py:188} INFO - [2024-05-06T18:06:18.094+0000] {dagbag.py:540} INFO - Filling up the DagBag from /home/airflow/.local/lib/python3.12/site-packages/airflow/example_dags/example_sensors.py
[2024-05-06T18:06:18.099+0000] {processor.py:840} INFO - DAG(s) 'example_sensors' retrieved from /home/airflow/.local/lib/python3.12/site-packages/airflow/example_dags/example_sensors.py
[2024-05-06T18:06:18.111+0000] {logging_mixin.py:188} INFO - [2024-05-06T18:06:18.111+0000] {dag.py:3096} INFO - Sync 1 DAGs
[2024-05-06T18:06:18.116+0000] {logging_mixin.py:188} INFO - [2024-05-06T18:06:18.116+0000] {dag.py:3954} INFO - Setting next_dagrun for example_sensors to None, run_after=None
[2024-05-06T18:06:18.125+0000] {processor.py:183} INFO - Processing /home/airflow/.local/lib/python3.12/site-packages/airflow/example_dags/example_sensors.py took 0.035 seconds
[2024-05-06T18:08:01.309+0000] {processor.py:161} INFO - Started process (PID=932) to work on /home/airflow/.local/lib/python3.12/site-packages/airflow/example_dags/example_sensors.py
[2024-05-06T18:08:01.310+0000] {processor.py:830} INFO - Processing file /home/airflow/.local/lib/python3.12/site-packages/airflow/example_dags/example_sensors.py for tasks to queue
[2024-05-06T18:08:01.311+0000] {logging_mixin.py:188} INFO - [2024-05-06T18:08:01.311+0000] {dagbag.py:540} INFO - Filling up the DagBag from /home/airflow/.local/lib/python3.12/site-packages/airflow/example_dags/example_sensors.py
[2024-05-06T18:08:01.317+0000] {processor.py:840} INFO - DAG(s) 'example_sensors' retrieved from /home/airflow/.local/lib/python3.12/site-packages/airflow/example_dags/example_sensors.py
[2024-05-06T18:08:01.333+0000] {logging_mixin.py:188} INFO - [2024-05-06T18:08:01.333+0000] {dag.py:3096} INFO - Sync 1 DAGs
[2024-05-06T18:08:01.339+0000] {logging_mixin.py:188} INFO - [2024-05-06T18:08:01.339+0000] {dag.py:3954} INFO - Setting next_dagrun for example_sensors to None, run_after=None
[2024-05-06T18:08:01.436+0000] {processor.py:183} INFO - Processing /home/airflow/.local/lib/python3.12/site-packages/airflow/example_dags/example_sensors.py took 0.130 seconds
[2024-05-06T18:08:31.991+0000] {processor.py:161} INFO - Started process (PID=990) to work on /home/airflow/.local/lib/python3.12/site-packages/airflow/example_dags/example_sensors.py
[2024-05-06T18:08:31.992+0000] {processor.py:830} INFO - Processing file /home/airflow/.local/lib/python3.12/site-packages/airflow/example_dags/example_sensors.py for tasks to queue
[2024-05-06T18:08:31.993+0000] {logging_mixin.py:188} INFO - [2024-05-06T18:08:31.992+0000] {dagbag.py:540} INFO - Filling up the DagBag from /home/airflow/.local/lib/python3.12/site-packages/airflow/example_dags/example_sensors.py
[2024-05-06T18:08:31.997+0000] {processor.py:840} INFO - DAG(s) 'example_sensors' retrieved from /home/airflow/.local/lib/python3.12/site-packages/airflow/example_dags/example_sensors.py
[2024-05-06T18:08:32.008+0000] {logging_mixin.py:188} INFO - [2024-05-06T18:08:32.008+0000] {dag.py:3096} INFO - Sync 1 DAGs
[2024-05-06T18:08:32.014+0000] {logging_mixin.py:188} INFO - [2024-05-06T18:08:32.014+0000] {dag.py:3954} INFO - Setting next_dagrun for example_sensors to None, run_after=None
[2024-05-06T18:08:32.021+0000] {processor.py:183} INFO - Processing /home/airflow/.local/lib/python3.12/site-packages/airflow/example_dags/example_sensors.py took 0.033 seconds
[2024-05-06T18:09:02.059+0000] {processor.py:161} INFO - Started process (PID=1048) to work on /home/airflow/.local/lib/python3.12/site-packages/airflow/example_dags/example_sensors.py
[2024-05-06T18:09:02.059+0000] {processor.py:830} INFO - Processing file /home/airflow/.local/lib/python3.12/site-packages/airflow/example_dags/example_sensors.py for tasks to queue
[2024-05-06T18:09:02.060+0000] {logging_mixin.py:188} INFO - [2024-05-06T18:09:02.060+0000] {dagbag.py:540} INFO - Filling up the DagBag from /home/airflow/.local/lib/python3.12/site-packages/airflow/example_dags/example_sensors.py
[2024-05-06T18:09:02.065+0000] {processor.py:840} INFO - DAG(s) 'example_sensors' retrieved from /home/airflow/.local/lib/python3.12/site-packages/airflow/example_dags/example_sensors.py
[2024-05-06T18:09:02.076+0000] {logging_mixin.py:188} INFO - [2024-05-06T18:09:02.076+0000] {dag.py:3096} INFO - Sync 1 DAGs
[2024-05-06T18:09:02.082+0000] {logging_mixin.py:188} INFO - [2024-05-06T18:09:02.082+0000] {dag.py:3954} INFO - Setting next_dagrun for example_sensors to None, run_after=None
[2024-05-06T18:09:02.090+0000] {processor.py:183} INFO - Processing /home/airflow/.local/lib/python3.12/site-packages/airflow/example_dags/example_sensors.py took 0.035 seconds
[2024-05-06T18:09:32.718+0000] {processor.py:161} INFO - Started process (PID=1106) to work on /home/airflow/.local/lib/python3.12/site-packages/airflow/example_dags/example_sensors.py
[2024-05-06T18:09:32.719+0000] {processor.py:830} INFO - Processing file /home/airflow/.local/lib/python3.12/site-packages/airflow/example_dags/example_sensors.py for tasks to queue
[2024-05-06T18:09:32.720+0000] {logging_mixin.py:188} INFO - [2024-05-06T18:09:32.720+0000] {dagbag.py:540} INFO - Filling up the DagBag from /home/airflow/.local/lib/python3.12/site-packages/airflow/example_dags/example_sensors.py
[2024-05-06T18:09:32.724+0000] {processor.py:840} INFO - DAG(s) 'example_sensors' retrieved from /home/airflow/.local/lib/python3.12/site-packages/airflow/example_dags/example_sensors.py
[2024-05-06T18:09:32.737+0000] {logging_mixin.py:188} INFO - [2024-05-06T18:09:32.737+0000] {dag.py:3096} INFO - Sync 1 DAGs
[2024-05-06T18:09:32.743+0000] {logging_mixin.py:188} INFO - [2024-05-06T18:09:32.742+0000] {dag.py:3954} INFO - Setting next_dagrun for example_sensors to None, run_after=None
[2024-05-06T18:09:32.751+0000] {processor.py:183} INFO - Processing /home/airflow/.local/lib/python3.12/site-packages/airflow/example_dags/example_sensors.py took 0.035 seconds
[2024-05-06T18:10:03.329+0000] {processor.py:161} INFO - Started process (PID=1164) to work on /home/airflow/.local/lib/python3.12/site-packages/airflow/example_dags/example_sensors.py
[2024-05-06T18:10:03.330+0000] {processor.py:830} INFO - Processing file /home/airflow/.local/lib/python3.12/site-packages/airflow/example_dags/example_sensors.py for tasks to queue
[2024-05-06T18:10:03.331+0000] {logging_mixin.py:188} INFO - [2024-05-06T18:10:03.330+0000] {dagbag.py:540} INFO - Filling up the DagBag from /home/airflow/.local/lib/python3.12/site-packages/airflow/example_dags/example_sensors.py
[2024-05-06T18:10:03.335+0000] {processor.py:840} INFO - DAG(s) 'example_sensors' retrieved from /home/airflow/.local/lib/python3.12/site-packages/airflow/example_dags/example_sensors.py
[2024-05-06T18:10:03.347+0000] {logging_mixin.py:188} INFO - [2024-05-06T18:10:03.347+0000] {dag.py:3096} INFO - Sync 1 DAGs
[2024-05-06T18:10:03.353+0000] {logging_mixin.py:188} INFO - [2024-05-06T18:10:03.353+0000] {dag.py:3954} INFO - Setting next_dagrun for example_sensors to None, run_after=None
[2024-05-06T18:10:03.361+0000] {processor.py:183} INFO - Processing /home/airflow/.local/lib/python3.12/site-packages/airflow/example_dags/example_sensors.py took 0.035 seconds
[2024-05-06T18:10:33.961+0000] {processor.py:161} INFO - Started process (PID=1222) to work on /home/airflow/.local/lib/python3.12/site-packages/airflow/example_dags/example_sensors.py
[2024-05-06T18:10:33.962+0000] {processor.py:830} INFO - Processing file /home/airflow/.local/lib/python3.12/site-packages/airflow/example_dags/example_sensors.py for tasks to queue
[2024-05-06T18:10:33.963+0000] {logging_mixin.py:188} INFO - [2024-05-06T18:10:33.963+0000] {dagbag.py:540} INFO - Filling up the DagBag from /home/airflow/.local/lib/python3.12/site-packages/airflow/example_dags/example_sensors.py
[2024-05-06T18:10:33.967+0000] {processor.py:840} INFO - DAG(s) 'example_sensors' retrieved from /home/airflow/.local/lib/python3.12/site-packages/airflow/example_dags/example_sensors.py
[2024-05-06T18:10:33.979+0000] {logging_mixin.py:188} INFO - [2024-05-06T18:10:33.979+0000] {dag.py:3096} INFO - Sync 1 DAGs
[2024-05-06T18:10:33.985+0000] {logging_mixin.py:188} INFO - [2024-05-06T18:10:33.985+0000] {dag.py:3954} INFO - Setting next_dagrun for example_sensors to None, run_after=None
[2024-05-06T18:10:33.994+0000] {processor.py:183} INFO - Processing /home/airflow/.local/lib/python3.12/site-packages/airflow/example_dags/example_sensors.py took 0.035 seconds
[2024-05-06T18:11:04.503+0000] {processor.py:161} INFO - Started process (PID=1280) to work on /home/airflow/.local/lib/python3.12/site-packages/airflow/example_dags/example_sensors.py
[2024-05-06T18:11:04.504+0000] {processor.py:830} INFO - Processing file /home/airflow/.local/lib/python3.12/site-packages/airflow/example_dags/example_sensors.py for tasks to queue
[2024-05-06T18:11:04.505+0000] {logging_mixin.py:188} INFO - [2024-05-06T18:11:04.505+0000] {dagbag.py:540} INFO - Filling up the DagBag from /home/airflow/.local/lib/python3.12/site-packages/airflow/example_dags/example_sensors.py
[2024-05-06T18:11:04.509+0000] {processor.py:840} INFO - DAG(s) 'example_sensors' retrieved from /home/airflow/.local/lib/python3.12/site-packages/airflow/example_dags/example_sensors.py
[2024-05-06T18:11:04.521+0000] {logging_mixin.py:188} INFO - [2024-05-06T18:11:04.521+0000] {dag.py:3096} INFO - Sync 1 DAGs
[2024-05-06T18:11:04.527+0000] {logging_mixin.py:188} INFO - [2024-05-06T18:11:04.527+0000] {dag.py:3954} INFO - Setting next_dagrun for example_sensors to None, run_after=None
[2024-05-06T18:11:04.536+0000] {processor.py:183} INFO - Processing /home/airflow/.local/lib/python3.12/site-packages/airflow/example_dags/example_sensors.py took 0.035 seconds
[2024-05-06T18:11:35.135+0000] {processor.py:161} INFO - Started process (PID=1337) to work on /home/airflow/.local/lib/python3.12/site-packages/airflow/example_dags/example_sensors.py
[2024-05-06T18:11:35.136+0000] {processor.py:830} INFO - Processing file /home/airflow/.local/lib/python3.12/site-packages/airflow/example_dags/example_sensors.py for tasks to queue
[2024-05-06T18:11:35.137+0000] {logging_mixin.py:188} INFO - [2024-05-06T18:11:35.136+0000] {dagbag.py:540} INFO - Filling up the DagBag from /home/airflow/.local/lib/python3.12/site-packages/airflow/example_dags/example_sensors.py
[2024-05-06T18:11:35.141+0000] {processor.py:840} INFO - DAG(s) 'example_sensors' retrieved from /home/airflow/.local/lib/python3.12/site-packages/airflow/example_dags/example_sensors.py
[2024-05-06T18:11:35.153+0000] {logging_mixin.py:188} INFO - [2024-05-06T18:11:35.153+0000] {dag.py:3096} INFO - Sync 1 DAGs
[2024-05-06T18:11:35.159+0000] {logging_mixin.py:188} INFO - [2024-05-06T18:11:35.159+0000] {dag.py:3954} INFO - Setting next_dagrun for example_sensors to None, run_after=None
[2024-05-06T18:11:35.168+0000] {processor.py:183} INFO - Processing /home/airflow/.local/lib/python3.12/site-packages/airflow/example_dags/example_sensors.py took 0.036 seconds
[2024-05-06T18:12:05.711+0000] {processor.py:161} INFO - Started process (PID=1394) to work on /home/airflow/.local/lib/python3.12/site-packages/airflow/example_dags/example_sensors.py
[2024-05-06T18:12:05.712+0000] {processor.py:830} INFO - Processing file /home/airflow/.local/lib/python3.12/site-packages/airflow/example_dags/example_sensors.py for tasks to queue
[2024-05-06T18:12:05.713+0000] {logging_mixin.py:188} INFO - [2024-05-06T18:12:05.712+0000] {dagbag.py:540} INFO - Filling up the DagBag from /home/airflow/.local/lib/python3.12/site-packages/airflow/example_dags/example_sensors.py
[2024-05-06T18:12:05.717+0000] {processor.py:840} INFO - DAG(s) 'example_sensors' retrieved from /home/airflow/.local/lib/python3.12/site-packages/airflow/example_dags/example_sensors.py
[2024-05-06T18:12:05.729+0000] {logging_mixin.py:188} INFO - [2024-05-06T18:12:05.728+0000] {dag.py:3096} INFO - Sync 1 DAGs
[2024-05-06T18:12:05.735+0000] {logging_mixin.py:188} INFO - [2024-05-06T18:12:05.734+0000] {dag.py:3954} INFO - Setting next_dagrun for example_sensors to None, run_after=None
[2024-05-06T18:12:05.743+0000] {processor.py:183} INFO - Processing /home/airflow/.local/lib/python3.12/site-packages/airflow/example_dags/example_sensors.py took 0.035 seconds
[2024-05-06T18:12:36.287+0000] {processor.py:161} INFO - Started process (PID=1452) to work on /home/airflow/.local/lib/python3.12/site-packages/airflow/example_dags/example_sensors.py
[2024-05-06T18:12:36.288+0000] {processor.py:830} INFO - Processing file /home/airflow/.local/lib/python3.12/site-packages/airflow/example_dags/example_sensors.py for tasks to queue
[2024-05-06T18:12:36.289+0000] {logging_mixin.py:188} INFO - [2024-05-06T18:12:36.289+0000] {dagbag.py:540} INFO - Filling up the DagBag from /home/airflow/.local/lib/python3.12/site-packages/airflow/example_dags/example_sensors.py
[2024-05-06T18:12:36.293+0000] {processor.py:840} INFO - DAG(s) 'example_sensors' retrieved from /home/airflow/.local/lib/python3.12/site-packages/airflow/example_dags/example_sensors.py
[2024-05-06T18:12:36.305+0000] {logging_mixin.py:188} INFO - [2024-05-06T18:12:36.305+0000] {dag.py:3096} INFO - Sync 1 DAGs
[2024-05-06T18:12:36.313+0000] {logging_mixin.py:188} INFO - [2024-05-06T18:12:36.313+0000] {dag.py:3954} INFO - Setting next_dagrun for example_sensors to None, run_after=None
[2024-05-06T18:12:36.322+0000] {processor.py:183} INFO - Processing /home/airflow/.local/lib/python3.12/site-packages/airflow/example_dags/example_sensors.py took 0.038 seconds
[2024-05-06T18:13:06.893+0000] {processor.py:161} INFO - Started process (PID=1510) to work on /home/airflow/.local/lib/python3.12/site-packages/airflow/example_dags/example_sensors.py
[2024-05-06T18:13:06.894+0000] {processor.py:830} INFO - Processing file /home/airflow/.local/lib/python3.12/site-packages/airflow/example_dags/example_sensors.py for tasks to queue
[2024-05-06T18:13:06.895+0000] {logging_mixin.py:188} INFO - [2024-05-06T18:13:06.895+0000] {dagbag.py:540} INFO - Filling up the DagBag from /home/airflow/.local/lib/python3.12/site-packages/airflow/example_dags/example_sensors.py
[2024-05-06T18:13:06.900+0000] {processor.py:840} INFO - DAG(s) 'example_sensors' retrieved from /home/airflow/.local/lib/python3.12/site-packages/airflow/example_dags/example_sensors.py
[2024-05-06T18:13:06.912+0000] {logging_mixin.py:188} INFO - [2024-05-06T18:13:06.912+0000] {dag.py:3096} INFO - Sync 1 DAGs
[2024-05-06T18:13:06.918+0000] {logging_mixin.py:188} INFO - [2024-05-06T18:13:06.918+0000] {dag.py:3954} INFO - Setting next_dagrun for example_sensors to None, run_after=None
[2024-05-06T18:13:06.927+0000] {processor.py:183} INFO - Processing /home/airflow/.local/lib/python3.12/site-packages/airflow/example_dags/example_sensors.py took 0.036 seconds
[2024-05-06T18:13:37.472+0000] {processor.py:161} INFO - Started process (PID=1568) to work on /home/airflow/.local/lib/python3.12/site-packages/airflow/example_dags/example_sensors.py
[2024-05-06T18:13:37.472+0000] {processor.py:830} INFO - Processing file /home/airflow/.local/lib/python3.12/site-packages/airflow/example_dags/example_sensors.py for tasks to queue
[2024-05-06T18:13:37.473+0000] {logging_mixin.py:188} INFO - [2024-05-06T18:13:37.473+0000] {dagbag.py:540} INFO - Filling up the DagBag from /home/airflow/.local/lib/python3.12/site-packages/airflow/example_dags/example_sensors.py
[2024-05-06T18:13:37.478+0000] {processor.py:840} INFO - DAG(s) 'example_sensors' retrieved from /home/airflow/.local/lib/python3.12/site-packages/airflow/example_dags/example_sensors.py
[2024-05-06T18:13:37.490+0000] {logging_mixin.py:188} INFO - [2024-05-06T18:13:37.490+0000] {dag.py:3096} INFO - Sync 1 DAGs
[2024-05-06T18:13:37.496+0000] {logging_mixin.py:188} INFO - [2024-05-06T18:13:37.496+0000] {dag.py:3954} INFO - Setting next_dagrun for example_sensors to None, run_after=None
[2024-05-06T18:13:37.505+0000] {processor.py:183} INFO - Processing /home/airflow/.local/lib/python3.12/site-packages/airflow/example_dags/example_sensors.py took 0.036 seconds
[2024-05-06T18:14:08.069+0000] {processor.py:161} INFO - Started process (PID=1626) to work on /home/airflow/.local/lib/python3.12/site-packages/airflow/example_dags/example_sensors.py
[2024-05-06T18:14:08.070+0000] {processor.py:830} INFO - Processing file /home/airflow/.local/lib/python3.12/site-packages/airflow/example_dags/example_sensors.py for tasks to queue
[2024-05-06T18:14:08.071+0000] {logging_mixin.py:188} INFO - [2024-05-06T18:14:08.071+0000] {dagbag.py:540} INFO - Filling up the DagBag from /home/airflow/.local/lib/python3.12/site-packages/airflow/example_dags/example_sensors.py
[2024-05-06T18:14:08.075+0000] {processor.py:840} INFO - DAG(s) 'example_sensors' retrieved from /home/airflow/.local/lib/python3.12/site-packages/airflow/example_dags/example_sensors.py
[2024-05-06T18:14:08.087+0000] {logging_mixin.py:188} INFO - [2024-05-06T18:14:08.087+0000] {dag.py:3096} INFO - Sync 1 DAGs
[2024-05-06T18:14:08.093+0000] {logging_mixin.py:188} INFO - [2024-05-06T18:14:08.092+0000] {dag.py:3954} INFO - Setting next_dagrun for example_sensors to None, run_after=None
[2024-05-06T18:14:08.101+0000] {processor.py:183} INFO - Processing /home/airflow/.local/lib/python3.12/site-packages/airflow/example_dags/example_sensors.py took 0.035 seconds
[2024-05-06T18:14:38.600+0000] {processor.py:161} INFO - Started process (PID=1684) to work on /home/airflow/.local/lib/python3.12/site-packages/airflow/example_dags/example_sensors.py
[2024-05-06T18:14:38.600+0000] {processor.py:830} INFO - Processing file /home/airflow/.local/lib/python3.12/site-packages/airflow/example_dags/example_sensors.py for tasks to queue
[2024-05-06T18:14:38.601+0000] {logging_mixin.py:188} INFO - [2024-05-06T18:14:38.601+0000] {dagbag.py:540} INFO - Filling up the DagBag from /home/airflow/.local/lib/python3.12/site-packages/airflow/example_dags/example_sensors.py
[2024-05-06T18:14:38.605+0000] {processor.py:840} INFO - DAG(s) 'example_sensors' retrieved from /home/airflow/.local/lib/python3.12/site-packages/airflow/example_dags/example_sensors.py
[2024-05-06T18:14:38.617+0000] {logging_mixin.py:188} INFO - [2024-05-06T18:14:38.617+0000] {dag.py:3096} INFO - Sync 1 DAGs
[2024-05-06T18:14:38.623+0000] {logging_mixin.py:188} INFO - [2024-05-06T18:14:38.623+0000] {dag.py:3954} INFO - Setting next_dagrun for example_sensors to None, run_after=None
[2024-05-06T18:14:38.632+0000] {processor.py:183} INFO - Processing /home/airflow/.local/lib/python3.12/site-packages/airflow/example_dags/example_sensors.py took 0.035 seconds
[2024-05-06T18:15:09.209+0000] {processor.py:161} INFO - Started process (PID=1742) to work on /home/airflow/.local/lib/python3.12/site-packages/airflow/example_dags/example_sensors.py
[2024-05-06T18:15:09.209+0000] {processor.py:830} INFO - Processing file /home/airflow/.local/lib/python3.12/site-packages/airflow/example_dags/example_sensors.py for tasks to queue
[2024-05-06T18:15:09.210+0000] {logging_mixin.py:188} INFO - [2024-05-06T18:15:09.210+0000] {dagbag.py:540} INFO - Filling up the DagBag from /home/airflow/.local/lib/python3.12/site-packages/airflow/example_dags/example_sensors.py
[2024-05-06T18:15:09.215+0000] {processor.py:840} INFO - DAG(s) 'example_sensors' retrieved from /home/airflow/.local/lib/python3.12/site-packages/airflow/example_dags/example_sensors.py
[2024-05-06T18:15:09.227+0000] {logging_mixin.py:188} INFO - [2024-05-06T18:15:09.227+0000] {dag.py:3096} INFO - Sync 1 DAGs
[2024-05-06T18:15:09.232+0000] {logging_mixin.py:188} INFO - [2024-05-06T18:15:09.232+0000] {dag.py:3954} INFO - Setting next_dagrun for example_sensors to None, run_after=None
[2024-05-06T18:15:09.240+0000] {processor.py:183} INFO - Processing /home/airflow/.local/lib/python3.12/site-packages/airflow/example_dags/example_sensors.py took 0.034 seconds
[2024-05-06T18:15:39.804+0000] {processor.py:161} INFO - Started process (PID=1800) to work on /home/airflow/.local/lib/python3.12/site-packages/airflow/example_dags/example_sensors.py
[2024-05-06T18:15:39.804+0000] {processor.py:830} INFO - Processing file /home/airflow/.local/lib/python3.12/site-packages/airflow/example_dags/example_sensors.py for tasks to queue
[2024-05-06T18:15:39.805+0000] {logging_mixin.py:188} INFO - [2024-05-06T18:15:39.805+0000] {dagbag.py:540} INFO - Filling up the DagBag from /home/airflow/.local/lib/python3.12/site-packages/airflow/example_dags/example_sensors.py
[2024-05-06T18:15:39.810+0000] {processor.py:840} INFO - DAG(s) 'example_sensors' retrieved from /home/airflow/.local/lib/python3.12/site-packages/airflow/example_dags/example_sensors.py
[2024-05-06T18:15:39.822+0000] {logging_mixin.py:188} INFO - [2024-05-06T18:15:39.822+0000] {dag.py:3096} INFO - Sync 1 DAGs
[2024-05-06T18:15:39.828+0000] {logging_mixin.py:188} INFO - [2024-05-06T18:15:39.828+0000] {dag.py:3954} INFO - Setting next_dagrun for example_sensors to None, run_after=None
[2024-05-06T18:15:39.837+0000] {processor.py:183} INFO - Processing /home/airflow/.local/lib/python3.12/site-packages/airflow/example_dags/example_sensors.py took 0.036 seconds
[2024-05-06T18:16:10.382+0000] {processor.py:161} INFO - Started process (PID=1858) to work on /home/airflow/.local/lib/python3.12/site-packages/airflow/example_dags/example_sensors.py
[2024-05-06T18:16:10.383+0000] {processor.py:830} INFO - Processing file /home/airflow/.local/lib/python3.12/site-packages/airflow/example_dags/example_sensors.py for tasks to queue
[2024-05-06T18:16:10.384+0000] {logging_mixin.py:188} INFO - [2024-05-06T18:16:10.384+0000] {dagbag.py:540} INFO - Filling up the DagBag from /home/airflow/.local/lib/python3.12/site-packages/airflow/example_dags/example_sensors.py
[2024-05-06T18:16:10.388+0000] {processor.py:840} INFO - DAG(s) 'example_sensors' retrieved from /home/airflow/.local/lib/python3.12/site-packages/airflow/example_dags/example_sensors.py
[2024-05-06T18:16:10.400+0000] {logging_mixin.py:188} INFO - [2024-05-06T18:16:10.400+0000] {dag.py:3096} INFO - Sync 1 DAGs
[2024-05-06T18:16:10.406+0000] {logging_mixin.py:188} INFO - [2024-05-06T18:16:10.406+0000] {dag.py:3954} INFO - Setting next_dagrun for example_sensors to None, run_after=None
[2024-05-06T18:16:10.415+0000] {processor.py:183} INFO - Processing /home/airflow/.local/lib/python3.12/site-packages/airflow/example_dags/example_sensors.py took 0.035 seconds
[2024-05-06T18:16:40.937+0000] {processor.py:161} INFO - Started process (PID=1916) to work on /home/airflow/.local/lib/python3.12/site-packages/airflow/example_dags/example_sensors.py
[2024-05-06T18:16:40.938+0000] {processor.py:830} INFO - Processing file /home/airflow/.local/lib/python3.12/site-packages/airflow/example_dags/example_sensors.py for tasks to queue
[2024-05-06T18:16:40.939+0000] {logging_mixin.py:188} INFO - [2024-05-06T18:16:40.939+0000] {dagbag.py:540} INFO - Filling up the DagBag from /home/airflow/.local/lib/python3.12/site-packages/airflow/example_dags/example_sensors.py
[2024-05-06T18:16:40.943+0000] {processor.py:840} INFO - DAG(s) 'example_sensors' retrieved from /home/airflow/.local/lib/python3.12/site-packages/airflow/example_dags/example_sensors.py
[2024-05-06T18:16:40.955+0000] {logging_mixin.py:188} INFO - [2024-05-06T18:16:40.955+0000] {dag.py:3096} INFO - Sync 1 DAGs
[2024-05-06T18:16:40.961+0000] {logging_mixin.py:188} INFO - [2024-05-06T18:16:40.961+0000] {dag.py:3954} INFO - Setting next_dagrun for example_sensors to None, run_after=None
[2024-05-06T18:16:40.970+0000] {processor.py:183} INFO - Processing /home/airflow/.local/lib/python3.12/site-packages/airflow/example_dags/example_sensors.py took 0.035 seconds
[2024-05-06T18:18:14.440+0000] {processor.py:161} INFO - Started process (PID=1973) to work on /home/airflow/.local/lib/python3.12/site-packages/airflow/example_dags/example_sensors.py
[2024-05-06T18:18:14.441+0000] {processor.py:830} INFO - Processing file /home/airflow/.local/lib/python3.12/site-packages/airflow/example_dags/example_sensors.py for tasks to queue
[2024-05-06T18:18:14.442+0000] {logging_mixin.py:188} INFO - [2024-05-06T18:18:14.441+0000] {dagbag.py:540} INFO - Filling up the DagBag from /home/airflow/.local/lib/python3.12/site-packages/airflow/example_dags/example_sensors.py
[2024-05-06T18:18:14.446+0000] {processor.py:840} INFO - DAG(s) 'example_sensors' retrieved from /home/airflow/.local/lib/python3.12/site-packages/airflow/example_dags/example_sensors.py
[2024-05-06T18:18:14.458+0000] {logging_mixin.py:188} INFO - [2024-05-06T18:18:14.457+0000] {dag.py:3096} INFO - Sync 1 DAGs
[2024-05-06T18:18:14.464+0000] {logging_mixin.py:188} INFO - [2024-05-06T18:18:14.464+0000] {dag.py:3954} INFO - Setting next_dagrun for example_sensors to None, run_after=None
[2024-05-06T18:18:14.472+0000] {processor.py:183} INFO - Processing /home/airflow/.local/lib/python3.12/site-packages/airflow/example_dags/example_sensors.py took 0.035 seconds
[2024-05-06T18:18:44.991+0000] {processor.py:161} INFO - Started process (PID=2031) to work on /home/airflow/.local/lib/python3.12/site-packages/airflow/example_dags/example_sensors.py
[2024-05-06T18:18:44.991+0000] {processor.py:830} INFO - Processing file /home/airflow/.local/lib/python3.12/site-packages/airflow/example_dags/example_sensors.py for tasks to queue
[2024-05-06T18:18:44.992+0000] {logging_mixin.py:188} INFO - [2024-05-06T18:18:44.992+0000] {dagbag.py:540} INFO - Filling up the DagBag from /home/airflow/.local/lib/python3.12/site-packages/airflow/example_dags/example_sensors.py
[2024-05-06T18:18:44.997+0000] {processor.py:840} INFO - DAG(s) 'example_sensors' retrieved from /home/airflow/.local/lib/python3.12/site-packages/airflow/example_dags/example_sensors.py
[2024-05-06T18:18:45.009+0000] {logging_mixin.py:188} INFO - [2024-05-06T18:18:45.009+0000] {dag.py:3096} INFO - Sync 1 DAGs
[2024-05-06T18:18:45.015+0000] {logging_mixin.py:188} INFO - [2024-05-06T18:18:45.015+0000] {dag.py:3954} INFO - Setting next_dagrun for example_sensors to None, run_after=None
[2024-05-06T18:18:45.024+0000] {processor.py:183} INFO - Processing /home/airflow/.local/lib/python3.12/site-packages/airflow/example_dags/example_sensors.py took 0.036 seconds
[2024-05-06T18:19:15.612+0000] {processor.py:161} INFO - Started process (PID=2089) to work on /home/airflow/.local/lib/python3.12/site-packages/airflow/example_dags/example_sensors.py
[2024-05-06T18:19:15.613+0000] {processor.py:830} INFO - Processing file /home/airflow/.local/lib/python3.12/site-packages/airflow/example_dags/example_sensors.py for tasks to queue
[2024-05-06T18:19:15.614+0000] {logging_mixin.py:188} INFO - [2024-05-06T18:19:15.614+0000] {dagbag.py:540} INFO - Filling up the DagBag from /home/airflow/.local/lib/python3.12/site-packages/airflow/example_dags/example_sensors.py
[2024-05-06T18:19:15.619+0000] {processor.py:840} INFO - DAG(s) 'example_sensors' retrieved from /home/airflow/.local/lib/python3.12/site-packages/airflow/example_dags/example_sensors.py
[2024-05-06T18:19:15.630+0000] {logging_mixin.py:188} INFO - [2024-05-06T18:19:15.630+0000] {dag.py:3096} INFO - Sync 1 DAGs
[2024-05-06T18:19:15.636+0000] {logging_mixin.py:188} INFO - [2024-05-06T18:19:15.636+0000] {dag.py:3954} INFO - Setting next_dagrun for example_sensors to None, run_after=None
[2024-05-06T18:19:15.644+0000] {processor.py:183} INFO - Processing /home/airflow/.local/lib/python3.12/site-packages/airflow/example_dags/example_sensors.py took 0.035 seconds
[2024-05-06T18:19:46.142+0000] {processor.py:161} INFO - Started process (PID=2147) to work on /home/airflow/.local/lib/python3.12/site-packages/airflow/example_dags/example_sensors.py
[2024-05-06T18:19:46.143+0000] {processor.py:830} INFO - Processing file /home/airflow/.local/lib/python3.12/site-packages/airflow/example_dags/example_sensors.py for tasks to queue
[2024-05-06T18:19:46.144+0000] {logging_mixin.py:188} INFO - [2024-05-06T18:19:46.144+0000] {dagbag.py:540} INFO - Filling up the DagBag from /home/airflow/.local/lib/python3.12/site-packages/airflow/example_dags/example_sensors.py
[2024-05-06T18:19:46.148+0000] {processor.py:840} INFO - DAG(s) 'example_sensors' retrieved from /home/airflow/.local/lib/python3.12/site-packages/airflow/example_dags/example_sensors.py
[2024-05-06T18:19:46.161+0000] {logging_mixin.py:188} INFO - [2024-05-06T18:19:46.161+0000] {dag.py:3096} INFO - Sync 1 DAGs
[2024-05-06T18:19:46.167+0000] {logging_mixin.py:188} INFO - [2024-05-06T18:19:46.167+0000] {dag.py:3954} INFO - Setting next_dagrun for example_sensors to None, run_after=None
[2024-05-06T18:19:46.175+0000] {processor.py:183} INFO - Processing /home/airflow/.local/lib/python3.12/site-packages/airflow/example_dags/example_sensors.py took 0.036 seconds
[2024-05-06T18:20:16.814+0000] {processor.py:161} INFO - Started process (PID=2205) to work on /home/airflow/.local/lib/python3.12/site-packages/airflow/example_dags/example_sensors.py
[2024-05-06T18:20:16.814+0000] {processor.py:830} INFO - Processing file /home/airflow/.local/lib/python3.12/site-packages/airflow/example_dags/example_sensors.py for tasks to queue
[2024-05-06T18:20:16.815+0000] {logging_mixin.py:188} INFO - [2024-05-06T18:20:16.815+0000] {dagbag.py:540} INFO - Filling up the DagBag from /home/airflow/.local/lib/python3.12/site-packages/airflow/example_dags/example_sensors.py
[2024-05-06T18:20:16.820+0000] {processor.py:840} INFO - DAG(s) 'example_sensors' retrieved from /home/airflow/.local/lib/python3.12/site-packages/airflow/example_dags/example_sensors.py
[2024-05-06T18:20:16.831+0000] {logging_mixin.py:188} INFO - [2024-05-06T18:20:16.831+0000] {dag.py:3096} INFO - Sync 1 DAGs
[2024-05-06T18:20:16.837+0000] {logging_mixin.py:188} INFO - [2024-05-06T18:20:16.837+0000] {dag.py:3954} INFO - Setting next_dagrun for example_sensors to None, run_after=None
[2024-05-06T18:20:16.847+0000] {processor.py:183} INFO - Processing /home/airflow/.local/lib/python3.12/site-packages/airflow/example_dags/example_sensors.py took 0.036 seconds
[2024-05-06T18:20:47.349+0000] {processor.py:161} INFO - Started process (PID=2263) to work on /home/airflow/.local/lib/python3.12/site-packages/airflow/example_dags/example_sensors.py
[2024-05-06T18:20:47.350+0000] {processor.py:830} INFO - Processing file /home/airflow/.local/lib/python3.12/site-packages/airflow/example_dags/example_sensors.py for tasks to queue
[2024-05-06T18:20:47.351+0000] {logging_mixin.py:188} INFO - [2024-05-06T18:20:47.351+0000] {dagbag.py:540} INFO - Filling up the DagBag from /home/airflow/.local/lib/python3.12/site-packages/airflow/example_dags/example_sensors.py
[2024-05-06T18:20:47.355+0000] {processor.py:840} INFO - DAG(s) 'example_sensors' retrieved from /home/airflow/.local/lib/python3.12/site-packages/airflow/example_dags/example_sensors.py
[2024-05-06T18:20:47.368+0000] {logging_mixin.py:188} INFO - [2024-05-06T18:20:47.367+0000] {dag.py:3096} INFO - Sync 1 DAGs
[2024-05-06T18:20:47.374+0000] {logging_mixin.py:188} INFO - [2024-05-06T18:20:47.373+0000] {dag.py:3954} INFO - Setting next_dagrun for example_sensors to None, run_after=None
[2024-05-06T18:20:47.382+0000] {processor.py:183} INFO - Processing /home/airflow/.local/lib/python3.12/site-packages/airflow/example_dags/example_sensors.py took 0.036 seconds
[2024-05-06T18:21:18.004+0000] {processor.py:161} INFO - Started process (PID=2321) to work on /home/airflow/.local/lib/python3.12/site-packages/airflow/example_dags/example_sensors.py
[2024-05-06T18:21:18.004+0000] {processor.py:830} INFO - Processing file /home/airflow/.local/lib/python3.12/site-packages/airflow/example_dags/example_sensors.py for tasks to queue
[2024-05-06T18:21:18.005+0000] {logging_mixin.py:188} INFO - [2024-05-06T18:21:18.005+0000] {dagbag.py:540} INFO - Filling up the DagBag from /home/airflow/.local/lib/python3.12/site-packages/airflow/example_dags/example_sensors.py
[2024-05-06T18:21:18.010+0000] {processor.py:840} INFO - DAG(s) 'example_sensors' retrieved from /home/airflow/.local/lib/python3.12/site-packages/airflow/example_dags/example_sensors.py
[2024-05-06T18:21:18.021+0000] {logging_mixin.py:188} INFO - [2024-05-06T18:21:18.021+0000] {dag.py:3096} INFO - Sync 1 DAGs
[2024-05-06T18:21:18.027+0000] {logging_mixin.py:188} INFO - [2024-05-06T18:21:18.027+0000] {dag.py:3954} INFO - Setting next_dagrun for example_sensors to None, run_after=None
[2024-05-06T18:21:18.035+0000] {processor.py:183} INFO - Processing /home/airflow/.local/lib/python3.12/site-packages/airflow/example_dags/example_sensors.py took 0.034 seconds
[2024-05-06T18:21:48.673+0000] {processor.py:161} INFO - Started process (PID=2378) to work on /home/airflow/.local/lib/python3.12/site-packages/airflow/example_dags/example_sensors.py
[2024-05-06T18:21:48.673+0000] {processor.py:830} INFO - Processing file /home/airflow/.local/lib/python3.12/site-packages/airflow/example_dags/example_sensors.py for tasks to queue
[2024-05-06T18:21:48.674+0000] {logging_mixin.py:188} INFO - [2024-05-06T18:21:48.674+0000] {dagbag.py:540} INFO - Filling up the DagBag from /home/airflow/.local/lib/python3.12/site-packages/airflow/example_dags/example_sensors.py
[2024-05-06T18:21:48.679+0000] {processor.py:840} INFO - DAG(s) 'example_sensors' retrieved from /home/airflow/.local/lib/python3.12/site-packages/airflow/example_dags/example_sensors.py
[2024-05-06T18:21:48.691+0000] {logging_mixin.py:188} INFO - [2024-05-06T18:21:48.691+0000] {dag.py:3096} INFO - Sync 1 DAGs
[2024-05-06T18:21:48.697+0000] {logging_mixin.py:188} INFO - [2024-05-06T18:21:48.697+0000] {dag.py:3954} INFO - Setting next_dagrun for example_sensors to None, run_after=None
[2024-05-06T18:21:48.706+0000] {processor.py:183} INFO - Processing /home/airflow/.local/lib/python3.12/site-packages/airflow/example_dags/example_sensors.py took 0.036 seconds
[2024-05-06T18:22:19.288+0000] {processor.py:161} INFO - Started process (PID=2436) to work on /home/airflow/.local/lib/python3.12/site-packages/airflow/example_dags/example_sensors.py
[2024-05-06T18:22:19.289+0000] {processor.py:830} INFO - Processing file /home/airflow/.local/lib/python3.12/site-packages/airflow/example_dags/example_sensors.py for tasks to queue
[2024-05-06T18:22:19.290+0000] {logging_mixin.py:188} INFO - [2024-05-06T18:22:19.289+0000] {dagbag.py:540} INFO - Filling up the DagBag from /home/airflow/.local/lib/python3.12/site-packages/airflow/example_dags/example_sensors.py
[2024-05-06T18:22:19.294+0000] {processor.py:840} INFO - DAG(s) 'example_sensors' retrieved from /home/airflow/.local/lib/python3.12/site-packages/airflow/example_dags/example_sensors.py
[2024-05-06T18:22:19.306+0000] {logging_mixin.py:188} INFO - [2024-05-06T18:22:19.306+0000] {dag.py:3096} INFO - Sync 1 DAGs
[2024-05-06T18:22:19.312+0000] {logging_mixin.py:188} INFO - [2024-05-06T18:22:19.312+0000] {dag.py:3954} INFO - Setting next_dagrun for example_sensors to None, run_after=None
[2024-05-06T18:22:19.320+0000] {processor.py:183} INFO - Processing /home/airflow/.local/lib/python3.12/site-packages/airflow/example_dags/example_sensors.py took 0.035 seconds
[2024-05-06T18:22:49.928+0000] {processor.py:161} INFO - Started process (PID=2494) to work on /home/airflow/.local/lib/python3.12/site-packages/airflow/example_dags/example_sensors.py
[2024-05-06T18:22:49.929+0000] {processor.py:830} INFO - Processing file /home/airflow/.local/lib/python3.12/site-packages/airflow/example_dags/example_sensors.py for tasks to queue
[2024-05-06T18:22:49.930+0000] {logging_mixin.py:188} INFO - [2024-05-06T18:22:49.930+0000] {dagbag.py:540} INFO - Filling up the DagBag from /home/airflow/.local/lib/python3.12/site-packages/airflow/example_dags/example_sensors.py
[2024-05-06T18:22:49.936+0000] {processor.py:840} INFO - DAG(s) 'example_sensors' retrieved from /home/airflow/.local/lib/python3.12/site-packages/airflow/example_dags/example_sensors.py
[2024-05-06T18:22:49.948+0000] {logging_mixin.py:188} INFO - [2024-05-06T18:22:49.947+0000] {dag.py:3096} INFO - Sync 1 DAGs
[2024-05-06T18:22:49.954+0000] {logging_mixin.py:188} INFO - [2024-05-06T18:22:49.954+0000] {dag.py:3954} INFO - Setting next_dagrun for example_sensors to None, run_after=None
[2024-05-06T18:22:49.962+0000] {processor.py:183} INFO - Processing /home/airflow/.local/lib/python3.12/site-packages/airflow/example_dags/example_sensors.py took 0.037 seconds
[2024-05-06T18:23:20.499+0000] {processor.py:161} INFO - Started process (PID=2551) to work on /home/airflow/.local/lib/python3.12/site-packages/airflow/example_dags/example_sensors.py
[2024-05-06T18:23:20.500+0000] {processor.py:830} INFO - Processing file /home/airflow/.local/lib/python3.12/site-packages/airflow/example_dags/example_sensors.py for tasks to queue
[2024-05-06T18:23:20.501+0000] {logging_mixin.py:188} INFO - [2024-05-06T18:23:20.501+0000] {dagbag.py:540} INFO - Filling up the DagBag from /home/airflow/.local/lib/python3.12/site-packages/airflow/example_dags/example_sensors.py
[2024-05-06T18:23:20.506+0000] {processor.py:840} INFO - DAG(s) 'example_sensors' retrieved from /home/airflow/.local/lib/python3.12/site-packages/airflow/example_dags/example_sensors.py
[2024-05-06T18:23:20.518+0000] {logging_mixin.py:188} INFO - [2024-05-06T18:23:20.518+0000] {dag.py:3096} INFO - Sync 1 DAGs
[2024-05-06T18:23:20.527+0000] {logging_mixin.py:188} INFO - [2024-05-06T18:23:20.526+0000] {dag.py:3954} INFO - Setting next_dagrun for example_sensors to None, run_after=None
[2024-05-06T18:23:20.535+0000] {processor.py:183} INFO - Processing /home/airflow/.local/lib/python3.12/site-packages/airflow/example_dags/example_sensors.py took 0.039 seconds
[2024-05-06T18:23:51.257+0000] {processor.py:161} INFO - Started process (PID=2609) to work on /home/airflow/.local/lib/python3.12/site-packages/airflow/example_dags/example_sensors.py
[2024-05-06T18:23:51.258+0000] {processor.py:830} INFO - Processing file /home/airflow/.local/lib/python3.12/site-packages/airflow/example_dags/example_sensors.py for tasks to queue
[2024-05-06T18:23:51.259+0000] {logging_mixin.py:188} INFO - [2024-05-06T18:23:51.258+0000] {dagbag.py:540} INFO - Filling up the DagBag from /home/airflow/.local/lib/python3.12/site-packages/airflow/example_dags/example_sensors.py
[2024-05-06T18:23:51.263+0000] {processor.py:840} INFO - DAG(s) 'example_sensors' retrieved from /home/airflow/.local/lib/python3.12/site-packages/airflow/example_dags/example_sensors.py
[2024-05-06T18:23:51.275+0000] {logging_mixin.py:188} INFO - [2024-05-06T18:23:51.275+0000] {dag.py:3096} INFO - Sync 1 DAGs
[2024-05-06T18:23:51.281+0000] {logging_mixin.py:188} INFO - [2024-05-06T18:23:51.281+0000] {dag.py:3954} INFO - Setting next_dagrun for example_sensors to None, run_after=None
[2024-05-06T18:23:51.290+0000] {processor.py:183} INFO - Processing /home/airflow/.local/lib/python3.12/site-packages/airflow/example_dags/example_sensors.py took 0.035 seconds
[2024-05-06T18:24:21.832+0000] {processor.py:161} INFO - Started process (PID=2667) to work on /home/airflow/.local/lib/python3.12/site-packages/airflow/example_dags/example_sensors.py
[2024-05-06T18:24:21.835+0000] {processor.py:830} INFO - Processing file /home/airflow/.local/lib/python3.12/site-packages/airflow/example_dags/example_sensors.py for tasks to queue
[2024-05-06T18:24:21.836+0000] {logging_mixin.py:188} INFO - [2024-05-06T18:24:21.836+0000] {dagbag.py:540} INFO - Filling up the DagBag from /home/airflow/.local/lib/python3.12/site-packages/airflow/example_dags/example_sensors.py
[2024-05-06T18:24:21.840+0000] {processor.py:840} INFO - DAG(s) 'example_sensors' retrieved from /home/airflow/.local/lib/python3.12/site-packages/airflow/example_dags/example_sensors.py
[2024-05-06T18:24:21.853+0000] {logging_mixin.py:188} INFO - [2024-05-06T18:24:21.853+0000] {dag.py:3096} INFO - Sync 1 DAGs
[2024-05-06T18:24:21.859+0000] {logging_mixin.py:188} INFO - [2024-05-06T18:24:21.859+0000] {dag.py:3954} INFO - Setting next_dagrun for example_sensors to None, run_after=None
[2024-05-06T18:24:21.871+0000] {processor.py:183} INFO - Processing /home/airflow/.local/lib/python3.12/site-packages/airflow/example_dags/example_sensors.py took 0.042 seconds
[2024-05-06T18:24:52.447+0000] {processor.py:161} INFO - Started process (PID=2725) to work on /home/airflow/.local/lib/python3.12/site-packages/airflow/example_dags/example_sensors.py
[2024-05-06T18:24:52.447+0000] {processor.py:830} INFO - Processing file /home/airflow/.local/lib/python3.12/site-packages/airflow/example_dags/example_sensors.py for tasks to queue
[2024-05-06T18:24:52.448+0000] {logging_mixin.py:188} INFO - [2024-05-06T18:24:52.448+0000] {dagbag.py:540} INFO - Filling up the DagBag from /home/airflow/.local/lib/python3.12/site-packages/airflow/example_dags/example_sensors.py
[2024-05-06T18:24:52.454+0000] {processor.py:840} INFO - DAG(s) 'example_sensors' retrieved from /home/airflow/.local/lib/python3.12/site-packages/airflow/example_dags/example_sensors.py
[2024-05-06T18:24:52.473+0000] {logging_mixin.py:188} INFO - [2024-05-06T18:24:52.473+0000] {dag.py:3096} INFO - Sync 1 DAGs
[2024-05-06T18:24:52.482+0000] {logging_mixin.py:188} INFO - [2024-05-06T18:24:52.482+0000] {dag.py:3954} INFO - Setting next_dagrun for example_sensors to None, run_after=None
[2024-05-06T18:24:52.493+0000] {processor.py:183} INFO - Processing /home/airflow/.local/lib/python3.12/site-packages/airflow/example_dags/example_sensors.py took 0.051 seconds
[2024-05-06T18:25:23.069+0000] {processor.py:161} INFO - Started process (PID=2783) to work on /home/airflow/.local/lib/python3.12/site-packages/airflow/example_dags/example_sensors.py
[2024-05-06T18:25:23.070+0000] {processor.py:830} INFO - Processing file /home/airflow/.local/lib/python3.12/site-packages/airflow/example_dags/example_sensors.py for tasks to queue
[2024-05-06T18:25:23.071+0000] {logging_mixin.py:188} INFO - [2024-05-06T18:25:23.071+0000] {dagbag.py:540} INFO - Filling up the DagBag from /home/airflow/.local/lib/python3.12/site-packages/airflow/example_dags/example_sensors.py
[2024-05-06T18:25:23.076+0000] {processor.py:840} INFO - DAG(s) 'example_sensors' retrieved from /home/airflow/.local/lib/python3.12/site-packages/airflow/example_dags/example_sensors.py
[2024-05-06T18:25:23.089+0000] {logging_mixin.py:188} INFO - [2024-05-06T18:25:23.089+0000] {dag.py:3096} INFO - Sync 1 DAGs
[2024-05-06T18:25:23.096+0000] {logging_mixin.py:188} INFO - [2024-05-06T18:25:23.096+0000] {dag.py:3954} INFO - Setting next_dagrun for example_sensors to None, run_after=None
[2024-05-06T18:25:23.106+0000] {processor.py:183} INFO - Processing /home/airflow/.local/lib/python3.12/site-packages/airflow/example_dags/example_sensors.py took 0.041 seconds
[2024-05-06T18:25:53.661+0000] {processor.py:161} INFO - Started process (PID=2840) to work on /home/airflow/.local/lib/python3.12/site-packages/airflow/example_dags/example_sensors.py
[2024-05-06T18:25:53.662+0000] {processor.py:830} INFO - Processing file /home/airflow/.local/lib/python3.12/site-packages/airflow/example_dags/example_sensors.py for tasks to queue
[2024-05-06T18:25:53.663+0000] {logging_mixin.py:188} INFO - [2024-05-06T18:25:53.663+0000] {dagbag.py:540} INFO - Filling up the DagBag from /home/airflow/.local/lib/python3.12/site-packages/airflow/example_dags/example_sensors.py
[2024-05-06T18:25:53.667+0000] {processor.py:840} INFO - DAG(s) 'example_sensors' retrieved from /home/airflow/.local/lib/python3.12/site-packages/airflow/example_dags/example_sensors.py
[2024-05-06T18:25:53.680+0000] {logging_mixin.py:188} INFO - [2024-05-06T18:25:53.680+0000] {dag.py:3096} INFO - Sync 1 DAGs
[2024-05-06T18:25:53.686+0000] {logging_mixin.py:188} INFO - [2024-05-06T18:25:53.686+0000] {dag.py:3954} INFO - Setting next_dagrun for example_sensors to None, run_after=None
[2024-05-06T18:25:53.695+0000] {processor.py:183} INFO - Processing /home/airflow/.local/lib/python3.12/site-packages/airflow/example_dags/example_sensors.py took 0.036 seconds
[2024-05-06T18:26:24.459+0000] {processor.py:161} INFO - Started process (PID=2898) to work on /home/airflow/.local/lib/python3.12/site-packages/airflow/example_dags/example_sensors.py
[2024-05-06T18:26:24.459+0000] {processor.py:830} INFO - Processing file /home/airflow/.local/lib/python3.12/site-packages/airflow/example_dags/example_sensors.py for tasks to queue
[2024-05-06T18:26:24.460+0000] {logging_mixin.py:188} INFO - [2024-05-06T18:26:24.460+0000] {dagbag.py:540} INFO - Filling up the DagBag from /home/airflow/.local/lib/python3.12/site-packages/airflow/example_dags/example_sensors.py
[2024-05-06T18:26:24.464+0000] {processor.py:840} INFO - DAG(s) 'example_sensors' retrieved from /home/airflow/.local/lib/python3.12/site-packages/airflow/example_dags/example_sensors.py
[2024-05-06T18:26:24.476+0000] {logging_mixin.py:188} INFO - [2024-05-06T18:26:24.476+0000] {dag.py:3096} INFO - Sync 1 DAGs
[2024-05-06T18:26:24.481+0000] {logging_mixin.py:188} INFO - [2024-05-06T18:26:24.481+0000] {dag.py:3954} INFO - Setting next_dagrun for example_sensors to None, run_after=None
[2024-05-06T18:26:24.490+0000] {processor.py:183} INFO - Processing /home/airflow/.local/lib/python3.12/site-packages/airflow/example_dags/example_sensors.py took 0.034 seconds
[2024-05-06T18:26:54.992+0000] {processor.py:161} INFO - Started process (PID=2956) to work on /home/airflow/.local/lib/python3.12/site-packages/airflow/example_dags/example_sensors.py
[2024-05-06T18:26:54.993+0000] {processor.py:830} INFO - Processing file /home/airflow/.local/lib/python3.12/site-packages/airflow/example_dags/example_sensors.py for tasks to queue
[2024-05-06T18:26:54.994+0000] {logging_mixin.py:188} INFO - [2024-05-06T18:26:54.993+0000] {dagbag.py:540} INFO - Filling up the DagBag from /home/airflow/.local/lib/python3.12/site-packages/airflow/example_dags/example_sensors.py
[2024-05-06T18:26:54.998+0000] {processor.py:840} INFO - DAG(s) 'example_sensors' retrieved from /home/airflow/.local/lib/python3.12/site-packages/airflow/example_dags/example_sensors.py
[2024-05-06T18:26:55.015+0000] {logging_mixin.py:188} INFO - [2024-05-06T18:26:55.015+0000] {dag.py:3096} INFO - Sync 1 DAGs
[2024-05-06T18:26:55.022+0000] {logging_mixin.py:188} INFO - [2024-05-06T18:26:55.022+0000] {dag.py:3954} INFO - Setting next_dagrun for example_sensors to None, run_after=None
[2024-05-06T18:26:55.034+0000] {processor.py:183} INFO - Processing /home/airflow/.local/lib/python3.12/site-packages/airflow/example_dags/example_sensors.py took 0.045 seconds
[2024-05-06T18:27:25.567+0000] {processor.py:161} INFO - Started process (PID=3013) to work on /home/airflow/.local/lib/python3.12/site-packages/airflow/example_dags/example_sensors.py
[2024-05-06T18:27:25.567+0000] {processor.py:830} INFO - Processing file /home/airflow/.local/lib/python3.12/site-packages/airflow/example_dags/example_sensors.py for tasks to queue
[2024-05-06T18:27:25.568+0000] {logging_mixin.py:188} INFO - [2024-05-06T18:27:25.568+0000] {dagbag.py:540} INFO - Filling up the DagBag from /home/airflow/.local/lib/python3.12/site-packages/airflow/example_dags/example_sensors.py
[2024-05-06T18:27:25.573+0000] {processor.py:840} INFO - DAG(s) 'example_sensors' retrieved from /home/airflow/.local/lib/python3.12/site-packages/airflow/example_dags/example_sensors.py
[2024-05-06T18:27:25.584+0000] {logging_mixin.py:188} INFO - [2024-05-06T18:27:25.584+0000] {dag.py:3096} INFO - Sync 1 DAGs
[2024-05-06T18:27:25.590+0000] {logging_mixin.py:188} INFO - [2024-05-06T18:27:25.590+0000] {dag.py:3954} INFO - Setting next_dagrun for example_sensors to None, run_after=None
[2024-05-06T18:27:25.598+0000] {processor.py:183} INFO - Processing /home/airflow/.local/lib/python3.12/site-packages/airflow/example_dags/example_sensors.py took 0.034 seconds
[2024-05-06T18:27:56.110+0000] {processor.py:161} INFO - Started process (PID=3070) to work on /home/airflow/.local/lib/python3.12/site-packages/airflow/example_dags/example_sensors.py
[2024-05-06T18:27:56.110+0000] {processor.py:830} INFO - Processing file /home/airflow/.local/lib/python3.12/site-packages/airflow/example_dags/example_sensors.py for tasks to queue
[2024-05-06T18:27:56.111+0000] {logging_mixin.py:188} INFO - [2024-05-06T18:27:56.111+0000] {dagbag.py:540} INFO - Filling up the DagBag from /home/airflow/.local/lib/python3.12/site-packages/airflow/example_dags/example_sensors.py
[2024-05-06T18:27:56.115+0000] {processor.py:840} INFO - DAG(s) 'example_sensors' retrieved from /home/airflow/.local/lib/python3.12/site-packages/airflow/example_dags/example_sensors.py
[2024-05-06T18:27:56.127+0000] {logging_mixin.py:188} INFO - [2024-05-06T18:27:56.127+0000] {dag.py:3096} INFO - Sync 1 DAGs
[2024-05-06T18:27:56.133+0000] {logging_mixin.py:188} INFO - [2024-05-06T18:27:56.133+0000] {dag.py:3954} INFO - Setting next_dagrun for example_sensors to None, run_after=None
[2024-05-06T18:27:56.142+0000] {processor.py:183} INFO - Processing /home/airflow/.local/lib/python3.12/site-packages/airflow/example_dags/example_sensors.py took 0.035 seconds
[2024-05-06T18:28:26.782+0000] {processor.py:161} INFO - Started process (PID=3128) to work on /home/airflow/.local/lib/python3.12/site-packages/airflow/example_dags/example_sensors.py
[2024-05-06T18:28:26.782+0000] {processor.py:830} INFO - Processing file /home/airflow/.local/lib/python3.12/site-packages/airflow/example_dags/example_sensors.py for tasks to queue
[2024-05-06T18:28:26.783+0000] {logging_mixin.py:188} INFO - [2024-05-06T18:28:26.783+0000] {dagbag.py:540} INFO - Filling up the DagBag from /home/airflow/.local/lib/python3.12/site-packages/airflow/example_dags/example_sensors.py
[2024-05-06T18:28:26.787+0000] {processor.py:840} INFO - DAG(s) 'example_sensors' retrieved from /home/airflow/.local/lib/python3.12/site-packages/airflow/example_dags/example_sensors.py
[2024-05-06T18:28:26.799+0000] {logging_mixin.py:188} INFO - [2024-05-06T18:28:26.799+0000] {dag.py:3096} INFO - Sync 1 DAGs
[2024-05-06T18:28:26.805+0000] {logging_mixin.py:188} INFO - [2024-05-06T18:28:26.805+0000] {dag.py:3954} INFO - Setting next_dagrun for example_sensors to None, run_after=None
[2024-05-06T18:28:26.813+0000] {processor.py:183} INFO - Processing /home/airflow/.local/lib/python3.12/site-packages/airflow/example_dags/example_sensors.py took 0.034 seconds
[2024-05-06T18:28:57.503+0000] {processor.py:161} INFO - Started process (PID=3186) to work on /home/airflow/.local/lib/python3.12/site-packages/airflow/example_dags/example_sensors.py
[2024-05-06T18:28:57.503+0000] {processor.py:830} INFO - Processing file /home/airflow/.local/lib/python3.12/site-packages/airflow/example_dags/example_sensors.py for tasks to queue
[2024-05-06T18:28:57.504+0000] {logging_mixin.py:188} INFO - [2024-05-06T18:28:57.504+0000] {dagbag.py:540} INFO - Filling up the DagBag from /home/airflow/.local/lib/python3.12/site-packages/airflow/example_dags/example_sensors.py
[2024-05-06T18:28:57.509+0000] {processor.py:840} INFO - DAG(s) 'example_sensors' retrieved from /home/airflow/.local/lib/python3.12/site-packages/airflow/example_dags/example_sensors.py
[2024-05-06T18:28:57.520+0000] {logging_mixin.py:188} INFO - [2024-05-06T18:28:57.520+0000] {dag.py:3096} INFO - Sync 1 DAGs
[2024-05-06T18:28:57.526+0000] {logging_mixin.py:188} INFO - [2024-05-06T18:28:57.526+0000] {dag.py:3954} INFO - Setting next_dagrun for example_sensors to None, run_after=None
[2024-05-06T18:28:57.535+0000] {processor.py:183} INFO - Processing /home/airflow/.local/lib/python3.12/site-packages/airflow/example_dags/example_sensors.py took 0.035 seconds
[2024-05-06T18:29:28.373+0000] {processor.py:161} INFO - Started process (PID=3244) to work on /home/airflow/.local/lib/python3.12/site-packages/airflow/example_dags/example_sensors.py
[2024-05-06T18:29:28.374+0000] {processor.py:830} INFO - Processing file /home/airflow/.local/lib/python3.12/site-packages/airflow/example_dags/example_sensors.py for tasks to queue
[2024-05-06T18:29:28.378+0000] {logging_mixin.py:188} INFO - [2024-05-06T18:29:28.378+0000] {dagbag.py:540} INFO - Filling up the DagBag from /home/airflow/.local/lib/python3.12/site-packages/airflow/example_dags/example_sensors.py
[2024-05-06T18:29:28.382+0000] {processor.py:840} INFO - DAG(s) 'example_sensors' retrieved from /home/airflow/.local/lib/python3.12/site-packages/airflow/example_dags/example_sensors.py
[2024-05-06T18:29:28.396+0000] {logging_mixin.py:188} INFO - [2024-05-06T18:29:28.396+0000] {dag.py:3096} INFO - Sync 1 DAGs
[2024-05-06T18:29:28.402+0000] {logging_mixin.py:188} INFO - [2024-05-06T18:29:28.402+0000] {dag.py:3954} INFO - Setting next_dagrun for example_sensors to None, run_after=None
[2024-05-06T18:29:28.410+0000] {processor.py:183} INFO - Processing /home/airflow/.local/lib/python3.12/site-packages/airflow/example_dags/example_sensors.py took 0.041 seconds
[2024-05-06T19:02:50.992+0000] {processor.py:161} INFO - Started process (PID=3301) to work on /home/airflow/.local/lib/python3.12/site-packages/airflow/example_dags/example_sensors.py
[2024-05-06T19:02:50.993+0000] {processor.py:830} INFO - Processing file /home/airflow/.local/lib/python3.12/site-packages/airflow/example_dags/example_sensors.py for tasks to queue
[2024-05-06T19:02:50.994+0000] {logging_mixin.py:188} INFO - [2024-05-06T19:02:50.993+0000] {dagbag.py:540} INFO - Filling up the DagBag from /home/airflow/.local/lib/python3.12/site-packages/airflow/example_dags/example_sensors.py
[2024-05-06T19:02:50.998+0000] {processor.py:840} INFO - DAG(s) 'example_sensors' retrieved from /home/airflow/.local/lib/python3.12/site-packages/airflow/example_dags/example_sensors.py
[2024-05-06T19:02:51.010+0000] {logging_mixin.py:188} INFO - [2024-05-06T19:02:51.010+0000] {dag.py:3096} INFO - Sync 1 DAGs
[2024-05-06T19:02:51.018+0000] {logging_mixin.py:188} INFO - [2024-05-06T19:02:51.018+0000] {dag.py:3954} INFO - Setting next_dagrun for example_sensors to None, run_after=None
[2024-05-06T19:02:51.027+0000] {processor.py:183} INFO - Processing /home/airflow/.local/lib/python3.12/site-packages/airflow/example_dags/example_sensors.py took 0.038 seconds
[2024-05-06T19:24:26.676+0000] {processor.py:161} INFO - Started process (PID=3359) to work on /home/airflow/.local/lib/python3.12/site-packages/airflow/example_dags/example_sensors.py
[2024-05-06T19:24:26.677+0000] {processor.py:830} INFO - Processing file /home/airflow/.local/lib/python3.12/site-packages/airflow/example_dags/example_sensors.py for tasks to queue
[2024-05-06T19:24:26.678+0000] {logging_mixin.py:188} INFO - [2024-05-06T19:24:26.677+0000] {dagbag.py:540} INFO - Filling up the DagBag from /home/airflow/.local/lib/python3.12/site-packages/airflow/example_dags/example_sensors.py
[2024-05-06T19:24:26.682+0000] {processor.py:840} INFO - DAG(s) 'example_sensors' retrieved from /home/airflow/.local/lib/python3.12/site-packages/airflow/example_dags/example_sensors.py
[2024-05-06T19:24:26.694+0000] {logging_mixin.py:188} INFO - [2024-05-06T19:24:26.694+0000] {dag.py:3096} INFO - Sync 1 DAGs
[2024-05-06T19:24:26.700+0000] {logging_mixin.py:188} INFO - [2024-05-06T19:24:26.699+0000] {dag.py:3954} INFO - Setting next_dagrun for example_sensors to None, run_after=None
[2024-05-06T19:24:26.708+0000] {processor.py:183} INFO - Processing /home/airflow/.local/lib/python3.12/site-packages/airflow/example_dags/example_sensors.py took 0.035 seconds
[2024-05-06T19:30:01.956+0000] {processor.py:161} INFO - Started process (PID=3417) to work on /home/airflow/.local/lib/python3.12/site-packages/airflow/example_dags/example_sensors.py
[2024-05-06T19:30:01.956+0000] {processor.py:830} INFO - Processing file /home/airflow/.local/lib/python3.12/site-packages/airflow/example_dags/example_sensors.py for tasks to queue
[2024-05-06T19:30:01.957+0000] {logging_mixin.py:188} INFO - [2024-05-06T19:30:01.957+0000] {dagbag.py:540} INFO - Filling up the DagBag from /home/airflow/.local/lib/python3.12/site-packages/airflow/example_dags/example_sensors.py
[2024-05-06T19:30:01.962+0000] {processor.py:840} INFO - DAG(s) 'example_sensors' retrieved from /home/airflow/.local/lib/python3.12/site-packages/airflow/example_dags/example_sensors.py
[2024-05-06T19:30:01.973+0000] {logging_mixin.py:188} INFO - [2024-05-06T19:30:01.973+0000] {dag.py:3096} INFO - Sync 1 DAGs
[2024-05-06T19:30:01.979+0000] {logging_mixin.py:188} INFO - [2024-05-06T19:30:01.979+0000] {dag.py:3954} INFO - Setting next_dagrun for example_sensors to None, run_after=None
[2024-05-06T19:30:01.988+0000] {processor.py:183} INFO - Processing /home/airflow/.local/lib/python3.12/site-packages/airflow/example_dags/example_sensors.py took 0.035 seconds
[2024-05-06T19:34:22.452+0000] {processor.py:161} INFO - Started process (PID=3474) to work on /home/airflow/.local/lib/python3.12/site-packages/airflow/example_dags/example_sensors.py
[2024-05-06T19:34:22.452+0000] {processor.py:830} INFO - Processing file /home/airflow/.local/lib/python3.12/site-packages/airflow/example_dags/example_sensors.py for tasks to queue
[2024-05-06T19:34:22.453+0000] {logging_mixin.py:188} INFO - [2024-05-06T19:34:22.453+0000] {dagbag.py:540} INFO - Filling up the DagBag from /home/airflow/.local/lib/python3.12/site-packages/airflow/example_dags/example_sensors.py
[2024-05-06T19:34:22.458+0000] {processor.py:840} INFO - DAG(s) 'example_sensors' retrieved from /home/airflow/.local/lib/python3.12/site-packages/airflow/example_dags/example_sensors.py
[2024-05-06T19:34:22.469+0000] {logging_mixin.py:188} INFO - [2024-05-06T19:34:22.469+0000] {dag.py:3096} INFO - Sync 1 DAGs
[2024-05-06T19:34:22.475+0000] {logging_mixin.py:188} INFO - [2024-05-06T19:34:22.475+0000] {dag.py:3954} INFO - Setting next_dagrun for example_sensors to None, run_after=None
[2024-05-06T19:34:22.483+0000] {processor.py:183} INFO - Processing /home/airflow/.local/lib/python3.12/site-packages/airflow/example_dags/example_sensors.py took 0.034 seconds
[2024-05-06T19:52:32.759+0000] {processor.py:161} INFO - Started process (PID=3531) to work on /home/airflow/.local/lib/python3.12/site-packages/airflow/example_dags/example_sensors.py
[2024-05-06T19:52:32.760+0000] {processor.py:830} INFO - Processing file /home/airflow/.local/lib/python3.12/site-packages/airflow/example_dags/example_sensors.py for tasks to queue
[2024-05-06T19:52:32.761+0000] {logging_mixin.py:188} INFO - [2024-05-06T19:52:32.761+0000] {dagbag.py:540} INFO - Filling up the DagBag from /home/airflow/.local/lib/python3.12/site-packages/airflow/example_dags/example_sensors.py
[2024-05-06T19:52:32.765+0000] {processor.py:840} INFO - DAG(s) 'example_sensors' retrieved from /home/airflow/.local/lib/python3.12/site-packages/airflow/example_dags/example_sensors.py
[2024-05-06T19:52:32.778+0000] {logging_mixin.py:188} INFO - [2024-05-06T19:52:32.777+0000] {dag.py:3096} INFO - Sync 1 DAGs
[2024-05-06T19:52:32.783+0000] {logging_mixin.py:188} INFO - [2024-05-06T19:52:32.783+0000] {dag.py:3954} INFO - Setting next_dagrun for example_sensors to None, run_after=None
[2024-05-06T19:52:32.792+0000] {processor.py:183} INFO - Processing /home/airflow/.local/lib/python3.12/site-packages/airflow/example_dags/example_sensors.py took 0.036 seconds
