[2024-05-06T17:59:07.244+0000] {processor.py:161} INFO - Started process (PID=32) to work on /home/airflow/.local/lib/python3.12/site-packages/airflow/example_dags/example_task_group.py
[2024-05-06T17:59:07.247+0000] {processor.py:830} INFO - Processing file /home/airflow/.local/lib/python3.12/site-packages/airflow/example_dags/example_task_group.py for tasks to queue
[2024-05-06T17:59:07.248+0000] {logging_mixin.py:188} INFO - [2024-05-06T17:59:07.248+0000] {dagbag.py:540} INFO - Filling up the DagBag from /home/airflow/.local/lib/python3.12/site-packages/airflow/example_dags/example_task_group.py
[2024-05-06T17:59:07.254+0000] {processor.py:840} INFO - DAG(s) 'example_task_group' retrieved from /home/airflow/.local/lib/python3.12/site-packages/airflow/example_dags/example_task_group.py
[2024-05-06T17:59:07.309+0000] {logging_mixin.py:188} INFO - [2024-05-06T17:59:07.308+0000] {override.py:1829} INFO - Created Permission View: can delete on DAG:example_task_group
[2024-05-06T17:59:07.314+0000] {logging_mixin.py:188} INFO - [2024-05-06T17:59:07.314+0000] {override.py:1829} INFO - Created Permission View: can edit on DAG:example_task_group
[2024-05-06T17:59:07.318+0000] {logging_mixin.py:188} INFO - [2024-05-06T17:59:07.318+0000] {override.py:1829} INFO - Created Permission View: can read on DAG:example_task_group
[2024-05-06T17:59:07.318+0000] {logging_mixin.py:188} INFO - [2024-05-06T17:59:07.318+0000] {dag.py:3096} INFO - Sync 1 DAGs
[2024-05-06T17:59:07.325+0000] {logging_mixin.py:188} INFO - [2024-05-06T17:59:07.325+0000] {dag.py:3118} INFO - Creating ORM DAG for example_task_group
[2024-05-06T17:59:07.330+0000] {logging_mixin.py:188} INFO - [2024-05-06T17:59:07.330+0000] {dag.py:3954} INFO - Setting next_dagrun for example_task_group to 2024-05-05 00:00:00+00:00, run_after=2024-05-06 00:00:00+00:00
[2024-05-06T17:59:07.339+0000] {processor.py:183} INFO - Processing /home/airflow/.local/lib/python3.12/site-packages/airflow/example_dags/example_task_group.py took 0.098 seconds
[2024-05-06T17:59:37.737+0000] {processor.py:161} INFO - Started process (PID=89) to work on /home/airflow/.local/lib/python3.12/site-packages/airflow/example_dags/example_task_group.py
[2024-05-06T17:59:37.738+0000] {processor.py:830} INFO - Processing file /home/airflow/.local/lib/python3.12/site-packages/airflow/example_dags/example_task_group.py for tasks to queue
[2024-05-06T17:59:37.739+0000] {logging_mixin.py:188} INFO - [2024-05-06T17:59:37.739+0000] {dagbag.py:540} INFO - Filling up the DagBag from /home/airflow/.local/lib/python3.12/site-packages/airflow/example_dags/example_task_group.py
[2024-05-06T17:59:37.743+0000] {processor.py:840} INFO - DAG(s) 'example_task_group' retrieved from /home/airflow/.local/lib/python3.12/site-packages/airflow/example_dags/example_task_group.py
[2024-05-06T17:59:37.753+0000] {logging_mixin.py:188} INFO - [2024-05-06T17:59:37.753+0000] {dag.py:3096} INFO - Sync 1 DAGs
[2024-05-06T17:59:37.763+0000] {logging_mixin.py:188} INFO - [2024-05-06T17:59:37.763+0000] {dag.py:3954} INFO - Setting next_dagrun for example_task_group to 2024-05-05 00:00:00+00:00, run_after=2024-05-06 00:00:00+00:00
[2024-05-06T17:59:37.771+0000] {processor.py:183} INFO - Processing /home/airflow/.local/lib/python3.12/site-packages/airflow/example_dags/example_task_group.py took 0.036 seconds
[2024-05-06T18:00:08.298+0000] {processor.py:161} INFO - Started process (PID=147) to work on /home/airflow/.local/lib/python3.12/site-packages/airflow/example_dags/example_task_group.py
[2024-05-06T18:00:08.299+0000] {processor.py:830} INFO - Processing file /home/airflow/.local/lib/python3.12/site-packages/airflow/example_dags/example_task_group.py for tasks to queue
[2024-05-06T18:00:08.300+0000] {logging_mixin.py:188} INFO - [2024-05-06T18:00:08.300+0000] {dagbag.py:540} INFO - Filling up the DagBag from /home/airflow/.local/lib/python3.12/site-packages/airflow/example_dags/example_task_group.py
[2024-05-06T18:00:08.304+0000] {processor.py:840} INFO - DAG(s) 'example_task_group' retrieved from /home/airflow/.local/lib/python3.12/site-packages/airflow/example_dags/example_task_group.py
[2024-05-06T18:00:08.314+0000] {logging_mixin.py:188} INFO - [2024-05-06T18:00:08.314+0000] {dag.py:3096} INFO - Sync 1 DAGs
[2024-05-06T18:00:08.324+0000] {logging_mixin.py:188} INFO - [2024-05-06T18:00:08.324+0000] {dag.py:3954} INFO - Setting next_dagrun for example_task_group to 2024-05-05 00:00:00+00:00, run_after=2024-05-06 00:00:00+00:00
[2024-05-06T18:00:08.332+0000] {processor.py:183} INFO - Processing /home/airflow/.local/lib/python3.12/site-packages/airflow/example_dags/example_task_group.py took 0.036 seconds
[2024-05-06T18:00:38.911+0000] {processor.py:161} INFO - Started process (PID=205) to work on /home/airflow/.local/lib/python3.12/site-packages/airflow/example_dags/example_task_group.py
[2024-05-06T18:00:38.911+0000] {processor.py:830} INFO - Processing file /home/airflow/.local/lib/python3.12/site-packages/airflow/example_dags/example_task_group.py for tasks to queue
[2024-05-06T18:00:38.912+0000] {logging_mixin.py:188} INFO - [2024-05-06T18:00:38.912+0000] {dagbag.py:540} INFO - Filling up the DagBag from /home/airflow/.local/lib/python3.12/site-packages/airflow/example_dags/example_task_group.py
[2024-05-06T18:00:38.916+0000] {processor.py:840} INFO - DAG(s) 'example_task_group' retrieved from /home/airflow/.local/lib/python3.12/site-packages/airflow/example_dags/example_task_group.py
[2024-05-06T18:00:38.926+0000] {logging_mixin.py:188} INFO - [2024-05-06T18:00:38.926+0000] {dag.py:3096} INFO - Sync 1 DAGs
[2024-05-06T18:00:38.938+0000] {logging_mixin.py:188} INFO - [2024-05-06T18:00:38.938+0000] {dag.py:3954} INFO - Setting next_dagrun for example_task_group to 2024-05-05 00:00:00+00:00, run_after=2024-05-06 00:00:00+00:00
[2024-05-06T18:00:38.946+0000] {processor.py:183} INFO - Processing /home/airflow/.local/lib/python3.12/site-packages/airflow/example_dags/example_task_group.py took 0.038 seconds
[2024-05-06T18:01:09.506+0000] {processor.py:161} INFO - Started process (PID=263) to work on /home/airflow/.local/lib/python3.12/site-packages/airflow/example_dags/example_task_group.py
[2024-05-06T18:01:09.507+0000] {processor.py:830} INFO - Processing file /home/airflow/.local/lib/python3.12/site-packages/airflow/example_dags/example_task_group.py for tasks to queue
[2024-05-06T18:01:09.508+0000] {logging_mixin.py:188} INFO - [2024-05-06T18:01:09.508+0000] {dagbag.py:540} INFO - Filling up the DagBag from /home/airflow/.local/lib/python3.12/site-packages/airflow/example_dags/example_task_group.py
[2024-05-06T18:01:09.511+0000] {processor.py:840} INFO - DAG(s) 'example_task_group' retrieved from /home/airflow/.local/lib/python3.12/site-packages/airflow/example_dags/example_task_group.py
[2024-05-06T18:01:09.522+0000] {logging_mixin.py:188} INFO - [2024-05-06T18:01:09.521+0000] {dag.py:3096} INFO - Sync 1 DAGs
[2024-05-06T18:01:09.531+0000] {logging_mixin.py:188} INFO - [2024-05-06T18:01:09.531+0000] {dag.py:3954} INFO - Setting next_dagrun for example_task_group to 2024-05-05 00:00:00+00:00, run_after=2024-05-06 00:00:00+00:00
[2024-05-06T18:01:09.539+0000] {processor.py:183} INFO - Processing /home/airflow/.local/lib/python3.12/site-packages/airflow/example_dags/example_task_group.py took 0.036 seconds
[2024-05-06T18:01:40.104+0000] {processor.py:161} INFO - Started process (PID=321) to work on /home/airflow/.local/lib/python3.12/site-packages/airflow/example_dags/example_task_group.py
[2024-05-06T18:01:40.105+0000] {processor.py:830} INFO - Processing file /home/airflow/.local/lib/python3.12/site-packages/airflow/example_dags/example_task_group.py for tasks to queue
[2024-05-06T18:01:40.106+0000] {logging_mixin.py:188} INFO - [2024-05-06T18:01:40.105+0000] {dagbag.py:540} INFO - Filling up the DagBag from /home/airflow/.local/lib/python3.12/site-packages/airflow/example_dags/example_task_group.py
[2024-05-06T18:01:40.109+0000] {processor.py:840} INFO - DAG(s) 'example_task_group' retrieved from /home/airflow/.local/lib/python3.12/site-packages/airflow/example_dags/example_task_group.py
[2024-05-06T18:01:40.120+0000] {logging_mixin.py:188} INFO - [2024-05-06T18:01:40.120+0000] {dag.py:3096} INFO - Sync 1 DAGs
[2024-05-06T18:01:40.129+0000] {logging_mixin.py:188} INFO - [2024-05-06T18:01:40.129+0000] {dag.py:3954} INFO - Setting next_dagrun for example_task_group to 2024-05-05 00:00:00+00:00, run_after=2024-05-06 00:00:00+00:00
[2024-05-06T18:01:40.137+0000] {processor.py:183} INFO - Processing /home/airflow/.local/lib/python3.12/site-packages/airflow/example_dags/example_task_group.py took 0.036 seconds
[2024-05-06T18:02:10.727+0000] {processor.py:161} INFO - Started process (PID=379) to work on /home/airflow/.local/lib/python3.12/site-packages/airflow/example_dags/example_task_group.py
[2024-05-06T18:02:10.727+0000] {processor.py:830} INFO - Processing file /home/airflow/.local/lib/python3.12/site-packages/airflow/example_dags/example_task_group.py for tasks to queue
[2024-05-06T18:02:10.728+0000] {logging_mixin.py:188} INFO - [2024-05-06T18:02:10.728+0000] {dagbag.py:540} INFO - Filling up the DagBag from /home/airflow/.local/lib/python3.12/site-packages/airflow/example_dags/example_task_group.py
[2024-05-06T18:02:10.732+0000] {processor.py:840} INFO - DAG(s) 'example_task_group' retrieved from /home/airflow/.local/lib/python3.12/site-packages/airflow/example_dags/example_task_group.py
[2024-05-06T18:02:10.743+0000] {logging_mixin.py:188} INFO - [2024-05-06T18:02:10.743+0000] {dag.py:3096} INFO - Sync 1 DAGs
[2024-05-06T18:02:10.755+0000] {logging_mixin.py:188} INFO - [2024-05-06T18:02:10.754+0000] {dag.py:3954} INFO - Setting next_dagrun for example_task_group to 2024-05-05 00:00:00+00:00, run_after=2024-05-06 00:00:00+00:00
[2024-05-06T18:02:10.764+0000] {processor.py:183} INFO - Processing /home/airflow/.local/lib/python3.12/site-packages/airflow/example_dags/example_task_group.py took 0.040 seconds
[2024-05-06T18:02:41.387+0000] {processor.py:161} INFO - Started process (PID=437) to work on /home/airflow/.local/lib/python3.12/site-packages/airflow/example_dags/example_task_group.py
[2024-05-06T18:02:41.387+0000] {processor.py:830} INFO - Processing file /home/airflow/.local/lib/python3.12/site-packages/airflow/example_dags/example_task_group.py for tasks to queue
[2024-05-06T18:02:41.388+0000] {logging_mixin.py:188} INFO - [2024-05-06T18:02:41.388+0000] {dagbag.py:540} INFO - Filling up the DagBag from /home/airflow/.local/lib/python3.12/site-packages/airflow/example_dags/example_task_group.py
[2024-05-06T18:02:41.392+0000] {processor.py:840} INFO - DAG(s) 'example_task_group' retrieved from /home/airflow/.local/lib/python3.12/site-packages/airflow/example_dags/example_task_group.py
[2024-05-06T18:02:41.402+0000] {logging_mixin.py:188} INFO - [2024-05-06T18:02:41.402+0000] {dag.py:3096} INFO - Sync 1 DAGs
[2024-05-06T18:02:41.412+0000] {logging_mixin.py:188} INFO - [2024-05-06T18:02:41.412+0000] {dag.py:3954} INFO - Setting next_dagrun for example_task_group to 2024-05-05 00:00:00+00:00, run_after=2024-05-06 00:00:00+00:00
[2024-05-06T18:02:41.420+0000] {processor.py:183} INFO - Processing /home/airflow/.local/lib/python3.12/site-packages/airflow/example_dags/example_task_group.py took 0.036 seconds
[2024-05-06T18:03:11.939+0000] {processor.py:161} INFO - Started process (PID=495) to work on /home/airflow/.local/lib/python3.12/site-packages/airflow/example_dags/example_task_group.py
[2024-05-06T18:03:11.940+0000] {processor.py:830} INFO - Processing file /home/airflow/.local/lib/python3.12/site-packages/airflow/example_dags/example_task_group.py for tasks to queue
[2024-05-06T18:03:11.941+0000] {logging_mixin.py:188} INFO - [2024-05-06T18:03:11.940+0000] {dagbag.py:540} INFO - Filling up the DagBag from /home/airflow/.local/lib/python3.12/site-packages/airflow/example_dags/example_task_group.py
[2024-05-06T18:03:11.944+0000] {processor.py:840} INFO - DAG(s) 'example_task_group' retrieved from /home/airflow/.local/lib/python3.12/site-packages/airflow/example_dags/example_task_group.py
[2024-05-06T18:03:11.956+0000] {logging_mixin.py:188} INFO - [2024-05-06T18:03:11.956+0000] {dag.py:3096} INFO - Sync 1 DAGs
[2024-05-06T18:03:11.965+0000] {logging_mixin.py:188} INFO - [2024-05-06T18:03:11.965+0000] {dag.py:3954} INFO - Setting next_dagrun for example_task_group to 2024-05-05 00:00:00+00:00, run_after=2024-05-06 00:00:00+00:00
[2024-05-06T18:03:11.973+0000] {processor.py:183} INFO - Processing /home/airflow/.local/lib/python3.12/site-packages/airflow/example_dags/example_task_group.py took 0.037 seconds
[2024-05-06T18:03:42.527+0000] {processor.py:161} INFO - Started process (PID=553) to work on /home/airflow/.local/lib/python3.12/site-packages/airflow/example_dags/example_task_group.py
[2024-05-06T18:03:42.528+0000] {processor.py:830} INFO - Processing file /home/airflow/.local/lib/python3.12/site-packages/airflow/example_dags/example_task_group.py for tasks to queue
[2024-05-06T18:03:42.529+0000] {logging_mixin.py:188} INFO - [2024-05-06T18:03:42.529+0000] {dagbag.py:540} INFO - Filling up the DagBag from /home/airflow/.local/lib/python3.12/site-packages/airflow/example_dags/example_task_group.py
[2024-05-06T18:03:42.532+0000] {processor.py:840} INFO - DAG(s) 'example_task_group' retrieved from /home/airflow/.local/lib/python3.12/site-packages/airflow/example_dags/example_task_group.py
[2024-05-06T18:03:42.545+0000] {logging_mixin.py:188} INFO - [2024-05-06T18:03:42.545+0000] {dag.py:3096} INFO - Sync 1 DAGs
[2024-05-06T18:03:42.555+0000] {logging_mixin.py:188} INFO - [2024-05-06T18:03:42.554+0000] {dag.py:3954} INFO - Setting next_dagrun for example_task_group to 2024-05-05 00:00:00+00:00, run_after=2024-05-06 00:00:00+00:00
[2024-05-06T18:03:42.562+0000] {processor.py:183} INFO - Processing /home/airflow/.local/lib/python3.12/site-packages/airflow/example_dags/example_task_group.py took 0.038 seconds
[2024-05-06T18:04:13.126+0000] {processor.py:161} INFO - Started process (PID=611) to work on /home/airflow/.local/lib/python3.12/site-packages/airflow/example_dags/example_task_group.py
[2024-05-06T18:04:13.126+0000] {processor.py:830} INFO - Processing file /home/airflow/.local/lib/python3.12/site-packages/airflow/example_dags/example_task_group.py for tasks to queue
[2024-05-06T18:04:13.127+0000] {logging_mixin.py:188} INFO - [2024-05-06T18:04:13.127+0000] {dagbag.py:540} INFO - Filling up the DagBag from /home/airflow/.local/lib/python3.12/site-packages/airflow/example_dags/example_task_group.py
[2024-05-06T18:04:13.131+0000] {processor.py:840} INFO - DAG(s) 'example_task_group' retrieved from /home/airflow/.local/lib/python3.12/site-packages/airflow/example_dags/example_task_group.py
[2024-05-06T18:04:13.142+0000] {logging_mixin.py:188} INFO - [2024-05-06T18:04:13.141+0000] {dag.py:3096} INFO - Sync 1 DAGs
[2024-05-06T18:04:13.151+0000] {logging_mixin.py:188} INFO - [2024-05-06T18:04:13.151+0000] {dag.py:3954} INFO - Setting next_dagrun for example_task_group to 2024-05-05 00:00:00+00:00, run_after=2024-05-06 00:00:00+00:00
[2024-05-06T18:04:13.159+0000] {processor.py:183} INFO - Processing /home/airflow/.local/lib/python3.12/site-packages/airflow/example_dags/example_task_group.py took 0.036 seconds
[2024-05-06T18:04:43.798+0000] {processor.py:161} INFO - Started process (PID=669) to work on /home/airflow/.local/lib/python3.12/site-packages/airflow/example_dags/example_task_group.py
[2024-05-06T18:04:43.798+0000] {processor.py:830} INFO - Processing file /home/airflow/.local/lib/python3.12/site-packages/airflow/example_dags/example_task_group.py for tasks to queue
[2024-05-06T18:04:43.800+0000] {logging_mixin.py:188} INFO - [2024-05-06T18:04:43.799+0000] {dagbag.py:540} INFO - Filling up the DagBag from /home/airflow/.local/lib/python3.12/site-packages/airflow/example_dags/example_task_group.py
[2024-05-06T18:04:43.806+0000] {processor.py:840} INFO - DAG(s) 'example_task_group' retrieved from /home/airflow/.local/lib/python3.12/site-packages/airflow/example_dags/example_task_group.py
[2024-05-06T18:04:43.817+0000] {logging_mixin.py:188} INFO - [2024-05-06T18:04:43.817+0000] {dag.py:3096} INFO - Sync 1 DAGs
[2024-05-06T18:04:43.827+0000] {logging_mixin.py:188} INFO - [2024-05-06T18:04:43.827+0000] {dag.py:3954} INFO - Setting next_dagrun for example_task_group to 2024-05-05 00:00:00+00:00, run_after=2024-05-06 00:00:00+00:00
[2024-05-06T18:04:43.834+0000] {processor.py:183} INFO - Processing /home/airflow/.local/lib/python3.12/site-packages/airflow/example_dags/example_task_group.py took 0.040 seconds
[2024-05-06T18:05:14.366+0000] {processor.py:161} INFO - Started process (PID=727) to work on /home/airflow/.local/lib/python3.12/site-packages/airflow/example_dags/example_task_group.py
[2024-05-06T18:05:14.366+0000] {processor.py:830} INFO - Processing file /home/airflow/.local/lib/python3.12/site-packages/airflow/example_dags/example_task_group.py for tasks to queue
[2024-05-06T18:05:14.367+0000] {logging_mixin.py:188} INFO - [2024-05-06T18:05:14.367+0000] {dagbag.py:540} INFO - Filling up the DagBag from /home/airflow/.local/lib/python3.12/site-packages/airflow/example_dags/example_task_group.py
[2024-05-06T18:05:14.371+0000] {processor.py:840} INFO - DAG(s) 'example_task_group' retrieved from /home/airflow/.local/lib/python3.12/site-packages/airflow/example_dags/example_task_group.py
[2024-05-06T18:05:14.382+0000] {logging_mixin.py:188} INFO - [2024-05-06T18:05:14.382+0000] {dag.py:3096} INFO - Sync 1 DAGs
[2024-05-06T18:05:14.392+0000] {logging_mixin.py:188} INFO - [2024-05-06T18:05:14.392+0000] {dag.py:3954} INFO - Setting next_dagrun for example_task_group to 2024-05-05 00:00:00+00:00, run_after=2024-05-06 00:00:00+00:00
[2024-05-06T18:05:14.401+0000] {processor.py:183} INFO - Processing /home/airflow/.local/lib/python3.12/site-packages/airflow/example_dags/example_task_group.py took 0.038 seconds
[2024-05-06T18:05:44.909+0000] {processor.py:161} INFO - Started process (PID=785) to work on /home/airflow/.local/lib/python3.12/site-packages/airflow/example_dags/example_task_group.py
[2024-05-06T18:05:44.909+0000] {processor.py:830} INFO - Processing file /home/airflow/.local/lib/python3.12/site-packages/airflow/example_dags/example_task_group.py for tasks to queue
[2024-05-06T18:05:44.910+0000] {logging_mixin.py:188} INFO - [2024-05-06T18:05:44.910+0000] {dagbag.py:540} INFO - Filling up the DagBag from /home/airflow/.local/lib/python3.12/site-packages/airflow/example_dags/example_task_group.py
[2024-05-06T18:05:44.914+0000] {processor.py:840} INFO - DAG(s) 'example_task_group' retrieved from /home/airflow/.local/lib/python3.12/site-packages/airflow/example_dags/example_task_group.py
[2024-05-06T18:05:44.926+0000] {logging_mixin.py:188} INFO - [2024-05-06T18:05:44.926+0000] {dag.py:3096} INFO - Sync 1 DAGs
[2024-05-06T18:05:44.937+0000] {logging_mixin.py:188} INFO - [2024-05-06T18:05:44.937+0000] {dag.py:3954} INFO - Setting next_dagrun for example_task_group to 2024-05-05 00:00:00+00:00, run_after=2024-05-06 00:00:00+00:00
[2024-05-06T18:05:44.948+0000] {processor.py:183} INFO - Processing /home/airflow/.local/lib/python3.12/site-packages/airflow/example_dags/example_task_group.py took 0.042 seconds
[2024-05-06T18:06:14.989+0000] {processor.py:161} INFO - Started process (PID=842) to work on /home/airflow/.local/lib/python3.12/site-packages/airflow/example_dags/example_task_group.py
[2024-05-06T18:06:14.990+0000] {processor.py:830} INFO - Processing file /home/airflow/.local/lib/python3.12/site-packages/airflow/example_dags/example_task_group.py for tasks to queue
[2024-05-06T18:06:14.991+0000] {logging_mixin.py:188} INFO - [2024-05-06T18:06:14.991+0000] {dagbag.py:540} INFO - Filling up the DagBag from /home/airflow/.local/lib/python3.12/site-packages/airflow/example_dags/example_task_group.py
[2024-05-06T18:06:14.994+0000] {processor.py:840} INFO - DAG(s) 'example_task_group' retrieved from /home/airflow/.local/lib/python3.12/site-packages/airflow/example_dags/example_task_group.py
[2024-05-06T18:06:15.005+0000] {logging_mixin.py:188} INFO - [2024-05-06T18:06:15.005+0000] {dag.py:3096} INFO - Sync 1 DAGs
[2024-05-06T18:06:15.015+0000] {logging_mixin.py:188} INFO - [2024-05-06T18:06:15.014+0000] {dag.py:3954} INFO - Setting next_dagrun for example_task_group to 2024-05-05 00:00:00+00:00, run_after=2024-05-06 00:00:00+00:00
[2024-05-06T18:06:15.023+0000] {processor.py:183} INFO - Processing /home/airflow/.local/lib/python3.12/site-packages/airflow/example_dags/example_task_group.py took 0.036 seconds
[2024-05-06T18:07:59.772+0000] {processor.py:161} INFO - Started process (PID=901) to work on /home/airflow/.local/lib/python3.12/site-packages/airflow/example_dags/example_task_group.py
[2024-05-06T18:07:59.772+0000] {processor.py:830} INFO - Processing file /home/airflow/.local/lib/python3.12/site-packages/airflow/example_dags/example_task_group.py for tasks to queue
[2024-05-06T18:07:59.773+0000] {logging_mixin.py:188} INFO - [2024-05-06T18:07:59.773+0000] {dagbag.py:540} INFO - Filling up the DagBag from /home/airflow/.local/lib/python3.12/site-packages/airflow/example_dags/example_task_group.py
[2024-05-06T18:07:59.777+0000] {processor.py:840} INFO - DAG(s) 'example_task_group' retrieved from /home/airflow/.local/lib/python3.12/site-packages/airflow/example_dags/example_task_group.py
[2024-05-06T18:07:59.789+0000] {logging_mixin.py:188} INFO - [2024-05-06T18:07:59.789+0000] {dag.py:3096} INFO - Sync 1 DAGs
[2024-05-06T18:07:59.799+0000] {logging_mixin.py:188} INFO - [2024-05-06T18:07:59.799+0000] {dag.py:3954} INFO - Setting next_dagrun for example_task_group to 2024-05-05 00:00:00+00:00, run_after=2024-05-06 00:00:00+00:00
[2024-05-06T18:07:59.808+0000] {processor.py:183} INFO - Processing /home/airflow/.local/lib/python3.12/site-packages/airflow/example_dags/example_task_group.py took 0.039 seconds
[2024-05-06T18:08:30.017+0000] {processor.py:161} INFO - Started process (PID=959) to work on /home/airflow/.local/lib/python3.12/site-packages/airflow/example_dags/example_task_group.py
[2024-05-06T18:08:30.017+0000] {processor.py:830} INFO - Processing file /home/airflow/.local/lib/python3.12/site-packages/airflow/example_dags/example_task_group.py for tasks to queue
[2024-05-06T18:08:30.018+0000] {logging_mixin.py:188} INFO - [2024-05-06T18:08:30.018+0000] {dagbag.py:540} INFO - Filling up the DagBag from /home/airflow/.local/lib/python3.12/site-packages/airflow/example_dags/example_task_group.py
[2024-05-06T18:08:30.022+0000] {processor.py:840} INFO - DAG(s) 'example_task_group' retrieved from /home/airflow/.local/lib/python3.12/site-packages/airflow/example_dags/example_task_group.py
[2024-05-06T18:08:30.032+0000] {logging_mixin.py:188} INFO - [2024-05-06T18:08:30.032+0000] {dag.py:3096} INFO - Sync 1 DAGs
[2024-05-06T18:08:30.042+0000] {logging_mixin.py:188} INFO - [2024-05-06T18:08:30.042+0000] {dag.py:3954} INFO - Setting next_dagrun for example_task_group to 2024-05-05 00:00:00+00:00, run_after=2024-05-06 00:00:00+00:00
[2024-05-06T18:08:30.050+0000] {processor.py:183} INFO - Processing /home/airflow/.local/lib/python3.12/site-packages/airflow/example_dags/example_task_group.py took 0.036 seconds
[2024-05-06T18:09:00.967+0000] {processor.py:161} INFO - Started process (PID=1017) to work on /home/airflow/.local/lib/python3.12/site-packages/airflow/example_dags/example_task_group.py
[2024-05-06T18:09:00.968+0000] {processor.py:830} INFO - Processing file /home/airflow/.local/lib/python3.12/site-packages/airflow/example_dags/example_task_group.py for tasks to queue
[2024-05-06T18:09:00.969+0000] {logging_mixin.py:188} INFO - [2024-05-06T18:09:00.969+0000] {dagbag.py:540} INFO - Filling up the DagBag from /home/airflow/.local/lib/python3.12/site-packages/airflow/example_dags/example_task_group.py
[2024-05-06T18:09:00.973+0000] {processor.py:840} INFO - DAG(s) 'example_task_group' retrieved from /home/airflow/.local/lib/python3.12/site-packages/airflow/example_dags/example_task_group.py
[2024-05-06T18:09:00.983+0000] {logging_mixin.py:188} INFO - [2024-05-06T18:09:00.983+0000] {dag.py:3096} INFO - Sync 1 DAGs
[2024-05-06T18:09:01.078+0000] {logging_mixin.py:188} INFO - [2024-05-06T18:09:01.078+0000] {dag.py:3954} INFO - Setting next_dagrun for example_task_group to 2024-05-05 00:00:00+00:00, run_after=2024-05-06 00:00:00+00:00
[2024-05-06T18:09:01.087+0000] {processor.py:183} INFO - Processing /home/airflow/.local/lib/python3.12/site-packages/airflow/example_dags/example_task_group.py took 0.123 seconds
[2024-05-06T18:09:31.191+0000] {processor.py:161} INFO - Started process (PID=1075) to work on /home/airflow/.local/lib/python3.12/site-packages/airflow/example_dags/example_task_group.py
[2024-05-06T18:09:31.192+0000] {processor.py:830} INFO - Processing file /home/airflow/.local/lib/python3.12/site-packages/airflow/example_dags/example_task_group.py for tasks to queue
[2024-05-06T18:09:31.193+0000] {logging_mixin.py:188} INFO - [2024-05-06T18:09:31.192+0000] {dagbag.py:540} INFO - Filling up the DagBag from /home/airflow/.local/lib/python3.12/site-packages/airflow/example_dags/example_task_group.py
[2024-05-06T18:09:31.196+0000] {processor.py:840} INFO - DAG(s) 'example_task_group' retrieved from /home/airflow/.local/lib/python3.12/site-packages/airflow/example_dags/example_task_group.py
[2024-05-06T18:09:31.207+0000] {logging_mixin.py:188} INFO - [2024-05-06T18:09:31.207+0000] {dag.py:3096} INFO - Sync 1 DAGs
[2024-05-06T18:09:31.302+0000] {logging_mixin.py:188} INFO - [2024-05-06T18:09:31.301+0000] {dag.py:3954} INFO - Setting next_dagrun for example_task_group to 2024-05-05 00:00:00+00:00, run_after=2024-05-06 00:00:00+00:00
[2024-05-06T18:09:31.311+0000] {processor.py:183} INFO - Processing /home/airflow/.local/lib/python3.12/site-packages/airflow/example_dags/example_task_group.py took 0.122 seconds
[2024-05-06T18:10:01.497+0000] {processor.py:161} INFO - Started process (PID=1133) to work on /home/airflow/.local/lib/python3.12/site-packages/airflow/example_dags/example_task_group.py
[2024-05-06T18:10:01.497+0000] {processor.py:830} INFO - Processing file /home/airflow/.local/lib/python3.12/site-packages/airflow/example_dags/example_task_group.py for tasks to queue
[2024-05-06T18:10:01.499+0000] {logging_mixin.py:188} INFO - [2024-05-06T18:10:01.498+0000] {dagbag.py:540} INFO - Filling up the DagBag from /home/airflow/.local/lib/python3.12/site-packages/airflow/example_dags/example_task_group.py
[2024-05-06T18:10:01.502+0000] {processor.py:840} INFO - DAG(s) 'example_task_group' retrieved from /home/airflow/.local/lib/python3.12/site-packages/airflow/example_dags/example_task_group.py
[2024-05-06T18:10:01.513+0000] {logging_mixin.py:188} INFO - [2024-05-06T18:10:01.513+0000] {dag.py:3096} INFO - Sync 1 DAGs
[2024-05-06T18:10:01.525+0000] {logging_mixin.py:188} INFO - [2024-05-06T18:10:01.525+0000] {dag.py:3954} INFO - Setting next_dagrun for example_task_group to 2024-05-05 00:00:00+00:00, run_after=2024-05-06 00:00:00+00:00
[2024-05-06T18:10:01.533+0000] {processor.py:183} INFO - Processing /home/airflow/.local/lib/python3.12/site-packages/airflow/example_dags/example_task_group.py took 0.039 seconds
[2024-05-06T18:10:32.152+0000] {processor.py:161} INFO - Started process (PID=1191) to work on /home/airflow/.local/lib/python3.12/site-packages/airflow/example_dags/example_task_group.py
[2024-05-06T18:10:32.153+0000] {processor.py:830} INFO - Processing file /home/airflow/.local/lib/python3.12/site-packages/airflow/example_dags/example_task_group.py for tasks to queue
[2024-05-06T18:10:32.154+0000] {logging_mixin.py:188} INFO - [2024-05-06T18:10:32.154+0000] {dagbag.py:540} INFO - Filling up the DagBag from /home/airflow/.local/lib/python3.12/site-packages/airflow/example_dags/example_task_group.py
[2024-05-06T18:10:32.158+0000] {processor.py:840} INFO - DAG(s) 'example_task_group' retrieved from /home/airflow/.local/lib/python3.12/site-packages/airflow/example_dags/example_task_group.py
[2024-05-06T18:10:32.169+0000] {logging_mixin.py:188} INFO - [2024-05-06T18:10:32.168+0000] {dag.py:3096} INFO - Sync 1 DAGs
[2024-05-06T18:10:32.179+0000] {logging_mixin.py:188} INFO - [2024-05-06T18:10:32.179+0000] {dag.py:3954} INFO - Setting next_dagrun for example_task_group to 2024-05-05 00:00:00+00:00, run_after=2024-05-06 00:00:00+00:00
[2024-05-06T18:10:32.188+0000] {processor.py:183} INFO - Processing /home/airflow/.local/lib/python3.12/site-packages/airflow/example_dags/example_task_group.py took 0.039 seconds
[2024-05-06T18:11:02.692+0000] {processor.py:161} INFO - Started process (PID=1249) to work on /home/airflow/.local/lib/python3.12/site-packages/airflow/example_dags/example_task_group.py
[2024-05-06T18:11:02.692+0000] {processor.py:830} INFO - Processing file /home/airflow/.local/lib/python3.12/site-packages/airflow/example_dags/example_task_group.py for tasks to queue
[2024-05-06T18:11:02.693+0000] {logging_mixin.py:188} INFO - [2024-05-06T18:11:02.693+0000] {dagbag.py:540} INFO - Filling up the DagBag from /home/airflow/.local/lib/python3.12/site-packages/airflow/example_dags/example_task_group.py
[2024-05-06T18:11:02.697+0000] {processor.py:840} INFO - DAG(s) 'example_task_group' retrieved from /home/airflow/.local/lib/python3.12/site-packages/airflow/example_dags/example_task_group.py
[2024-05-06T18:11:02.708+0000] {logging_mixin.py:188} INFO - [2024-05-06T18:11:02.707+0000] {dag.py:3096} INFO - Sync 1 DAGs
[2024-05-06T18:11:02.718+0000] {logging_mixin.py:188} INFO - [2024-05-06T18:11:02.717+0000] {dag.py:3954} INFO - Setting next_dagrun for example_task_group to 2024-05-05 00:00:00+00:00, run_after=2024-05-06 00:00:00+00:00
[2024-05-06T18:11:02.725+0000] {processor.py:183} INFO - Processing /home/airflow/.local/lib/python3.12/site-packages/airflow/example_dags/example_task_group.py took 0.037 seconds
[2024-05-06T18:11:33.323+0000] {processor.py:161} INFO - Started process (PID=1306) to work on /home/airflow/.local/lib/python3.12/site-packages/airflow/example_dags/example_task_group.py
[2024-05-06T18:11:33.324+0000] {processor.py:830} INFO - Processing file /home/airflow/.local/lib/python3.12/site-packages/airflow/example_dags/example_task_group.py for tasks to queue
[2024-05-06T18:11:33.325+0000] {logging_mixin.py:188} INFO - [2024-05-06T18:11:33.325+0000] {dagbag.py:540} INFO - Filling up the DagBag from /home/airflow/.local/lib/python3.12/site-packages/airflow/example_dags/example_task_group.py
[2024-05-06T18:11:33.329+0000] {processor.py:840} INFO - DAG(s) 'example_task_group' retrieved from /home/airflow/.local/lib/python3.12/site-packages/airflow/example_dags/example_task_group.py
[2024-05-06T18:11:33.342+0000] {logging_mixin.py:188} INFO - [2024-05-06T18:11:33.342+0000] {dag.py:3096} INFO - Sync 1 DAGs
[2024-05-06T18:11:33.352+0000] {logging_mixin.py:188} INFO - [2024-05-06T18:11:33.352+0000] {dag.py:3954} INFO - Setting next_dagrun for example_task_group to 2024-05-05 00:00:00+00:00, run_after=2024-05-06 00:00:00+00:00
[2024-05-06T18:11:33.363+0000] {processor.py:183} INFO - Processing /home/airflow/.local/lib/python3.12/site-packages/airflow/example_dags/example_task_group.py took 0.043 seconds
[2024-05-06T18:12:03.910+0000] {processor.py:161} INFO - Started process (PID=1363) to work on /home/airflow/.local/lib/python3.12/site-packages/airflow/example_dags/example_task_group.py
[2024-05-06T18:12:03.911+0000] {processor.py:830} INFO - Processing file /home/airflow/.local/lib/python3.12/site-packages/airflow/example_dags/example_task_group.py for tasks to queue
[2024-05-06T18:12:03.912+0000] {logging_mixin.py:188} INFO - [2024-05-06T18:12:03.912+0000] {dagbag.py:540} INFO - Filling up the DagBag from /home/airflow/.local/lib/python3.12/site-packages/airflow/example_dags/example_task_group.py
[2024-05-06T18:12:03.916+0000] {processor.py:840} INFO - DAG(s) 'example_task_group' retrieved from /home/airflow/.local/lib/python3.12/site-packages/airflow/example_dags/example_task_group.py
[2024-05-06T18:12:03.926+0000] {logging_mixin.py:188} INFO - [2024-05-06T18:12:03.926+0000] {dag.py:3096} INFO - Sync 1 DAGs
[2024-05-06T18:12:03.936+0000] {logging_mixin.py:188} INFO - [2024-05-06T18:12:03.936+0000] {dag.py:3954} INFO - Setting next_dagrun for example_task_group to 2024-05-05 00:00:00+00:00, run_after=2024-05-06 00:00:00+00:00
[2024-05-06T18:12:03.944+0000] {processor.py:183} INFO - Processing /home/airflow/.local/lib/python3.12/site-packages/airflow/example_dags/example_task_group.py took 0.037 seconds
[2024-05-06T18:12:34.494+0000] {processor.py:161} INFO - Started process (PID=1421) to work on /home/airflow/.local/lib/python3.12/site-packages/airflow/example_dags/example_task_group.py
[2024-05-06T18:12:34.495+0000] {processor.py:830} INFO - Processing file /home/airflow/.local/lib/python3.12/site-packages/airflow/example_dags/example_task_group.py for tasks to queue
[2024-05-06T18:12:34.496+0000] {logging_mixin.py:188} INFO - [2024-05-06T18:12:34.496+0000] {dagbag.py:540} INFO - Filling up the DagBag from /home/airflow/.local/lib/python3.12/site-packages/airflow/example_dags/example_task_group.py
[2024-05-06T18:12:34.500+0000] {processor.py:840} INFO - DAG(s) 'example_task_group' retrieved from /home/airflow/.local/lib/python3.12/site-packages/airflow/example_dags/example_task_group.py
[2024-05-06T18:12:34.511+0000] {logging_mixin.py:188} INFO - [2024-05-06T18:12:34.511+0000] {dag.py:3096} INFO - Sync 1 DAGs
[2024-05-06T18:12:34.521+0000] {logging_mixin.py:188} INFO - [2024-05-06T18:12:34.521+0000] {dag.py:3954} INFO - Setting next_dagrun for example_task_group to 2024-05-05 00:00:00+00:00, run_after=2024-05-06 00:00:00+00:00
[2024-05-06T18:12:34.529+0000] {processor.py:183} INFO - Processing /home/airflow/.local/lib/python3.12/site-packages/airflow/example_dags/example_task_group.py took 0.038 seconds
[2024-05-06T18:13:05.095+0000] {processor.py:161} INFO - Started process (PID=1479) to work on /home/airflow/.local/lib/python3.12/site-packages/airflow/example_dags/example_task_group.py
[2024-05-06T18:13:05.096+0000] {processor.py:830} INFO - Processing file /home/airflow/.local/lib/python3.12/site-packages/airflow/example_dags/example_task_group.py for tasks to queue
[2024-05-06T18:13:05.097+0000] {logging_mixin.py:188} INFO - [2024-05-06T18:13:05.097+0000] {dagbag.py:540} INFO - Filling up the DagBag from /home/airflow/.local/lib/python3.12/site-packages/airflow/example_dags/example_task_group.py
[2024-05-06T18:13:05.101+0000] {processor.py:840} INFO - DAG(s) 'example_task_group' retrieved from /home/airflow/.local/lib/python3.12/site-packages/airflow/example_dags/example_task_group.py
[2024-05-06T18:13:05.111+0000] {logging_mixin.py:188} INFO - [2024-05-06T18:13:05.111+0000] {dag.py:3096} INFO - Sync 1 DAGs
[2024-05-06T18:13:05.121+0000] {logging_mixin.py:188} INFO - [2024-05-06T18:13:05.121+0000] {dag.py:3954} INFO - Setting next_dagrun for example_task_group to 2024-05-05 00:00:00+00:00, run_after=2024-05-06 00:00:00+00:00
[2024-05-06T18:13:05.129+0000] {processor.py:183} INFO - Processing /home/airflow/.local/lib/python3.12/site-packages/airflow/example_dags/example_task_group.py took 0.037 seconds
[2024-05-06T18:13:35.664+0000] {processor.py:161} INFO - Started process (PID=1537) to work on /home/airflow/.local/lib/python3.12/site-packages/airflow/example_dags/example_task_group.py
[2024-05-06T18:13:35.664+0000] {processor.py:830} INFO - Processing file /home/airflow/.local/lib/python3.12/site-packages/airflow/example_dags/example_task_group.py for tasks to queue
[2024-05-06T18:13:35.666+0000] {logging_mixin.py:188} INFO - [2024-05-06T18:13:35.665+0000] {dagbag.py:540} INFO - Filling up the DagBag from /home/airflow/.local/lib/python3.12/site-packages/airflow/example_dags/example_task_group.py
[2024-05-06T18:13:35.670+0000] {processor.py:840} INFO - DAG(s) 'example_task_group' retrieved from /home/airflow/.local/lib/python3.12/site-packages/airflow/example_dags/example_task_group.py
[2024-05-06T18:13:35.680+0000] {logging_mixin.py:188} INFO - [2024-05-06T18:13:35.680+0000] {dag.py:3096} INFO - Sync 1 DAGs
[2024-05-06T18:13:35.691+0000] {logging_mixin.py:188} INFO - [2024-05-06T18:13:35.691+0000] {dag.py:3954} INFO - Setting next_dagrun for example_task_group to 2024-05-05 00:00:00+00:00, run_after=2024-05-06 00:00:00+00:00
[2024-05-06T18:13:35.699+0000] {processor.py:183} INFO - Processing /home/airflow/.local/lib/python3.12/site-packages/airflow/example_dags/example_task_group.py took 0.038 seconds
[2024-05-06T18:14:06.258+0000] {processor.py:161} INFO - Started process (PID=1595) to work on /home/airflow/.local/lib/python3.12/site-packages/airflow/example_dags/example_task_group.py
[2024-05-06T18:14:06.259+0000] {processor.py:830} INFO - Processing file /home/airflow/.local/lib/python3.12/site-packages/airflow/example_dags/example_task_group.py for tasks to queue
[2024-05-06T18:14:06.260+0000] {logging_mixin.py:188} INFO - [2024-05-06T18:14:06.260+0000] {dagbag.py:540} INFO - Filling up the DagBag from /home/airflow/.local/lib/python3.12/site-packages/airflow/example_dags/example_task_group.py
[2024-05-06T18:14:06.264+0000] {processor.py:840} INFO - DAG(s) 'example_task_group' retrieved from /home/airflow/.local/lib/python3.12/site-packages/airflow/example_dags/example_task_group.py
[2024-05-06T18:14:06.277+0000] {logging_mixin.py:188} INFO - [2024-05-06T18:14:06.277+0000] {dag.py:3096} INFO - Sync 1 DAGs
[2024-05-06T18:14:06.287+0000] {logging_mixin.py:188} INFO - [2024-05-06T18:14:06.287+0000] {dag.py:3954} INFO - Setting next_dagrun for example_task_group to 2024-05-05 00:00:00+00:00, run_after=2024-05-06 00:00:00+00:00
[2024-05-06T18:14:06.295+0000] {processor.py:183} INFO - Processing /home/airflow/.local/lib/python3.12/site-packages/airflow/example_dags/example_task_group.py took 0.040 seconds
[2024-05-06T18:14:36.801+0000] {processor.py:161} INFO - Started process (PID=1653) to work on /home/airflow/.local/lib/python3.12/site-packages/airflow/example_dags/example_task_group.py
[2024-05-06T18:14:36.801+0000] {processor.py:830} INFO - Processing file /home/airflow/.local/lib/python3.12/site-packages/airflow/example_dags/example_task_group.py for tasks to queue
[2024-05-06T18:14:36.802+0000] {logging_mixin.py:188} INFO - [2024-05-06T18:14:36.802+0000] {dagbag.py:540} INFO - Filling up the DagBag from /home/airflow/.local/lib/python3.12/site-packages/airflow/example_dags/example_task_group.py
[2024-05-06T18:14:36.806+0000] {processor.py:840} INFO - DAG(s) 'example_task_group' retrieved from /home/airflow/.local/lib/python3.12/site-packages/airflow/example_dags/example_task_group.py
[2024-05-06T18:14:36.817+0000] {logging_mixin.py:188} INFO - [2024-05-06T18:14:36.817+0000] {dag.py:3096} INFO - Sync 1 DAGs
[2024-05-06T18:14:36.827+0000] {logging_mixin.py:188} INFO - [2024-05-06T18:14:36.827+0000] {dag.py:3954} INFO - Setting next_dagrun for example_task_group to 2024-05-05 00:00:00+00:00, run_after=2024-05-06 00:00:00+00:00
[2024-05-06T18:14:36.835+0000] {processor.py:183} INFO - Processing /home/airflow/.local/lib/python3.12/site-packages/airflow/example_dags/example_task_group.py took 0.037 seconds
[2024-05-06T18:15:07.378+0000] {processor.py:161} INFO - Started process (PID=1711) to work on /home/airflow/.local/lib/python3.12/site-packages/airflow/example_dags/example_task_group.py
[2024-05-06T18:15:07.379+0000] {processor.py:830} INFO - Processing file /home/airflow/.local/lib/python3.12/site-packages/airflow/example_dags/example_task_group.py for tasks to queue
[2024-05-06T18:15:07.380+0000] {logging_mixin.py:188} INFO - [2024-05-06T18:15:07.380+0000] {dagbag.py:540} INFO - Filling up the DagBag from /home/airflow/.local/lib/python3.12/site-packages/airflow/example_dags/example_task_group.py
[2024-05-06T18:15:07.384+0000] {processor.py:840} INFO - DAG(s) 'example_task_group' retrieved from /home/airflow/.local/lib/python3.12/site-packages/airflow/example_dags/example_task_group.py
[2024-05-06T18:15:07.394+0000] {logging_mixin.py:188} INFO - [2024-05-06T18:15:07.394+0000] {dag.py:3096} INFO - Sync 1 DAGs
[2024-05-06T18:15:07.405+0000] {logging_mixin.py:188} INFO - [2024-05-06T18:15:07.404+0000] {dag.py:3954} INFO - Setting next_dagrun for example_task_group to 2024-05-05 00:00:00+00:00, run_after=2024-05-06 00:00:00+00:00
[2024-05-06T18:15:07.413+0000] {processor.py:183} INFO - Processing /home/airflow/.local/lib/python3.12/site-packages/airflow/example_dags/example_task_group.py took 0.038 seconds
[2024-05-06T18:15:37.985+0000] {processor.py:161} INFO - Started process (PID=1769) to work on /home/airflow/.local/lib/python3.12/site-packages/airflow/example_dags/example_task_group.py
[2024-05-06T18:15:37.985+0000] {processor.py:830} INFO - Processing file /home/airflow/.local/lib/python3.12/site-packages/airflow/example_dags/example_task_group.py for tasks to queue
[2024-05-06T18:15:37.986+0000] {logging_mixin.py:188} INFO - [2024-05-06T18:15:37.986+0000] {dagbag.py:540} INFO - Filling up the DagBag from /home/airflow/.local/lib/python3.12/site-packages/airflow/example_dags/example_task_group.py
[2024-05-06T18:15:37.990+0000] {processor.py:840} INFO - DAG(s) 'example_task_group' retrieved from /home/airflow/.local/lib/python3.12/site-packages/airflow/example_dags/example_task_group.py
[2024-05-06T18:15:38.001+0000] {logging_mixin.py:188} INFO - [2024-05-06T18:15:38.001+0000] {dag.py:3096} INFO - Sync 1 DAGs
[2024-05-06T18:15:38.011+0000] {logging_mixin.py:188} INFO - [2024-05-06T18:15:38.011+0000] {dag.py:3954} INFO - Setting next_dagrun for example_task_group to 2024-05-05 00:00:00+00:00, run_after=2024-05-06 00:00:00+00:00
[2024-05-06T18:15:38.018+0000] {processor.py:183} INFO - Processing /home/airflow/.local/lib/python3.12/site-packages/airflow/example_dags/example_task_group.py took 0.036 seconds
[2024-05-06T18:16:08.571+0000] {processor.py:161} INFO - Started process (PID=1827) to work on /home/airflow/.local/lib/python3.12/site-packages/airflow/example_dags/example_task_group.py
[2024-05-06T18:16:08.571+0000] {processor.py:830} INFO - Processing file /home/airflow/.local/lib/python3.12/site-packages/airflow/example_dags/example_task_group.py for tasks to queue
[2024-05-06T18:16:08.572+0000] {logging_mixin.py:188} INFO - [2024-05-06T18:16:08.572+0000] {dagbag.py:540} INFO - Filling up the DagBag from /home/airflow/.local/lib/python3.12/site-packages/airflow/example_dags/example_task_group.py
[2024-05-06T18:16:08.576+0000] {processor.py:840} INFO - DAG(s) 'example_task_group' retrieved from /home/airflow/.local/lib/python3.12/site-packages/airflow/example_dags/example_task_group.py
[2024-05-06T18:16:08.587+0000] {logging_mixin.py:188} INFO - [2024-05-06T18:16:08.587+0000] {dag.py:3096} INFO - Sync 1 DAGs
[2024-05-06T18:16:08.598+0000] {logging_mixin.py:188} INFO - [2024-05-06T18:16:08.598+0000] {dag.py:3954} INFO - Setting next_dagrun for example_task_group to 2024-05-05 00:00:00+00:00, run_after=2024-05-06 00:00:00+00:00
[2024-05-06T18:16:08.609+0000] {processor.py:183} INFO - Processing /home/airflow/.local/lib/python3.12/site-packages/airflow/example_dags/example_task_group.py took 0.042 seconds
[2024-05-06T18:16:39.138+0000] {processor.py:161} INFO - Started process (PID=1885) to work on /home/airflow/.local/lib/python3.12/site-packages/airflow/example_dags/example_task_group.py
[2024-05-06T18:16:39.139+0000] {processor.py:830} INFO - Processing file /home/airflow/.local/lib/python3.12/site-packages/airflow/example_dags/example_task_group.py for tasks to queue
[2024-05-06T18:16:39.140+0000] {logging_mixin.py:188} INFO - [2024-05-06T18:16:39.140+0000] {dagbag.py:540} INFO - Filling up the DagBag from /home/airflow/.local/lib/python3.12/site-packages/airflow/example_dags/example_task_group.py
[2024-05-06T18:16:39.144+0000] {processor.py:840} INFO - DAG(s) 'example_task_group' retrieved from /home/airflow/.local/lib/python3.12/site-packages/airflow/example_dags/example_task_group.py
[2024-05-06T18:16:39.155+0000] {logging_mixin.py:188} INFO - [2024-05-06T18:16:39.155+0000] {dag.py:3096} INFO - Sync 1 DAGs
[2024-05-06T18:16:39.165+0000] {logging_mixin.py:188} INFO - [2024-05-06T18:16:39.165+0000] {dag.py:3954} INFO - Setting next_dagrun for example_task_group to 2024-05-05 00:00:00+00:00, run_after=2024-05-06 00:00:00+00:00
[2024-05-06T18:16:39.174+0000] {processor.py:183} INFO - Processing /home/airflow/.local/lib/python3.12/site-packages/airflow/example_dags/example_task_group.py took 0.038 seconds
[2024-05-06T18:18:13.596+0000] {processor.py:161} INFO - Started process (PID=1937) to work on /home/airflow/.local/lib/python3.12/site-packages/airflow/example_dags/example_task_group.py
[2024-05-06T18:18:13.596+0000] {processor.py:830} INFO - Processing file /home/airflow/.local/lib/python3.12/site-packages/airflow/example_dags/example_task_group.py for tasks to queue
[2024-05-06T18:18:13.597+0000] {logging_mixin.py:188} INFO - [2024-05-06T18:18:13.597+0000] {dagbag.py:540} INFO - Filling up the DagBag from /home/airflow/.local/lib/python3.12/site-packages/airflow/example_dags/example_task_group.py
[2024-05-06T18:18:13.601+0000] {processor.py:840} INFO - DAG(s) 'example_task_group' retrieved from /home/airflow/.local/lib/python3.12/site-packages/airflow/example_dags/example_task_group.py
[2024-05-06T18:18:13.612+0000] {logging_mixin.py:188} INFO - [2024-05-06T18:18:13.612+0000] {dag.py:3096} INFO - Sync 1 DAGs
[2024-05-06T18:18:13.622+0000] {logging_mixin.py:188} INFO - [2024-05-06T18:18:13.622+0000] {dag.py:3954} INFO - Setting next_dagrun for example_task_group to 2024-05-05 00:00:00+00:00, run_after=2024-05-06 00:00:00+00:00
[2024-05-06T18:18:13.630+0000] {processor.py:183} INFO - Processing /home/airflow/.local/lib/python3.12/site-packages/airflow/example_dags/example_task_group.py took 0.037 seconds
[2024-05-06T18:18:44.223+0000] {processor.py:161} INFO - Started process (PID=2000) to work on /home/airflow/.local/lib/python3.12/site-packages/airflow/example_dags/example_task_group.py
[2024-05-06T18:18:44.224+0000] {processor.py:830} INFO - Processing file /home/airflow/.local/lib/python3.12/site-packages/airflow/example_dags/example_task_group.py for tasks to queue
[2024-05-06T18:18:44.225+0000] {logging_mixin.py:188} INFO - [2024-05-06T18:18:44.225+0000] {dagbag.py:540} INFO - Filling up the DagBag from /home/airflow/.local/lib/python3.12/site-packages/airflow/example_dags/example_task_group.py
[2024-05-06T18:18:44.229+0000] {processor.py:840} INFO - DAG(s) 'example_task_group' retrieved from /home/airflow/.local/lib/python3.12/site-packages/airflow/example_dags/example_task_group.py
[2024-05-06T18:18:44.239+0000] {logging_mixin.py:188} INFO - [2024-05-06T18:18:44.239+0000] {dag.py:3096} INFO - Sync 1 DAGs
[2024-05-06T18:18:44.249+0000] {logging_mixin.py:188} INFO - [2024-05-06T18:18:44.249+0000] {dag.py:3954} INFO - Setting next_dagrun for example_task_group to 2024-05-05 00:00:00+00:00, run_after=2024-05-06 00:00:00+00:00
[2024-05-06T18:18:44.260+0000] {processor.py:183} INFO - Processing /home/airflow/.local/lib/python3.12/site-packages/airflow/example_dags/example_task_group.py took 0.040 seconds
[2024-05-06T18:19:14.736+0000] {processor.py:161} INFO - Started process (PID=2058) to work on /home/airflow/.local/lib/python3.12/site-packages/airflow/example_dags/example_task_group.py
[2024-05-06T18:19:14.736+0000] {processor.py:830} INFO - Processing file /home/airflow/.local/lib/python3.12/site-packages/airflow/example_dags/example_task_group.py for tasks to queue
[2024-05-06T18:19:14.738+0000] {logging_mixin.py:188} INFO - [2024-05-06T18:19:14.737+0000] {dagbag.py:540} INFO - Filling up the DagBag from /home/airflow/.local/lib/python3.12/site-packages/airflow/example_dags/example_task_group.py
[2024-05-06T18:19:14.741+0000] {processor.py:840} INFO - DAG(s) 'example_task_group' retrieved from /home/airflow/.local/lib/python3.12/site-packages/airflow/example_dags/example_task_group.py
[2024-05-06T18:19:14.752+0000] {logging_mixin.py:188} INFO - [2024-05-06T18:19:14.752+0000] {dag.py:3096} INFO - Sync 1 DAGs
[2024-05-06T18:19:14.762+0000] {logging_mixin.py:188} INFO - [2024-05-06T18:19:14.762+0000] {dag.py:3954} INFO - Setting next_dagrun for example_task_group to 2024-05-05 00:00:00+00:00, run_after=2024-05-06 00:00:00+00:00
[2024-05-06T18:19:14.771+0000] {processor.py:183} INFO - Processing /home/airflow/.local/lib/python3.12/site-packages/airflow/example_dags/example_task_group.py took 0.039 seconds
[2024-05-06T18:19:45.383+0000] {processor.py:161} INFO - Started process (PID=2116) to work on /home/airflow/.local/lib/python3.12/site-packages/airflow/example_dags/example_task_group.py
[2024-05-06T18:19:45.384+0000] {processor.py:830} INFO - Processing file /home/airflow/.local/lib/python3.12/site-packages/airflow/example_dags/example_task_group.py for tasks to queue
[2024-05-06T18:19:45.385+0000] {logging_mixin.py:188} INFO - [2024-05-06T18:19:45.385+0000] {dagbag.py:540} INFO - Filling up the DagBag from /home/airflow/.local/lib/python3.12/site-packages/airflow/example_dags/example_task_group.py
[2024-05-06T18:19:45.389+0000] {processor.py:840} INFO - DAG(s) 'example_task_group' retrieved from /home/airflow/.local/lib/python3.12/site-packages/airflow/example_dags/example_task_group.py
[2024-05-06T18:19:45.400+0000] {logging_mixin.py:188} INFO - [2024-05-06T18:19:45.400+0000] {dag.py:3096} INFO - Sync 1 DAGs
[2024-05-06T18:19:45.410+0000] {logging_mixin.py:188} INFO - [2024-05-06T18:19:45.410+0000] {dag.py:3954} INFO - Setting next_dagrun for example_task_group to 2024-05-05 00:00:00+00:00, run_after=2024-05-06 00:00:00+00:00
[2024-05-06T18:19:45.418+0000] {processor.py:183} INFO - Processing /home/airflow/.local/lib/python3.12/site-packages/airflow/example_dags/example_task_group.py took 0.038 seconds
[2024-05-06T18:20:15.969+0000] {processor.py:161} INFO - Started process (PID=2174) to work on /home/airflow/.local/lib/python3.12/site-packages/airflow/example_dags/example_task_group.py
[2024-05-06T18:20:15.970+0000] {processor.py:830} INFO - Processing file /home/airflow/.local/lib/python3.12/site-packages/airflow/example_dags/example_task_group.py for tasks to queue
[2024-05-06T18:20:15.971+0000] {logging_mixin.py:188} INFO - [2024-05-06T18:20:15.971+0000] {dagbag.py:540} INFO - Filling up the DagBag from /home/airflow/.local/lib/python3.12/site-packages/airflow/example_dags/example_task_group.py
[2024-05-06T18:20:15.975+0000] {processor.py:840} INFO - DAG(s) 'example_task_group' retrieved from /home/airflow/.local/lib/python3.12/site-packages/airflow/example_dags/example_task_group.py
[2024-05-06T18:20:15.986+0000] {logging_mixin.py:188} INFO - [2024-05-06T18:20:15.986+0000] {dag.py:3096} INFO - Sync 1 DAGs
[2024-05-06T18:20:15.996+0000] {logging_mixin.py:188} INFO - [2024-05-06T18:20:15.996+0000] {dag.py:3954} INFO - Setting next_dagrun for example_task_group to 2024-05-05 00:00:00+00:00, run_after=2024-05-06 00:00:00+00:00
[2024-05-06T18:20:16.004+0000] {processor.py:183} INFO - Processing /home/airflow/.local/lib/python3.12/site-packages/airflow/example_dags/example_task_group.py took 0.038 seconds
[2024-05-06T18:20:46.595+0000] {processor.py:161} INFO - Started process (PID=2232) to work on /home/airflow/.local/lib/python3.12/site-packages/airflow/example_dags/example_task_group.py
[2024-05-06T18:20:46.595+0000] {processor.py:830} INFO - Processing file /home/airflow/.local/lib/python3.12/site-packages/airflow/example_dags/example_task_group.py for tasks to queue
[2024-05-06T18:20:46.596+0000] {logging_mixin.py:188} INFO - [2024-05-06T18:20:46.596+0000] {dagbag.py:540} INFO - Filling up the DagBag from /home/airflow/.local/lib/python3.12/site-packages/airflow/example_dags/example_task_group.py
[2024-05-06T18:20:46.600+0000] {processor.py:840} INFO - DAG(s) 'example_task_group' retrieved from /home/airflow/.local/lib/python3.12/site-packages/airflow/example_dags/example_task_group.py
[2024-05-06T18:20:46.611+0000] {logging_mixin.py:188} INFO - [2024-05-06T18:20:46.611+0000] {dag.py:3096} INFO - Sync 1 DAGs
[2024-05-06T18:20:46.622+0000] {logging_mixin.py:188} INFO - [2024-05-06T18:20:46.621+0000] {dag.py:3954} INFO - Setting next_dagrun for example_task_group to 2024-05-05 00:00:00+00:00, run_after=2024-05-06 00:00:00+00:00
[2024-05-06T18:20:46.629+0000] {processor.py:183} INFO - Processing /home/airflow/.local/lib/python3.12/site-packages/airflow/example_dags/example_task_group.py took 0.038 seconds
[2024-05-06T18:21:17.151+0000] {processor.py:161} INFO - Started process (PID=2290) to work on /home/airflow/.local/lib/python3.12/site-packages/airflow/example_dags/example_task_group.py
[2024-05-06T18:21:17.152+0000] {processor.py:830} INFO - Processing file /home/airflow/.local/lib/python3.12/site-packages/airflow/example_dags/example_task_group.py for tasks to queue
[2024-05-06T18:21:17.153+0000] {logging_mixin.py:188} INFO - [2024-05-06T18:21:17.153+0000] {dagbag.py:540} INFO - Filling up the DagBag from /home/airflow/.local/lib/python3.12/site-packages/airflow/example_dags/example_task_group.py
[2024-05-06T18:21:17.156+0000] {processor.py:840} INFO - DAG(s) 'example_task_group' retrieved from /home/airflow/.local/lib/python3.12/site-packages/airflow/example_dags/example_task_group.py
[2024-05-06T18:21:17.167+0000] {logging_mixin.py:188} INFO - [2024-05-06T18:21:17.167+0000] {dag.py:3096} INFO - Sync 1 DAGs
[2024-05-06T18:21:17.177+0000] {logging_mixin.py:188} INFO - [2024-05-06T18:21:17.177+0000] {dag.py:3954} INFO - Setting next_dagrun for example_task_group to 2024-05-05 00:00:00+00:00, run_after=2024-05-06 00:00:00+00:00
[2024-05-06T18:21:17.185+0000] {processor.py:183} INFO - Processing /home/airflow/.local/lib/python3.12/site-packages/airflow/example_dags/example_task_group.py took 0.037 seconds
[2024-05-06T18:21:47.899+0000] {processor.py:161} INFO - Started process (PID=2347) to work on /home/airflow/.local/lib/python3.12/site-packages/airflow/example_dags/example_task_group.py
[2024-05-06T18:21:47.899+0000] {processor.py:830} INFO - Processing file /home/airflow/.local/lib/python3.12/site-packages/airflow/example_dags/example_task_group.py for tasks to queue
[2024-05-06T18:21:47.900+0000] {logging_mixin.py:188} INFO - [2024-05-06T18:21:47.900+0000] {dagbag.py:540} INFO - Filling up the DagBag from /home/airflow/.local/lib/python3.12/site-packages/airflow/example_dags/example_task_group.py
[2024-05-06T18:21:47.903+0000] {processor.py:840} INFO - DAG(s) 'example_task_group' retrieved from /home/airflow/.local/lib/python3.12/site-packages/airflow/example_dags/example_task_group.py
[2024-05-06T18:21:47.914+0000] {logging_mixin.py:188} INFO - [2024-05-06T18:21:47.914+0000] {dag.py:3096} INFO - Sync 1 DAGs
[2024-05-06T18:21:47.924+0000] {logging_mixin.py:188} INFO - [2024-05-06T18:21:47.924+0000] {dag.py:3954} INFO - Setting next_dagrun for example_task_group to 2024-05-05 00:00:00+00:00, run_after=2024-05-06 00:00:00+00:00
[2024-05-06T18:21:47.932+0000] {processor.py:183} INFO - Processing /home/airflow/.local/lib/python3.12/site-packages/airflow/example_dags/example_task_group.py took 0.036 seconds
[2024-05-06T18:22:18.477+0000] {processor.py:161} INFO - Started process (PID=2405) to work on /home/airflow/.local/lib/python3.12/site-packages/airflow/example_dags/example_task_group.py
[2024-05-06T18:22:18.477+0000] {processor.py:830} INFO - Processing file /home/airflow/.local/lib/python3.12/site-packages/airflow/example_dags/example_task_group.py for tasks to queue
[2024-05-06T18:22:18.478+0000] {logging_mixin.py:188} INFO - [2024-05-06T18:22:18.478+0000] {dagbag.py:540} INFO - Filling up the DagBag from /home/airflow/.local/lib/python3.12/site-packages/airflow/example_dags/example_task_group.py
[2024-05-06T18:22:18.482+0000] {processor.py:840} INFO - DAG(s) 'example_task_group' retrieved from /home/airflow/.local/lib/python3.12/site-packages/airflow/example_dags/example_task_group.py
[2024-05-06T18:22:18.493+0000] {logging_mixin.py:188} INFO - [2024-05-06T18:22:18.492+0000] {dag.py:3096} INFO - Sync 1 DAGs
[2024-05-06T18:22:18.503+0000] {logging_mixin.py:188} INFO - [2024-05-06T18:22:18.503+0000] {dag.py:3954} INFO - Setting next_dagrun for example_task_group to 2024-05-05 00:00:00+00:00, run_after=2024-05-06 00:00:00+00:00
[2024-05-06T18:22:18.511+0000] {processor.py:183} INFO - Processing /home/airflow/.local/lib/python3.12/site-packages/airflow/example_dags/example_task_group.py took 0.037 seconds
[2024-05-06T18:22:49.103+0000] {processor.py:161} INFO - Started process (PID=2463) to work on /home/airflow/.local/lib/python3.12/site-packages/airflow/example_dags/example_task_group.py
[2024-05-06T18:22:49.103+0000] {processor.py:830} INFO - Processing file /home/airflow/.local/lib/python3.12/site-packages/airflow/example_dags/example_task_group.py for tasks to queue
[2024-05-06T18:22:49.104+0000] {logging_mixin.py:188} INFO - [2024-05-06T18:22:49.104+0000] {dagbag.py:540} INFO - Filling up the DagBag from /home/airflow/.local/lib/python3.12/site-packages/airflow/example_dags/example_task_group.py
[2024-05-06T18:22:49.108+0000] {processor.py:840} INFO - DAG(s) 'example_task_group' retrieved from /home/airflow/.local/lib/python3.12/site-packages/airflow/example_dags/example_task_group.py
[2024-05-06T18:22:49.119+0000] {logging_mixin.py:188} INFO - [2024-05-06T18:22:49.119+0000] {dag.py:3096} INFO - Sync 1 DAGs
[2024-05-06T18:22:49.129+0000] {logging_mixin.py:188} INFO - [2024-05-06T18:22:49.129+0000] {dag.py:3954} INFO - Setting next_dagrun for example_task_group to 2024-05-05 00:00:00+00:00, run_after=2024-05-06 00:00:00+00:00
[2024-05-06T18:22:49.137+0000] {processor.py:183} INFO - Processing /home/airflow/.local/lib/python3.12/site-packages/airflow/example_dags/example_task_group.py took 0.037 seconds
[2024-05-06T18:23:19.673+0000] {processor.py:161} INFO - Started process (PID=2520) to work on /home/airflow/.local/lib/python3.12/site-packages/airflow/example_dags/example_task_group.py
[2024-05-06T18:23:19.674+0000] {processor.py:830} INFO - Processing file /home/airflow/.local/lib/python3.12/site-packages/airflow/example_dags/example_task_group.py for tasks to queue
[2024-05-06T18:23:19.675+0000] {logging_mixin.py:188} INFO - [2024-05-06T18:23:19.674+0000] {dagbag.py:540} INFO - Filling up the DagBag from /home/airflow/.local/lib/python3.12/site-packages/airflow/example_dags/example_task_group.py
[2024-05-06T18:23:19.678+0000] {processor.py:840} INFO - DAG(s) 'example_task_group' retrieved from /home/airflow/.local/lib/python3.12/site-packages/airflow/example_dags/example_task_group.py
[2024-05-06T18:23:19.689+0000] {logging_mixin.py:188} INFO - [2024-05-06T18:23:19.689+0000] {dag.py:3096} INFO - Sync 1 DAGs
[2024-05-06T18:23:19.699+0000] {logging_mixin.py:188} INFO - [2024-05-06T18:23:19.699+0000] {dag.py:3954} INFO - Setting next_dagrun for example_task_group to 2024-05-05 00:00:00+00:00, run_after=2024-05-06 00:00:00+00:00
[2024-05-06T18:23:19.707+0000] {processor.py:183} INFO - Processing /home/airflow/.local/lib/python3.12/site-packages/airflow/example_dags/example_task_group.py took 0.037 seconds
[2024-05-06T18:23:50.384+0000] {processor.py:161} INFO - Started process (PID=2578) to work on /home/airflow/.local/lib/python3.12/site-packages/airflow/example_dags/example_task_group.py
[2024-05-06T18:23:50.385+0000] {processor.py:830} INFO - Processing file /home/airflow/.local/lib/python3.12/site-packages/airflow/example_dags/example_task_group.py for tasks to queue
[2024-05-06T18:23:50.386+0000] {logging_mixin.py:188} INFO - [2024-05-06T18:23:50.386+0000] {dagbag.py:540} INFO - Filling up the DagBag from /home/airflow/.local/lib/python3.12/site-packages/airflow/example_dags/example_task_group.py
[2024-05-06T18:23:50.389+0000] {processor.py:840} INFO - DAG(s) 'example_task_group' retrieved from /home/airflow/.local/lib/python3.12/site-packages/airflow/example_dags/example_task_group.py
[2024-05-06T18:23:50.402+0000] {logging_mixin.py:188} INFO - [2024-05-06T18:23:50.401+0000] {dag.py:3096} INFO - Sync 1 DAGs
[2024-05-06T18:23:50.411+0000] {logging_mixin.py:188} INFO - [2024-05-06T18:23:50.411+0000] {dag.py:3954} INFO - Setting next_dagrun for example_task_group to 2024-05-05 00:00:00+00:00, run_after=2024-05-06 00:00:00+00:00
[2024-05-06T18:23:50.419+0000] {processor.py:183} INFO - Processing /home/airflow/.local/lib/python3.12/site-packages/airflow/example_dags/example_task_group.py took 0.038 seconds
[2024-05-06T18:24:21.019+0000] {processor.py:161} INFO - Started process (PID=2636) to work on /home/airflow/.local/lib/python3.12/site-packages/airflow/example_dags/example_task_group.py
[2024-05-06T18:24:21.020+0000] {processor.py:830} INFO - Processing file /home/airflow/.local/lib/python3.12/site-packages/airflow/example_dags/example_task_group.py for tasks to queue
[2024-05-06T18:24:21.021+0000] {logging_mixin.py:188} INFO - [2024-05-06T18:24:21.021+0000] {dagbag.py:540} INFO - Filling up the DagBag from /home/airflow/.local/lib/python3.12/site-packages/airflow/example_dags/example_task_group.py
[2024-05-06T18:24:21.025+0000] {processor.py:840} INFO - DAG(s) 'example_task_group' retrieved from /home/airflow/.local/lib/python3.12/site-packages/airflow/example_dags/example_task_group.py
[2024-05-06T18:24:21.035+0000] {logging_mixin.py:188} INFO - [2024-05-06T18:24:21.035+0000] {dag.py:3096} INFO - Sync 1 DAGs
[2024-05-06T18:24:21.045+0000] {logging_mixin.py:188} INFO - [2024-05-06T18:24:21.045+0000] {dag.py:3954} INFO - Setting next_dagrun for example_task_group to 2024-05-05 00:00:00+00:00, run_after=2024-05-06 00:00:00+00:00
[2024-05-06T18:24:21.053+0000] {processor.py:183} INFO - Processing /home/airflow/.local/lib/python3.12/site-packages/airflow/example_dags/example_task_group.py took 0.037 seconds
[2024-05-06T18:24:51.676+0000] {processor.py:161} INFO - Started process (PID=2694) to work on /home/airflow/.local/lib/python3.12/site-packages/airflow/example_dags/example_task_group.py
[2024-05-06T18:24:51.676+0000] {processor.py:830} INFO - Processing file /home/airflow/.local/lib/python3.12/site-packages/airflow/example_dags/example_task_group.py for tasks to queue
[2024-05-06T18:24:51.677+0000] {logging_mixin.py:188} INFO - [2024-05-06T18:24:51.677+0000] {dagbag.py:540} INFO - Filling up the DagBag from /home/airflow/.local/lib/python3.12/site-packages/airflow/example_dags/example_task_group.py
[2024-05-06T18:24:51.681+0000] {processor.py:840} INFO - DAG(s) 'example_task_group' retrieved from /home/airflow/.local/lib/python3.12/site-packages/airflow/example_dags/example_task_group.py
[2024-05-06T18:24:51.693+0000] {logging_mixin.py:188} INFO - [2024-05-06T18:24:51.693+0000] {dag.py:3096} INFO - Sync 1 DAGs
[2024-05-06T18:24:51.703+0000] {logging_mixin.py:188} INFO - [2024-05-06T18:24:51.703+0000] {dag.py:3954} INFO - Setting next_dagrun for example_task_group to 2024-05-05 00:00:00+00:00, run_after=2024-05-06 00:00:00+00:00
[2024-05-06T18:24:51.711+0000] {processor.py:183} INFO - Processing /home/airflow/.local/lib/python3.12/site-packages/airflow/example_dags/example_task_group.py took 0.038 seconds
[2024-05-06T18:25:22.259+0000] {processor.py:161} INFO - Started process (PID=2752) to work on /home/airflow/.local/lib/python3.12/site-packages/airflow/example_dags/example_task_group.py
[2024-05-06T18:25:22.259+0000] {processor.py:830} INFO - Processing file /home/airflow/.local/lib/python3.12/site-packages/airflow/example_dags/example_task_group.py for tasks to queue
[2024-05-06T18:25:22.260+0000] {logging_mixin.py:188} INFO - [2024-05-06T18:25:22.260+0000] {dagbag.py:540} INFO - Filling up the DagBag from /home/airflow/.local/lib/python3.12/site-packages/airflow/example_dags/example_task_group.py
[2024-05-06T18:25:22.264+0000] {processor.py:840} INFO - DAG(s) 'example_task_group' retrieved from /home/airflow/.local/lib/python3.12/site-packages/airflow/example_dags/example_task_group.py
[2024-05-06T18:25:22.275+0000] {logging_mixin.py:188} INFO - [2024-05-06T18:25:22.275+0000] {dag.py:3096} INFO - Sync 1 DAGs
[2024-05-06T18:25:22.285+0000] {logging_mixin.py:188} INFO - [2024-05-06T18:25:22.285+0000] {dag.py:3954} INFO - Setting next_dagrun for example_task_group to 2024-05-05 00:00:00+00:00, run_after=2024-05-06 00:00:00+00:00
[2024-05-06T18:25:22.293+0000] {processor.py:183} INFO - Processing /home/airflow/.local/lib/python3.12/site-packages/airflow/example_dags/example_task_group.py took 0.037 seconds
[2024-05-06T18:25:52.877+0000] {processor.py:161} INFO - Started process (PID=2809) to work on /home/airflow/.local/lib/python3.12/site-packages/airflow/example_dags/example_task_group.py
[2024-05-06T18:25:52.877+0000] {processor.py:830} INFO - Processing file /home/airflow/.local/lib/python3.12/site-packages/airflow/example_dags/example_task_group.py for tasks to queue
[2024-05-06T18:25:52.878+0000] {logging_mixin.py:188} INFO - [2024-05-06T18:25:52.878+0000] {dagbag.py:540} INFO - Filling up the DagBag from /home/airflow/.local/lib/python3.12/site-packages/airflow/example_dags/example_task_group.py
[2024-05-06T18:25:52.882+0000] {processor.py:840} INFO - DAG(s) 'example_task_group' retrieved from /home/airflow/.local/lib/python3.12/site-packages/airflow/example_dags/example_task_group.py
[2024-05-06T18:25:52.893+0000] {logging_mixin.py:188} INFO - [2024-05-06T18:25:52.893+0000] {dag.py:3096} INFO - Sync 1 DAGs
[2024-05-06T18:25:52.904+0000] {logging_mixin.py:188} INFO - [2024-05-06T18:25:52.903+0000] {dag.py:3954} INFO - Setting next_dagrun for example_task_group to 2024-05-05 00:00:00+00:00, run_after=2024-05-06 00:00:00+00:00
[2024-05-06T18:25:52.911+0000] {processor.py:183} INFO - Processing /home/airflow/.local/lib/python3.12/site-packages/airflow/example_dags/example_task_group.py took 0.037 seconds
[2024-05-06T18:26:23.455+0000] {processor.py:161} INFO - Started process (PID=2867) to work on /home/airflow/.local/lib/python3.12/site-packages/airflow/example_dags/example_task_group.py
[2024-05-06T18:26:23.455+0000] {processor.py:830} INFO - Processing file /home/airflow/.local/lib/python3.12/site-packages/airflow/example_dags/example_task_group.py for tasks to queue
[2024-05-06T18:26:23.457+0000] {logging_mixin.py:188} INFO - [2024-05-06T18:26:23.456+0000] {dagbag.py:540} INFO - Filling up the DagBag from /home/airflow/.local/lib/python3.12/site-packages/airflow/example_dags/example_task_group.py
[2024-05-06T18:26:23.461+0000] {processor.py:840} INFO - DAG(s) 'example_task_group' retrieved from /home/airflow/.local/lib/python3.12/site-packages/airflow/example_dags/example_task_group.py
[2024-05-06T18:26:23.473+0000] {logging_mixin.py:188} INFO - [2024-05-06T18:26:23.473+0000] {dag.py:3096} INFO - Sync 1 DAGs
[2024-05-06T18:26:23.484+0000] {logging_mixin.py:188} INFO - [2024-05-06T18:26:23.484+0000] {dag.py:3954} INFO - Setting next_dagrun for example_task_group to 2024-05-05 00:00:00+00:00, run_after=2024-05-06 00:00:00+00:00
[2024-05-06T18:26:23.493+0000] {processor.py:183} INFO - Processing /home/airflow/.local/lib/python3.12/site-packages/airflow/example_dags/example_task_group.py took 0.041 seconds
[2024-05-06T18:26:54.221+0000] {processor.py:161} INFO - Started process (PID=2925) to work on /home/airflow/.local/lib/python3.12/site-packages/airflow/example_dags/example_task_group.py
[2024-05-06T18:26:54.221+0000] {processor.py:830} INFO - Processing file /home/airflow/.local/lib/python3.12/site-packages/airflow/example_dags/example_task_group.py for tasks to queue
[2024-05-06T18:26:54.222+0000] {logging_mixin.py:188} INFO - [2024-05-06T18:26:54.222+0000] {dagbag.py:540} INFO - Filling up the DagBag from /home/airflow/.local/lib/python3.12/site-packages/airflow/example_dags/example_task_group.py
[2024-05-06T18:26:54.226+0000] {processor.py:840} INFO - DAG(s) 'example_task_group' retrieved from /home/airflow/.local/lib/python3.12/site-packages/airflow/example_dags/example_task_group.py
[2024-05-06T18:26:54.237+0000] {logging_mixin.py:188} INFO - [2024-05-06T18:26:54.237+0000] {dag.py:3096} INFO - Sync 1 DAGs
[2024-05-06T18:26:54.248+0000] {logging_mixin.py:188} INFO - [2024-05-06T18:26:54.247+0000] {dag.py:3954} INFO - Setting next_dagrun for example_task_group to 2024-05-05 00:00:00+00:00, run_after=2024-05-06 00:00:00+00:00
[2024-05-06T18:26:54.256+0000] {processor.py:183} INFO - Processing /home/airflow/.local/lib/python3.12/site-packages/airflow/example_dags/example_task_group.py took 0.038 seconds
[2024-05-06T18:27:24.770+0000] {processor.py:161} INFO - Started process (PID=2982) to work on /home/airflow/.local/lib/python3.12/site-packages/airflow/example_dags/example_task_group.py
[2024-05-06T18:27:24.771+0000] {processor.py:830} INFO - Processing file /home/airflow/.local/lib/python3.12/site-packages/airflow/example_dags/example_task_group.py for tasks to queue
[2024-05-06T18:27:24.772+0000] {logging_mixin.py:188} INFO - [2024-05-06T18:27:24.772+0000] {dagbag.py:540} INFO - Filling up the DagBag from /home/airflow/.local/lib/python3.12/site-packages/airflow/example_dags/example_task_group.py
[2024-05-06T18:27:24.775+0000] {processor.py:840} INFO - DAG(s) 'example_task_group' retrieved from /home/airflow/.local/lib/python3.12/site-packages/airflow/example_dags/example_task_group.py
[2024-05-06T18:27:24.786+0000] {logging_mixin.py:188} INFO - [2024-05-06T18:27:24.786+0000] {dag.py:3096} INFO - Sync 1 DAGs
[2024-05-06T18:27:24.796+0000] {logging_mixin.py:188} INFO - [2024-05-06T18:27:24.796+0000] {dag.py:3954} INFO - Setting next_dagrun for example_task_group to 2024-05-05 00:00:00+00:00, run_after=2024-05-06 00:00:00+00:00
[2024-05-06T18:27:24.804+0000] {processor.py:183} INFO - Processing /home/airflow/.local/lib/python3.12/site-packages/airflow/example_dags/example_task_group.py took 0.037 seconds
[2024-05-06T18:27:55.348+0000] {processor.py:161} INFO - Started process (PID=3039) to work on /home/airflow/.local/lib/python3.12/site-packages/airflow/example_dags/example_task_group.py
[2024-05-06T18:27:55.349+0000] {processor.py:830} INFO - Processing file /home/airflow/.local/lib/python3.12/site-packages/airflow/example_dags/example_task_group.py for tasks to queue
[2024-05-06T18:27:55.351+0000] {logging_mixin.py:188} INFO - [2024-05-06T18:27:55.350+0000] {dagbag.py:540} INFO - Filling up the DagBag from /home/airflow/.local/lib/python3.12/site-packages/airflow/example_dags/example_task_group.py
[2024-05-06T18:27:55.355+0000] {processor.py:840} INFO - DAG(s) 'example_task_group' retrieved from /home/airflow/.local/lib/python3.12/site-packages/airflow/example_dags/example_task_group.py
[2024-05-06T18:27:55.368+0000] {logging_mixin.py:188} INFO - [2024-05-06T18:27:55.367+0000] {dag.py:3096} INFO - Sync 1 DAGs
[2024-05-06T18:27:55.379+0000] {logging_mixin.py:188} INFO - [2024-05-06T18:27:55.379+0000] {dag.py:3954} INFO - Setting next_dagrun for example_task_group to 2024-05-05 00:00:00+00:00, run_after=2024-05-06 00:00:00+00:00
[2024-05-06T18:27:55.389+0000] {processor.py:183} INFO - Processing /home/airflow/.local/lib/python3.12/site-packages/airflow/example_dags/example_task_group.py took 0.045 seconds
[2024-05-06T18:28:25.910+0000] {processor.py:161} INFO - Started process (PID=3097) to work on /home/airflow/.local/lib/python3.12/site-packages/airflow/example_dags/example_task_group.py
[2024-05-06T18:28:25.911+0000] {processor.py:830} INFO - Processing file /home/airflow/.local/lib/python3.12/site-packages/airflow/example_dags/example_task_group.py for tasks to queue
[2024-05-06T18:28:25.913+0000] {logging_mixin.py:188} INFO - [2024-05-06T18:28:25.913+0000] {dagbag.py:540} INFO - Filling up the DagBag from /home/airflow/.local/lib/python3.12/site-packages/airflow/example_dags/example_task_group.py
[2024-05-06T18:28:25.916+0000] {processor.py:840} INFO - DAG(s) 'example_task_group' retrieved from /home/airflow/.local/lib/python3.12/site-packages/airflow/example_dags/example_task_group.py
[2024-05-06T18:28:25.927+0000] {logging_mixin.py:188} INFO - [2024-05-06T18:28:25.927+0000] {dag.py:3096} INFO - Sync 1 DAGs
[2024-05-06T18:28:25.937+0000] {logging_mixin.py:188} INFO - [2024-05-06T18:28:25.936+0000] {dag.py:3954} INFO - Setting next_dagrun for example_task_group to 2024-05-05 00:00:00+00:00, run_after=2024-05-06 00:00:00+00:00
[2024-05-06T18:28:25.944+0000] {processor.py:183} INFO - Processing /home/airflow/.local/lib/python3.12/site-packages/airflow/example_dags/example_task_group.py took 0.037 seconds
[2024-05-06T18:28:56.682+0000] {processor.py:161} INFO - Started process (PID=3155) to work on /home/airflow/.local/lib/python3.12/site-packages/airflow/example_dags/example_task_group.py
[2024-05-06T18:28:56.683+0000] {processor.py:830} INFO - Processing file /home/airflow/.local/lib/python3.12/site-packages/airflow/example_dags/example_task_group.py for tasks to queue
[2024-05-06T18:28:56.684+0000] {logging_mixin.py:188} INFO - [2024-05-06T18:28:56.684+0000] {dagbag.py:540} INFO - Filling up the DagBag from /home/airflow/.local/lib/python3.12/site-packages/airflow/example_dags/example_task_group.py
[2024-05-06T18:28:56.688+0000] {processor.py:840} INFO - DAG(s) 'example_task_group' retrieved from /home/airflow/.local/lib/python3.12/site-packages/airflow/example_dags/example_task_group.py
[2024-05-06T18:28:56.699+0000] {logging_mixin.py:188} INFO - [2024-05-06T18:28:56.699+0000] {dag.py:3096} INFO - Sync 1 DAGs
[2024-05-06T18:28:56.709+0000] {logging_mixin.py:188} INFO - [2024-05-06T18:28:56.709+0000] {dag.py:3954} INFO - Setting next_dagrun for example_task_group to 2024-05-05 00:00:00+00:00, run_after=2024-05-06 00:00:00+00:00
[2024-05-06T18:28:56.717+0000] {processor.py:183} INFO - Processing /home/airflow/.local/lib/python3.12/site-packages/airflow/example_dags/example_task_group.py took 0.037 seconds
[2024-05-06T18:29:27.424+0000] {processor.py:161} INFO - Started process (PID=3213) to work on /home/airflow/.local/lib/python3.12/site-packages/airflow/example_dags/example_task_group.py
[2024-05-06T18:29:27.425+0000] {processor.py:830} INFO - Processing file /home/airflow/.local/lib/python3.12/site-packages/airflow/example_dags/example_task_group.py for tasks to queue
[2024-05-06T18:29:27.426+0000] {logging_mixin.py:188} INFO - [2024-05-06T18:29:27.426+0000] {dagbag.py:540} INFO - Filling up the DagBag from /home/airflow/.local/lib/python3.12/site-packages/airflow/example_dags/example_task_group.py
[2024-05-06T18:29:27.430+0000] {processor.py:840} INFO - DAG(s) 'example_task_group' retrieved from /home/airflow/.local/lib/python3.12/site-packages/airflow/example_dags/example_task_group.py
[2024-05-06T18:29:27.441+0000] {logging_mixin.py:188} INFO - [2024-05-06T18:29:27.441+0000] {dag.py:3096} INFO - Sync 1 DAGs
[2024-05-06T18:29:27.454+0000] {logging_mixin.py:188} INFO - [2024-05-06T18:29:27.454+0000] {dag.py:3954} INFO - Setting next_dagrun for example_task_group to 2024-05-05 00:00:00+00:00, run_after=2024-05-06 00:00:00+00:00
[2024-05-06T18:29:27.464+0000] {processor.py:183} INFO - Processing /home/airflow/.local/lib/python3.12/site-packages/airflow/example_dags/example_task_group.py took 0.043 seconds
[2024-05-06T19:02:49.531+0000] {processor.py:161} INFO - Started process (PID=3265) to work on /home/airflow/.local/lib/python3.12/site-packages/airflow/example_dags/example_task_group.py
[2024-05-06T19:02:49.532+0000] {processor.py:830} INFO - Processing file /home/airflow/.local/lib/python3.12/site-packages/airflow/example_dags/example_task_group.py for tasks to queue
[2024-05-06T19:02:49.538+0000] {logging_mixin.py:188} INFO - [2024-05-06T19:02:49.537+0000] {dagbag.py:540} INFO - Filling up the DagBag from /home/airflow/.local/lib/python3.12/site-packages/airflow/example_dags/example_task_group.py
[2024-05-06T19:02:49.560+0000] {processor.py:840} INFO - DAG(s) 'example_task_group' retrieved from /home/airflow/.local/lib/python3.12/site-packages/airflow/example_dags/example_task_group.py
[2024-05-06T19:02:49.609+0000] {logging_mixin.py:188} INFO - [2024-05-06T19:02:49.609+0000] {dag.py:3096} INFO - Sync 1 DAGs
[2024-05-06T19:02:49.658+0000] {logging_mixin.py:188} INFO - [2024-05-06T19:02:49.658+0000] {dag.py:3954} INFO - Setting next_dagrun for example_task_group to 2024-05-05 00:00:00+00:00, run_after=2024-05-06 00:00:00+00:00
[2024-05-06T19:02:50.048+0000] {processor.py:183} INFO - Processing /home/airflow/.local/lib/python3.12/site-packages/airflow/example_dags/example_task_group.py took 0.527 seconds
[2024-05-06T19:24:25.596+0000] {processor.py:161} INFO - Started process (PID=3322) to work on /home/airflow/.local/lib/python3.12/site-packages/airflow/example_dags/example_task_group.py
[2024-05-06T19:24:25.599+0000] {processor.py:830} INFO - Processing file /home/airflow/.local/lib/python3.12/site-packages/airflow/example_dags/example_task_group.py for tasks to queue
[2024-05-06T19:24:25.605+0000] {logging_mixin.py:188} INFO - [2024-05-06T19:24:25.604+0000] {dagbag.py:540} INFO - Filling up the DagBag from /home/airflow/.local/lib/python3.12/site-packages/airflow/example_dags/example_task_group.py
[2024-05-06T19:24:25.622+0000] {processor.py:840} INFO - DAG(s) 'example_task_group' retrieved from /home/airflow/.local/lib/python3.12/site-packages/airflow/example_dags/example_task_group.py
[2024-05-06T19:24:25.658+0000] {logging_mixin.py:188} INFO - [2024-05-06T19:24:25.657+0000] {dag.py:3096} INFO - Sync 1 DAGs
[2024-05-06T19:24:25.681+0000] {logging_mixin.py:188} INFO - [2024-05-06T19:24:25.681+0000] {dag.py:3954} INFO - Setting next_dagrun for example_task_group to 2024-05-05 00:00:00+00:00, run_after=2024-05-06 00:00:00+00:00
[2024-05-06T19:24:25.707+0000] {processor.py:183} INFO - Processing /home/airflow/.local/lib/python3.12/site-packages/airflow/example_dags/example_task_group.py took 0.125 seconds
[2024-05-06T19:30:00.445+0000] {processor.py:161} INFO - Started process (PID=3380) to work on /home/airflow/.local/lib/python3.12/site-packages/airflow/example_dags/example_task_group.py
[2024-05-06T19:30:00.446+0000] {processor.py:830} INFO - Processing file /home/airflow/.local/lib/python3.12/site-packages/airflow/example_dags/example_task_group.py for tasks to queue
[2024-05-06T19:30:00.449+0000] {logging_mixin.py:188} INFO - [2024-05-06T19:30:00.449+0000] {dagbag.py:540} INFO - Filling up the DagBag from /home/airflow/.local/lib/python3.12/site-packages/airflow/example_dags/example_task_group.py
[2024-05-06T19:30:00.460+0000] {processor.py:840} INFO - DAG(s) 'example_task_group' retrieved from /home/airflow/.local/lib/python3.12/site-packages/airflow/example_dags/example_task_group.py
[2024-05-06T19:30:00.492+0000] {logging_mixin.py:188} INFO - [2024-05-06T19:30:00.492+0000] {dag.py:3096} INFO - Sync 1 DAGs
[2024-05-06T19:30:00.522+0000] {logging_mixin.py:188} INFO - [2024-05-06T19:30:00.522+0000] {dag.py:3954} INFO - Setting next_dagrun for example_task_group to 2024-05-05 00:00:00+00:00, run_after=2024-05-06 00:00:00+00:00
[2024-05-06T19:30:00.548+0000] {processor.py:183} INFO - Processing /home/airflow/.local/lib/python3.12/site-packages/airflow/example_dags/example_task_group.py took 0.113 seconds
[2024-05-06T19:34:20.867+0000] {processor.py:161} INFO - Started process (PID=3438) to work on /home/airflow/.local/lib/python3.12/site-packages/airflow/example_dags/example_task_group.py
[2024-05-06T19:34:20.868+0000] {processor.py:830} INFO - Processing file /home/airflow/.local/lib/python3.12/site-packages/airflow/example_dags/example_task_group.py for tasks to queue
[2024-05-06T19:34:20.869+0000] {logging_mixin.py:188} INFO - [2024-05-06T19:34:20.869+0000] {dagbag.py:540} INFO - Filling up the DagBag from /home/airflow/.local/lib/python3.12/site-packages/airflow/example_dags/example_task_group.py
[2024-05-06T19:34:20.873+0000] {processor.py:840} INFO - DAG(s) 'example_task_group' retrieved from /home/airflow/.local/lib/python3.12/site-packages/airflow/example_dags/example_task_group.py
[2024-05-06T19:34:20.883+0000] {logging_mixin.py:188} INFO - [2024-05-06T19:34:20.883+0000] {dag.py:3096} INFO - Sync 1 DAGs
[2024-05-06T19:34:20.894+0000] {logging_mixin.py:188} INFO - [2024-05-06T19:34:20.893+0000] {dag.py:3954} INFO - Setting next_dagrun for example_task_group to 2024-05-05 00:00:00+00:00, run_after=2024-05-06 00:00:00+00:00
[2024-05-06T19:34:20.901+0000] {processor.py:183} INFO - Processing /home/airflow/.local/lib/python3.12/site-packages/airflow/example_dags/example_task_group.py took 0.037 seconds
[2024-05-06T19:52:31.763+0000] {processor.py:161} INFO - Started process (PID=3495) to work on /home/airflow/.local/lib/python3.12/site-packages/airflow/example_dags/example_task_group.py
[2024-05-06T19:52:31.773+0000] {processor.py:830} INFO - Processing file /home/airflow/.local/lib/python3.12/site-packages/airflow/example_dags/example_task_group.py for tasks to queue
[2024-05-06T19:52:31.780+0000] {logging_mixin.py:188} INFO - [2024-05-06T19:52:31.779+0000] {dagbag.py:540} INFO - Filling up the DagBag from /home/airflow/.local/lib/python3.12/site-packages/airflow/example_dags/example_task_group.py
[2024-05-06T19:52:31.789+0000] {processor.py:840} INFO - DAG(s) 'example_task_group' retrieved from /home/airflow/.local/lib/python3.12/site-packages/airflow/example_dags/example_task_group.py
[2024-05-06T19:52:31.818+0000] {logging_mixin.py:188} INFO - [2024-05-06T19:52:31.818+0000] {dag.py:3096} INFO - Sync 1 DAGs
[2024-05-06T19:52:31.858+0000] {logging_mixin.py:188} INFO - [2024-05-06T19:52:31.858+0000] {dag.py:3954} INFO - Setting next_dagrun for example_task_group to 2024-05-05 00:00:00+00:00, run_after=2024-05-06 00:00:00+00:00
[2024-05-06T19:52:31.890+0000] {processor.py:183} INFO - Processing /home/airflow/.local/lib/python3.12/site-packages/airflow/example_dags/example_task_group.py took 0.140 seconds
