[2024-05-06T17:59:10.089+0000] {processor.py:161} INFO - Started process (PID=68) to work on /home/airflow/.local/lib/python3.12/site-packages/airflow/example_dags/example_display_name.py
[2024-05-06T17:59:10.090+0000] {processor.py:830} INFO - Processing file /home/airflow/.local/lib/python3.12/site-packages/airflow/example_dags/example_display_name.py for tasks to queue
[2024-05-06T17:59:10.091+0000] {logging_mixin.py:188} INFO - [2024-05-06T17:59:10.091+0000] {dagbag.py:540} INFO - Filling up the DagBag from /home/airflow/.local/lib/python3.12/site-packages/airflow/example_dags/example_display_name.py
[2024-05-06T17:59:10.096+0000] {processor.py:840} INFO - DAG(s) 'example_display_name' retrieved from /home/airflow/.local/lib/python3.12/site-packages/airflow/example_dags/example_display_name.py
[2024-05-06T17:59:10.155+0000] {logging_mixin.py:188} INFO - [2024-05-06T17:59:10.154+0000] {override.py:1829} INFO - Created Permission View: can delete on DAG:example_display_name
[2024-05-06T17:59:10.161+0000] {logging_mixin.py:188} INFO - [2024-05-06T17:59:10.161+0000] {override.py:1829} INFO - Created Permission View: can edit on DAG:example_display_name
[2024-05-06T17:59:10.164+0000] {logging_mixin.py:188} INFO - [2024-05-06T17:59:10.164+0000] {override.py:1829} INFO - Created Permission View: can read on DAG:example_display_name
[2024-05-06T17:59:10.164+0000] {logging_mixin.py:188} INFO - [2024-05-06T17:59:10.164+0000] {dag.py:3096} INFO - Sync 1 DAGs
[2024-05-06T17:59:10.171+0000] {logging_mixin.py:188} INFO - [2024-05-06T17:59:10.171+0000] {dag.py:3118} INFO - Creating ORM DAG for example_display_name
[2024-05-06T17:59:10.172+0000] {logging_mixin.py:188} INFO - [2024-05-06T17:59:10.172+0000] {dag.py:3954} INFO - Setting next_dagrun for example_display_name to None, run_after=None
[2024-05-06T17:59:10.180+0000] {processor.py:183} INFO - Processing /home/airflow/.local/lib/python3.12/site-packages/airflow/example_dags/example_display_name.py took 0.094 seconds
[2024-05-06T17:59:40.703+0000] {processor.py:161} INFO - Started process (PID=125) to work on /home/airflow/.local/lib/python3.12/site-packages/airflow/example_dags/example_display_name.py
[2024-05-06T17:59:40.704+0000] {processor.py:830} INFO - Processing file /home/airflow/.local/lib/python3.12/site-packages/airflow/example_dags/example_display_name.py for tasks to queue
[2024-05-06T17:59:40.705+0000] {logging_mixin.py:188} INFO - [2024-05-06T17:59:40.705+0000] {dagbag.py:540} INFO - Filling up the DagBag from /home/airflow/.local/lib/python3.12/site-packages/airflow/example_dags/example_display_name.py
[2024-05-06T17:59:40.708+0000] {processor.py:840} INFO - DAG(s) 'example_display_name' retrieved from /home/airflow/.local/lib/python3.12/site-packages/airflow/example_dags/example_display_name.py
[2024-05-06T17:59:40.717+0000] {logging_mixin.py:188} INFO - [2024-05-06T17:59:40.717+0000] {dag.py:3096} INFO - Sync 1 DAGs
[2024-05-06T17:59:40.723+0000] {logging_mixin.py:188} INFO - [2024-05-06T17:59:40.723+0000] {dag.py:3954} INFO - Setting next_dagrun for example_display_name to None, run_after=None
[2024-05-06T17:59:40.732+0000] {processor.py:183} INFO - Processing /home/airflow/.local/lib/python3.12/site-packages/airflow/example_dags/example_display_name.py took 0.031 seconds
[2024-05-06T18:00:11.368+0000] {processor.py:161} INFO - Started process (PID=183) to work on /home/airflow/.local/lib/python3.12/site-packages/airflow/example_dags/example_display_name.py
[2024-05-06T18:00:11.368+0000] {processor.py:830} INFO - Processing file /home/airflow/.local/lib/python3.12/site-packages/airflow/example_dags/example_display_name.py for tasks to queue
[2024-05-06T18:00:11.369+0000] {logging_mixin.py:188} INFO - [2024-05-06T18:00:11.369+0000] {dagbag.py:540} INFO - Filling up the DagBag from /home/airflow/.local/lib/python3.12/site-packages/airflow/example_dags/example_display_name.py
[2024-05-06T18:00:11.373+0000] {processor.py:840} INFO - DAG(s) 'example_display_name' retrieved from /home/airflow/.local/lib/python3.12/site-packages/airflow/example_dags/example_display_name.py
[2024-05-06T18:00:11.382+0000] {logging_mixin.py:188} INFO - [2024-05-06T18:00:11.382+0000] {dag.py:3096} INFO - Sync 1 DAGs
[2024-05-06T18:00:11.388+0000] {logging_mixin.py:188} INFO - [2024-05-06T18:00:11.388+0000] {dag.py:3954} INFO - Setting next_dagrun for example_display_name to None, run_after=None
[2024-05-06T18:00:11.396+0000] {processor.py:183} INFO - Processing /home/airflow/.local/lib/python3.12/site-packages/airflow/example_dags/example_display_name.py took 0.031 seconds
[2024-05-06T18:00:41.898+0000] {processor.py:161} INFO - Started process (PID=241) to work on /home/airflow/.local/lib/python3.12/site-packages/airflow/example_dags/example_display_name.py
[2024-05-06T18:00:41.899+0000] {processor.py:830} INFO - Processing file /home/airflow/.local/lib/python3.12/site-packages/airflow/example_dags/example_display_name.py for tasks to queue
[2024-05-06T18:00:41.900+0000] {logging_mixin.py:188} INFO - [2024-05-06T18:00:41.900+0000] {dagbag.py:540} INFO - Filling up the DagBag from /home/airflow/.local/lib/python3.12/site-packages/airflow/example_dags/example_display_name.py
[2024-05-06T18:00:41.903+0000] {processor.py:840} INFO - DAG(s) 'example_display_name' retrieved from /home/airflow/.local/lib/python3.12/site-packages/airflow/example_dags/example_display_name.py
[2024-05-06T18:00:41.914+0000] {logging_mixin.py:188} INFO - [2024-05-06T18:00:41.914+0000] {dag.py:3096} INFO - Sync 1 DAGs
[2024-05-06T18:00:41.921+0000] {logging_mixin.py:188} INFO - [2024-05-06T18:00:41.920+0000] {dag.py:3954} INFO - Setting next_dagrun for example_display_name to None, run_after=None
[2024-05-06T18:00:41.929+0000] {processor.py:183} INFO - Processing /home/airflow/.local/lib/python3.12/site-packages/airflow/example_dags/example_display_name.py took 0.034 seconds
[2024-05-06T18:01:12.501+0000] {processor.py:161} INFO - Started process (PID=299) to work on /home/airflow/.local/lib/python3.12/site-packages/airflow/example_dags/example_display_name.py
[2024-05-06T18:01:12.502+0000] {processor.py:830} INFO - Processing file /home/airflow/.local/lib/python3.12/site-packages/airflow/example_dags/example_display_name.py for tasks to queue
[2024-05-06T18:01:12.503+0000] {logging_mixin.py:188} INFO - [2024-05-06T18:01:12.502+0000] {dagbag.py:540} INFO - Filling up the DagBag from /home/airflow/.local/lib/python3.12/site-packages/airflow/example_dags/example_display_name.py
[2024-05-06T18:01:12.506+0000] {processor.py:840} INFO - DAG(s) 'example_display_name' retrieved from /home/airflow/.local/lib/python3.12/site-packages/airflow/example_dags/example_display_name.py
[2024-05-06T18:01:12.515+0000] {logging_mixin.py:188} INFO - [2024-05-06T18:01:12.515+0000] {dag.py:3096} INFO - Sync 1 DAGs
[2024-05-06T18:01:12.521+0000] {logging_mixin.py:188} INFO - [2024-05-06T18:01:12.521+0000] {dag.py:3954} INFO - Setting next_dagrun for example_display_name to None, run_after=None
[2024-05-06T18:01:12.530+0000] {processor.py:183} INFO - Processing /home/airflow/.local/lib/python3.12/site-packages/airflow/example_dags/example_display_name.py took 0.031 seconds
[2024-05-06T18:01:43.131+0000] {processor.py:161} INFO - Started process (PID=357) to work on /home/airflow/.local/lib/python3.12/site-packages/airflow/example_dags/example_display_name.py
[2024-05-06T18:01:43.131+0000] {processor.py:830} INFO - Processing file /home/airflow/.local/lib/python3.12/site-packages/airflow/example_dags/example_display_name.py for tasks to queue
[2024-05-06T18:01:43.132+0000] {logging_mixin.py:188} INFO - [2024-05-06T18:01:43.132+0000] {dagbag.py:540} INFO - Filling up the DagBag from /home/airflow/.local/lib/python3.12/site-packages/airflow/example_dags/example_display_name.py
[2024-05-06T18:01:43.135+0000] {processor.py:840} INFO - DAG(s) 'example_display_name' retrieved from /home/airflow/.local/lib/python3.12/site-packages/airflow/example_dags/example_display_name.py
[2024-05-06T18:01:43.144+0000] {logging_mixin.py:188} INFO - [2024-05-06T18:01:43.144+0000] {dag.py:3096} INFO - Sync 1 DAGs
[2024-05-06T18:01:43.150+0000] {logging_mixin.py:188} INFO - [2024-05-06T18:01:43.150+0000] {dag.py:3954} INFO - Setting next_dagrun for example_display_name to None, run_after=None
[2024-05-06T18:01:43.158+0000] {processor.py:183} INFO - Processing /home/airflow/.local/lib/python3.12/site-packages/airflow/example_dags/example_display_name.py took 0.030 seconds
[2024-05-06T18:02:13.782+0000] {processor.py:161} INFO - Started process (PID=415) to work on /home/airflow/.local/lib/python3.12/site-packages/airflow/example_dags/example_display_name.py
[2024-05-06T18:02:13.782+0000] {processor.py:830} INFO - Processing file /home/airflow/.local/lib/python3.12/site-packages/airflow/example_dags/example_display_name.py for tasks to queue
[2024-05-06T18:02:13.783+0000] {logging_mixin.py:188} INFO - [2024-05-06T18:02:13.783+0000] {dagbag.py:540} INFO - Filling up the DagBag from /home/airflow/.local/lib/python3.12/site-packages/airflow/example_dags/example_display_name.py
[2024-05-06T18:02:13.786+0000] {processor.py:840} INFO - DAG(s) 'example_display_name' retrieved from /home/airflow/.local/lib/python3.12/site-packages/airflow/example_dags/example_display_name.py
[2024-05-06T18:02:13.796+0000] {logging_mixin.py:188} INFO - [2024-05-06T18:02:13.795+0000] {dag.py:3096} INFO - Sync 1 DAGs
[2024-05-06T18:02:13.801+0000] {logging_mixin.py:188} INFO - [2024-05-06T18:02:13.801+0000] {dag.py:3954} INFO - Setting next_dagrun for example_display_name to None, run_after=None
[2024-05-06T18:02:13.810+0000] {processor.py:183} INFO - Processing /home/airflow/.local/lib/python3.12/site-packages/airflow/example_dags/example_display_name.py took 0.031 seconds
[2024-05-06T18:02:44.389+0000] {processor.py:161} INFO - Started process (PID=473) to work on /home/airflow/.local/lib/python3.12/site-packages/airflow/example_dags/example_display_name.py
[2024-05-06T18:02:44.390+0000] {processor.py:830} INFO - Processing file /home/airflow/.local/lib/python3.12/site-packages/airflow/example_dags/example_display_name.py for tasks to queue
[2024-05-06T18:02:44.391+0000] {logging_mixin.py:188} INFO - [2024-05-06T18:02:44.390+0000] {dagbag.py:540} INFO - Filling up the DagBag from /home/airflow/.local/lib/python3.12/site-packages/airflow/example_dags/example_display_name.py
[2024-05-06T18:02:44.394+0000] {processor.py:840} INFO - DAG(s) 'example_display_name' retrieved from /home/airflow/.local/lib/python3.12/site-packages/airflow/example_dags/example_display_name.py
[2024-05-06T18:02:44.403+0000] {logging_mixin.py:188} INFO - [2024-05-06T18:02:44.403+0000] {dag.py:3096} INFO - Sync 1 DAGs
[2024-05-06T18:02:44.409+0000] {logging_mixin.py:188} INFO - [2024-05-06T18:02:44.408+0000] {dag.py:3954} INFO - Setting next_dagrun for example_display_name to None, run_after=None
[2024-05-06T18:02:44.417+0000] {processor.py:183} INFO - Processing /home/airflow/.local/lib/python3.12/site-packages/airflow/example_dags/example_display_name.py took 0.031 seconds
[2024-05-06T18:03:14.943+0000] {processor.py:161} INFO - Started process (PID=531) to work on /home/airflow/.local/lib/python3.12/site-packages/airflow/example_dags/example_display_name.py
[2024-05-06T18:03:14.943+0000] {processor.py:830} INFO - Processing file /home/airflow/.local/lib/python3.12/site-packages/airflow/example_dags/example_display_name.py for tasks to queue
[2024-05-06T18:03:14.944+0000] {logging_mixin.py:188} INFO - [2024-05-06T18:03:14.944+0000] {dagbag.py:540} INFO - Filling up the DagBag from /home/airflow/.local/lib/python3.12/site-packages/airflow/example_dags/example_display_name.py
[2024-05-06T18:03:14.948+0000] {processor.py:840} INFO - DAG(s) 'example_display_name' retrieved from /home/airflow/.local/lib/python3.12/site-packages/airflow/example_dags/example_display_name.py
[2024-05-06T18:03:14.957+0000] {logging_mixin.py:188} INFO - [2024-05-06T18:03:14.957+0000] {dag.py:3096} INFO - Sync 1 DAGs
[2024-05-06T18:03:14.963+0000] {logging_mixin.py:188} INFO - [2024-05-06T18:03:14.963+0000] {dag.py:3954} INFO - Setting next_dagrun for example_display_name to None, run_after=None
[2024-05-06T18:03:14.972+0000] {processor.py:183} INFO - Processing /home/airflow/.local/lib/python3.12/site-packages/airflow/example_dags/example_display_name.py took 0.032 seconds
[2024-05-06T18:03:45.527+0000] {processor.py:161} INFO - Started process (PID=589) to work on /home/airflow/.local/lib/python3.12/site-packages/airflow/example_dags/example_display_name.py
[2024-05-06T18:03:45.528+0000] {processor.py:830} INFO - Processing file /home/airflow/.local/lib/python3.12/site-packages/airflow/example_dags/example_display_name.py for tasks to queue
[2024-05-06T18:03:45.529+0000] {logging_mixin.py:188} INFO - [2024-05-06T18:03:45.528+0000] {dagbag.py:540} INFO - Filling up the DagBag from /home/airflow/.local/lib/python3.12/site-packages/airflow/example_dags/example_display_name.py
[2024-05-06T18:03:45.532+0000] {processor.py:840} INFO - DAG(s) 'example_display_name' retrieved from /home/airflow/.local/lib/python3.12/site-packages/airflow/example_dags/example_display_name.py
[2024-05-06T18:03:45.541+0000] {logging_mixin.py:188} INFO - [2024-05-06T18:03:45.541+0000] {dag.py:3096} INFO - Sync 1 DAGs
[2024-05-06T18:03:45.547+0000] {logging_mixin.py:188} INFO - [2024-05-06T18:03:45.547+0000] {dag.py:3954} INFO - Setting next_dagrun for example_display_name to None, run_after=None
[2024-05-06T18:03:45.555+0000] {processor.py:183} INFO - Processing /home/airflow/.local/lib/python3.12/site-packages/airflow/example_dags/example_display_name.py took 0.031 seconds
[2024-05-06T18:04:16.200+0000] {processor.py:161} INFO - Started process (PID=647) to work on /home/airflow/.local/lib/python3.12/site-packages/airflow/example_dags/example_display_name.py
[2024-05-06T18:04:16.201+0000] {processor.py:830} INFO - Processing file /home/airflow/.local/lib/python3.12/site-packages/airflow/example_dags/example_display_name.py for tasks to queue
[2024-05-06T18:04:16.202+0000] {logging_mixin.py:188} INFO - [2024-05-06T18:04:16.201+0000] {dagbag.py:540} INFO - Filling up the DagBag from /home/airflow/.local/lib/python3.12/site-packages/airflow/example_dags/example_display_name.py
[2024-05-06T18:04:16.205+0000] {processor.py:840} INFO - DAG(s) 'example_display_name' retrieved from /home/airflow/.local/lib/python3.12/site-packages/airflow/example_dags/example_display_name.py
[2024-05-06T18:04:16.214+0000] {logging_mixin.py:188} INFO - [2024-05-06T18:04:16.214+0000] {dag.py:3096} INFO - Sync 1 DAGs
[2024-05-06T18:04:16.220+0000] {logging_mixin.py:188} INFO - [2024-05-06T18:04:16.220+0000] {dag.py:3954} INFO - Setting next_dagrun for example_display_name to None, run_after=None
[2024-05-06T18:04:16.228+0000] {processor.py:183} INFO - Processing /home/airflow/.local/lib/python3.12/site-packages/airflow/example_dags/example_display_name.py took 0.031 seconds
[2024-05-06T18:04:46.777+0000] {processor.py:161} INFO - Started process (PID=705) to work on /home/airflow/.local/lib/python3.12/site-packages/airflow/example_dags/example_display_name.py
[2024-05-06T18:04:46.777+0000] {processor.py:830} INFO - Processing file /home/airflow/.local/lib/python3.12/site-packages/airflow/example_dags/example_display_name.py for tasks to queue
[2024-05-06T18:04:46.778+0000] {logging_mixin.py:188} INFO - [2024-05-06T18:04:46.778+0000] {dagbag.py:540} INFO - Filling up the DagBag from /home/airflow/.local/lib/python3.12/site-packages/airflow/example_dags/example_display_name.py
[2024-05-06T18:04:46.781+0000] {processor.py:840} INFO - DAG(s) 'example_display_name' retrieved from /home/airflow/.local/lib/python3.12/site-packages/airflow/example_dags/example_display_name.py
[2024-05-06T18:04:46.791+0000] {logging_mixin.py:188} INFO - [2024-05-06T18:04:46.791+0000] {dag.py:3096} INFO - Sync 1 DAGs
[2024-05-06T18:04:46.797+0000] {logging_mixin.py:188} INFO - [2024-05-06T18:04:46.797+0000] {dag.py:3954} INFO - Setting next_dagrun for example_display_name to None, run_after=None
[2024-05-06T18:04:46.805+0000] {processor.py:183} INFO - Processing /home/airflow/.local/lib/python3.12/site-packages/airflow/example_dags/example_display_name.py took 0.031 seconds
[2024-05-06T18:05:17.388+0000] {processor.py:161} INFO - Started process (PID=763) to work on /home/airflow/.local/lib/python3.12/site-packages/airflow/example_dags/example_display_name.py
[2024-05-06T18:05:17.389+0000] {processor.py:830} INFO - Processing file /home/airflow/.local/lib/python3.12/site-packages/airflow/example_dags/example_display_name.py for tasks to queue
[2024-05-06T18:05:17.390+0000] {logging_mixin.py:188} INFO - [2024-05-06T18:05:17.389+0000] {dagbag.py:540} INFO - Filling up the DagBag from /home/airflow/.local/lib/python3.12/site-packages/airflow/example_dags/example_display_name.py
[2024-05-06T18:05:17.393+0000] {processor.py:840} INFO - DAG(s) 'example_display_name' retrieved from /home/airflow/.local/lib/python3.12/site-packages/airflow/example_dags/example_display_name.py
[2024-05-06T18:05:17.402+0000] {logging_mixin.py:188} INFO - [2024-05-06T18:05:17.402+0000] {dag.py:3096} INFO - Sync 1 DAGs
[2024-05-06T18:05:17.408+0000] {logging_mixin.py:188} INFO - [2024-05-06T18:05:17.408+0000] {dag.py:3954} INFO - Setting next_dagrun for example_display_name to None, run_after=None
[2024-05-06T18:05:17.416+0000] {processor.py:183} INFO - Processing /home/airflow/.local/lib/python3.12/site-packages/airflow/example_dags/example_display_name.py took 0.031 seconds
[2024-05-06T18:05:48.128+0000] {processor.py:161} INFO - Started process (PID=821) to work on /home/airflow/.local/lib/python3.12/site-packages/airflow/example_dags/example_display_name.py
[2024-05-06T18:05:48.129+0000] {processor.py:830} INFO - Processing file /home/airflow/.local/lib/python3.12/site-packages/airflow/example_dags/example_display_name.py for tasks to queue
[2024-05-06T18:05:48.130+0000] {logging_mixin.py:188} INFO - [2024-05-06T18:05:48.130+0000] {dagbag.py:540} INFO - Filling up the DagBag from /home/airflow/.local/lib/python3.12/site-packages/airflow/example_dags/example_display_name.py
[2024-05-06T18:05:48.133+0000] {processor.py:840} INFO - DAG(s) 'example_display_name' retrieved from /home/airflow/.local/lib/python3.12/site-packages/airflow/example_dags/example_display_name.py
[2024-05-06T18:05:48.143+0000] {logging_mixin.py:188} INFO - [2024-05-06T18:05:48.142+0000] {dag.py:3096} INFO - Sync 1 DAGs
[2024-05-06T18:05:48.149+0000] {logging_mixin.py:188} INFO - [2024-05-06T18:05:48.148+0000] {dag.py:3954} INFO - Setting next_dagrun for example_display_name to None, run_after=None
[2024-05-06T18:05:48.157+0000] {processor.py:183} INFO - Processing /home/airflow/.local/lib/python3.12/site-packages/airflow/example_dags/example_display_name.py took 0.031 seconds
[2024-05-06T18:06:18.229+0000] {processor.py:161} INFO - Started process (PID=879) to work on /home/airflow/.local/lib/python3.12/site-packages/airflow/example_dags/example_display_name.py
[2024-05-06T18:06:18.229+0000] {processor.py:830} INFO - Processing file /home/airflow/.local/lib/python3.12/site-packages/airflow/example_dags/example_display_name.py for tasks to queue
[2024-05-06T18:06:18.230+0000] {logging_mixin.py:188} INFO - [2024-05-06T18:06:18.230+0000] {dagbag.py:540} INFO - Filling up the DagBag from /home/airflow/.local/lib/python3.12/site-packages/airflow/example_dags/example_display_name.py
[2024-05-06T18:06:18.234+0000] {processor.py:840} INFO - DAG(s) 'example_display_name' retrieved from /home/airflow/.local/lib/python3.12/site-packages/airflow/example_dags/example_display_name.py
[2024-05-06T18:06:18.243+0000] {logging_mixin.py:188} INFO - [2024-05-06T18:06:18.243+0000] {dag.py:3096} INFO - Sync 1 DAGs
[2024-05-06T18:06:18.249+0000] {logging_mixin.py:188} INFO - [2024-05-06T18:06:18.249+0000] {dag.py:3954} INFO - Setting next_dagrun for example_display_name to None, run_after=None
[2024-05-06T18:06:18.257+0000] {processor.py:183} INFO - Processing /home/airflow/.local/lib/python3.12/site-packages/airflow/example_dags/example_display_name.py took 0.032 seconds
[2024-05-06T18:08:01.626+0000] {processor.py:161} INFO - Started process (PID=937) to work on /home/airflow/.local/lib/python3.12/site-packages/airflow/example_dags/example_display_name.py
[2024-05-06T18:08:01.627+0000] {processor.py:830} INFO - Processing file /home/airflow/.local/lib/python3.12/site-packages/airflow/example_dags/example_display_name.py for tasks to queue
[2024-05-06T18:08:01.628+0000] {logging_mixin.py:188} INFO - [2024-05-06T18:08:01.628+0000] {dagbag.py:540} INFO - Filling up the DagBag from /home/airflow/.local/lib/python3.12/site-packages/airflow/example_dags/example_display_name.py
[2024-05-06T18:08:01.631+0000] {processor.py:840} INFO - DAG(s) 'example_display_name' retrieved from /home/airflow/.local/lib/python3.12/site-packages/airflow/example_dags/example_display_name.py
[2024-05-06T18:08:01.641+0000] {logging_mixin.py:188} INFO - [2024-05-06T18:08:01.641+0000] {dag.py:3096} INFO - Sync 1 DAGs
[2024-05-06T18:08:01.648+0000] {logging_mixin.py:188} INFO - [2024-05-06T18:08:01.647+0000] {dag.py:3954} INFO - Setting next_dagrun for example_display_name to None, run_after=None
[2024-05-06T18:08:01.744+0000] {processor.py:183} INFO - Processing /home/airflow/.local/lib/python3.12/site-packages/airflow/example_dags/example_display_name.py took 0.120 seconds
[2024-05-06T18:08:32.134+0000] {processor.py:161} INFO - Started process (PID=995) to work on /home/airflow/.local/lib/python3.12/site-packages/airflow/example_dags/example_display_name.py
[2024-05-06T18:08:32.135+0000] {processor.py:830} INFO - Processing file /home/airflow/.local/lib/python3.12/site-packages/airflow/example_dags/example_display_name.py for tasks to queue
[2024-05-06T18:08:32.136+0000] {logging_mixin.py:188} INFO - [2024-05-06T18:08:32.135+0000] {dagbag.py:540} INFO - Filling up the DagBag from /home/airflow/.local/lib/python3.12/site-packages/airflow/example_dags/example_display_name.py
[2024-05-06T18:08:32.139+0000] {processor.py:840} INFO - DAG(s) 'example_display_name' retrieved from /home/airflow/.local/lib/python3.12/site-packages/airflow/example_dags/example_display_name.py
[2024-05-06T18:08:32.148+0000] {logging_mixin.py:188} INFO - [2024-05-06T18:08:32.148+0000] {dag.py:3096} INFO - Sync 1 DAGs
[2024-05-06T18:08:32.154+0000] {logging_mixin.py:188} INFO - [2024-05-06T18:08:32.154+0000] {dag.py:3954} INFO - Setting next_dagrun for example_display_name to None, run_after=None
[2024-05-06T18:08:32.162+0000] {processor.py:183} INFO - Processing /home/airflow/.local/lib/python3.12/site-packages/airflow/example_dags/example_display_name.py took 0.031 seconds
[2024-05-06T18:09:02.200+0000] {processor.py:161} INFO - Started process (PID=1053) to work on /home/airflow/.local/lib/python3.12/site-packages/airflow/example_dags/example_display_name.py
[2024-05-06T18:09:02.200+0000] {processor.py:830} INFO - Processing file /home/airflow/.local/lib/python3.12/site-packages/airflow/example_dags/example_display_name.py for tasks to queue
[2024-05-06T18:09:02.202+0000] {logging_mixin.py:188} INFO - [2024-05-06T18:09:02.201+0000] {dagbag.py:540} INFO - Filling up the DagBag from /home/airflow/.local/lib/python3.12/site-packages/airflow/example_dags/example_display_name.py
[2024-05-06T18:09:02.205+0000] {processor.py:840} INFO - DAG(s) 'example_display_name' retrieved from /home/airflow/.local/lib/python3.12/site-packages/airflow/example_dags/example_display_name.py
[2024-05-06T18:09:02.214+0000] {logging_mixin.py:188} INFO - [2024-05-06T18:09:02.214+0000] {dag.py:3096} INFO - Sync 1 DAGs
[2024-05-06T18:09:02.220+0000] {logging_mixin.py:188} INFO - [2024-05-06T18:09:02.220+0000] {dag.py:3954} INFO - Setting next_dagrun for example_display_name to None, run_after=None
[2024-05-06T18:09:02.228+0000] {processor.py:183} INFO - Processing /home/airflow/.local/lib/python3.12/site-packages/airflow/example_dags/example_display_name.py took 0.032 seconds
[2024-05-06T18:09:32.834+0000] {processor.py:161} INFO - Started process (PID=1111) to work on /home/airflow/.local/lib/python3.12/site-packages/airflow/example_dags/example_display_name.py
[2024-05-06T18:09:32.834+0000] {processor.py:830} INFO - Processing file /home/airflow/.local/lib/python3.12/site-packages/airflow/example_dags/example_display_name.py for tasks to queue
[2024-05-06T18:09:32.835+0000] {logging_mixin.py:188} INFO - [2024-05-06T18:09:32.835+0000] {dagbag.py:540} INFO - Filling up the DagBag from /home/airflow/.local/lib/python3.12/site-packages/airflow/example_dags/example_display_name.py
[2024-05-06T18:09:32.838+0000] {processor.py:840} INFO - DAG(s) 'example_display_name' retrieved from /home/airflow/.local/lib/python3.12/site-packages/airflow/example_dags/example_display_name.py
[2024-05-06T18:09:32.848+0000] {logging_mixin.py:188} INFO - [2024-05-06T18:09:32.848+0000] {dag.py:3096} INFO - Sync 1 DAGs
[2024-05-06T18:09:32.853+0000] {logging_mixin.py:188} INFO - [2024-05-06T18:09:32.853+0000] {dag.py:3954} INFO - Setting next_dagrun for example_display_name to None, run_after=None
[2024-05-06T18:09:32.862+0000] {processor.py:183} INFO - Processing /home/airflow/.local/lib/python3.12/site-packages/airflow/example_dags/example_display_name.py took 0.031 seconds
[2024-05-06T18:10:03.450+0000] {processor.py:161} INFO - Started process (PID=1169) to work on /home/airflow/.local/lib/python3.12/site-packages/airflow/example_dags/example_display_name.py
[2024-05-06T18:10:03.450+0000] {processor.py:830} INFO - Processing file /home/airflow/.local/lib/python3.12/site-packages/airflow/example_dags/example_display_name.py for tasks to queue
[2024-05-06T18:10:03.451+0000] {logging_mixin.py:188} INFO - [2024-05-06T18:10:03.451+0000] {dagbag.py:540} INFO - Filling up the DagBag from /home/airflow/.local/lib/python3.12/site-packages/airflow/example_dags/example_display_name.py
[2024-05-06T18:10:03.454+0000] {processor.py:840} INFO - DAG(s) 'example_display_name' retrieved from /home/airflow/.local/lib/python3.12/site-packages/airflow/example_dags/example_display_name.py
[2024-05-06T18:10:03.464+0000] {logging_mixin.py:188} INFO - [2024-05-06T18:10:03.464+0000] {dag.py:3096} INFO - Sync 1 DAGs
[2024-05-06T18:10:03.469+0000] {logging_mixin.py:188} INFO - [2024-05-06T18:10:03.469+0000] {dag.py:3954} INFO - Setting next_dagrun for example_display_name to None, run_after=None
[2024-05-06T18:10:03.478+0000] {processor.py:183} INFO - Processing /home/airflow/.local/lib/python3.12/site-packages/airflow/example_dags/example_display_name.py took 0.031 seconds
[2024-05-06T18:10:34.074+0000] {processor.py:161} INFO - Started process (PID=1227) to work on /home/airflow/.local/lib/python3.12/site-packages/airflow/example_dags/example_display_name.py
[2024-05-06T18:10:34.075+0000] {processor.py:830} INFO - Processing file /home/airflow/.local/lib/python3.12/site-packages/airflow/example_dags/example_display_name.py for tasks to queue
[2024-05-06T18:10:34.076+0000] {logging_mixin.py:188} INFO - [2024-05-06T18:10:34.075+0000] {dagbag.py:540} INFO - Filling up the DagBag from /home/airflow/.local/lib/python3.12/site-packages/airflow/example_dags/example_display_name.py
[2024-05-06T18:10:34.079+0000] {processor.py:840} INFO - DAG(s) 'example_display_name' retrieved from /home/airflow/.local/lib/python3.12/site-packages/airflow/example_dags/example_display_name.py
[2024-05-06T18:10:34.088+0000] {logging_mixin.py:188} INFO - [2024-05-06T18:10:34.088+0000] {dag.py:3096} INFO - Sync 1 DAGs
[2024-05-06T18:10:34.094+0000] {logging_mixin.py:188} INFO - [2024-05-06T18:10:34.094+0000] {dag.py:3954} INFO - Setting next_dagrun for example_display_name to None, run_after=None
[2024-05-06T18:10:34.102+0000] {processor.py:183} INFO - Processing /home/airflow/.local/lib/python3.12/site-packages/airflow/example_dags/example_display_name.py took 0.031 seconds
[2024-05-06T18:11:04.633+0000] {processor.py:161} INFO - Started process (PID=1285) to work on /home/airflow/.local/lib/python3.12/site-packages/airflow/example_dags/example_display_name.py
[2024-05-06T18:11:04.634+0000] {processor.py:830} INFO - Processing file /home/airflow/.local/lib/python3.12/site-packages/airflow/example_dags/example_display_name.py for tasks to queue
[2024-05-06T18:11:04.635+0000] {logging_mixin.py:188} INFO - [2024-05-06T18:11:04.635+0000] {dagbag.py:540} INFO - Filling up the DagBag from /home/airflow/.local/lib/python3.12/site-packages/airflow/example_dags/example_display_name.py
[2024-05-06T18:11:04.638+0000] {processor.py:840} INFO - DAG(s) 'example_display_name' retrieved from /home/airflow/.local/lib/python3.12/site-packages/airflow/example_dags/example_display_name.py
[2024-05-06T18:11:04.648+0000] {logging_mixin.py:188} INFO - [2024-05-06T18:11:04.648+0000] {dag.py:3096} INFO - Sync 1 DAGs
[2024-05-06T18:11:04.654+0000] {logging_mixin.py:188} INFO - [2024-05-06T18:11:04.654+0000] {dag.py:3954} INFO - Setting next_dagrun for example_display_name to None, run_after=None
[2024-05-06T18:11:04.663+0000] {processor.py:183} INFO - Processing /home/airflow/.local/lib/python3.12/site-packages/airflow/example_dags/example_display_name.py took 0.033 seconds
[2024-05-06T18:11:35.257+0000] {processor.py:161} INFO - Started process (PID=1342) to work on /home/airflow/.local/lib/python3.12/site-packages/airflow/example_dags/example_display_name.py
[2024-05-06T18:11:35.257+0000] {processor.py:830} INFO - Processing file /home/airflow/.local/lib/python3.12/site-packages/airflow/example_dags/example_display_name.py for tasks to queue
[2024-05-06T18:11:35.258+0000] {logging_mixin.py:188} INFO - [2024-05-06T18:11:35.258+0000] {dagbag.py:540} INFO - Filling up the DagBag from /home/airflow/.local/lib/python3.12/site-packages/airflow/example_dags/example_display_name.py
[2024-05-06T18:11:35.261+0000] {processor.py:840} INFO - DAG(s) 'example_display_name' retrieved from /home/airflow/.local/lib/python3.12/site-packages/airflow/example_dags/example_display_name.py
[2024-05-06T18:11:35.271+0000] {logging_mixin.py:188} INFO - [2024-05-06T18:11:35.271+0000] {dag.py:3096} INFO - Sync 1 DAGs
[2024-05-06T18:11:35.277+0000] {logging_mixin.py:188} INFO - [2024-05-06T18:11:35.277+0000] {dag.py:3954} INFO - Setting next_dagrun for example_display_name to None, run_after=None
[2024-05-06T18:11:35.286+0000] {processor.py:183} INFO - Processing /home/airflow/.local/lib/python3.12/site-packages/airflow/example_dags/example_display_name.py took 0.032 seconds
[2024-05-06T18:12:05.841+0000] {processor.py:161} INFO - Started process (PID=1399) to work on /home/airflow/.local/lib/python3.12/site-packages/airflow/example_dags/example_display_name.py
[2024-05-06T18:12:05.841+0000] {processor.py:830} INFO - Processing file /home/airflow/.local/lib/python3.12/site-packages/airflow/example_dags/example_display_name.py for tasks to queue
[2024-05-06T18:12:05.843+0000] {logging_mixin.py:188} INFO - [2024-05-06T18:12:05.842+0000] {dagbag.py:540} INFO - Filling up the DagBag from /home/airflow/.local/lib/python3.12/site-packages/airflow/example_dags/example_display_name.py
[2024-05-06T18:12:05.846+0000] {processor.py:840} INFO - DAG(s) 'example_display_name' retrieved from /home/airflow/.local/lib/python3.12/site-packages/airflow/example_dags/example_display_name.py
[2024-05-06T18:12:05.856+0000] {logging_mixin.py:188} INFO - [2024-05-06T18:12:05.855+0000] {dag.py:3096} INFO - Sync 1 DAGs
[2024-05-06T18:12:05.862+0000] {logging_mixin.py:188} INFO - [2024-05-06T18:12:05.862+0000] {dag.py:3954} INFO - Setting next_dagrun for example_display_name to None, run_after=None
[2024-05-06T18:12:05.870+0000] {processor.py:183} INFO - Processing /home/airflow/.local/lib/python3.12/site-packages/airflow/example_dags/example_display_name.py took 0.032 seconds
[2024-05-06T18:12:36.410+0000] {processor.py:161} INFO - Started process (PID=1457) to work on /home/airflow/.local/lib/python3.12/site-packages/airflow/example_dags/example_display_name.py
[2024-05-06T18:12:36.411+0000] {processor.py:830} INFO - Processing file /home/airflow/.local/lib/python3.12/site-packages/airflow/example_dags/example_display_name.py for tasks to queue
[2024-05-06T18:12:36.412+0000] {logging_mixin.py:188} INFO - [2024-05-06T18:12:36.412+0000] {dagbag.py:540} INFO - Filling up the DagBag from /home/airflow/.local/lib/python3.12/site-packages/airflow/example_dags/example_display_name.py
[2024-05-06T18:12:36.415+0000] {processor.py:840} INFO - DAG(s) 'example_display_name' retrieved from /home/airflow/.local/lib/python3.12/site-packages/airflow/example_dags/example_display_name.py
[2024-05-06T18:12:36.425+0000] {logging_mixin.py:188} INFO - [2024-05-06T18:12:36.425+0000] {dag.py:3096} INFO - Sync 1 DAGs
[2024-05-06T18:12:36.431+0000] {logging_mixin.py:188} INFO - [2024-05-06T18:12:36.431+0000] {dag.py:3954} INFO - Setting next_dagrun for example_display_name to None, run_after=None
[2024-05-06T18:12:36.440+0000] {processor.py:183} INFO - Processing /home/airflow/.local/lib/python3.12/site-packages/airflow/example_dags/example_display_name.py took 0.032 seconds
[2024-05-06T18:13:07.012+0000] {processor.py:161} INFO - Started process (PID=1515) to work on /home/airflow/.local/lib/python3.12/site-packages/airflow/example_dags/example_display_name.py
[2024-05-06T18:13:07.013+0000] {processor.py:830} INFO - Processing file /home/airflow/.local/lib/python3.12/site-packages/airflow/example_dags/example_display_name.py for tasks to queue
[2024-05-06T18:13:07.014+0000] {logging_mixin.py:188} INFO - [2024-05-06T18:13:07.014+0000] {dagbag.py:540} INFO - Filling up the DagBag from /home/airflow/.local/lib/python3.12/site-packages/airflow/example_dags/example_display_name.py
[2024-05-06T18:13:07.017+0000] {processor.py:840} INFO - DAG(s) 'example_display_name' retrieved from /home/airflow/.local/lib/python3.12/site-packages/airflow/example_dags/example_display_name.py
[2024-05-06T18:13:07.027+0000] {logging_mixin.py:188} INFO - [2024-05-06T18:13:07.026+0000] {dag.py:3096} INFO - Sync 1 DAGs
[2024-05-06T18:13:07.032+0000] {logging_mixin.py:188} INFO - [2024-05-06T18:13:07.032+0000] {dag.py:3954} INFO - Setting next_dagrun for example_display_name to None, run_after=None
[2024-05-06T18:13:07.041+0000] {processor.py:183} INFO - Processing /home/airflow/.local/lib/python3.12/site-packages/airflow/example_dags/example_display_name.py took 0.031 seconds
[2024-05-06T18:13:37.595+0000] {processor.py:161} INFO - Started process (PID=1573) to work on /home/airflow/.local/lib/python3.12/site-packages/airflow/example_dags/example_display_name.py
[2024-05-06T18:13:37.596+0000] {processor.py:830} INFO - Processing file /home/airflow/.local/lib/python3.12/site-packages/airflow/example_dags/example_display_name.py for tasks to queue
[2024-05-06T18:13:37.597+0000] {logging_mixin.py:188} INFO - [2024-05-06T18:13:37.596+0000] {dagbag.py:540} INFO - Filling up the DagBag from /home/airflow/.local/lib/python3.12/site-packages/airflow/example_dags/example_display_name.py
[2024-05-06T18:13:37.600+0000] {processor.py:840} INFO - DAG(s) 'example_display_name' retrieved from /home/airflow/.local/lib/python3.12/site-packages/airflow/example_dags/example_display_name.py
[2024-05-06T18:13:37.609+0000] {logging_mixin.py:188} INFO - [2024-05-06T18:13:37.609+0000] {dag.py:3096} INFO - Sync 1 DAGs
[2024-05-06T18:13:37.615+0000] {logging_mixin.py:188} INFO - [2024-05-06T18:13:37.615+0000] {dag.py:3954} INFO - Setting next_dagrun for example_display_name to None, run_after=None
[2024-05-06T18:13:37.624+0000] {processor.py:183} INFO - Processing /home/airflow/.local/lib/python3.12/site-packages/airflow/example_dags/example_display_name.py took 0.032 seconds
[2024-05-06T18:14:08.198+0000] {processor.py:161} INFO - Started process (PID=1631) to work on /home/airflow/.local/lib/python3.12/site-packages/airflow/example_dags/example_display_name.py
[2024-05-06T18:14:08.199+0000] {processor.py:830} INFO - Processing file /home/airflow/.local/lib/python3.12/site-packages/airflow/example_dags/example_display_name.py for tasks to queue
[2024-05-06T18:14:08.200+0000] {logging_mixin.py:188} INFO - [2024-05-06T18:14:08.200+0000] {dagbag.py:540} INFO - Filling up the DagBag from /home/airflow/.local/lib/python3.12/site-packages/airflow/example_dags/example_display_name.py
[2024-05-06T18:14:08.204+0000] {processor.py:840} INFO - DAG(s) 'example_display_name' retrieved from /home/airflow/.local/lib/python3.12/site-packages/airflow/example_dags/example_display_name.py
[2024-05-06T18:14:08.214+0000] {logging_mixin.py:188} INFO - [2024-05-06T18:14:08.214+0000] {dag.py:3096} INFO - Sync 1 DAGs
[2024-05-06T18:14:08.220+0000] {logging_mixin.py:188} INFO - [2024-05-06T18:14:08.220+0000] {dag.py:3954} INFO - Setting next_dagrun for example_display_name to None, run_after=None
[2024-05-06T18:14:08.228+0000] {processor.py:183} INFO - Processing /home/airflow/.local/lib/python3.12/site-packages/airflow/example_dags/example_display_name.py took 0.033 seconds
[2024-05-06T18:14:38.729+0000] {processor.py:161} INFO - Started process (PID=1689) to work on /home/airflow/.local/lib/python3.12/site-packages/airflow/example_dags/example_display_name.py
[2024-05-06T18:14:38.729+0000] {processor.py:830} INFO - Processing file /home/airflow/.local/lib/python3.12/site-packages/airflow/example_dags/example_display_name.py for tasks to queue
[2024-05-06T18:14:38.730+0000] {logging_mixin.py:188} INFO - [2024-05-06T18:14:38.730+0000] {dagbag.py:540} INFO - Filling up the DagBag from /home/airflow/.local/lib/python3.12/site-packages/airflow/example_dags/example_display_name.py
[2024-05-06T18:14:38.734+0000] {processor.py:840} INFO - DAG(s) 'example_display_name' retrieved from /home/airflow/.local/lib/python3.12/site-packages/airflow/example_dags/example_display_name.py
[2024-05-06T18:14:38.744+0000] {logging_mixin.py:188} INFO - [2024-05-06T18:14:38.744+0000] {dag.py:3096} INFO - Sync 1 DAGs
[2024-05-06T18:14:38.750+0000] {logging_mixin.py:188} INFO - [2024-05-06T18:14:38.750+0000] {dag.py:3954} INFO - Setting next_dagrun for example_display_name to None, run_after=None
[2024-05-06T18:14:38.758+0000] {processor.py:183} INFO - Processing /home/airflow/.local/lib/python3.12/site-packages/airflow/example_dags/example_display_name.py took 0.032 seconds
[2024-05-06T18:15:09.305+0000] {processor.py:161} INFO - Started process (PID=1747) to work on /home/airflow/.local/lib/python3.12/site-packages/airflow/example_dags/example_display_name.py
[2024-05-06T18:15:09.306+0000] {processor.py:830} INFO - Processing file /home/airflow/.local/lib/python3.12/site-packages/airflow/example_dags/example_display_name.py for tasks to queue
[2024-05-06T18:15:09.307+0000] {logging_mixin.py:188} INFO - [2024-05-06T18:15:09.307+0000] {dagbag.py:540} INFO - Filling up the DagBag from /home/airflow/.local/lib/python3.12/site-packages/airflow/example_dags/example_display_name.py
[2024-05-06T18:15:09.310+0000] {processor.py:840} INFO - DAG(s) 'example_display_name' retrieved from /home/airflow/.local/lib/python3.12/site-packages/airflow/example_dags/example_display_name.py
[2024-05-06T18:15:09.319+0000] {logging_mixin.py:188} INFO - [2024-05-06T18:15:09.319+0000] {dag.py:3096} INFO - Sync 1 DAGs
[2024-05-06T18:15:09.324+0000] {logging_mixin.py:188} INFO - [2024-05-06T18:15:09.324+0000] {dag.py:3954} INFO - Setting next_dagrun for example_display_name to None, run_after=None
[2024-05-06T18:15:09.332+0000] {processor.py:183} INFO - Processing /home/airflow/.local/lib/python3.12/site-packages/airflow/example_dags/example_display_name.py took 0.030 seconds
[2024-05-06T18:15:39.925+0000] {processor.py:161} INFO - Started process (PID=1805) to work on /home/airflow/.local/lib/python3.12/site-packages/airflow/example_dags/example_display_name.py
[2024-05-06T18:15:39.925+0000] {processor.py:830} INFO - Processing file /home/airflow/.local/lib/python3.12/site-packages/airflow/example_dags/example_display_name.py for tasks to queue
[2024-05-06T18:15:39.926+0000] {logging_mixin.py:188} INFO - [2024-05-06T18:15:39.926+0000] {dagbag.py:540} INFO - Filling up the DagBag from /home/airflow/.local/lib/python3.12/site-packages/airflow/example_dags/example_display_name.py
[2024-05-06T18:15:39.930+0000] {processor.py:840} INFO - DAG(s) 'example_display_name' retrieved from /home/airflow/.local/lib/python3.12/site-packages/airflow/example_dags/example_display_name.py
[2024-05-06T18:15:39.939+0000] {logging_mixin.py:188} INFO - [2024-05-06T18:15:39.939+0000] {dag.py:3096} INFO - Sync 1 DAGs
[2024-05-06T18:15:39.945+0000] {logging_mixin.py:188} INFO - [2024-05-06T18:15:39.945+0000] {dag.py:3954} INFO - Setting next_dagrun for example_display_name to None, run_after=None
[2024-05-06T18:15:39.954+0000] {processor.py:183} INFO - Processing /home/airflow/.local/lib/python3.12/site-packages/airflow/example_dags/example_display_name.py took 0.032 seconds
[2024-05-06T18:16:10.507+0000] {processor.py:161} INFO - Started process (PID=1863) to work on /home/airflow/.local/lib/python3.12/site-packages/airflow/example_dags/example_display_name.py
[2024-05-06T18:16:10.507+0000] {processor.py:830} INFO - Processing file /home/airflow/.local/lib/python3.12/site-packages/airflow/example_dags/example_display_name.py for tasks to queue
[2024-05-06T18:16:10.508+0000] {logging_mixin.py:188} INFO - [2024-05-06T18:16:10.508+0000] {dagbag.py:540} INFO - Filling up the DagBag from /home/airflow/.local/lib/python3.12/site-packages/airflow/example_dags/example_display_name.py
[2024-05-06T18:16:10.512+0000] {processor.py:840} INFO - DAG(s) 'example_display_name' retrieved from /home/airflow/.local/lib/python3.12/site-packages/airflow/example_dags/example_display_name.py
[2024-05-06T18:16:10.522+0000] {logging_mixin.py:188} INFO - [2024-05-06T18:16:10.522+0000] {dag.py:3096} INFO - Sync 1 DAGs
[2024-05-06T18:16:10.528+0000] {logging_mixin.py:188} INFO - [2024-05-06T18:16:10.528+0000] {dag.py:3954} INFO - Setting next_dagrun for example_display_name to None, run_after=None
[2024-05-06T18:16:10.537+0000] {processor.py:183} INFO - Processing /home/airflow/.local/lib/python3.12/site-packages/airflow/example_dags/example_display_name.py took 0.033 seconds
[2024-05-06T18:16:41.061+0000] {processor.py:161} INFO - Started process (PID=1921) to work on /home/airflow/.local/lib/python3.12/site-packages/airflow/example_dags/example_display_name.py
[2024-05-06T18:16:41.062+0000] {processor.py:830} INFO - Processing file /home/airflow/.local/lib/python3.12/site-packages/airflow/example_dags/example_display_name.py for tasks to queue
[2024-05-06T18:16:41.063+0000] {logging_mixin.py:188} INFO - [2024-05-06T18:16:41.062+0000] {dagbag.py:540} INFO - Filling up the DagBag from /home/airflow/.local/lib/python3.12/site-packages/airflow/example_dags/example_display_name.py
[2024-05-06T18:16:41.066+0000] {processor.py:840} INFO - DAG(s) 'example_display_name' retrieved from /home/airflow/.local/lib/python3.12/site-packages/airflow/example_dags/example_display_name.py
[2024-05-06T18:16:41.076+0000] {logging_mixin.py:188} INFO - [2024-05-06T18:16:41.076+0000] {dag.py:3096} INFO - Sync 1 DAGs
[2024-05-06T18:16:41.082+0000] {logging_mixin.py:188} INFO - [2024-05-06T18:16:41.082+0000] {dag.py:3954} INFO - Setting next_dagrun for example_display_name to None, run_after=None
[2024-05-06T18:16:41.091+0000] {processor.py:183} INFO - Processing /home/airflow/.local/lib/python3.12/site-packages/airflow/example_dags/example_display_name.py took 0.033 seconds
[2024-05-06T18:18:14.568+0000] {processor.py:161} INFO - Started process (PID=1978) to work on /home/airflow/.local/lib/python3.12/site-packages/airflow/example_dags/example_display_name.py
[2024-05-06T18:18:14.569+0000] {processor.py:830} INFO - Processing file /home/airflow/.local/lib/python3.12/site-packages/airflow/example_dags/example_display_name.py for tasks to queue
[2024-05-06T18:18:14.570+0000] {logging_mixin.py:188} INFO - [2024-05-06T18:18:14.570+0000] {dagbag.py:540} INFO - Filling up the DagBag from /home/airflow/.local/lib/python3.12/site-packages/airflow/example_dags/example_display_name.py
[2024-05-06T18:18:14.574+0000] {processor.py:840} INFO - DAG(s) 'example_display_name' retrieved from /home/airflow/.local/lib/python3.12/site-packages/airflow/example_dags/example_display_name.py
[2024-05-06T18:18:14.584+0000] {logging_mixin.py:188} INFO - [2024-05-06T18:18:14.584+0000] {dag.py:3096} INFO - Sync 1 DAGs
[2024-05-06T18:18:14.591+0000] {logging_mixin.py:188} INFO - [2024-05-06T18:18:14.591+0000] {dag.py:3954} INFO - Setting next_dagrun for example_display_name to None, run_after=None
[2024-05-06T18:18:14.600+0000] {processor.py:183} INFO - Processing /home/airflow/.local/lib/python3.12/site-packages/airflow/example_dags/example_display_name.py took 0.035 seconds
[2024-05-06T18:18:45.112+0000] {processor.py:161} INFO - Started process (PID=2036) to work on /home/airflow/.local/lib/python3.12/site-packages/airflow/example_dags/example_display_name.py
[2024-05-06T18:18:45.112+0000] {processor.py:830} INFO - Processing file /home/airflow/.local/lib/python3.12/site-packages/airflow/example_dags/example_display_name.py for tasks to queue
[2024-05-06T18:18:45.113+0000] {logging_mixin.py:188} INFO - [2024-05-06T18:18:45.113+0000] {dagbag.py:540} INFO - Filling up the DagBag from /home/airflow/.local/lib/python3.12/site-packages/airflow/example_dags/example_display_name.py
[2024-05-06T18:18:45.117+0000] {processor.py:840} INFO - DAG(s) 'example_display_name' retrieved from /home/airflow/.local/lib/python3.12/site-packages/airflow/example_dags/example_display_name.py
[2024-05-06T18:18:45.126+0000] {logging_mixin.py:188} INFO - [2024-05-06T18:18:45.126+0000] {dag.py:3096} INFO - Sync 1 DAGs
[2024-05-06T18:18:45.132+0000] {logging_mixin.py:188} INFO - [2024-05-06T18:18:45.132+0000] {dag.py:3954} INFO - Setting next_dagrun for example_display_name to None, run_after=None
[2024-05-06T18:18:45.141+0000] {processor.py:183} INFO - Processing /home/airflow/.local/lib/python3.12/site-packages/airflow/example_dags/example_display_name.py took 0.032 seconds
[2024-05-06T18:19:15.740+0000] {processor.py:161} INFO - Started process (PID=2094) to work on /home/airflow/.local/lib/python3.12/site-packages/airflow/example_dags/example_display_name.py
[2024-05-06T18:19:15.741+0000] {processor.py:830} INFO - Processing file /home/airflow/.local/lib/python3.12/site-packages/airflow/example_dags/example_display_name.py for tasks to queue
[2024-05-06T18:19:15.742+0000] {logging_mixin.py:188} INFO - [2024-05-06T18:19:15.742+0000] {dagbag.py:540} INFO - Filling up the DagBag from /home/airflow/.local/lib/python3.12/site-packages/airflow/example_dags/example_display_name.py
[2024-05-06T18:19:15.746+0000] {processor.py:840} INFO - DAG(s) 'example_display_name' retrieved from /home/airflow/.local/lib/python3.12/site-packages/airflow/example_dags/example_display_name.py
[2024-05-06T18:19:15.755+0000] {logging_mixin.py:188} INFO - [2024-05-06T18:19:15.755+0000] {dag.py:3096} INFO - Sync 1 DAGs
[2024-05-06T18:19:15.761+0000] {logging_mixin.py:188} INFO - [2024-05-06T18:19:15.761+0000] {dag.py:3954} INFO - Setting next_dagrun for example_display_name to None, run_after=None
[2024-05-06T18:19:15.770+0000] {processor.py:183} INFO - Processing /home/airflow/.local/lib/python3.12/site-packages/airflow/example_dags/example_display_name.py took 0.032 seconds
[2024-05-06T18:19:46.256+0000] {processor.py:161} INFO - Started process (PID=2152) to work on /home/airflow/.local/lib/python3.12/site-packages/airflow/example_dags/example_display_name.py
[2024-05-06T18:19:46.257+0000] {processor.py:830} INFO - Processing file /home/airflow/.local/lib/python3.12/site-packages/airflow/example_dags/example_display_name.py for tasks to queue
[2024-05-06T18:19:46.261+0000] {logging_mixin.py:188} INFO - [2024-05-06T18:19:46.261+0000] {dagbag.py:540} INFO - Filling up the DagBag from /home/airflow/.local/lib/python3.12/site-packages/airflow/example_dags/example_display_name.py
[2024-05-06T18:19:46.264+0000] {processor.py:840} INFO - DAG(s) 'example_display_name' retrieved from /home/airflow/.local/lib/python3.12/site-packages/airflow/example_dags/example_display_name.py
[2024-05-06T18:19:46.273+0000] {logging_mixin.py:188} INFO - [2024-05-06T18:19:46.273+0000] {dag.py:3096} INFO - Sync 1 DAGs
[2024-05-06T18:19:46.280+0000] {logging_mixin.py:188} INFO - [2024-05-06T18:19:46.279+0000] {dag.py:3954} INFO - Setting next_dagrun for example_display_name to None, run_after=None
[2024-05-06T18:19:46.288+0000] {processor.py:183} INFO - Processing /home/airflow/.local/lib/python3.12/site-packages/airflow/example_dags/example_display_name.py took 0.035 seconds
[2024-05-06T18:20:16.940+0000] {processor.py:161} INFO - Started process (PID=2210) to work on /home/airflow/.local/lib/python3.12/site-packages/airflow/example_dags/example_display_name.py
[2024-05-06T18:20:16.941+0000] {processor.py:830} INFO - Processing file /home/airflow/.local/lib/python3.12/site-packages/airflow/example_dags/example_display_name.py for tasks to queue
[2024-05-06T18:20:16.942+0000] {logging_mixin.py:188} INFO - [2024-05-06T18:20:16.942+0000] {dagbag.py:540} INFO - Filling up the DagBag from /home/airflow/.local/lib/python3.12/site-packages/airflow/example_dags/example_display_name.py
[2024-05-06T18:20:16.945+0000] {processor.py:840} INFO - DAG(s) 'example_display_name' retrieved from /home/airflow/.local/lib/python3.12/site-packages/airflow/example_dags/example_display_name.py
[2024-05-06T18:20:16.955+0000] {logging_mixin.py:188} INFO - [2024-05-06T18:20:16.955+0000] {dag.py:3096} INFO - Sync 1 DAGs
[2024-05-06T18:20:16.961+0000] {logging_mixin.py:188} INFO - [2024-05-06T18:20:16.960+0000] {dag.py:3954} INFO - Setting next_dagrun for example_display_name to None, run_after=None
[2024-05-06T18:20:16.969+0000] {processor.py:183} INFO - Processing /home/airflow/.local/lib/python3.12/site-packages/airflow/example_dags/example_display_name.py took 0.032 seconds
[2024-05-06T18:20:47.474+0000] {processor.py:161} INFO - Started process (PID=2268) to work on /home/airflow/.local/lib/python3.12/site-packages/airflow/example_dags/example_display_name.py
[2024-05-06T18:20:47.475+0000] {processor.py:830} INFO - Processing file /home/airflow/.local/lib/python3.12/site-packages/airflow/example_dags/example_display_name.py for tasks to queue
[2024-05-06T18:20:47.476+0000] {logging_mixin.py:188} INFO - [2024-05-06T18:20:47.476+0000] {dagbag.py:540} INFO - Filling up the DagBag from /home/airflow/.local/lib/python3.12/site-packages/airflow/example_dags/example_display_name.py
[2024-05-06T18:20:47.479+0000] {processor.py:840} INFO - DAG(s) 'example_display_name' retrieved from /home/airflow/.local/lib/python3.12/site-packages/airflow/example_dags/example_display_name.py
[2024-05-06T18:20:47.489+0000] {logging_mixin.py:188} INFO - [2024-05-06T18:20:47.489+0000] {dag.py:3096} INFO - Sync 1 DAGs
[2024-05-06T18:20:47.495+0000] {logging_mixin.py:188} INFO - [2024-05-06T18:20:47.495+0000] {dag.py:3954} INFO - Setting next_dagrun for example_display_name to None, run_after=None
[2024-05-06T18:20:47.504+0000] {processor.py:183} INFO - Processing /home/airflow/.local/lib/python3.12/site-packages/airflow/example_dags/example_display_name.py took 0.032 seconds
[2024-05-06T18:21:18.138+0000] {processor.py:161} INFO - Started process (PID=2326) to work on /home/airflow/.local/lib/python3.12/site-packages/airflow/example_dags/example_display_name.py
[2024-05-06T18:21:18.138+0000] {processor.py:830} INFO - Processing file /home/airflow/.local/lib/python3.12/site-packages/airflow/example_dags/example_display_name.py for tasks to queue
[2024-05-06T18:21:18.139+0000] {logging_mixin.py:188} INFO - [2024-05-06T18:21:18.139+0000] {dagbag.py:540} INFO - Filling up the DagBag from /home/airflow/.local/lib/python3.12/site-packages/airflow/example_dags/example_display_name.py
[2024-05-06T18:21:18.142+0000] {processor.py:840} INFO - DAG(s) 'example_display_name' retrieved from /home/airflow/.local/lib/python3.12/site-packages/airflow/example_dags/example_display_name.py
[2024-05-06T18:21:18.152+0000] {logging_mixin.py:188} INFO - [2024-05-06T18:21:18.152+0000] {dag.py:3096} INFO - Sync 1 DAGs
[2024-05-06T18:21:18.158+0000] {logging_mixin.py:188} INFO - [2024-05-06T18:21:18.158+0000] {dag.py:3954} INFO - Setting next_dagrun for example_display_name to None, run_after=None
[2024-05-06T18:21:18.166+0000] {processor.py:183} INFO - Processing /home/airflow/.local/lib/python3.12/site-packages/airflow/example_dags/example_display_name.py took 0.031 seconds
[2024-05-06T18:21:48.805+0000] {processor.py:161} INFO - Started process (PID=2383) to work on /home/airflow/.local/lib/python3.12/site-packages/airflow/example_dags/example_display_name.py
[2024-05-06T18:21:48.805+0000] {processor.py:830} INFO - Processing file /home/airflow/.local/lib/python3.12/site-packages/airflow/example_dags/example_display_name.py for tasks to queue
[2024-05-06T18:21:48.806+0000] {logging_mixin.py:188} INFO - [2024-05-06T18:21:48.806+0000] {dagbag.py:540} INFO - Filling up the DagBag from /home/airflow/.local/lib/python3.12/site-packages/airflow/example_dags/example_display_name.py
[2024-05-06T18:21:48.810+0000] {processor.py:840} INFO - DAG(s) 'example_display_name' retrieved from /home/airflow/.local/lib/python3.12/site-packages/airflow/example_dags/example_display_name.py
[2024-05-06T18:21:48.820+0000] {logging_mixin.py:188} INFO - [2024-05-06T18:21:48.819+0000] {dag.py:3096} INFO - Sync 1 DAGs
[2024-05-06T18:21:48.826+0000] {logging_mixin.py:188} INFO - [2024-05-06T18:21:48.826+0000] {dag.py:3954} INFO - Setting next_dagrun for example_display_name to None, run_after=None
[2024-05-06T18:21:48.834+0000] {processor.py:183} INFO - Processing /home/airflow/.local/lib/python3.12/site-packages/airflow/example_dags/example_display_name.py took 0.032 seconds
[2024-05-06T18:22:19.436+0000] {processor.py:161} INFO - Started process (PID=2441) to work on /home/airflow/.local/lib/python3.12/site-packages/airflow/example_dags/example_display_name.py
[2024-05-06T18:22:19.436+0000] {processor.py:830} INFO - Processing file /home/airflow/.local/lib/python3.12/site-packages/airflow/example_dags/example_display_name.py for tasks to queue
[2024-05-06T18:22:19.437+0000] {logging_mixin.py:188} INFO - [2024-05-06T18:22:19.437+0000] {dagbag.py:540} INFO - Filling up the DagBag from /home/airflow/.local/lib/python3.12/site-packages/airflow/example_dags/example_display_name.py
[2024-05-06T18:22:19.440+0000] {processor.py:840} INFO - DAG(s) 'example_display_name' retrieved from /home/airflow/.local/lib/python3.12/site-packages/airflow/example_dags/example_display_name.py
[2024-05-06T18:22:19.450+0000] {logging_mixin.py:188} INFO - [2024-05-06T18:22:19.450+0000] {dag.py:3096} INFO - Sync 1 DAGs
[2024-05-06T18:22:19.456+0000] {logging_mixin.py:188} INFO - [2024-05-06T18:22:19.456+0000] {dag.py:3954} INFO - Setting next_dagrun for example_display_name to None, run_after=None
[2024-05-06T18:22:19.465+0000] {processor.py:183} INFO - Processing /home/airflow/.local/lib/python3.12/site-packages/airflow/example_dags/example_display_name.py took 0.032 seconds
[2024-05-06T18:22:50.044+0000] {processor.py:161} INFO - Started process (PID=2499) to work on /home/airflow/.local/lib/python3.12/site-packages/airflow/example_dags/example_display_name.py
[2024-05-06T18:22:50.045+0000] {processor.py:830} INFO - Processing file /home/airflow/.local/lib/python3.12/site-packages/airflow/example_dags/example_display_name.py for tasks to queue
[2024-05-06T18:22:50.045+0000] {logging_mixin.py:188} INFO - [2024-05-06T18:22:50.045+0000] {dagbag.py:540} INFO - Filling up the DagBag from /home/airflow/.local/lib/python3.12/site-packages/airflow/example_dags/example_display_name.py
[2024-05-06T18:22:50.049+0000] {processor.py:840} INFO - DAG(s) 'example_display_name' retrieved from /home/airflow/.local/lib/python3.12/site-packages/airflow/example_dags/example_display_name.py
[2024-05-06T18:22:50.058+0000] {logging_mixin.py:188} INFO - [2024-05-06T18:22:50.058+0000] {dag.py:3096} INFO - Sync 1 DAGs
[2024-05-06T18:22:50.064+0000] {logging_mixin.py:188} INFO - [2024-05-06T18:22:50.064+0000] {dag.py:3954} INFO - Setting next_dagrun for example_display_name to None, run_after=None
[2024-05-06T18:22:50.072+0000] {processor.py:183} INFO - Processing /home/airflow/.local/lib/python3.12/site-packages/airflow/example_dags/example_display_name.py took 0.031 seconds
[2024-05-06T18:23:20.613+0000] {processor.py:161} INFO - Started process (PID=2556) to work on /home/airflow/.local/lib/python3.12/site-packages/airflow/example_dags/example_display_name.py
[2024-05-06T18:23:20.614+0000] {processor.py:830} INFO - Processing file /home/airflow/.local/lib/python3.12/site-packages/airflow/example_dags/example_display_name.py for tasks to queue
[2024-05-06T18:23:20.615+0000] {logging_mixin.py:188} INFO - [2024-05-06T18:23:20.615+0000] {dagbag.py:540} INFO - Filling up the DagBag from /home/airflow/.local/lib/python3.12/site-packages/airflow/example_dags/example_display_name.py
[2024-05-06T18:23:20.618+0000] {processor.py:840} INFO - DAG(s) 'example_display_name' retrieved from /home/airflow/.local/lib/python3.12/site-packages/airflow/example_dags/example_display_name.py
[2024-05-06T18:23:20.628+0000] {logging_mixin.py:188} INFO - [2024-05-06T18:23:20.628+0000] {dag.py:3096} INFO - Sync 1 DAGs
[2024-05-06T18:23:20.635+0000] {logging_mixin.py:188} INFO - [2024-05-06T18:23:20.635+0000] {dag.py:3954} INFO - Setting next_dagrun for example_display_name to None, run_after=None
[2024-05-06T18:23:20.643+0000] {processor.py:183} INFO - Processing /home/airflow/.local/lib/python3.12/site-packages/airflow/example_dags/example_display_name.py took 0.033 seconds
[2024-05-06T18:23:51.372+0000] {processor.py:161} INFO - Started process (PID=2614) to work on /home/airflow/.local/lib/python3.12/site-packages/airflow/example_dags/example_display_name.py
[2024-05-06T18:23:51.373+0000] {processor.py:830} INFO - Processing file /home/airflow/.local/lib/python3.12/site-packages/airflow/example_dags/example_display_name.py for tasks to queue
[2024-05-06T18:23:51.377+0000] {logging_mixin.py:188} INFO - [2024-05-06T18:23:51.377+0000] {dagbag.py:540} INFO - Filling up the DagBag from /home/airflow/.local/lib/python3.12/site-packages/airflow/example_dags/example_display_name.py
[2024-05-06T18:23:51.381+0000] {processor.py:840} INFO - DAG(s) 'example_display_name' retrieved from /home/airflow/.local/lib/python3.12/site-packages/airflow/example_dags/example_display_name.py
[2024-05-06T18:23:51.391+0000] {logging_mixin.py:188} INFO - [2024-05-06T18:23:51.391+0000] {dag.py:3096} INFO - Sync 1 DAGs
[2024-05-06T18:23:51.397+0000] {logging_mixin.py:188} INFO - [2024-05-06T18:23:51.397+0000] {dag.py:3954} INFO - Setting next_dagrun for example_display_name to None, run_after=None
[2024-05-06T18:23:51.405+0000] {processor.py:183} INFO - Processing /home/airflow/.local/lib/python3.12/site-packages/airflow/example_dags/example_display_name.py took 0.036 seconds
[2024-05-06T18:24:21.960+0000] {processor.py:161} INFO - Started process (PID=2672) to work on /home/airflow/.local/lib/python3.12/site-packages/airflow/example_dags/example_display_name.py
[2024-05-06T18:24:21.961+0000] {processor.py:830} INFO - Processing file /home/airflow/.local/lib/python3.12/site-packages/airflow/example_dags/example_display_name.py for tasks to queue
[2024-05-06T18:24:21.964+0000] {logging_mixin.py:188} INFO - [2024-05-06T18:24:21.964+0000] {dagbag.py:540} INFO - Filling up the DagBag from /home/airflow/.local/lib/python3.12/site-packages/airflow/example_dags/example_display_name.py
[2024-05-06T18:24:21.968+0000] {processor.py:840} INFO - DAG(s) 'example_display_name' retrieved from /home/airflow/.local/lib/python3.12/site-packages/airflow/example_dags/example_display_name.py
[2024-05-06T18:24:21.978+0000] {logging_mixin.py:188} INFO - [2024-05-06T18:24:21.978+0000] {dag.py:3096} INFO - Sync 1 DAGs
[2024-05-06T18:24:21.984+0000] {logging_mixin.py:188} INFO - [2024-05-06T18:24:21.984+0000] {dag.py:3954} INFO - Setting next_dagrun for example_display_name to None, run_after=None
[2024-05-06T18:24:21.993+0000] {processor.py:183} INFO - Processing /home/airflow/.local/lib/python3.12/site-packages/airflow/example_dags/example_display_name.py took 0.036 seconds
[2024-05-06T18:24:52.601+0000] {processor.py:161} INFO - Started process (PID=2730) to work on /home/airflow/.local/lib/python3.12/site-packages/airflow/example_dags/example_display_name.py
[2024-05-06T18:24:52.601+0000] {processor.py:830} INFO - Processing file /home/airflow/.local/lib/python3.12/site-packages/airflow/example_dags/example_display_name.py for tasks to queue
[2024-05-06T18:24:52.602+0000] {logging_mixin.py:188} INFO - [2024-05-06T18:24:52.602+0000] {dagbag.py:540} INFO - Filling up the DagBag from /home/airflow/.local/lib/python3.12/site-packages/airflow/example_dags/example_display_name.py
[2024-05-06T18:24:52.607+0000] {processor.py:840} INFO - DAG(s) 'example_display_name' retrieved from /home/airflow/.local/lib/python3.12/site-packages/airflow/example_dags/example_display_name.py
[2024-05-06T18:24:52.618+0000] {logging_mixin.py:188} INFO - [2024-05-06T18:24:52.618+0000] {dag.py:3096} INFO - Sync 1 DAGs
[2024-05-06T18:24:52.626+0000] {logging_mixin.py:188} INFO - [2024-05-06T18:24:52.625+0000] {dag.py:3954} INFO - Setting next_dagrun for example_display_name to None, run_after=None
[2024-05-06T18:24:52.635+0000] {processor.py:183} INFO - Processing /home/airflow/.local/lib/python3.12/site-packages/airflow/example_dags/example_display_name.py took 0.037 seconds
[2024-05-06T18:25:23.219+0000] {processor.py:161} INFO - Started process (PID=2788) to work on /home/airflow/.local/lib/python3.12/site-packages/airflow/example_dags/example_display_name.py
[2024-05-06T18:25:23.220+0000] {processor.py:830} INFO - Processing file /home/airflow/.local/lib/python3.12/site-packages/airflow/example_dags/example_display_name.py for tasks to queue
[2024-05-06T18:25:23.221+0000] {logging_mixin.py:188} INFO - [2024-05-06T18:25:23.221+0000] {dagbag.py:540} INFO - Filling up the DagBag from /home/airflow/.local/lib/python3.12/site-packages/airflow/example_dags/example_display_name.py
[2024-05-06T18:25:23.225+0000] {processor.py:840} INFO - DAG(s) 'example_display_name' retrieved from /home/airflow/.local/lib/python3.12/site-packages/airflow/example_dags/example_display_name.py
[2024-05-06T18:25:23.234+0000] {logging_mixin.py:188} INFO - [2024-05-06T18:25:23.234+0000] {dag.py:3096} INFO - Sync 1 DAGs
[2024-05-06T18:25:23.241+0000] {logging_mixin.py:188} INFO - [2024-05-06T18:25:23.240+0000] {dag.py:3954} INFO - Setting next_dagrun for example_display_name to None, run_after=None
[2024-05-06T18:25:23.250+0000] {processor.py:183} INFO - Processing /home/airflow/.local/lib/python3.12/site-packages/airflow/example_dags/example_display_name.py took 0.034 seconds
[2024-05-06T18:25:53.830+0000] {processor.py:161} INFO - Started process (PID=2845) to work on /home/airflow/.local/lib/python3.12/site-packages/airflow/example_dags/example_display_name.py
[2024-05-06T18:25:53.830+0000] {processor.py:830} INFO - Processing file /home/airflow/.local/lib/python3.12/site-packages/airflow/example_dags/example_display_name.py for tasks to queue
[2024-05-06T18:25:53.832+0000] {logging_mixin.py:188} INFO - [2024-05-06T18:25:53.832+0000] {dagbag.py:540} INFO - Filling up the DagBag from /home/airflow/.local/lib/python3.12/site-packages/airflow/example_dags/example_display_name.py
[2024-05-06T18:25:53.836+0000] {processor.py:840} INFO - DAG(s) 'example_display_name' retrieved from /home/airflow/.local/lib/python3.12/site-packages/airflow/example_dags/example_display_name.py
[2024-05-06T18:25:53.845+0000] {logging_mixin.py:188} INFO - [2024-05-06T18:25:53.845+0000] {dag.py:3096} INFO - Sync 1 DAGs
[2024-05-06T18:25:53.851+0000] {logging_mixin.py:188} INFO - [2024-05-06T18:25:53.851+0000] {dag.py:3954} INFO - Setting next_dagrun for example_display_name to None, run_after=None
[2024-05-06T18:25:53.859+0000] {processor.py:183} INFO - Processing /home/airflow/.local/lib/python3.12/site-packages/airflow/example_dags/example_display_name.py took 0.033 seconds
[2024-05-06T18:26:24.557+0000] {processor.py:161} INFO - Started process (PID=2903) to work on /home/airflow/.local/lib/python3.12/site-packages/airflow/example_dags/example_display_name.py
[2024-05-06T18:26:24.558+0000] {processor.py:830} INFO - Processing file /home/airflow/.local/lib/python3.12/site-packages/airflow/example_dags/example_display_name.py for tasks to queue
[2024-05-06T18:26:24.558+0000] {logging_mixin.py:188} INFO - [2024-05-06T18:26:24.558+0000] {dagbag.py:540} INFO - Filling up the DagBag from /home/airflow/.local/lib/python3.12/site-packages/airflow/example_dags/example_display_name.py
[2024-05-06T18:26:24.561+0000] {processor.py:840} INFO - DAG(s) 'example_display_name' retrieved from /home/airflow/.local/lib/python3.12/site-packages/airflow/example_dags/example_display_name.py
[2024-05-06T18:26:24.570+0000] {logging_mixin.py:188} INFO - [2024-05-06T18:26:24.570+0000] {dag.py:3096} INFO - Sync 1 DAGs
[2024-05-06T18:26:24.575+0000] {logging_mixin.py:188} INFO - [2024-05-06T18:26:24.575+0000] {dag.py:3954} INFO - Setting next_dagrun for example_display_name to None, run_after=None
[2024-05-06T18:26:24.583+0000] {processor.py:183} INFO - Processing /home/airflow/.local/lib/python3.12/site-packages/airflow/example_dags/example_display_name.py took 0.030 seconds
[2024-05-06T18:26:55.120+0000] {processor.py:161} INFO - Started process (PID=2961) to work on /home/airflow/.local/lib/python3.12/site-packages/airflow/example_dags/example_display_name.py
[2024-05-06T18:26:55.121+0000] {processor.py:830} INFO - Processing file /home/airflow/.local/lib/python3.12/site-packages/airflow/example_dags/example_display_name.py for tasks to queue
[2024-05-06T18:26:55.122+0000] {logging_mixin.py:188} INFO - [2024-05-06T18:26:55.121+0000] {dagbag.py:540} INFO - Filling up the DagBag from /home/airflow/.local/lib/python3.12/site-packages/airflow/example_dags/example_display_name.py
[2024-05-06T18:26:55.125+0000] {processor.py:840} INFO - DAG(s) 'example_display_name' retrieved from /home/airflow/.local/lib/python3.12/site-packages/airflow/example_dags/example_display_name.py
[2024-05-06T18:26:55.134+0000] {logging_mixin.py:188} INFO - [2024-05-06T18:26:55.134+0000] {dag.py:3096} INFO - Sync 1 DAGs
[2024-05-06T18:26:55.140+0000] {logging_mixin.py:188} INFO - [2024-05-06T18:26:55.140+0000] {dag.py:3954} INFO - Setting next_dagrun for example_display_name to None, run_after=None
[2024-05-06T18:26:55.148+0000] {processor.py:183} INFO - Processing /home/airflow/.local/lib/python3.12/site-packages/airflow/example_dags/example_display_name.py took 0.031 seconds
[2024-05-06T18:27:25.662+0000] {processor.py:161} INFO - Started process (PID=3018) to work on /home/airflow/.local/lib/python3.12/site-packages/airflow/example_dags/example_display_name.py
[2024-05-06T18:27:25.662+0000] {processor.py:830} INFO - Processing file /home/airflow/.local/lib/python3.12/site-packages/airflow/example_dags/example_display_name.py for tasks to queue
[2024-05-06T18:27:25.663+0000] {logging_mixin.py:188} INFO - [2024-05-06T18:27:25.663+0000] {dagbag.py:540} INFO - Filling up the DagBag from /home/airflow/.local/lib/python3.12/site-packages/airflow/example_dags/example_display_name.py
[2024-05-06T18:27:25.666+0000] {processor.py:840} INFO - DAG(s) 'example_display_name' retrieved from /home/airflow/.local/lib/python3.12/site-packages/airflow/example_dags/example_display_name.py
[2024-05-06T18:27:25.675+0000] {logging_mixin.py:188} INFO - [2024-05-06T18:27:25.675+0000] {dag.py:3096} INFO - Sync 1 DAGs
[2024-05-06T18:27:25.681+0000] {logging_mixin.py:188} INFO - [2024-05-06T18:27:25.680+0000] {dag.py:3954} INFO - Setting next_dagrun for example_display_name to None, run_after=None
[2024-05-06T18:27:25.688+0000] {processor.py:183} INFO - Processing /home/airflow/.local/lib/python3.12/site-packages/airflow/example_dags/example_display_name.py took 0.029 seconds
[2024-05-06T18:27:56.232+0000] {processor.py:161} INFO - Started process (PID=3075) to work on /home/airflow/.local/lib/python3.12/site-packages/airflow/example_dags/example_display_name.py
[2024-05-06T18:27:56.233+0000] {processor.py:830} INFO - Processing file /home/airflow/.local/lib/python3.12/site-packages/airflow/example_dags/example_display_name.py for tasks to queue
[2024-05-06T18:27:56.234+0000] {logging_mixin.py:188} INFO - [2024-05-06T18:27:56.234+0000] {dagbag.py:540} INFO - Filling up the DagBag from /home/airflow/.local/lib/python3.12/site-packages/airflow/example_dags/example_display_name.py
[2024-05-06T18:27:56.237+0000] {processor.py:840} INFO - DAG(s) 'example_display_name' retrieved from /home/airflow/.local/lib/python3.12/site-packages/airflow/example_dags/example_display_name.py
[2024-05-06T18:27:56.247+0000] {logging_mixin.py:188} INFO - [2024-05-06T18:27:56.247+0000] {dag.py:3096} INFO - Sync 1 DAGs
[2024-05-06T18:27:56.253+0000] {logging_mixin.py:188} INFO - [2024-05-06T18:27:56.253+0000] {dag.py:3954} INFO - Setting next_dagrun for example_display_name to None, run_after=None
[2024-05-06T18:27:56.262+0000] {processor.py:183} INFO - Processing /home/airflow/.local/lib/python3.12/site-packages/airflow/example_dags/example_display_name.py took 0.032 seconds
[2024-05-06T18:28:26.878+0000] {processor.py:161} INFO - Started process (PID=3133) to work on /home/airflow/.local/lib/python3.12/site-packages/airflow/example_dags/example_display_name.py
[2024-05-06T18:28:26.879+0000] {processor.py:830} INFO - Processing file /home/airflow/.local/lib/python3.12/site-packages/airflow/example_dags/example_display_name.py for tasks to queue
[2024-05-06T18:28:26.880+0000] {logging_mixin.py:188} INFO - [2024-05-06T18:28:26.879+0000] {dagbag.py:540} INFO - Filling up the DagBag from /home/airflow/.local/lib/python3.12/site-packages/airflow/example_dags/example_display_name.py
[2024-05-06T18:28:26.883+0000] {processor.py:840} INFO - DAG(s) 'example_display_name' retrieved from /home/airflow/.local/lib/python3.12/site-packages/airflow/example_dags/example_display_name.py
[2024-05-06T18:28:26.892+0000] {logging_mixin.py:188} INFO - [2024-05-06T18:28:26.892+0000] {dag.py:3096} INFO - Sync 1 DAGs
[2024-05-06T18:28:26.898+0000] {logging_mixin.py:188} INFO - [2024-05-06T18:28:26.898+0000] {dag.py:3954} INFO - Setting next_dagrun for example_display_name to None, run_after=None
[2024-05-06T18:28:26.906+0000] {processor.py:183} INFO - Processing /home/airflow/.local/lib/python3.12/site-packages/airflow/example_dags/example_display_name.py took 0.031 seconds
[2024-05-06T18:28:57.633+0000] {processor.py:161} INFO - Started process (PID=3191) to work on /home/airflow/.local/lib/python3.12/site-packages/airflow/example_dags/example_display_name.py
[2024-05-06T18:28:57.634+0000] {processor.py:830} INFO - Processing file /home/airflow/.local/lib/python3.12/site-packages/airflow/example_dags/example_display_name.py for tasks to queue
[2024-05-06T18:28:57.635+0000] {logging_mixin.py:188} INFO - [2024-05-06T18:28:57.635+0000] {dagbag.py:540} INFO - Filling up the DagBag from /home/airflow/.local/lib/python3.12/site-packages/airflow/example_dags/example_display_name.py
[2024-05-06T18:28:57.639+0000] {processor.py:840} INFO - DAG(s) 'example_display_name' retrieved from /home/airflow/.local/lib/python3.12/site-packages/airflow/example_dags/example_display_name.py
[2024-05-06T18:28:57.651+0000] {logging_mixin.py:188} INFO - [2024-05-06T18:28:57.651+0000] {dag.py:3096} INFO - Sync 1 DAGs
[2024-05-06T18:28:57.657+0000] {logging_mixin.py:188} INFO - [2024-05-06T18:28:57.657+0000] {dag.py:3954} INFO - Setting next_dagrun for example_display_name to None, run_after=None
[2024-05-06T18:28:57.665+0000] {processor.py:183} INFO - Processing /home/airflow/.local/lib/python3.12/site-packages/airflow/example_dags/example_display_name.py took 0.035 seconds
[2024-05-06T18:29:28.499+0000] {processor.py:161} INFO - Started process (PID=3249) to work on /home/airflow/.local/lib/python3.12/site-packages/airflow/example_dags/example_display_name.py
[2024-05-06T18:29:28.499+0000] {processor.py:830} INFO - Processing file /home/airflow/.local/lib/python3.12/site-packages/airflow/example_dags/example_display_name.py for tasks to queue
[2024-05-06T18:29:28.500+0000] {logging_mixin.py:188} INFO - [2024-05-06T18:29:28.500+0000] {dagbag.py:540} INFO - Filling up the DagBag from /home/airflow/.local/lib/python3.12/site-packages/airflow/example_dags/example_display_name.py
[2024-05-06T18:29:28.503+0000] {processor.py:840} INFO - DAG(s) 'example_display_name' retrieved from /home/airflow/.local/lib/python3.12/site-packages/airflow/example_dags/example_display_name.py
[2024-05-06T18:29:28.513+0000] {logging_mixin.py:188} INFO - [2024-05-06T18:29:28.513+0000] {dag.py:3096} INFO - Sync 1 DAGs
[2024-05-06T18:29:28.519+0000] {logging_mixin.py:188} INFO - [2024-05-06T18:29:28.519+0000] {dag.py:3954} INFO - Setting next_dagrun for example_display_name to None, run_after=None
[2024-05-06T18:29:28.528+0000] {processor.py:183} INFO - Processing /home/airflow/.local/lib/python3.12/site-packages/airflow/example_dags/example_display_name.py took 0.032 seconds
[2024-05-06T19:02:51.115+0000] {processor.py:161} INFO - Started process (PID=3306) to work on /home/airflow/.local/lib/python3.12/site-packages/airflow/example_dags/example_display_name.py
[2024-05-06T19:02:51.116+0000] {processor.py:830} INFO - Processing file /home/airflow/.local/lib/python3.12/site-packages/airflow/example_dags/example_display_name.py for tasks to queue
[2024-05-06T19:02:51.117+0000] {logging_mixin.py:188} INFO - [2024-05-06T19:02:51.117+0000] {dagbag.py:540} INFO - Filling up the DagBag from /home/airflow/.local/lib/python3.12/site-packages/airflow/example_dags/example_display_name.py
[2024-05-06T19:02:51.120+0000] {processor.py:840} INFO - DAG(s) 'example_display_name' retrieved from /home/airflow/.local/lib/python3.12/site-packages/airflow/example_dags/example_display_name.py
[2024-05-06T19:02:51.130+0000] {logging_mixin.py:188} INFO - [2024-05-06T19:02:51.130+0000] {dag.py:3096} INFO - Sync 1 DAGs
[2024-05-06T19:02:51.136+0000] {logging_mixin.py:188} INFO - [2024-05-06T19:02:51.136+0000] {dag.py:3954} INFO - Setting next_dagrun for example_display_name to None, run_after=None
[2024-05-06T19:02:51.144+0000] {processor.py:183} INFO - Processing /home/airflow/.local/lib/python3.12/site-packages/airflow/example_dags/example_display_name.py took 0.032 seconds
[2024-05-06T19:24:26.806+0000] {processor.py:161} INFO - Started process (PID=3364) to work on /home/airflow/.local/lib/python3.12/site-packages/airflow/example_dags/example_display_name.py
[2024-05-06T19:24:26.807+0000] {processor.py:830} INFO - Processing file /home/airflow/.local/lib/python3.12/site-packages/airflow/example_dags/example_display_name.py for tasks to queue
[2024-05-06T19:24:26.808+0000] {logging_mixin.py:188} INFO - [2024-05-06T19:24:26.808+0000] {dagbag.py:540} INFO - Filling up the DagBag from /home/airflow/.local/lib/python3.12/site-packages/airflow/example_dags/example_display_name.py
[2024-05-06T19:24:26.811+0000] {processor.py:840} INFO - DAG(s) 'example_display_name' retrieved from /home/airflow/.local/lib/python3.12/site-packages/airflow/example_dags/example_display_name.py
[2024-05-06T19:24:26.821+0000] {logging_mixin.py:188} INFO - [2024-05-06T19:24:26.821+0000] {dag.py:3096} INFO - Sync 1 DAGs
[2024-05-06T19:24:26.830+0000] {logging_mixin.py:188} INFO - [2024-05-06T19:24:26.830+0000] {dag.py:3954} INFO - Setting next_dagrun for example_display_name to None, run_after=None
[2024-05-06T19:24:26.844+0000] {processor.py:183} INFO - Processing /home/airflow/.local/lib/python3.12/site-packages/airflow/example_dags/example_display_name.py took 0.041 seconds
[2024-05-06T19:30:02.082+0000] {processor.py:161} INFO - Started process (PID=3422) to work on /home/airflow/.local/lib/python3.12/site-packages/airflow/example_dags/example_display_name.py
[2024-05-06T19:30:02.083+0000] {processor.py:830} INFO - Processing file /home/airflow/.local/lib/python3.12/site-packages/airflow/example_dags/example_display_name.py for tasks to queue
[2024-05-06T19:30:02.084+0000] {logging_mixin.py:188} INFO - [2024-05-06T19:30:02.084+0000] {dagbag.py:540} INFO - Filling up the DagBag from /home/airflow/.local/lib/python3.12/site-packages/airflow/example_dags/example_display_name.py
[2024-05-06T19:30:02.087+0000] {processor.py:840} INFO - DAG(s) 'example_display_name' retrieved from /home/airflow/.local/lib/python3.12/site-packages/airflow/example_dags/example_display_name.py
[2024-05-06T19:30:02.097+0000] {logging_mixin.py:188} INFO - [2024-05-06T19:30:02.097+0000] {dag.py:3096} INFO - Sync 1 DAGs
[2024-05-06T19:30:02.103+0000] {logging_mixin.py:188} INFO - [2024-05-06T19:30:02.103+0000] {dag.py:3954} INFO - Setting next_dagrun for example_display_name to None, run_after=None
[2024-05-06T19:30:02.111+0000] {processor.py:183} INFO - Processing /home/airflow/.local/lib/python3.12/site-packages/airflow/example_dags/example_display_name.py took 0.032 seconds
[2024-05-06T19:34:22.583+0000] {processor.py:161} INFO - Started process (PID=3479) to work on /home/airflow/.local/lib/python3.12/site-packages/airflow/example_dags/example_display_name.py
[2024-05-06T19:34:22.583+0000] {processor.py:830} INFO - Processing file /home/airflow/.local/lib/python3.12/site-packages/airflow/example_dags/example_display_name.py for tasks to queue
[2024-05-06T19:34:22.584+0000] {logging_mixin.py:188} INFO - [2024-05-06T19:34:22.584+0000] {dagbag.py:540} INFO - Filling up the DagBag from /home/airflow/.local/lib/python3.12/site-packages/airflow/example_dags/example_display_name.py
[2024-05-06T19:34:22.587+0000] {processor.py:840} INFO - DAG(s) 'example_display_name' retrieved from /home/airflow/.local/lib/python3.12/site-packages/airflow/example_dags/example_display_name.py
[2024-05-06T19:34:22.597+0000] {logging_mixin.py:188} INFO - [2024-05-06T19:34:22.597+0000] {dag.py:3096} INFO - Sync 1 DAGs
[2024-05-06T19:34:22.602+0000] {logging_mixin.py:188} INFO - [2024-05-06T19:34:22.602+0000] {dag.py:3954} INFO - Setting next_dagrun for example_display_name to None, run_after=None
[2024-05-06T19:34:22.611+0000] {processor.py:183} INFO - Processing /home/airflow/.local/lib/python3.12/site-packages/airflow/example_dags/example_display_name.py took 0.030 seconds
[2024-05-06T19:52:32.871+0000] {processor.py:161} INFO - Started process (PID=3536) to work on /home/airflow/.local/lib/python3.12/site-packages/airflow/example_dags/example_display_name.py
[2024-05-06T19:52:32.871+0000] {processor.py:830} INFO - Processing file /home/airflow/.local/lib/python3.12/site-packages/airflow/example_dags/example_display_name.py for tasks to queue
[2024-05-06T19:52:32.872+0000] {logging_mixin.py:188} INFO - [2024-05-06T19:52:32.872+0000] {dagbag.py:540} INFO - Filling up the DagBag from /home/airflow/.local/lib/python3.12/site-packages/airflow/example_dags/example_display_name.py
[2024-05-06T19:52:32.875+0000] {processor.py:840} INFO - DAG(s) 'example_display_name' retrieved from /home/airflow/.local/lib/python3.12/site-packages/airflow/example_dags/example_display_name.py
[2024-05-06T19:52:32.885+0000] {logging_mixin.py:188} INFO - [2024-05-06T19:52:32.884+0000] {dag.py:3096} INFO - Sync 1 DAGs
[2024-05-06T19:52:32.890+0000] {logging_mixin.py:188} INFO - [2024-05-06T19:52:32.890+0000] {dag.py:3954} INFO - Setting next_dagrun for example_display_name to None, run_after=None
[2024-05-06T19:52:32.898+0000] {processor.py:183} INFO - Processing /home/airflow/.local/lib/python3.12/site-packages/airflow/example_dags/example_display_name.py took 0.031 seconds
