[2024-05-06T20:01:45.999+0000] {processor.py:161} INFO - Started process (PID=4570) to work on /home/airflow/.local/lib/python3.12/site-packages/airflow/example_dags/example_python_operator.py
[2024-05-06T20:01:46.000+0000] {processor.py:830} INFO - Processing file /home/airflow/.local/lib/python3.12/site-packages/airflow/example_dags/example_python_operator.py for tasks to queue
[2024-05-06T20:01:46.001+0000] {logging_mixin.py:188} INFO - [2024-05-06T20:01:46.000+0000] {dagbag.py:540} INFO - Filling up the DagBag from /home/airflow/.local/lib/python3.12/site-packages/airflow/example_dags/example_python_operator.py
[2024-05-06T20:01:46.006+0000] {processor.py:840} INFO - DAG(s) 'example_python_operator' retrieved from /home/airflow/.local/lib/python3.12/site-packages/airflow/example_dags/example_python_operator.py
[2024-05-06T20:01:46.018+0000] {logging_mixin.py:188} INFO - [2024-05-06T20:01:46.017+0000] {dag.py:3096} INFO - Sync 1 DAGs
[2024-05-06T20:01:46.025+0000] {logging_mixin.py:188} INFO - [2024-05-06T20:01:46.024+0000] {dag.py:3954} INFO - Setting next_dagrun for example_python_operator to None, run_after=None
[2024-05-06T20:01:46.034+0000] {processor.py:183} INFO - Processing /home/airflow/.local/lib/python3.12/site-packages/airflow/example_dags/example_python_operator.py took 0.037 seconds
[2024-05-06T20:02:16.955+0000] {processor.py:161} INFO - Started process (PID=4628) to work on /home/airflow/.local/lib/python3.12/site-packages/airflow/example_dags/example_python_operator.py
[2024-05-06T20:02:16.956+0000] {processor.py:830} INFO - Processing file /home/airflow/.local/lib/python3.12/site-packages/airflow/example_dags/example_python_operator.py for tasks to queue
[2024-05-06T20:02:16.957+0000] {logging_mixin.py:188} INFO - [2024-05-06T20:02:16.957+0000] {dagbag.py:540} INFO - Filling up the DagBag from /home/airflow/.local/lib/python3.12/site-packages/airflow/example_dags/example_python_operator.py
[2024-05-06T20:02:16.963+0000] {processor.py:840} INFO - DAG(s) 'example_python_operator' retrieved from /home/airflow/.local/lib/python3.12/site-packages/airflow/example_dags/example_python_operator.py
[2024-05-06T20:02:16.975+0000] {logging_mixin.py:188} INFO - [2024-05-06T20:02:16.975+0000] {dag.py:3096} INFO - Sync 1 DAGs
[2024-05-06T20:02:16.981+0000] {logging_mixin.py:188} INFO - [2024-05-06T20:02:16.981+0000] {dag.py:3954} INFO - Setting next_dagrun for example_python_operator to None, run_after=None
[2024-05-06T20:02:16.990+0000] {processor.py:183} INFO - Processing /home/airflow/.local/lib/python3.12/site-packages/airflow/example_dags/example_python_operator.py took 0.039 seconds
[2024-05-06T20:02:47.929+0000] {processor.py:161} INFO - Started process (PID=4687) to work on /home/airflow/.local/lib/python3.12/site-packages/airflow/example_dags/example_python_operator.py
[2024-05-06T20:02:47.930+0000] {processor.py:830} INFO - Processing file /home/airflow/.local/lib/python3.12/site-packages/airflow/example_dags/example_python_operator.py for tasks to queue
[2024-05-06T20:02:47.931+0000] {logging_mixin.py:188} INFO - [2024-05-06T20:02:47.931+0000] {dagbag.py:540} INFO - Filling up the DagBag from /home/airflow/.local/lib/python3.12/site-packages/airflow/example_dags/example_python_operator.py
[2024-05-06T20:02:47.938+0000] {processor.py:840} INFO - DAG(s) 'example_python_operator' retrieved from /home/airflow/.local/lib/python3.12/site-packages/airflow/example_dags/example_python_operator.py
[2024-05-06T20:02:47.952+0000] {logging_mixin.py:188} INFO - [2024-05-06T20:02:47.952+0000] {dag.py:3096} INFO - Sync 1 DAGs
[2024-05-06T20:02:47.958+0000] {logging_mixin.py:188} INFO - [2024-05-06T20:02:47.958+0000] {dag.py:3954} INFO - Setting next_dagrun for example_python_operator to None, run_after=None
[2024-05-06T20:02:47.968+0000] {processor.py:183} INFO - Processing /home/airflow/.local/lib/python3.12/site-packages/airflow/example_dags/example_python_operator.py took 0.042 seconds
[2024-05-06T20:03:18.829+0000] {processor.py:161} INFO - Started process (PID=4746) to work on /home/airflow/.local/lib/python3.12/site-packages/airflow/example_dags/example_python_operator.py
[2024-05-06T20:03:18.830+0000] {processor.py:830} INFO - Processing file /home/airflow/.local/lib/python3.12/site-packages/airflow/example_dags/example_python_operator.py for tasks to queue
[2024-05-06T20:03:18.831+0000] {logging_mixin.py:188} INFO - [2024-05-06T20:03:18.831+0000] {dagbag.py:540} INFO - Filling up the DagBag from /home/airflow/.local/lib/python3.12/site-packages/airflow/example_dags/example_python_operator.py
[2024-05-06T20:03:18.839+0000] {processor.py:840} INFO - DAG(s) 'example_python_operator' retrieved from /home/airflow/.local/lib/python3.12/site-packages/airflow/example_dags/example_python_operator.py
[2024-05-06T20:03:18.852+0000] {logging_mixin.py:188} INFO - [2024-05-06T20:03:18.851+0000] {dag.py:3096} INFO - Sync 1 DAGs
[2024-05-06T20:03:18.859+0000] {logging_mixin.py:188} INFO - [2024-05-06T20:03:18.858+0000] {dag.py:3954} INFO - Setting next_dagrun for example_python_operator to None, run_after=None
[2024-05-06T20:03:18.869+0000] {processor.py:183} INFO - Processing /home/airflow/.local/lib/python3.12/site-packages/airflow/example_dags/example_python_operator.py took 0.044 seconds
[2024-05-06T20:03:49.661+0000] {processor.py:161} INFO - Started process (PID=4804) to work on /home/airflow/.local/lib/python3.12/site-packages/airflow/example_dags/example_python_operator.py
[2024-05-06T20:03:49.662+0000] {processor.py:830} INFO - Processing file /home/airflow/.local/lib/python3.12/site-packages/airflow/example_dags/example_python_operator.py for tasks to queue
[2024-05-06T20:03:49.663+0000] {logging_mixin.py:188} INFO - [2024-05-06T20:03:49.663+0000] {dagbag.py:540} INFO - Filling up the DagBag from /home/airflow/.local/lib/python3.12/site-packages/airflow/example_dags/example_python_operator.py
[2024-05-06T20:03:49.669+0000] {processor.py:840} INFO - DAG(s) 'example_python_operator' retrieved from /home/airflow/.local/lib/python3.12/site-packages/airflow/example_dags/example_python_operator.py
[2024-05-06T20:03:49.681+0000] {logging_mixin.py:188} INFO - [2024-05-06T20:03:49.681+0000] {dag.py:3096} INFO - Sync 1 DAGs
[2024-05-06T20:03:49.688+0000] {logging_mixin.py:188} INFO - [2024-05-06T20:03:49.688+0000] {dag.py:3954} INFO - Setting next_dagrun for example_python_operator to None, run_after=None
[2024-05-06T20:03:49.697+0000] {processor.py:183} INFO - Processing /home/airflow/.local/lib/python3.12/site-packages/airflow/example_dags/example_python_operator.py took 0.040 seconds
[2024-05-06T20:04:19.825+0000] {processor.py:161} INFO - Started process (PID=4862) to work on /home/airflow/.local/lib/python3.12/site-packages/airflow/example_dags/example_python_operator.py
[2024-05-06T20:04:19.826+0000] {processor.py:830} INFO - Processing file /home/airflow/.local/lib/python3.12/site-packages/airflow/example_dags/example_python_operator.py for tasks to queue
[2024-05-06T20:04:19.827+0000] {logging_mixin.py:188} INFO - [2024-05-06T20:04:19.827+0000] {dagbag.py:540} INFO - Filling up the DagBag from /home/airflow/.local/lib/python3.12/site-packages/airflow/example_dags/example_python_operator.py
[2024-05-06T20:04:19.832+0000] {processor.py:840} INFO - DAG(s) 'example_python_operator' retrieved from /home/airflow/.local/lib/python3.12/site-packages/airflow/example_dags/example_python_operator.py
[2024-05-06T20:04:19.843+0000] {logging_mixin.py:188} INFO - [2024-05-06T20:04:19.843+0000] {dag.py:3096} INFO - Sync 1 DAGs
[2024-05-06T20:04:19.850+0000] {logging_mixin.py:188} INFO - [2024-05-06T20:04:19.850+0000] {dag.py:3954} INFO - Setting next_dagrun for example_python_operator to None, run_after=None
[2024-05-06T20:04:19.858+0000] {processor.py:183} INFO - Processing /home/airflow/.local/lib/python3.12/site-packages/airflow/example_dags/example_python_operator.py took 0.036 seconds
[2024-05-06T20:04:49.936+0000] {processor.py:161} INFO - Started process (PID=4921) to work on /home/airflow/.local/lib/python3.12/site-packages/airflow/example_dags/example_python_operator.py
[2024-05-06T20:04:49.937+0000] {processor.py:830} INFO - Processing file /home/airflow/.local/lib/python3.12/site-packages/airflow/example_dags/example_python_operator.py for tasks to queue
[2024-05-06T20:04:49.938+0000] {logging_mixin.py:188} INFO - [2024-05-06T20:04:49.938+0000] {dagbag.py:540} INFO - Filling up the DagBag from /home/airflow/.local/lib/python3.12/site-packages/airflow/example_dags/example_python_operator.py
[2024-05-06T20:04:49.943+0000] {processor.py:840} INFO - DAG(s) 'example_python_operator' retrieved from /home/airflow/.local/lib/python3.12/site-packages/airflow/example_dags/example_python_operator.py
[2024-05-06T20:04:49.955+0000] {logging_mixin.py:188} INFO - [2024-05-06T20:04:49.955+0000] {dag.py:3096} INFO - Sync 1 DAGs
[2024-05-06T20:04:49.961+0000] {logging_mixin.py:188} INFO - [2024-05-06T20:04:49.961+0000] {dag.py:3954} INFO - Setting next_dagrun for example_python_operator to None, run_after=None
[2024-05-06T20:04:49.975+0000] {processor.py:183} INFO - Processing /home/airflow/.local/lib/python3.12/site-packages/airflow/example_dags/example_python_operator.py took 0.041 seconds
[2024-05-06T20:05:20.952+0000] {processor.py:161} INFO - Started process (PID=4980) to work on /home/airflow/.local/lib/python3.12/site-packages/airflow/example_dags/example_python_operator.py
[2024-05-06T20:05:20.953+0000] {processor.py:830} INFO - Processing file /home/airflow/.local/lib/python3.12/site-packages/airflow/example_dags/example_python_operator.py for tasks to queue
[2024-05-06T20:05:20.954+0000] {logging_mixin.py:188} INFO - [2024-05-06T20:05:20.953+0000] {dagbag.py:540} INFO - Filling up the DagBag from /home/airflow/.local/lib/python3.12/site-packages/airflow/example_dags/example_python_operator.py
[2024-05-06T20:05:20.959+0000] {processor.py:840} INFO - DAG(s) 'example_python_operator' retrieved from /home/airflow/.local/lib/python3.12/site-packages/airflow/example_dags/example_python_operator.py
[2024-05-06T20:05:20.970+0000] {logging_mixin.py:188} INFO - [2024-05-06T20:05:20.970+0000] {dag.py:3096} INFO - Sync 1 DAGs
[2024-05-06T20:05:20.976+0000] {logging_mixin.py:188} INFO - [2024-05-06T20:05:20.976+0000] {dag.py:3954} INFO - Setting next_dagrun for example_python_operator to None, run_after=None
[2024-05-06T20:05:20.984+0000] {processor.py:183} INFO - Processing /home/airflow/.local/lib/python3.12/site-packages/airflow/example_dags/example_python_operator.py took 0.035 seconds
[2024-05-06T20:05:51.557+0000] {processor.py:161} INFO - Started process (PID=5039) to work on /home/airflow/.local/lib/python3.12/site-packages/airflow/example_dags/example_python_operator.py
[2024-05-06T20:05:51.557+0000] {processor.py:830} INFO - Processing file /home/airflow/.local/lib/python3.12/site-packages/airflow/example_dags/example_python_operator.py for tasks to queue
[2024-05-06T20:05:51.558+0000] {logging_mixin.py:188} INFO - [2024-05-06T20:05:51.558+0000] {dagbag.py:540} INFO - Filling up the DagBag from /home/airflow/.local/lib/python3.12/site-packages/airflow/example_dags/example_python_operator.py
[2024-05-06T20:05:51.564+0000] {processor.py:840} INFO - DAG(s) 'example_python_operator' retrieved from /home/airflow/.local/lib/python3.12/site-packages/airflow/example_dags/example_python_operator.py
[2024-05-06T20:05:51.575+0000] {logging_mixin.py:188} INFO - [2024-05-06T20:05:51.575+0000] {dag.py:3096} INFO - Sync 1 DAGs
[2024-05-06T20:05:51.582+0000] {logging_mixin.py:188} INFO - [2024-05-06T20:05:51.581+0000] {dag.py:3954} INFO - Setting next_dagrun for example_python_operator to None, run_after=None
[2024-05-06T20:05:51.591+0000] {processor.py:183} INFO - Processing /home/airflow/.local/lib/python3.12/site-packages/airflow/example_dags/example_python_operator.py took 0.037 seconds
[2024-05-06T20:06:22.313+0000] {processor.py:161} INFO - Started process (PID=5098) to work on /home/airflow/.local/lib/python3.12/site-packages/airflow/example_dags/example_python_operator.py
[2024-05-06T20:06:22.313+0000] {processor.py:830} INFO - Processing file /home/airflow/.local/lib/python3.12/site-packages/airflow/example_dags/example_python_operator.py for tasks to queue
[2024-05-06T20:06:22.314+0000] {logging_mixin.py:188} INFO - [2024-05-06T20:06:22.314+0000] {dagbag.py:540} INFO - Filling up the DagBag from /home/airflow/.local/lib/python3.12/site-packages/airflow/example_dags/example_python_operator.py
[2024-05-06T20:06:22.319+0000] {processor.py:840} INFO - DAG(s) 'example_python_operator' retrieved from /home/airflow/.local/lib/python3.12/site-packages/airflow/example_dags/example_python_operator.py
[2024-05-06T20:06:22.330+0000] {logging_mixin.py:188} INFO - [2024-05-06T20:06:22.330+0000] {dag.py:3096} INFO - Sync 1 DAGs
[2024-05-06T20:06:22.336+0000] {logging_mixin.py:188} INFO - [2024-05-06T20:06:22.335+0000] {dag.py:3954} INFO - Setting next_dagrun for example_python_operator to None, run_after=None
[2024-05-06T20:06:22.344+0000] {processor.py:183} INFO - Processing /home/airflow/.local/lib/python3.12/site-packages/airflow/example_dags/example_python_operator.py took 0.034 seconds
[2024-05-06T20:06:52.912+0000] {processor.py:161} INFO - Started process (PID=5157) to work on /home/airflow/.local/lib/python3.12/site-packages/airflow/example_dags/example_python_operator.py
[2024-05-06T20:06:52.913+0000] {processor.py:830} INFO - Processing file /home/airflow/.local/lib/python3.12/site-packages/airflow/example_dags/example_python_operator.py for tasks to queue
[2024-05-06T20:06:52.914+0000] {logging_mixin.py:188} INFO - [2024-05-06T20:06:52.914+0000] {dagbag.py:540} INFO - Filling up the DagBag from /home/airflow/.local/lib/python3.12/site-packages/airflow/example_dags/example_python_operator.py
[2024-05-06T20:06:52.919+0000] {processor.py:840} INFO - DAG(s) 'example_python_operator' retrieved from /home/airflow/.local/lib/python3.12/site-packages/airflow/example_dags/example_python_operator.py
[2024-05-06T20:06:52.931+0000] {logging_mixin.py:188} INFO - [2024-05-06T20:06:52.930+0000] {dag.py:3096} INFO - Sync 1 DAGs
[2024-05-06T20:06:52.937+0000] {logging_mixin.py:188} INFO - [2024-05-06T20:06:52.937+0000] {dag.py:3954} INFO - Setting next_dagrun for example_python_operator to None, run_after=None
[2024-05-06T20:06:52.946+0000] {processor.py:183} INFO - Processing /home/airflow/.local/lib/python3.12/site-packages/airflow/example_dags/example_python_operator.py took 0.037 seconds
[2024-05-06T20:07:23.645+0000] {processor.py:161} INFO - Started process (PID=5215) to work on /home/airflow/.local/lib/python3.12/site-packages/airflow/example_dags/example_python_operator.py
[2024-05-06T20:07:23.646+0000] {processor.py:830} INFO - Processing file /home/airflow/.local/lib/python3.12/site-packages/airflow/example_dags/example_python_operator.py for tasks to queue
[2024-05-06T20:07:23.647+0000] {logging_mixin.py:188} INFO - [2024-05-06T20:07:23.646+0000] {dagbag.py:540} INFO - Filling up the DagBag from /home/airflow/.local/lib/python3.12/site-packages/airflow/example_dags/example_python_operator.py
[2024-05-06T20:07:23.652+0000] {processor.py:840} INFO - DAG(s) 'example_python_operator' retrieved from /home/airflow/.local/lib/python3.12/site-packages/airflow/example_dags/example_python_operator.py
[2024-05-06T20:07:23.663+0000] {logging_mixin.py:188} INFO - [2024-05-06T20:07:23.663+0000] {dag.py:3096} INFO - Sync 1 DAGs
[2024-05-06T20:07:23.668+0000] {logging_mixin.py:188} INFO - [2024-05-06T20:07:23.668+0000] {dag.py:3954} INFO - Setting next_dagrun for example_python_operator to None, run_after=None
[2024-05-06T20:07:23.676+0000] {processor.py:183} INFO - Processing /home/airflow/.local/lib/python3.12/site-packages/airflow/example_dags/example_python_operator.py took 0.034 seconds
[2024-05-06T20:07:54.731+0000] {processor.py:161} INFO - Started process (PID=5274) to work on /home/airflow/.local/lib/python3.12/site-packages/airflow/example_dags/example_python_operator.py
[2024-05-06T20:07:54.731+0000] {processor.py:830} INFO - Processing file /home/airflow/.local/lib/python3.12/site-packages/airflow/example_dags/example_python_operator.py for tasks to queue
[2024-05-06T20:07:54.732+0000] {logging_mixin.py:188} INFO - [2024-05-06T20:07:54.732+0000] {dagbag.py:540} INFO - Filling up the DagBag from /home/airflow/.local/lib/python3.12/site-packages/airflow/example_dags/example_python_operator.py
[2024-05-06T20:07:54.737+0000] {processor.py:840} INFO - DAG(s) 'example_python_operator' retrieved from /home/airflow/.local/lib/python3.12/site-packages/airflow/example_dags/example_python_operator.py
[2024-05-06T20:07:54.749+0000] {logging_mixin.py:188} INFO - [2024-05-06T20:07:54.749+0000] {dag.py:3096} INFO - Sync 1 DAGs
[2024-05-06T20:07:54.755+0000] {logging_mixin.py:188} INFO - [2024-05-06T20:07:54.755+0000] {dag.py:3954} INFO - Setting next_dagrun for example_python_operator to None, run_after=None
[2024-05-06T20:07:54.764+0000] {processor.py:183} INFO - Processing /home/airflow/.local/lib/python3.12/site-packages/airflow/example_dags/example_python_operator.py took 0.037 seconds
[2024-05-06T20:08:25.029+0000] {processor.py:161} INFO - Started process (PID=5332) to work on /home/airflow/.local/lib/python3.12/site-packages/airflow/example_dags/example_python_operator.py
[2024-05-06T20:08:25.030+0000] {processor.py:830} INFO - Processing file /home/airflow/.local/lib/python3.12/site-packages/airflow/example_dags/example_python_operator.py for tasks to queue
[2024-05-06T20:08:25.031+0000] {logging_mixin.py:188} INFO - [2024-05-06T20:08:25.031+0000] {dagbag.py:540} INFO - Filling up the DagBag from /home/airflow/.local/lib/python3.12/site-packages/airflow/example_dags/example_python_operator.py
[2024-05-06T20:08:25.037+0000] {processor.py:840} INFO - DAG(s) 'example_python_operator' retrieved from /home/airflow/.local/lib/python3.12/site-packages/airflow/example_dags/example_python_operator.py
[2024-05-06T20:08:25.048+0000] {logging_mixin.py:188} INFO - [2024-05-06T20:08:25.048+0000] {dag.py:3096} INFO - Sync 1 DAGs
[2024-05-06T20:08:25.054+0000] {logging_mixin.py:188} INFO - [2024-05-06T20:08:25.054+0000] {dag.py:3954} INFO - Setting next_dagrun for example_python_operator to None, run_after=None
[2024-05-06T20:08:25.062+0000] {processor.py:183} INFO - Processing /home/airflow/.local/lib/python3.12/site-packages/airflow/example_dags/example_python_operator.py took 0.036 seconds
[2024-05-06T20:08:56.037+0000] {processor.py:161} INFO - Started process (PID=5391) to work on /home/airflow/.local/lib/python3.12/site-packages/airflow/example_dags/example_python_operator.py
[2024-05-06T20:08:56.038+0000] {processor.py:830} INFO - Processing file /home/airflow/.local/lib/python3.12/site-packages/airflow/example_dags/example_python_operator.py for tasks to queue
[2024-05-06T20:08:56.039+0000] {logging_mixin.py:188} INFO - [2024-05-06T20:08:56.039+0000] {dagbag.py:540} INFO - Filling up the DagBag from /home/airflow/.local/lib/python3.12/site-packages/airflow/example_dags/example_python_operator.py
[2024-05-06T20:08:56.044+0000] {processor.py:840} INFO - DAG(s) 'example_python_operator' retrieved from /home/airflow/.local/lib/python3.12/site-packages/airflow/example_dags/example_python_operator.py
[2024-05-06T20:08:56.055+0000] {logging_mixin.py:188} INFO - [2024-05-06T20:08:56.055+0000] {dag.py:3096} INFO - Sync 1 DAGs
[2024-05-06T20:08:56.062+0000] {logging_mixin.py:188} INFO - [2024-05-06T20:08:56.061+0000] {dag.py:3954} INFO - Setting next_dagrun for example_python_operator to None, run_after=None
[2024-05-06T20:08:56.070+0000] {processor.py:183} INFO - Processing /home/airflow/.local/lib/python3.12/site-packages/airflow/example_dags/example_python_operator.py took 0.035 seconds
[2024-05-06T20:09:26.883+0000] {processor.py:161} INFO - Started process (PID=5450) to work on /home/airflow/.local/lib/python3.12/site-packages/airflow/example_dags/example_python_operator.py
[2024-05-06T20:09:26.883+0000] {processor.py:830} INFO - Processing file /home/airflow/.local/lib/python3.12/site-packages/airflow/example_dags/example_python_operator.py for tasks to queue
[2024-05-06T20:09:26.885+0000] {logging_mixin.py:188} INFO - [2024-05-06T20:09:26.885+0000] {dagbag.py:540} INFO - Filling up the DagBag from /home/airflow/.local/lib/python3.12/site-packages/airflow/example_dags/example_python_operator.py
[2024-05-06T20:09:26.890+0000] {processor.py:840} INFO - DAG(s) 'example_python_operator' retrieved from /home/airflow/.local/lib/python3.12/site-packages/airflow/example_dags/example_python_operator.py
[2024-05-06T20:09:26.901+0000] {logging_mixin.py:188} INFO - [2024-05-06T20:09:26.901+0000] {dag.py:3096} INFO - Sync 1 DAGs
[2024-05-06T20:09:26.907+0000] {logging_mixin.py:188} INFO - [2024-05-06T20:09:26.907+0000] {dag.py:3954} INFO - Setting next_dagrun for example_python_operator to None, run_after=None
[2024-05-06T20:09:26.916+0000] {processor.py:183} INFO - Processing /home/airflow/.local/lib/python3.12/site-packages/airflow/example_dags/example_python_operator.py took 0.036 seconds
[2024-05-06T20:09:57.328+0000] {processor.py:161} INFO - Started process (PID=5509) to work on /home/airflow/.local/lib/python3.12/site-packages/airflow/example_dags/example_python_operator.py
[2024-05-06T20:09:57.328+0000] {processor.py:830} INFO - Processing file /home/airflow/.local/lib/python3.12/site-packages/airflow/example_dags/example_python_operator.py for tasks to queue
[2024-05-06T20:09:57.329+0000] {logging_mixin.py:188} INFO - [2024-05-06T20:09:57.329+0000] {dagbag.py:540} INFO - Filling up the DagBag from /home/airflow/.local/lib/python3.12/site-packages/airflow/example_dags/example_python_operator.py
[2024-05-06T20:09:57.336+0000] {processor.py:840} INFO - DAG(s) 'example_python_operator' retrieved from /home/airflow/.local/lib/python3.12/site-packages/airflow/example_dags/example_python_operator.py
[2024-05-06T20:09:57.350+0000] {logging_mixin.py:188} INFO - [2024-05-06T20:09:57.350+0000] {dag.py:3096} INFO - Sync 1 DAGs
[2024-05-06T20:09:57.361+0000] {logging_mixin.py:188} INFO - [2024-05-06T20:09:57.361+0000] {dag.py:3954} INFO - Setting next_dagrun for example_python_operator to None, run_after=None
[2024-05-06T20:09:57.371+0000] {processor.py:183} INFO - Processing /home/airflow/.local/lib/python3.12/site-packages/airflow/example_dags/example_python_operator.py took 0.047 seconds
[2024-05-06T20:10:28.297+0000] {processor.py:161} INFO - Started process (PID=5568) to work on /home/airflow/.local/lib/python3.12/site-packages/airflow/example_dags/example_python_operator.py
[2024-05-06T20:10:28.298+0000] {processor.py:830} INFO - Processing file /home/airflow/.local/lib/python3.12/site-packages/airflow/example_dags/example_python_operator.py for tasks to queue
[2024-05-06T20:10:28.299+0000] {logging_mixin.py:188} INFO - [2024-05-06T20:10:28.299+0000] {dagbag.py:540} INFO - Filling up the DagBag from /home/airflow/.local/lib/python3.12/site-packages/airflow/example_dags/example_python_operator.py
[2024-05-06T20:10:28.305+0000] {processor.py:840} INFO - DAG(s) 'example_python_operator' retrieved from /home/airflow/.local/lib/python3.12/site-packages/airflow/example_dags/example_python_operator.py
[2024-05-06T20:10:28.317+0000] {logging_mixin.py:188} INFO - [2024-05-06T20:10:28.317+0000] {dag.py:3096} INFO - Sync 1 DAGs
[2024-05-06T20:10:28.323+0000] {logging_mixin.py:188} INFO - [2024-05-06T20:10:28.323+0000] {dag.py:3954} INFO - Setting next_dagrun for example_python_operator to None, run_after=None
[2024-05-06T20:10:28.332+0000] {processor.py:183} INFO - Processing /home/airflow/.local/lib/python3.12/site-packages/airflow/example_dags/example_python_operator.py took 0.038 seconds
[2024-05-06T20:10:58.424+0000] {processor.py:161} INFO - Started process (PID=5627) to work on /home/airflow/.local/lib/python3.12/site-packages/airflow/example_dags/example_python_operator.py
[2024-05-06T20:10:58.425+0000] {processor.py:830} INFO - Processing file /home/airflow/.local/lib/python3.12/site-packages/airflow/example_dags/example_python_operator.py for tasks to queue
[2024-05-06T20:10:58.426+0000] {logging_mixin.py:188} INFO - [2024-05-06T20:10:58.426+0000] {dagbag.py:540} INFO - Filling up the DagBag from /home/airflow/.local/lib/python3.12/site-packages/airflow/example_dags/example_python_operator.py
[2024-05-06T20:10:58.431+0000] {processor.py:840} INFO - DAG(s) 'example_python_operator' retrieved from /home/airflow/.local/lib/python3.12/site-packages/airflow/example_dags/example_python_operator.py
[2024-05-06T20:10:58.442+0000] {logging_mixin.py:188} INFO - [2024-05-06T20:10:58.442+0000] {dag.py:3096} INFO - Sync 1 DAGs
[2024-05-06T20:10:58.447+0000] {logging_mixin.py:188} INFO - [2024-05-06T20:10:58.447+0000] {dag.py:3954} INFO - Setting next_dagrun for example_python_operator to None, run_after=None
[2024-05-06T20:10:58.455+0000] {processor.py:183} INFO - Processing /home/airflow/.local/lib/python3.12/site-packages/airflow/example_dags/example_python_operator.py took 0.034 seconds
