[2024-05-06T20:01:46.349+0000] {processor.py:161} INFO - Started process (PID=4584) to work on /home/airflow/.local/lib/python3.12/site-packages/airflow/example_dags/example_python_decorator.py
[2024-05-06T20:01:46.350+0000] {processor.py:830} INFO - Processing file /home/airflow/.local/lib/python3.12/site-packages/airflow/example_dags/example_python_decorator.py for tasks to queue
[2024-05-06T20:01:46.351+0000] {logging_mixin.py:188} INFO - [2024-05-06T20:01:46.351+0000] {dagbag.py:540} INFO - Filling up the DagBag from /home/airflow/.local/lib/python3.12/site-packages/airflow/example_dags/example_python_decorator.py
[2024-05-06T20:01:46.357+0000] {processor.py:840} INFO - DAG(s) 'example_python_decorator' retrieved from /home/airflow/.local/lib/python3.12/site-packages/airflow/example_dags/example_python_decorator.py
[2024-05-06T20:01:46.368+0000] {logging_mixin.py:188} INFO - [2024-05-06T20:01:46.368+0000] {dag.py:3096} INFO - Sync 1 DAGs
[2024-05-06T20:01:46.374+0000] {logging_mixin.py:188} INFO - [2024-05-06T20:01:46.374+0000] {dag.py:3954} INFO - Setting next_dagrun for example_python_decorator to None, run_after=None
[2024-05-06T20:01:46.383+0000] {processor.py:183} INFO - Processing /home/airflow/.local/lib/python3.12/site-packages/airflow/example_dags/example_python_decorator.py took 0.037 seconds
[2024-05-06T20:02:17.342+0000] {processor.py:161} INFO - Started process (PID=4642) to work on /home/airflow/.local/lib/python3.12/site-packages/airflow/example_dags/example_python_decorator.py
[2024-05-06T20:02:17.343+0000] {processor.py:830} INFO - Processing file /home/airflow/.local/lib/python3.12/site-packages/airflow/example_dags/example_python_decorator.py for tasks to queue
[2024-05-06T20:02:17.344+0000] {logging_mixin.py:188} INFO - [2024-05-06T20:02:17.344+0000] {dagbag.py:540} INFO - Filling up the DagBag from /home/airflow/.local/lib/python3.12/site-packages/airflow/example_dags/example_python_decorator.py
[2024-05-06T20:02:17.351+0000] {processor.py:840} INFO - DAG(s) 'example_python_decorator' retrieved from /home/airflow/.local/lib/python3.12/site-packages/airflow/example_dags/example_python_decorator.py
[2024-05-06T20:02:17.362+0000] {logging_mixin.py:188} INFO - [2024-05-06T20:02:17.362+0000] {dag.py:3096} INFO - Sync 1 DAGs
[2024-05-06T20:02:17.368+0000] {logging_mixin.py:188} INFO - [2024-05-06T20:02:17.368+0000] {dag.py:3954} INFO - Setting next_dagrun for example_python_decorator to None, run_after=None
[2024-05-06T20:02:17.378+0000] {processor.py:183} INFO - Processing /home/airflow/.local/lib/python3.12/site-packages/airflow/example_dags/example_python_decorator.py took 0.039 seconds
[2024-05-06T20:02:48.308+0000] {processor.py:161} INFO - Started process (PID=4701) to work on /home/airflow/.local/lib/python3.12/site-packages/airflow/example_dags/example_python_decorator.py
[2024-05-06T20:02:48.308+0000] {processor.py:830} INFO - Processing file /home/airflow/.local/lib/python3.12/site-packages/airflow/example_dags/example_python_decorator.py for tasks to queue
[2024-05-06T20:02:48.310+0000] {logging_mixin.py:188} INFO - [2024-05-06T20:02:48.309+0000] {dagbag.py:540} INFO - Filling up the DagBag from /home/airflow/.local/lib/python3.12/site-packages/airflow/example_dags/example_python_decorator.py
[2024-05-06T20:02:48.316+0000] {processor.py:840} INFO - DAG(s) 'example_python_decorator' retrieved from /home/airflow/.local/lib/python3.12/site-packages/airflow/example_dags/example_python_decorator.py
[2024-05-06T20:02:48.327+0000] {logging_mixin.py:188} INFO - [2024-05-06T20:02:48.327+0000] {dag.py:3096} INFO - Sync 1 DAGs
[2024-05-06T20:02:48.332+0000] {logging_mixin.py:188} INFO - [2024-05-06T20:02:48.332+0000] {dag.py:3954} INFO - Setting next_dagrun for example_python_decorator to None, run_after=None
[2024-05-06T20:02:48.341+0000] {processor.py:183} INFO - Processing /home/airflow/.local/lib/python3.12/site-packages/airflow/example_dags/example_python_decorator.py took 0.036 seconds
[2024-05-06T20:03:19.196+0000] {processor.py:161} INFO - Started process (PID=4760) to work on /home/airflow/.local/lib/python3.12/site-packages/airflow/example_dags/example_python_decorator.py
[2024-05-06T20:03:19.196+0000] {processor.py:830} INFO - Processing file /home/airflow/.local/lib/python3.12/site-packages/airflow/example_dags/example_python_decorator.py for tasks to queue
[2024-05-06T20:03:19.197+0000] {logging_mixin.py:188} INFO - [2024-05-06T20:03:19.197+0000] {dagbag.py:540} INFO - Filling up the DagBag from /home/airflow/.local/lib/python3.12/site-packages/airflow/example_dags/example_python_decorator.py
[2024-05-06T20:03:19.203+0000] {processor.py:840} INFO - DAG(s) 'example_python_decorator' retrieved from /home/airflow/.local/lib/python3.12/site-packages/airflow/example_dags/example_python_decorator.py
[2024-05-06T20:03:19.214+0000] {logging_mixin.py:188} INFO - [2024-05-06T20:03:19.214+0000] {dag.py:3096} INFO - Sync 1 DAGs
[2024-05-06T20:03:19.220+0000] {logging_mixin.py:188} INFO - [2024-05-06T20:03:19.220+0000] {dag.py:3954} INFO - Setting next_dagrun for example_python_decorator to None, run_after=None
[2024-05-06T20:03:19.228+0000] {processor.py:183} INFO - Processing /home/airflow/.local/lib/python3.12/site-packages/airflow/example_dags/example_python_decorator.py took 0.036 seconds
[2024-05-06T20:03:50.015+0000] {processor.py:161} INFO - Started process (PID=4818) to work on /home/airflow/.local/lib/python3.12/site-packages/airflow/example_dags/example_python_decorator.py
[2024-05-06T20:03:50.016+0000] {processor.py:830} INFO - Processing file /home/airflow/.local/lib/python3.12/site-packages/airflow/example_dags/example_python_decorator.py for tasks to queue
[2024-05-06T20:03:50.017+0000] {logging_mixin.py:188} INFO - [2024-05-06T20:03:50.017+0000] {dagbag.py:540} INFO - Filling up the DagBag from /home/airflow/.local/lib/python3.12/site-packages/airflow/example_dags/example_python_decorator.py
[2024-05-06T20:03:50.024+0000] {processor.py:840} INFO - DAG(s) 'example_python_decorator' retrieved from /home/airflow/.local/lib/python3.12/site-packages/airflow/example_dags/example_python_decorator.py
[2024-05-06T20:03:50.038+0000] {logging_mixin.py:188} INFO - [2024-05-06T20:03:50.038+0000] {dag.py:3096} INFO - Sync 1 DAGs
[2024-05-06T20:03:50.045+0000] {logging_mixin.py:188} INFO - [2024-05-06T20:03:50.045+0000] {dag.py:3954} INFO - Setting next_dagrun for example_python_decorator to None, run_after=None
[2024-05-06T20:03:50.054+0000] {processor.py:183} INFO - Processing /home/airflow/.local/lib/python3.12/site-packages/airflow/example_dags/example_python_decorator.py took 0.043 seconds
[2024-05-06T20:04:20.165+0000] {processor.py:161} INFO - Started process (PID=4876) to work on /home/airflow/.local/lib/python3.12/site-packages/airflow/example_dags/example_python_decorator.py
[2024-05-06T20:04:20.166+0000] {processor.py:830} INFO - Processing file /home/airflow/.local/lib/python3.12/site-packages/airflow/example_dags/example_python_decorator.py for tasks to queue
[2024-05-06T20:04:20.167+0000] {logging_mixin.py:188} INFO - [2024-05-06T20:04:20.167+0000] {dagbag.py:540} INFO - Filling up the DagBag from /home/airflow/.local/lib/python3.12/site-packages/airflow/example_dags/example_python_decorator.py
[2024-05-06T20:04:20.173+0000] {processor.py:840} INFO - DAG(s) 'example_python_decorator' retrieved from /home/airflow/.local/lib/python3.12/site-packages/airflow/example_dags/example_python_decorator.py
[2024-05-06T20:04:20.184+0000] {logging_mixin.py:188} INFO - [2024-05-06T20:04:20.184+0000] {dag.py:3096} INFO - Sync 1 DAGs
[2024-05-06T20:04:20.190+0000] {logging_mixin.py:188} INFO - [2024-05-06T20:04:20.189+0000] {dag.py:3954} INFO - Setting next_dagrun for example_python_decorator to None, run_after=None
[2024-05-06T20:04:20.199+0000] {processor.py:183} INFO - Processing /home/airflow/.local/lib/python3.12/site-packages/airflow/example_dags/example_python_decorator.py took 0.037 seconds
[2024-05-06T20:04:50.278+0000] {processor.py:161} INFO - Started process (PID=4935) to work on /home/airflow/.local/lib/python3.12/site-packages/airflow/example_dags/example_python_decorator.py
[2024-05-06T20:04:50.279+0000] {processor.py:830} INFO - Processing file /home/airflow/.local/lib/python3.12/site-packages/airflow/example_dags/example_python_decorator.py for tasks to queue
[2024-05-06T20:04:50.280+0000] {logging_mixin.py:188} INFO - [2024-05-06T20:04:50.280+0000] {dagbag.py:540} INFO - Filling up the DagBag from /home/airflow/.local/lib/python3.12/site-packages/airflow/example_dags/example_python_decorator.py
[2024-05-06T20:04:50.286+0000] {processor.py:840} INFO - DAG(s) 'example_python_decorator' retrieved from /home/airflow/.local/lib/python3.12/site-packages/airflow/example_dags/example_python_decorator.py
[2024-05-06T20:04:50.297+0000] {logging_mixin.py:188} INFO - [2024-05-06T20:04:50.296+0000] {dag.py:3096} INFO - Sync 1 DAGs
[2024-05-06T20:04:50.307+0000] {logging_mixin.py:188} INFO - [2024-05-06T20:04:50.306+0000] {dag.py:3954} INFO - Setting next_dagrun for example_python_decorator to None, run_after=None
[2024-05-06T20:04:50.319+0000] {processor.py:183} INFO - Processing /home/airflow/.local/lib/python3.12/site-packages/airflow/example_dags/example_python_decorator.py took 0.044 seconds
[2024-05-06T20:05:21.272+0000] {processor.py:161} INFO - Started process (PID=4994) to work on /home/airflow/.local/lib/python3.12/site-packages/airflow/example_dags/example_python_decorator.py
[2024-05-06T20:05:21.273+0000] {processor.py:830} INFO - Processing file /home/airflow/.local/lib/python3.12/site-packages/airflow/example_dags/example_python_decorator.py for tasks to queue
[2024-05-06T20:05:21.274+0000] {logging_mixin.py:188} INFO - [2024-05-06T20:05:21.273+0000] {dagbag.py:540} INFO - Filling up the DagBag from /home/airflow/.local/lib/python3.12/site-packages/airflow/example_dags/example_python_decorator.py
[2024-05-06T20:05:21.280+0000] {processor.py:840} INFO - DAG(s) 'example_python_decorator' retrieved from /home/airflow/.local/lib/python3.12/site-packages/airflow/example_dags/example_python_decorator.py
[2024-05-06T20:05:21.291+0000] {logging_mixin.py:188} INFO - [2024-05-06T20:05:21.290+0000] {dag.py:3096} INFO - Sync 1 DAGs
[2024-05-06T20:05:21.297+0000] {logging_mixin.py:188} INFO - [2024-05-06T20:05:21.297+0000] {dag.py:3954} INFO - Setting next_dagrun for example_python_decorator to None, run_after=None
[2024-05-06T20:05:21.305+0000] {processor.py:183} INFO - Processing /home/airflow/.local/lib/python3.12/site-packages/airflow/example_dags/example_python_decorator.py took 0.036 seconds
[2024-05-06T20:05:51.904+0000] {processor.py:161} INFO - Started process (PID=5053) to work on /home/airflow/.local/lib/python3.12/site-packages/airflow/example_dags/example_python_decorator.py
[2024-05-06T20:05:51.904+0000] {processor.py:830} INFO - Processing file /home/airflow/.local/lib/python3.12/site-packages/airflow/example_dags/example_python_decorator.py for tasks to queue
[2024-05-06T20:05:51.905+0000] {logging_mixin.py:188} INFO - [2024-05-06T20:05:51.905+0000] {dagbag.py:540} INFO - Filling up the DagBag from /home/airflow/.local/lib/python3.12/site-packages/airflow/example_dags/example_python_decorator.py
[2024-05-06T20:05:51.911+0000] {processor.py:840} INFO - DAG(s) 'example_python_decorator' retrieved from /home/airflow/.local/lib/python3.12/site-packages/airflow/example_dags/example_python_decorator.py
[2024-05-06T20:05:51.922+0000] {logging_mixin.py:188} INFO - [2024-05-06T20:05:51.922+0000] {dag.py:3096} INFO - Sync 1 DAGs
[2024-05-06T20:05:51.928+0000] {logging_mixin.py:188} INFO - [2024-05-06T20:05:51.928+0000] {dag.py:3954} INFO - Setting next_dagrun for example_python_decorator to None, run_after=None
[2024-05-06T20:05:51.937+0000] {processor.py:183} INFO - Processing /home/airflow/.local/lib/python3.12/site-packages/airflow/example_dags/example_python_decorator.py took 0.036 seconds
[2024-05-06T20:06:22.643+0000] {processor.py:161} INFO - Started process (PID=5112) to work on /home/airflow/.local/lib/python3.12/site-packages/airflow/example_dags/example_python_decorator.py
[2024-05-06T20:06:22.643+0000] {processor.py:830} INFO - Processing file /home/airflow/.local/lib/python3.12/site-packages/airflow/example_dags/example_python_decorator.py for tasks to queue
[2024-05-06T20:06:22.644+0000] {logging_mixin.py:188} INFO - [2024-05-06T20:06:22.644+0000] {dagbag.py:540} INFO - Filling up the DagBag from /home/airflow/.local/lib/python3.12/site-packages/airflow/example_dags/example_python_decorator.py
[2024-05-06T20:06:22.650+0000] {processor.py:840} INFO - DAG(s) 'example_python_decorator' retrieved from /home/airflow/.local/lib/python3.12/site-packages/airflow/example_dags/example_python_decorator.py
[2024-05-06T20:06:22.661+0000] {logging_mixin.py:188} INFO - [2024-05-06T20:06:22.661+0000] {dag.py:3096} INFO - Sync 1 DAGs
[2024-05-06T20:06:22.668+0000] {logging_mixin.py:188} INFO - [2024-05-06T20:06:22.668+0000] {dag.py:3954} INFO - Setting next_dagrun for example_python_decorator to None, run_after=None
[2024-05-06T20:06:22.682+0000] {processor.py:183} INFO - Processing /home/airflow/.local/lib/python3.12/site-packages/airflow/example_dags/example_python_decorator.py took 0.042 seconds
[2024-05-06T20:06:53.271+0000] {processor.py:161} INFO - Started process (PID=5171) to work on /home/airflow/.local/lib/python3.12/site-packages/airflow/example_dags/example_python_decorator.py
[2024-05-06T20:06:53.272+0000] {processor.py:830} INFO - Processing file /home/airflow/.local/lib/python3.12/site-packages/airflow/example_dags/example_python_decorator.py for tasks to queue
[2024-05-06T20:06:53.273+0000] {logging_mixin.py:188} INFO - [2024-05-06T20:06:53.273+0000] {dagbag.py:540} INFO - Filling up the DagBag from /home/airflow/.local/lib/python3.12/site-packages/airflow/example_dags/example_python_decorator.py
[2024-05-06T20:06:53.279+0000] {processor.py:840} INFO - DAG(s) 'example_python_decorator' retrieved from /home/airflow/.local/lib/python3.12/site-packages/airflow/example_dags/example_python_decorator.py
[2024-05-06T20:06:53.291+0000] {logging_mixin.py:188} INFO - [2024-05-06T20:06:53.291+0000] {dag.py:3096} INFO - Sync 1 DAGs
[2024-05-06T20:06:53.297+0000] {logging_mixin.py:188} INFO - [2024-05-06T20:06:53.297+0000] {dag.py:3954} INFO - Setting next_dagrun for example_python_decorator to None, run_after=None
[2024-05-06T20:06:53.307+0000] {processor.py:183} INFO - Processing /home/airflow/.local/lib/python3.12/site-packages/airflow/example_dags/example_python_decorator.py took 0.040 seconds
[2024-05-06T20:07:23.997+0000] {processor.py:161} INFO - Started process (PID=5229) to work on /home/airflow/.local/lib/python3.12/site-packages/airflow/example_dags/example_python_decorator.py
[2024-05-06T20:07:23.997+0000] {processor.py:830} INFO - Processing file /home/airflow/.local/lib/python3.12/site-packages/airflow/example_dags/example_python_decorator.py for tasks to queue
[2024-05-06T20:07:23.998+0000] {logging_mixin.py:188} INFO - [2024-05-06T20:07:23.998+0000] {dagbag.py:540} INFO - Filling up the DagBag from /home/airflow/.local/lib/python3.12/site-packages/airflow/example_dags/example_python_decorator.py
[2024-05-06T20:07:24.005+0000] {processor.py:840} INFO - DAG(s) 'example_python_decorator' retrieved from /home/airflow/.local/lib/python3.12/site-packages/airflow/example_dags/example_python_decorator.py
[2024-05-06T20:07:24.016+0000] {logging_mixin.py:188} INFO - [2024-05-06T20:07:24.016+0000] {dag.py:3096} INFO - Sync 1 DAGs
[2024-05-06T20:07:24.022+0000] {logging_mixin.py:188} INFO - [2024-05-06T20:07:24.022+0000] {dag.py:3954} INFO - Setting next_dagrun for example_python_decorator to None, run_after=None
[2024-05-06T20:07:24.032+0000] {processor.py:183} INFO - Processing /home/airflow/.local/lib/python3.12/site-packages/airflow/example_dags/example_python_decorator.py took 0.038 seconds
[2024-05-06T20:07:55.107+0000] {processor.py:161} INFO - Started process (PID=5288) to work on /home/airflow/.local/lib/python3.12/site-packages/airflow/example_dags/example_python_decorator.py
[2024-05-06T20:07:55.108+0000] {processor.py:830} INFO - Processing file /home/airflow/.local/lib/python3.12/site-packages/airflow/example_dags/example_python_decorator.py for tasks to queue
[2024-05-06T20:07:55.109+0000] {logging_mixin.py:188} INFO - [2024-05-06T20:07:55.109+0000] {dagbag.py:540} INFO - Filling up the DagBag from /home/airflow/.local/lib/python3.12/site-packages/airflow/example_dags/example_python_decorator.py
[2024-05-06T20:07:55.115+0000] {processor.py:840} INFO - DAG(s) 'example_python_decorator' retrieved from /home/airflow/.local/lib/python3.12/site-packages/airflow/example_dags/example_python_decorator.py
[2024-05-06T20:07:55.127+0000] {logging_mixin.py:188} INFO - [2024-05-06T20:07:55.127+0000] {dag.py:3096} INFO - Sync 1 DAGs
[2024-05-06T20:07:55.133+0000] {logging_mixin.py:188} INFO - [2024-05-06T20:07:55.133+0000] {dag.py:3954} INFO - Setting next_dagrun for example_python_decorator to None, run_after=None
[2024-05-06T20:07:55.142+0000] {processor.py:183} INFO - Processing /home/airflow/.local/lib/python3.12/site-packages/airflow/example_dags/example_python_decorator.py took 0.038 seconds
[2024-05-06T20:08:25.356+0000] {processor.py:161} INFO - Started process (PID=5346) to work on /home/airflow/.local/lib/python3.12/site-packages/airflow/example_dags/example_python_decorator.py
[2024-05-06T20:08:25.356+0000] {processor.py:830} INFO - Processing file /home/airflow/.local/lib/python3.12/site-packages/airflow/example_dags/example_python_decorator.py for tasks to queue
[2024-05-06T20:08:25.358+0000] {logging_mixin.py:188} INFO - [2024-05-06T20:08:25.357+0000] {dagbag.py:540} INFO - Filling up the DagBag from /home/airflow/.local/lib/python3.12/site-packages/airflow/example_dags/example_python_decorator.py
[2024-05-06T20:08:25.364+0000] {processor.py:840} INFO - DAG(s) 'example_python_decorator' retrieved from /home/airflow/.local/lib/python3.12/site-packages/airflow/example_dags/example_python_decorator.py
[2024-05-06T20:08:25.375+0000] {logging_mixin.py:188} INFO - [2024-05-06T20:08:25.375+0000] {dag.py:3096} INFO - Sync 1 DAGs
[2024-05-06T20:08:25.380+0000] {logging_mixin.py:188} INFO - [2024-05-06T20:08:25.380+0000] {dag.py:3954} INFO - Setting next_dagrun for example_python_decorator to None, run_after=None
[2024-05-06T20:08:25.388+0000] {processor.py:183} INFO - Processing /home/airflow/.local/lib/python3.12/site-packages/airflow/example_dags/example_python_decorator.py took 0.036 seconds
[2024-05-06T20:08:56.352+0000] {processor.py:161} INFO - Started process (PID=5405) to work on /home/airflow/.local/lib/python3.12/site-packages/airflow/example_dags/example_python_decorator.py
[2024-05-06T20:08:56.352+0000] {processor.py:830} INFO - Processing file /home/airflow/.local/lib/python3.12/site-packages/airflow/example_dags/example_python_decorator.py for tasks to queue
[2024-05-06T20:08:56.353+0000] {logging_mixin.py:188} INFO - [2024-05-06T20:08:56.353+0000] {dagbag.py:540} INFO - Filling up the DagBag from /home/airflow/.local/lib/python3.12/site-packages/airflow/example_dags/example_python_decorator.py
[2024-05-06T20:08:56.359+0000] {processor.py:840} INFO - DAG(s) 'example_python_decorator' retrieved from /home/airflow/.local/lib/python3.12/site-packages/airflow/example_dags/example_python_decorator.py
[2024-05-06T20:08:56.370+0000] {logging_mixin.py:188} INFO - [2024-05-06T20:08:56.369+0000] {dag.py:3096} INFO - Sync 1 DAGs
[2024-05-06T20:08:56.375+0000] {logging_mixin.py:188} INFO - [2024-05-06T20:08:56.375+0000] {dag.py:3954} INFO - Setting next_dagrun for example_python_decorator to None, run_after=None
[2024-05-06T20:08:56.383+0000] {processor.py:183} INFO - Processing /home/airflow/.local/lib/python3.12/site-packages/airflow/example_dags/example_python_decorator.py took 0.035 seconds
[2024-05-06T20:09:27.197+0000] {processor.py:161} INFO - Started process (PID=5464) to work on /home/airflow/.local/lib/python3.12/site-packages/airflow/example_dags/example_python_decorator.py
[2024-05-06T20:09:27.197+0000] {processor.py:830} INFO - Processing file /home/airflow/.local/lib/python3.12/site-packages/airflow/example_dags/example_python_decorator.py for tasks to queue
[2024-05-06T20:09:27.198+0000] {logging_mixin.py:188} INFO - [2024-05-06T20:09:27.198+0000] {dagbag.py:540} INFO - Filling up the DagBag from /home/airflow/.local/lib/python3.12/site-packages/airflow/example_dags/example_python_decorator.py
[2024-05-06T20:09:27.204+0000] {processor.py:840} INFO - DAG(s) 'example_python_decorator' retrieved from /home/airflow/.local/lib/python3.12/site-packages/airflow/example_dags/example_python_decorator.py
[2024-05-06T20:09:27.215+0000] {logging_mixin.py:188} INFO - [2024-05-06T20:09:27.215+0000] {dag.py:3096} INFO - Sync 1 DAGs
[2024-05-06T20:09:27.222+0000] {logging_mixin.py:188} INFO - [2024-05-06T20:09:27.222+0000] {dag.py:3954} INFO - Setting next_dagrun for example_python_decorator to None, run_after=None
[2024-05-06T20:09:27.230+0000] {processor.py:183} INFO - Processing /home/airflow/.local/lib/python3.12/site-packages/airflow/example_dags/example_python_decorator.py took 0.037 seconds
[2024-05-06T20:09:57.727+0000] {processor.py:161} INFO - Started process (PID=5523) to work on /home/airflow/.local/lib/python3.12/site-packages/airflow/example_dags/example_python_decorator.py
[2024-05-06T20:09:57.728+0000] {processor.py:830} INFO - Processing file /home/airflow/.local/lib/python3.12/site-packages/airflow/example_dags/example_python_decorator.py for tasks to queue
[2024-05-06T20:09:57.729+0000] {logging_mixin.py:188} INFO - [2024-05-06T20:09:57.728+0000] {dagbag.py:540} INFO - Filling up the DagBag from /home/airflow/.local/lib/python3.12/site-packages/airflow/example_dags/example_python_decorator.py
[2024-05-06T20:09:57.735+0000] {processor.py:840} INFO - DAG(s) 'example_python_decorator' retrieved from /home/airflow/.local/lib/python3.12/site-packages/airflow/example_dags/example_python_decorator.py
[2024-05-06T20:09:57.747+0000] {logging_mixin.py:188} INFO - [2024-05-06T20:09:57.747+0000] {dag.py:3096} INFO - Sync 1 DAGs
[2024-05-06T20:09:57.753+0000] {logging_mixin.py:188} INFO - [2024-05-06T20:09:57.753+0000] {dag.py:3954} INFO - Setting next_dagrun for example_python_decorator to None, run_after=None
[2024-05-06T20:09:57.762+0000] {processor.py:183} INFO - Processing /home/airflow/.local/lib/python3.12/site-packages/airflow/example_dags/example_python_decorator.py took 0.038 seconds
[2024-05-06T20:10:28.648+0000] {processor.py:161} INFO - Started process (PID=5582) to work on /home/airflow/.local/lib/python3.12/site-packages/airflow/example_dags/example_python_decorator.py
[2024-05-06T20:10:28.649+0000] {processor.py:830} INFO - Processing file /home/airflow/.local/lib/python3.12/site-packages/airflow/example_dags/example_python_decorator.py for tasks to queue
[2024-05-06T20:10:28.651+0000] {logging_mixin.py:188} INFO - [2024-05-06T20:10:28.650+0000] {dagbag.py:540} INFO - Filling up the DagBag from /home/airflow/.local/lib/python3.12/site-packages/airflow/example_dags/example_python_decorator.py
[2024-05-06T20:10:28.657+0000] {processor.py:840} INFO - DAG(s) 'example_python_decorator' retrieved from /home/airflow/.local/lib/python3.12/site-packages/airflow/example_dags/example_python_decorator.py
[2024-05-06T20:10:28.668+0000] {logging_mixin.py:188} INFO - [2024-05-06T20:10:28.668+0000] {dag.py:3096} INFO - Sync 1 DAGs
[2024-05-06T20:10:28.673+0000] {logging_mixin.py:188} INFO - [2024-05-06T20:10:28.673+0000] {dag.py:3954} INFO - Setting next_dagrun for example_python_decorator to None, run_after=None
[2024-05-06T20:10:28.685+0000] {processor.py:183} INFO - Processing /home/airflow/.local/lib/python3.12/site-packages/airflow/example_dags/example_python_decorator.py took 0.040 seconds
[2024-05-06T20:10:58.780+0000] {processor.py:161} INFO - Started process (PID=5641) to work on /home/airflow/.local/lib/python3.12/site-packages/airflow/example_dags/example_python_decorator.py
[2024-05-06T20:10:58.781+0000] {processor.py:830} INFO - Processing file /home/airflow/.local/lib/python3.12/site-packages/airflow/example_dags/example_python_decorator.py for tasks to queue
[2024-05-06T20:10:58.782+0000] {logging_mixin.py:188} INFO - [2024-05-06T20:10:58.782+0000] {dagbag.py:540} INFO - Filling up the DagBag from /home/airflow/.local/lib/python3.12/site-packages/airflow/example_dags/example_python_decorator.py
[2024-05-06T20:10:58.788+0000] {processor.py:840} INFO - DAG(s) 'example_python_decorator' retrieved from /home/airflow/.local/lib/python3.12/site-packages/airflow/example_dags/example_python_decorator.py
[2024-05-06T20:10:58.799+0000] {logging_mixin.py:188} INFO - [2024-05-06T20:10:58.799+0000] {dag.py:3096} INFO - Sync 1 DAGs
[2024-05-06T20:10:58.804+0000] {logging_mixin.py:188} INFO - [2024-05-06T20:10:58.804+0000] {dag.py:3954} INFO - Setting next_dagrun for example_python_decorator to None, run_after=None
[2024-05-06T20:10:58.812+0000] {processor.py:183} INFO - Processing /home/airflow/.local/lib/python3.12/site-packages/airflow/example_dags/example_python_decorator.py took 0.035 seconds
