[2024-05-06T17:59:07.669+0000] {processor.py:161} INFO - Started process (PID=38) to work on /home/airflow/.local/lib/python3.12/site-packages/airflow/example_dags/example_dag_decorator.py
[2024-05-06T17:59:07.670+0000] {processor.py:830} INFO - Processing file /home/airflow/.local/lib/python3.12/site-packages/airflow/example_dags/example_dag_decorator.py for tasks to queue
[2024-05-06T17:59:07.671+0000] {logging_mixin.py:188} INFO - [2024-05-06T17:59:07.671+0000] {dagbag.py:540} INFO - Filling up the DagBag from /home/airflow/.local/lib/python3.12/site-packages/airflow/example_dags/example_dag_decorator.py
[2024-05-06T17:59:07.810+0000] {processor.py:840} INFO - DAG(s) 'example_dag_decorator' retrieved from /home/airflow/.local/lib/python3.12/site-packages/airflow/example_dags/example_dag_decorator.py
[2024-05-06T17:59:07.876+0000] {logging_mixin.py:188} INFO - [2024-05-06T17:59:07.875+0000] {override.py:1829} INFO - Created Permission View: can delete on DAG:example_dag_decorator
[2024-05-06T17:59:07.881+0000] {logging_mixin.py:188} INFO - [2024-05-06T17:59:07.881+0000] {override.py:1829} INFO - Created Permission View: can edit on DAG:example_dag_decorator
[2024-05-06T17:59:07.884+0000] {logging_mixin.py:188} INFO - [2024-05-06T17:59:07.884+0000] {override.py:1829} INFO - Created Permission View: can read on DAG:example_dag_decorator
[2024-05-06T17:59:07.884+0000] {logging_mixin.py:188} INFO - [2024-05-06T17:59:07.884+0000] {dag.py:3096} INFO - Sync 1 DAGs
[2024-05-06T17:59:07.891+0000] {logging_mixin.py:188} INFO - [2024-05-06T17:59:07.890+0000] {dag.py:3118} INFO - Creating ORM DAG for example_dag_decorator
[2024-05-06T17:59:07.891+0000] {logging_mixin.py:188} INFO - [2024-05-06T17:59:07.891+0000] {dag.py:3954} INFO - Setting next_dagrun for example_dag_decorator to None, run_after=None
[2024-05-06T17:59:07.901+0000] {processor.py:183} INFO - Processing /home/airflow/.local/lib/python3.12/site-packages/airflow/example_dags/example_dag_decorator.py took 0.235 seconds
[2024-05-06T17:59:38.909+0000] {processor.py:161} INFO - Started process (PID=95) to work on /home/airflow/.local/lib/python3.12/site-packages/airflow/example_dags/example_dag_decorator.py
[2024-05-06T17:59:38.911+0000] {processor.py:830} INFO - Processing file /home/airflow/.local/lib/python3.12/site-packages/airflow/example_dags/example_dag_decorator.py for tasks to queue
[2024-05-06T17:59:38.913+0000] {logging_mixin.py:188} INFO - [2024-05-06T17:59:38.913+0000] {dagbag.py:540} INFO - Filling up the DagBag from /home/airflow/.local/lib/python3.12/site-packages/airflow/example_dags/example_dag_decorator.py
[2024-05-06T17:59:38.973+0000] {processor.py:840} INFO - DAG(s) 'example_dag_decorator' retrieved from /home/airflow/.local/lib/python3.12/site-packages/airflow/example_dags/example_dag_decorator.py
[2024-05-06T17:59:39.019+0000] {logging_mixin.py:188} INFO - [2024-05-06T17:59:39.019+0000] {dag.py:3096} INFO - Sync 1 DAGs
[2024-05-06T17:59:39.024+0000] {logging_mixin.py:188} INFO - [2024-05-06T17:59:39.024+0000] {dag.py:3954} INFO - Setting next_dagrun for example_dag_decorator to None, run_after=None
[2024-05-06T17:59:39.033+0000] {processor.py:183} INFO - Processing /home/airflow/.local/lib/python3.12/site-packages/airflow/example_dags/example_dag_decorator.py took 0.132 seconds
[2024-05-06T18:00:09.469+0000] {processor.py:161} INFO - Started process (PID=153) to work on /home/airflow/.local/lib/python3.12/site-packages/airflow/example_dags/example_dag_decorator.py
[2024-05-06T18:00:09.469+0000] {processor.py:830} INFO - Processing file /home/airflow/.local/lib/python3.12/site-packages/airflow/example_dags/example_dag_decorator.py for tasks to queue
[2024-05-06T18:00:09.470+0000] {logging_mixin.py:188} INFO - [2024-05-06T18:00:09.470+0000] {dagbag.py:540} INFO - Filling up the DagBag from /home/airflow/.local/lib/python3.12/site-packages/airflow/example_dags/example_dag_decorator.py
[2024-05-06T18:00:09.538+0000] {processor.py:840} INFO - DAG(s) 'example_dag_decorator' retrieved from /home/airflow/.local/lib/python3.12/site-packages/airflow/example_dags/example_dag_decorator.py
[2024-05-06T18:00:09.620+0000] {logging_mixin.py:188} INFO - [2024-05-06T18:00:09.619+0000] {dag.py:3096} INFO - Sync 1 DAGs
[2024-05-06T18:00:09.627+0000] {logging_mixin.py:188} INFO - [2024-05-06T18:00:09.627+0000] {dag.py:3954} INFO - Setting next_dagrun for example_dag_decorator to None, run_after=None
[2024-05-06T18:00:09.639+0000] {processor.py:183} INFO - Processing /home/airflow/.local/lib/python3.12/site-packages/airflow/example_dags/example_dag_decorator.py took 0.176 seconds
[2024-05-06T18:00:40.045+0000] {processor.py:161} INFO - Started process (PID=211) to work on /home/airflow/.local/lib/python3.12/site-packages/airflow/example_dags/example_dag_decorator.py
[2024-05-06T18:00:40.047+0000] {processor.py:830} INFO - Processing file /home/airflow/.local/lib/python3.12/site-packages/airflow/example_dags/example_dag_decorator.py for tasks to queue
[2024-05-06T18:00:40.049+0000] {logging_mixin.py:188} INFO - [2024-05-06T18:00:40.049+0000] {dagbag.py:540} INFO - Filling up the DagBag from /home/airflow/.local/lib/python3.12/site-packages/airflow/example_dags/example_dag_decorator.py
[2024-05-06T18:00:40.109+0000] {processor.py:840} INFO - DAG(s) 'example_dag_decorator' retrieved from /home/airflow/.local/lib/python3.12/site-packages/airflow/example_dags/example_dag_decorator.py
[2024-05-06T18:00:40.246+0000] {logging_mixin.py:188} INFO - [2024-05-06T18:00:40.246+0000] {dag.py:3096} INFO - Sync 1 DAGs
[2024-05-06T18:00:40.250+0000] {logging_mixin.py:188} INFO - [2024-05-06T18:00:40.250+0000] {dag.py:3954} INFO - Setting next_dagrun for example_dag_decorator to None, run_after=None
[2024-05-06T18:00:40.257+0000] {processor.py:183} INFO - Processing /home/airflow/.local/lib/python3.12/site-packages/airflow/example_dags/example_dag_decorator.py took 0.221 seconds
[2024-05-06T18:01:10.683+0000] {processor.py:161} INFO - Started process (PID=269) to work on /home/airflow/.local/lib/python3.12/site-packages/airflow/example_dags/example_dag_decorator.py
[2024-05-06T18:01:10.685+0000] {processor.py:830} INFO - Processing file /home/airflow/.local/lib/python3.12/site-packages/airflow/example_dags/example_dag_decorator.py for tasks to queue
[2024-05-06T18:01:10.687+0000] {logging_mixin.py:188} INFO - [2024-05-06T18:01:10.687+0000] {dagbag.py:540} INFO - Filling up the DagBag from /home/airflow/.local/lib/python3.12/site-packages/airflow/example_dags/example_dag_decorator.py
[2024-05-06T18:01:10.745+0000] {processor.py:840} INFO - DAG(s) 'example_dag_decorator' retrieved from /home/airflow/.local/lib/python3.12/site-packages/airflow/example_dags/example_dag_decorator.py
[2024-05-06T18:01:10.878+0000] {logging_mixin.py:188} INFO - [2024-05-06T18:01:10.878+0000] {dag.py:3096} INFO - Sync 1 DAGs
[2024-05-06T18:01:10.884+0000] {logging_mixin.py:188} INFO - [2024-05-06T18:01:10.883+0000] {dag.py:3954} INFO - Setting next_dagrun for example_dag_decorator to None, run_after=None
[2024-05-06T18:01:10.891+0000] {processor.py:183} INFO - Processing /home/airflow/.local/lib/python3.12/site-packages/airflow/example_dags/example_dag_decorator.py took 0.217 seconds
[2024-05-06T18:01:41.276+0000] {processor.py:161} INFO - Started process (PID=327) to work on /home/airflow/.local/lib/python3.12/site-packages/airflow/example_dags/example_dag_decorator.py
[2024-05-06T18:01:41.277+0000] {processor.py:830} INFO - Processing file /home/airflow/.local/lib/python3.12/site-packages/airflow/example_dags/example_dag_decorator.py for tasks to queue
[2024-05-06T18:01:41.279+0000] {logging_mixin.py:188} INFO - [2024-05-06T18:01:41.279+0000] {dagbag.py:540} INFO - Filling up the DagBag from /home/airflow/.local/lib/python3.12/site-packages/airflow/example_dags/example_dag_decorator.py
[2024-05-06T18:01:41.336+0000] {processor.py:840} INFO - DAG(s) 'example_dag_decorator' retrieved from /home/airflow/.local/lib/python3.12/site-packages/airflow/example_dags/example_dag_decorator.py
[2024-05-06T18:01:41.385+0000] {logging_mixin.py:188} INFO - [2024-05-06T18:01:41.385+0000] {dag.py:3096} INFO - Sync 1 DAGs
[2024-05-06T18:01:41.477+0000] {logging_mixin.py:188} INFO - [2024-05-06T18:01:41.477+0000] {dag.py:3954} INFO - Setting next_dagrun for example_dag_decorator to None, run_after=None
[2024-05-06T18:01:41.485+0000] {processor.py:183} INFO - Processing /home/airflow/.local/lib/python3.12/site-packages/airflow/example_dags/example_dag_decorator.py took 0.217 seconds
[2024-05-06T18:02:11.952+0000] {processor.py:161} INFO - Started process (PID=385) to work on /home/airflow/.local/lib/python3.12/site-packages/airflow/example_dags/example_dag_decorator.py
[2024-05-06T18:02:11.954+0000] {processor.py:830} INFO - Processing file /home/airflow/.local/lib/python3.12/site-packages/airflow/example_dags/example_dag_decorator.py for tasks to queue
[2024-05-06T18:02:11.955+0000] {logging_mixin.py:188} INFO - [2024-05-06T18:02:11.955+0000] {dagbag.py:540} INFO - Filling up the DagBag from /home/airflow/.local/lib/python3.12/site-packages/airflow/example_dags/example_dag_decorator.py
[2024-05-06T18:02:12.005+0000] {processor.py:840} INFO - DAG(s) 'example_dag_decorator' retrieved from /home/airflow/.local/lib/python3.12/site-packages/airflow/example_dags/example_dag_decorator.py
[2024-05-06T18:02:12.136+0000] {logging_mixin.py:188} INFO - [2024-05-06T18:02:12.136+0000] {dag.py:3096} INFO - Sync 1 DAGs
[2024-05-06T18:02:12.140+0000] {logging_mixin.py:188} INFO - [2024-05-06T18:02:12.139+0000] {dag.py:3954} INFO - Setting next_dagrun for example_dag_decorator to None, run_after=None
[2024-05-06T18:02:12.148+0000] {processor.py:183} INFO - Processing /home/airflow/.local/lib/python3.12/site-packages/airflow/example_dags/example_dag_decorator.py took 0.201 seconds
[2024-05-06T18:02:42.558+0000] {processor.py:161} INFO - Started process (PID=443) to work on /home/airflow/.local/lib/python3.12/site-packages/airflow/example_dags/example_dag_decorator.py
[2024-05-06T18:02:42.559+0000] {processor.py:830} INFO - Processing file /home/airflow/.local/lib/python3.12/site-packages/airflow/example_dags/example_dag_decorator.py for tasks to queue
[2024-05-06T18:02:42.562+0000] {logging_mixin.py:188} INFO - [2024-05-06T18:02:42.561+0000] {dagbag.py:540} INFO - Filling up the DagBag from /home/airflow/.local/lib/python3.12/site-packages/airflow/example_dags/example_dag_decorator.py
[2024-05-06T18:02:42.620+0000] {processor.py:840} INFO - DAG(s) 'example_dag_decorator' retrieved from /home/airflow/.local/lib/python3.12/site-packages/airflow/example_dags/example_dag_decorator.py
[2024-05-06T18:02:42.753+0000] {logging_mixin.py:188} INFO - [2024-05-06T18:02:42.752+0000] {dag.py:3096} INFO - Sync 1 DAGs
[2024-05-06T18:02:42.757+0000] {logging_mixin.py:188} INFO - [2024-05-06T18:02:42.757+0000] {dag.py:3954} INFO - Setting next_dagrun for example_dag_decorator to None, run_after=None
[2024-05-06T18:02:42.764+0000] {processor.py:183} INFO - Processing /home/airflow/.local/lib/python3.12/site-packages/airflow/example_dags/example_dag_decorator.py took 0.216 seconds
[2024-05-06T18:03:13.071+0000] {processor.py:161} INFO - Started process (PID=501) to work on /home/airflow/.local/lib/python3.12/site-packages/airflow/example_dags/example_dag_decorator.py
[2024-05-06T18:03:13.072+0000] {processor.py:830} INFO - Processing file /home/airflow/.local/lib/python3.12/site-packages/airflow/example_dags/example_dag_decorator.py for tasks to queue
[2024-05-06T18:03:13.075+0000] {logging_mixin.py:188} INFO - [2024-05-06T18:03:13.074+0000] {dagbag.py:540} INFO - Filling up the DagBag from /home/airflow/.local/lib/python3.12/site-packages/airflow/example_dags/example_dag_decorator.py
[2024-05-06T18:03:13.136+0000] {processor.py:840} INFO - DAG(s) 'example_dag_decorator' retrieved from /home/airflow/.local/lib/python3.12/site-packages/airflow/example_dags/example_dag_decorator.py
[2024-05-06T18:03:13.269+0000] {logging_mixin.py:188} INFO - [2024-05-06T18:03:13.269+0000] {dag.py:3096} INFO - Sync 1 DAGs
[2024-05-06T18:03:13.273+0000] {logging_mixin.py:188} INFO - [2024-05-06T18:03:13.273+0000] {dag.py:3954} INFO - Setting next_dagrun for example_dag_decorator to None, run_after=None
[2024-05-06T18:03:13.281+0000] {processor.py:183} INFO - Processing /home/airflow/.local/lib/python3.12/site-packages/airflow/example_dags/example_dag_decorator.py took 0.218 seconds
[2024-05-06T18:03:43.663+0000] {processor.py:161} INFO - Started process (PID=559) to work on /home/airflow/.local/lib/python3.12/site-packages/airflow/example_dags/example_dag_decorator.py
[2024-05-06T18:03:43.664+0000] {processor.py:830} INFO - Processing file /home/airflow/.local/lib/python3.12/site-packages/airflow/example_dags/example_dag_decorator.py for tasks to queue
[2024-05-06T18:03:43.667+0000] {logging_mixin.py:188} INFO - [2024-05-06T18:03:43.666+0000] {dagbag.py:540} INFO - Filling up the DagBag from /home/airflow/.local/lib/python3.12/site-packages/airflow/example_dags/example_dag_decorator.py
[2024-05-06T18:03:43.725+0000] {processor.py:840} INFO - DAG(s) 'example_dag_decorator' retrieved from /home/airflow/.local/lib/python3.12/site-packages/airflow/example_dags/example_dag_decorator.py
[2024-05-06T18:03:43.867+0000] {logging_mixin.py:188} INFO - [2024-05-06T18:03:43.867+0000] {dag.py:3096} INFO - Sync 1 DAGs
[2024-05-06T18:03:43.874+0000] {logging_mixin.py:188} INFO - [2024-05-06T18:03:43.874+0000] {dag.py:3954} INFO - Setting next_dagrun for example_dag_decorator to None, run_after=None
[2024-05-06T18:03:43.882+0000] {processor.py:183} INFO - Processing /home/airflow/.local/lib/python3.12/site-packages/airflow/example_dags/example_dag_decorator.py took 0.229 seconds
[2024-05-06T18:04:14.290+0000] {processor.py:161} INFO - Started process (PID=617) to work on /home/airflow/.local/lib/python3.12/site-packages/airflow/example_dags/example_dag_decorator.py
[2024-05-06T18:04:14.291+0000] {processor.py:830} INFO - Processing file /home/airflow/.local/lib/python3.12/site-packages/airflow/example_dags/example_dag_decorator.py for tasks to queue
[2024-05-06T18:04:14.293+0000] {logging_mixin.py:188} INFO - [2024-05-06T18:04:14.293+0000] {dagbag.py:540} INFO - Filling up the DagBag from /home/airflow/.local/lib/python3.12/site-packages/airflow/example_dags/example_dag_decorator.py
[2024-05-06T18:04:14.353+0000] {processor.py:840} INFO - DAG(s) 'example_dag_decorator' retrieved from /home/airflow/.local/lib/python3.12/site-packages/airflow/example_dags/example_dag_decorator.py
[2024-05-06T18:04:14.500+0000] {logging_mixin.py:188} INFO - [2024-05-06T18:04:14.500+0000] {dag.py:3096} INFO - Sync 1 DAGs
[2024-05-06T18:04:14.504+0000] {logging_mixin.py:188} INFO - [2024-05-06T18:04:14.504+0000] {dag.py:3954} INFO - Setting next_dagrun for example_dag_decorator to None, run_after=None
[2024-05-06T18:04:14.512+0000] {processor.py:183} INFO - Processing /home/airflow/.local/lib/python3.12/site-packages/airflow/example_dags/example_dag_decorator.py took 0.229 seconds
[2024-05-06T18:04:44.937+0000] {processor.py:161} INFO - Started process (PID=675) to work on /home/airflow/.local/lib/python3.12/site-packages/airflow/example_dags/example_dag_decorator.py
[2024-05-06T18:04:44.939+0000] {processor.py:830} INFO - Processing file /home/airflow/.local/lib/python3.12/site-packages/airflow/example_dags/example_dag_decorator.py for tasks to queue
[2024-05-06T18:04:44.941+0000] {logging_mixin.py:188} INFO - [2024-05-06T18:04:44.941+0000] {dagbag.py:540} INFO - Filling up the DagBag from /home/airflow/.local/lib/python3.12/site-packages/airflow/example_dags/example_dag_decorator.py
[2024-05-06T18:04:44.999+0000] {processor.py:840} INFO - DAG(s) 'example_dag_decorator' retrieved from /home/airflow/.local/lib/python3.12/site-packages/airflow/example_dags/example_dag_decorator.py
[2024-05-06T18:04:45.128+0000] {logging_mixin.py:188} INFO - [2024-05-06T18:04:45.128+0000] {dag.py:3096} INFO - Sync 1 DAGs
[2024-05-06T18:04:45.133+0000] {logging_mixin.py:188} INFO - [2024-05-06T18:04:45.133+0000] {dag.py:3954} INFO - Setting next_dagrun for example_dag_decorator to None, run_after=None
[2024-05-06T18:04:45.141+0000] {processor.py:183} INFO - Processing /home/airflow/.local/lib/python3.12/site-packages/airflow/example_dags/example_dag_decorator.py took 0.213 seconds
[2024-05-06T18:05:15.531+0000] {processor.py:161} INFO - Started process (PID=733) to work on /home/airflow/.local/lib/python3.12/site-packages/airflow/example_dags/example_dag_decorator.py
[2024-05-06T18:05:15.533+0000] {processor.py:830} INFO - Processing file /home/airflow/.local/lib/python3.12/site-packages/airflow/example_dags/example_dag_decorator.py for tasks to queue
[2024-05-06T18:05:15.535+0000] {logging_mixin.py:188} INFO - [2024-05-06T18:05:15.535+0000] {dagbag.py:540} INFO - Filling up the DagBag from /home/airflow/.local/lib/python3.12/site-packages/airflow/example_dags/example_dag_decorator.py
[2024-05-06T18:05:15.589+0000] {processor.py:840} INFO - DAG(s) 'example_dag_decorator' retrieved from /home/airflow/.local/lib/python3.12/site-packages/airflow/example_dags/example_dag_decorator.py
[2024-05-06T18:05:15.724+0000] {logging_mixin.py:188} INFO - [2024-05-06T18:05:15.724+0000] {dag.py:3096} INFO - Sync 1 DAGs
[2024-05-06T18:05:15.728+0000] {logging_mixin.py:188} INFO - [2024-05-06T18:05:15.728+0000] {dag.py:3954} INFO - Setting next_dagrun for example_dag_decorator to None, run_after=None
[2024-05-06T18:05:15.736+0000] {processor.py:183} INFO - Processing /home/airflow/.local/lib/python3.12/site-packages/airflow/example_dags/example_dag_decorator.py took 0.212 seconds
[2024-05-06T18:05:46.257+0000] {processor.py:161} INFO - Started process (PID=791) to work on /home/airflow/.local/lib/python3.12/site-packages/airflow/example_dags/example_dag_decorator.py
[2024-05-06T18:05:46.261+0000] {processor.py:830} INFO - Processing file /home/airflow/.local/lib/python3.12/site-packages/airflow/example_dags/example_dag_decorator.py for tasks to queue
[2024-05-06T18:05:46.264+0000] {logging_mixin.py:188} INFO - [2024-05-06T18:05:46.263+0000] {dagbag.py:540} INFO - Filling up the DagBag from /home/airflow/.local/lib/python3.12/site-packages/airflow/example_dags/example_dag_decorator.py
[2024-05-06T18:05:46.323+0000] {processor.py:840} INFO - DAG(s) 'example_dag_decorator' retrieved from /home/airflow/.local/lib/python3.12/site-packages/airflow/example_dags/example_dag_decorator.py
[2024-05-06T18:05:46.453+0000] {logging_mixin.py:188} INFO - [2024-05-06T18:05:46.453+0000] {dag.py:3096} INFO - Sync 1 DAGs
[2024-05-06T18:05:46.458+0000] {logging_mixin.py:188} INFO - [2024-05-06T18:05:46.457+0000] {dag.py:3954} INFO - Setting next_dagrun for example_dag_decorator to None, run_after=None
[2024-05-06T18:05:46.465+0000] {processor.py:183} INFO - Processing /home/airflow/.local/lib/python3.12/site-packages/airflow/example_dags/example_dag_decorator.py took 0.218 seconds
[2024-05-06T18:06:17.269+0000] {processor.py:161} INFO - Started process (PID=849) to work on /home/airflow/.local/lib/python3.12/site-packages/airflow/example_dags/example_dag_decorator.py
[2024-05-06T18:06:17.270+0000] {processor.py:830} INFO - Processing file /home/airflow/.local/lib/python3.12/site-packages/airflow/example_dags/example_dag_decorator.py for tasks to queue
[2024-05-06T18:06:17.272+0000] {logging_mixin.py:188} INFO - [2024-05-06T18:06:17.271+0000] {dagbag.py:540} INFO - Filling up the DagBag from /home/airflow/.local/lib/python3.12/site-packages/airflow/example_dags/example_dag_decorator.py
[2024-05-06T18:06:17.423+0000] {processor.py:840} INFO - DAG(s) 'example_dag_decorator' retrieved from /home/airflow/.local/lib/python3.12/site-packages/airflow/example_dags/example_dag_decorator.py
[2024-05-06T18:06:17.433+0000] {logging_mixin.py:188} INFO - [2024-05-06T18:06:17.432+0000] {dag.py:3096} INFO - Sync 1 DAGs
[2024-05-06T18:06:17.438+0000] {logging_mixin.py:188} INFO - [2024-05-06T18:06:17.437+0000] {dag.py:3954} INFO - Setting next_dagrun for example_dag_decorator to None, run_after=None
[2024-05-06T18:06:17.445+0000] {processor.py:183} INFO - Processing /home/airflow/.local/lib/python3.12/site-packages/airflow/example_dags/example_dag_decorator.py took 0.186 seconds
[2024-05-06T18:07:59.947+0000] {processor.py:161} INFO - Started process (PID=907) to work on /home/airflow/.local/lib/python3.12/site-packages/airflow/example_dags/example_dag_decorator.py
[2024-05-06T18:07:59.948+0000] {processor.py:830} INFO - Processing file /home/airflow/.local/lib/python3.12/site-packages/airflow/example_dags/example_dag_decorator.py for tasks to queue
[2024-05-06T18:07:59.949+0000] {logging_mixin.py:188} INFO - [2024-05-06T18:07:59.949+0000] {dagbag.py:540} INFO - Filling up the DagBag from /home/airflow/.local/lib/python3.12/site-packages/airflow/example_dags/example_dag_decorator.py
[2024-05-06T18:08:00.081+0000] {processor.py:840} INFO - DAG(s) 'example_dag_decorator' retrieved from /home/airflow/.local/lib/python3.12/site-packages/airflow/example_dags/example_dag_decorator.py
[2024-05-06T18:08:00.131+0000] {logging_mixin.py:188} INFO - [2024-05-06T18:08:00.131+0000] {dag.py:3096} INFO - Sync 1 DAGs
[2024-05-06T18:08:00.136+0000] {logging_mixin.py:188} INFO - [2024-05-06T18:08:00.136+0000] {dag.py:3954} INFO - Setting next_dagrun for example_dag_decorator to None, run_after=None
[2024-05-06T18:08:00.145+0000] {processor.py:183} INFO - Processing /home/airflow/.local/lib/python3.12/site-packages/airflow/example_dags/example_dag_decorator.py took 0.201 seconds
[2024-05-06T18:08:30.163+0000] {processor.py:161} INFO - Started process (PID=965) to work on /home/airflow/.local/lib/python3.12/site-packages/airflow/example_dags/example_dag_decorator.py
[2024-05-06T18:08:30.163+0000] {processor.py:830} INFO - Processing file /home/airflow/.local/lib/python3.12/site-packages/airflow/example_dags/example_dag_decorator.py for tasks to queue
[2024-05-06T18:08:30.164+0000] {logging_mixin.py:188} INFO - [2024-05-06T18:08:30.164+0000] {dagbag.py:540} INFO - Filling up the DagBag from /home/airflow/.local/lib/python3.12/site-packages/airflow/example_dags/example_dag_decorator.py
[2024-05-06T18:08:30.204+0000] {processor.py:840} INFO - DAG(s) 'example_dag_decorator' retrieved from /home/airflow/.local/lib/python3.12/site-packages/airflow/example_dags/example_dag_decorator.py
[2024-05-06T18:08:30.333+0000] {logging_mixin.py:188} INFO - [2024-05-06T18:08:30.333+0000] {dag.py:3096} INFO - Sync 1 DAGs
[2024-05-06T18:08:30.338+0000] {logging_mixin.py:188} INFO - [2024-05-06T18:08:30.338+0000] {dag.py:3954} INFO - Setting next_dagrun for example_dag_decorator to None, run_after=None
[2024-05-06T18:08:30.346+0000] {processor.py:183} INFO - Processing /home/airflow/.local/lib/python3.12/site-packages/airflow/example_dags/example_dag_decorator.py took 0.187 seconds
[2024-05-06T18:09:01.355+0000] {processor.py:161} INFO - Started process (PID=1023) to work on /home/airflow/.local/lib/python3.12/site-packages/airflow/example_dags/example_dag_decorator.py
[2024-05-06T18:09:01.356+0000] {processor.py:830} INFO - Processing file /home/airflow/.local/lib/python3.12/site-packages/airflow/example_dags/example_dag_decorator.py for tasks to queue
[2024-05-06T18:09:01.357+0000] {logging_mixin.py:188} INFO - [2024-05-06T18:09:01.356+0000] {dagbag.py:540} INFO - Filling up the DagBag from /home/airflow/.local/lib/python3.12/site-packages/airflow/example_dags/example_dag_decorator.py
[2024-05-06T18:09:01.476+0000] {processor.py:840} INFO - DAG(s) 'example_dag_decorator' retrieved from /home/airflow/.local/lib/python3.12/site-packages/airflow/example_dags/example_dag_decorator.py
[2024-05-06T18:09:01.486+0000] {logging_mixin.py:188} INFO - [2024-05-06T18:09:01.486+0000] {dag.py:3096} INFO - Sync 1 DAGs
[2024-05-06T18:09:01.491+0000] {logging_mixin.py:188} INFO - [2024-05-06T18:09:01.491+0000] {dag.py:3954} INFO - Setting next_dagrun for example_dag_decorator to None, run_after=None
[2024-05-06T18:09:01.499+0000] {processor.py:183} INFO - Processing /home/airflow/.local/lib/python3.12/site-packages/airflow/example_dags/example_dag_decorator.py took 0.146 seconds
[2024-05-06T18:09:31.577+0000] {processor.py:161} INFO - Started process (PID=1081) to work on /home/airflow/.local/lib/python3.12/site-packages/airflow/example_dags/example_dag_decorator.py
[2024-05-06T18:09:31.577+0000] {processor.py:830} INFO - Processing file /home/airflow/.local/lib/python3.12/site-packages/airflow/example_dags/example_dag_decorator.py for tasks to queue
[2024-05-06T18:09:31.578+0000] {logging_mixin.py:188} INFO - [2024-05-06T18:09:31.578+0000] {dagbag.py:540} INFO - Filling up the DagBag from /home/airflow/.local/lib/python3.12/site-packages/airflow/example_dags/example_dag_decorator.py
[2024-05-06T18:09:31.700+0000] {processor.py:840} INFO - DAG(s) 'example_dag_decorator' retrieved from /home/airflow/.local/lib/python3.12/site-packages/airflow/example_dags/example_dag_decorator.py
[2024-05-06T18:09:31.710+0000] {logging_mixin.py:188} INFO - [2024-05-06T18:09:31.710+0000] {dag.py:3096} INFO - Sync 1 DAGs
[2024-05-06T18:09:31.715+0000] {logging_mixin.py:188} INFO - [2024-05-06T18:09:31.715+0000] {dag.py:3954} INFO - Setting next_dagrun for example_dag_decorator to None, run_after=None
[2024-05-06T18:09:31.723+0000] {processor.py:183} INFO - Processing /home/airflow/.local/lib/python3.12/site-packages/airflow/example_dags/example_dag_decorator.py took 0.149 seconds
[2024-05-06T18:10:02.649+0000] {processor.py:161} INFO - Started process (PID=1139) to work on /home/airflow/.local/lib/python3.12/site-packages/airflow/example_dags/example_dag_decorator.py
[2024-05-06T18:10:02.650+0000] {processor.py:830} INFO - Processing file /home/airflow/.local/lib/python3.12/site-packages/airflow/example_dags/example_dag_decorator.py for tasks to queue
[2024-05-06T18:10:02.652+0000] {logging_mixin.py:188} INFO - [2024-05-06T18:10:02.652+0000] {dagbag.py:540} INFO - Filling up the DagBag from /home/airflow/.local/lib/python3.12/site-packages/airflow/example_dags/example_dag_decorator.py
[2024-05-06T18:10:02.707+0000] {processor.py:840} INFO - DAG(s) 'example_dag_decorator' retrieved from /home/airflow/.local/lib/python3.12/site-packages/airflow/example_dags/example_dag_decorator.py
[2024-05-06T18:10:02.717+0000] {logging_mixin.py:188} INFO - [2024-05-06T18:10:02.717+0000] {dag.py:3096} INFO - Sync 1 DAGs
[2024-05-06T18:10:02.724+0000] {logging_mixin.py:188} INFO - [2024-05-06T18:10:02.724+0000] {dag.py:3954} INFO - Setting next_dagrun for example_dag_decorator to None, run_after=None
[2024-05-06T18:10:02.732+0000] {processor.py:183} INFO - Processing /home/airflow/.local/lib/python3.12/site-packages/airflow/example_dags/example_dag_decorator.py took 0.090 seconds
[2024-05-06T18:10:33.302+0000] {processor.py:161} INFO - Started process (PID=1197) to work on /home/airflow/.local/lib/python3.12/site-packages/airflow/example_dags/example_dag_decorator.py
[2024-05-06T18:10:33.304+0000] {processor.py:830} INFO - Processing file /home/airflow/.local/lib/python3.12/site-packages/airflow/example_dags/example_dag_decorator.py for tasks to queue
[2024-05-06T18:10:33.306+0000] {logging_mixin.py:188} INFO - [2024-05-06T18:10:33.305+0000] {dagbag.py:540} INFO - Filling up the DagBag from /home/airflow/.local/lib/python3.12/site-packages/airflow/example_dags/example_dag_decorator.py
[2024-05-06T18:10:33.360+0000] {processor.py:840} INFO - DAG(s) 'example_dag_decorator' retrieved from /home/airflow/.local/lib/python3.12/site-packages/airflow/example_dags/example_dag_decorator.py
[2024-05-06T18:10:33.407+0000] {logging_mixin.py:188} INFO - [2024-05-06T18:10:33.407+0000] {dag.py:3096} INFO - Sync 1 DAGs
[2024-05-06T18:10:33.412+0000] {logging_mixin.py:188} INFO - [2024-05-06T18:10:33.412+0000] {dag.py:3954} INFO - Setting next_dagrun for example_dag_decorator to None, run_after=None
[2024-05-06T18:10:33.421+0000] {processor.py:183} INFO - Processing /home/airflow/.local/lib/python3.12/site-packages/airflow/example_dags/example_dag_decorator.py took 0.125 seconds
[2024-05-06T18:11:03.841+0000] {processor.py:161} INFO - Started process (PID=1255) to work on /home/airflow/.local/lib/python3.12/site-packages/airflow/example_dags/example_dag_decorator.py
[2024-05-06T18:11:03.842+0000] {processor.py:830} INFO - Processing file /home/airflow/.local/lib/python3.12/site-packages/airflow/example_dags/example_dag_decorator.py for tasks to queue
[2024-05-06T18:11:03.844+0000] {logging_mixin.py:188} INFO - [2024-05-06T18:11:03.843+0000] {dagbag.py:540} INFO - Filling up the DagBag from /home/airflow/.local/lib/python3.12/site-packages/airflow/example_dags/example_dag_decorator.py
[2024-05-06T18:11:03.899+0000] {processor.py:840} INFO - DAG(s) 'example_dag_decorator' retrieved from /home/airflow/.local/lib/python3.12/site-packages/airflow/example_dags/example_dag_decorator.py
[2024-05-06T18:11:03.947+0000] {logging_mixin.py:188} INFO - [2024-05-06T18:11:03.947+0000] {dag.py:3096} INFO - Sync 1 DAGs
[2024-05-06T18:11:03.952+0000] {logging_mixin.py:188} INFO - [2024-05-06T18:11:03.952+0000] {dag.py:3954} INFO - Setting next_dagrun for example_dag_decorator to None, run_after=None
[2024-05-06T18:11:03.961+0000] {processor.py:183} INFO - Processing /home/airflow/.local/lib/python3.12/site-packages/airflow/example_dags/example_dag_decorator.py took 0.127 seconds
[2024-05-06T18:11:34.470+0000] {processor.py:161} INFO - Started process (PID=1312) to work on /home/airflow/.local/lib/python3.12/site-packages/airflow/example_dags/example_dag_decorator.py
[2024-05-06T18:11:34.472+0000] {processor.py:830} INFO - Processing file /home/airflow/.local/lib/python3.12/site-packages/airflow/example_dags/example_dag_decorator.py for tasks to queue
[2024-05-06T18:11:34.474+0000] {logging_mixin.py:188} INFO - [2024-05-06T18:11:34.474+0000] {dagbag.py:540} INFO - Filling up the DagBag from /home/airflow/.local/lib/python3.12/site-packages/airflow/example_dags/example_dag_decorator.py
[2024-05-06T18:11:34.530+0000] {processor.py:840} INFO - DAG(s) 'example_dag_decorator' retrieved from /home/airflow/.local/lib/python3.12/site-packages/airflow/example_dags/example_dag_decorator.py
[2024-05-06T18:11:34.585+0000] {logging_mixin.py:188} INFO - [2024-05-06T18:11:34.585+0000] {dag.py:3096} INFO - Sync 1 DAGs
[2024-05-06T18:11:34.590+0000] {logging_mixin.py:188} INFO - [2024-05-06T18:11:34.590+0000] {dag.py:3954} INFO - Setting next_dagrun for example_dag_decorator to None, run_after=None
[2024-05-06T18:11:34.600+0000] {processor.py:183} INFO - Processing /home/airflow/.local/lib/python3.12/site-packages/airflow/example_dags/example_dag_decorator.py took 0.137 seconds
[2024-05-06T18:12:05.056+0000] {processor.py:161} INFO - Started process (PID=1369) to work on /home/airflow/.local/lib/python3.12/site-packages/airflow/example_dags/example_dag_decorator.py
[2024-05-06T18:12:05.057+0000] {processor.py:830} INFO - Processing file /home/airflow/.local/lib/python3.12/site-packages/airflow/example_dags/example_dag_decorator.py for tasks to queue
[2024-05-06T18:12:05.059+0000] {logging_mixin.py:188} INFO - [2024-05-06T18:12:05.059+0000] {dagbag.py:540} INFO - Filling up the DagBag from /home/airflow/.local/lib/python3.12/site-packages/airflow/example_dags/example_dag_decorator.py
[2024-05-06T18:12:05.114+0000] {processor.py:840} INFO - DAG(s) 'example_dag_decorator' retrieved from /home/airflow/.local/lib/python3.12/site-packages/airflow/example_dags/example_dag_decorator.py
[2024-05-06T18:12:05.161+0000] {logging_mixin.py:188} INFO - [2024-05-06T18:12:05.161+0000] {dag.py:3096} INFO - Sync 1 DAGs
[2024-05-06T18:12:05.166+0000] {logging_mixin.py:188} INFO - [2024-05-06T18:12:05.166+0000] {dag.py:3954} INFO - Setting next_dagrun for example_dag_decorator to None, run_after=None
[2024-05-06T18:12:05.175+0000] {processor.py:183} INFO - Processing /home/airflow/.local/lib/python3.12/site-packages/airflow/example_dags/example_dag_decorator.py took 0.125 seconds
[2024-05-06T18:12:35.631+0000] {processor.py:161} INFO - Started process (PID=1427) to work on /home/airflow/.local/lib/python3.12/site-packages/airflow/example_dags/example_dag_decorator.py
[2024-05-06T18:12:35.632+0000] {processor.py:830} INFO - Processing file /home/airflow/.local/lib/python3.12/site-packages/airflow/example_dags/example_dag_decorator.py for tasks to queue
[2024-05-06T18:12:35.635+0000] {logging_mixin.py:188} INFO - [2024-05-06T18:12:35.635+0000] {dagbag.py:540} INFO - Filling up the DagBag from /home/airflow/.local/lib/python3.12/site-packages/airflow/example_dags/example_dag_decorator.py
[2024-05-06T18:12:35.693+0000] {processor.py:840} INFO - DAG(s) 'example_dag_decorator' retrieved from /home/airflow/.local/lib/python3.12/site-packages/airflow/example_dags/example_dag_decorator.py
[2024-05-06T18:12:35.740+0000] {logging_mixin.py:188} INFO - [2024-05-06T18:12:35.740+0000] {dag.py:3096} INFO - Sync 1 DAGs
[2024-05-06T18:12:35.745+0000] {logging_mixin.py:188} INFO - [2024-05-06T18:12:35.745+0000] {dag.py:3954} INFO - Setting next_dagrun for example_dag_decorator to None, run_after=None
[2024-05-06T18:12:35.753+0000] {processor.py:183} INFO - Processing /home/airflow/.local/lib/python3.12/site-packages/airflow/example_dags/example_dag_decorator.py took 0.128 seconds
[2024-05-06T18:13:06.241+0000] {processor.py:161} INFO - Started process (PID=1485) to work on /home/airflow/.local/lib/python3.12/site-packages/airflow/example_dags/example_dag_decorator.py
[2024-05-06T18:13:06.242+0000] {processor.py:830} INFO - Processing file /home/airflow/.local/lib/python3.12/site-packages/airflow/example_dags/example_dag_decorator.py for tasks to queue
[2024-05-06T18:13:06.245+0000] {logging_mixin.py:188} INFO - [2024-05-06T18:13:06.244+0000] {dagbag.py:540} INFO - Filling up the DagBag from /home/airflow/.local/lib/python3.12/site-packages/airflow/example_dags/example_dag_decorator.py
[2024-05-06T18:13:06.301+0000] {processor.py:840} INFO - DAG(s) 'example_dag_decorator' retrieved from /home/airflow/.local/lib/python3.12/site-packages/airflow/example_dags/example_dag_decorator.py
[2024-05-06T18:13:06.349+0000] {logging_mixin.py:188} INFO - [2024-05-06T18:13:06.349+0000] {dag.py:3096} INFO - Sync 1 DAGs
[2024-05-06T18:13:06.353+0000] {logging_mixin.py:188} INFO - [2024-05-06T18:13:06.353+0000] {dag.py:3954} INFO - Setting next_dagrun for example_dag_decorator to None, run_after=None
[2024-05-06T18:13:06.361+0000] {processor.py:183} INFO - Processing /home/airflow/.local/lib/python3.12/site-packages/airflow/example_dags/example_dag_decorator.py took 0.128 seconds
[2024-05-06T18:13:36.819+0000] {processor.py:161} INFO - Started process (PID=1543) to work on /home/airflow/.local/lib/python3.12/site-packages/airflow/example_dags/example_dag_decorator.py
[2024-05-06T18:13:36.821+0000] {processor.py:830} INFO - Processing file /home/airflow/.local/lib/python3.12/site-packages/airflow/example_dags/example_dag_decorator.py for tasks to queue
[2024-05-06T18:13:36.823+0000] {logging_mixin.py:188} INFO - [2024-05-06T18:13:36.822+0000] {dagbag.py:540} INFO - Filling up the DagBag from /home/airflow/.local/lib/python3.12/site-packages/airflow/example_dags/example_dag_decorator.py
[2024-05-06T18:13:36.878+0000] {processor.py:840} INFO - DAG(s) 'example_dag_decorator' retrieved from /home/airflow/.local/lib/python3.12/site-packages/airflow/example_dags/example_dag_decorator.py
[2024-05-06T18:13:36.925+0000] {logging_mixin.py:188} INFO - [2024-05-06T18:13:36.925+0000] {dag.py:3096} INFO - Sync 1 DAGs
[2024-05-06T18:13:36.930+0000] {logging_mixin.py:188} INFO - [2024-05-06T18:13:36.930+0000] {dag.py:3954} INFO - Setting next_dagrun for example_dag_decorator to None, run_after=None
[2024-05-06T18:13:36.938+0000] {processor.py:183} INFO - Processing /home/airflow/.local/lib/python3.12/site-packages/airflow/example_dags/example_dag_decorator.py took 0.126 seconds
[2024-05-06T18:14:07.399+0000] {processor.py:161} INFO - Started process (PID=1601) to work on /home/airflow/.local/lib/python3.12/site-packages/airflow/example_dags/example_dag_decorator.py
[2024-05-06T18:14:07.400+0000] {processor.py:830} INFO - Processing file /home/airflow/.local/lib/python3.12/site-packages/airflow/example_dags/example_dag_decorator.py for tasks to queue
[2024-05-06T18:14:07.402+0000] {logging_mixin.py:188} INFO - [2024-05-06T18:14:07.402+0000] {dagbag.py:540} INFO - Filling up the DagBag from /home/airflow/.local/lib/python3.12/site-packages/airflow/example_dags/example_dag_decorator.py
[2024-05-06T18:14:07.459+0000] {processor.py:840} INFO - DAG(s) 'example_dag_decorator' retrieved from /home/airflow/.local/lib/python3.12/site-packages/airflow/example_dags/example_dag_decorator.py
[2024-05-06T18:14:07.507+0000] {logging_mixin.py:188} INFO - [2024-05-06T18:14:07.507+0000] {dag.py:3096} INFO - Sync 1 DAGs
[2024-05-06T18:14:07.515+0000] {logging_mixin.py:188} INFO - [2024-05-06T18:14:07.514+0000] {dag.py:3954} INFO - Setting next_dagrun for example_dag_decorator to None, run_after=None
[2024-05-06T18:14:07.523+0000] {processor.py:183} INFO - Processing /home/airflow/.local/lib/python3.12/site-packages/airflow/example_dags/example_dag_decorator.py took 0.130 seconds
[2024-05-06T18:14:37.952+0000] {processor.py:161} INFO - Started process (PID=1659) to work on /home/airflow/.local/lib/python3.12/site-packages/airflow/example_dags/example_dag_decorator.py
[2024-05-06T18:14:37.953+0000] {processor.py:830} INFO - Processing file /home/airflow/.local/lib/python3.12/site-packages/airflow/example_dags/example_dag_decorator.py for tasks to queue
[2024-05-06T18:14:37.956+0000] {logging_mixin.py:188} INFO - [2024-05-06T18:14:37.955+0000] {dagbag.py:540} INFO - Filling up the DagBag from /home/airflow/.local/lib/python3.12/site-packages/airflow/example_dags/example_dag_decorator.py
[2024-05-06T18:14:38.010+0000] {processor.py:840} INFO - DAG(s) 'example_dag_decorator' retrieved from /home/airflow/.local/lib/python3.12/site-packages/airflow/example_dags/example_dag_decorator.py
[2024-05-06T18:14:38.058+0000] {logging_mixin.py:188} INFO - [2024-05-06T18:14:38.058+0000] {dag.py:3096} INFO - Sync 1 DAGs
[2024-05-06T18:14:38.064+0000] {logging_mixin.py:188} INFO - [2024-05-06T18:14:38.063+0000] {dag.py:3954} INFO - Setting next_dagrun for example_dag_decorator to None, run_after=None
[2024-05-06T18:14:38.071+0000] {processor.py:183} INFO - Processing /home/airflow/.local/lib/python3.12/site-packages/airflow/example_dags/example_dag_decorator.py took 0.126 seconds
[2024-05-06T18:15:08.526+0000] {processor.py:161} INFO - Started process (PID=1717) to work on /home/airflow/.local/lib/python3.12/site-packages/airflow/example_dags/example_dag_decorator.py
[2024-05-06T18:15:08.527+0000] {processor.py:830} INFO - Processing file /home/airflow/.local/lib/python3.12/site-packages/airflow/example_dags/example_dag_decorator.py for tasks to queue
[2024-05-06T18:15:08.530+0000] {logging_mixin.py:188} INFO - [2024-05-06T18:15:08.529+0000] {dagbag.py:540} INFO - Filling up the DagBag from /home/airflow/.local/lib/python3.12/site-packages/airflow/example_dags/example_dag_decorator.py
[2024-05-06T18:15:08.583+0000] {processor.py:840} INFO - DAG(s) 'example_dag_decorator' retrieved from /home/airflow/.local/lib/python3.12/site-packages/airflow/example_dags/example_dag_decorator.py
[2024-05-06T18:15:08.631+0000] {logging_mixin.py:188} INFO - [2024-05-06T18:15:08.631+0000] {dag.py:3096} INFO - Sync 1 DAGs
[2024-05-06T18:15:08.636+0000] {logging_mixin.py:188} INFO - [2024-05-06T18:15:08.636+0000] {dag.py:3954} INFO - Setting next_dagrun for example_dag_decorator to None, run_after=None
[2024-05-06T18:15:08.645+0000] {processor.py:183} INFO - Processing /home/airflow/.local/lib/python3.12/site-packages/airflow/example_dags/example_dag_decorator.py took 0.125 seconds
[2024-05-06T18:15:39.125+0000] {processor.py:161} INFO - Started process (PID=1775) to work on /home/airflow/.local/lib/python3.12/site-packages/airflow/example_dags/example_dag_decorator.py
[2024-05-06T18:15:39.126+0000] {processor.py:830} INFO - Processing file /home/airflow/.local/lib/python3.12/site-packages/airflow/example_dags/example_dag_decorator.py for tasks to queue
[2024-05-06T18:15:39.128+0000] {logging_mixin.py:188} INFO - [2024-05-06T18:15:39.128+0000] {dagbag.py:540} INFO - Filling up the DagBag from /home/airflow/.local/lib/python3.12/site-packages/airflow/example_dags/example_dag_decorator.py
[2024-05-06T18:15:39.180+0000] {processor.py:840} INFO - DAG(s) 'example_dag_decorator' retrieved from /home/airflow/.local/lib/python3.12/site-packages/airflow/example_dags/example_dag_decorator.py
[2024-05-06T18:15:39.227+0000] {logging_mixin.py:188} INFO - [2024-05-06T18:15:39.227+0000] {dag.py:3096} INFO - Sync 1 DAGs
[2024-05-06T18:15:39.232+0000] {logging_mixin.py:188} INFO - [2024-05-06T18:15:39.232+0000] {dag.py:3954} INFO - Setting next_dagrun for example_dag_decorator to None, run_after=None
[2024-05-06T18:15:39.241+0000] {processor.py:183} INFO - Processing /home/airflow/.local/lib/python3.12/site-packages/airflow/example_dags/example_dag_decorator.py took 0.122 seconds
[2024-05-06T18:16:09.721+0000] {processor.py:161} INFO - Started process (PID=1833) to work on /home/airflow/.local/lib/python3.12/site-packages/airflow/example_dags/example_dag_decorator.py
[2024-05-06T18:16:09.722+0000] {processor.py:830} INFO - Processing file /home/airflow/.local/lib/python3.12/site-packages/airflow/example_dags/example_dag_decorator.py for tasks to queue
[2024-05-06T18:16:09.726+0000] {logging_mixin.py:188} INFO - [2024-05-06T18:16:09.726+0000] {dagbag.py:540} INFO - Filling up the DagBag from /home/airflow/.local/lib/python3.12/site-packages/airflow/example_dags/example_dag_decorator.py
[2024-05-06T18:16:09.780+0000] {processor.py:840} INFO - DAG(s) 'example_dag_decorator' retrieved from /home/airflow/.local/lib/python3.12/site-packages/airflow/example_dags/example_dag_decorator.py
[2024-05-06T18:16:09.827+0000] {logging_mixin.py:188} INFO - [2024-05-06T18:16:09.827+0000] {dag.py:3096} INFO - Sync 1 DAGs
[2024-05-06T18:16:09.832+0000] {logging_mixin.py:188} INFO - [2024-05-06T18:16:09.832+0000] {dag.py:3954} INFO - Setting next_dagrun for example_dag_decorator to None, run_after=None
[2024-05-06T18:16:09.840+0000] {processor.py:183} INFO - Processing /home/airflow/.local/lib/python3.12/site-packages/airflow/example_dags/example_dag_decorator.py took 0.125 seconds
[2024-05-06T18:16:40.258+0000] {processor.py:161} INFO - Started process (PID=1891) to work on /home/airflow/.local/lib/python3.12/site-packages/airflow/example_dags/example_dag_decorator.py
[2024-05-06T18:16:40.259+0000] {processor.py:830} INFO - Processing file /home/airflow/.local/lib/python3.12/site-packages/airflow/example_dags/example_dag_decorator.py for tasks to queue
[2024-05-06T18:16:40.261+0000] {logging_mixin.py:188} INFO - [2024-05-06T18:16:40.261+0000] {dagbag.py:540} INFO - Filling up the DagBag from /home/airflow/.local/lib/python3.12/site-packages/airflow/example_dags/example_dag_decorator.py
[2024-05-06T18:16:40.310+0000] {processor.py:840} INFO - DAG(s) 'example_dag_decorator' retrieved from /home/airflow/.local/lib/python3.12/site-packages/airflow/example_dags/example_dag_decorator.py
[2024-05-06T18:16:40.369+0000] {logging_mixin.py:188} INFO - [2024-05-06T18:16:40.369+0000] {dag.py:3096} INFO - Sync 1 DAGs
[2024-05-06T18:16:40.375+0000] {logging_mixin.py:188} INFO - [2024-05-06T18:16:40.375+0000] {dag.py:3954} INFO - Setting next_dagrun for example_dag_decorator to None, run_after=None
[2024-05-06T18:16:40.385+0000] {processor.py:183} INFO - Processing /home/airflow/.local/lib/python3.12/site-packages/airflow/example_dags/example_dag_decorator.py took 0.130 seconds
[2024-05-06T18:18:13.741+0000] {processor.py:161} INFO - Started process (PID=1943) to work on /home/airflow/.local/lib/python3.12/site-packages/airflow/example_dags/example_dag_decorator.py
[2024-05-06T18:18:13.741+0000] {processor.py:830} INFO - Processing file /home/airflow/.local/lib/python3.12/site-packages/airflow/example_dags/example_dag_decorator.py for tasks to queue
[2024-05-06T18:18:13.742+0000] {logging_mixin.py:188} INFO - [2024-05-06T18:18:13.742+0000] {dagbag.py:540} INFO - Filling up the DagBag from /home/airflow/.local/lib/python3.12/site-packages/airflow/example_dags/example_dag_decorator.py
[2024-05-06T18:18:13.780+0000] {processor.py:840} INFO - DAG(s) 'example_dag_decorator' retrieved from /home/airflow/.local/lib/python3.12/site-packages/airflow/example_dags/example_dag_decorator.py
[2024-05-06T18:18:13.824+0000] {logging_mixin.py:188} INFO - [2024-05-06T18:18:13.824+0000] {dag.py:3096} INFO - Sync 1 DAGs
[2024-05-06T18:18:13.829+0000] {logging_mixin.py:188} INFO - [2024-05-06T18:18:13.828+0000] {dag.py:3954} INFO - Setting next_dagrun for example_dag_decorator to None, run_after=None
[2024-05-06T18:18:13.836+0000] {processor.py:183} INFO - Processing /home/airflow/.local/lib/python3.12/site-packages/airflow/example_dags/example_dag_decorator.py took 0.098 seconds
[2024-05-06T18:18:44.369+0000] {processor.py:161} INFO - Started process (PID=2006) to work on /home/airflow/.local/lib/python3.12/site-packages/airflow/example_dags/example_dag_decorator.py
[2024-05-06T18:18:44.369+0000] {processor.py:830} INFO - Processing file /home/airflow/.local/lib/python3.12/site-packages/airflow/example_dags/example_dag_decorator.py for tasks to queue
[2024-05-06T18:18:44.370+0000] {logging_mixin.py:188} INFO - [2024-05-06T18:18:44.370+0000] {dagbag.py:540} INFO - Filling up the DagBag from /home/airflow/.local/lib/python3.12/site-packages/airflow/example_dags/example_dag_decorator.py
[2024-05-06T18:18:44.409+0000] {processor.py:840} INFO - DAG(s) 'example_dag_decorator' retrieved from /home/airflow/.local/lib/python3.12/site-packages/airflow/example_dags/example_dag_decorator.py
[2024-05-06T18:18:44.455+0000] {logging_mixin.py:188} INFO - [2024-05-06T18:18:44.455+0000] {dag.py:3096} INFO - Sync 1 DAGs
[2024-05-06T18:18:44.460+0000] {logging_mixin.py:188} INFO - [2024-05-06T18:18:44.460+0000] {dag.py:3954} INFO - Setting next_dagrun for example_dag_decorator to None, run_after=None
[2024-05-06T18:18:44.468+0000] {processor.py:183} INFO - Processing /home/airflow/.local/lib/python3.12/site-packages/airflow/example_dags/example_dag_decorator.py took 0.103 seconds
[2024-05-06T18:19:14.885+0000] {processor.py:161} INFO - Started process (PID=2064) to work on /home/airflow/.local/lib/python3.12/site-packages/airflow/example_dags/example_dag_decorator.py
[2024-05-06T18:19:14.885+0000] {processor.py:830} INFO - Processing file /home/airflow/.local/lib/python3.12/site-packages/airflow/example_dags/example_dag_decorator.py for tasks to queue
[2024-05-06T18:19:14.886+0000] {logging_mixin.py:188} INFO - [2024-05-06T18:19:14.886+0000] {dagbag.py:540} INFO - Filling up the DagBag from /home/airflow/.local/lib/python3.12/site-packages/airflow/example_dags/example_dag_decorator.py
[2024-05-06T18:19:14.923+0000] {processor.py:840} INFO - DAG(s) 'example_dag_decorator' retrieved from /home/airflow/.local/lib/python3.12/site-packages/airflow/example_dags/example_dag_decorator.py
[2024-05-06T18:19:14.967+0000] {logging_mixin.py:188} INFO - [2024-05-06T18:19:14.966+0000] {dag.py:3096} INFO - Sync 1 DAGs
[2024-05-06T18:19:14.971+0000] {logging_mixin.py:188} INFO - [2024-05-06T18:19:14.971+0000] {dag.py:3954} INFO - Setting next_dagrun for example_dag_decorator to None, run_after=None
[2024-05-06T18:19:14.978+0000] {processor.py:183} INFO - Processing /home/airflow/.local/lib/python3.12/site-packages/airflow/example_dags/example_dag_decorator.py took 0.096 seconds
[2024-05-06T18:19:45.532+0000] {processor.py:161} INFO - Started process (PID=2122) to work on /home/airflow/.local/lib/python3.12/site-packages/airflow/example_dags/example_dag_decorator.py
[2024-05-06T18:19:45.532+0000] {processor.py:830} INFO - Processing file /home/airflow/.local/lib/python3.12/site-packages/airflow/example_dags/example_dag_decorator.py for tasks to queue
[2024-05-06T18:19:45.533+0000] {logging_mixin.py:188} INFO - [2024-05-06T18:19:45.533+0000] {dagbag.py:540} INFO - Filling up the DagBag from /home/airflow/.local/lib/python3.12/site-packages/airflow/example_dags/example_dag_decorator.py
[2024-05-06T18:19:45.572+0000] {processor.py:840} INFO - DAG(s) 'example_dag_decorator' retrieved from /home/airflow/.local/lib/python3.12/site-packages/airflow/example_dags/example_dag_decorator.py
[2024-05-06T18:19:45.619+0000] {logging_mixin.py:188} INFO - [2024-05-06T18:19:45.619+0000] {dag.py:3096} INFO - Sync 1 DAGs
[2024-05-06T18:19:45.624+0000] {logging_mixin.py:188} INFO - [2024-05-06T18:19:45.624+0000] {dag.py:3954} INFO - Setting next_dagrun for example_dag_decorator to None, run_after=None
[2024-05-06T18:19:45.632+0000] {processor.py:183} INFO - Processing /home/airflow/.local/lib/python3.12/site-packages/airflow/example_dags/example_dag_decorator.py took 0.103 seconds
[2024-05-06T18:20:16.120+0000] {processor.py:161} INFO - Started process (PID=2180) to work on /home/airflow/.local/lib/python3.12/site-packages/airflow/example_dags/example_dag_decorator.py
[2024-05-06T18:20:16.120+0000] {processor.py:830} INFO - Processing file /home/airflow/.local/lib/python3.12/site-packages/airflow/example_dags/example_dag_decorator.py for tasks to queue
[2024-05-06T18:20:16.121+0000] {logging_mixin.py:188} INFO - [2024-05-06T18:20:16.121+0000] {dagbag.py:540} INFO - Filling up the DagBag from /home/airflow/.local/lib/python3.12/site-packages/airflow/example_dags/example_dag_decorator.py
[2024-05-06T18:20:16.163+0000] {processor.py:840} INFO - DAG(s) 'example_dag_decorator' retrieved from /home/airflow/.local/lib/python3.12/site-packages/airflow/example_dags/example_dag_decorator.py
[2024-05-06T18:20:16.213+0000] {logging_mixin.py:188} INFO - [2024-05-06T18:20:16.213+0000] {dag.py:3096} INFO - Sync 1 DAGs
[2024-05-06T18:20:16.217+0000] {logging_mixin.py:188} INFO - [2024-05-06T18:20:16.217+0000] {dag.py:3954} INFO - Setting next_dagrun for example_dag_decorator to None, run_after=None
[2024-05-06T18:20:16.225+0000] {processor.py:183} INFO - Processing /home/airflow/.local/lib/python3.12/site-packages/airflow/example_dags/example_dag_decorator.py took 0.108 seconds
[2024-05-06T18:20:46.742+0000] {processor.py:161} INFO - Started process (PID=2238) to work on /home/airflow/.local/lib/python3.12/site-packages/airflow/example_dags/example_dag_decorator.py
[2024-05-06T18:20:46.743+0000] {processor.py:830} INFO - Processing file /home/airflow/.local/lib/python3.12/site-packages/airflow/example_dags/example_dag_decorator.py for tasks to queue
[2024-05-06T18:20:46.744+0000] {logging_mixin.py:188} INFO - [2024-05-06T18:20:46.744+0000] {dagbag.py:540} INFO - Filling up the DagBag from /home/airflow/.local/lib/python3.12/site-packages/airflow/example_dags/example_dag_decorator.py
[2024-05-06T18:20:46.782+0000] {processor.py:840} INFO - DAG(s) 'example_dag_decorator' retrieved from /home/airflow/.local/lib/python3.12/site-packages/airflow/example_dags/example_dag_decorator.py
[2024-05-06T18:20:46.793+0000] {logging_mixin.py:188} INFO - [2024-05-06T18:20:46.793+0000] {dag.py:3096} INFO - Sync 1 DAGs
[2024-05-06T18:20:46.801+0000] {logging_mixin.py:188} INFO - [2024-05-06T18:20:46.801+0000] {dag.py:3954} INFO - Setting next_dagrun for example_dag_decorator to None, run_after=None
[2024-05-06T18:20:46.812+0000] {processor.py:183} INFO - Processing /home/airflow/.local/lib/python3.12/site-packages/airflow/example_dags/example_dag_decorator.py took 0.072 seconds
[2024-05-06T18:21:17.295+0000] {processor.py:161} INFO - Started process (PID=2296) to work on /home/airflow/.local/lib/python3.12/site-packages/airflow/example_dags/example_dag_decorator.py
[2024-05-06T18:21:17.296+0000] {processor.py:830} INFO - Processing file /home/airflow/.local/lib/python3.12/site-packages/airflow/example_dags/example_dag_decorator.py for tasks to queue
[2024-05-06T18:21:17.297+0000] {logging_mixin.py:188} INFO - [2024-05-06T18:21:17.296+0000] {dagbag.py:540} INFO - Filling up the DagBag from /home/airflow/.local/lib/python3.12/site-packages/airflow/example_dags/example_dag_decorator.py
[2024-05-06T18:21:17.332+0000] {processor.py:840} INFO - DAG(s) 'example_dag_decorator' retrieved from /home/airflow/.local/lib/python3.12/site-packages/airflow/example_dags/example_dag_decorator.py
[2024-05-06T18:21:17.342+0000] {logging_mixin.py:188} INFO - [2024-05-06T18:21:17.342+0000] {dag.py:3096} INFO - Sync 1 DAGs
[2024-05-06T18:21:17.348+0000] {logging_mixin.py:188} INFO - [2024-05-06T18:21:17.348+0000] {dag.py:3954} INFO - Setting next_dagrun for example_dag_decorator to None, run_after=None
[2024-05-06T18:21:17.356+0000] {processor.py:183} INFO - Processing /home/airflow/.local/lib/python3.12/site-packages/airflow/example_dags/example_dag_decorator.py took 0.063 seconds
[2024-05-06T18:21:48.046+0000] {processor.py:161} INFO - Started process (PID=2353) to work on /home/airflow/.local/lib/python3.12/site-packages/airflow/example_dags/example_dag_decorator.py
[2024-05-06T18:21:48.046+0000] {processor.py:830} INFO - Processing file /home/airflow/.local/lib/python3.12/site-packages/airflow/example_dags/example_dag_decorator.py for tasks to queue
[2024-05-06T18:21:48.047+0000] {logging_mixin.py:188} INFO - [2024-05-06T18:21:48.047+0000] {dagbag.py:540} INFO - Filling up the DagBag from /home/airflow/.local/lib/python3.12/site-packages/airflow/example_dags/example_dag_decorator.py
[2024-05-06T18:21:48.087+0000] {processor.py:840} INFO - DAG(s) 'example_dag_decorator' retrieved from /home/airflow/.local/lib/python3.12/site-packages/airflow/example_dags/example_dag_decorator.py
[2024-05-06T18:21:48.097+0000] {logging_mixin.py:188} INFO - [2024-05-06T18:21:48.097+0000] {dag.py:3096} INFO - Sync 1 DAGs
[2024-05-06T18:21:48.103+0000] {logging_mixin.py:188} INFO - [2024-05-06T18:21:48.103+0000] {dag.py:3954} INFO - Setting next_dagrun for example_dag_decorator to None, run_after=None
[2024-05-06T18:21:48.111+0000] {processor.py:183} INFO - Processing /home/airflow/.local/lib/python3.12/site-packages/airflow/example_dags/example_dag_decorator.py took 0.068 seconds
[2024-05-06T18:22:18.622+0000] {processor.py:161} INFO - Started process (PID=2411) to work on /home/airflow/.local/lib/python3.12/site-packages/airflow/example_dags/example_dag_decorator.py
[2024-05-06T18:22:18.622+0000] {processor.py:830} INFO - Processing file /home/airflow/.local/lib/python3.12/site-packages/airflow/example_dags/example_dag_decorator.py for tasks to queue
[2024-05-06T18:22:18.623+0000] {logging_mixin.py:188} INFO - [2024-05-06T18:22:18.623+0000] {dagbag.py:540} INFO - Filling up the DagBag from /home/airflow/.local/lib/python3.12/site-packages/airflow/example_dags/example_dag_decorator.py
[2024-05-06T18:22:18.663+0000] {processor.py:840} INFO - DAG(s) 'example_dag_decorator' retrieved from /home/airflow/.local/lib/python3.12/site-packages/airflow/example_dags/example_dag_decorator.py
[2024-05-06T18:22:18.712+0000] {logging_mixin.py:188} INFO - [2024-05-06T18:22:18.712+0000] {dag.py:3096} INFO - Sync 1 DAGs
[2024-05-06T18:22:18.717+0000] {logging_mixin.py:188} INFO - [2024-05-06T18:22:18.716+0000] {dag.py:3954} INFO - Setting next_dagrun for example_dag_decorator to None, run_after=None
[2024-05-06T18:22:18.725+0000] {processor.py:183} INFO - Processing /home/airflow/.local/lib/python3.12/site-packages/airflow/example_dags/example_dag_decorator.py took 0.106 seconds
[2024-05-06T18:22:49.252+0000] {processor.py:161} INFO - Started process (PID=2469) to work on /home/airflow/.local/lib/python3.12/site-packages/airflow/example_dags/example_dag_decorator.py
[2024-05-06T18:22:49.253+0000] {processor.py:830} INFO - Processing file /home/airflow/.local/lib/python3.12/site-packages/airflow/example_dags/example_dag_decorator.py for tasks to queue
[2024-05-06T18:22:49.254+0000] {logging_mixin.py:188} INFO - [2024-05-06T18:22:49.254+0000] {dagbag.py:540} INFO - Filling up the DagBag from /home/airflow/.local/lib/python3.12/site-packages/airflow/example_dags/example_dag_decorator.py
[2024-05-06T18:22:49.293+0000] {processor.py:840} INFO - DAG(s) 'example_dag_decorator' retrieved from /home/airflow/.local/lib/python3.12/site-packages/airflow/example_dags/example_dag_decorator.py
[2024-05-06T18:22:49.339+0000] {logging_mixin.py:188} INFO - [2024-05-06T18:22:49.339+0000] {dag.py:3096} INFO - Sync 1 DAGs
[2024-05-06T18:22:49.344+0000] {logging_mixin.py:188} INFO - [2024-05-06T18:22:49.344+0000] {dag.py:3954} INFO - Setting next_dagrun for example_dag_decorator to None, run_after=None
[2024-05-06T18:22:49.352+0000] {processor.py:183} INFO - Processing /home/airflow/.local/lib/python3.12/site-packages/airflow/example_dags/example_dag_decorator.py took 0.103 seconds
[2024-05-06T18:23:19.830+0000] {processor.py:161} INFO - Started process (PID=2526) to work on /home/airflow/.local/lib/python3.12/site-packages/airflow/example_dags/example_dag_decorator.py
[2024-05-06T18:23:19.831+0000] {processor.py:830} INFO - Processing file /home/airflow/.local/lib/python3.12/site-packages/airflow/example_dags/example_dag_decorator.py for tasks to queue
[2024-05-06T18:23:19.832+0000] {logging_mixin.py:188} INFO - [2024-05-06T18:23:19.832+0000] {dagbag.py:540} INFO - Filling up the DagBag from /home/airflow/.local/lib/python3.12/site-packages/airflow/example_dags/example_dag_decorator.py
[2024-05-06T18:23:19.875+0000] {processor.py:840} INFO - DAG(s) 'example_dag_decorator' retrieved from /home/airflow/.local/lib/python3.12/site-packages/airflow/example_dags/example_dag_decorator.py
[2024-05-06T18:23:19.921+0000] {logging_mixin.py:188} INFO - [2024-05-06T18:23:19.921+0000] {dag.py:3096} INFO - Sync 1 DAGs
[2024-05-06T18:23:19.926+0000] {logging_mixin.py:188} INFO - [2024-05-06T18:23:19.926+0000] {dag.py:3954} INFO - Setting next_dagrun for example_dag_decorator to None, run_after=None
[2024-05-06T18:23:19.934+0000] {processor.py:183} INFO - Processing /home/airflow/.local/lib/python3.12/site-packages/airflow/example_dags/example_dag_decorator.py took 0.107 seconds
[2024-05-06T18:23:50.529+0000] {processor.py:161} INFO - Started process (PID=2584) to work on /home/airflow/.local/lib/python3.12/site-packages/airflow/example_dags/example_dag_decorator.py
[2024-05-06T18:23:50.529+0000] {processor.py:830} INFO - Processing file /home/airflow/.local/lib/python3.12/site-packages/airflow/example_dags/example_dag_decorator.py for tasks to queue
[2024-05-06T18:23:50.530+0000] {logging_mixin.py:188} INFO - [2024-05-06T18:23:50.530+0000] {dagbag.py:540} INFO - Filling up the DagBag from /home/airflow/.local/lib/python3.12/site-packages/airflow/example_dags/example_dag_decorator.py
[2024-05-06T18:23:50.566+0000] {processor.py:840} INFO - DAG(s) 'example_dag_decorator' retrieved from /home/airflow/.local/lib/python3.12/site-packages/airflow/example_dags/example_dag_decorator.py
[2024-05-06T18:23:50.608+0000] {logging_mixin.py:188} INFO - [2024-05-06T18:23:50.608+0000] {dag.py:3096} INFO - Sync 1 DAGs
[2024-05-06T18:23:50.612+0000] {logging_mixin.py:188} INFO - [2024-05-06T18:23:50.612+0000] {dag.py:3954} INFO - Setting next_dagrun for example_dag_decorator to None, run_after=None
[2024-05-06T18:23:50.620+0000] {processor.py:183} INFO - Processing /home/airflow/.local/lib/python3.12/site-packages/airflow/example_dags/example_dag_decorator.py took 0.094 seconds
[2024-05-06T18:24:21.168+0000] {processor.py:161} INFO - Started process (PID=2642) to work on /home/airflow/.local/lib/python3.12/site-packages/airflow/example_dags/example_dag_decorator.py
[2024-05-06T18:24:21.168+0000] {processor.py:830} INFO - Processing file /home/airflow/.local/lib/python3.12/site-packages/airflow/example_dags/example_dag_decorator.py for tasks to queue
[2024-05-06T18:24:21.169+0000] {logging_mixin.py:188} INFO - [2024-05-06T18:24:21.169+0000] {dagbag.py:540} INFO - Filling up the DagBag from /home/airflow/.local/lib/python3.12/site-packages/airflow/example_dags/example_dag_decorator.py
[2024-05-06T18:24:21.208+0000] {processor.py:840} INFO - DAG(s) 'example_dag_decorator' retrieved from /home/airflow/.local/lib/python3.12/site-packages/airflow/example_dags/example_dag_decorator.py
[2024-05-06T18:24:21.256+0000] {logging_mixin.py:188} INFO - [2024-05-06T18:24:21.255+0000] {dag.py:3096} INFO - Sync 1 DAGs
[2024-05-06T18:24:21.260+0000] {logging_mixin.py:188} INFO - [2024-05-06T18:24:21.260+0000] {dag.py:3954} INFO - Setting next_dagrun for example_dag_decorator to None, run_after=None
[2024-05-06T18:24:21.269+0000] {processor.py:183} INFO - Processing /home/airflow/.local/lib/python3.12/site-packages/airflow/example_dags/example_dag_decorator.py took 0.104 seconds
[2024-05-06T18:24:51.822+0000] {processor.py:161} INFO - Started process (PID=2700) to work on /home/airflow/.local/lib/python3.12/site-packages/airflow/example_dags/example_dag_decorator.py
[2024-05-06T18:24:51.823+0000] {processor.py:830} INFO - Processing file /home/airflow/.local/lib/python3.12/site-packages/airflow/example_dags/example_dag_decorator.py for tasks to queue
[2024-05-06T18:24:51.824+0000] {logging_mixin.py:188} INFO - [2024-05-06T18:24:51.824+0000] {dagbag.py:540} INFO - Filling up the DagBag from /home/airflow/.local/lib/python3.12/site-packages/airflow/example_dags/example_dag_decorator.py
[2024-05-06T18:24:51.867+0000] {processor.py:840} INFO - DAG(s) 'example_dag_decorator' retrieved from /home/airflow/.local/lib/python3.12/site-packages/airflow/example_dags/example_dag_decorator.py
[2024-05-06T18:24:51.880+0000] {logging_mixin.py:188} INFO - [2024-05-06T18:24:51.879+0000] {dag.py:3096} INFO - Sync 1 DAGs
[2024-05-06T18:24:51.885+0000] {logging_mixin.py:188} INFO - [2024-05-06T18:24:51.885+0000] {dag.py:3954} INFO - Setting next_dagrun for example_dag_decorator to None, run_after=None
[2024-05-06T18:24:51.893+0000] {processor.py:183} INFO - Processing /home/airflow/.local/lib/python3.12/site-packages/airflow/example_dags/example_dag_decorator.py took 0.074 seconds
[2024-05-06T18:25:22.403+0000] {processor.py:161} INFO - Started process (PID=2758) to work on /home/airflow/.local/lib/python3.12/site-packages/airflow/example_dags/example_dag_decorator.py
[2024-05-06T18:25:22.404+0000] {processor.py:830} INFO - Processing file /home/airflow/.local/lib/python3.12/site-packages/airflow/example_dags/example_dag_decorator.py for tasks to queue
[2024-05-06T18:25:22.405+0000] {logging_mixin.py:188} INFO - [2024-05-06T18:25:22.405+0000] {dagbag.py:540} INFO - Filling up the DagBag from /home/airflow/.local/lib/python3.12/site-packages/airflow/example_dags/example_dag_decorator.py
[2024-05-06T18:25:22.444+0000] {processor.py:840} INFO - DAG(s) 'example_dag_decorator' retrieved from /home/airflow/.local/lib/python3.12/site-packages/airflow/example_dags/example_dag_decorator.py
[2024-05-06T18:25:22.491+0000] {logging_mixin.py:188} INFO - [2024-05-06T18:25:22.491+0000] {dag.py:3096} INFO - Sync 1 DAGs
[2024-05-06T18:25:22.496+0000] {logging_mixin.py:188} INFO - [2024-05-06T18:25:22.496+0000] {dag.py:3954} INFO - Setting next_dagrun for example_dag_decorator to None, run_after=None
[2024-05-06T18:25:22.504+0000] {processor.py:183} INFO - Processing /home/airflow/.local/lib/python3.12/site-packages/airflow/example_dags/example_dag_decorator.py took 0.104 seconds
[2024-05-06T18:25:53.028+0000] {processor.py:161} INFO - Started process (PID=2815) to work on /home/airflow/.local/lib/python3.12/site-packages/airflow/example_dags/example_dag_decorator.py
[2024-05-06T18:25:53.028+0000] {processor.py:830} INFO - Processing file /home/airflow/.local/lib/python3.12/site-packages/airflow/example_dags/example_dag_decorator.py for tasks to queue
[2024-05-06T18:25:53.029+0000] {logging_mixin.py:188} INFO - [2024-05-06T18:25:53.029+0000] {dagbag.py:540} INFO - Filling up the DagBag from /home/airflow/.local/lib/python3.12/site-packages/airflow/example_dags/example_dag_decorator.py
[2024-05-06T18:25:53.075+0000] {processor.py:840} INFO - DAG(s) 'example_dag_decorator' retrieved from /home/airflow/.local/lib/python3.12/site-packages/airflow/example_dags/example_dag_decorator.py
[2024-05-06T18:25:53.127+0000] {logging_mixin.py:188} INFO - [2024-05-06T18:25:53.127+0000] {dag.py:3096} INFO - Sync 1 DAGs
[2024-05-06T18:25:53.133+0000] {logging_mixin.py:188} INFO - [2024-05-06T18:25:53.133+0000] {dag.py:3954} INFO - Setting next_dagrun for example_dag_decorator to None, run_after=None
[2024-05-06T18:25:53.141+0000] {processor.py:183} INFO - Processing /home/airflow/.local/lib/python3.12/site-packages/airflow/example_dags/example_dag_decorator.py took 0.116 seconds
[2024-05-06T18:26:23.608+0000] {processor.py:161} INFO - Started process (PID=2873) to work on /home/airflow/.local/lib/python3.12/site-packages/airflow/example_dags/example_dag_decorator.py
[2024-05-06T18:26:23.609+0000] {processor.py:830} INFO - Processing file /home/airflow/.local/lib/python3.12/site-packages/airflow/example_dags/example_dag_decorator.py for tasks to queue
[2024-05-06T18:26:23.610+0000] {logging_mixin.py:188} INFO - [2024-05-06T18:26:23.610+0000] {dagbag.py:540} INFO - Filling up the DagBag from /home/airflow/.local/lib/python3.12/site-packages/airflow/example_dags/example_dag_decorator.py
[2024-05-06T18:26:23.651+0000] {processor.py:840} INFO - DAG(s) 'example_dag_decorator' retrieved from /home/airflow/.local/lib/python3.12/site-packages/airflow/example_dags/example_dag_decorator.py
[2024-05-06T18:26:23.700+0000] {logging_mixin.py:188} INFO - [2024-05-06T18:26:23.700+0000] {dag.py:3096} INFO - Sync 1 DAGs
[2024-05-06T18:26:23.705+0000] {logging_mixin.py:188} INFO - [2024-05-06T18:26:23.705+0000] {dag.py:3954} INFO - Setting next_dagrun for example_dag_decorator to None, run_after=None
[2024-05-06T18:26:23.714+0000] {processor.py:183} INFO - Processing /home/airflow/.local/lib/python3.12/site-packages/airflow/example_dags/example_dag_decorator.py took 0.108 seconds
[2024-05-06T18:26:54.371+0000] {processor.py:161} INFO - Started process (PID=2931) to work on /home/airflow/.local/lib/python3.12/site-packages/airflow/example_dags/example_dag_decorator.py
[2024-05-06T18:26:54.371+0000] {processor.py:830} INFO - Processing file /home/airflow/.local/lib/python3.12/site-packages/airflow/example_dags/example_dag_decorator.py for tasks to queue
[2024-05-06T18:26:54.373+0000] {logging_mixin.py:188} INFO - [2024-05-06T18:26:54.372+0000] {dagbag.py:540} INFO - Filling up the DagBag from /home/airflow/.local/lib/python3.12/site-packages/airflow/example_dags/example_dag_decorator.py
[2024-05-06T18:26:54.412+0000] {processor.py:840} INFO - DAG(s) 'example_dag_decorator' retrieved from /home/airflow/.local/lib/python3.12/site-packages/airflow/example_dags/example_dag_decorator.py
[2024-05-06T18:26:54.461+0000] {logging_mixin.py:188} INFO - [2024-05-06T18:26:54.461+0000] {dag.py:3096} INFO - Sync 1 DAGs
[2024-05-06T18:26:54.466+0000] {logging_mixin.py:188} INFO - [2024-05-06T18:26:54.465+0000] {dag.py:3954} INFO - Setting next_dagrun for example_dag_decorator to None, run_after=None
[2024-05-06T18:26:54.475+0000] {processor.py:183} INFO - Processing /home/airflow/.local/lib/python3.12/site-packages/airflow/example_dags/example_dag_decorator.py took 0.107 seconds
[2024-05-06T18:27:24.914+0000] {processor.py:161} INFO - Started process (PID=2988) to work on /home/airflow/.local/lib/python3.12/site-packages/airflow/example_dags/example_dag_decorator.py
[2024-05-06T18:27:24.915+0000] {processor.py:830} INFO - Processing file /home/airflow/.local/lib/python3.12/site-packages/airflow/example_dags/example_dag_decorator.py for tasks to queue
[2024-05-06T18:27:24.916+0000] {logging_mixin.py:188} INFO - [2024-05-06T18:27:24.916+0000] {dagbag.py:540} INFO - Filling up the DagBag from /home/airflow/.local/lib/python3.12/site-packages/airflow/example_dags/example_dag_decorator.py
[2024-05-06T18:27:24.955+0000] {processor.py:840} INFO - DAG(s) 'example_dag_decorator' retrieved from /home/airflow/.local/lib/python3.12/site-packages/airflow/example_dags/example_dag_decorator.py
[2024-05-06T18:27:25.000+0000] {logging_mixin.py:188} INFO - [2024-05-06T18:27:25.000+0000] {dag.py:3096} INFO - Sync 1 DAGs
[2024-05-06T18:27:25.005+0000] {logging_mixin.py:188} INFO - [2024-05-06T18:27:25.005+0000] {dag.py:3954} INFO - Setting next_dagrun for example_dag_decorator to None, run_after=None
[2024-05-06T18:27:25.014+0000] {processor.py:183} INFO - Processing /home/airflow/.local/lib/python3.12/site-packages/airflow/example_dags/example_dag_decorator.py took 0.103 seconds
[2024-05-06T18:27:55.498+0000] {processor.py:161} INFO - Started process (PID=3045) to work on /home/airflow/.local/lib/python3.12/site-packages/airflow/example_dags/example_dag_decorator.py
[2024-05-06T18:27:55.498+0000] {processor.py:830} INFO - Processing file /home/airflow/.local/lib/python3.12/site-packages/airflow/example_dags/example_dag_decorator.py for tasks to queue
[2024-05-06T18:27:55.499+0000] {logging_mixin.py:188} INFO - [2024-05-06T18:27:55.499+0000] {dagbag.py:540} INFO - Filling up the DagBag from /home/airflow/.local/lib/python3.12/site-packages/airflow/example_dags/example_dag_decorator.py
[2024-05-06T18:27:55.538+0000] {processor.py:840} INFO - DAG(s) 'example_dag_decorator' retrieved from /home/airflow/.local/lib/python3.12/site-packages/airflow/example_dags/example_dag_decorator.py
[2024-05-06T18:27:55.584+0000] {logging_mixin.py:188} INFO - [2024-05-06T18:27:55.584+0000] {dag.py:3096} INFO - Sync 1 DAGs
[2024-05-06T18:27:55.589+0000] {logging_mixin.py:188} INFO - [2024-05-06T18:27:55.589+0000] {dag.py:3954} INFO - Setting next_dagrun for example_dag_decorator to None, run_after=None
[2024-05-06T18:27:55.597+0000] {processor.py:183} INFO - Processing /home/airflow/.local/lib/python3.12/site-packages/airflow/example_dags/example_dag_decorator.py took 0.102 seconds
[2024-05-06T18:28:26.054+0000] {processor.py:161} INFO - Started process (PID=3103) to work on /home/airflow/.local/lib/python3.12/site-packages/airflow/example_dags/example_dag_decorator.py
[2024-05-06T18:28:26.054+0000] {processor.py:830} INFO - Processing file /home/airflow/.local/lib/python3.12/site-packages/airflow/example_dags/example_dag_decorator.py for tasks to queue
[2024-05-06T18:28:26.055+0000] {logging_mixin.py:188} INFO - [2024-05-06T18:28:26.055+0000] {dagbag.py:540} INFO - Filling up the DagBag from /home/airflow/.local/lib/python3.12/site-packages/airflow/example_dags/example_dag_decorator.py
[2024-05-06T18:28:26.091+0000] {processor.py:840} INFO - DAG(s) 'example_dag_decorator' retrieved from /home/airflow/.local/lib/python3.12/site-packages/airflow/example_dags/example_dag_decorator.py
[2024-05-06T18:28:26.135+0000] {logging_mixin.py:188} INFO - [2024-05-06T18:28:26.135+0000] {dag.py:3096} INFO - Sync 1 DAGs
[2024-05-06T18:28:26.139+0000] {logging_mixin.py:188} INFO - [2024-05-06T18:28:26.139+0000] {dag.py:3954} INFO - Setting next_dagrun for example_dag_decorator to None, run_after=None
[2024-05-06T18:28:26.146+0000] {processor.py:183} INFO - Processing /home/airflow/.local/lib/python3.12/site-packages/airflow/example_dags/example_dag_decorator.py took 0.095 seconds
[2024-05-06T18:28:56.827+0000] {processor.py:161} INFO - Started process (PID=3161) to work on /home/airflow/.local/lib/python3.12/site-packages/airflow/example_dags/example_dag_decorator.py
[2024-05-06T18:28:56.828+0000] {processor.py:830} INFO - Processing file /home/airflow/.local/lib/python3.12/site-packages/airflow/example_dags/example_dag_decorator.py for tasks to queue
[2024-05-06T18:28:56.829+0000] {logging_mixin.py:188} INFO - [2024-05-06T18:28:56.828+0000] {dagbag.py:540} INFO - Filling up the DagBag from /home/airflow/.local/lib/python3.12/site-packages/airflow/example_dags/example_dag_decorator.py
[2024-05-06T18:28:56.868+0000] {processor.py:840} INFO - DAG(s) 'example_dag_decorator' retrieved from /home/airflow/.local/lib/python3.12/site-packages/airflow/example_dags/example_dag_decorator.py
[2024-05-06T18:28:56.914+0000] {logging_mixin.py:188} INFO - [2024-05-06T18:28:56.914+0000] {dag.py:3096} INFO - Sync 1 DAGs
[2024-05-06T18:28:56.918+0000] {logging_mixin.py:188} INFO - [2024-05-06T18:28:56.918+0000] {dag.py:3954} INFO - Setting next_dagrun for example_dag_decorator to None, run_after=None
[2024-05-06T18:28:56.926+0000] {processor.py:183} INFO - Processing /home/airflow/.local/lib/python3.12/site-packages/airflow/example_dags/example_dag_decorator.py took 0.102 seconds
[2024-05-06T18:29:27.578+0000] {processor.py:161} INFO - Started process (PID=3219) to work on /home/airflow/.local/lib/python3.12/site-packages/airflow/example_dags/example_dag_decorator.py
[2024-05-06T18:29:27.579+0000] {processor.py:830} INFO - Processing file /home/airflow/.local/lib/python3.12/site-packages/airflow/example_dags/example_dag_decorator.py for tasks to queue
[2024-05-06T18:29:27.580+0000] {logging_mixin.py:188} INFO - [2024-05-06T18:29:27.579+0000] {dagbag.py:540} INFO - Filling up the DagBag from /home/airflow/.local/lib/python3.12/site-packages/airflow/example_dags/example_dag_decorator.py
[2024-05-06T18:29:27.619+0000] {processor.py:840} INFO - DAG(s) 'example_dag_decorator' retrieved from /home/airflow/.local/lib/python3.12/site-packages/airflow/example_dags/example_dag_decorator.py
[2024-05-06T18:29:27.670+0000] {logging_mixin.py:188} INFO - [2024-05-06T18:29:27.670+0000] {dag.py:3096} INFO - Sync 1 DAGs
[2024-05-06T18:29:27.674+0000] {logging_mixin.py:188} INFO - [2024-05-06T18:29:27.674+0000] {dag.py:3954} INFO - Setting next_dagrun for example_dag_decorator to None, run_after=None
[2024-05-06T18:29:27.681+0000] {processor.py:183} INFO - Processing /home/airflow/.local/lib/python3.12/site-packages/airflow/example_dags/example_dag_decorator.py took 0.106 seconds
[2024-05-06T19:02:50.300+0000] {processor.py:161} INFO - Started process (PID=3271) to work on /home/airflow/.local/lib/python3.12/site-packages/airflow/example_dags/example_dag_decorator.py
[2024-05-06T19:02:50.301+0000] {processor.py:830} INFO - Processing file /home/airflow/.local/lib/python3.12/site-packages/airflow/example_dags/example_dag_decorator.py for tasks to queue
[2024-05-06T19:02:50.302+0000] {logging_mixin.py:188} INFO - [2024-05-06T19:02:50.301+0000] {dagbag.py:540} INFO - Filling up the DagBag from /home/airflow/.local/lib/python3.12/site-packages/airflow/example_dags/example_dag_decorator.py
[2024-05-06T19:02:50.349+0000] {processor.py:840} INFO - DAG(s) 'example_dag_decorator' retrieved from /home/airflow/.local/lib/python3.12/site-packages/airflow/example_dags/example_dag_decorator.py
[2024-05-06T19:02:50.404+0000] {logging_mixin.py:188} INFO - [2024-05-06T19:02:50.404+0000] {dag.py:3096} INFO - Sync 1 DAGs
[2024-05-06T19:02:50.409+0000] {logging_mixin.py:188} INFO - [2024-05-06T19:02:50.409+0000] {dag.py:3954} INFO - Setting next_dagrun for example_dag_decorator to None, run_after=None
[2024-05-06T19:02:50.418+0000] {processor.py:183} INFO - Processing /home/airflow/.local/lib/python3.12/site-packages/airflow/example_dags/example_dag_decorator.py took 0.121 seconds
[2024-05-06T19:24:26.012+0000] {processor.py:161} INFO - Started process (PID=3334) to work on /home/airflow/.local/lib/python3.12/site-packages/airflow/example_dags/example_dag_decorator.py
[2024-05-06T19:24:26.013+0000] {processor.py:830} INFO - Processing file /home/airflow/.local/lib/python3.12/site-packages/airflow/example_dags/example_dag_decorator.py for tasks to queue
[2024-05-06T19:24:26.014+0000] {logging_mixin.py:188} INFO - [2024-05-06T19:24:26.014+0000] {dagbag.py:540} INFO - Filling up the DagBag from /home/airflow/.local/lib/python3.12/site-packages/airflow/example_dags/example_dag_decorator.py
[2024-05-06T19:24:26.059+0000] {processor.py:840} INFO - DAG(s) 'example_dag_decorator' retrieved from /home/airflow/.local/lib/python3.12/site-packages/airflow/example_dags/example_dag_decorator.py
[2024-05-06T19:24:26.113+0000] {logging_mixin.py:188} INFO - [2024-05-06T19:24:26.112+0000] {dag.py:3096} INFO - Sync 1 DAGs
[2024-05-06T19:24:26.117+0000] {logging_mixin.py:188} INFO - [2024-05-06T19:24:26.117+0000] {dag.py:3954} INFO - Setting next_dagrun for example_dag_decorator to None, run_after=None
[2024-05-06T19:24:26.125+0000] {processor.py:183} INFO - Processing /home/airflow/.local/lib/python3.12/site-packages/airflow/example_dags/example_dag_decorator.py took 0.116 seconds
[2024-05-06T19:30:00.864+0000] {processor.py:161} INFO - Started process (PID=3386) to work on /home/airflow/.local/lib/python3.12/site-packages/airflow/example_dags/example_dag_decorator.py
[2024-05-06T19:30:00.865+0000] {processor.py:830} INFO - Processing file /home/airflow/.local/lib/python3.12/site-packages/airflow/example_dags/example_dag_decorator.py for tasks to queue
[2024-05-06T19:30:00.866+0000] {logging_mixin.py:188} INFO - [2024-05-06T19:30:00.865+0000] {dagbag.py:540} INFO - Filling up the DagBag from /home/airflow/.local/lib/python3.12/site-packages/airflow/example_dags/example_dag_decorator.py
[2024-05-06T19:30:00.909+0000] {processor.py:840} INFO - DAG(s) 'example_dag_decorator' retrieved from /home/airflow/.local/lib/python3.12/site-packages/airflow/example_dags/example_dag_decorator.py
[2024-05-06T19:30:01.221+0000] {logging_mixin.py:188} INFO - [2024-05-06T19:30:01.221+0000] {dag.py:3096} INFO - Sync 1 DAGs
[2024-05-06T19:30:01.302+0000] {logging_mixin.py:188} INFO - [2024-05-06T19:30:01.302+0000] {dag.py:3954} INFO - Setting next_dagrun for example_dag_decorator to None, run_after=None
[2024-05-06T19:30:01.316+0000] {processor.py:183} INFO - Processing /home/airflow/.local/lib/python3.12/site-packages/airflow/example_dags/example_dag_decorator.py took 0.454 seconds
[2024-05-06T19:34:21.014+0000] {processor.py:161} INFO - Started process (PID=3444) to work on /home/airflow/.local/lib/python3.12/site-packages/airflow/example_dags/example_dag_decorator.py
[2024-05-06T19:34:21.014+0000] {processor.py:830} INFO - Processing file /home/airflow/.local/lib/python3.12/site-packages/airflow/example_dags/example_dag_decorator.py for tasks to queue
[2024-05-06T19:34:21.015+0000] {logging_mixin.py:188} INFO - [2024-05-06T19:34:21.015+0000] {dagbag.py:540} INFO - Filling up the DagBag from /home/airflow/.local/lib/python3.12/site-packages/airflow/example_dags/example_dag_decorator.py
[2024-05-06T19:34:21.054+0000] {processor.py:840} INFO - DAG(s) 'example_dag_decorator' retrieved from /home/airflow/.local/lib/python3.12/site-packages/airflow/example_dags/example_dag_decorator.py
[2024-05-06T19:34:21.102+0000] {logging_mixin.py:188} INFO - [2024-05-06T19:34:21.102+0000] {dag.py:3096} INFO - Sync 1 DAGs
[2024-05-06T19:34:21.106+0000] {logging_mixin.py:188} INFO - [2024-05-06T19:34:21.106+0000] {dag.py:3954} INFO - Setting next_dagrun for example_dag_decorator to None, run_after=None
[2024-05-06T19:34:21.114+0000] {processor.py:183} INFO - Processing /home/airflow/.local/lib/python3.12/site-packages/airflow/example_dags/example_dag_decorator.py took 0.103 seconds
[2024-05-06T19:52:32.061+0000] {processor.py:161} INFO - Started process (PID=3501) to work on /home/airflow/.local/lib/python3.12/site-packages/airflow/example_dags/example_dag_decorator.py
[2024-05-06T19:52:32.062+0000] {processor.py:830} INFO - Processing file /home/airflow/.local/lib/python3.12/site-packages/airflow/example_dags/example_dag_decorator.py for tasks to queue
[2024-05-06T19:52:32.063+0000] {logging_mixin.py:188} INFO - [2024-05-06T19:52:32.063+0000] {dagbag.py:540} INFO - Filling up the DagBag from /home/airflow/.local/lib/python3.12/site-packages/airflow/example_dags/example_dag_decorator.py
[2024-05-06T19:52:32.110+0000] {processor.py:840} INFO - DAG(s) 'example_dag_decorator' retrieved from /home/airflow/.local/lib/python3.12/site-packages/airflow/example_dags/example_dag_decorator.py
[2024-05-06T19:52:32.165+0000] {logging_mixin.py:188} INFO - [2024-05-06T19:52:32.164+0000] {dag.py:3096} INFO - Sync 1 DAGs
[2024-05-06T19:52:32.170+0000] {logging_mixin.py:188} INFO - [2024-05-06T19:52:32.170+0000] {dag.py:3954} INFO - Setting next_dagrun for example_dag_decorator to None, run_after=None
[2024-05-06T19:52:32.178+0000] {processor.py:183} INFO - Processing /home/airflow/.local/lib/python3.12/site-packages/airflow/example_dags/example_dag_decorator.py took 0.122 seconds
