[2024-05-06T20:01:44.385+0000] {processor.py:161} INFO - Started process (PID=4551) to work on /home/airflow/.local/lib/python3.12/site-packages/airflow/example_dags/example_branch_python_dop_operator_3.py
[2024-05-06T20:01:44.385+0000] {processor.py:830} INFO - Processing file /home/airflow/.local/lib/python3.12/site-packages/airflow/example_dags/example_branch_python_dop_operator_3.py for tasks to queue
[2024-05-06T20:01:44.387+0000] {logging_mixin.py:188} INFO - [2024-05-06T20:01:44.387+0000] {dagbag.py:540} INFO - Filling up the DagBag from /home/airflow/.local/lib/python3.12/site-packages/airflow/example_dags/example_branch_python_dop_operator_3.py
[2024-05-06T20:01:44.392+0000] {processor.py:840} INFO - DAG(s) 'example_branch_dop_operator_v3' retrieved from /home/airflow/.local/lib/python3.12/site-packages/airflow/example_dags/example_branch_python_dop_operator_3.py
[2024-05-06T20:01:44.406+0000] {logging_mixin.py:188} INFO - [2024-05-06T20:01:44.406+0000] {dag.py:3096} INFO - Sync 1 DAGs
[2024-05-06T20:01:44.422+0000] {logging_mixin.py:188} INFO - [2024-05-06T20:01:44.422+0000] {dag.py:3954} INFO - Setting next_dagrun for example_branch_dop_operator_v3 to 2024-05-06 20:00:00+00:00, run_after=2024-05-06 20:01:00+00:00
[2024-05-06T20:01:44.433+0000] {processor.py:183} INFO - Processing /home/airflow/.local/lib/python3.12/site-packages/airflow/example_dags/example_branch_python_dop_operator_3.py took 0.052 seconds
[2024-05-06T20:02:15.313+0000] {processor.py:161} INFO - Started process (PID=4609) to work on /home/airflow/.local/lib/python3.12/site-packages/airflow/example_dags/example_branch_python_dop_operator_3.py
[2024-05-06T20:02:15.314+0000] {processor.py:830} INFO - Processing file /home/airflow/.local/lib/python3.12/site-packages/airflow/example_dags/example_branch_python_dop_operator_3.py for tasks to queue
[2024-05-06T20:02:15.315+0000] {logging_mixin.py:188} INFO - [2024-05-06T20:02:15.315+0000] {dagbag.py:540} INFO - Filling up the DagBag from /home/airflow/.local/lib/python3.12/site-packages/airflow/example_dags/example_branch_python_dop_operator_3.py
[2024-05-06T20:02:15.320+0000] {processor.py:840} INFO - DAG(s) 'example_branch_dop_operator_v3' retrieved from /home/airflow/.local/lib/python3.12/site-packages/airflow/example_dags/example_branch_python_dop_operator_3.py
[2024-05-06T20:02:15.331+0000] {logging_mixin.py:188} INFO - [2024-05-06T20:02:15.331+0000] {dag.py:3096} INFO - Sync 1 DAGs
[2024-05-06T20:02:15.346+0000] {logging_mixin.py:188} INFO - [2024-05-06T20:02:15.346+0000] {dag.py:3954} INFO - Setting next_dagrun for example_branch_dop_operator_v3 to 2024-05-06 20:01:00+00:00, run_after=2024-05-06 20:02:00+00:00
[2024-05-06T20:02:15.356+0000] {processor.py:183} INFO - Processing /home/airflow/.local/lib/python3.12/site-packages/airflow/example_dags/example_branch_python_dop_operator_3.py took 0.046 seconds
[2024-05-06T20:02:46.365+0000] {processor.py:161} INFO - Started process (PID=4668) to work on /home/airflow/.local/lib/python3.12/site-packages/airflow/example_dags/example_branch_python_dop_operator_3.py
[2024-05-06T20:02:46.366+0000] {processor.py:830} INFO - Processing file /home/airflow/.local/lib/python3.12/site-packages/airflow/example_dags/example_branch_python_dop_operator_3.py for tasks to queue
[2024-05-06T20:02:46.367+0000] {logging_mixin.py:188} INFO - [2024-05-06T20:02:46.367+0000] {dagbag.py:540} INFO - Filling up the DagBag from /home/airflow/.local/lib/python3.12/site-packages/airflow/example_dags/example_branch_python_dop_operator_3.py
[2024-05-06T20:02:46.372+0000] {processor.py:840} INFO - DAG(s) 'example_branch_dop_operator_v3' retrieved from /home/airflow/.local/lib/python3.12/site-packages/airflow/example_dags/example_branch_python_dop_operator_3.py
[2024-05-06T20:02:46.383+0000] {logging_mixin.py:188} INFO - [2024-05-06T20:02:46.383+0000] {dag.py:3096} INFO - Sync 1 DAGs
[2024-05-06T20:02:46.395+0000] {logging_mixin.py:188} INFO - [2024-05-06T20:02:46.395+0000] {dag.py:3954} INFO - Setting next_dagrun for example_branch_dop_operator_v3 to 2024-05-06 20:01:00+00:00, run_after=2024-05-06 20:02:00+00:00
[2024-05-06T20:02:46.404+0000] {processor.py:183} INFO - Processing /home/airflow/.local/lib/python3.12/site-packages/airflow/example_dags/example_branch_python_dop_operator_3.py took 0.041 seconds
[2024-05-06T20:03:17.294+0000] {processor.py:161} INFO - Started process (PID=4727) to work on /home/airflow/.local/lib/python3.12/site-packages/airflow/example_dags/example_branch_python_dop_operator_3.py
[2024-05-06T20:03:17.295+0000] {processor.py:830} INFO - Processing file /home/airflow/.local/lib/python3.12/site-packages/airflow/example_dags/example_branch_python_dop_operator_3.py for tasks to queue
[2024-05-06T20:03:17.296+0000] {logging_mixin.py:188} INFO - [2024-05-06T20:03:17.295+0000] {dagbag.py:540} INFO - Filling up the DagBag from /home/airflow/.local/lib/python3.12/site-packages/airflow/example_dags/example_branch_python_dop_operator_3.py
[2024-05-06T20:03:17.300+0000] {processor.py:840} INFO - DAG(s) 'example_branch_dop_operator_v3' retrieved from /home/airflow/.local/lib/python3.12/site-packages/airflow/example_dags/example_branch_python_dop_operator_3.py
[2024-05-06T20:03:17.312+0000] {logging_mixin.py:188} INFO - [2024-05-06T20:03:17.312+0000] {dag.py:3096} INFO - Sync 1 DAGs
[2024-05-06T20:03:17.323+0000] {logging_mixin.py:188} INFO - [2024-05-06T20:03:17.323+0000] {dag.py:3954} INFO - Setting next_dagrun for example_branch_dop_operator_v3 to 2024-05-06 20:02:00+00:00, run_after=2024-05-06 20:03:00+00:00
[2024-05-06T20:03:17.330+0000] {processor.py:183} INFO - Processing /home/airflow/.local/lib/python3.12/site-packages/airflow/example_dags/example_branch_python_dop_operator_3.py took 0.039 seconds
[2024-05-06T20:03:48.089+0000] {processor.py:161} INFO - Started process (PID=4785) to work on /home/airflow/.local/lib/python3.12/site-packages/airflow/example_dags/example_branch_python_dop_operator_3.py
[2024-05-06T20:03:48.090+0000] {processor.py:830} INFO - Processing file /home/airflow/.local/lib/python3.12/site-packages/airflow/example_dags/example_branch_python_dop_operator_3.py for tasks to queue
[2024-05-06T20:03:48.091+0000] {logging_mixin.py:188} INFO - [2024-05-06T20:03:48.091+0000] {dagbag.py:540} INFO - Filling up the DagBag from /home/airflow/.local/lib/python3.12/site-packages/airflow/example_dags/example_branch_python_dop_operator_3.py
[2024-05-06T20:03:48.096+0000] {processor.py:840} INFO - DAG(s) 'example_branch_dop_operator_v3' retrieved from /home/airflow/.local/lib/python3.12/site-packages/airflow/example_dags/example_branch_python_dop_operator_3.py
[2024-05-06T20:03:48.108+0000] {logging_mixin.py:188} INFO - [2024-05-06T20:03:48.107+0000] {dag.py:3096} INFO - Sync 1 DAGs
[2024-05-06T20:03:48.120+0000] {logging_mixin.py:188} INFO - [2024-05-06T20:03:48.120+0000] {dag.py:3954} INFO - Setting next_dagrun for example_branch_dop_operator_v3 to 2024-05-06 20:02:00+00:00, run_after=2024-05-06 20:03:00+00:00
[2024-05-06T20:03:48.130+0000] {processor.py:183} INFO - Processing /home/airflow/.local/lib/python3.12/site-packages/airflow/example_dags/example_branch_python_dop_operator_3.py took 0.044 seconds
[2024-05-06T20:04:18.167+0000] {processor.py:161} INFO - Started process (PID=4842) to work on /home/airflow/.local/lib/python3.12/site-packages/airflow/example_dags/example_branch_python_dop_operator_3.py
[2024-05-06T20:04:18.167+0000] {processor.py:830} INFO - Processing file /home/airflow/.local/lib/python3.12/site-packages/airflow/example_dags/example_branch_python_dop_operator_3.py for tasks to queue
[2024-05-06T20:04:18.168+0000] {logging_mixin.py:188} INFO - [2024-05-06T20:04:18.168+0000] {dagbag.py:540} INFO - Filling up the DagBag from /home/airflow/.local/lib/python3.12/site-packages/airflow/example_dags/example_branch_python_dop_operator_3.py
[2024-05-06T20:04:18.172+0000] {processor.py:840} INFO - DAG(s) 'example_branch_dop_operator_v3' retrieved from /home/airflow/.local/lib/python3.12/site-packages/airflow/example_dags/example_branch_python_dop_operator_3.py
[2024-05-06T20:04:18.182+0000] {logging_mixin.py:188} INFO - [2024-05-06T20:04:18.182+0000] {dag.py:3096} INFO - Sync 1 DAGs
[2024-05-06T20:04:18.192+0000] {logging_mixin.py:188} INFO - [2024-05-06T20:04:18.192+0000] {dag.py:3954} INFO - Setting next_dagrun for example_branch_dop_operator_v3 to 2024-05-06 20:03:00+00:00, run_after=2024-05-06 20:04:00+00:00
[2024-05-06T20:04:18.199+0000] {processor.py:183} INFO - Processing /home/airflow/.local/lib/python3.12/site-packages/airflow/example_dags/example_branch_python_dop_operator_3.py took 0.035 seconds
[2024-05-06T20:04:48.369+0000] {processor.py:161} INFO - Started process (PID=4901) to work on /home/airflow/.local/lib/python3.12/site-packages/airflow/example_dags/example_branch_python_dop_operator_3.py
[2024-05-06T20:04:48.369+0000] {processor.py:830} INFO - Processing file /home/airflow/.local/lib/python3.12/site-packages/airflow/example_dags/example_branch_python_dop_operator_3.py for tasks to queue
[2024-05-06T20:04:48.370+0000] {logging_mixin.py:188} INFO - [2024-05-06T20:04:48.370+0000] {dagbag.py:540} INFO - Filling up the DagBag from /home/airflow/.local/lib/python3.12/site-packages/airflow/example_dags/example_branch_python_dop_operator_3.py
[2024-05-06T20:04:48.375+0000] {processor.py:840} INFO - DAG(s) 'example_branch_dop_operator_v3' retrieved from /home/airflow/.local/lib/python3.12/site-packages/airflow/example_dags/example_branch_python_dop_operator_3.py
[2024-05-06T20:04:48.385+0000] {logging_mixin.py:188} INFO - [2024-05-06T20:04:48.385+0000] {dag.py:3096} INFO - Sync 1 DAGs
[2024-05-06T20:04:48.397+0000] {logging_mixin.py:188} INFO - [2024-05-06T20:04:48.397+0000] {dag.py:3954} INFO - Setting next_dagrun for example_branch_dop_operator_v3 to 2024-05-06 20:03:00+00:00, run_after=2024-05-06 20:04:00+00:00
[2024-05-06T20:04:48.406+0000] {processor.py:183} INFO - Processing /home/airflow/.local/lib/python3.12/site-packages/airflow/example_dags/example_branch_python_dop_operator_3.py took 0.041 seconds
[2024-05-06T20:05:19.443+0000] {processor.py:161} INFO - Started process (PID=4961) to work on /home/airflow/.local/lib/python3.12/site-packages/airflow/example_dags/example_branch_python_dop_operator_3.py
[2024-05-06T20:05:19.444+0000] {processor.py:830} INFO - Processing file /home/airflow/.local/lib/python3.12/site-packages/airflow/example_dags/example_branch_python_dop_operator_3.py for tasks to queue
[2024-05-06T20:05:19.445+0000] {logging_mixin.py:188} INFO - [2024-05-06T20:05:19.445+0000] {dagbag.py:540} INFO - Filling up the DagBag from /home/airflow/.local/lib/python3.12/site-packages/airflow/example_dags/example_branch_python_dop_operator_3.py
[2024-05-06T20:05:19.449+0000] {processor.py:840} INFO - DAG(s) 'example_branch_dop_operator_v3' retrieved from /home/airflow/.local/lib/python3.12/site-packages/airflow/example_dags/example_branch_python_dop_operator_3.py
[2024-05-06T20:05:19.459+0000] {logging_mixin.py:188} INFO - [2024-05-06T20:05:19.459+0000] {dag.py:3096} INFO - Sync 1 DAGs
[2024-05-06T20:05:19.470+0000] {logging_mixin.py:188} INFO - [2024-05-06T20:05:19.470+0000] {dag.py:3954} INFO - Setting next_dagrun for example_branch_dop_operator_v3 to 2024-05-06 20:04:00+00:00, run_after=2024-05-06 20:05:00+00:00
[2024-05-06T20:05:19.477+0000] {processor.py:183} INFO - Processing /home/airflow/.local/lib/python3.12/site-packages/airflow/example_dags/example_branch_python_dop_operator_3.py took 0.037 seconds
[2024-05-06T20:05:50.014+0000] {processor.py:161} INFO - Started process (PID=5020) to work on /home/airflow/.local/lib/python3.12/site-packages/airflow/example_dags/example_branch_python_dop_operator_3.py
[2024-05-06T20:05:50.015+0000] {processor.py:830} INFO - Processing file /home/airflow/.local/lib/python3.12/site-packages/airflow/example_dags/example_branch_python_dop_operator_3.py for tasks to queue
[2024-05-06T20:05:50.016+0000] {logging_mixin.py:188} INFO - [2024-05-06T20:05:50.016+0000] {dagbag.py:540} INFO - Filling up the DagBag from /home/airflow/.local/lib/python3.12/site-packages/airflow/example_dags/example_branch_python_dop_operator_3.py
[2024-05-06T20:05:50.021+0000] {processor.py:840} INFO - DAG(s) 'example_branch_dop_operator_v3' retrieved from /home/airflow/.local/lib/python3.12/site-packages/airflow/example_dags/example_branch_python_dop_operator_3.py
[2024-05-06T20:05:50.032+0000] {logging_mixin.py:188} INFO - [2024-05-06T20:05:50.032+0000] {dag.py:3096} INFO - Sync 1 DAGs
[2024-05-06T20:05:50.046+0000] {logging_mixin.py:188} INFO - [2024-05-06T20:05:50.046+0000] {dag.py:3954} INFO - Setting next_dagrun for example_branch_dop_operator_v3 to 2024-05-06 20:04:00+00:00, run_after=2024-05-06 20:05:00+00:00
[2024-05-06T20:05:50.056+0000] {processor.py:183} INFO - Processing /home/airflow/.local/lib/python3.12/site-packages/airflow/example_dags/example_branch_python_dop_operator_3.py took 0.045 seconds
[2024-05-06T20:06:20.787+0000] {processor.py:161} INFO - Started process (PID=5079) to work on /home/airflow/.local/lib/python3.12/site-packages/airflow/example_dags/example_branch_python_dop_operator_3.py
[2024-05-06T20:06:20.788+0000] {processor.py:830} INFO - Processing file /home/airflow/.local/lib/python3.12/site-packages/airflow/example_dags/example_branch_python_dop_operator_3.py for tasks to queue
[2024-05-06T20:06:20.789+0000] {logging_mixin.py:188} INFO - [2024-05-06T20:06:20.789+0000] {dagbag.py:540} INFO - Filling up the DagBag from /home/airflow/.local/lib/python3.12/site-packages/airflow/example_dags/example_branch_python_dop_operator_3.py
[2024-05-06T20:06:20.793+0000] {processor.py:840} INFO - DAG(s) 'example_branch_dop_operator_v3' retrieved from /home/airflow/.local/lib/python3.12/site-packages/airflow/example_dags/example_branch_python_dop_operator_3.py
[2024-05-06T20:06:20.803+0000] {logging_mixin.py:188} INFO - [2024-05-06T20:06:20.803+0000] {dag.py:3096} INFO - Sync 1 DAGs
[2024-05-06T20:06:20.815+0000] {logging_mixin.py:188} INFO - [2024-05-06T20:06:20.815+0000] {dag.py:3954} INFO - Setting next_dagrun for example_branch_dop_operator_v3 to 2024-05-06 20:05:00+00:00, run_after=2024-05-06 20:06:00+00:00
[2024-05-06T20:06:20.824+0000] {processor.py:183} INFO - Processing /home/airflow/.local/lib/python3.12/site-packages/airflow/example_dags/example_branch_python_dop_operator_3.py took 0.039 seconds
[2024-05-06T20:06:51.397+0000] {processor.py:161} INFO - Started process (PID=5138) to work on /home/airflow/.local/lib/python3.12/site-packages/airflow/example_dags/example_branch_python_dop_operator_3.py
[2024-05-06T20:06:51.398+0000] {processor.py:830} INFO - Processing file /home/airflow/.local/lib/python3.12/site-packages/airflow/example_dags/example_branch_python_dop_operator_3.py for tasks to queue
[2024-05-06T20:06:51.398+0000] {logging_mixin.py:188} INFO - [2024-05-06T20:06:51.398+0000] {dagbag.py:540} INFO - Filling up the DagBag from /home/airflow/.local/lib/python3.12/site-packages/airflow/example_dags/example_branch_python_dop_operator_3.py
[2024-05-06T20:06:51.402+0000] {processor.py:840} INFO - DAG(s) 'example_branch_dop_operator_v3' retrieved from /home/airflow/.local/lib/python3.12/site-packages/airflow/example_dags/example_branch_python_dop_operator_3.py
[2024-05-06T20:06:51.413+0000] {logging_mixin.py:188} INFO - [2024-05-06T20:06:51.412+0000] {dag.py:3096} INFO - Sync 1 DAGs
[2024-05-06T20:06:51.423+0000] {logging_mixin.py:188} INFO - [2024-05-06T20:06:51.423+0000] {dag.py:3954} INFO - Setting next_dagrun for example_branch_dop_operator_v3 to 2024-05-06 20:05:00+00:00, run_after=2024-05-06 20:06:00+00:00
[2024-05-06T20:06:51.432+0000] {processor.py:183} INFO - Processing /home/airflow/.local/lib/python3.12/site-packages/airflow/example_dags/example_branch_python_dop_operator_3.py took 0.037 seconds
[2024-05-06T20:07:22.049+0000] {processor.py:161} INFO - Started process (PID=5196) to work on /home/airflow/.local/lib/python3.12/site-packages/airflow/example_dags/example_branch_python_dop_operator_3.py
[2024-05-06T20:07:22.050+0000] {processor.py:830} INFO - Processing file /home/airflow/.local/lib/python3.12/site-packages/airflow/example_dags/example_branch_python_dop_operator_3.py for tasks to queue
[2024-05-06T20:07:22.051+0000] {logging_mixin.py:188} INFO - [2024-05-06T20:07:22.051+0000] {dagbag.py:540} INFO - Filling up the DagBag from /home/airflow/.local/lib/python3.12/site-packages/airflow/example_dags/example_branch_python_dop_operator_3.py
[2024-05-06T20:07:22.056+0000] {processor.py:840} INFO - DAG(s) 'example_branch_dop_operator_v3' retrieved from /home/airflow/.local/lib/python3.12/site-packages/airflow/example_dags/example_branch_python_dop_operator_3.py
[2024-05-06T20:07:22.066+0000] {logging_mixin.py:188} INFO - [2024-05-06T20:07:22.066+0000] {dag.py:3096} INFO - Sync 1 DAGs
[2024-05-06T20:07:22.080+0000] {logging_mixin.py:188} INFO - [2024-05-06T20:07:22.080+0000] {dag.py:3954} INFO - Setting next_dagrun for example_branch_dop_operator_v3 to 2024-05-06 20:06:00+00:00, run_after=2024-05-06 20:07:00+00:00
[2024-05-06T20:07:22.089+0000] {processor.py:183} INFO - Processing /home/airflow/.local/lib/python3.12/site-packages/airflow/example_dags/example_branch_python_dop_operator_3.py took 0.042 seconds
[2024-05-06T20:07:53.071+0000] {processor.py:161} INFO - Started process (PID=5255) to work on /home/airflow/.local/lib/python3.12/site-packages/airflow/example_dags/example_branch_python_dop_operator_3.py
[2024-05-06T20:07:53.072+0000] {processor.py:830} INFO - Processing file /home/airflow/.local/lib/python3.12/site-packages/airflow/example_dags/example_branch_python_dop_operator_3.py for tasks to queue
[2024-05-06T20:07:53.073+0000] {logging_mixin.py:188} INFO - [2024-05-06T20:07:53.072+0000] {dagbag.py:540} INFO - Filling up the DagBag from /home/airflow/.local/lib/python3.12/site-packages/airflow/example_dags/example_branch_python_dop_operator_3.py
[2024-05-06T20:07:53.077+0000] {processor.py:840} INFO - DAG(s) 'example_branch_dop_operator_v3' retrieved from /home/airflow/.local/lib/python3.12/site-packages/airflow/example_dags/example_branch_python_dop_operator_3.py
[2024-05-06T20:07:53.091+0000] {logging_mixin.py:188} INFO - [2024-05-06T20:07:53.091+0000] {dag.py:3096} INFO - Sync 1 DAGs
[2024-05-06T20:07:53.108+0000] {logging_mixin.py:188} INFO - [2024-05-06T20:07:53.108+0000] {dag.py:3954} INFO - Setting next_dagrun for example_branch_dop_operator_v3 to 2024-05-06 20:06:00+00:00, run_after=2024-05-06 20:07:00+00:00
[2024-05-06T20:07:53.123+0000] {processor.py:183} INFO - Processing /home/airflow/.local/lib/python3.12/site-packages/airflow/example_dags/example_branch_python_dop_operator_3.py took 0.055 seconds
[2024-05-06T20:08:23.316+0000] {processor.py:161} INFO - Started process (PID=5313) to work on /home/airflow/.local/lib/python3.12/site-packages/airflow/example_dags/example_branch_python_dop_operator_3.py
[2024-05-06T20:08:23.317+0000] {processor.py:830} INFO - Processing file /home/airflow/.local/lib/python3.12/site-packages/airflow/example_dags/example_branch_python_dop_operator_3.py for tasks to queue
[2024-05-06T20:08:23.318+0000] {logging_mixin.py:188} INFO - [2024-05-06T20:08:23.318+0000] {dagbag.py:540} INFO - Filling up the DagBag from /home/airflow/.local/lib/python3.12/site-packages/airflow/example_dags/example_branch_python_dop_operator_3.py
[2024-05-06T20:08:23.322+0000] {processor.py:840} INFO - DAG(s) 'example_branch_dop_operator_v3' retrieved from /home/airflow/.local/lib/python3.12/site-packages/airflow/example_dags/example_branch_python_dop_operator_3.py
[2024-05-06T20:08:23.334+0000] {logging_mixin.py:188} INFO - [2024-05-06T20:08:23.334+0000] {dag.py:3096} INFO - Sync 1 DAGs
[2024-05-06T20:08:23.347+0000] {logging_mixin.py:188} INFO - [2024-05-06T20:08:23.347+0000] {dag.py:3954} INFO - Setting next_dagrun for example_branch_dop_operator_v3 to 2024-05-06 20:07:00+00:00, run_after=2024-05-06 20:08:00+00:00
[2024-05-06T20:08:23.355+0000] {processor.py:183} INFO - Processing /home/airflow/.local/lib/python3.12/site-packages/airflow/example_dags/example_branch_python_dop_operator_3.py took 0.043 seconds
[2024-05-06T20:08:53.380+0000] {processor.py:161} INFO - Started process (PID=5371) to work on /home/airflow/.local/lib/python3.12/site-packages/airflow/example_dags/example_branch_python_dop_operator_3.py
[2024-05-06T20:08:53.381+0000] {processor.py:830} INFO - Processing file /home/airflow/.local/lib/python3.12/site-packages/airflow/example_dags/example_branch_python_dop_operator_3.py for tasks to queue
[2024-05-06T20:08:53.382+0000] {logging_mixin.py:188} INFO - [2024-05-06T20:08:53.382+0000] {dagbag.py:540} INFO - Filling up the DagBag from /home/airflow/.local/lib/python3.12/site-packages/airflow/example_dags/example_branch_python_dop_operator_3.py
[2024-05-06T20:08:53.386+0000] {processor.py:840} INFO - DAG(s) 'example_branch_dop_operator_v3' retrieved from /home/airflow/.local/lib/python3.12/site-packages/airflow/example_dags/example_branch_python_dop_operator_3.py
[2024-05-06T20:08:53.395+0000] {logging_mixin.py:188} INFO - [2024-05-06T20:08:53.395+0000] {dag.py:3096} INFO - Sync 1 DAGs
[2024-05-06T20:08:53.405+0000] {logging_mixin.py:188} INFO - [2024-05-06T20:08:53.405+0000] {dag.py:3954} INFO - Setting next_dagrun for example_branch_dop_operator_v3 to 2024-05-06 20:07:00+00:00, run_after=2024-05-06 20:08:00+00:00
[2024-05-06T20:08:53.412+0000] {processor.py:183} INFO - Processing /home/airflow/.local/lib/python3.12/site-packages/airflow/example_dags/example_branch_python_dop_operator_3.py took 0.035 seconds
[2024-05-06T20:09:24.170+0000] {processor.py:161} INFO - Started process (PID=5430) to work on /home/airflow/.local/lib/python3.12/site-packages/airflow/example_dags/example_branch_python_dop_operator_3.py
[2024-05-06T20:09:24.170+0000] {processor.py:830} INFO - Processing file /home/airflow/.local/lib/python3.12/site-packages/airflow/example_dags/example_branch_python_dop_operator_3.py for tasks to queue
[2024-05-06T20:09:24.171+0000] {logging_mixin.py:188} INFO - [2024-05-06T20:09:24.171+0000] {dagbag.py:540} INFO - Filling up the DagBag from /home/airflow/.local/lib/python3.12/site-packages/airflow/example_dags/example_branch_python_dop_operator_3.py
[2024-05-06T20:09:24.176+0000] {processor.py:840} INFO - DAG(s) 'example_branch_dop_operator_v3' retrieved from /home/airflow/.local/lib/python3.12/site-packages/airflow/example_dags/example_branch_python_dop_operator_3.py
[2024-05-06T20:09:24.186+0000] {logging_mixin.py:188} INFO - [2024-05-06T20:09:24.186+0000] {dag.py:3096} INFO - Sync 1 DAGs
[2024-05-06T20:09:24.199+0000] {logging_mixin.py:188} INFO - [2024-05-06T20:09:24.198+0000] {dag.py:3954} INFO - Setting next_dagrun for example_branch_dop_operator_v3 to 2024-05-06 20:08:00+00:00, run_after=2024-05-06 20:09:00+00:00
[2024-05-06T20:09:24.207+0000] {processor.py:183} INFO - Processing /home/airflow/.local/lib/python3.12/site-packages/airflow/example_dags/example_branch_python_dop_operator_3.py took 0.041 seconds
[2024-05-06T20:09:55.384+0000] {processor.py:161} INFO - Started process (PID=5489) to work on /home/airflow/.local/lib/python3.12/site-packages/airflow/example_dags/example_branch_python_dop_operator_3.py
[2024-05-06T20:09:55.385+0000] {processor.py:830} INFO - Processing file /home/airflow/.local/lib/python3.12/site-packages/airflow/example_dags/example_branch_python_dop_operator_3.py for tasks to queue
[2024-05-06T20:09:55.386+0000] {logging_mixin.py:188} INFO - [2024-05-06T20:09:55.386+0000] {dagbag.py:540} INFO - Filling up the DagBag from /home/airflow/.local/lib/python3.12/site-packages/airflow/example_dags/example_branch_python_dop_operator_3.py
[2024-05-06T20:09:55.391+0000] {processor.py:840} INFO - DAG(s) 'example_branch_dop_operator_v3' retrieved from /home/airflow/.local/lib/python3.12/site-packages/airflow/example_dags/example_branch_python_dop_operator_3.py
[2024-05-06T20:09:55.400+0000] {logging_mixin.py:188} INFO - [2024-05-06T20:09:55.400+0000] {dag.py:3096} INFO - Sync 1 DAGs
[2024-05-06T20:09:55.413+0000] {logging_mixin.py:188} INFO - [2024-05-06T20:09:55.413+0000] {dag.py:3954} INFO - Setting next_dagrun for example_branch_dop_operator_v3 to 2024-05-06 20:08:00+00:00, run_after=2024-05-06 20:09:00+00:00
[2024-05-06T20:09:55.422+0000] {processor.py:183} INFO - Processing /home/airflow/.local/lib/python3.12/site-packages/airflow/example_dags/example_branch_python_dop_operator_3.py took 0.042 seconds
[2024-05-06T20:10:25.523+0000] {processor.py:161} INFO - Started process (PID=5548) to work on /home/airflow/.local/lib/python3.12/site-packages/airflow/example_dags/example_branch_python_dop_operator_3.py
[2024-05-06T20:10:25.524+0000] {processor.py:830} INFO - Processing file /home/airflow/.local/lib/python3.12/site-packages/airflow/example_dags/example_branch_python_dop_operator_3.py for tasks to queue
[2024-05-06T20:10:25.525+0000] {logging_mixin.py:188} INFO - [2024-05-06T20:10:25.525+0000] {dagbag.py:540} INFO - Filling up the DagBag from /home/airflow/.local/lib/python3.12/site-packages/airflow/example_dags/example_branch_python_dop_operator_3.py
[2024-05-06T20:10:25.530+0000] {processor.py:840} INFO - DAG(s) 'example_branch_dop_operator_v3' retrieved from /home/airflow/.local/lib/python3.12/site-packages/airflow/example_dags/example_branch_python_dop_operator_3.py
[2024-05-06T20:10:25.540+0000] {logging_mixin.py:188} INFO - [2024-05-06T20:10:25.540+0000] {dag.py:3096} INFO - Sync 1 DAGs
[2024-05-06T20:10:25.552+0000] {logging_mixin.py:188} INFO - [2024-05-06T20:10:25.552+0000] {dag.py:3954} INFO - Setting next_dagrun for example_branch_dop_operator_v3 to 2024-05-06 20:09:00+00:00, run_after=2024-05-06 20:10:00+00:00
[2024-05-06T20:10:25.561+0000] {processor.py:183} INFO - Processing /home/airflow/.local/lib/python3.12/site-packages/airflow/example_dags/example_branch_python_dop_operator_3.py took 0.040 seconds
[2024-05-06T20:10:55.706+0000] {processor.py:161} INFO - Started process (PID=5607) to work on /home/airflow/.local/lib/python3.12/site-packages/airflow/example_dags/example_branch_python_dop_operator_3.py
[2024-05-06T20:10:55.707+0000] {processor.py:830} INFO - Processing file /home/airflow/.local/lib/python3.12/site-packages/airflow/example_dags/example_branch_python_dop_operator_3.py for tasks to queue
[2024-05-06T20:10:55.708+0000] {logging_mixin.py:188} INFO - [2024-05-06T20:10:55.708+0000] {dagbag.py:540} INFO - Filling up the DagBag from /home/airflow/.local/lib/python3.12/site-packages/airflow/example_dags/example_branch_python_dop_operator_3.py
[2024-05-06T20:10:55.712+0000] {processor.py:840} INFO - DAG(s) 'example_branch_dop_operator_v3' retrieved from /home/airflow/.local/lib/python3.12/site-packages/airflow/example_dags/example_branch_python_dop_operator_3.py
[2024-05-06T20:10:55.722+0000] {logging_mixin.py:188} INFO - [2024-05-06T20:10:55.722+0000] {dag.py:3096} INFO - Sync 1 DAGs
[2024-05-06T20:10:55.733+0000] {logging_mixin.py:188} INFO - [2024-05-06T20:10:55.733+0000] {dag.py:3954} INFO - Setting next_dagrun for example_branch_dop_operator_v3 to 2024-05-06 20:09:00+00:00, run_after=2024-05-06 20:10:00+00:00
[2024-05-06T20:10:55.741+0000] {processor.py:183} INFO - Processing /home/airflow/.local/lib/python3.12/site-packages/airflow/example_dags/example_branch_python_dop_operator_3.py took 0.037 seconds
