[2024-05-06T17:59:09.995+0000] {processor.py:161} INFO - Started process (PID=66) to work on /home/airflow/.local/lib/python3.12/site-packages/airflow/example_dags/example_skip_dag.py
[2024-05-06T17:59:09.995+0000] {processor.py:830} INFO - Processing file /home/airflow/.local/lib/python3.12/site-packages/airflow/example_dags/example_skip_dag.py for tasks to queue
[2024-05-06T17:59:09.996+0000] {logging_mixin.py:188} INFO - [2024-05-06T17:59:09.996+0000] {dagbag.py:540} INFO - Filling up the DagBag from /home/airflow/.local/lib/python3.12/site-packages/airflow/example_dags/example_skip_dag.py
[2024-05-06T17:59:10.000+0000] {processor.py:840} INFO - DAG(s) 'example_skip_dag' retrieved from /home/airflow/.local/lib/python3.12/site-packages/airflow/example_dags/example_skip_dag.py
[2024-05-06T17:59:10.051+0000] {logging_mixin.py:188} INFO - [2024-05-06T17:59:10.051+0000] {override.py:1829} INFO - Created Permission View: can delete on DAG:example_skip_dag
[2024-05-06T17:59:10.055+0000] {logging_mixin.py:188} INFO - [2024-05-06T17:59:10.054+0000] {override.py:1829} INFO - Created Permission View: can edit on DAG:example_skip_dag
[2024-05-06T17:59:10.057+0000] {logging_mixin.py:188} INFO - [2024-05-06T17:59:10.057+0000] {override.py:1829} INFO - Created Permission View: can read on DAG:example_skip_dag
[2024-05-06T17:59:10.057+0000] {logging_mixin.py:188} INFO - [2024-05-06T17:59:10.057+0000] {dag.py:3096} INFO - Sync 1 DAGs
[2024-05-06T17:59:10.062+0000] {logging_mixin.py:188} INFO - [2024-05-06T17:59:10.061+0000] {dag.py:3118} INFO - Creating ORM DAG for example_skip_dag
[2024-05-06T17:59:10.066+0000] {logging_mixin.py:188} INFO - [2024-05-06T17:59:10.066+0000] {dag.py:3954} INFO - Setting next_dagrun for example_skip_dag to 2024-05-05 00:00:00+00:00, run_after=2024-05-06 00:00:00+00:00
[2024-05-06T17:59:10.074+0000] {processor.py:183} INFO - Processing /home/airflow/.local/lib/python3.12/site-packages/airflow/example_dags/example_skip_dag.py took 0.082 seconds
[2024-05-06T17:59:40.659+0000] {processor.py:161} INFO - Started process (PID=123) to work on /home/airflow/.local/lib/python3.12/site-packages/airflow/example_dags/example_skip_dag.py
[2024-05-06T17:59:40.660+0000] {processor.py:830} INFO - Processing file /home/airflow/.local/lib/python3.12/site-packages/airflow/example_dags/example_skip_dag.py for tasks to queue
[2024-05-06T17:59:40.661+0000] {logging_mixin.py:188} INFO - [2024-05-06T17:59:40.661+0000] {dagbag.py:540} INFO - Filling up the DagBag from /home/airflow/.local/lib/python3.12/site-packages/airflow/example_dags/example_skip_dag.py
[2024-05-06T17:59:40.664+0000] {processor.py:840} INFO - DAG(s) 'example_skip_dag' retrieved from /home/airflow/.local/lib/python3.12/site-packages/airflow/example_dags/example_skip_dag.py
[2024-05-06T17:59:40.674+0000] {logging_mixin.py:188} INFO - [2024-05-06T17:59:40.674+0000] {dag.py:3096} INFO - Sync 1 DAGs
[2024-05-06T17:59:40.685+0000] {logging_mixin.py:188} INFO - [2024-05-06T17:59:40.684+0000] {dag.py:3954} INFO - Setting next_dagrun for example_skip_dag to 2024-05-05 00:00:00+00:00, run_after=2024-05-06 00:00:00+00:00
[2024-05-06T17:59:40.693+0000] {processor.py:183} INFO - Processing /home/airflow/.local/lib/python3.12/site-packages/airflow/example_dags/example_skip_dag.py took 0.036 seconds
[2024-05-06T18:00:11.324+0000] {processor.py:161} INFO - Started process (PID=181) to work on /home/airflow/.local/lib/python3.12/site-packages/airflow/example_dags/example_skip_dag.py
[2024-05-06T18:00:11.325+0000] {processor.py:830} INFO - Processing file /home/airflow/.local/lib/python3.12/site-packages/airflow/example_dags/example_skip_dag.py for tasks to queue
[2024-05-06T18:00:11.325+0000] {logging_mixin.py:188} INFO - [2024-05-06T18:00:11.325+0000] {dagbag.py:540} INFO - Filling up the DagBag from /home/airflow/.local/lib/python3.12/site-packages/airflow/example_dags/example_skip_dag.py
[2024-05-06T18:00:11.329+0000] {processor.py:840} INFO - DAG(s) 'example_skip_dag' retrieved from /home/airflow/.local/lib/python3.12/site-packages/airflow/example_dags/example_skip_dag.py
[2024-05-06T18:00:11.339+0000] {logging_mixin.py:188} INFO - [2024-05-06T18:00:11.339+0000] {dag.py:3096} INFO - Sync 1 DAGs
[2024-05-06T18:00:11.349+0000] {logging_mixin.py:188} INFO - [2024-05-06T18:00:11.349+0000] {dag.py:3954} INFO - Setting next_dagrun for example_skip_dag to 2024-05-05 00:00:00+00:00, run_after=2024-05-06 00:00:00+00:00
[2024-05-06T18:00:11.357+0000] {processor.py:183} INFO - Processing /home/airflow/.local/lib/python3.12/site-packages/airflow/example_dags/example_skip_dag.py took 0.036 seconds
[2024-05-06T18:00:41.854+0000] {processor.py:161} INFO - Started process (PID=239) to work on /home/airflow/.local/lib/python3.12/site-packages/airflow/example_dags/example_skip_dag.py
[2024-05-06T18:00:41.855+0000] {processor.py:830} INFO - Processing file /home/airflow/.local/lib/python3.12/site-packages/airflow/example_dags/example_skip_dag.py for tasks to queue
[2024-05-06T18:00:41.856+0000] {logging_mixin.py:188} INFO - [2024-05-06T18:00:41.855+0000] {dagbag.py:540} INFO - Filling up the DagBag from /home/airflow/.local/lib/python3.12/site-packages/airflow/example_dags/example_skip_dag.py
[2024-05-06T18:00:41.859+0000] {processor.py:840} INFO - DAG(s) 'example_skip_dag' retrieved from /home/airflow/.local/lib/python3.12/site-packages/airflow/example_dags/example_skip_dag.py
[2024-05-06T18:00:41.869+0000] {logging_mixin.py:188} INFO - [2024-05-06T18:00:41.869+0000] {dag.py:3096} INFO - Sync 1 DAGs
[2024-05-06T18:00:41.879+0000] {logging_mixin.py:188} INFO - [2024-05-06T18:00:41.879+0000] {dag.py:3954} INFO - Setting next_dagrun for example_skip_dag to 2024-05-05 00:00:00+00:00, run_after=2024-05-06 00:00:00+00:00
[2024-05-06T18:00:41.888+0000] {processor.py:183} INFO - Processing /home/airflow/.local/lib/python3.12/site-packages/airflow/example_dags/example_skip_dag.py took 0.036 seconds
[2024-05-06T18:01:12.457+0000] {processor.py:161} INFO - Started process (PID=297) to work on /home/airflow/.local/lib/python3.12/site-packages/airflow/example_dags/example_skip_dag.py
[2024-05-06T18:01:12.458+0000] {processor.py:830} INFO - Processing file /home/airflow/.local/lib/python3.12/site-packages/airflow/example_dags/example_skip_dag.py for tasks to queue
[2024-05-06T18:01:12.459+0000] {logging_mixin.py:188} INFO - [2024-05-06T18:01:12.459+0000] {dagbag.py:540} INFO - Filling up the DagBag from /home/airflow/.local/lib/python3.12/site-packages/airflow/example_dags/example_skip_dag.py
[2024-05-06T18:01:12.462+0000] {processor.py:840} INFO - DAG(s) 'example_skip_dag' retrieved from /home/airflow/.local/lib/python3.12/site-packages/airflow/example_dags/example_skip_dag.py
[2024-05-06T18:01:12.472+0000] {logging_mixin.py:188} INFO - [2024-05-06T18:01:12.472+0000] {dag.py:3096} INFO - Sync 1 DAGs
[2024-05-06T18:01:12.482+0000] {logging_mixin.py:188} INFO - [2024-05-06T18:01:12.482+0000] {dag.py:3954} INFO - Setting next_dagrun for example_skip_dag to 2024-05-05 00:00:00+00:00, run_after=2024-05-06 00:00:00+00:00
[2024-05-06T18:01:12.490+0000] {processor.py:183} INFO - Processing /home/airflow/.local/lib/python3.12/site-packages/airflow/example_dags/example_skip_dag.py took 0.036 seconds
[2024-05-06T18:01:43.087+0000] {processor.py:161} INFO - Started process (PID=355) to work on /home/airflow/.local/lib/python3.12/site-packages/airflow/example_dags/example_skip_dag.py
[2024-05-06T18:01:43.087+0000] {processor.py:830} INFO - Processing file /home/airflow/.local/lib/python3.12/site-packages/airflow/example_dags/example_skip_dag.py for tasks to queue
[2024-05-06T18:01:43.088+0000] {logging_mixin.py:188} INFO - [2024-05-06T18:01:43.088+0000] {dagbag.py:540} INFO - Filling up the DagBag from /home/airflow/.local/lib/python3.12/site-packages/airflow/example_dags/example_skip_dag.py
[2024-05-06T18:01:43.091+0000] {processor.py:840} INFO - DAG(s) 'example_skip_dag' retrieved from /home/airflow/.local/lib/python3.12/site-packages/airflow/example_dags/example_skip_dag.py
[2024-05-06T18:01:43.101+0000] {logging_mixin.py:188} INFO - [2024-05-06T18:01:43.101+0000] {dag.py:3096} INFO - Sync 1 DAGs
[2024-05-06T18:01:43.111+0000] {logging_mixin.py:188} INFO - [2024-05-06T18:01:43.111+0000] {dag.py:3954} INFO - Setting next_dagrun for example_skip_dag to 2024-05-05 00:00:00+00:00, run_after=2024-05-06 00:00:00+00:00
[2024-05-06T18:01:43.119+0000] {processor.py:183} INFO - Processing /home/airflow/.local/lib/python3.12/site-packages/airflow/example_dags/example_skip_dag.py took 0.035 seconds
[2024-05-06T18:02:13.737+0000] {processor.py:161} INFO - Started process (PID=413) to work on /home/airflow/.local/lib/python3.12/site-packages/airflow/example_dags/example_skip_dag.py
[2024-05-06T18:02:13.738+0000] {processor.py:830} INFO - Processing file /home/airflow/.local/lib/python3.12/site-packages/airflow/example_dags/example_skip_dag.py for tasks to queue
[2024-05-06T18:02:13.739+0000] {logging_mixin.py:188} INFO - [2024-05-06T18:02:13.739+0000] {dagbag.py:540} INFO - Filling up the DagBag from /home/airflow/.local/lib/python3.12/site-packages/airflow/example_dags/example_skip_dag.py
[2024-05-06T18:02:13.742+0000] {processor.py:840} INFO - DAG(s) 'example_skip_dag' retrieved from /home/airflow/.local/lib/python3.12/site-packages/airflow/example_dags/example_skip_dag.py
[2024-05-06T18:02:13.753+0000] {logging_mixin.py:188} INFO - [2024-05-06T18:02:13.752+0000] {dag.py:3096} INFO - Sync 1 DAGs
[2024-05-06T18:02:13.763+0000] {logging_mixin.py:188} INFO - [2024-05-06T18:02:13.763+0000] {dag.py:3954} INFO - Setting next_dagrun for example_skip_dag to 2024-05-05 00:00:00+00:00, run_after=2024-05-06 00:00:00+00:00
[2024-05-06T18:02:13.771+0000] {processor.py:183} INFO - Processing /home/airflow/.local/lib/python3.12/site-packages/airflow/example_dags/example_skip_dag.py took 0.036 seconds
[2024-05-06T18:02:44.345+0000] {processor.py:161} INFO - Started process (PID=471) to work on /home/airflow/.local/lib/python3.12/site-packages/airflow/example_dags/example_skip_dag.py
[2024-05-06T18:02:44.346+0000] {processor.py:830} INFO - Processing file /home/airflow/.local/lib/python3.12/site-packages/airflow/example_dags/example_skip_dag.py for tasks to queue
[2024-05-06T18:02:44.347+0000] {logging_mixin.py:188} INFO - [2024-05-06T18:02:44.346+0000] {dagbag.py:540} INFO - Filling up the DagBag from /home/airflow/.local/lib/python3.12/site-packages/airflow/example_dags/example_skip_dag.py
[2024-05-06T18:02:44.350+0000] {processor.py:840} INFO - DAG(s) 'example_skip_dag' retrieved from /home/airflow/.local/lib/python3.12/site-packages/airflow/example_dags/example_skip_dag.py
[2024-05-06T18:02:44.360+0000] {logging_mixin.py:188} INFO - [2024-05-06T18:02:44.360+0000] {dag.py:3096} INFO - Sync 1 DAGs
[2024-05-06T18:02:44.370+0000] {logging_mixin.py:188} INFO - [2024-05-06T18:02:44.370+0000] {dag.py:3954} INFO - Setting next_dagrun for example_skip_dag to 2024-05-05 00:00:00+00:00, run_after=2024-05-06 00:00:00+00:00
[2024-05-06T18:02:44.378+0000] {processor.py:183} INFO - Processing /home/airflow/.local/lib/python3.12/site-packages/airflow/example_dags/example_skip_dag.py took 0.036 seconds
[2024-05-06T18:03:14.898+0000] {processor.py:161} INFO - Started process (PID=529) to work on /home/airflow/.local/lib/python3.12/site-packages/airflow/example_dags/example_skip_dag.py
[2024-05-06T18:03:14.898+0000] {processor.py:830} INFO - Processing file /home/airflow/.local/lib/python3.12/site-packages/airflow/example_dags/example_skip_dag.py for tasks to queue
[2024-05-06T18:03:14.900+0000] {logging_mixin.py:188} INFO - [2024-05-06T18:03:14.899+0000] {dagbag.py:540} INFO - Filling up the DagBag from /home/airflow/.local/lib/python3.12/site-packages/airflow/example_dags/example_skip_dag.py
[2024-05-06T18:03:14.903+0000] {processor.py:840} INFO - DAG(s) 'example_skip_dag' retrieved from /home/airflow/.local/lib/python3.12/site-packages/airflow/example_dags/example_skip_dag.py
[2024-05-06T18:03:14.913+0000] {logging_mixin.py:188} INFO - [2024-05-06T18:03:14.913+0000] {dag.py:3096} INFO - Sync 1 DAGs
[2024-05-06T18:03:14.923+0000] {logging_mixin.py:188} INFO - [2024-05-06T18:03:14.923+0000] {dag.py:3954} INFO - Setting next_dagrun for example_skip_dag to 2024-05-05 00:00:00+00:00, run_after=2024-05-06 00:00:00+00:00
[2024-05-06T18:03:14.932+0000] {processor.py:183} INFO - Processing /home/airflow/.local/lib/python3.12/site-packages/airflow/example_dags/example_skip_dag.py took 0.037 seconds
[2024-05-06T18:03:45.482+0000] {processor.py:161} INFO - Started process (PID=587) to work on /home/airflow/.local/lib/python3.12/site-packages/airflow/example_dags/example_skip_dag.py
[2024-05-06T18:03:45.483+0000] {processor.py:830} INFO - Processing file /home/airflow/.local/lib/python3.12/site-packages/airflow/example_dags/example_skip_dag.py for tasks to queue
[2024-05-06T18:03:45.484+0000] {logging_mixin.py:188} INFO - [2024-05-06T18:03:45.484+0000] {dagbag.py:540} INFO - Filling up the DagBag from /home/airflow/.local/lib/python3.12/site-packages/airflow/example_dags/example_skip_dag.py
[2024-05-06T18:03:45.487+0000] {processor.py:840} INFO - DAG(s) 'example_skip_dag' retrieved from /home/airflow/.local/lib/python3.12/site-packages/airflow/example_dags/example_skip_dag.py
[2024-05-06T18:03:45.497+0000] {logging_mixin.py:188} INFO - [2024-05-06T18:03:45.497+0000] {dag.py:3096} INFO - Sync 1 DAGs
[2024-05-06T18:03:45.507+0000] {logging_mixin.py:188} INFO - [2024-05-06T18:03:45.507+0000] {dag.py:3954} INFO - Setting next_dagrun for example_skip_dag to 2024-05-05 00:00:00+00:00, run_after=2024-05-06 00:00:00+00:00
[2024-05-06T18:03:45.516+0000] {processor.py:183} INFO - Processing /home/airflow/.local/lib/python3.12/site-packages/airflow/example_dags/example_skip_dag.py took 0.037 seconds
[2024-05-06T18:04:16.154+0000] {processor.py:161} INFO - Started process (PID=645) to work on /home/airflow/.local/lib/python3.12/site-packages/airflow/example_dags/example_skip_dag.py
[2024-05-06T18:04:16.154+0000] {processor.py:830} INFO - Processing file /home/airflow/.local/lib/python3.12/site-packages/airflow/example_dags/example_skip_dag.py for tasks to queue
[2024-05-06T18:04:16.155+0000] {logging_mixin.py:188} INFO - [2024-05-06T18:04:16.155+0000] {dagbag.py:540} INFO - Filling up the DagBag from /home/airflow/.local/lib/python3.12/site-packages/airflow/example_dags/example_skip_dag.py
[2024-05-06T18:04:16.159+0000] {processor.py:840} INFO - DAG(s) 'example_skip_dag' retrieved from /home/airflow/.local/lib/python3.12/site-packages/airflow/example_dags/example_skip_dag.py
[2024-05-06T18:04:16.169+0000] {logging_mixin.py:188} INFO - [2024-05-06T18:04:16.168+0000] {dag.py:3096} INFO - Sync 1 DAGs
[2024-05-06T18:04:16.181+0000] {logging_mixin.py:188} INFO - [2024-05-06T18:04:16.181+0000] {dag.py:3954} INFO - Setting next_dagrun for example_skip_dag to 2024-05-05 00:00:00+00:00, run_after=2024-05-06 00:00:00+00:00
[2024-05-06T18:04:16.189+0000] {processor.py:183} INFO - Processing /home/airflow/.local/lib/python3.12/site-packages/airflow/example_dags/example_skip_dag.py took 0.038 seconds
[2024-05-06T18:04:46.732+0000] {processor.py:161} INFO - Started process (PID=703) to work on /home/airflow/.local/lib/python3.12/site-packages/airflow/example_dags/example_skip_dag.py
[2024-05-06T18:04:46.733+0000] {processor.py:830} INFO - Processing file /home/airflow/.local/lib/python3.12/site-packages/airflow/example_dags/example_skip_dag.py for tasks to queue
[2024-05-06T18:04:46.734+0000] {logging_mixin.py:188} INFO - [2024-05-06T18:04:46.734+0000] {dagbag.py:540} INFO - Filling up the DagBag from /home/airflow/.local/lib/python3.12/site-packages/airflow/example_dags/example_skip_dag.py
[2024-05-06T18:04:46.737+0000] {processor.py:840} INFO - DAG(s) 'example_skip_dag' retrieved from /home/airflow/.local/lib/python3.12/site-packages/airflow/example_dags/example_skip_dag.py
[2024-05-06T18:04:46.747+0000] {logging_mixin.py:188} INFO - [2024-05-06T18:04:46.747+0000] {dag.py:3096} INFO - Sync 1 DAGs
[2024-05-06T18:04:46.757+0000] {logging_mixin.py:188} INFO - [2024-05-06T18:04:46.757+0000] {dag.py:3954} INFO - Setting next_dagrun for example_skip_dag to 2024-05-05 00:00:00+00:00, run_after=2024-05-06 00:00:00+00:00
[2024-05-06T18:04:46.766+0000] {processor.py:183} INFO - Processing /home/airflow/.local/lib/python3.12/site-packages/airflow/example_dags/example_skip_dag.py took 0.036 seconds
[2024-05-06T18:05:17.343+0000] {processor.py:161} INFO - Started process (PID=761) to work on /home/airflow/.local/lib/python3.12/site-packages/airflow/example_dags/example_skip_dag.py
[2024-05-06T18:05:17.344+0000] {processor.py:830} INFO - Processing file /home/airflow/.local/lib/python3.12/site-packages/airflow/example_dags/example_skip_dag.py for tasks to queue
[2024-05-06T18:05:17.345+0000] {logging_mixin.py:188} INFO - [2024-05-06T18:05:17.344+0000] {dagbag.py:540} INFO - Filling up the DagBag from /home/airflow/.local/lib/python3.12/site-packages/airflow/example_dags/example_skip_dag.py
[2024-05-06T18:05:17.348+0000] {processor.py:840} INFO - DAG(s) 'example_skip_dag' retrieved from /home/airflow/.local/lib/python3.12/site-packages/airflow/example_dags/example_skip_dag.py
[2024-05-06T18:05:17.358+0000] {logging_mixin.py:188} INFO - [2024-05-06T18:05:17.358+0000] {dag.py:3096} INFO - Sync 1 DAGs
[2024-05-06T18:05:17.368+0000] {logging_mixin.py:188} INFO - [2024-05-06T18:05:17.368+0000] {dag.py:3954} INFO - Setting next_dagrun for example_skip_dag to 2024-05-05 00:00:00+00:00, run_after=2024-05-06 00:00:00+00:00
[2024-05-06T18:05:17.377+0000] {processor.py:183} INFO - Processing /home/airflow/.local/lib/python3.12/site-packages/airflow/example_dags/example_skip_dag.py took 0.037 seconds
[2024-05-06T18:05:48.084+0000] {processor.py:161} INFO - Started process (PID=819) to work on /home/airflow/.local/lib/python3.12/site-packages/airflow/example_dags/example_skip_dag.py
[2024-05-06T18:05:48.085+0000] {processor.py:830} INFO - Processing file /home/airflow/.local/lib/python3.12/site-packages/airflow/example_dags/example_skip_dag.py for tasks to queue
[2024-05-06T18:05:48.086+0000] {logging_mixin.py:188} INFO - [2024-05-06T18:05:48.086+0000] {dagbag.py:540} INFO - Filling up the DagBag from /home/airflow/.local/lib/python3.12/site-packages/airflow/example_dags/example_skip_dag.py
[2024-05-06T18:05:48.090+0000] {processor.py:840} INFO - DAG(s) 'example_skip_dag' retrieved from /home/airflow/.local/lib/python3.12/site-packages/airflow/example_dags/example_skip_dag.py
[2024-05-06T18:05:48.100+0000] {logging_mixin.py:188} INFO - [2024-05-06T18:05:48.100+0000] {dag.py:3096} INFO - Sync 1 DAGs
[2024-05-06T18:05:48.110+0000] {logging_mixin.py:188} INFO - [2024-05-06T18:05:48.109+0000] {dag.py:3954} INFO - Setting next_dagrun for example_skip_dag to 2024-05-05 00:00:00+00:00, run_after=2024-05-06 00:00:00+00:00
[2024-05-06T18:05:48.117+0000] {processor.py:183} INFO - Processing /home/airflow/.local/lib/python3.12/site-packages/airflow/example_dags/example_skip_dag.py took 0.036 seconds
[2024-05-06T18:06:18.184+0000] {processor.py:161} INFO - Started process (PID=877) to work on /home/airflow/.local/lib/python3.12/site-packages/airflow/example_dags/example_skip_dag.py
[2024-05-06T18:06:18.184+0000] {processor.py:830} INFO - Processing file /home/airflow/.local/lib/python3.12/site-packages/airflow/example_dags/example_skip_dag.py for tasks to queue
[2024-05-06T18:06:18.185+0000] {logging_mixin.py:188} INFO - [2024-05-06T18:06:18.185+0000] {dagbag.py:540} INFO - Filling up the DagBag from /home/airflow/.local/lib/python3.12/site-packages/airflow/example_dags/example_skip_dag.py
[2024-05-06T18:06:18.189+0000] {processor.py:840} INFO - DAG(s) 'example_skip_dag' retrieved from /home/airflow/.local/lib/python3.12/site-packages/airflow/example_dags/example_skip_dag.py
[2024-05-06T18:06:18.199+0000] {logging_mixin.py:188} INFO - [2024-05-06T18:06:18.199+0000] {dag.py:3096} INFO - Sync 1 DAGs
[2024-05-06T18:06:18.209+0000] {logging_mixin.py:188} INFO - [2024-05-06T18:06:18.209+0000] {dag.py:3954} INFO - Setting next_dagrun for example_skip_dag to 2024-05-05 00:00:00+00:00, run_after=2024-05-06 00:00:00+00:00
[2024-05-06T18:06:18.217+0000] {processor.py:183} INFO - Processing /home/airflow/.local/lib/python3.12/site-packages/airflow/example_dags/example_skip_dag.py took 0.036 seconds
[2024-05-06T18:08:01.489+0000] {processor.py:161} INFO - Started process (PID=935) to work on /home/airflow/.local/lib/python3.12/site-packages/airflow/example_dags/example_skip_dag.py
[2024-05-06T18:08:01.489+0000] {processor.py:830} INFO - Processing file /home/airflow/.local/lib/python3.12/site-packages/airflow/example_dags/example_skip_dag.py for tasks to queue
[2024-05-06T18:08:01.490+0000] {logging_mixin.py:188} INFO - [2024-05-06T18:08:01.490+0000] {dagbag.py:540} INFO - Filling up the DagBag from /home/airflow/.local/lib/python3.12/site-packages/airflow/example_dags/example_skip_dag.py
[2024-05-06T18:08:01.494+0000] {processor.py:840} INFO - DAG(s) 'example_skip_dag' retrieved from /home/airflow/.local/lib/python3.12/site-packages/airflow/example_dags/example_skip_dag.py
[2024-05-06T18:08:01.505+0000] {logging_mixin.py:188} INFO - [2024-05-06T18:08:01.505+0000] {dag.py:3096} INFO - Sync 1 DAGs
[2024-05-06T18:08:01.517+0000] {logging_mixin.py:188} INFO - [2024-05-06T18:08:01.517+0000] {dag.py:3954} INFO - Setting next_dagrun for example_skip_dag to 2024-05-05 00:00:00+00:00, run_after=2024-05-06 00:00:00+00:00
[2024-05-06T18:08:01.613+0000] {processor.py:183} INFO - Processing /home/airflow/.local/lib/python3.12/site-packages/airflow/example_dags/example_skip_dag.py took 0.127 seconds
[2024-05-06T18:08:32.041+0000] {processor.py:161} INFO - Started process (PID=993) to work on /home/airflow/.local/lib/python3.12/site-packages/airflow/example_dags/example_skip_dag.py
[2024-05-06T18:08:32.042+0000] {processor.py:830} INFO - Processing file /home/airflow/.local/lib/python3.12/site-packages/airflow/example_dags/example_skip_dag.py for tasks to queue
[2024-05-06T18:08:32.043+0000] {logging_mixin.py:188} INFO - [2024-05-06T18:08:32.043+0000] {dagbag.py:540} INFO - Filling up the DagBag from /home/airflow/.local/lib/python3.12/site-packages/airflow/example_dags/example_skip_dag.py
[2024-05-06T18:08:32.046+0000] {processor.py:840} INFO - DAG(s) 'example_skip_dag' retrieved from /home/airflow/.local/lib/python3.12/site-packages/airflow/example_dags/example_skip_dag.py
[2024-05-06T18:08:32.056+0000] {logging_mixin.py:188} INFO - [2024-05-06T18:08:32.056+0000] {dag.py:3096} INFO - Sync 1 DAGs
[2024-05-06T18:08:32.070+0000] {logging_mixin.py:188} INFO - [2024-05-06T18:08:32.070+0000] {dag.py:3954} INFO - Setting next_dagrun for example_skip_dag to 2024-05-05 00:00:00+00:00, run_after=2024-05-06 00:00:00+00:00
[2024-05-06T18:08:32.078+0000] {processor.py:183} INFO - Processing /home/airflow/.local/lib/python3.12/site-packages/airflow/example_dags/example_skip_dag.py took 0.040 seconds
[2024-05-06T18:09:02.111+0000] {processor.py:161} INFO - Started process (PID=1051) to work on /home/airflow/.local/lib/python3.12/site-packages/airflow/example_dags/example_skip_dag.py
[2024-05-06T18:09:02.111+0000] {processor.py:830} INFO - Processing file /home/airflow/.local/lib/python3.12/site-packages/airflow/example_dags/example_skip_dag.py for tasks to queue
[2024-05-06T18:09:02.112+0000] {logging_mixin.py:188} INFO - [2024-05-06T18:09:02.112+0000] {dagbag.py:540} INFO - Filling up the DagBag from /home/airflow/.local/lib/python3.12/site-packages/airflow/example_dags/example_skip_dag.py
[2024-05-06T18:09:02.116+0000] {processor.py:840} INFO - DAG(s) 'example_skip_dag' retrieved from /home/airflow/.local/lib/python3.12/site-packages/airflow/example_dags/example_skip_dag.py
[2024-05-06T18:09:02.126+0000] {logging_mixin.py:188} INFO - [2024-05-06T18:09:02.125+0000] {dag.py:3096} INFO - Sync 1 DAGs
[2024-05-06T18:09:02.134+0000] {logging_mixin.py:188} INFO - [2024-05-06T18:09:02.134+0000] {dag.py:3954} INFO - Setting next_dagrun for example_skip_dag to 2024-05-05 00:00:00+00:00, run_after=2024-05-06 00:00:00+00:00
[2024-05-06T18:09:02.142+0000] {processor.py:183} INFO - Processing /home/airflow/.local/lib/python3.12/site-packages/airflow/example_dags/example_skip_dag.py took 0.034 seconds
[2024-05-06T18:09:32.787+0000] {processor.py:161} INFO - Started process (PID=1109) to work on /home/airflow/.local/lib/python3.12/site-packages/airflow/example_dags/example_skip_dag.py
[2024-05-06T18:09:32.787+0000] {processor.py:830} INFO - Processing file /home/airflow/.local/lib/python3.12/site-packages/airflow/example_dags/example_skip_dag.py for tasks to queue
[2024-05-06T18:09:32.788+0000] {logging_mixin.py:188} INFO - [2024-05-06T18:09:32.788+0000] {dagbag.py:540} INFO - Filling up the DagBag from /home/airflow/.local/lib/python3.12/site-packages/airflow/example_dags/example_skip_dag.py
[2024-05-06T18:09:32.792+0000] {processor.py:840} INFO - DAG(s) 'example_skip_dag' retrieved from /home/airflow/.local/lib/python3.12/site-packages/airflow/example_dags/example_skip_dag.py
[2024-05-06T18:09:32.802+0000] {logging_mixin.py:188} INFO - [2024-05-06T18:09:32.802+0000] {dag.py:3096} INFO - Sync 1 DAGs
[2024-05-06T18:09:32.812+0000] {logging_mixin.py:188} INFO - [2024-05-06T18:09:32.812+0000] {dag.py:3954} INFO - Setting next_dagrun for example_skip_dag to 2024-05-05 00:00:00+00:00, run_after=2024-05-06 00:00:00+00:00
[2024-05-06T18:09:32.821+0000] {processor.py:183} INFO - Processing /home/airflow/.local/lib/python3.12/site-packages/airflow/example_dags/example_skip_dag.py took 0.037 seconds
[2024-05-06T18:10:03.405+0000] {processor.py:161} INFO - Started process (PID=1167) to work on /home/airflow/.local/lib/python3.12/site-packages/airflow/example_dags/example_skip_dag.py
[2024-05-06T18:10:03.405+0000] {processor.py:830} INFO - Processing file /home/airflow/.local/lib/python3.12/site-packages/airflow/example_dags/example_skip_dag.py for tasks to queue
[2024-05-06T18:10:03.406+0000] {logging_mixin.py:188} INFO - [2024-05-06T18:10:03.406+0000] {dagbag.py:540} INFO - Filling up the DagBag from /home/airflow/.local/lib/python3.12/site-packages/airflow/example_dags/example_skip_dag.py
[2024-05-06T18:10:03.410+0000] {processor.py:840} INFO - DAG(s) 'example_skip_dag' retrieved from /home/airflow/.local/lib/python3.12/site-packages/airflow/example_dags/example_skip_dag.py
[2024-05-06T18:10:03.420+0000] {logging_mixin.py:188} INFO - [2024-05-06T18:10:03.420+0000] {dag.py:3096} INFO - Sync 1 DAGs
[2024-05-06T18:10:03.430+0000] {logging_mixin.py:188} INFO - [2024-05-06T18:10:03.430+0000] {dag.py:3954} INFO - Setting next_dagrun for example_skip_dag to 2024-05-05 00:00:00+00:00, run_after=2024-05-06 00:00:00+00:00
[2024-05-06T18:10:03.439+0000] {processor.py:183} INFO - Processing /home/airflow/.local/lib/python3.12/site-packages/airflow/example_dags/example_skip_dag.py took 0.037 seconds
[2024-05-06T18:10:34.029+0000] {processor.py:161} INFO - Started process (PID=1225) to work on /home/airflow/.local/lib/python3.12/site-packages/airflow/example_dags/example_skip_dag.py
[2024-05-06T18:10:34.029+0000] {processor.py:830} INFO - Processing file /home/airflow/.local/lib/python3.12/site-packages/airflow/example_dags/example_skip_dag.py for tasks to queue
[2024-05-06T18:10:34.030+0000] {logging_mixin.py:188} INFO - [2024-05-06T18:10:34.030+0000] {dagbag.py:540} INFO - Filling up the DagBag from /home/airflow/.local/lib/python3.12/site-packages/airflow/example_dags/example_skip_dag.py
[2024-05-06T18:10:34.034+0000] {processor.py:840} INFO - DAG(s) 'example_skip_dag' retrieved from /home/airflow/.local/lib/python3.12/site-packages/airflow/example_dags/example_skip_dag.py
[2024-05-06T18:10:34.044+0000] {logging_mixin.py:188} INFO - [2024-05-06T18:10:34.044+0000] {dag.py:3096} INFO - Sync 1 DAGs
[2024-05-06T18:10:34.054+0000] {logging_mixin.py:188} INFO - [2024-05-06T18:10:34.054+0000] {dag.py:3954} INFO - Setting next_dagrun for example_skip_dag to 2024-05-05 00:00:00+00:00, run_after=2024-05-06 00:00:00+00:00
[2024-05-06T18:10:34.062+0000] {processor.py:183} INFO - Processing /home/airflow/.local/lib/python3.12/site-packages/airflow/example_dags/example_skip_dag.py took 0.036 seconds
[2024-05-06T18:11:04.588+0000] {processor.py:161} INFO - Started process (PID=1283) to work on /home/airflow/.local/lib/python3.12/site-packages/airflow/example_dags/example_skip_dag.py
[2024-05-06T18:11:04.589+0000] {processor.py:830} INFO - Processing file /home/airflow/.local/lib/python3.12/site-packages/airflow/example_dags/example_skip_dag.py for tasks to queue
[2024-05-06T18:11:04.589+0000] {logging_mixin.py:188} INFO - [2024-05-06T18:11:04.589+0000] {dagbag.py:540} INFO - Filling up the DagBag from /home/airflow/.local/lib/python3.12/site-packages/airflow/example_dags/example_skip_dag.py
[2024-05-06T18:11:04.593+0000] {processor.py:840} INFO - DAG(s) 'example_skip_dag' retrieved from /home/airflow/.local/lib/python3.12/site-packages/airflow/example_dags/example_skip_dag.py
[2024-05-06T18:11:04.604+0000] {logging_mixin.py:188} INFO - [2024-05-06T18:11:04.604+0000] {dag.py:3096} INFO - Sync 1 DAGs
[2024-05-06T18:11:04.614+0000] {logging_mixin.py:188} INFO - [2024-05-06T18:11:04.614+0000] {dag.py:3954} INFO - Setting next_dagrun for example_skip_dag to 2024-05-05 00:00:00+00:00, run_after=2024-05-06 00:00:00+00:00
[2024-05-06T18:11:04.622+0000] {processor.py:183} INFO - Processing /home/airflow/.local/lib/python3.12/site-packages/airflow/example_dags/example_skip_dag.py took 0.037 seconds
[2024-05-06T18:11:35.211+0000] {processor.py:161} INFO - Started process (PID=1340) to work on /home/airflow/.local/lib/python3.12/site-packages/airflow/example_dags/example_skip_dag.py
[2024-05-06T18:11:35.211+0000] {processor.py:830} INFO - Processing file /home/airflow/.local/lib/python3.12/site-packages/airflow/example_dags/example_skip_dag.py for tasks to queue
[2024-05-06T18:11:35.212+0000] {logging_mixin.py:188} INFO - [2024-05-06T18:11:35.212+0000] {dagbag.py:540} INFO - Filling up the DagBag from /home/airflow/.local/lib/python3.12/site-packages/airflow/example_dags/example_skip_dag.py
[2024-05-06T18:11:35.216+0000] {processor.py:840} INFO - DAG(s) 'example_skip_dag' retrieved from /home/airflow/.local/lib/python3.12/site-packages/airflow/example_dags/example_skip_dag.py
[2024-05-06T18:11:35.226+0000] {logging_mixin.py:188} INFO - [2024-05-06T18:11:35.226+0000] {dag.py:3096} INFO - Sync 1 DAGs
[2024-05-06T18:11:35.237+0000] {logging_mixin.py:188} INFO - [2024-05-06T18:11:35.237+0000] {dag.py:3954} INFO - Setting next_dagrun for example_skip_dag to 2024-05-05 00:00:00+00:00, run_after=2024-05-06 00:00:00+00:00
[2024-05-06T18:11:35.245+0000] {processor.py:183} INFO - Processing /home/airflow/.local/lib/python3.12/site-packages/airflow/example_dags/example_skip_dag.py took 0.037 seconds
[2024-05-06T18:12:05.796+0000] {processor.py:161} INFO - Started process (PID=1397) to work on /home/airflow/.local/lib/python3.12/site-packages/airflow/example_dags/example_skip_dag.py
[2024-05-06T18:12:05.797+0000] {processor.py:830} INFO - Processing file /home/airflow/.local/lib/python3.12/site-packages/airflow/example_dags/example_skip_dag.py for tasks to queue
[2024-05-06T18:12:05.798+0000] {logging_mixin.py:188} INFO - [2024-05-06T18:12:05.798+0000] {dagbag.py:540} INFO - Filling up the DagBag from /home/airflow/.local/lib/python3.12/site-packages/airflow/example_dags/example_skip_dag.py
[2024-05-06T18:12:05.801+0000] {processor.py:840} INFO - DAG(s) 'example_skip_dag' retrieved from /home/airflow/.local/lib/python3.12/site-packages/airflow/example_dags/example_skip_dag.py
[2024-05-06T18:12:05.812+0000] {logging_mixin.py:188} INFO - [2024-05-06T18:12:05.811+0000] {dag.py:3096} INFO - Sync 1 DAGs
[2024-05-06T18:12:05.822+0000] {logging_mixin.py:188} INFO - [2024-05-06T18:12:05.822+0000] {dag.py:3954} INFO - Setting next_dagrun for example_skip_dag to 2024-05-05 00:00:00+00:00, run_after=2024-05-06 00:00:00+00:00
[2024-05-06T18:12:05.830+0000] {processor.py:183} INFO - Processing /home/airflow/.local/lib/python3.12/site-packages/airflow/example_dags/example_skip_dag.py took 0.037 seconds
[2024-05-06T18:12:36.364+0000] {processor.py:161} INFO - Started process (PID=1455) to work on /home/airflow/.local/lib/python3.12/site-packages/airflow/example_dags/example_skip_dag.py
[2024-05-06T18:12:36.365+0000] {processor.py:830} INFO - Processing file /home/airflow/.local/lib/python3.12/site-packages/airflow/example_dags/example_skip_dag.py for tasks to queue
[2024-05-06T18:12:36.366+0000] {logging_mixin.py:188} INFO - [2024-05-06T18:12:36.366+0000] {dagbag.py:540} INFO - Filling up the DagBag from /home/airflow/.local/lib/python3.12/site-packages/airflow/example_dags/example_skip_dag.py
[2024-05-06T18:12:36.369+0000] {processor.py:840} INFO - DAG(s) 'example_skip_dag' retrieved from /home/airflow/.local/lib/python3.12/site-packages/airflow/example_dags/example_skip_dag.py
[2024-05-06T18:12:36.380+0000] {logging_mixin.py:188} INFO - [2024-05-06T18:12:36.380+0000] {dag.py:3096} INFO - Sync 1 DAGs
[2024-05-06T18:12:36.390+0000] {logging_mixin.py:188} INFO - [2024-05-06T18:12:36.390+0000] {dag.py:3954} INFO - Setting next_dagrun for example_skip_dag to 2024-05-05 00:00:00+00:00, run_after=2024-05-06 00:00:00+00:00
[2024-05-06T18:12:36.399+0000] {processor.py:183} INFO - Processing /home/airflow/.local/lib/python3.12/site-packages/airflow/example_dags/example_skip_dag.py took 0.038 seconds
[2024-05-06T18:13:06.967+0000] {processor.py:161} INFO - Started process (PID=1513) to work on /home/airflow/.local/lib/python3.12/site-packages/airflow/example_dags/example_skip_dag.py
[2024-05-06T18:13:06.968+0000] {processor.py:830} INFO - Processing file /home/airflow/.local/lib/python3.12/site-packages/airflow/example_dags/example_skip_dag.py for tasks to queue
[2024-05-06T18:13:06.969+0000] {logging_mixin.py:188} INFO - [2024-05-06T18:13:06.968+0000] {dagbag.py:540} INFO - Filling up the DagBag from /home/airflow/.local/lib/python3.12/site-packages/airflow/example_dags/example_skip_dag.py
[2024-05-06T18:13:06.972+0000] {processor.py:840} INFO - DAG(s) 'example_skip_dag' retrieved from /home/airflow/.local/lib/python3.12/site-packages/airflow/example_dags/example_skip_dag.py
[2024-05-06T18:13:06.982+0000] {logging_mixin.py:188} INFO - [2024-05-06T18:13:06.982+0000] {dag.py:3096} INFO - Sync 1 DAGs
[2024-05-06T18:13:06.993+0000] {logging_mixin.py:188} INFO - [2024-05-06T18:13:06.993+0000] {dag.py:3954} INFO - Setting next_dagrun for example_skip_dag to 2024-05-05 00:00:00+00:00, run_after=2024-05-06 00:00:00+00:00
[2024-05-06T18:13:07.001+0000] {processor.py:183} INFO - Processing /home/airflow/.local/lib/python3.12/site-packages/airflow/example_dags/example_skip_dag.py took 0.037 seconds
[2024-05-06T18:13:37.550+0000] {processor.py:161} INFO - Started process (PID=1571) to work on /home/airflow/.local/lib/python3.12/site-packages/airflow/example_dags/example_skip_dag.py
[2024-05-06T18:13:37.550+0000] {processor.py:830} INFO - Processing file /home/airflow/.local/lib/python3.12/site-packages/airflow/example_dags/example_skip_dag.py for tasks to queue
[2024-05-06T18:13:37.551+0000] {logging_mixin.py:188} INFO - [2024-05-06T18:13:37.551+0000] {dagbag.py:540} INFO - Filling up the DagBag from /home/airflow/.local/lib/python3.12/site-packages/airflow/example_dags/example_skip_dag.py
[2024-05-06T18:13:37.555+0000] {processor.py:840} INFO - DAG(s) 'example_skip_dag' retrieved from /home/airflow/.local/lib/python3.12/site-packages/airflow/example_dags/example_skip_dag.py
[2024-05-06T18:13:37.565+0000] {logging_mixin.py:188} INFO - [2024-05-06T18:13:37.565+0000] {dag.py:3096} INFO - Sync 1 DAGs
[2024-05-06T18:13:37.576+0000] {logging_mixin.py:188} INFO - [2024-05-06T18:13:37.576+0000] {dag.py:3954} INFO - Setting next_dagrun for example_skip_dag to 2024-05-05 00:00:00+00:00, run_after=2024-05-06 00:00:00+00:00
[2024-05-06T18:13:37.584+0000] {processor.py:183} INFO - Processing /home/airflow/.local/lib/python3.12/site-packages/airflow/example_dags/example_skip_dag.py took 0.037 seconds
[2024-05-06T18:14:08.153+0000] {processor.py:161} INFO - Started process (PID=1629) to work on /home/airflow/.local/lib/python3.12/site-packages/airflow/example_dags/example_skip_dag.py
[2024-05-06T18:14:08.154+0000] {processor.py:830} INFO - Processing file /home/airflow/.local/lib/python3.12/site-packages/airflow/example_dags/example_skip_dag.py for tasks to queue
[2024-05-06T18:14:08.155+0000] {logging_mixin.py:188} INFO - [2024-05-06T18:14:08.155+0000] {dagbag.py:540} INFO - Filling up the DagBag from /home/airflow/.local/lib/python3.12/site-packages/airflow/example_dags/example_skip_dag.py
[2024-05-06T18:14:08.159+0000] {processor.py:840} INFO - DAG(s) 'example_skip_dag' retrieved from /home/airflow/.local/lib/python3.12/site-packages/airflow/example_dags/example_skip_dag.py
[2024-05-06T18:14:08.169+0000] {logging_mixin.py:188} INFO - [2024-05-06T18:14:08.169+0000] {dag.py:3096} INFO - Sync 1 DAGs
[2024-05-06T18:14:08.179+0000] {logging_mixin.py:188} INFO - [2024-05-06T18:14:08.179+0000] {dag.py:3954} INFO - Setting next_dagrun for example_skip_dag to 2024-05-05 00:00:00+00:00, run_after=2024-05-06 00:00:00+00:00
[2024-05-06T18:14:08.187+0000] {processor.py:183} INFO - Processing /home/airflow/.local/lib/python3.12/site-packages/airflow/example_dags/example_skip_dag.py took 0.036 seconds
[2024-05-06T18:14:38.684+0000] {processor.py:161} INFO - Started process (PID=1687) to work on /home/airflow/.local/lib/python3.12/site-packages/airflow/example_dags/example_skip_dag.py
[2024-05-06T18:14:38.685+0000] {processor.py:830} INFO - Processing file /home/airflow/.local/lib/python3.12/site-packages/airflow/example_dags/example_skip_dag.py for tasks to queue
[2024-05-06T18:14:38.686+0000] {logging_mixin.py:188} INFO - [2024-05-06T18:14:38.686+0000] {dagbag.py:540} INFO - Filling up the DagBag from /home/airflow/.local/lib/python3.12/site-packages/airflow/example_dags/example_skip_dag.py
[2024-05-06T18:14:38.690+0000] {processor.py:840} INFO - DAG(s) 'example_skip_dag' retrieved from /home/airflow/.local/lib/python3.12/site-packages/airflow/example_dags/example_skip_dag.py
[2024-05-06T18:14:38.700+0000] {logging_mixin.py:188} INFO - [2024-05-06T18:14:38.700+0000] {dag.py:3096} INFO - Sync 1 DAGs
[2024-05-06T18:14:38.710+0000] {logging_mixin.py:188} INFO - [2024-05-06T18:14:38.710+0000] {dag.py:3954} INFO - Setting next_dagrun for example_skip_dag to 2024-05-05 00:00:00+00:00, run_after=2024-05-06 00:00:00+00:00
[2024-05-06T18:14:38.718+0000] {processor.py:183} INFO - Processing /home/airflow/.local/lib/python3.12/site-packages/airflow/example_dags/example_skip_dag.py took 0.036 seconds
[2024-05-06T18:15:09.261+0000] {processor.py:161} INFO - Started process (PID=1745) to work on /home/airflow/.local/lib/python3.12/site-packages/airflow/example_dags/example_skip_dag.py
[2024-05-06T18:15:09.262+0000] {processor.py:830} INFO - Processing file /home/airflow/.local/lib/python3.12/site-packages/airflow/example_dags/example_skip_dag.py for tasks to queue
[2024-05-06T18:15:09.263+0000] {logging_mixin.py:188} INFO - [2024-05-06T18:15:09.263+0000] {dagbag.py:540} INFO - Filling up the DagBag from /home/airflow/.local/lib/python3.12/site-packages/airflow/example_dags/example_skip_dag.py
[2024-05-06T18:15:09.266+0000] {processor.py:840} INFO - DAG(s) 'example_skip_dag' retrieved from /home/airflow/.local/lib/python3.12/site-packages/airflow/example_dags/example_skip_dag.py
[2024-05-06T18:15:09.276+0000] {logging_mixin.py:188} INFO - [2024-05-06T18:15:09.276+0000] {dag.py:3096} INFO - Sync 1 DAGs
[2024-05-06T18:15:09.286+0000] {logging_mixin.py:188} INFO - [2024-05-06T18:15:09.285+0000] {dag.py:3954} INFO - Setting next_dagrun for example_skip_dag to 2024-05-05 00:00:00+00:00, run_after=2024-05-06 00:00:00+00:00
[2024-05-06T18:15:09.293+0000] {processor.py:183} INFO - Processing /home/airflow/.local/lib/python3.12/site-packages/airflow/example_dags/example_skip_dag.py took 0.035 seconds
[2024-05-06T18:15:39.879+0000] {processor.py:161} INFO - Started process (PID=1803) to work on /home/airflow/.local/lib/python3.12/site-packages/airflow/example_dags/example_skip_dag.py
[2024-05-06T18:15:39.879+0000] {processor.py:830} INFO - Processing file /home/airflow/.local/lib/python3.12/site-packages/airflow/example_dags/example_skip_dag.py for tasks to queue
[2024-05-06T18:15:39.880+0000] {logging_mixin.py:188} INFO - [2024-05-06T18:15:39.880+0000] {dagbag.py:540} INFO - Filling up the DagBag from /home/airflow/.local/lib/python3.12/site-packages/airflow/example_dags/example_skip_dag.py
[2024-05-06T18:15:39.884+0000] {processor.py:840} INFO - DAG(s) 'example_skip_dag' retrieved from /home/airflow/.local/lib/python3.12/site-packages/airflow/example_dags/example_skip_dag.py
[2024-05-06T18:15:39.894+0000] {logging_mixin.py:188} INFO - [2024-05-06T18:15:39.894+0000] {dag.py:3096} INFO - Sync 1 DAGs
[2024-05-06T18:15:39.905+0000] {logging_mixin.py:188} INFO - [2024-05-06T18:15:39.905+0000] {dag.py:3954} INFO - Setting next_dagrun for example_skip_dag to 2024-05-05 00:00:00+00:00, run_after=2024-05-06 00:00:00+00:00
[2024-05-06T18:15:39.913+0000] {processor.py:183} INFO - Processing /home/airflow/.local/lib/python3.12/site-packages/airflow/example_dags/example_skip_dag.py took 0.037 seconds
[2024-05-06T18:16:10.462+0000] {processor.py:161} INFO - Started process (PID=1861) to work on /home/airflow/.local/lib/python3.12/site-packages/airflow/example_dags/example_skip_dag.py
[2024-05-06T18:16:10.462+0000] {processor.py:830} INFO - Processing file /home/airflow/.local/lib/python3.12/site-packages/airflow/example_dags/example_skip_dag.py for tasks to queue
[2024-05-06T18:16:10.463+0000] {logging_mixin.py:188} INFO - [2024-05-06T18:16:10.463+0000] {dagbag.py:540} INFO - Filling up the DagBag from /home/airflow/.local/lib/python3.12/site-packages/airflow/example_dags/example_skip_dag.py
[2024-05-06T18:16:10.467+0000] {processor.py:840} INFO - DAG(s) 'example_skip_dag' retrieved from /home/airflow/.local/lib/python3.12/site-packages/airflow/example_dags/example_skip_dag.py
[2024-05-06T18:16:10.477+0000] {logging_mixin.py:188} INFO - [2024-05-06T18:16:10.477+0000] {dag.py:3096} INFO - Sync 1 DAGs
[2024-05-06T18:16:10.488+0000] {logging_mixin.py:188} INFO - [2024-05-06T18:16:10.488+0000] {dag.py:3954} INFO - Setting next_dagrun for example_skip_dag to 2024-05-05 00:00:00+00:00, run_after=2024-05-06 00:00:00+00:00
[2024-05-06T18:16:10.496+0000] {processor.py:183} INFO - Processing /home/airflow/.local/lib/python3.12/site-packages/airflow/example_dags/example_skip_dag.py took 0.036 seconds
[2024-05-06T18:16:41.016+0000] {processor.py:161} INFO - Started process (PID=1919) to work on /home/airflow/.local/lib/python3.12/site-packages/airflow/example_dags/example_skip_dag.py
[2024-05-06T18:16:41.017+0000] {processor.py:830} INFO - Processing file /home/airflow/.local/lib/python3.12/site-packages/airflow/example_dags/example_skip_dag.py for tasks to queue
[2024-05-06T18:16:41.018+0000] {logging_mixin.py:188} INFO - [2024-05-06T18:16:41.017+0000] {dagbag.py:540} INFO - Filling up the DagBag from /home/airflow/.local/lib/python3.12/site-packages/airflow/example_dags/example_skip_dag.py
[2024-05-06T18:16:41.021+0000] {processor.py:840} INFO - DAG(s) 'example_skip_dag' retrieved from /home/airflow/.local/lib/python3.12/site-packages/airflow/example_dags/example_skip_dag.py
[2024-05-06T18:16:41.031+0000] {logging_mixin.py:188} INFO - [2024-05-06T18:16:41.031+0000] {dag.py:3096} INFO - Sync 1 DAGs
[2024-05-06T18:16:41.042+0000] {logging_mixin.py:188} INFO - [2024-05-06T18:16:41.042+0000] {dag.py:3954} INFO - Setting next_dagrun for example_skip_dag to 2024-05-05 00:00:00+00:00, run_after=2024-05-06 00:00:00+00:00
[2024-05-06T18:16:41.050+0000] {processor.py:183} INFO - Processing /home/airflow/.local/lib/python3.12/site-packages/airflow/example_dags/example_skip_dag.py took 0.037 seconds
[2024-05-06T18:18:14.522+0000] {processor.py:161} INFO - Started process (PID=1976) to work on /home/airflow/.local/lib/python3.12/site-packages/airflow/example_dags/example_skip_dag.py
[2024-05-06T18:18:14.523+0000] {processor.py:830} INFO - Processing file /home/airflow/.local/lib/python3.12/site-packages/airflow/example_dags/example_skip_dag.py for tasks to queue
[2024-05-06T18:18:14.524+0000] {logging_mixin.py:188} INFO - [2024-05-06T18:18:14.524+0000] {dagbag.py:540} INFO - Filling up the DagBag from /home/airflow/.local/lib/python3.12/site-packages/airflow/example_dags/example_skip_dag.py
[2024-05-06T18:18:14.528+0000] {processor.py:840} INFO - DAG(s) 'example_skip_dag' retrieved from /home/airflow/.local/lib/python3.12/site-packages/airflow/example_dags/example_skip_dag.py
[2024-05-06T18:18:14.538+0000] {logging_mixin.py:188} INFO - [2024-05-06T18:18:14.538+0000] {dag.py:3096} INFO - Sync 1 DAGs
[2024-05-06T18:18:14.548+0000] {logging_mixin.py:188} INFO - [2024-05-06T18:18:14.548+0000] {dag.py:3954} INFO - Setting next_dagrun for example_skip_dag to 2024-05-05 00:00:00+00:00, run_after=2024-05-06 00:00:00+00:00
[2024-05-06T18:18:14.556+0000] {processor.py:183} INFO - Processing /home/airflow/.local/lib/python3.12/site-packages/airflow/example_dags/example_skip_dag.py took 0.037 seconds
[2024-05-06T18:18:45.065+0000] {processor.py:161} INFO - Started process (PID=2034) to work on /home/airflow/.local/lib/python3.12/site-packages/airflow/example_dags/example_skip_dag.py
[2024-05-06T18:18:45.065+0000] {processor.py:830} INFO - Processing file /home/airflow/.local/lib/python3.12/site-packages/airflow/example_dags/example_skip_dag.py for tasks to queue
[2024-05-06T18:18:45.066+0000] {logging_mixin.py:188} INFO - [2024-05-06T18:18:45.066+0000] {dagbag.py:540} INFO - Filling up the DagBag from /home/airflow/.local/lib/python3.12/site-packages/airflow/example_dags/example_skip_dag.py
[2024-05-06T18:18:45.070+0000] {processor.py:840} INFO - DAG(s) 'example_skip_dag' retrieved from /home/airflow/.local/lib/python3.12/site-packages/airflow/example_dags/example_skip_dag.py
[2024-05-06T18:18:45.081+0000] {logging_mixin.py:188} INFO - [2024-05-06T18:18:45.081+0000] {dag.py:3096} INFO - Sync 1 DAGs
[2024-05-06T18:18:45.092+0000] {logging_mixin.py:188} INFO - [2024-05-06T18:18:45.092+0000] {dag.py:3954} INFO - Setting next_dagrun for example_skip_dag to 2024-05-05 00:00:00+00:00, run_after=2024-05-06 00:00:00+00:00
[2024-05-06T18:18:45.101+0000] {processor.py:183} INFO - Processing /home/airflow/.local/lib/python3.12/site-packages/airflow/example_dags/example_skip_dag.py took 0.039 seconds
[2024-05-06T18:19:15.695+0000] {processor.py:161} INFO - Started process (PID=2092) to work on /home/airflow/.local/lib/python3.12/site-packages/airflow/example_dags/example_skip_dag.py
[2024-05-06T18:19:15.696+0000] {processor.py:830} INFO - Processing file /home/airflow/.local/lib/python3.12/site-packages/airflow/example_dags/example_skip_dag.py for tasks to queue
[2024-05-06T18:19:15.697+0000] {logging_mixin.py:188} INFO - [2024-05-06T18:19:15.696+0000] {dagbag.py:540} INFO - Filling up the DagBag from /home/airflow/.local/lib/python3.12/site-packages/airflow/example_dags/example_skip_dag.py
[2024-05-06T18:19:15.700+0000] {processor.py:840} INFO - DAG(s) 'example_skip_dag' retrieved from /home/airflow/.local/lib/python3.12/site-packages/airflow/example_dags/example_skip_dag.py
[2024-05-06T18:19:15.711+0000] {logging_mixin.py:188} INFO - [2024-05-06T18:19:15.711+0000] {dag.py:3096} INFO - Sync 1 DAGs
[2024-05-06T18:19:15.721+0000] {logging_mixin.py:188} INFO - [2024-05-06T18:19:15.721+0000] {dag.py:3954} INFO - Setting next_dagrun for example_skip_dag to 2024-05-05 00:00:00+00:00, run_after=2024-05-06 00:00:00+00:00
[2024-05-06T18:19:15.729+0000] {processor.py:183} INFO - Processing /home/airflow/.local/lib/python3.12/site-packages/airflow/example_dags/example_skip_dag.py took 0.037 seconds
[2024-05-06T18:19:46.210+0000] {processor.py:161} INFO - Started process (PID=2150) to work on /home/airflow/.local/lib/python3.12/site-packages/airflow/example_dags/example_skip_dag.py
[2024-05-06T18:19:46.211+0000] {processor.py:830} INFO - Processing file /home/airflow/.local/lib/python3.12/site-packages/airflow/example_dags/example_skip_dag.py for tasks to queue
[2024-05-06T18:19:46.212+0000] {logging_mixin.py:188} INFO - [2024-05-06T18:19:46.211+0000] {dagbag.py:540} INFO - Filling up the DagBag from /home/airflow/.local/lib/python3.12/site-packages/airflow/example_dags/example_skip_dag.py
[2024-05-06T18:19:46.215+0000] {processor.py:840} INFO - DAG(s) 'example_skip_dag' retrieved from /home/airflow/.local/lib/python3.12/site-packages/airflow/example_dags/example_skip_dag.py
[2024-05-06T18:19:46.225+0000] {logging_mixin.py:188} INFO - [2024-05-06T18:19:46.225+0000] {dag.py:3096} INFO - Sync 1 DAGs
[2024-05-06T18:19:46.235+0000] {logging_mixin.py:188} INFO - [2024-05-06T18:19:46.235+0000] {dag.py:3954} INFO - Setting next_dagrun for example_skip_dag to 2024-05-05 00:00:00+00:00, run_after=2024-05-06 00:00:00+00:00
[2024-05-06T18:19:46.244+0000] {processor.py:183} INFO - Processing /home/airflow/.local/lib/python3.12/site-packages/airflow/example_dags/example_skip_dag.py took 0.036 seconds
[2024-05-06T18:20:16.895+0000] {processor.py:161} INFO - Started process (PID=2208) to work on /home/airflow/.local/lib/python3.12/site-packages/airflow/example_dags/example_skip_dag.py
[2024-05-06T18:20:16.896+0000] {processor.py:830} INFO - Processing file /home/airflow/.local/lib/python3.12/site-packages/airflow/example_dags/example_skip_dag.py for tasks to queue
[2024-05-06T18:20:16.897+0000] {logging_mixin.py:188} INFO - [2024-05-06T18:20:16.897+0000] {dagbag.py:540} INFO - Filling up the DagBag from /home/airflow/.local/lib/python3.12/site-packages/airflow/example_dags/example_skip_dag.py
[2024-05-06T18:20:16.900+0000] {processor.py:840} INFO - DAG(s) 'example_skip_dag' retrieved from /home/airflow/.local/lib/python3.12/site-packages/airflow/example_dags/example_skip_dag.py
[2024-05-06T18:20:16.911+0000] {logging_mixin.py:188} INFO - [2024-05-06T18:20:16.911+0000] {dag.py:3096} INFO - Sync 1 DAGs
[2024-05-06T18:20:16.921+0000] {logging_mixin.py:188} INFO - [2024-05-06T18:20:16.921+0000] {dag.py:3954} INFO - Setting next_dagrun for example_skip_dag to 2024-05-05 00:00:00+00:00, run_after=2024-05-06 00:00:00+00:00
[2024-05-06T18:20:16.929+0000] {processor.py:183} INFO - Processing /home/airflow/.local/lib/python3.12/site-packages/airflow/example_dags/example_skip_dag.py took 0.037 seconds
[2024-05-06T18:20:47.429+0000] {processor.py:161} INFO - Started process (PID=2266) to work on /home/airflow/.local/lib/python3.12/site-packages/airflow/example_dags/example_skip_dag.py
[2024-05-06T18:20:47.429+0000] {processor.py:830} INFO - Processing file /home/airflow/.local/lib/python3.12/site-packages/airflow/example_dags/example_skip_dag.py for tasks to queue
[2024-05-06T18:20:47.430+0000] {logging_mixin.py:188} INFO - [2024-05-06T18:20:47.430+0000] {dagbag.py:540} INFO - Filling up the DagBag from /home/airflow/.local/lib/python3.12/site-packages/airflow/example_dags/example_skip_dag.py
[2024-05-06T18:20:47.434+0000] {processor.py:840} INFO - DAG(s) 'example_skip_dag' retrieved from /home/airflow/.local/lib/python3.12/site-packages/airflow/example_dags/example_skip_dag.py
[2024-05-06T18:20:47.444+0000] {logging_mixin.py:188} INFO - [2024-05-06T18:20:47.444+0000] {dag.py:3096} INFO - Sync 1 DAGs
[2024-05-06T18:20:47.455+0000] {logging_mixin.py:188} INFO - [2024-05-06T18:20:47.455+0000] {dag.py:3954} INFO - Setting next_dagrun for example_skip_dag to 2024-05-05 00:00:00+00:00, run_after=2024-05-06 00:00:00+00:00
[2024-05-06T18:20:47.463+0000] {processor.py:183} INFO - Processing /home/airflow/.local/lib/python3.12/site-packages/airflow/example_dags/example_skip_dag.py took 0.037 seconds
[2024-05-06T18:21:18.055+0000] {processor.py:161} INFO - Started process (PID=2324) to work on /home/airflow/.local/lib/python3.12/site-packages/airflow/example_dags/example_skip_dag.py
[2024-05-06T18:21:18.056+0000] {processor.py:830} INFO - Processing file /home/airflow/.local/lib/python3.12/site-packages/airflow/example_dags/example_skip_dag.py for tasks to queue
[2024-05-06T18:21:18.057+0000] {logging_mixin.py:188} INFO - [2024-05-06T18:21:18.057+0000] {dagbag.py:540} INFO - Filling up the DagBag from /home/airflow/.local/lib/python3.12/site-packages/airflow/example_dags/example_skip_dag.py
[2024-05-06T18:21:18.061+0000] {processor.py:840} INFO - DAG(s) 'example_skip_dag' retrieved from /home/airflow/.local/lib/python3.12/site-packages/airflow/example_dags/example_skip_dag.py
[2024-05-06T18:21:18.070+0000] {logging_mixin.py:188} INFO - [2024-05-06T18:21:18.070+0000] {dag.py:3096} INFO - Sync 1 DAGs
[2024-05-06T18:21:18.080+0000] {logging_mixin.py:188} INFO - [2024-05-06T18:21:18.080+0000] {dag.py:3954} INFO - Setting next_dagrun for example_skip_dag to 2024-05-05 00:00:00+00:00, run_after=2024-05-06 00:00:00+00:00
[2024-05-06T18:21:18.087+0000] {processor.py:183} INFO - Processing /home/airflow/.local/lib/python3.12/site-packages/airflow/example_dags/example_skip_dag.py took 0.035 seconds
[2024-05-06T18:21:48.760+0000] {processor.py:161} INFO - Started process (PID=2381) to work on /home/airflow/.local/lib/python3.12/site-packages/airflow/example_dags/example_skip_dag.py
[2024-05-06T18:21:48.761+0000] {processor.py:830} INFO - Processing file /home/airflow/.local/lib/python3.12/site-packages/airflow/example_dags/example_skip_dag.py for tasks to queue
[2024-05-06T18:21:48.762+0000] {logging_mixin.py:188} INFO - [2024-05-06T18:21:48.762+0000] {dagbag.py:540} INFO - Filling up the DagBag from /home/airflow/.local/lib/python3.12/site-packages/airflow/example_dags/example_skip_dag.py
[2024-05-06T18:21:48.765+0000] {processor.py:840} INFO - DAG(s) 'example_skip_dag' retrieved from /home/airflow/.local/lib/python3.12/site-packages/airflow/example_dags/example_skip_dag.py
[2024-05-06T18:21:48.776+0000] {logging_mixin.py:188} INFO - [2024-05-06T18:21:48.776+0000] {dag.py:3096} INFO - Sync 1 DAGs
[2024-05-06T18:21:48.786+0000] {logging_mixin.py:188} INFO - [2024-05-06T18:21:48.785+0000] {dag.py:3954} INFO - Setting next_dagrun for example_skip_dag to 2024-05-05 00:00:00+00:00, run_after=2024-05-06 00:00:00+00:00
[2024-05-06T18:21:48.793+0000] {processor.py:183} INFO - Processing /home/airflow/.local/lib/python3.12/site-packages/airflow/example_dags/example_skip_dag.py took 0.036 seconds
[2024-05-06T18:22:19.389+0000] {processor.py:161} INFO - Started process (PID=2439) to work on /home/airflow/.local/lib/python3.12/site-packages/airflow/example_dags/example_skip_dag.py
[2024-05-06T18:22:19.389+0000] {processor.py:830} INFO - Processing file /home/airflow/.local/lib/python3.12/site-packages/airflow/example_dags/example_skip_dag.py for tasks to queue
[2024-05-06T18:22:19.391+0000] {logging_mixin.py:188} INFO - [2024-05-06T18:22:19.390+0000] {dagbag.py:540} INFO - Filling up the DagBag from /home/airflow/.local/lib/python3.12/site-packages/airflow/example_dags/example_skip_dag.py
[2024-05-06T18:22:19.394+0000] {processor.py:840} INFO - DAG(s) 'example_skip_dag' retrieved from /home/airflow/.local/lib/python3.12/site-packages/airflow/example_dags/example_skip_dag.py
[2024-05-06T18:22:19.406+0000] {logging_mixin.py:188} INFO - [2024-05-06T18:22:19.406+0000] {dag.py:3096} INFO - Sync 1 DAGs
[2024-05-06T18:22:19.416+0000] {logging_mixin.py:188} INFO - [2024-05-06T18:22:19.416+0000] {dag.py:3954} INFO - Setting next_dagrun for example_skip_dag to 2024-05-05 00:00:00+00:00, run_after=2024-05-06 00:00:00+00:00
[2024-05-06T18:22:19.424+0000] {processor.py:183} INFO - Processing /home/airflow/.local/lib/python3.12/site-packages/airflow/example_dags/example_skip_dag.py took 0.040 seconds
[2024-05-06T18:22:49.999+0000] {processor.py:161} INFO - Started process (PID=2497) to work on /home/airflow/.local/lib/python3.12/site-packages/airflow/example_dags/example_skip_dag.py
[2024-05-06T18:22:49.999+0000] {processor.py:830} INFO - Processing file /home/airflow/.local/lib/python3.12/site-packages/airflow/example_dags/example_skip_dag.py for tasks to queue
[2024-05-06T18:22:50.000+0000] {logging_mixin.py:188} INFO - [2024-05-06T18:22:50.000+0000] {dagbag.py:540} INFO - Filling up the DagBag from /home/airflow/.local/lib/python3.12/site-packages/airflow/example_dags/example_skip_dag.py
[2024-05-06T18:22:50.004+0000] {processor.py:840} INFO - DAG(s) 'example_skip_dag' retrieved from /home/airflow/.local/lib/python3.12/site-packages/airflow/example_dags/example_skip_dag.py
[2024-05-06T18:22:50.013+0000] {logging_mixin.py:188} INFO - [2024-05-06T18:22:50.013+0000] {dag.py:3096} INFO - Sync 1 DAGs
[2024-05-06T18:22:50.024+0000] {logging_mixin.py:188} INFO - [2024-05-06T18:22:50.024+0000] {dag.py:3954} INFO - Setting next_dagrun for example_skip_dag to 2024-05-05 00:00:00+00:00, run_after=2024-05-06 00:00:00+00:00
[2024-05-06T18:22:50.032+0000] {processor.py:183} INFO - Processing /home/airflow/.local/lib/python3.12/site-packages/airflow/example_dags/example_skip_dag.py took 0.036 seconds
[2024-05-06T18:23:20.568+0000] {processor.py:161} INFO - Started process (PID=2554) to work on /home/airflow/.local/lib/python3.12/site-packages/airflow/example_dags/example_skip_dag.py
[2024-05-06T18:23:20.568+0000] {processor.py:830} INFO - Processing file /home/airflow/.local/lib/python3.12/site-packages/airflow/example_dags/example_skip_dag.py for tasks to queue
[2024-05-06T18:23:20.569+0000] {logging_mixin.py:188} INFO - [2024-05-06T18:23:20.569+0000] {dagbag.py:540} INFO - Filling up the DagBag from /home/airflow/.local/lib/python3.12/site-packages/airflow/example_dags/example_skip_dag.py
[2024-05-06T18:23:20.572+0000] {processor.py:840} INFO - DAG(s) 'example_skip_dag' retrieved from /home/airflow/.local/lib/python3.12/site-packages/airflow/example_dags/example_skip_dag.py
[2024-05-06T18:23:20.582+0000] {logging_mixin.py:188} INFO - [2024-05-06T18:23:20.582+0000] {dag.py:3096} INFO - Sync 1 DAGs
[2024-05-06T18:23:20.592+0000] {logging_mixin.py:188} INFO - [2024-05-06T18:23:20.592+0000] {dag.py:3954} INFO - Setting next_dagrun for example_skip_dag to 2024-05-05 00:00:00+00:00, run_after=2024-05-06 00:00:00+00:00
[2024-05-06T18:23:20.601+0000] {processor.py:183} INFO - Processing /home/airflow/.local/lib/python3.12/site-packages/airflow/example_dags/example_skip_dag.py took 0.036 seconds
[2024-05-06T18:23:51.325+0000] {processor.py:161} INFO - Started process (PID=2612) to work on /home/airflow/.local/lib/python3.12/site-packages/airflow/example_dags/example_skip_dag.py
[2024-05-06T18:23:51.326+0000] {processor.py:830} INFO - Processing file /home/airflow/.local/lib/python3.12/site-packages/airflow/example_dags/example_skip_dag.py for tasks to queue
[2024-05-06T18:23:51.327+0000] {logging_mixin.py:188} INFO - [2024-05-06T18:23:51.327+0000] {dagbag.py:540} INFO - Filling up the DagBag from /home/airflow/.local/lib/python3.12/site-packages/airflow/example_dags/example_skip_dag.py
[2024-05-06T18:23:51.331+0000] {processor.py:840} INFO - DAG(s) 'example_skip_dag' retrieved from /home/airflow/.local/lib/python3.12/site-packages/airflow/example_dags/example_skip_dag.py
[2024-05-06T18:23:51.341+0000] {logging_mixin.py:188} INFO - [2024-05-06T18:23:51.340+0000] {dag.py:3096} INFO - Sync 1 DAGs
[2024-05-06T18:23:51.351+0000] {logging_mixin.py:188} INFO - [2024-05-06T18:23:51.351+0000] {dag.py:3954} INFO - Setting next_dagrun for example_skip_dag to 2024-05-05 00:00:00+00:00, run_after=2024-05-06 00:00:00+00:00
[2024-05-06T18:23:51.360+0000] {processor.py:183} INFO - Processing /home/airflow/.local/lib/python3.12/site-packages/airflow/example_dags/example_skip_dag.py took 0.038 seconds
[2024-05-06T18:24:21.909+0000] {processor.py:161} INFO - Started process (PID=2670) to work on /home/airflow/.local/lib/python3.12/site-packages/airflow/example_dags/example_skip_dag.py
[2024-05-06T18:24:21.909+0000] {processor.py:830} INFO - Processing file /home/airflow/.local/lib/python3.12/site-packages/airflow/example_dags/example_skip_dag.py for tasks to queue
[2024-05-06T18:24:21.910+0000] {logging_mixin.py:188} INFO - [2024-05-06T18:24:21.910+0000] {dagbag.py:540} INFO - Filling up the DagBag from /home/airflow/.local/lib/python3.12/site-packages/airflow/example_dags/example_skip_dag.py
[2024-05-06T18:24:21.914+0000] {processor.py:840} INFO - DAG(s) 'example_skip_dag' retrieved from /home/airflow/.local/lib/python3.12/site-packages/airflow/example_dags/example_skip_dag.py
[2024-05-06T18:24:21.924+0000] {logging_mixin.py:188} INFO - [2024-05-06T18:24:21.924+0000] {dag.py:3096} INFO - Sync 1 DAGs
[2024-05-06T18:24:21.934+0000] {logging_mixin.py:188} INFO - [2024-05-06T18:24:21.934+0000] {dag.py:3954} INFO - Setting next_dagrun for example_skip_dag to 2024-05-05 00:00:00+00:00, run_after=2024-05-06 00:00:00+00:00
[2024-05-06T18:24:21.944+0000] {processor.py:183} INFO - Processing /home/airflow/.local/lib/python3.12/site-packages/airflow/example_dags/example_skip_dag.py took 0.038 seconds
[2024-05-06T18:24:52.544+0000] {processor.py:161} INFO - Started process (PID=2728) to work on /home/airflow/.local/lib/python3.12/site-packages/airflow/example_dags/example_skip_dag.py
[2024-05-06T18:24:52.545+0000] {processor.py:830} INFO - Processing file /home/airflow/.local/lib/python3.12/site-packages/airflow/example_dags/example_skip_dag.py for tasks to queue
[2024-05-06T18:24:52.546+0000] {logging_mixin.py:188} INFO - [2024-05-06T18:24:52.546+0000] {dagbag.py:540} INFO - Filling up the DagBag from /home/airflow/.local/lib/python3.12/site-packages/airflow/example_dags/example_skip_dag.py
[2024-05-06T18:24:52.550+0000] {processor.py:840} INFO - DAG(s) 'example_skip_dag' retrieved from /home/airflow/.local/lib/python3.12/site-packages/airflow/example_dags/example_skip_dag.py
[2024-05-06T18:24:52.562+0000] {logging_mixin.py:188} INFO - [2024-05-06T18:24:52.562+0000] {dag.py:3096} INFO - Sync 1 DAGs
[2024-05-06T18:24:52.576+0000] {logging_mixin.py:188} INFO - [2024-05-06T18:24:52.576+0000] {dag.py:3954} INFO - Setting next_dagrun for example_skip_dag to 2024-05-05 00:00:00+00:00, run_after=2024-05-06 00:00:00+00:00
[2024-05-06T18:24:52.588+0000] {processor.py:183} INFO - Processing /home/airflow/.local/lib/python3.12/site-packages/airflow/example_dags/example_skip_dag.py took 0.047 seconds
[2024-05-06T18:25:23.148+0000] {processor.py:161} INFO - Started process (PID=2786) to work on /home/airflow/.local/lib/python3.12/site-packages/airflow/example_dags/example_skip_dag.py
[2024-05-06T18:25:23.149+0000] {processor.py:830} INFO - Processing file /home/airflow/.local/lib/python3.12/site-packages/airflow/example_dags/example_skip_dag.py for tasks to queue
[2024-05-06T18:25:23.151+0000] {logging_mixin.py:188} INFO - [2024-05-06T18:25:23.150+0000] {dagbag.py:540} INFO - Filling up the DagBag from /home/airflow/.local/lib/python3.12/site-packages/airflow/example_dags/example_skip_dag.py
[2024-05-06T18:25:23.167+0000] {processor.py:840} INFO - DAG(s) 'example_skip_dag' retrieved from /home/airflow/.local/lib/python3.12/site-packages/airflow/example_dags/example_skip_dag.py
[2024-05-06T18:25:23.184+0000] {logging_mixin.py:188} INFO - [2024-05-06T18:25:23.184+0000] {dag.py:3096} INFO - Sync 1 DAGs
[2024-05-06T18:25:23.197+0000] {logging_mixin.py:188} INFO - [2024-05-06T18:25:23.197+0000] {dag.py:3954} INFO - Setting next_dagrun for example_skip_dag to 2024-05-05 00:00:00+00:00, run_after=2024-05-06 00:00:00+00:00
[2024-05-06T18:25:23.207+0000] {processor.py:183} INFO - Processing /home/airflow/.local/lib/python3.12/site-packages/airflow/example_dags/example_skip_dag.py took 0.064 seconds
[2024-05-06T18:25:53.774+0000] {processor.py:161} INFO - Started process (PID=2843) to work on /home/airflow/.local/lib/python3.12/site-packages/airflow/example_dags/example_skip_dag.py
[2024-05-06T18:25:53.775+0000] {processor.py:830} INFO - Processing file /home/airflow/.local/lib/python3.12/site-packages/airflow/example_dags/example_skip_dag.py for tasks to queue
[2024-05-06T18:25:53.777+0000] {logging_mixin.py:188} INFO - [2024-05-06T18:25:53.777+0000] {dagbag.py:540} INFO - Filling up the DagBag from /home/airflow/.local/lib/python3.12/site-packages/airflow/example_dags/example_skip_dag.py
[2024-05-06T18:25:53.783+0000] {processor.py:840} INFO - DAG(s) 'example_skip_dag' retrieved from /home/airflow/.local/lib/python3.12/site-packages/airflow/example_dags/example_skip_dag.py
[2024-05-06T18:25:53.795+0000] {logging_mixin.py:188} INFO - [2024-05-06T18:25:53.795+0000] {dag.py:3096} INFO - Sync 1 DAGs
[2024-05-06T18:25:53.808+0000] {logging_mixin.py:188} INFO - [2024-05-06T18:25:53.808+0000] {dag.py:3954} INFO - Setting next_dagrun for example_skip_dag to 2024-05-05 00:00:00+00:00, run_after=2024-05-06 00:00:00+00:00
[2024-05-06T18:25:53.817+0000] {processor.py:183} INFO - Processing /home/airflow/.local/lib/python3.12/site-packages/airflow/example_dags/example_skip_dag.py took 0.046 seconds
[2024-05-06T18:26:24.510+0000] {processor.py:161} INFO - Started process (PID=2901) to work on /home/airflow/.local/lib/python3.12/site-packages/airflow/example_dags/example_skip_dag.py
[2024-05-06T18:26:24.510+0000] {processor.py:830} INFO - Processing file /home/airflow/.local/lib/python3.12/site-packages/airflow/example_dags/example_skip_dag.py for tasks to queue
[2024-05-06T18:26:24.512+0000] {logging_mixin.py:188} INFO - [2024-05-06T18:26:24.511+0000] {dagbag.py:540} INFO - Filling up the DagBag from /home/airflow/.local/lib/python3.12/site-packages/airflow/example_dags/example_skip_dag.py
[2024-05-06T18:26:24.515+0000] {processor.py:840} INFO - DAG(s) 'example_skip_dag' retrieved from /home/airflow/.local/lib/python3.12/site-packages/airflow/example_dags/example_skip_dag.py
[2024-05-06T18:26:24.525+0000] {logging_mixin.py:188} INFO - [2024-05-06T18:26:24.525+0000] {dag.py:3096} INFO - Sync 1 DAGs
[2024-05-06T18:26:24.535+0000] {logging_mixin.py:188} INFO - [2024-05-06T18:26:24.535+0000] {dag.py:3954} INFO - Setting next_dagrun for example_skip_dag to 2024-05-05 00:00:00+00:00, run_after=2024-05-06 00:00:00+00:00
[2024-05-06T18:26:24.544+0000] {processor.py:183} INFO - Processing /home/airflow/.local/lib/python3.12/site-packages/airflow/example_dags/example_skip_dag.py took 0.037 seconds
[2024-05-06T18:26:55.075+0000] {processor.py:161} INFO - Started process (PID=2959) to work on /home/airflow/.local/lib/python3.12/site-packages/airflow/example_dags/example_skip_dag.py
[2024-05-06T18:26:55.076+0000] {processor.py:830} INFO - Processing file /home/airflow/.local/lib/python3.12/site-packages/airflow/example_dags/example_skip_dag.py for tasks to queue
[2024-05-06T18:26:55.077+0000] {logging_mixin.py:188} INFO - [2024-05-06T18:26:55.077+0000] {dagbag.py:540} INFO - Filling up the DagBag from /home/airflow/.local/lib/python3.12/site-packages/airflow/example_dags/example_skip_dag.py
[2024-05-06T18:26:55.080+0000] {processor.py:840} INFO - DAG(s) 'example_skip_dag' retrieved from /home/airflow/.local/lib/python3.12/site-packages/airflow/example_dags/example_skip_dag.py
[2024-05-06T18:26:55.091+0000] {logging_mixin.py:188} INFO - [2024-05-06T18:26:55.091+0000] {dag.py:3096} INFO - Sync 1 DAGs
[2024-05-06T18:26:55.101+0000] {logging_mixin.py:188} INFO - [2024-05-06T18:26:55.101+0000] {dag.py:3954} INFO - Setting next_dagrun for example_skip_dag to 2024-05-05 00:00:00+00:00, run_after=2024-05-06 00:00:00+00:00
[2024-05-06T18:26:55.109+0000] {processor.py:183} INFO - Processing /home/airflow/.local/lib/python3.12/site-packages/airflow/example_dags/example_skip_dag.py took 0.037 seconds
[2024-05-06T18:27:25.617+0000] {processor.py:161} INFO - Started process (PID=3016) to work on /home/airflow/.local/lib/python3.12/site-packages/airflow/example_dags/example_skip_dag.py
[2024-05-06T18:27:25.618+0000] {processor.py:830} INFO - Processing file /home/airflow/.local/lib/python3.12/site-packages/airflow/example_dags/example_skip_dag.py for tasks to queue
[2024-05-06T18:27:25.619+0000] {logging_mixin.py:188} INFO - [2024-05-06T18:27:25.618+0000] {dagbag.py:540} INFO - Filling up the DagBag from /home/airflow/.local/lib/python3.12/site-packages/airflow/example_dags/example_skip_dag.py
[2024-05-06T18:27:25.622+0000] {processor.py:840} INFO - DAG(s) 'example_skip_dag' retrieved from /home/airflow/.local/lib/python3.12/site-packages/airflow/example_dags/example_skip_dag.py
[2024-05-06T18:27:25.632+0000] {logging_mixin.py:188} INFO - [2024-05-06T18:27:25.632+0000] {dag.py:3096} INFO - Sync 1 DAGs
[2024-05-06T18:27:25.640+0000] {logging_mixin.py:188} INFO - [2024-05-06T18:27:25.640+0000] {dag.py:3954} INFO - Setting next_dagrun for example_skip_dag to 2024-05-05 00:00:00+00:00, run_after=2024-05-06 00:00:00+00:00
[2024-05-06T18:27:25.647+0000] {processor.py:183} INFO - Processing /home/airflow/.local/lib/python3.12/site-packages/airflow/example_dags/example_skip_dag.py took 0.033 seconds
[2024-05-06T18:27:56.187+0000] {processor.py:161} INFO - Started process (PID=3073) to work on /home/airflow/.local/lib/python3.12/site-packages/airflow/example_dags/example_skip_dag.py
[2024-05-06T18:27:56.188+0000] {processor.py:830} INFO - Processing file /home/airflow/.local/lib/python3.12/site-packages/airflow/example_dags/example_skip_dag.py for tasks to queue
[2024-05-06T18:27:56.189+0000] {logging_mixin.py:188} INFO - [2024-05-06T18:27:56.188+0000] {dagbag.py:540} INFO - Filling up the DagBag from /home/airflow/.local/lib/python3.12/site-packages/airflow/example_dags/example_skip_dag.py
[2024-05-06T18:27:56.192+0000] {processor.py:840} INFO - DAG(s) 'example_skip_dag' retrieved from /home/airflow/.local/lib/python3.12/site-packages/airflow/example_dags/example_skip_dag.py
[2024-05-06T18:27:56.203+0000] {logging_mixin.py:188} INFO - [2024-05-06T18:27:56.203+0000] {dag.py:3096} INFO - Sync 1 DAGs
[2024-05-06T18:27:56.213+0000] {logging_mixin.py:188} INFO - [2024-05-06T18:27:56.213+0000] {dag.py:3954} INFO - Setting next_dagrun for example_skip_dag to 2024-05-05 00:00:00+00:00, run_after=2024-05-06 00:00:00+00:00
[2024-05-06T18:27:56.221+0000] {processor.py:183} INFO - Processing /home/airflow/.local/lib/python3.12/site-packages/airflow/example_dags/example_skip_dag.py took 0.037 seconds
[2024-05-06T18:28:26.834+0000] {processor.py:161} INFO - Started process (PID=3131) to work on /home/airflow/.local/lib/python3.12/site-packages/airflow/example_dags/example_skip_dag.py
[2024-05-06T18:28:26.835+0000] {processor.py:830} INFO - Processing file /home/airflow/.local/lib/python3.12/site-packages/airflow/example_dags/example_skip_dag.py for tasks to queue
[2024-05-06T18:28:26.836+0000] {logging_mixin.py:188} INFO - [2024-05-06T18:28:26.835+0000] {dagbag.py:540} INFO - Filling up the DagBag from /home/airflow/.local/lib/python3.12/site-packages/airflow/example_dags/example_skip_dag.py
[2024-05-06T18:28:26.839+0000] {processor.py:840} INFO - DAG(s) 'example_skip_dag' retrieved from /home/airflow/.local/lib/python3.12/site-packages/airflow/example_dags/example_skip_dag.py
[2024-05-06T18:28:26.849+0000] {logging_mixin.py:188} INFO - [2024-05-06T18:28:26.849+0000] {dag.py:3096} INFO - Sync 1 DAGs
[2024-05-06T18:28:26.859+0000] {logging_mixin.py:188} INFO - [2024-05-06T18:28:26.859+0000] {dag.py:3954} INFO - Setting next_dagrun for example_skip_dag to 2024-05-05 00:00:00+00:00, run_after=2024-05-06 00:00:00+00:00
[2024-05-06T18:28:26.866+0000] {processor.py:183} INFO - Processing /home/airflow/.local/lib/python3.12/site-packages/airflow/example_dags/example_skip_dag.py took 0.035 seconds
[2024-05-06T18:28:57.585+0000] {processor.py:161} INFO - Started process (PID=3189) to work on /home/airflow/.local/lib/python3.12/site-packages/airflow/example_dags/example_skip_dag.py
[2024-05-06T18:28:57.585+0000] {processor.py:830} INFO - Processing file /home/airflow/.local/lib/python3.12/site-packages/airflow/example_dags/example_skip_dag.py for tasks to queue
[2024-05-06T18:28:57.586+0000] {logging_mixin.py:188} INFO - [2024-05-06T18:28:57.586+0000] {dagbag.py:540} INFO - Filling up the DagBag from /home/airflow/.local/lib/python3.12/site-packages/airflow/example_dags/example_skip_dag.py
[2024-05-06T18:28:57.590+0000] {processor.py:840} INFO - DAG(s) 'example_skip_dag' retrieved from /home/airflow/.local/lib/python3.12/site-packages/airflow/example_dags/example_skip_dag.py
[2024-05-06T18:28:57.603+0000] {logging_mixin.py:188} INFO - [2024-05-06T18:28:57.603+0000] {dag.py:3096} INFO - Sync 1 DAGs
[2024-05-06T18:28:57.613+0000] {logging_mixin.py:188} INFO - [2024-05-06T18:28:57.613+0000] {dag.py:3954} INFO - Setting next_dagrun for example_skip_dag to 2024-05-05 00:00:00+00:00, run_after=2024-05-06 00:00:00+00:00
[2024-05-06T18:28:57.621+0000] {processor.py:183} INFO - Processing /home/airflow/.local/lib/python3.12/site-packages/airflow/example_dags/example_skip_dag.py took 0.039 seconds
[2024-05-06T18:29:28.453+0000] {processor.py:161} INFO - Started process (PID=3247) to work on /home/airflow/.local/lib/python3.12/site-packages/airflow/example_dags/example_skip_dag.py
[2024-05-06T18:29:28.453+0000] {processor.py:830} INFO - Processing file /home/airflow/.local/lib/python3.12/site-packages/airflow/example_dags/example_skip_dag.py for tasks to queue
[2024-05-06T18:29:28.454+0000] {logging_mixin.py:188} INFO - [2024-05-06T18:29:28.454+0000] {dagbag.py:540} INFO - Filling up the DagBag from /home/airflow/.local/lib/python3.12/site-packages/airflow/example_dags/example_skip_dag.py
[2024-05-06T18:29:28.458+0000] {processor.py:840} INFO - DAG(s) 'example_skip_dag' retrieved from /home/airflow/.local/lib/python3.12/site-packages/airflow/example_dags/example_skip_dag.py
[2024-05-06T18:29:28.468+0000] {logging_mixin.py:188} INFO - [2024-05-06T18:29:28.468+0000] {dag.py:3096} INFO - Sync 1 DAGs
[2024-05-06T18:29:28.479+0000] {logging_mixin.py:188} INFO - [2024-05-06T18:29:28.479+0000] {dag.py:3954} INFO - Setting next_dagrun for example_skip_dag to 2024-05-05 00:00:00+00:00, run_after=2024-05-06 00:00:00+00:00
[2024-05-06T18:29:28.487+0000] {processor.py:183} INFO - Processing /home/airflow/.local/lib/python3.12/site-packages/airflow/example_dags/example_skip_dag.py took 0.037 seconds
[2024-05-06T19:02:51.070+0000] {processor.py:161} INFO - Started process (PID=3304) to work on /home/airflow/.local/lib/python3.12/site-packages/airflow/example_dags/example_skip_dag.py
[2024-05-06T19:02:51.070+0000] {processor.py:830} INFO - Processing file /home/airflow/.local/lib/python3.12/site-packages/airflow/example_dags/example_skip_dag.py for tasks to queue
[2024-05-06T19:02:51.071+0000] {logging_mixin.py:188} INFO - [2024-05-06T19:02:51.071+0000] {dagbag.py:540} INFO - Filling up the DagBag from /home/airflow/.local/lib/python3.12/site-packages/airflow/example_dags/example_skip_dag.py
[2024-05-06T19:02:51.075+0000] {processor.py:840} INFO - DAG(s) 'example_skip_dag' retrieved from /home/airflow/.local/lib/python3.12/site-packages/airflow/example_dags/example_skip_dag.py
[2024-05-06T19:02:51.085+0000] {logging_mixin.py:188} INFO - [2024-05-06T19:02:51.085+0000] {dag.py:3096} INFO - Sync 1 DAGs
[2024-05-06T19:02:51.096+0000] {logging_mixin.py:188} INFO - [2024-05-06T19:02:51.096+0000] {dag.py:3954} INFO - Setting next_dagrun for example_skip_dag to 2024-05-05 00:00:00+00:00, run_after=2024-05-06 00:00:00+00:00
[2024-05-06T19:02:51.104+0000] {processor.py:183} INFO - Processing /home/airflow/.local/lib/python3.12/site-packages/airflow/example_dags/example_skip_dag.py took 0.037 seconds
[2024-05-06T19:24:26.762+0000] {processor.py:161} INFO - Started process (PID=3362) to work on /home/airflow/.local/lib/python3.12/site-packages/airflow/example_dags/example_skip_dag.py
[2024-05-06T19:24:26.762+0000] {processor.py:830} INFO - Processing file /home/airflow/.local/lib/python3.12/site-packages/airflow/example_dags/example_skip_dag.py for tasks to queue
[2024-05-06T19:24:26.763+0000] {logging_mixin.py:188} INFO - [2024-05-06T19:24:26.763+0000] {dagbag.py:540} INFO - Filling up the DagBag from /home/airflow/.local/lib/python3.12/site-packages/airflow/example_dags/example_skip_dag.py
[2024-05-06T19:24:26.767+0000] {processor.py:840} INFO - DAG(s) 'example_skip_dag' retrieved from /home/airflow/.local/lib/python3.12/site-packages/airflow/example_dags/example_skip_dag.py
[2024-05-06T19:24:26.777+0000] {logging_mixin.py:188} INFO - [2024-05-06T19:24:26.777+0000] {dag.py:3096} INFO - Sync 1 DAGs
[2024-05-06T19:24:26.787+0000] {logging_mixin.py:188} INFO - [2024-05-06T19:24:26.787+0000] {dag.py:3954} INFO - Setting next_dagrun for example_skip_dag to 2024-05-05 00:00:00+00:00, run_after=2024-05-06 00:00:00+00:00
[2024-05-06T19:24:26.795+0000] {processor.py:183} INFO - Processing /home/airflow/.local/lib/python3.12/site-packages/airflow/example_dags/example_skip_dag.py took 0.037 seconds
[2024-05-06T19:30:02.037+0000] {processor.py:161} INFO - Started process (PID=3420) to work on /home/airflow/.local/lib/python3.12/site-packages/airflow/example_dags/example_skip_dag.py
[2024-05-06T19:30:02.037+0000] {processor.py:830} INFO - Processing file /home/airflow/.local/lib/python3.12/site-packages/airflow/example_dags/example_skip_dag.py for tasks to queue
[2024-05-06T19:30:02.039+0000] {logging_mixin.py:188} INFO - [2024-05-06T19:30:02.038+0000] {dagbag.py:540} INFO - Filling up the DagBag from /home/airflow/.local/lib/python3.12/site-packages/airflow/example_dags/example_skip_dag.py
[2024-05-06T19:30:02.042+0000] {processor.py:840} INFO - DAG(s) 'example_skip_dag' retrieved from /home/airflow/.local/lib/python3.12/site-packages/airflow/example_dags/example_skip_dag.py
[2024-05-06T19:30:02.053+0000] {logging_mixin.py:188} INFO - [2024-05-06T19:30:02.053+0000] {dag.py:3096} INFO - Sync 1 DAGs
[2024-05-06T19:30:02.063+0000] {logging_mixin.py:188} INFO - [2024-05-06T19:30:02.063+0000] {dag.py:3954} INFO - Setting next_dagrun for example_skip_dag to 2024-05-05 00:00:00+00:00, run_after=2024-05-06 00:00:00+00:00
[2024-05-06T19:30:02.071+0000] {processor.py:183} INFO - Processing /home/airflow/.local/lib/python3.12/site-packages/airflow/example_dags/example_skip_dag.py took 0.037 seconds
[2024-05-06T19:34:22.541+0000] {processor.py:161} INFO - Started process (PID=3477) to work on /home/airflow/.local/lib/python3.12/site-packages/airflow/example_dags/example_skip_dag.py
[2024-05-06T19:34:22.541+0000] {processor.py:830} INFO - Processing file /home/airflow/.local/lib/python3.12/site-packages/airflow/example_dags/example_skip_dag.py for tasks to queue
[2024-05-06T19:34:22.542+0000] {logging_mixin.py:188} INFO - [2024-05-06T19:34:22.542+0000] {dagbag.py:540} INFO - Filling up the DagBag from /home/airflow/.local/lib/python3.12/site-packages/airflow/example_dags/example_skip_dag.py
[2024-05-06T19:34:22.545+0000] {processor.py:840} INFO - DAG(s) 'example_skip_dag' retrieved from /home/airflow/.local/lib/python3.12/site-packages/airflow/example_dags/example_skip_dag.py
[2024-05-06T19:34:22.555+0000] {logging_mixin.py:188} INFO - [2024-05-06T19:34:22.555+0000] {dag.py:3096} INFO - Sync 1 DAGs
[2024-05-06T19:34:22.564+0000] {logging_mixin.py:188} INFO - [2024-05-06T19:34:22.564+0000] {dag.py:3954} INFO - Setting next_dagrun for example_skip_dag to 2024-05-05 00:00:00+00:00, run_after=2024-05-06 00:00:00+00:00
[2024-05-06T19:34:22.571+0000] {processor.py:183} INFO - Processing /home/airflow/.local/lib/python3.12/site-packages/airflow/example_dags/example_skip_dag.py took 0.033 seconds
[2024-05-06T19:52:32.824+0000] {processor.py:161} INFO - Started process (PID=3534) to work on /home/airflow/.local/lib/python3.12/site-packages/airflow/example_dags/example_skip_dag.py
[2024-05-06T19:52:32.825+0000] {processor.py:830} INFO - Processing file /home/airflow/.local/lib/python3.12/site-packages/airflow/example_dags/example_skip_dag.py for tasks to queue
[2024-05-06T19:52:32.826+0000] {logging_mixin.py:188} INFO - [2024-05-06T19:52:32.826+0000] {dagbag.py:540} INFO - Filling up the DagBag from /home/airflow/.local/lib/python3.12/site-packages/airflow/example_dags/example_skip_dag.py
[2024-05-06T19:52:32.829+0000] {processor.py:840} INFO - DAG(s) 'example_skip_dag' retrieved from /home/airflow/.local/lib/python3.12/site-packages/airflow/example_dags/example_skip_dag.py
[2024-05-06T19:52:32.840+0000] {logging_mixin.py:188} INFO - [2024-05-06T19:52:32.839+0000] {dag.py:3096} INFO - Sync 1 DAGs
[2024-05-06T19:52:32.850+0000] {logging_mixin.py:188} INFO - [2024-05-06T19:52:32.850+0000] {dag.py:3954} INFO - Setting next_dagrun for example_skip_dag to 2024-05-05 00:00:00+00:00, run_after=2024-05-06 00:00:00+00:00
[2024-05-06T19:52:32.858+0000] {processor.py:183} INFO - Processing /home/airflow/.local/lib/python3.12/site-packages/airflow/example_dags/example_skip_dag.py took 0.037 seconds
