[2024-05-06T17:59:09.392+0000] {processor.py:161} INFO - Started process (PID=57) to work on /home/airflow/.local/lib/python3.12/site-packages/airflow/example_dags/example_latest_only_with_trigger.py
[2024-05-06T17:59:09.393+0000] {processor.py:830} INFO - Processing file /home/airflow/.local/lib/python3.12/site-packages/airflow/example_dags/example_latest_only_with_trigger.py for tasks to queue
[2024-05-06T17:59:09.394+0000] {logging_mixin.py:188} INFO - [2024-05-06T17:59:09.393+0000] {dagbag.py:540} INFO - Filling up the DagBag from /home/airflow/.local/lib/python3.12/site-packages/airflow/example_dags/example_latest_only_with_trigger.py
[2024-05-06T17:59:09.398+0000] {processor.py:840} INFO - DAG(s) 'latest_only_with_trigger' retrieved from /home/airflow/.local/lib/python3.12/site-packages/airflow/example_dags/example_latest_only_with_trigger.py
[2024-05-06T17:59:09.441+0000] {logging_mixin.py:188} INFO - [2024-05-06T17:59:09.441+0000] {override.py:1829} INFO - Created Permission View: can delete on DAG:latest_only_with_trigger
[2024-05-06T17:59:09.445+0000] {logging_mixin.py:188} INFO - [2024-05-06T17:59:09.445+0000] {override.py:1829} INFO - Created Permission View: can edit on DAG:latest_only_with_trigger
[2024-05-06T17:59:09.447+0000] {logging_mixin.py:188} INFO - [2024-05-06T17:59:09.447+0000] {override.py:1829} INFO - Created Permission View: can read on DAG:latest_only_with_trigger
[2024-05-06T17:59:09.447+0000] {logging_mixin.py:188} INFO - [2024-05-06T17:59:09.447+0000] {dag.py:3096} INFO - Sync 1 DAGs
[2024-05-06T17:59:09.452+0000] {logging_mixin.py:188} INFO - [2024-05-06T17:59:09.452+0000] {dag.py:3118} INFO - Creating ORM DAG for latest_only_with_trigger
[2024-05-06T17:59:09.456+0000] {logging_mixin.py:188} INFO - [2024-05-06T17:59:09.456+0000] {dag.py:3954} INFO - Setting next_dagrun for latest_only_with_trigger to 2024-05-06 12:00:00+00:00, run_after=2024-05-06 16:00:00+00:00
[2024-05-06T17:59:09.462+0000] {processor.py:183} INFO - Processing /home/airflow/.local/lib/python3.12/site-packages/airflow/example_dags/example_latest_only_with_trigger.py took 0.073 seconds
[2024-05-06T17:59:40.429+0000] {processor.py:161} INFO - Started process (PID=114) to work on /home/airflow/.local/lib/python3.12/site-packages/airflow/example_dags/example_latest_only_with_trigger.py
[2024-05-06T17:59:40.430+0000] {processor.py:830} INFO - Processing file /home/airflow/.local/lib/python3.12/site-packages/airflow/example_dags/example_latest_only_with_trigger.py for tasks to queue
[2024-05-06T17:59:40.433+0000] {logging_mixin.py:188} INFO - [2024-05-06T17:59:40.433+0000] {dagbag.py:540} INFO - Filling up the DagBag from /home/airflow/.local/lib/python3.12/site-packages/airflow/example_dags/example_latest_only_with_trigger.py
[2024-05-06T17:59:40.440+0000] {processor.py:840} INFO - DAG(s) 'latest_only_with_trigger' retrieved from /home/airflow/.local/lib/python3.12/site-packages/airflow/example_dags/example_latest_only_with_trigger.py
[2024-05-06T17:59:40.459+0000] {logging_mixin.py:188} INFO - [2024-05-06T17:59:40.459+0000] {dag.py:3096} INFO - Sync 1 DAGs
[2024-05-06T17:59:40.473+0000] {logging_mixin.py:188} INFO - [2024-05-06T17:59:40.473+0000] {dag.py:3954} INFO - Setting next_dagrun for latest_only_with_trigger to 2024-05-06 12:00:00+00:00, run_after=2024-05-06 16:00:00+00:00
[2024-05-06T17:59:40.482+0000] {processor.py:183} INFO - Processing /home/airflow/.local/lib/python3.12/site-packages/airflow/example_dags/example_latest_only_with_trigger.py took 0.062 seconds
[2024-05-06T18:00:11.112+0000] {processor.py:161} INFO - Started process (PID=172) to work on /home/airflow/.local/lib/python3.12/site-packages/airflow/example_dags/example_latest_only_with_trigger.py
[2024-05-06T18:00:11.114+0000] {processor.py:830} INFO - Processing file /home/airflow/.local/lib/python3.12/site-packages/airflow/example_dags/example_latest_only_with_trigger.py for tasks to queue
[2024-05-06T18:00:11.117+0000] {logging_mixin.py:188} INFO - [2024-05-06T18:00:11.116+0000] {dagbag.py:540} INFO - Filling up the DagBag from /home/airflow/.local/lib/python3.12/site-packages/airflow/example_dags/example_latest_only_with_trigger.py
[2024-05-06T18:00:11.124+0000] {processor.py:840} INFO - DAG(s) 'latest_only_with_trigger' retrieved from /home/airflow/.local/lib/python3.12/site-packages/airflow/example_dags/example_latest_only_with_trigger.py
[2024-05-06T18:00:11.142+0000] {logging_mixin.py:188} INFO - [2024-05-06T18:00:11.142+0000] {dag.py:3096} INFO - Sync 1 DAGs
[2024-05-06T18:00:11.157+0000] {logging_mixin.py:188} INFO - [2024-05-06T18:00:11.157+0000] {dag.py:3954} INFO - Setting next_dagrun for latest_only_with_trigger to 2024-05-06 12:00:00+00:00, run_after=2024-05-06 16:00:00+00:00
[2024-05-06T18:00:11.167+0000] {processor.py:183} INFO - Processing /home/airflow/.local/lib/python3.12/site-packages/airflow/example_dags/example_latest_only_with_trigger.py took 0.062 seconds
[2024-05-06T18:00:41.631+0000] {processor.py:161} INFO - Started process (PID=230) to work on /home/airflow/.local/lib/python3.12/site-packages/airflow/example_dags/example_latest_only_with_trigger.py
[2024-05-06T18:00:41.633+0000] {processor.py:830} INFO - Processing file /home/airflow/.local/lib/python3.12/site-packages/airflow/example_dags/example_latest_only_with_trigger.py for tasks to queue
[2024-05-06T18:00:41.636+0000] {logging_mixin.py:188} INFO - [2024-05-06T18:00:41.635+0000] {dagbag.py:540} INFO - Filling up the DagBag from /home/airflow/.local/lib/python3.12/site-packages/airflow/example_dags/example_latest_only_with_trigger.py
[2024-05-06T18:00:41.644+0000] {processor.py:840} INFO - DAG(s) 'latest_only_with_trigger' retrieved from /home/airflow/.local/lib/python3.12/site-packages/airflow/example_dags/example_latest_only_with_trigger.py
[2024-05-06T18:00:41.663+0000] {logging_mixin.py:188} INFO - [2024-05-06T18:00:41.663+0000] {dag.py:3096} INFO - Sync 1 DAGs
[2024-05-06T18:00:41.678+0000] {logging_mixin.py:188} INFO - [2024-05-06T18:00:41.677+0000] {dag.py:3954} INFO - Setting next_dagrun for latest_only_with_trigger to 2024-05-06 12:00:00+00:00, run_after=2024-05-06 16:00:00+00:00
[2024-05-06T18:00:41.695+0000] {processor.py:183} INFO - Processing /home/airflow/.local/lib/python3.12/site-packages/airflow/example_dags/example_latest_only_with_trigger.py took 0.073 seconds
[2024-05-06T18:01:12.246+0000] {processor.py:161} INFO - Started process (PID=288) to work on /home/airflow/.local/lib/python3.12/site-packages/airflow/example_dags/example_latest_only_with_trigger.py
[2024-05-06T18:01:12.247+0000] {processor.py:830} INFO - Processing file /home/airflow/.local/lib/python3.12/site-packages/airflow/example_dags/example_latest_only_with_trigger.py for tasks to queue
[2024-05-06T18:01:12.249+0000] {logging_mixin.py:188} INFO - [2024-05-06T18:01:12.248+0000] {dagbag.py:540} INFO - Filling up the DagBag from /home/airflow/.local/lib/python3.12/site-packages/airflow/example_dags/example_latest_only_with_trigger.py
[2024-05-06T18:01:12.253+0000] {processor.py:840} INFO - DAG(s) 'latest_only_with_trigger' retrieved from /home/airflow/.local/lib/python3.12/site-packages/airflow/example_dags/example_latest_only_with_trigger.py
[2024-05-06T18:01:12.268+0000] {logging_mixin.py:188} INFO - [2024-05-06T18:01:12.268+0000] {dag.py:3096} INFO - Sync 1 DAGs
[2024-05-06T18:01:12.280+0000] {logging_mixin.py:188} INFO - [2024-05-06T18:01:12.280+0000] {dag.py:3954} INFO - Setting next_dagrun for latest_only_with_trigger to 2024-05-06 12:00:00+00:00, run_after=2024-05-06 16:00:00+00:00
[2024-05-06T18:01:12.289+0000] {processor.py:183} INFO - Processing /home/airflow/.local/lib/python3.12/site-packages/airflow/example_dags/example_latest_only_with_trigger.py took 0.049 seconds
[2024-05-06T18:01:42.875+0000] {processor.py:161} INFO - Started process (PID=346) to work on /home/airflow/.local/lib/python3.12/site-packages/airflow/example_dags/example_latest_only_with_trigger.py
[2024-05-06T18:01:42.876+0000] {processor.py:830} INFO - Processing file /home/airflow/.local/lib/python3.12/site-packages/airflow/example_dags/example_latest_only_with_trigger.py for tasks to queue
[2024-05-06T18:01:42.879+0000] {logging_mixin.py:188} INFO - [2024-05-06T18:01:42.878+0000] {dagbag.py:540} INFO - Filling up the DagBag from /home/airflow/.local/lib/python3.12/site-packages/airflow/example_dags/example_latest_only_with_trigger.py
[2024-05-06T18:01:42.886+0000] {processor.py:840} INFO - DAG(s) 'latest_only_with_trigger' retrieved from /home/airflow/.local/lib/python3.12/site-packages/airflow/example_dags/example_latest_only_with_trigger.py
[2024-05-06T18:01:42.904+0000] {logging_mixin.py:188} INFO - [2024-05-06T18:01:42.904+0000] {dag.py:3096} INFO - Sync 1 DAGs
[2024-05-06T18:01:42.919+0000] {logging_mixin.py:188} INFO - [2024-05-06T18:01:42.918+0000] {dag.py:3954} INFO - Setting next_dagrun for latest_only_with_trigger to 2024-05-06 12:00:00+00:00, run_after=2024-05-06 16:00:00+00:00
[2024-05-06T18:01:42.928+0000] {processor.py:183} INFO - Processing /home/airflow/.local/lib/python3.12/site-packages/airflow/example_dags/example_latest_only_with_trigger.py took 0.062 seconds
[2024-05-06T18:02:13.524+0000] {processor.py:161} INFO - Started process (PID=404) to work on /home/airflow/.local/lib/python3.12/site-packages/airflow/example_dags/example_latest_only_with_trigger.py
[2024-05-06T18:02:13.525+0000] {processor.py:830} INFO - Processing file /home/airflow/.local/lib/python3.12/site-packages/airflow/example_dags/example_latest_only_with_trigger.py for tasks to queue
[2024-05-06T18:02:13.528+0000] {logging_mixin.py:188} INFO - [2024-05-06T18:02:13.527+0000] {dagbag.py:540} INFO - Filling up the DagBag from /home/airflow/.local/lib/python3.12/site-packages/airflow/example_dags/example_latest_only_with_trigger.py
[2024-05-06T18:02:13.534+0000] {processor.py:840} INFO - DAG(s) 'latest_only_with_trigger' retrieved from /home/airflow/.local/lib/python3.12/site-packages/airflow/example_dags/example_latest_only_with_trigger.py
[2024-05-06T18:02:13.553+0000] {logging_mixin.py:188} INFO - [2024-05-06T18:02:13.553+0000] {dag.py:3096} INFO - Sync 1 DAGs
[2024-05-06T18:02:13.567+0000] {logging_mixin.py:188} INFO - [2024-05-06T18:02:13.566+0000] {dag.py:3954} INFO - Setting next_dagrun for latest_only_with_trigger to 2024-05-06 12:00:00+00:00, run_after=2024-05-06 16:00:00+00:00
[2024-05-06T18:02:13.576+0000] {processor.py:183} INFO - Processing /home/airflow/.local/lib/python3.12/site-packages/airflow/example_dags/example_latest_only_with_trigger.py took 0.061 seconds
[2024-05-06T18:02:44.132+0000] {processor.py:161} INFO - Started process (PID=462) to work on /home/airflow/.local/lib/python3.12/site-packages/airflow/example_dags/example_latest_only_with_trigger.py
[2024-05-06T18:02:44.134+0000] {processor.py:830} INFO - Processing file /home/airflow/.local/lib/python3.12/site-packages/airflow/example_dags/example_latest_only_with_trigger.py for tasks to queue
[2024-05-06T18:02:44.136+0000] {logging_mixin.py:188} INFO - [2024-05-06T18:02:44.136+0000] {dagbag.py:540} INFO - Filling up the DagBag from /home/airflow/.local/lib/python3.12/site-packages/airflow/example_dags/example_latest_only_with_trigger.py
[2024-05-06T18:02:44.144+0000] {processor.py:840} INFO - DAG(s) 'latest_only_with_trigger' retrieved from /home/airflow/.local/lib/python3.12/site-packages/airflow/example_dags/example_latest_only_with_trigger.py
[2024-05-06T18:02:44.163+0000] {logging_mixin.py:188} INFO - [2024-05-06T18:02:44.163+0000] {dag.py:3096} INFO - Sync 1 DAGs
[2024-05-06T18:02:44.176+0000] {logging_mixin.py:188} INFO - [2024-05-06T18:02:44.176+0000] {dag.py:3954} INFO - Setting next_dagrun for latest_only_with_trigger to 2024-05-06 12:00:00+00:00, run_after=2024-05-06 16:00:00+00:00
[2024-05-06T18:02:44.186+0000] {processor.py:183} INFO - Processing /home/airflow/.local/lib/python3.12/site-packages/airflow/example_dags/example_latest_only_with_trigger.py took 0.063 seconds
[2024-05-06T18:03:14.664+0000] {processor.py:161} INFO - Started process (PID=520) to work on /home/airflow/.local/lib/python3.12/site-packages/airflow/example_dags/example_latest_only_with_trigger.py
[2024-05-06T18:03:14.665+0000] {processor.py:830} INFO - Processing file /home/airflow/.local/lib/python3.12/site-packages/airflow/example_dags/example_latest_only_with_trigger.py for tasks to queue
[2024-05-06T18:03:14.668+0000] {logging_mixin.py:188} INFO - [2024-05-06T18:03:14.667+0000] {dagbag.py:540} INFO - Filling up the DagBag from /home/airflow/.local/lib/python3.12/site-packages/airflow/example_dags/example_latest_only_with_trigger.py
[2024-05-06T18:03:14.674+0000] {processor.py:840} INFO - DAG(s) 'latest_only_with_trigger' retrieved from /home/airflow/.local/lib/python3.12/site-packages/airflow/example_dags/example_latest_only_with_trigger.py
[2024-05-06T18:03:14.692+0000] {logging_mixin.py:188} INFO - [2024-05-06T18:03:14.692+0000] {dag.py:3096} INFO - Sync 1 DAGs
[2024-05-06T18:03:14.706+0000] {logging_mixin.py:188} INFO - [2024-05-06T18:03:14.706+0000] {dag.py:3954} INFO - Setting next_dagrun for latest_only_with_trigger to 2024-05-06 12:00:00+00:00, run_after=2024-05-06 16:00:00+00:00
[2024-05-06T18:03:14.715+0000] {processor.py:183} INFO - Processing /home/airflow/.local/lib/python3.12/site-packages/airflow/example_dags/example_latest_only_with_trigger.py took 0.061 seconds
[2024-05-06T18:03:45.266+0000] {processor.py:161} INFO - Started process (PID=578) to work on /home/airflow/.local/lib/python3.12/site-packages/airflow/example_dags/example_latest_only_with_trigger.py
[2024-05-06T18:03:45.267+0000] {processor.py:830} INFO - Processing file /home/airflow/.local/lib/python3.12/site-packages/airflow/example_dags/example_latest_only_with_trigger.py for tasks to queue
[2024-05-06T18:03:45.270+0000] {logging_mixin.py:188} INFO - [2024-05-06T18:03:45.270+0000] {dagbag.py:540} INFO - Filling up the DagBag from /home/airflow/.local/lib/python3.12/site-packages/airflow/example_dags/example_latest_only_with_trigger.py
[2024-05-06T18:03:45.277+0000] {processor.py:840} INFO - DAG(s) 'latest_only_with_trigger' retrieved from /home/airflow/.local/lib/python3.12/site-packages/airflow/example_dags/example_latest_only_with_trigger.py
[2024-05-06T18:03:45.296+0000] {logging_mixin.py:188} INFO - [2024-05-06T18:03:45.296+0000] {dag.py:3096} INFO - Sync 1 DAGs
[2024-05-06T18:03:45.310+0000] {logging_mixin.py:188} INFO - [2024-05-06T18:03:45.310+0000] {dag.py:3954} INFO - Setting next_dagrun for latest_only_with_trigger to 2024-05-06 12:00:00+00:00, run_after=2024-05-06 16:00:00+00:00
[2024-05-06T18:03:45.320+0000] {processor.py:183} INFO - Processing /home/airflow/.local/lib/python3.12/site-packages/airflow/example_dags/example_latest_only_with_trigger.py took 0.063 seconds
[2024-05-06T18:04:15.949+0000] {processor.py:161} INFO - Started process (PID=636) to work on /home/airflow/.local/lib/python3.12/site-packages/airflow/example_dags/example_latest_only_with_trigger.py
[2024-05-06T18:04:15.950+0000] {processor.py:830} INFO - Processing file /home/airflow/.local/lib/python3.12/site-packages/airflow/example_dags/example_latest_only_with_trigger.py for tasks to queue
[2024-05-06T18:04:15.952+0000] {logging_mixin.py:188} INFO - [2024-05-06T18:04:15.952+0000] {dagbag.py:540} INFO - Filling up the DagBag from /home/airflow/.local/lib/python3.12/site-packages/airflow/example_dags/example_latest_only_with_trigger.py
[2024-05-06T18:04:15.958+0000] {processor.py:840} INFO - DAG(s) 'latest_only_with_trigger' retrieved from /home/airflow/.local/lib/python3.12/site-packages/airflow/example_dags/example_latest_only_with_trigger.py
[2024-05-06T18:04:15.973+0000] {logging_mixin.py:188} INFO - [2024-05-06T18:04:15.973+0000] {dag.py:3096} INFO - Sync 1 DAGs
[2024-05-06T18:04:15.985+0000] {logging_mixin.py:188} INFO - [2024-05-06T18:04:15.985+0000] {dag.py:3954} INFO - Setting next_dagrun for latest_only_with_trigger to 2024-05-06 12:00:00+00:00, run_after=2024-05-06 16:00:00+00:00
[2024-05-06T18:04:15.994+0000] {processor.py:183} INFO - Processing /home/airflow/.local/lib/python3.12/site-packages/airflow/example_dags/example_latest_only_with_trigger.py took 0.051 seconds
[2024-05-06T18:04:46.521+0000] {processor.py:161} INFO - Started process (PID=694) to work on /home/airflow/.local/lib/python3.12/site-packages/airflow/example_dags/example_latest_only_with_trigger.py
[2024-05-06T18:04:46.523+0000] {processor.py:830} INFO - Processing file /home/airflow/.local/lib/python3.12/site-packages/airflow/example_dags/example_latest_only_with_trigger.py for tasks to queue
[2024-05-06T18:04:46.525+0000] {logging_mixin.py:188} INFO - [2024-05-06T18:04:46.525+0000] {dagbag.py:540} INFO - Filling up the DagBag from /home/airflow/.local/lib/python3.12/site-packages/airflow/example_dags/example_latest_only_with_trigger.py
[2024-05-06T18:04:46.532+0000] {processor.py:840} INFO - DAG(s) 'latest_only_with_trigger' retrieved from /home/airflow/.local/lib/python3.12/site-packages/airflow/example_dags/example_latest_only_with_trigger.py
[2024-05-06T18:04:46.550+0000] {logging_mixin.py:188} INFO - [2024-05-06T18:04:46.550+0000] {dag.py:3096} INFO - Sync 1 DAGs
[2024-05-06T18:04:46.564+0000] {logging_mixin.py:188} INFO - [2024-05-06T18:04:46.564+0000] {dag.py:3954} INFO - Setting next_dagrun for latest_only_with_trigger to 2024-05-06 12:00:00+00:00, run_after=2024-05-06 16:00:00+00:00
[2024-05-06T18:04:46.573+0000] {processor.py:183} INFO - Processing /home/airflow/.local/lib/python3.12/site-packages/airflow/example_dags/example_latest_only_with_trigger.py took 0.060 seconds
[2024-05-06T18:05:17.125+0000] {processor.py:161} INFO - Started process (PID=752) to work on /home/airflow/.local/lib/python3.12/site-packages/airflow/example_dags/example_latest_only_with_trigger.py
[2024-05-06T18:05:17.126+0000] {processor.py:830} INFO - Processing file /home/airflow/.local/lib/python3.12/site-packages/airflow/example_dags/example_latest_only_with_trigger.py for tasks to queue
[2024-05-06T18:05:17.129+0000] {logging_mixin.py:188} INFO - [2024-05-06T18:05:17.129+0000] {dagbag.py:540} INFO - Filling up the DagBag from /home/airflow/.local/lib/python3.12/site-packages/airflow/example_dags/example_latest_only_with_trigger.py
[2024-05-06T18:05:17.137+0000] {processor.py:840} INFO - DAG(s) 'latest_only_with_trigger' retrieved from /home/airflow/.local/lib/python3.12/site-packages/airflow/example_dags/example_latest_only_with_trigger.py
[2024-05-06T18:05:17.156+0000] {logging_mixin.py:188} INFO - [2024-05-06T18:05:17.156+0000] {dag.py:3096} INFO - Sync 1 DAGs
[2024-05-06T18:05:17.170+0000] {logging_mixin.py:188} INFO - [2024-05-06T18:05:17.170+0000] {dag.py:3954} INFO - Setting next_dagrun for latest_only_with_trigger to 2024-05-06 12:00:00+00:00, run_after=2024-05-06 16:00:00+00:00
[2024-05-06T18:05:17.180+0000] {processor.py:183} INFO - Processing /home/airflow/.local/lib/python3.12/site-packages/airflow/example_dags/example_latest_only_with_trigger.py took 0.064 seconds
[2024-05-06T18:05:47.835+0000] {processor.py:161} INFO - Started process (PID=810) to work on /home/airflow/.local/lib/python3.12/site-packages/airflow/example_dags/example_latest_only_with_trigger.py
[2024-05-06T18:05:47.836+0000] {processor.py:830} INFO - Processing file /home/airflow/.local/lib/python3.12/site-packages/airflow/example_dags/example_latest_only_with_trigger.py for tasks to queue
[2024-05-06T18:05:47.839+0000] {logging_mixin.py:188} INFO - [2024-05-06T18:05:47.839+0000] {dagbag.py:540} INFO - Filling up the DagBag from /home/airflow/.local/lib/python3.12/site-packages/airflow/example_dags/example_latest_only_with_trigger.py
[2024-05-06T18:05:47.846+0000] {processor.py:840} INFO - DAG(s) 'latest_only_with_trigger' retrieved from /home/airflow/.local/lib/python3.12/site-packages/airflow/example_dags/example_latest_only_with_trigger.py
[2024-05-06T18:05:47.863+0000] {logging_mixin.py:188} INFO - [2024-05-06T18:05:47.863+0000] {dag.py:3096} INFO - Sync 1 DAGs
[2024-05-06T18:05:47.877+0000] {logging_mixin.py:188} INFO - [2024-05-06T18:05:47.877+0000] {dag.py:3954} INFO - Setting next_dagrun for latest_only_with_trigger to 2024-05-06 12:00:00+00:00, run_after=2024-05-06 16:00:00+00:00
[2024-05-06T18:05:47.894+0000] {processor.py:183} INFO - Processing /home/airflow/.local/lib/python3.12/site-packages/airflow/example_dags/example_latest_only_with_trigger.py took 0.068 seconds
[2024-05-06T18:06:17.958+0000] {processor.py:161} INFO - Started process (PID=868) to work on /home/airflow/.local/lib/python3.12/site-packages/airflow/example_dags/example_latest_only_with_trigger.py
[2024-05-06T18:06:17.959+0000] {processor.py:830} INFO - Processing file /home/airflow/.local/lib/python3.12/site-packages/airflow/example_dags/example_latest_only_with_trigger.py for tasks to queue
[2024-05-06T18:06:17.960+0000] {logging_mixin.py:188} INFO - [2024-05-06T18:06:17.960+0000] {dagbag.py:540} INFO - Filling up the DagBag from /home/airflow/.local/lib/python3.12/site-packages/airflow/example_dags/example_latest_only_with_trigger.py
[2024-05-06T18:06:17.963+0000] {processor.py:840} INFO - DAG(s) 'latest_only_with_trigger' retrieved from /home/airflow/.local/lib/python3.12/site-packages/airflow/example_dags/example_latest_only_with_trigger.py
[2024-05-06T18:06:17.973+0000] {logging_mixin.py:188} INFO - [2024-05-06T18:06:17.973+0000] {dag.py:3096} INFO - Sync 1 DAGs
[2024-05-06T18:06:17.984+0000] {logging_mixin.py:188} INFO - [2024-05-06T18:06:17.983+0000] {dag.py:3954} INFO - Setting next_dagrun for latest_only_with_trigger to 2024-05-06 12:00:00+00:00, run_after=2024-05-06 16:00:00+00:00
[2024-05-06T18:06:17.992+0000] {processor.py:183} INFO - Processing /home/airflow/.local/lib/python3.12/site-packages/airflow/example_dags/example_latest_only_with_trigger.py took 0.037 seconds
[2024-05-06T18:08:00.888+0000] {processor.py:161} INFO - Started process (PID=926) to work on /home/airflow/.local/lib/python3.12/site-packages/airflow/example_dags/example_latest_only_with_trigger.py
[2024-05-06T18:08:00.889+0000] {processor.py:830} INFO - Processing file /home/airflow/.local/lib/python3.12/site-packages/airflow/example_dags/example_latest_only_with_trigger.py for tasks to queue
[2024-05-06T18:08:00.890+0000] {logging_mixin.py:188} INFO - [2024-05-06T18:08:00.889+0000] {dagbag.py:540} INFO - Filling up the DagBag from /home/airflow/.local/lib/python3.12/site-packages/airflow/example_dags/example_latest_only_with_trigger.py
[2024-05-06T18:08:00.893+0000] {processor.py:840} INFO - DAG(s) 'latest_only_with_trigger' retrieved from /home/airflow/.local/lib/python3.12/site-packages/airflow/example_dags/example_latest_only_with_trigger.py
[2024-05-06T18:08:00.903+0000] {logging_mixin.py:188} INFO - [2024-05-06T18:08:00.903+0000] {dag.py:3096} INFO - Sync 1 DAGs
[2024-05-06T18:08:00.914+0000] {logging_mixin.py:188} INFO - [2024-05-06T18:08:00.914+0000] {dag.py:3954} INFO - Setting next_dagrun for latest_only_with_trigger to 2024-05-06 12:00:00+00:00, run_after=2024-05-06 16:00:00+00:00
[2024-05-06T18:08:01.018+0000] {processor.py:183} INFO - Processing /home/airflow/.local/lib/python3.12/site-packages/airflow/example_dags/example_latest_only_with_trigger.py took 0.134 seconds
[2024-05-06T18:08:31.823+0000] {processor.py:161} INFO - Started process (PID=984) to work on /home/airflow/.local/lib/python3.12/site-packages/airflow/example_dags/example_latest_only_with_trigger.py
[2024-05-06T18:08:31.824+0000] {processor.py:830} INFO - Processing file /home/airflow/.local/lib/python3.12/site-packages/airflow/example_dags/example_latest_only_with_trigger.py for tasks to queue
[2024-05-06T18:08:31.825+0000] {logging_mixin.py:188} INFO - [2024-05-06T18:08:31.825+0000] {dagbag.py:540} INFO - Filling up the DagBag from /home/airflow/.local/lib/python3.12/site-packages/airflow/example_dags/example_latest_only_with_trigger.py
[2024-05-06T18:08:31.828+0000] {processor.py:840} INFO - DAG(s) 'latest_only_with_trigger' retrieved from /home/airflow/.local/lib/python3.12/site-packages/airflow/example_dags/example_latest_only_with_trigger.py
[2024-05-06T18:08:31.838+0000] {logging_mixin.py:188} INFO - [2024-05-06T18:08:31.838+0000] {dag.py:3096} INFO - Sync 1 DAGs
[2024-05-06T18:08:31.847+0000] {logging_mixin.py:188} INFO - [2024-05-06T18:08:31.847+0000] {dag.py:3954} INFO - Setting next_dagrun for latest_only_with_trigger to 2024-05-06 12:00:00+00:00, run_after=2024-05-06 16:00:00+00:00
[2024-05-06T18:08:31.856+0000] {processor.py:183} INFO - Processing /home/airflow/.local/lib/python3.12/site-packages/airflow/example_dags/example_latest_only_with_trigger.py took 0.036 seconds
[2024-05-06T18:09:01.897+0000] {processor.py:161} INFO - Started process (PID=1042) to work on /home/airflow/.local/lib/python3.12/site-packages/airflow/example_dags/example_latest_only_with_trigger.py
[2024-05-06T18:09:01.898+0000] {processor.py:830} INFO - Processing file /home/airflow/.local/lib/python3.12/site-packages/airflow/example_dags/example_latest_only_with_trigger.py for tasks to queue
[2024-05-06T18:09:01.899+0000] {logging_mixin.py:188} INFO - [2024-05-06T18:09:01.899+0000] {dagbag.py:540} INFO - Filling up the DagBag from /home/airflow/.local/lib/python3.12/site-packages/airflow/example_dags/example_latest_only_with_trigger.py
[2024-05-06T18:09:01.902+0000] {processor.py:840} INFO - DAG(s) 'latest_only_with_trigger' retrieved from /home/airflow/.local/lib/python3.12/site-packages/airflow/example_dags/example_latest_only_with_trigger.py
[2024-05-06T18:09:01.911+0000] {logging_mixin.py:188} INFO - [2024-05-06T18:09:01.911+0000] {dag.py:3096} INFO - Sync 1 DAGs
[2024-05-06T18:09:01.921+0000] {logging_mixin.py:188} INFO - [2024-05-06T18:09:01.921+0000] {dag.py:3954} INFO - Setting next_dagrun for latest_only_with_trigger to 2024-05-06 12:00:00+00:00, run_after=2024-05-06 16:00:00+00:00
[2024-05-06T18:09:01.930+0000] {processor.py:183} INFO - Processing /home/airflow/.local/lib/python3.12/site-packages/airflow/example_dags/example_latest_only_with_trigger.py took 0.035 seconds
[2024-05-06T18:09:32.591+0000] {processor.py:161} INFO - Started process (PID=1100) to work on /home/airflow/.local/lib/python3.12/site-packages/airflow/example_dags/example_latest_only_with_trigger.py
[2024-05-06T18:09:32.592+0000] {processor.py:830} INFO - Processing file /home/airflow/.local/lib/python3.12/site-packages/airflow/example_dags/example_latest_only_with_trigger.py for tasks to queue
[2024-05-06T18:09:32.593+0000] {logging_mixin.py:188} INFO - [2024-05-06T18:09:32.593+0000] {dagbag.py:540} INFO - Filling up the DagBag from /home/airflow/.local/lib/python3.12/site-packages/airflow/example_dags/example_latest_only_with_trigger.py
[2024-05-06T18:09:32.596+0000] {processor.py:840} INFO - DAG(s) 'latest_only_with_trigger' retrieved from /home/airflow/.local/lib/python3.12/site-packages/airflow/example_dags/example_latest_only_with_trigger.py
[2024-05-06T18:09:32.605+0000] {logging_mixin.py:188} INFO - [2024-05-06T18:09:32.605+0000] {dag.py:3096} INFO - Sync 1 DAGs
[2024-05-06T18:09:32.615+0000] {logging_mixin.py:188} INFO - [2024-05-06T18:09:32.615+0000] {dag.py:3954} INFO - Setting next_dagrun for latest_only_with_trigger to 2024-05-06 12:00:00+00:00, run_after=2024-05-06 16:00:00+00:00
[2024-05-06T18:09:32.623+0000] {processor.py:183} INFO - Processing /home/airflow/.local/lib/python3.12/site-packages/airflow/example_dags/example_latest_only_with_trigger.py took 0.035 seconds
[2024-05-06T18:10:03.203+0000] {processor.py:161} INFO - Started process (PID=1158) to work on /home/airflow/.local/lib/python3.12/site-packages/airflow/example_dags/example_latest_only_with_trigger.py
[2024-05-06T18:10:03.203+0000] {processor.py:830} INFO - Processing file /home/airflow/.local/lib/python3.12/site-packages/airflow/example_dags/example_latest_only_with_trigger.py for tasks to queue
[2024-05-06T18:10:03.205+0000] {logging_mixin.py:188} INFO - [2024-05-06T18:10:03.204+0000] {dagbag.py:540} INFO - Filling up the DagBag from /home/airflow/.local/lib/python3.12/site-packages/airflow/example_dags/example_latest_only_with_trigger.py
[2024-05-06T18:10:03.208+0000] {processor.py:840} INFO - DAG(s) 'latest_only_with_trigger' retrieved from /home/airflow/.local/lib/python3.12/site-packages/airflow/example_dags/example_latest_only_with_trigger.py
[2024-05-06T18:10:03.217+0000] {logging_mixin.py:188} INFO - [2024-05-06T18:10:03.217+0000] {dag.py:3096} INFO - Sync 1 DAGs
[2024-05-06T18:10:03.227+0000] {logging_mixin.py:188} INFO - [2024-05-06T18:10:03.227+0000] {dag.py:3954} INFO - Setting next_dagrun for latest_only_with_trigger to 2024-05-06 12:00:00+00:00, run_after=2024-05-06 16:00:00+00:00
[2024-05-06T18:10:03.235+0000] {processor.py:183} INFO - Processing /home/airflow/.local/lib/python3.12/site-packages/airflow/example_dags/example_latest_only_with_trigger.py took 0.035 seconds
[2024-05-06T18:10:33.828+0000] {processor.py:161} INFO - Started process (PID=1216) to work on /home/airflow/.local/lib/python3.12/site-packages/airflow/example_dags/example_latest_only_with_trigger.py
[2024-05-06T18:10:33.831+0000] {processor.py:830} INFO - Processing file /home/airflow/.local/lib/python3.12/site-packages/airflow/example_dags/example_latest_only_with_trigger.py for tasks to queue
[2024-05-06T18:10:33.832+0000] {logging_mixin.py:188} INFO - [2024-05-06T18:10:33.832+0000] {dagbag.py:540} INFO - Filling up the DagBag from /home/airflow/.local/lib/python3.12/site-packages/airflow/example_dags/example_latest_only_with_trigger.py
[2024-05-06T18:10:33.835+0000] {processor.py:840} INFO - DAG(s) 'latest_only_with_trigger' retrieved from /home/airflow/.local/lib/python3.12/site-packages/airflow/example_dags/example_latest_only_with_trigger.py
[2024-05-06T18:10:33.845+0000] {logging_mixin.py:188} INFO - [2024-05-06T18:10:33.845+0000] {dag.py:3096} INFO - Sync 1 DAGs
[2024-05-06T18:10:33.855+0000] {logging_mixin.py:188} INFO - [2024-05-06T18:10:33.855+0000] {dag.py:3954} INFO - Setting next_dagrun for latest_only_with_trigger to 2024-05-06 12:00:00+00:00, run_after=2024-05-06 16:00:00+00:00
[2024-05-06T18:10:33.863+0000] {processor.py:183} INFO - Processing /home/airflow/.local/lib/python3.12/site-packages/airflow/example_dags/example_latest_only_with_trigger.py took 0.037 seconds
[2024-05-06T18:11:04.370+0000] {processor.py:161} INFO - Started process (PID=1274) to work on /home/airflow/.local/lib/python3.12/site-packages/airflow/example_dags/example_latest_only_with_trigger.py
[2024-05-06T18:11:04.370+0000] {processor.py:830} INFO - Processing file /home/airflow/.local/lib/python3.12/site-packages/airflow/example_dags/example_latest_only_with_trigger.py for tasks to queue
[2024-05-06T18:11:04.372+0000] {logging_mixin.py:188} INFO - [2024-05-06T18:11:04.372+0000] {dagbag.py:540} INFO - Filling up the DagBag from /home/airflow/.local/lib/python3.12/site-packages/airflow/example_dags/example_latest_only_with_trigger.py
[2024-05-06T18:11:04.377+0000] {processor.py:840} INFO - DAG(s) 'latest_only_with_trigger' retrieved from /home/airflow/.local/lib/python3.12/site-packages/airflow/example_dags/example_latest_only_with_trigger.py
[2024-05-06T18:11:04.388+0000] {logging_mixin.py:188} INFO - [2024-05-06T18:11:04.387+0000] {dag.py:3096} INFO - Sync 1 DAGs
[2024-05-06T18:11:04.398+0000] {logging_mixin.py:188} INFO - [2024-05-06T18:11:04.398+0000] {dag.py:3954} INFO - Setting next_dagrun for latest_only_with_trigger to 2024-05-06 12:00:00+00:00, run_after=2024-05-06 16:00:00+00:00
[2024-05-06T18:11:04.406+0000] {processor.py:183} INFO - Processing /home/airflow/.local/lib/python3.12/site-packages/airflow/example_dags/example_latest_only_with_trigger.py took 0.039 seconds
[2024-05-06T18:11:35.004+0000] {processor.py:161} INFO - Started process (PID=1331) to work on /home/airflow/.local/lib/python3.12/site-packages/airflow/example_dags/example_latest_only_with_trigger.py
[2024-05-06T18:11:35.004+0000] {processor.py:830} INFO - Processing file /home/airflow/.local/lib/python3.12/site-packages/airflow/example_dags/example_latest_only_with_trigger.py for tasks to queue
[2024-05-06T18:11:35.005+0000] {logging_mixin.py:188} INFO - [2024-05-06T18:11:35.005+0000] {dagbag.py:540} INFO - Filling up the DagBag from /home/airflow/.local/lib/python3.12/site-packages/airflow/example_dags/example_latest_only_with_trigger.py
[2024-05-06T18:11:35.009+0000] {processor.py:840} INFO - DAG(s) 'latest_only_with_trigger' retrieved from /home/airflow/.local/lib/python3.12/site-packages/airflow/example_dags/example_latest_only_with_trigger.py
[2024-05-06T18:11:35.019+0000] {logging_mixin.py:188} INFO - [2024-05-06T18:11:35.019+0000] {dag.py:3096} INFO - Sync 1 DAGs
[2024-05-06T18:11:35.030+0000] {logging_mixin.py:188} INFO - [2024-05-06T18:11:35.030+0000] {dag.py:3954} INFO - Setting next_dagrun for latest_only_with_trigger to 2024-05-06 12:00:00+00:00, run_after=2024-05-06 16:00:00+00:00
[2024-05-06T18:11:35.038+0000] {processor.py:183} INFO - Processing /home/airflow/.local/lib/python3.12/site-packages/airflow/example_dags/example_latest_only_with_trigger.py took 0.037 seconds
[2024-05-06T18:12:05.578+0000] {processor.py:161} INFO - Started process (PID=1388) to work on /home/airflow/.local/lib/python3.12/site-packages/airflow/example_dags/example_latest_only_with_trigger.py
[2024-05-06T18:12:05.578+0000] {processor.py:830} INFO - Processing file /home/airflow/.local/lib/python3.12/site-packages/airflow/example_dags/example_latest_only_with_trigger.py for tasks to queue
[2024-05-06T18:12:05.580+0000] {logging_mixin.py:188} INFO - [2024-05-06T18:12:05.579+0000] {dagbag.py:540} INFO - Filling up the DagBag from /home/airflow/.local/lib/python3.12/site-packages/airflow/example_dags/example_latest_only_with_trigger.py
[2024-05-06T18:12:05.583+0000] {processor.py:840} INFO - DAG(s) 'latest_only_with_trigger' retrieved from /home/airflow/.local/lib/python3.12/site-packages/airflow/example_dags/example_latest_only_with_trigger.py
[2024-05-06T18:12:05.593+0000] {logging_mixin.py:188} INFO - [2024-05-06T18:12:05.593+0000] {dag.py:3096} INFO - Sync 1 DAGs
[2024-05-06T18:12:05.604+0000] {logging_mixin.py:188} INFO - [2024-05-06T18:12:05.604+0000] {dag.py:3954} INFO - Setting next_dagrun for latest_only_with_trigger to 2024-05-06 12:00:00+00:00, run_after=2024-05-06 16:00:00+00:00
[2024-05-06T18:12:05.613+0000] {processor.py:183} INFO - Processing /home/airflow/.local/lib/python3.12/site-packages/airflow/example_dags/example_latest_only_with_trigger.py took 0.038 seconds
[2024-05-06T18:12:36.155+0000] {processor.py:161} INFO - Started process (PID=1446) to work on /home/airflow/.local/lib/python3.12/site-packages/airflow/example_dags/example_latest_only_with_trigger.py
[2024-05-06T18:12:36.156+0000] {processor.py:830} INFO - Processing file /home/airflow/.local/lib/python3.12/site-packages/airflow/example_dags/example_latest_only_with_trigger.py for tasks to queue
[2024-05-06T18:12:36.156+0000] {logging_mixin.py:188} INFO - [2024-05-06T18:12:36.156+0000] {dagbag.py:540} INFO - Filling up the DagBag from /home/airflow/.local/lib/python3.12/site-packages/airflow/example_dags/example_latest_only_with_trigger.py
[2024-05-06T18:12:36.160+0000] {processor.py:840} INFO - DAG(s) 'latest_only_with_trigger' retrieved from /home/airflow/.local/lib/python3.12/site-packages/airflow/example_dags/example_latest_only_with_trigger.py
[2024-05-06T18:12:36.170+0000] {logging_mixin.py:188} INFO - [2024-05-06T18:12:36.170+0000] {dag.py:3096} INFO - Sync 1 DAGs
[2024-05-06T18:12:36.181+0000] {logging_mixin.py:188} INFO - [2024-05-06T18:12:36.180+0000] {dag.py:3954} INFO - Setting next_dagrun for latest_only_with_trigger to 2024-05-06 12:00:00+00:00, run_after=2024-05-06 16:00:00+00:00
[2024-05-06T18:12:36.188+0000] {processor.py:183} INFO - Processing /home/airflow/.local/lib/python3.12/site-packages/airflow/example_dags/example_latest_only_with_trigger.py took 0.036 seconds
[2024-05-06T18:13:06.759+0000] {processor.py:161} INFO - Started process (PID=1504) to work on /home/airflow/.local/lib/python3.12/site-packages/airflow/example_dags/example_latest_only_with_trigger.py
[2024-05-06T18:13:06.760+0000] {processor.py:830} INFO - Processing file /home/airflow/.local/lib/python3.12/site-packages/airflow/example_dags/example_latest_only_with_trigger.py for tasks to queue
[2024-05-06T18:13:06.761+0000] {logging_mixin.py:188} INFO - [2024-05-06T18:13:06.761+0000] {dagbag.py:540} INFO - Filling up the DagBag from /home/airflow/.local/lib/python3.12/site-packages/airflow/example_dags/example_latest_only_with_trigger.py
[2024-05-06T18:13:06.764+0000] {processor.py:840} INFO - DAG(s) 'latest_only_with_trigger' retrieved from /home/airflow/.local/lib/python3.12/site-packages/airflow/example_dags/example_latest_only_with_trigger.py
[2024-05-06T18:13:06.774+0000] {logging_mixin.py:188} INFO - [2024-05-06T18:13:06.774+0000] {dag.py:3096} INFO - Sync 1 DAGs
[2024-05-06T18:13:06.784+0000] {logging_mixin.py:188} INFO - [2024-05-06T18:13:06.784+0000] {dag.py:3954} INFO - Setting next_dagrun for latest_only_with_trigger to 2024-05-06 12:00:00+00:00, run_after=2024-05-06 16:00:00+00:00
[2024-05-06T18:13:06.792+0000] {processor.py:183} INFO - Processing /home/airflow/.local/lib/python3.12/site-packages/airflow/example_dags/example_latest_only_with_trigger.py took 0.036 seconds
[2024-05-06T18:13:37.336+0000] {processor.py:161} INFO - Started process (PID=1562) to work on /home/airflow/.local/lib/python3.12/site-packages/airflow/example_dags/example_latest_only_with_trigger.py
[2024-05-06T18:13:37.336+0000] {processor.py:830} INFO - Processing file /home/airflow/.local/lib/python3.12/site-packages/airflow/example_dags/example_latest_only_with_trigger.py for tasks to queue
[2024-05-06T18:13:37.337+0000] {logging_mixin.py:188} INFO - [2024-05-06T18:13:37.337+0000] {dagbag.py:540} INFO - Filling up the DagBag from /home/airflow/.local/lib/python3.12/site-packages/airflow/example_dags/example_latest_only_with_trigger.py
[2024-05-06T18:13:37.340+0000] {processor.py:840} INFO - DAG(s) 'latest_only_with_trigger' retrieved from /home/airflow/.local/lib/python3.12/site-packages/airflow/example_dags/example_latest_only_with_trigger.py
[2024-05-06T18:13:37.351+0000] {logging_mixin.py:188} INFO - [2024-05-06T18:13:37.350+0000] {dag.py:3096} INFO - Sync 1 DAGs
[2024-05-06T18:13:37.361+0000] {logging_mixin.py:188} INFO - [2024-05-06T18:13:37.361+0000] {dag.py:3954} INFO - Setting next_dagrun for latest_only_with_trigger to 2024-05-06 12:00:00+00:00, run_after=2024-05-06 16:00:00+00:00
[2024-05-06T18:13:37.369+0000] {processor.py:183} INFO - Processing /home/airflow/.local/lib/python3.12/site-packages/airflow/example_dags/example_latest_only_with_trigger.py took 0.036 seconds
[2024-05-06T18:14:07.934+0000] {processor.py:161} INFO - Started process (PID=1620) to work on /home/airflow/.local/lib/python3.12/site-packages/airflow/example_dags/example_latest_only_with_trigger.py
[2024-05-06T18:14:07.935+0000] {processor.py:830} INFO - Processing file /home/airflow/.local/lib/python3.12/site-packages/airflow/example_dags/example_latest_only_with_trigger.py for tasks to queue
[2024-05-06T18:14:07.936+0000] {logging_mixin.py:188} INFO - [2024-05-06T18:14:07.936+0000] {dagbag.py:540} INFO - Filling up the DagBag from /home/airflow/.local/lib/python3.12/site-packages/airflow/example_dags/example_latest_only_with_trigger.py
[2024-05-06T18:14:07.938+0000] {processor.py:840} INFO - DAG(s) 'latest_only_with_trigger' retrieved from /home/airflow/.local/lib/python3.12/site-packages/airflow/example_dags/example_latest_only_with_trigger.py
[2024-05-06T18:14:07.948+0000] {logging_mixin.py:188} INFO - [2024-05-06T18:14:07.947+0000] {dag.py:3096} INFO - Sync 1 DAGs
[2024-05-06T18:14:07.957+0000] {logging_mixin.py:188} INFO - [2024-05-06T18:14:07.957+0000] {dag.py:3954} INFO - Setting next_dagrun for latest_only_with_trigger to 2024-05-06 12:00:00+00:00, run_after=2024-05-06 16:00:00+00:00
[2024-05-06T18:14:07.964+0000] {processor.py:183} INFO - Processing /home/airflow/.local/lib/python3.12/site-packages/airflow/example_dags/example_latest_only_with_trigger.py took 0.032 seconds
[2024-05-06T18:14:38.467+0000] {processor.py:161} INFO - Started process (PID=1678) to work on /home/airflow/.local/lib/python3.12/site-packages/airflow/example_dags/example_latest_only_with_trigger.py
[2024-05-06T18:14:38.468+0000] {processor.py:830} INFO - Processing file /home/airflow/.local/lib/python3.12/site-packages/airflow/example_dags/example_latest_only_with_trigger.py for tasks to queue
[2024-05-06T18:14:38.469+0000] {logging_mixin.py:188} INFO - [2024-05-06T18:14:38.469+0000] {dagbag.py:540} INFO - Filling up the DagBag from /home/airflow/.local/lib/python3.12/site-packages/airflow/example_dags/example_latest_only_with_trigger.py
[2024-05-06T18:14:38.472+0000] {processor.py:840} INFO - DAG(s) 'latest_only_with_trigger' retrieved from /home/airflow/.local/lib/python3.12/site-packages/airflow/example_dags/example_latest_only_with_trigger.py
[2024-05-06T18:14:38.482+0000] {logging_mixin.py:188} INFO - [2024-05-06T18:14:38.482+0000] {dag.py:3096} INFO - Sync 1 DAGs
[2024-05-06T18:14:38.492+0000] {logging_mixin.py:188} INFO - [2024-05-06T18:14:38.492+0000] {dag.py:3954} INFO - Setting next_dagrun for latest_only_with_trigger to 2024-05-06 12:00:00+00:00, run_after=2024-05-06 16:00:00+00:00
[2024-05-06T18:14:38.501+0000] {processor.py:183} INFO - Processing /home/airflow/.local/lib/python3.12/site-packages/airflow/example_dags/example_latest_only_with_trigger.py took 0.036 seconds
[2024-05-06T18:15:09.038+0000] {processor.py:161} INFO - Started process (PID=1736) to work on /home/airflow/.local/lib/python3.12/site-packages/airflow/example_dags/example_latest_only_with_trigger.py
[2024-05-06T18:15:09.039+0000] {processor.py:830} INFO - Processing file /home/airflow/.local/lib/python3.12/site-packages/airflow/example_dags/example_latest_only_with_trigger.py for tasks to queue
[2024-05-06T18:15:09.040+0000] {logging_mixin.py:188} INFO - [2024-05-06T18:15:09.039+0000] {dagbag.py:540} INFO - Filling up the DagBag from /home/airflow/.local/lib/python3.12/site-packages/airflow/example_dags/example_latest_only_with_trigger.py
[2024-05-06T18:15:09.042+0000] {processor.py:840} INFO - DAG(s) 'latest_only_with_trigger' retrieved from /home/airflow/.local/lib/python3.12/site-packages/airflow/example_dags/example_latest_only_with_trigger.py
[2024-05-06T18:15:09.052+0000] {logging_mixin.py:188} INFO - [2024-05-06T18:15:09.052+0000] {dag.py:3096} INFO - Sync 1 DAGs
[2024-05-06T18:15:09.062+0000] {logging_mixin.py:188} INFO - [2024-05-06T18:15:09.062+0000] {dag.py:3954} INFO - Setting next_dagrun for latest_only_with_trigger to 2024-05-06 12:00:00+00:00, run_after=2024-05-06 16:00:00+00:00
[2024-05-06T18:15:09.073+0000] {processor.py:183} INFO - Processing /home/airflow/.local/lib/python3.12/site-packages/airflow/example_dags/example_latest_only_with_trigger.py took 0.038 seconds
[2024-05-06T18:15:39.643+0000] {processor.py:161} INFO - Started process (PID=1794) to work on /home/airflow/.local/lib/python3.12/site-packages/airflow/example_dags/example_latest_only_with_trigger.py
[2024-05-06T18:15:39.643+0000] {processor.py:830} INFO - Processing file /home/airflow/.local/lib/python3.12/site-packages/airflow/example_dags/example_latest_only_with_trigger.py for tasks to queue
[2024-05-06T18:15:39.644+0000] {logging_mixin.py:188} INFO - [2024-05-06T18:15:39.644+0000] {dagbag.py:540} INFO - Filling up the DagBag from /home/airflow/.local/lib/python3.12/site-packages/airflow/example_dags/example_latest_only_with_trigger.py
[2024-05-06T18:15:39.648+0000] {processor.py:840} INFO - DAG(s) 'latest_only_with_trigger' retrieved from /home/airflow/.local/lib/python3.12/site-packages/airflow/example_dags/example_latest_only_with_trigger.py
[2024-05-06T18:15:39.658+0000] {logging_mixin.py:188} INFO - [2024-05-06T18:15:39.658+0000] {dag.py:3096} INFO - Sync 1 DAGs
[2024-05-06T18:15:39.669+0000] {logging_mixin.py:188} INFO - [2024-05-06T18:15:39.669+0000] {dag.py:3954} INFO - Setting next_dagrun for latest_only_with_trigger to 2024-05-06 12:00:00+00:00, run_after=2024-05-06 16:00:00+00:00
[2024-05-06T18:15:39.677+0000] {processor.py:183} INFO - Processing /home/airflow/.local/lib/python3.12/site-packages/airflow/example_dags/example_latest_only_with_trigger.py took 0.037 seconds
[2024-05-06T18:16:10.251+0000] {processor.py:161} INFO - Started process (PID=1852) to work on /home/airflow/.local/lib/python3.12/site-packages/airflow/example_dags/example_latest_only_with_trigger.py
[2024-05-06T18:16:10.252+0000] {processor.py:830} INFO - Processing file /home/airflow/.local/lib/python3.12/site-packages/airflow/example_dags/example_latest_only_with_trigger.py for tasks to queue
[2024-05-06T18:16:10.253+0000] {logging_mixin.py:188} INFO - [2024-05-06T18:16:10.253+0000] {dagbag.py:540} INFO - Filling up the DagBag from /home/airflow/.local/lib/python3.12/site-packages/airflow/example_dags/example_latest_only_with_trigger.py
[2024-05-06T18:16:10.256+0000] {processor.py:840} INFO - DAG(s) 'latest_only_with_trigger' retrieved from /home/airflow/.local/lib/python3.12/site-packages/airflow/example_dags/example_latest_only_with_trigger.py
[2024-05-06T18:16:10.266+0000] {logging_mixin.py:188} INFO - [2024-05-06T18:16:10.266+0000] {dag.py:3096} INFO - Sync 1 DAGs
[2024-05-06T18:16:10.277+0000] {logging_mixin.py:188} INFO - [2024-05-06T18:16:10.277+0000] {dag.py:3954} INFO - Setting next_dagrun for latest_only_with_trigger to 2024-05-06 12:00:00+00:00, run_after=2024-05-06 16:00:00+00:00
[2024-05-06T18:16:10.285+0000] {processor.py:183} INFO - Processing /home/airflow/.local/lib/python3.12/site-packages/airflow/example_dags/example_latest_only_with_trigger.py took 0.036 seconds
[2024-05-06T18:16:40.807+0000] {processor.py:161} INFO - Started process (PID=1910) to work on /home/airflow/.local/lib/python3.12/site-packages/airflow/example_dags/example_latest_only_with_trigger.py
[2024-05-06T18:16:40.807+0000] {processor.py:830} INFO - Processing file /home/airflow/.local/lib/python3.12/site-packages/airflow/example_dags/example_latest_only_with_trigger.py for tasks to queue
[2024-05-06T18:16:40.808+0000] {logging_mixin.py:188} INFO - [2024-05-06T18:16:40.808+0000] {dagbag.py:540} INFO - Filling up the DagBag from /home/airflow/.local/lib/python3.12/site-packages/airflow/example_dags/example_latest_only_with_trigger.py
[2024-05-06T18:16:40.811+0000] {processor.py:840} INFO - DAG(s) 'latest_only_with_trigger' retrieved from /home/airflow/.local/lib/python3.12/site-packages/airflow/example_dags/example_latest_only_with_trigger.py
[2024-05-06T18:16:40.821+0000] {logging_mixin.py:188} INFO - [2024-05-06T18:16:40.821+0000] {dag.py:3096} INFO - Sync 1 DAGs
[2024-05-06T18:16:40.833+0000] {logging_mixin.py:188} INFO - [2024-05-06T18:16:40.832+0000] {dag.py:3954} INFO - Setting next_dagrun for latest_only_with_trigger to 2024-05-06 12:00:00+00:00, run_after=2024-05-06 16:00:00+00:00
[2024-05-06T18:16:40.841+0000] {processor.py:183} INFO - Processing /home/airflow/.local/lib/python3.12/site-packages/airflow/example_dags/example_latest_only_with_trigger.py took 0.037 seconds
[2024-05-06T18:18:14.304+0000] {processor.py:161} INFO - Started process (PID=1967) to work on /home/airflow/.local/lib/python3.12/site-packages/airflow/example_dags/example_latest_only_with_trigger.py
[2024-05-06T18:18:14.305+0000] {processor.py:830} INFO - Processing file /home/airflow/.local/lib/python3.12/site-packages/airflow/example_dags/example_latest_only_with_trigger.py for tasks to queue
[2024-05-06T18:18:14.306+0000] {logging_mixin.py:188} INFO - [2024-05-06T18:18:14.306+0000] {dagbag.py:540} INFO - Filling up the DagBag from /home/airflow/.local/lib/python3.12/site-packages/airflow/example_dags/example_latest_only_with_trigger.py
[2024-05-06T18:18:14.309+0000] {processor.py:840} INFO - DAG(s) 'latest_only_with_trigger' retrieved from /home/airflow/.local/lib/python3.12/site-packages/airflow/example_dags/example_latest_only_with_trigger.py
[2024-05-06T18:18:14.320+0000] {logging_mixin.py:188} INFO - [2024-05-06T18:18:14.319+0000] {dag.py:3096} INFO - Sync 1 DAGs
[2024-05-06T18:18:14.330+0000] {logging_mixin.py:188} INFO - [2024-05-06T18:18:14.330+0000] {dag.py:3954} INFO - Setting next_dagrun for latest_only_with_trigger to 2024-05-06 12:00:00+00:00, run_after=2024-05-06 16:00:00+00:00
[2024-05-06T18:18:14.340+0000] {processor.py:183} INFO - Processing /home/airflow/.local/lib/python3.12/site-packages/airflow/example_dags/example_latest_only_with_trigger.py took 0.039 seconds
[2024-05-06T18:18:44.855+0000] {processor.py:161} INFO - Started process (PID=2025) to work on /home/airflow/.local/lib/python3.12/site-packages/airflow/example_dags/example_latest_only_with_trigger.py
[2024-05-06T18:18:44.855+0000] {processor.py:830} INFO - Processing file /home/airflow/.local/lib/python3.12/site-packages/airflow/example_dags/example_latest_only_with_trigger.py for tasks to queue
[2024-05-06T18:18:44.856+0000] {logging_mixin.py:188} INFO - [2024-05-06T18:18:44.856+0000] {dagbag.py:540} INFO - Filling up the DagBag from /home/airflow/.local/lib/python3.12/site-packages/airflow/example_dags/example_latest_only_with_trigger.py
[2024-05-06T18:18:44.859+0000] {processor.py:840} INFO - DAG(s) 'latest_only_with_trigger' retrieved from /home/airflow/.local/lib/python3.12/site-packages/airflow/example_dags/example_latest_only_with_trigger.py
[2024-05-06T18:18:44.869+0000] {logging_mixin.py:188} INFO - [2024-05-06T18:18:44.869+0000] {dag.py:3096} INFO - Sync 1 DAGs
[2024-05-06T18:18:44.887+0000] {logging_mixin.py:188} INFO - [2024-05-06T18:18:44.887+0000] {dag.py:3954} INFO - Setting next_dagrun for latest_only_with_trigger to 2024-05-06 12:00:00+00:00, run_after=2024-05-06 16:00:00+00:00
[2024-05-06T18:18:44.894+0000] {processor.py:183} INFO - Processing /home/airflow/.local/lib/python3.12/site-packages/airflow/example_dags/example_latest_only_with_trigger.py took 0.043 seconds
[2024-05-06T18:19:15.476+0000] {processor.py:161} INFO - Started process (PID=2083) to work on /home/airflow/.local/lib/python3.12/site-packages/airflow/example_dags/example_latest_only_with_trigger.py
[2024-05-06T18:19:15.476+0000] {processor.py:830} INFO - Processing file /home/airflow/.local/lib/python3.12/site-packages/airflow/example_dags/example_latest_only_with_trigger.py for tasks to queue
[2024-05-06T18:19:15.477+0000] {logging_mixin.py:188} INFO - [2024-05-06T18:19:15.477+0000] {dagbag.py:540} INFO - Filling up the DagBag from /home/airflow/.local/lib/python3.12/site-packages/airflow/example_dags/example_latest_only_with_trigger.py
[2024-05-06T18:19:15.480+0000] {processor.py:840} INFO - DAG(s) 'latest_only_with_trigger' retrieved from /home/airflow/.local/lib/python3.12/site-packages/airflow/example_dags/example_latest_only_with_trigger.py
[2024-05-06T18:19:15.490+0000] {logging_mixin.py:188} INFO - [2024-05-06T18:19:15.490+0000] {dag.py:3096} INFO - Sync 1 DAGs
[2024-05-06T18:19:15.499+0000] {logging_mixin.py:188} INFO - [2024-05-06T18:19:15.499+0000] {dag.py:3954} INFO - Setting next_dagrun for latest_only_with_trigger to 2024-05-06 12:00:00+00:00, run_after=2024-05-06 16:00:00+00:00
[2024-05-06T18:19:15.506+0000] {processor.py:183} INFO - Processing /home/airflow/.local/lib/python3.12/site-packages/airflow/example_dags/example_latest_only_with_trigger.py took 0.033 seconds
[2024-05-06T18:19:46.017+0000] {processor.py:161} INFO - Started process (PID=2141) to work on /home/airflow/.local/lib/python3.12/site-packages/airflow/example_dags/example_latest_only_with_trigger.py
[2024-05-06T18:19:46.017+0000] {processor.py:830} INFO - Processing file /home/airflow/.local/lib/python3.12/site-packages/airflow/example_dags/example_latest_only_with_trigger.py for tasks to queue
[2024-05-06T18:19:46.018+0000] {logging_mixin.py:188} INFO - [2024-05-06T18:19:46.018+0000] {dagbag.py:540} INFO - Filling up the DagBag from /home/airflow/.local/lib/python3.12/site-packages/airflow/example_dags/example_latest_only_with_trigger.py
[2024-05-06T18:19:46.021+0000] {processor.py:840} INFO - DAG(s) 'latest_only_with_trigger' retrieved from /home/airflow/.local/lib/python3.12/site-packages/airflow/example_dags/example_latest_only_with_trigger.py
[2024-05-06T18:19:46.031+0000] {logging_mixin.py:188} INFO - [2024-05-06T18:19:46.030+0000] {dag.py:3096} INFO - Sync 1 DAGs
[2024-05-06T18:19:46.040+0000] {logging_mixin.py:188} INFO - [2024-05-06T18:19:46.040+0000] {dag.py:3954} INFO - Setting next_dagrun for latest_only_with_trigger to 2024-05-06 12:00:00+00:00, run_after=2024-05-06 16:00:00+00:00
[2024-05-06T18:19:46.047+0000] {processor.py:183} INFO - Processing /home/airflow/.local/lib/python3.12/site-packages/airflow/example_dags/example_latest_only_with_trigger.py took 0.033 seconds
[2024-05-06T18:20:16.681+0000] {processor.py:161} INFO - Started process (PID=2199) to work on /home/airflow/.local/lib/python3.12/site-packages/airflow/example_dags/example_latest_only_with_trigger.py
[2024-05-06T18:20:16.681+0000] {processor.py:830} INFO - Processing file /home/airflow/.local/lib/python3.12/site-packages/airflow/example_dags/example_latest_only_with_trigger.py for tasks to queue
[2024-05-06T18:20:16.682+0000] {logging_mixin.py:188} INFO - [2024-05-06T18:20:16.682+0000] {dagbag.py:540} INFO - Filling up the DagBag from /home/airflow/.local/lib/python3.12/site-packages/airflow/example_dags/example_latest_only_with_trigger.py
[2024-05-06T18:20:16.686+0000] {processor.py:840} INFO - DAG(s) 'latest_only_with_trigger' retrieved from /home/airflow/.local/lib/python3.12/site-packages/airflow/example_dags/example_latest_only_with_trigger.py
[2024-05-06T18:20:16.696+0000] {logging_mixin.py:188} INFO - [2024-05-06T18:20:16.696+0000] {dag.py:3096} INFO - Sync 1 DAGs
[2024-05-06T18:20:16.707+0000] {logging_mixin.py:188} INFO - [2024-05-06T18:20:16.707+0000] {dag.py:3954} INFO - Setting next_dagrun for latest_only_with_trigger to 2024-05-06 12:00:00+00:00, run_after=2024-05-06 16:00:00+00:00
[2024-05-06T18:20:16.715+0000] {processor.py:183} INFO - Processing /home/airflow/.local/lib/python3.12/site-packages/airflow/example_dags/example_latest_only_with_trigger.py took 0.038 seconds
[2024-05-06T18:20:47.214+0000] {processor.py:161} INFO - Started process (PID=2257) to work on /home/airflow/.local/lib/python3.12/site-packages/airflow/example_dags/example_latest_only_with_trigger.py
[2024-05-06T18:20:47.214+0000] {processor.py:830} INFO - Processing file /home/airflow/.local/lib/python3.12/site-packages/airflow/example_dags/example_latest_only_with_trigger.py for tasks to queue
[2024-05-06T18:20:47.215+0000] {logging_mixin.py:188} INFO - [2024-05-06T18:20:47.215+0000] {dagbag.py:540} INFO - Filling up the DagBag from /home/airflow/.local/lib/python3.12/site-packages/airflow/example_dags/example_latest_only_with_trigger.py
[2024-05-06T18:20:47.219+0000] {processor.py:840} INFO - DAG(s) 'latest_only_with_trigger' retrieved from /home/airflow/.local/lib/python3.12/site-packages/airflow/example_dags/example_latest_only_with_trigger.py
[2024-05-06T18:20:47.230+0000] {logging_mixin.py:188} INFO - [2024-05-06T18:20:47.230+0000] {dag.py:3096} INFO - Sync 1 DAGs
[2024-05-06T18:20:47.240+0000] {logging_mixin.py:188} INFO - [2024-05-06T18:20:47.240+0000] {dag.py:3954} INFO - Setting next_dagrun for latest_only_with_trigger to 2024-05-06 12:00:00+00:00, run_after=2024-05-06 16:00:00+00:00
[2024-05-06T18:20:47.248+0000] {processor.py:183} INFO - Processing /home/airflow/.local/lib/python3.12/site-packages/airflow/example_dags/example_latest_only_with_trigger.py took 0.037 seconds
[2024-05-06T18:21:17.835+0000] {processor.py:161} INFO - Started process (PID=2315) to work on /home/airflow/.local/lib/python3.12/site-packages/airflow/example_dags/example_latest_only_with_trigger.py
[2024-05-06T18:21:17.836+0000] {processor.py:830} INFO - Processing file /home/airflow/.local/lib/python3.12/site-packages/airflow/example_dags/example_latest_only_with_trigger.py for tasks to queue
[2024-05-06T18:21:17.837+0000] {logging_mixin.py:188} INFO - [2024-05-06T18:21:17.836+0000] {dagbag.py:540} INFO - Filling up the DagBag from /home/airflow/.local/lib/python3.12/site-packages/airflow/example_dags/example_latest_only_with_trigger.py
[2024-05-06T18:21:17.840+0000] {processor.py:840} INFO - DAG(s) 'latest_only_with_trigger' retrieved from /home/airflow/.local/lib/python3.12/site-packages/airflow/example_dags/example_latest_only_with_trigger.py
[2024-05-06T18:21:17.849+0000] {logging_mixin.py:188} INFO - [2024-05-06T18:21:17.849+0000] {dag.py:3096} INFO - Sync 1 DAGs
[2024-05-06T18:21:17.859+0000] {logging_mixin.py:188} INFO - [2024-05-06T18:21:17.859+0000] {dag.py:3954} INFO - Setting next_dagrun for latest_only_with_trigger to 2024-05-06 12:00:00+00:00, run_after=2024-05-06 16:00:00+00:00
[2024-05-06T18:21:17.867+0000] {processor.py:183} INFO - Processing /home/airflow/.local/lib/python3.12/site-packages/airflow/example_dags/example_latest_only_with_trigger.py took 0.035 seconds
[2024-05-06T18:21:48.536+0000] {processor.py:161} INFO - Started process (PID=2372) to work on /home/airflow/.local/lib/python3.12/site-packages/airflow/example_dags/example_latest_only_with_trigger.py
[2024-05-06T18:21:48.537+0000] {processor.py:830} INFO - Processing file /home/airflow/.local/lib/python3.12/site-packages/airflow/example_dags/example_latest_only_with_trigger.py for tasks to queue
[2024-05-06T18:21:48.538+0000] {logging_mixin.py:188} INFO - [2024-05-06T18:21:48.538+0000] {dagbag.py:540} INFO - Filling up the DagBag from /home/airflow/.local/lib/python3.12/site-packages/airflow/example_dags/example_latest_only_with_trigger.py
[2024-05-06T18:21:48.541+0000] {processor.py:840} INFO - DAG(s) 'latest_only_with_trigger' retrieved from /home/airflow/.local/lib/python3.12/site-packages/airflow/example_dags/example_latest_only_with_trigger.py
[2024-05-06T18:21:48.550+0000] {logging_mixin.py:188} INFO - [2024-05-06T18:21:48.550+0000] {dag.py:3096} INFO - Sync 1 DAGs
[2024-05-06T18:21:48.559+0000] {logging_mixin.py:188} INFO - [2024-05-06T18:21:48.559+0000] {dag.py:3954} INFO - Setting next_dagrun for latest_only_with_trigger to 2024-05-06 12:00:00+00:00, run_after=2024-05-06 16:00:00+00:00
[2024-05-06T18:21:48.567+0000] {processor.py:183} INFO - Processing /home/airflow/.local/lib/python3.12/site-packages/airflow/example_dags/example_latest_only_with_trigger.py took 0.033 seconds
[2024-05-06T18:22:19.153+0000] {processor.py:161} INFO - Started process (PID=2430) to work on /home/airflow/.local/lib/python3.12/site-packages/airflow/example_dags/example_latest_only_with_trigger.py
[2024-05-06T18:22:19.153+0000] {processor.py:830} INFO - Processing file /home/airflow/.local/lib/python3.12/site-packages/airflow/example_dags/example_latest_only_with_trigger.py for tasks to queue
[2024-05-06T18:22:19.154+0000] {logging_mixin.py:188} INFO - [2024-05-06T18:22:19.154+0000] {dagbag.py:540} INFO - Filling up the DagBag from /home/airflow/.local/lib/python3.12/site-packages/airflow/example_dags/example_latest_only_with_trigger.py
[2024-05-06T18:22:19.157+0000] {processor.py:840} INFO - DAG(s) 'latest_only_with_trigger' retrieved from /home/airflow/.local/lib/python3.12/site-packages/airflow/example_dags/example_latest_only_with_trigger.py
[2024-05-06T18:22:19.168+0000] {logging_mixin.py:188} INFO - [2024-05-06T18:22:19.167+0000] {dag.py:3096} INFO - Sync 1 DAGs
[2024-05-06T18:22:19.178+0000] {logging_mixin.py:188} INFO - [2024-05-06T18:22:19.177+0000] {dag.py:3954} INFO - Setting next_dagrun for latest_only_with_trigger to 2024-05-06 12:00:00+00:00, run_after=2024-05-06 16:00:00+00:00
[2024-05-06T18:22:19.185+0000] {processor.py:183} INFO - Processing /home/airflow/.local/lib/python3.12/site-packages/airflow/example_dags/example_latest_only_with_trigger.py took 0.035 seconds
[2024-05-06T18:22:49.761+0000] {processor.py:161} INFO - Started process (PID=2488) to work on /home/airflow/.local/lib/python3.12/site-packages/airflow/example_dags/example_latest_only_with_trigger.py
[2024-05-06T18:22:49.762+0000] {processor.py:830} INFO - Processing file /home/airflow/.local/lib/python3.12/site-packages/airflow/example_dags/example_latest_only_with_trigger.py for tasks to queue
[2024-05-06T18:22:49.763+0000] {logging_mixin.py:188} INFO - [2024-05-06T18:22:49.762+0000] {dagbag.py:540} INFO - Filling up the DagBag from /home/airflow/.local/lib/python3.12/site-packages/airflow/example_dags/example_latest_only_with_trigger.py
[2024-05-06T18:22:49.765+0000] {processor.py:840} INFO - DAG(s) 'latest_only_with_trigger' retrieved from /home/airflow/.local/lib/python3.12/site-packages/airflow/example_dags/example_latest_only_with_trigger.py
[2024-05-06T18:22:49.775+0000] {logging_mixin.py:188} INFO - [2024-05-06T18:22:49.775+0000] {dag.py:3096} INFO - Sync 1 DAGs
[2024-05-06T18:22:49.785+0000] {logging_mixin.py:188} INFO - [2024-05-06T18:22:49.784+0000] {dag.py:3954} INFO - Setting next_dagrun for latest_only_with_trigger to 2024-05-06 12:00:00+00:00, run_after=2024-05-06 16:00:00+00:00
[2024-05-06T18:22:49.792+0000] {processor.py:183} INFO - Processing /home/airflow/.local/lib/python3.12/site-packages/airflow/example_dags/example_latest_only_with_trigger.py took 0.034 seconds
[2024-05-06T18:23:20.335+0000] {processor.py:161} INFO - Started process (PID=2545) to work on /home/airflow/.local/lib/python3.12/site-packages/airflow/example_dags/example_latest_only_with_trigger.py
[2024-05-06T18:23:20.336+0000] {processor.py:830} INFO - Processing file /home/airflow/.local/lib/python3.12/site-packages/airflow/example_dags/example_latest_only_with_trigger.py for tasks to queue
[2024-05-06T18:23:20.337+0000] {logging_mixin.py:188} INFO - [2024-05-06T18:23:20.336+0000] {dagbag.py:540} INFO - Filling up the DagBag from /home/airflow/.local/lib/python3.12/site-packages/airflow/example_dags/example_latest_only_with_trigger.py
[2024-05-06T18:23:20.339+0000] {processor.py:840} INFO - DAG(s) 'latest_only_with_trigger' retrieved from /home/airflow/.local/lib/python3.12/site-packages/airflow/example_dags/example_latest_only_with_trigger.py
[2024-05-06T18:23:20.349+0000] {logging_mixin.py:188} INFO - [2024-05-06T18:23:20.349+0000] {dag.py:3096} INFO - Sync 1 DAGs
[2024-05-06T18:23:20.359+0000] {logging_mixin.py:188} INFO - [2024-05-06T18:23:20.358+0000] {dag.py:3954} INFO - Setting next_dagrun for latest_only_with_trigger to 2024-05-06 12:00:00+00:00, run_after=2024-05-06 16:00:00+00:00
[2024-05-06T18:23:20.366+0000] {processor.py:183} INFO - Processing /home/airflow/.local/lib/python3.12/site-packages/airflow/example_dags/example_latest_only_with_trigger.py took 0.034 seconds
[2024-05-06T18:23:51.095+0000] {processor.py:161} INFO - Started process (PID=2603) to work on /home/airflow/.local/lib/python3.12/site-packages/airflow/example_dags/example_latest_only_with_trigger.py
[2024-05-06T18:23:51.095+0000] {processor.py:830} INFO - Processing file /home/airflow/.local/lib/python3.12/site-packages/airflow/example_dags/example_latest_only_with_trigger.py for tasks to queue
[2024-05-06T18:23:51.096+0000] {logging_mixin.py:188} INFO - [2024-05-06T18:23:51.096+0000] {dagbag.py:540} INFO - Filling up the DagBag from /home/airflow/.local/lib/python3.12/site-packages/airflow/example_dags/example_latest_only_with_trigger.py
[2024-05-06T18:23:51.099+0000] {processor.py:840} INFO - DAG(s) 'latest_only_with_trigger' retrieved from /home/airflow/.local/lib/python3.12/site-packages/airflow/example_dags/example_latest_only_with_trigger.py
[2024-05-06T18:23:51.108+0000] {logging_mixin.py:188} INFO - [2024-05-06T18:23:51.108+0000] {dag.py:3096} INFO - Sync 1 DAGs
[2024-05-06T18:23:51.117+0000] {logging_mixin.py:188} INFO - [2024-05-06T18:23:51.117+0000] {dag.py:3954} INFO - Setting next_dagrun for latest_only_with_trigger to 2024-05-06 12:00:00+00:00, run_after=2024-05-06 16:00:00+00:00
[2024-05-06T18:23:51.125+0000] {processor.py:183} INFO - Processing /home/airflow/.local/lib/python3.12/site-packages/airflow/example_dags/example_latest_only_with_trigger.py took 0.033 seconds
[2024-05-06T18:24:21.650+0000] {processor.py:161} INFO - Started process (PID=2661) to work on /home/airflow/.local/lib/python3.12/site-packages/airflow/example_dags/example_latest_only_with_trigger.py
[2024-05-06T18:24:21.651+0000] {processor.py:830} INFO - Processing file /home/airflow/.local/lib/python3.12/site-packages/airflow/example_dags/example_latest_only_with_trigger.py for tasks to queue
[2024-05-06T18:24:21.652+0000] {logging_mixin.py:188} INFO - [2024-05-06T18:24:21.651+0000] {dagbag.py:540} INFO - Filling up the DagBag from /home/airflow/.local/lib/python3.12/site-packages/airflow/example_dags/example_latest_only_with_trigger.py
[2024-05-06T18:24:21.655+0000] {processor.py:840} INFO - DAG(s) 'latest_only_with_trigger' retrieved from /home/airflow/.local/lib/python3.12/site-packages/airflow/example_dags/example_latest_only_with_trigger.py
[2024-05-06T18:24:21.665+0000] {logging_mixin.py:188} INFO - [2024-05-06T18:24:21.665+0000] {dag.py:3096} INFO - Sync 1 DAGs
[2024-05-06T18:24:21.675+0000] {logging_mixin.py:188} INFO - [2024-05-06T18:24:21.675+0000] {dag.py:3954} INFO - Setting next_dagrun for latest_only_with_trigger to 2024-05-06 12:00:00+00:00, run_after=2024-05-06 16:00:00+00:00
[2024-05-06T18:24:21.683+0000] {processor.py:183} INFO - Processing /home/airflow/.local/lib/python3.12/site-packages/airflow/example_dags/example_latest_only_with_trigger.py took 0.036 seconds
[2024-05-06T18:24:52.297+0000] {processor.py:161} INFO - Started process (PID=2719) to work on /home/airflow/.local/lib/python3.12/site-packages/airflow/example_dags/example_latest_only_with_trigger.py
[2024-05-06T18:24:52.298+0000] {processor.py:830} INFO - Processing file /home/airflow/.local/lib/python3.12/site-packages/airflow/example_dags/example_latest_only_with_trigger.py for tasks to queue
[2024-05-06T18:24:52.299+0000] {logging_mixin.py:188} INFO - [2024-05-06T18:24:52.298+0000] {dagbag.py:540} INFO - Filling up the DagBag from /home/airflow/.local/lib/python3.12/site-packages/airflow/example_dags/example_latest_only_with_trigger.py
[2024-05-06T18:24:52.302+0000] {processor.py:840} INFO - DAG(s) 'latest_only_with_trigger' retrieved from /home/airflow/.local/lib/python3.12/site-packages/airflow/example_dags/example_latest_only_with_trigger.py
[2024-05-06T18:24:52.312+0000] {logging_mixin.py:188} INFO - [2024-05-06T18:24:52.312+0000] {dag.py:3096} INFO - Sync 1 DAGs
[2024-05-06T18:24:52.323+0000] {logging_mixin.py:188} INFO - [2024-05-06T18:24:52.322+0000] {dag.py:3954} INFO - Setting next_dagrun for latest_only_with_trigger to 2024-05-06 12:00:00+00:00, run_after=2024-05-06 16:00:00+00:00
[2024-05-06T18:24:52.331+0000] {processor.py:183} INFO - Processing /home/airflow/.local/lib/python3.12/site-packages/airflow/example_dags/example_latest_only_with_trigger.py took 0.037 seconds
[2024-05-06T18:25:22.924+0000] {processor.py:161} INFO - Started process (PID=2777) to work on /home/airflow/.local/lib/python3.12/site-packages/airflow/example_dags/example_latest_only_with_trigger.py
[2024-05-06T18:25:22.925+0000] {processor.py:830} INFO - Processing file /home/airflow/.local/lib/python3.12/site-packages/airflow/example_dags/example_latest_only_with_trigger.py for tasks to queue
[2024-05-06T18:25:22.926+0000] {logging_mixin.py:188} INFO - [2024-05-06T18:25:22.926+0000] {dagbag.py:540} INFO - Filling up the DagBag from /home/airflow/.local/lib/python3.12/site-packages/airflow/example_dags/example_latest_only_with_trigger.py
[2024-05-06T18:25:22.929+0000] {processor.py:840} INFO - DAG(s) 'latest_only_with_trigger' retrieved from /home/airflow/.local/lib/python3.12/site-packages/airflow/example_dags/example_latest_only_with_trigger.py
[2024-05-06T18:25:22.941+0000] {logging_mixin.py:188} INFO - [2024-05-06T18:25:22.941+0000] {dag.py:3096} INFO - Sync 1 DAGs
[2024-05-06T18:25:22.952+0000] {logging_mixin.py:188} INFO - [2024-05-06T18:25:22.952+0000] {dag.py:3954} INFO - Setting next_dagrun for latest_only_with_trigger to 2024-05-06 12:00:00+00:00, run_after=2024-05-06 16:00:00+00:00
[2024-05-06T18:25:22.961+0000] {processor.py:183} INFO - Processing /home/airflow/.local/lib/python3.12/site-packages/airflow/example_dags/example_latest_only_with_trigger.py took 0.040 seconds
[2024-05-06T18:25:53.523+0000] {processor.py:161} INFO - Started process (PID=2834) to work on /home/airflow/.local/lib/python3.12/site-packages/airflow/example_dags/example_latest_only_with_trigger.py
[2024-05-06T18:25:53.524+0000] {processor.py:830} INFO - Processing file /home/airflow/.local/lib/python3.12/site-packages/airflow/example_dags/example_latest_only_with_trigger.py for tasks to queue
[2024-05-06T18:25:53.525+0000] {logging_mixin.py:188} INFO - [2024-05-06T18:25:53.525+0000] {dagbag.py:540} INFO - Filling up the DagBag from /home/airflow/.local/lib/python3.12/site-packages/airflow/example_dags/example_latest_only_with_trigger.py
[2024-05-06T18:25:53.528+0000] {processor.py:840} INFO - DAG(s) 'latest_only_with_trigger' retrieved from /home/airflow/.local/lib/python3.12/site-packages/airflow/example_dags/example_latest_only_with_trigger.py
[2024-05-06T18:25:53.538+0000] {logging_mixin.py:188} INFO - [2024-05-06T18:25:53.538+0000] {dag.py:3096} INFO - Sync 1 DAGs
[2024-05-06T18:25:53.549+0000] {logging_mixin.py:188} INFO - [2024-05-06T18:25:53.549+0000] {dag.py:3954} INFO - Setting next_dagrun for latest_only_with_trigger to 2024-05-06 12:00:00+00:00, run_after=2024-05-06 16:00:00+00:00
[2024-05-06T18:25:53.557+0000] {processor.py:183} INFO - Processing /home/airflow/.local/lib/python3.12/site-packages/airflow/example_dags/example_latest_only_with_trigger.py took 0.036 seconds
[2024-05-06T18:26:24.289+0000] {processor.py:161} INFO - Started process (PID=2892) to work on /home/airflow/.local/lib/python3.12/site-packages/airflow/example_dags/example_latest_only_with_trigger.py
[2024-05-06T18:26:24.289+0000] {processor.py:830} INFO - Processing file /home/airflow/.local/lib/python3.12/site-packages/airflow/example_dags/example_latest_only_with_trigger.py for tasks to queue
[2024-05-06T18:26:24.290+0000] {logging_mixin.py:188} INFO - [2024-05-06T18:26:24.290+0000] {dagbag.py:540} INFO - Filling up the DagBag from /home/airflow/.local/lib/python3.12/site-packages/airflow/example_dags/example_latest_only_with_trigger.py
[2024-05-06T18:26:24.293+0000] {processor.py:840} INFO - DAG(s) 'latest_only_with_trigger' retrieved from /home/airflow/.local/lib/python3.12/site-packages/airflow/example_dags/example_latest_only_with_trigger.py
[2024-05-06T18:26:24.303+0000] {logging_mixin.py:188} INFO - [2024-05-06T18:26:24.303+0000] {dag.py:3096} INFO - Sync 1 DAGs
[2024-05-06T18:26:24.313+0000] {logging_mixin.py:188} INFO - [2024-05-06T18:26:24.313+0000] {dag.py:3954} INFO - Setting next_dagrun for latest_only_with_trigger to 2024-05-06 12:00:00+00:00, run_after=2024-05-06 16:00:00+00:00
[2024-05-06T18:26:24.321+0000] {processor.py:183} INFO - Processing /home/airflow/.local/lib/python3.12/site-packages/airflow/example_dags/example_latest_only_with_trigger.py took 0.036 seconds
[2024-05-06T18:26:54.862+0000] {processor.py:161} INFO - Started process (PID=2950) to work on /home/airflow/.local/lib/python3.12/site-packages/airflow/example_dags/example_latest_only_with_trigger.py
[2024-05-06T18:26:54.863+0000] {processor.py:830} INFO - Processing file /home/airflow/.local/lib/python3.12/site-packages/airflow/example_dags/example_latest_only_with_trigger.py for tasks to queue
[2024-05-06T18:26:54.864+0000] {logging_mixin.py:188} INFO - [2024-05-06T18:26:54.864+0000] {dagbag.py:540} INFO - Filling up the DagBag from /home/airflow/.local/lib/python3.12/site-packages/airflow/example_dags/example_latest_only_with_trigger.py
[2024-05-06T18:26:54.867+0000] {processor.py:840} INFO - DAG(s) 'latest_only_with_trigger' retrieved from /home/airflow/.local/lib/python3.12/site-packages/airflow/example_dags/example_latest_only_with_trigger.py
[2024-05-06T18:26:54.877+0000] {logging_mixin.py:188} INFO - [2024-05-06T18:26:54.877+0000] {dag.py:3096} INFO - Sync 1 DAGs
[2024-05-06T18:26:54.887+0000] {logging_mixin.py:188} INFO - [2024-05-06T18:26:54.887+0000] {dag.py:3954} INFO - Setting next_dagrun for latest_only_with_trigger to 2024-05-06 12:00:00+00:00, run_after=2024-05-06 16:00:00+00:00
[2024-05-06T18:26:54.895+0000] {processor.py:183} INFO - Processing /home/airflow/.local/lib/python3.12/site-packages/airflow/example_dags/example_latest_only_with_trigger.py took 0.036 seconds
[2024-05-06T18:27:25.404+0000] {processor.py:161} INFO - Started process (PID=3007) to work on /home/airflow/.local/lib/python3.12/site-packages/airflow/example_dags/example_latest_only_with_trigger.py
[2024-05-06T18:27:25.404+0000] {processor.py:830} INFO - Processing file /home/airflow/.local/lib/python3.12/site-packages/airflow/example_dags/example_latest_only_with_trigger.py for tasks to queue
[2024-05-06T18:27:25.405+0000] {logging_mixin.py:188} INFO - [2024-05-06T18:27:25.405+0000] {dagbag.py:540} INFO - Filling up the DagBag from /home/airflow/.local/lib/python3.12/site-packages/airflow/example_dags/example_latest_only_with_trigger.py
[2024-05-06T18:27:25.408+0000] {processor.py:840} INFO - DAG(s) 'latest_only_with_trigger' retrieved from /home/airflow/.local/lib/python3.12/site-packages/airflow/example_dags/example_latest_only_with_trigger.py
[2024-05-06T18:27:25.418+0000] {logging_mixin.py:188} INFO - [2024-05-06T18:27:25.418+0000] {dag.py:3096} INFO - Sync 1 DAGs
[2024-05-06T18:27:25.427+0000] {logging_mixin.py:188} INFO - [2024-05-06T18:27:25.427+0000] {dag.py:3954} INFO - Setting next_dagrun for latest_only_with_trigger to 2024-05-06 12:00:00+00:00, run_after=2024-05-06 16:00:00+00:00
[2024-05-06T18:27:25.435+0000] {processor.py:183} INFO - Processing /home/airflow/.local/lib/python3.12/site-packages/airflow/example_dags/example_latest_only_with_trigger.py took 0.035 seconds
[2024-05-06T18:27:55.979+0000] {processor.py:161} INFO - Started process (PID=3064) to work on /home/airflow/.local/lib/python3.12/site-packages/airflow/example_dags/example_latest_only_with_trigger.py
[2024-05-06T18:27:55.980+0000] {processor.py:830} INFO - Processing file /home/airflow/.local/lib/python3.12/site-packages/airflow/example_dags/example_latest_only_with_trigger.py for tasks to queue
[2024-05-06T18:27:55.981+0000] {logging_mixin.py:188} INFO - [2024-05-06T18:27:55.980+0000] {dagbag.py:540} INFO - Filling up the DagBag from /home/airflow/.local/lib/python3.12/site-packages/airflow/example_dags/example_latest_only_with_trigger.py
[2024-05-06T18:27:55.984+0000] {processor.py:840} INFO - DAG(s) 'latest_only_with_trigger' retrieved from /home/airflow/.local/lib/python3.12/site-packages/airflow/example_dags/example_latest_only_with_trigger.py
[2024-05-06T18:27:55.994+0000] {logging_mixin.py:188} INFO - [2024-05-06T18:27:55.994+0000] {dag.py:3096} INFO - Sync 1 DAGs
[2024-05-06T18:27:56.005+0000] {logging_mixin.py:188} INFO - [2024-05-06T18:27:56.005+0000] {dag.py:3954} INFO - Setting next_dagrun for latest_only_with_trigger to 2024-05-06 12:00:00+00:00, run_after=2024-05-06 16:00:00+00:00
[2024-05-06T18:27:56.013+0000] {processor.py:183} INFO - Processing /home/airflow/.local/lib/python3.12/site-packages/airflow/example_dags/example_latest_only_with_trigger.py took 0.037 seconds
[2024-05-06T18:28:26.615+0000] {processor.py:161} INFO - Started process (PID=3122) to work on /home/airflow/.local/lib/python3.12/site-packages/airflow/example_dags/example_latest_only_with_trigger.py
[2024-05-06T18:28:26.616+0000] {processor.py:830} INFO - Processing file /home/airflow/.local/lib/python3.12/site-packages/airflow/example_dags/example_latest_only_with_trigger.py for tasks to queue
[2024-05-06T18:28:26.617+0000] {logging_mixin.py:188} INFO - [2024-05-06T18:28:26.616+0000] {dagbag.py:540} INFO - Filling up the DagBag from /home/airflow/.local/lib/python3.12/site-packages/airflow/example_dags/example_latest_only_with_trigger.py
[2024-05-06T18:28:26.619+0000] {processor.py:840} INFO - DAG(s) 'latest_only_with_trigger' retrieved from /home/airflow/.local/lib/python3.12/site-packages/airflow/example_dags/example_latest_only_with_trigger.py
[2024-05-06T18:28:26.630+0000] {logging_mixin.py:188} INFO - [2024-05-06T18:28:26.629+0000] {dag.py:3096} INFO - Sync 1 DAGs
[2024-05-06T18:28:26.639+0000] {logging_mixin.py:188} INFO - [2024-05-06T18:28:26.639+0000] {dag.py:3954} INFO - Setting next_dagrun for latest_only_with_trigger to 2024-05-06 12:00:00+00:00, run_after=2024-05-06 16:00:00+00:00
[2024-05-06T18:28:26.647+0000] {processor.py:183} INFO - Processing /home/airflow/.local/lib/python3.12/site-packages/airflow/example_dags/example_latest_only_with_trigger.py took 0.035 seconds
[2024-05-06T18:28:57.361+0000] {processor.py:161} INFO - Started process (PID=3180) to work on /home/airflow/.local/lib/python3.12/site-packages/airflow/example_dags/example_latest_only_with_trigger.py
[2024-05-06T18:28:57.362+0000] {processor.py:830} INFO - Processing file /home/airflow/.local/lib/python3.12/site-packages/airflow/example_dags/example_latest_only_with_trigger.py for tasks to queue
[2024-05-06T18:28:57.363+0000] {logging_mixin.py:188} INFO - [2024-05-06T18:28:57.362+0000] {dagbag.py:540} INFO - Filling up the DagBag from /home/airflow/.local/lib/python3.12/site-packages/airflow/example_dags/example_latest_only_with_trigger.py
[2024-05-06T18:28:57.365+0000] {processor.py:840} INFO - DAG(s) 'latest_only_with_trigger' retrieved from /home/airflow/.local/lib/python3.12/site-packages/airflow/example_dags/example_latest_only_with_trigger.py
[2024-05-06T18:28:57.374+0000] {logging_mixin.py:188} INFO - [2024-05-06T18:28:57.374+0000] {dag.py:3096} INFO - Sync 1 DAGs
[2024-05-06T18:28:57.384+0000] {logging_mixin.py:188} INFO - [2024-05-06T18:28:57.384+0000] {dag.py:3954} INFO - Setting next_dagrun for latest_only_with_trigger to 2024-05-06 12:00:00+00:00, run_after=2024-05-06 16:00:00+00:00
[2024-05-06T18:28:57.392+0000] {processor.py:183} INFO - Processing /home/airflow/.local/lib/python3.12/site-packages/airflow/example_dags/example_latest_only_with_trigger.py took 0.033 seconds
[2024-05-06T18:29:28.236+0000] {processor.py:161} INFO - Started process (PID=3238) to work on /home/airflow/.local/lib/python3.12/site-packages/airflow/example_dags/example_latest_only_with_trigger.py
[2024-05-06T18:29:28.236+0000] {processor.py:830} INFO - Processing file /home/airflow/.local/lib/python3.12/site-packages/airflow/example_dags/example_latest_only_with_trigger.py for tasks to queue
[2024-05-06T18:29:28.237+0000] {logging_mixin.py:188} INFO - [2024-05-06T18:29:28.237+0000] {dagbag.py:540} INFO - Filling up the DagBag from /home/airflow/.local/lib/python3.12/site-packages/airflow/example_dags/example_latest_only_with_trigger.py
[2024-05-06T18:29:28.240+0000] {processor.py:840} INFO - DAG(s) 'latest_only_with_trigger' retrieved from /home/airflow/.local/lib/python3.12/site-packages/airflow/example_dags/example_latest_only_with_trigger.py
[2024-05-06T18:29:28.250+0000] {logging_mixin.py:188} INFO - [2024-05-06T18:29:28.250+0000] {dag.py:3096} INFO - Sync 1 DAGs
[2024-05-06T18:29:28.260+0000] {logging_mixin.py:188} INFO - [2024-05-06T18:29:28.260+0000] {dag.py:3954} INFO - Setting next_dagrun for latest_only_with_trigger to 2024-05-06 12:00:00+00:00, run_after=2024-05-06 16:00:00+00:00
[2024-05-06T18:29:28.268+0000] {processor.py:183} INFO - Processing /home/airflow/.local/lib/python3.12/site-packages/airflow/example_dags/example_latest_only_with_trigger.py took 0.035 seconds
[2024-05-06T19:02:50.839+0000] {processor.py:161} INFO - Started process (PID=3295) to work on /home/airflow/.local/lib/python3.12/site-packages/airflow/example_dags/example_latest_only_with_trigger.py
[2024-05-06T19:02:50.840+0000] {processor.py:830} INFO - Processing file /home/airflow/.local/lib/python3.12/site-packages/airflow/example_dags/example_latest_only_with_trigger.py for tasks to queue
[2024-05-06T19:02:50.843+0000] {logging_mixin.py:188} INFO - [2024-05-06T19:02:50.843+0000] {dagbag.py:540} INFO - Filling up the DagBag from /home/airflow/.local/lib/python3.12/site-packages/airflow/example_dags/example_latest_only_with_trigger.py
[2024-05-06T19:02:50.846+0000] {processor.py:840} INFO - DAG(s) 'latest_only_with_trigger' retrieved from /home/airflow/.local/lib/python3.12/site-packages/airflow/example_dags/example_latest_only_with_trigger.py
[2024-05-06T19:02:50.857+0000] {logging_mixin.py:188} INFO - [2024-05-06T19:02:50.856+0000] {dag.py:3096} INFO - Sync 1 DAGs
[2024-05-06T19:02:50.868+0000] {logging_mixin.py:188} INFO - [2024-05-06T19:02:50.868+0000] {dag.py:3954} INFO - Setting next_dagrun for latest_only_with_trigger to 2024-05-06 12:00:00+00:00, run_after=2024-05-06 16:00:00+00:00
[2024-05-06T19:02:50.876+0000] {processor.py:183} INFO - Processing /home/airflow/.local/lib/python3.12/site-packages/airflow/example_dags/example_latest_only_with_trigger.py took 0.040 seconds
[2024-05-06T19:24:26.537+0000] {processor.py:161} INFO - Started process (PID=3353) to work on /home/airflow/.local/lib/python3.12/site-packages/airflow/example_dags/example_latest_only_with_trigger.py
[2024-05-06T19:24:26.538+0000] {processor.py:830} INFO - Processing file /home/airflow/.local/lib/python3.12/site-packages/airflow/example_dags/example_latest_only_with_trigger.py for tasks to queue
[2024-05-06T19:24:26.539+0000] {logging_mixin.py:188} INFO - [2024-05-06T19:24:26.539+0000] {dagbag.py:540} INFO - Filling up the DagBag from /home/airflow/.local/lib/python3.12/site-packages/airflow/example_dags/example_latest_only_with_trigger.py
[2024-05-06T19:24:26.542+0000] {processor.py:840} INFO - DAG(s) 'latest_only_with_trigger' retrieved from /home/airflow/.local/lib/python3.12/site-packages/airflow/example_dags/example_latest_only_with_trigger.py
[2024-05-06T19:24:26.553+0000] {logging_mixin.py:188} INFO - [2024-05-06T19:24:26.553+0000] {dag.py:3096} INFO - Sync 1 DAGs
[2024-05-06T19:24:26.562+0000] {logging_mixin.py:188} INFO - [2024-05-06T19:24:26.562+0000] {dag.py:3954} INFO - Setting next_dagrun for latest_only_with_trigger to 2024-05-06 12:00:00+00:00, run_after=2024-05-06 16:00:00+00:00
[2024-05-06T19:24:26.569+0000] {processor.py:183} INFO - Processing /home/airflow/.local/lib/python3.12/site-packages/airflow/example_dags/example_latest_only_with_trigger.py took 0.035 seconds
[2024-05-06T19:30:01.815+0000] {processor.py:161} INFO - Started process (PID=3411) to work on /home/airflow/.local/lib/python3.12/site-packages/airflow/example_dags/example_latest_only_with_trigger.py
[2024-05-06T19:30:01.816+0000] {processor.py:830} INFO - Processing file /home/airflow/.local/lib/python3.12/site-packages/airflow/example_dags/example_latest_only_with_trigger.py for tasks to queue
[2024-05-06T19:30:01.817+0000] {logging_mixin.py:188} INFO - [2024-05-06T19:30:01.817+0000] {dagbag.py:540} INFO - Filling up the DagBag from /home/airflow/.local/lib/python3.12/site-packages/airflow/example_dags/example_latest_only_with_trigger.py
[2024-05-06T19:30:01.820+0000] {processor.py:840} INFO - DAG(s) 'latest_only_with_trigger' retrieved from /home/airflow/.local/lib/python3.12/site-packages/airflow/example_dags/example_latest_only_with_trigger.py
[2024-05-06T19:30:01.831+0000] {logging_mixin.py:188} INFO - [2024-05-06T19:30:01.831+0000] {dag.py:3096} INFO - Sync 1 DAGs
[2024-05-06T19:30:01.841+0000] {logging_mixin.py:188} INFO - [2024-05-06T19:30:01.841+0000] {dag.py:3954} INFO - Setting next_dagrun for latest_only_with_trigger to 2024-05-06 12:00:00+00:00, run_after=2024-05-06 16:00:00+00:00
[2024-05-06T19:30:01.848+0000] {processor.py:183} INFO - Processing /home/airflow/.local/lib/python3.12/site-packages/airflow/example_dags/example_latest_only_with_trigger.py took 0.036 seconds
[2024-05-06T19:34:22.286+0000] {processor.py:161} INFO - Started process (PID=3463) to work on /home/airflow/.local/lib/python3.12/site-packages/airflow/example_dags/example_latest_only_with_trigger.py
[2024-05-06T19:34:22.287+0000] {processor.py:830} INFO - Processing file /home/airflow/.local/lib/python3.12/site-packages/airflow/example_dags/example_latest_only_with_trigger.py for tasks to queue
[2024-05-06T19:34:22.288+0000] {logging_mixin.py:188} INFO - [2024-05-06T19:34:22.288+0000] {dagbag.py:540} INFO - Filling up the DagBag from /home/airflow/.local/lib/python3.12/site-packages/airflow/example_dags/example_latest_only_with_trigger.py
[2024-05-06T19:34:22.291+0000] {processor.py:840} INFO - DAG(s) 'latest_only_with_trigger' retrieved from /home/airflow/.local/lib/python3.12/site-packages/airflow/example_dags/example_latest_only_with_trigger.py
[2024-05-06T19:34:22.300+0000] {logging_mixin.py:188} INFO - [2024-05-06T19:34:22.300+0000] {dag.py:3096} INFO - Sync 1 DAGs
[2024-05-06T19:34:22.310+0000] {logging_mixin.py:188} INFO - [2024-05-06T19:34:22.310+0000] {dag.py:3954} INFO - Setting next_dagrun for latest_only_with_trigger to 2024-05-06 12:00:00+00:00, run_after=2024-05-06 16:00:00+00:00
[2024-05-06T19:34:22.318+0000] {processor.py:183} INFO - Processing /home/airflow/.local/lib/python3.12/site-packages/airflow/example_dags/example_latest_only_with_trigger.py took 0.035 seconds
[2024-05-06T19:52:32.610+0000] {processor.py:161} INFO - Started process (PID=3525) to work on /home/airflow/.local/lib/python3.12/site-packages/airflow/example_dags/example_latest_only_with_trigger.py
[2024-05-06T19:52:32.611+0000] {processor.py:830} INFO - Processing file /home/airflow/.local/lib/python3.12/site-packages/airflow/example_dags/example_latest_only_with_trigger.py for tasks to queue
[2024-05-06T19:52:32.612+0000] {logging_mixin.py:188} INFO - [2024-05-06T19:52:32.612+0000] {dagbag.py:540} INFO - Filling up the DagBag from /home/airflow/.local/lib/python3.12/site-packages/airflow/example_dags/example_latest_only_with_trigger.py
[2024-05-06T19:52:32.615+0000] {processor.py:840} INFO - DAG(s) 'latest_only_with_trigger' retrieved from /home/airflow/.local/lib/python3.12/site-packages/airflow/example_dags/example_latest_only_with_trigger.py
[2024-05-06T19:52:32.627+0000] {logging_mixin.py:188} INFO - [2024-05-06T19:52:32.627+0000] {dag.py:3096} INFO - Sync 1 DAGs
[2024-05-06T19:52:32.640+0000] {logging_mixin.py:188} INFO - [2024-05-06T19:52:32.639+0000] {dag.py:3954} INFO - Setting next_dagrun for latest_only_with_trigger to 2024-05-06 12:00:00+00:00, run_after=2024-05-06 16:00:00+00:00
[2024-05-06T19:52:32.649+0000] {processor.py:183} INFO - Processing /home/airflow/.local/lib/python3.12/site-packages/airflow/example_dags/example_latest_only_with_trigger.py took 0.042 seconds
