[2024-05-06T20:01:45.608+0000] {processor.py:161} INFO - Started process (PID=4558) to work on /home/airflow/.local/lib/python3.12/site-packages/airflow/example_dags/example_datasets.py
[2024-05-06T20:01:45.609+0000] {processor.py:830} INFO - Processing file /home/airflow/.local/lib/python3.12/site-packages/airflow/example_dags/example_datasets.py for tasks to queue
[2024-05-06T20:01:45.610+0000] {logging_mixin.py:188} INFO - [2024-05-06T20:01:45.610+0000] {dagbag.py:540} INFO - Filling up the DagBag from /home/airflow/.local/lib/python3.12/site-packages/airflow/example_dags/example_datasets.py
[2024-05-06T20:01:45.616+0000] {processor.py:840} INFO - DAG(s) 'dataset_produces_1', 'dataset_consumes_unknown_never_scheduled', 'dataset_produces_2', 'dataset_consumes_1', 'consume_1_and_2_with_dataset_expressions', 'dataset_consumes_1_and_2', 'consume_1_or_both_2_and_3_with_dataset_expressions', 'dataset_consumes_1_never_scheduled', 'conditional_dataset_and_time_based_timetable', 'consume_1_or_2_with_dataset_expressions' retrieved from /home/airflow/.local/lib/python3.12/site-packages/airflow/example_dags/example_datasets.py
[2024-05-06T20:01:45.636+0000] {logging_mixin.py:188} INFO - [2024-05-06T20:01:45.636+0000] {dag.py:3096} INFO - Sync 10 DAGs
[2024-05-06T20:01:45.648+0000] {logging_mixin.py:188} INFO - [2024-05-06T20:01:45.648+0000] {dag.py:3954} INFO - Setting next_dagrun for conditional_dataset_and_time_based_timetable to 2024-05-01 01:00:00+00:00, run_after=2024-05-01 01:00:00+00:00
[2024-05-06T20:01:45.650+0000] {logging_mixin.py:188} INFO - [2024-05-06T20:01:45.650+0000] {dag.py:3954} INFO - Setting next_dagrun for consume_1_and_2_with_dataset_expressions to None, run_after=None
[2024-05-06T20:01:45.651+0000] {logging_mixin.py:188} INFO - [2024-05-06T20:01:45.651+0000] {dag.py:3954} INFO - Setting next_dagrun for consume_1_or_2_with_dataset_expressions to None, run_after=None
[2024-05-06T20:01:45.651+0000] {logging_mixin.py:188} INFO - [2024-05-06T20:01:45.651+0000] {dag.py:3954} INFO - Setting next_dagrun for consume_1_or_both_2_and_3_with_dataset_expressions to None, run_after=None
[2024-05-06T20:01:45.652+0000] {logging_mixin.py:188} INFO - [2024-05-06T20:01:45.652+0000] {dag.py:3954} INFO - Setting next_dagrun for dataset_consumes_1 to None, run_after=None
[2024-05-06T20:01:45.653+0000] {logging_mixin.py:188} INFO - [2024-05-06T20:01:45.653+0000] {dag.py:3954} INFO - Setting next_dagrun for dataset_consumes_1_and_2 to None, run_after=None
[2024-05-06T20:01:45.653+0000] {logging_mixin.py:188} INFO - [2024-05-06T20:01:45.653+0000] {dag.py:3954} INFO - Setting next_dagrun for dataset_consumes_1_never_scheduled to None, run_after=None
[2024-05-06T20:01:45.654+0000] {logging_mixin.py:188} INFO - [2024-05-06T20:01:45.654+0000] {dag.py:3954} INFO - Setting next_dagrun for dataset_consumes_unknown_never_scheduled to None, run_after=None
[2024-05-06T20:01:45.655+0000] {logging_mixin.py:188} INFO - [2024-05-06T20:01:45.655+0000] {dag.py:3954} INFO - Setting next_dagrun for dataset_produces_1 to 2024-05-05 00:00:00+00:00, run_after=2024-05-06 00:00:00+00:00
[2024-05-06T20:01:45.655+0000] {logging_mixin.py:188} INFO - [2024-05-06T20:01:45.655+0000] {dag.py:3954} INFO - Setting next_dagrun for dataset_produces_2 to None, run_after=None
[2024-05-06T20:01:45.670+0000] {processor.py:183} INFO - Processing /home/airflow/.local/lib/python3.12/site-packages/airflow/example_dags/example_datasets.py took 0.065 seconds
[2024-05-06T20:02:16.540+0000] {processor.py:161} INFO - Started process (PID=4616) to work on /home/airflow/.local/lib/python3.12/site-packages/airflow/example_dags/example_datasets.py
[2024-05-06T20:02:16.541+0000] {processor.py:830} INFO - Processing file /home/airflow/.local/lib/python3.12/site-packages/airflow/example_dags/example_datasets.py for tasks to queue
[2024-05-06T20:02:16.542+0000] {logging_mixin.py:188} INFO - [2024-05-06T20:02:16.542+0000] {dagbag.py:540} INFO - Filling up the DagBag from /home/airflow/.local/lib/python3.12/site-packages/airflow/example_dags/example_datasets.py
[2024-05-06T20:02:16.549+0000] {processor.py:840} INFO - DAG(s) 'consume_1_or_both_2_and_3_with_dataset_expressions', 'dataset_consumes_1_never_scheduled', 'consume_1_or_2_with_dataset_expressions', 'dataset_produces_1', 'dataset_consumes_unknown_never_scheduled', 'dataset_consumes_1_and_2', 'dataset_consumes_1', 'conditional_dataset_and_time_based_timetable', 'consume_1_and_2_with_dataset_expressions', 'dataset_produces_2' retrieved from /home/airflow/.local/lib/python3.12/site-packages/airflow/example_dags/example_datasets.py
[2024-05-06T20:02:16.572+0000] {logging_mixin.py:188} INFO - [2024-05-06T20:02:16.572+0000] {dag.py:3096} INFO - Sync 10 DAGs
[2024-05-06T20:02:16.587+0000] {logging_mixin.py:188} INFO - [2024-05-06T20:02:16.586+0000] {dag.py:3954} INFO - Setting next_dagrun for conditional_dataset_and_time_based_timetable to 2024-05-01 01:00:00+00:00, run_after=2024-05-01 01:00:00+00:00
[2024-05-06T20:02:16.589+0000] {logging_mixin.py:188} INFO - [2024-05-06T20:02:16.589+0000] {dag.py:3954} INFO - Setting next_dagrun for consume_1_and_2_with_dataset_expressions to None, run_after=None
[2024-05-06T20:02:16.590+0000] {logging_mixin.py:188} INFO - [2024-05-06T20:02:16.590+0000] {dag.py:3954} INFO - Setting next_dagrun for consume_1_or_2_with_dataset_expressions to None, run_after=None
[2024-05-06T20:02:16.590+0000] {logging_mixin.py:188} INFO - [2024-05-06T20:02:16.590+0000] {dag.py:3954} INFO - Setting next_dagrun for consume_1_or_both_2_and_3_with_dataset_expressions to None, run_after=None
[2024-05-06T20:02:16.591+0000] {logging_mixin.py:188} INFO - [2024-05-06T20:02:16.591+0000] {dag.py:3954} INFO - Setting next_dagrun for dataset_consumes_1 to None, run_after=None
[2024-05-06T20:02:16.592+0000] {logging_mixin.py:188} INFO - [2024-05-06T20:02:16.592+0000] {dag.py:3954} INFO - Setting next_dagrun for dataset_consumes_1_and_2 to None, run_after=None
[2024-05-06T20:02:16.593+0000] {logging_mixin.py:188} INFO - [2024-05-06T20:02:16.593+0000] {dag.py:3954} INFO - Setting next_dagrun for dataset_consumes_1_never_scheduled to None, run_after=None
[2024-05-06T20:02:16.594+0000] {logging_mixin.py:188} INFO - [2024-05-06T20:02:16.594+0000] {dag.py:3954} INFO - Setting next_dagrun for dataset_consumes_unknown_never_scheduled to None, run_after=None
[2024-05-06T20:02:16.597+0000] {logging_mixin.py:188} INFO - [2024-05-06T20:02:16.596+0000] {dag.py:3954} INFO - Setting next_dagrun for dataset_produces_1 to 2024-05-05 00:00:00+00:00, run_after=2024-05-06 00:00:00+00:00
[2024-05-06T20:02:16.598+0000] {logging_mixin.py:188} INFO - [2024-05-06T20:02:16.598+0000] {dag.py:3954} INFO - Setting next_dagrun for dataset_produces_2 to None, run_after=None
[2024-05-06T20:02:16.628+0000] {processor.py:183} INFO - Processing /home/airflow/.local/lib/python3.12/site-packages/airflow/example_dags/example_datasets.py took 0.091 seconds
[2024-05-06T20:02:47.580+0000] {processor.py:161} INFO - Started process (PID=4675) to work on /home/airflow/.local/lib/python3.12/site-packages/airflow/example_dags/example_datasets.py
[2024-05-06T20:02:47.581+0000] {processor.py:830} INFO - Processing file /home/airflow/.local/lib/python3.12/site-packages/airflow/example_dags/example_datasets.py for tasks to queue
[2024-05-06T20:02:47.583+0000] {logging_mixin.py:188} INFO - [2024-05-06T20:02:47.582+0000] {dagbag.py:540} INFO - Filling up the DagBag from /home/airflow/.local/lib/python3.12/site-packages/airflow/example_dags/example_datasets.py
[2024-05-06T20:02:47.590+0000] {processor.py:840} INFO - DAG(s) 'dataset_consumes_1_never_scheduled', 'dataset_consumes_1_and_2', 'dataset_consumes_unknown_never_scheduled', 'conditional_dataset_and_time_based_timetable', 'dataset_consumes_1', 'consume_1_and_2_with_dataset_expressions', 'dataset_produces_1', 'consume_1_or_2_with_dataset_expressions', 'consume_1_or_both_2_and_3_with_dataset_expressions', 'dataset_produces_2' retrieved from /home/airflow/.local/lib/python3.12/site-packages/airflow/example_dags/example_datasets.py
[2024-05-06T20:02:47.617+0000] {logging_mixin.py:188} INFO - [2024-05-06T20:02:47.616+0000] {dag.py:3096} INFO - Sync 10 DAGs
[2024-05-06T20:02:47.636+0000] {logging_mixin.py:188} INFO - [2024-05-06T20:02:47.636+0000] {dag.py:3954} INFO - Setting next_dagrun for conditional_dataset_and_time_based_timetable to 2024-05-01 01:00:00+00:00, run_after=2024-05-01 01:00:00+00:00
[2024-05-06T20:02:47.638+0000] {logging_mixin.py:188} INFO - [2024-05-06T20:02:47.638+0000] {dag.py:3954} INFO - Setting next_dagrun for consume_1_and_2_with_dataset_expressions to None, run_after=None
[2024-05-06T20:02:47.639+0000] {logging_mixin.py:188} INFO - [2024-05-06T20:02:47.639+0000] {dag.py:3954} INFO - Setting next_dagrun for consume_1_or_2_with_dataset_expressions to None, run_after=None
[2024-05-06T20:02:47.641+0000] {logging_mixin.py:188} INFO - [2024-05-06T20:02:47.640+0000] {dag.py:3954} INFO - Setting next_dagrun for consume_1_or_both_2_and_3_with_dataset_expressions to None, run_after=None
[2024-05-06T20:02:47.642+0000] {logging_mixin.py:188} INFO - [2024-05-06T20:02:47.642+0000] {dag.py:3954} INFO - Setting next_dagrun for dataset_consumes_1 to None, run_after=None
[2024-05-06T20:02:47.643+0000] {logging_mixin.py:188} INFO - [2024-05-06T20:02:47.643+0000] {dag.py:3954} INFO - Setting next_dagrun for dataset_consumes_1_and_2 to None, run_after=None
[2024-05-06T20:02:47.644+0000] {logging_mixin.py:188} INFO - [2024-05-06T20:02:47.644+0000] {dag.py:3954} INFO - Setting next_dagrun for dataset_consumes_1_never_scheduled to None, run_after=None
[2024-05-06T20:02:47.645+0000] {logging_mixin.py:188} INFO - [2024-05-06T20:02:47.645+0000] {dag.py:3954} INFO - Setting next_dagrun for dataset_consumes_unknown_never_scheduled to None, run_after=None
[2024-05-06T20:02:47.646+0000] {logging_mixin.py:188} INFO - [2024-05-06T20:02:47.646+0000] {dag.py:3954} INFO - Setting next_dagrun for dataset_produces_1 to 2024-05-05 00:00:00+00:00, run_after=2024-05-06 00:00:00+00:00
[2024-05-06T20:02:47.647+0000] {logging_mixin.py:188} INFO - [2024-05-06T20:02:47.647+0000] {dag.py:3954} INFO - Setting next_dagrun for dataset_produces_2 to None, run_after=None
[2024-05-06T20:02:47.663+0000] {processor.py:183} INFO - Processing /home/airflow/.local/lib/python3.12/site-packages/airflow/example_dags/example_datasets.py took 0.087 seconds
[2024-05-06T20:03:18.491+0000] {processor.py:161} INFO - Started process (PID=4734) to work on /home/airflow/.local/lib/python3.12/site-packages/airflow/example_dags/example_datasets.py
[2024-05-06T20:03:18.492+0000] {processor.py:830} INFO - Processing file /home/airflow/.local/lib/python3.12/site-packages/airflow/example_dags/example_datasets.py for tasks to queue
[2024-05-06T20:03:18.493+0000] {logging_mixin.py:188} INFO - [2024-05-06T20:03:18.493+0000] {dagbag.py:540} INFO - Filling up the DagBag from /home/airflow/.local/lib/python3.12/site-packages/airflow/example_dags/example_datasets.py
[2024-05-06T20:03:18.500+0000] {processor.py:840} INFO - DAG(s) 'dataset_produces_2', 'consume_1_and_2_with_dataset_expressions', 'dataset_produces_1', 'consume_1_or_2_with_dataset_expressions', 'conditional_dataset_and_time_based_timetable', 'dataset_consumes_1_and_2', 'dataset_consumes_1_never_scheduled', 'dataset_consumes_unknown_never_scheduled', 'consume_1_or_both_2_and_3_with_dataset_expressions', 'dataset_consumes_1' retrieved from /home/airflow/.local/lib/python3.12/site-packages/airflow/example_dags/example_datasets.py
[2024-05-06T20:03:18.521+0000] {logging_mixin.py:188} INFO - [2024-05-06T20:03:18.521+0000] {dag.py:3096} INFO - Sync 10 DAGs
[2024-05-06T20:03:18.534+0000] {logging_mixin.py:188} INFO - [2024-05-06T20:03:18.534+0000] {dag.py:3954} INFO - Setting next_dagrun for conditional_dataset_and_time_based_timetable to 2024-05-01 01:00:00+00:00, run_after=2024-05-01 01:00:00+00:00
[2024-05-06T20:03:18.536+0000] {logging_mixin.py:188} INFO - [2024-05-06T20:03:18.536+0000] {dag.py:3954} INFO - Setting next_dagrun for consume_1_and_2_with_dataset_expressions to None, run_after=None
[2024-05-06T20:03:18.537+0000] {logging_mixin.py:188} INFO - [2024-05-06T20:03:18.537+0000] {dag.py:3954} INFO - Setting next_dagrun for consume_1_or_2_with_dataset_expressions to None, run_after=None
[2024-05-06T20:03:18.538+0000] {logging_mixin.py:188} INFO - [2024-05-06T20:03:18.538+0000] {dag.py:3954} INFO - Setting next_dagrun for consume_1_or_both_2_and_3_with_dataset_expressions to None, run_after=None
[2024-05-06T20:03:18.538+0000] {logging_mixin.py:188} INFO - [2024-05-06T20:03:18.538+0000] {dag.py:3954} INFO - Setting next_dagrun for dataset_consumes_1 to None, run_after=None
[2024-05-06T20:03:18.539+0000] {logging_mixin.py:188} INFO - [2024-05-06T20:03:18.539+0000] {dag.py:3954} INFO - Setting next_dagrun for dataset_consumes_1_and_2 to None, run_after=None
[2024-05-06T20:03:18.539+0000] {logging_mixin.py:188} INFO - [2024-05-06T20:03:18.539+0000] {dag.py:3954} INFO - Setting next_dagrun for dataset_consumes_1_never_scheduled to None, run_after=None
[2024-05-06T20:03:18.540+0000] {logging_mixin.py:188} INFO - [2024-05-06T20:03:18.540+0000] {dag.py:3954} INFO - Setting next_dagrun for dataset_consumes_unknown_never_scheduled to None, run_after=None
[2024-05-06T20:03:18.541+0000] {logging_mixin.py:188} INFO - [2024-05-06T20:03:18.541+0000] {dag.py:3954} INFO - Setting next_dagrun for dataset_produces_1 to 2024-05-05 00:00:00+00:00, run_after=2024-05-06 00:00:00+00:00
[2024-05-06T20:03:18.542+0000] {logging_mixin.py:188} INFO - [2024-05-06T20:03:18.542+0000] {dag.py:3954} INFO - Setting next_dagrun for dataset_produces_2 to None, run_after=None
[2024-05-06T20:03:18.558+0000] {processor.py:183} INFO - Processing /home/airflow/.local/lib/python3.12/site-packages/airflow/example_dags/example_datasets.py took 0.069 seconds
[2024-05-06T20:03:49.306+0000] {processor.py:161} INFO - Started process (PID=4792) to work on /home/airflow/.local/lib/python3.12/site-packages/airflow/example_dags/example_datasets.py
[2024-05-06T20:03:49.307+0000] {processor.py:830} INFO - Processing file /home/airflow/.local/lib/python3.12/site-packages/airflow/example_dags/example_datasets.py for tasks to queue
[2024-05-06T20:03:49.308+0000] {logging_mixin.py:188} INFO - [2024-05-06T20:03:49.308+0000] {dagbag.py:540} INFO - Filling up the DagBag from /home/airflow/.local/lib/python3.12/site-packages/airflow/example_dags/example_datasets.py
[2024-05-06T20:03:49.316+0000] {processor.py:840} INFO - DAG(s) 'consume_1_and_2_with_dataset_expressions', 'consume_1_or_both_2_and_3_with_dataset_expressions', 'conditional_dataset_and_time_based_timetable', 'dataset_consumes_1_and_2', 'consume_1_or_2_with_dataset_expressions', 'dataset_produces_1', 'dataset_consumes_1_never_scheduled', 'dataset_consumes_unknown_never_scheduled', 'dataset_produces_2', 'dataset_consumes_1' retrieved from /home/airflow/.local/lib/python3.12/site-packages/airflow/example_dags/example_datasets.py
[2024-05-06T20:03:49.339+0000] {logging_mixin.py:188} INFO - [2024-05-06T20:03:49.339+0000] {dag.py:3096} INFO - Sync 10 DAGs
[2024-05-06T20:03:49.353+0000] {logging_mixin.py:188} INFO - [2024-05-06T20:03:49.353+0000] {dag.py:3954} INFO - Setting next_dagrun for conditional_dataset_and_time_based_timetable to 2024-05-01 01:00:00+00:00, run_after=2024-05-01 01:00:00+00:00
[2024-05-06T20:03:49.355+0000] {logging_mixin.py:188} INFO - [2024-05-06T20:03:49.355+0000] {dag.py:3954} INFO - Setting next_dagrun for consume_1_and_2_with_dataset_expressions to None, run_after=None
[2024-05-06T20:03:49.356+0000] {logging_mixin.py:188} INFO - [2024-05-06T20:03:49.356+0000] {dag.py:3954} INFO - Setting next_dagrun for consume_1_or_2_with_dataset_expressions to None, run_after=None
[2024-05-06T20:03:49.356+0000] {logging_mixin.py:188} INFO - [2024-05-06T20:03:49.356+0000] {dag.py:3954} INFO - Setting next_dagrun for consume_1_or_both_2_and_3_with_dataset_expressions to None, run_after=None
[2024-05-06T20:03:49.357+0000] {logging_mixin.py:188} INFO - [2024-05-06T20:03:49.357+0000] {dag.py:3954} INFO - Setting next_dagrun for dataset_consumes_1 to None, run_after=None
[2024-05-06T20:03:49.359+0000] {logging_mixin.py:188} INFO - [2024-05-06T20:03:49.358+0000] {dag.py:3954} INFO - Setting next_dagrun for dataset_consumes_1_and_2 to None, run_after=None
[2024-05-06T20:03:49.359+0000] {logging_mixin.py:188} INFO - [2024-05-06T20:03:49.359+0000] {dag.py:3954} INFO - Setting next_dagrun for dataset_consumes_1_never_scheduled to None, run_after=None
[2024-05-06T20:03:49.360+0000] {logging_mixin.py:188} INFO - [2024-05-06T20:03:49.360+0000] {dag.py:3954} INFO - Setting next_dagrun for dataset_consumes_unknown_never_scheduled to None, run_after=None
[2024-05-06T20:03:49.361+0000] {logging_mixin.py:188} INFO - [2024-05-06T20:03:49.361+0000] {dag.py:3954} INFO - Setting next_dagrun for dataset_produces_1 to 2024-05-05 00:00:00+00:00, run_after=2024-05-06 00:00:00+00:00
[2024-05-06T20:03:49.362+0000] {logging_mixin.py:188} INFO - [2024-05-06T20:03:49.362+0000] {dag.py:3954} INFO - Setting next_dagrun for dataset_produces_2 to None, run_after=None
[2024-05-06T20:03:49.377+0000] {processor.py:183} INFO - Processing /home/airflow/.local/lib/python3.12/site-packages/airflow/example_dags/example_datasets.py took 0.074 seconds
[2024-05-06T20:04:19.453+0000] {processor.py:161} INFO - Started process (PID=4850) to work on /home/airflow/.local/lib/python3.12/site-packages/airflow/example_dags/example_datasets.py
[2024-05-06T20:04:19.454+0000] {processor.py:830} INFO - Processing file /home/airflow/.local/lib/python3.12/site-packages/airflow/example_dags/example_datasets.py for tasks to queue
[2024-05-06T20:04:19.454+0000] {logging_mixin.py:188} INFO - [2024-05-06T20:04:19.454+0000] {dagbag.py:540} INFO - Filling up the DagBag from /home/airflow/.local/lib/python3.12/site-packages/airflow/example_dags/example_datasets.py
[2024-05-06T20:04:19.462+0000] {processor.py:840} INFO - DAG(s) 'dataset_consumes_1_and_2', 'conditional_dataset_and_time_based_timetable', 'consume_1_and_2_with_dataset_expressions', 'dataset_produces_1', 'consume_1_or_2_with_dataset_expressions', 'dataset_consumes_unknown_never_scheduled', 'consume_1_or_both_2_and_3_with_dataset_expressions', 'dataset_consumes_1', 'dataset_consumes_1_never_scheduled', 'dataset_produces_2' retrieved from /home/airflow/.local/lib/python3.12/site-packages/airflow/example_dags/example_datasets.py
[2024-05-06T20:04:19.482+0000] {logging_mixin.py:188} INFO - [2024-05-06T20:04:19.481+0000] {dag.py:3096} INFO - Sync 10 DAGs
[2024-05-06T20:04:19.493+0000] {logging_mixin.py:188} INFO - [2024-05-06T20:04:19.493+0000] {dag.py:3954} INFO - Setting next_dagrun for conditional_dataset_and_time_based_timetable to 2024-05-01 01:00:00+00:00, run_after=2024-05-01 01:00:00+00:00
[2024-05-06T20:04:19.496+0000] {logging_mixin.py:188} INFO - [2024-05-06T20:04:19.495+0000] {dag.py:3954} INFO - Setting next_dagrun for consume_1_and_2_with_dataset_expressions to None, run_after=None
[2024-05-06T20:04:19.496+0000] {logging_mixin.py:188} INFO - [2024-05-06T20:04:19.496+0000] {dag.py:3954} INFO - Setting next_dagrun for consume_1_or_2_with_dataset_expressions to None, run_after=None
[2024-05-06T20:04:19.497+0000] {logging_mixin.py:188} INFO - [2024-05-06T20:04:19.497+0000] {dag.py:3954} INFO - Setting next_dagrun for consume_1_or_both_2_and_3_with_dataset_expressions to None, run_after=None
[2024-05-06T20:04:19.497+0000] {logging_mixin.py:188} INFO - [2024-05-06T20:04:19.497+0000] {dag.py:3954} INFO - Setting next_dagrun for dataset_consumes_1 to None, run_after=None
[2024-05-06T20:04:19.498+0000] {logging_mixin.py:188} INFO - [2024-05-06T20:04:19.498+0000] {dag.py:3954} INFO - Setting next_dagrun for dataset_consumes_1_and_2 to None, run_after=None
[2024-05-06T20:04:19.499+0000] {logging_mixin.py:188} INFO - [2024-05-06T20:04:19.498+0000] {dag.py:3954} INFO - Setting next_dagrun for dataset_consumes_1_never_scheduled to None, run_after=None
[2024-05-06T20:04:19.499+0000] {logging_mixin.py:188} INFO - [2024-05-06T20:04:19.499+0000] {dag.py:3954} INFO - Setting next_dagrun for dataset_consumes_unknown_never_scheduled to None, run_after=None
[2024-05-06T20:04:19.500+0000] {logging_mixin.py:188} INFO - [2024-05-06T20:04:19.500+0000] {dag.py:3954} INFO - Setting next_dagrun for dataset_produces_1 to 2024-05-05 00:00:00+00:00, run_after=2024-05-06 00:00:00+00:00
[2024-05-06T20:04:19.501+0000] {logging_mixin.py:188} INFO - [2024-05-06T20:04:19.501+0000] {dag.py:3954} INFO - Setting next_dagrun for dataset_produces_2 to None, run_after=None
[2024-05-06T20:04:19.518+0000] {processor.py:183} INFO - Processing /home/airflow/.local/lib/python3.12/site-packages/airflow/example_dags/example_datasets.py took 0.068 seconds
[2024-05-06T20:04:49.626+0000] {processor.py:161} INFO - Started process (PID=4909) to work on /home/airflow/.local/lib/python3.12/site-packages/airflow/example_dags/example_datasets.py
[2024-05-06T20:04:49.626+0000] {processor.py:830} INFO - Processing file /home/airflow/.local/lib/python3.12/site-packages/airflow/example_dags/example_datasets.py for tasks to queue
[2024-05-06T20:04:49.627+0000] {logging_mixin.py:188} INFO - [2024-05-06T20:04:49.627+0000] {dagbag.py:540} INFO - Filling up the DagBag from /home/airflow/.local/lib/python3.12/site-packages/airflow/example_dags/example_datasets.py
[2024-05-06T20:04:49.634+0000] {processor.py:840} INFO - DAG(s) 'dataset_consumes_1', 'dataset_produces_2', 'consume_1_and_2_with_dataset_expressions', 'dataset_consumes_1_never_scheduled', 'consume_1_or_2_with_dataset_expressions', 'dataset_consumes_unknown_never_scheduled', 'conditional_dataset_and_time_based_timetable', 'dataset_consumes_1_and_2', 'dataset_produces_1', 'consume_1_or_both_2_and_3_with_dataset_expressions' retrieved from /home/airflow/.local/lib/python3.12/site-packages/airflow/example_dags/example_datasets.py
[2024-05-06T20:04:49.657+0000] {logging_mixin.py:188} INFO - [2024-05-06T20:04:49.657+0000] {dag.py:3096} INFO - Sync 10 DAGs
[2024-05-06T20:04:49.670+0000] {logging_mixin.py:188} INFO - [2024-05-06T20:04:49.670+0000] {dag.py:3954} INFO - Setting next_dagrun for conditional_dataset_and_time_based_timetable to 2024-05-01 01:00:00+00:00, run_after=2024-05-01 01:00:00+00:00
[2024-05-06T20:04:49.672+0000] {logging_mixin.py:188} INFO - [2024-05-06T20:04:49.672+0000] {dag.py:3954} INFO - Setting next_dagrun for consume_1_and_2_with_dataset_expressions to None, run_after=None
[2024-05-06T20:04:49.673+0000] {logging_mixin.py:188} INFO - [2024-05-06T20:04:49.673+0000] {dag.py:3954} INFO - Setting next_dagrun for consume_1_or_2_with_dataset_expressions to None, run_after=None
[2024-05-06T20:04:49.673+0000] {logging_mixin.py:188} INFO - [2024-05-06T20:04:49.673+0000] {dag.py:3954} INFO - Setting next_dagrun for consume_1_or_both_2_and_3_with_dataset_expressions to None, run_after=None
[2024-05-06T20:04:49.674+0000] {logging_mixin.py:188} INFO - [2024-05-06T20:04:49.674+0000] {dag.py:3954} INFO - Setting next_dagrun for dataset_consumes_1 to None, run_after=None
[2024-05-06T20:04:49.674+0000] {logging_mixin.py:188} INFO - [2024-05-06T20:04:49.674+0000] {dag.py:3954} INFO - Setting next_dagrun for dataset_consumes_1_and_2 to None, run_after=None
[2024-05-06T20:04:49.675+0000] {logging_mixin.py:188} INFO - [2024-05-06T20:04:49.675+0000] {dag.py:3954} INFO - Setting next_dagrun for dataset_consumes_1_never_scheduled to None, run_after=None
[2024-05-06T20:04:49.676+0000] {logging_mixin.py:188} INFO - [2024-05-06T20:04:49.676+0000] {dag.py:3954} INFO - Setting next_dagrun for dataset_consumes_unknown_never_scheduled to None, run_after=None
[2024-05-06T20:04:49.677+0000] {logging_mixin.py:188} INFO - [2024-05-06T20:04:49.677+0000] {dag.py:3954} INFO - Setting next_dagrun for dataset_produces_1 to 2024-05-05 00:00:00+00:00, run_after=2024-05-06 00:00:00+00:00
[2024-05-06T20:04:49.677+0000] {logging_mixin.py:188} INFO - [2024-05-06T20:04:49.677+0000] {dag.py:3954} INFO - Setting next_dagrun for dataset_produces_2 to None, run_after=None
[2024-05-06T20:04:49.693+0000] {processor.py:183} INFO - Processing /home/airflow/.local/lib/python3.12/site-packages/airflow/example_dags/example_datasets.py took 0.070 seconds
[2024-05-06T20:05:20.651+0000] {processor.py:161} INFO - Started process (PID=4968) to work on /home/airflow/.local/lib/python3.12/site-packages/airflow/example_dags/example_datasets.py
[2024-05-06T20:05:20.652+0000] {processor.py:830} INFO - Processing file /home/airflow/.local/lib/python3.12/site-packages/airflow/example_dags/example_datasets.py for tasks to queue
[2024-05-06T20:05:20.653+0000] {logging_mixin.py:188} INFO - [2024-05-06T20:05:20.652+0000] {dagbag.py:540} INFO - Filling up the DagBag from /home/airflow/.local/lib/python3.12/site-packages/airflow/example_dags/example_datasets.py
[2024-05-06T20:05:20.659+0000] {processor.py:840} INFO - DAG(s) 'dataset_consumes_unknown_never_scheduled', 'consume_1_and_2_with_dataset_expressions', 'dataset_produces_2', 'consume_1_or_both_2_and_3_with_dataset_expressions', 'dataset_produces_1', 'conditional_dataset_and_time_based_timetable', 'dataset_consumes_1', 'consume_1_or_2_with_dataset_expressions', 'dataset_consumes_1_and_2', 'dataset_consumes_1_never_scheduled' retrieved from /home/airflow/.local/lib/python3.12/site-packages/airflow/example_dags/example_datasets.py
[2024-05-06T20:05:20.678+0000] {logging_mixin.py:188} INFO - [2024-05-06T20:05:20.678+0000] {dag.py:3096} INFO - Sync 10 DAGs
[2024-05-06T20:05:20.690+0000] {logging_mixin.py:188} INFO - [2024-05-06T20:05:20.689+0000] {dag.py:3954} INFO - Setting next_dagrun for conditional_dataset_and_time_based_timetable to 2024-05-01 01:00:00+00:00, run_after=2024-05-01 01:00:00+00:00
[2024-05-06T20:05:20.692+0000] {logging_mixin.py:188} INFO - [2024-05-06T20:05:20.692+0000] {dag.py:3954} INFO - Setting next_dagrun for consume_1_and_2_with_dataset_expressions to None, run_after=None
[2024-05-06T20:05:20.692+0000] {logging_mixin.py:188} INFO - [2024-05-06T20:05:20.692+0000] {dag.py:3954} INFO - Setting next_dagrun for consume_1_or_2_with_dataset_expressions to None, run_after=None
[2024-05-06T20:05:20.693+0000] {logging_mixin.py:188} INFO - [2024-05-06T20:05:20.693+0000] {dag.py:3954} INFO - Setting next_dagrun for consume_1_or_both_2_and_3_with_dataset_expressions to None, run_after=None
[2024-05-06T20:05:20.694+0000] {logging_mixin.py:188} INFO - [2024-05-06T20:05:20.693+0000] {dag.py:3954} INFO - Setting next_dagrun for dataset_consumes_1 to None, run_after=None
[2024-05-06T20:05:20.694+0000] {logging_mixin.py:188} INFO - [2024-05-06T20:05:20.694+0000] {dag.py:3954} INFO - Setting next_dagrun for dataset_consumes_1_and_2 to None, run_after=None
[2024-05-06T20:05:20.695+0000] {logging_mixin.py:188} INFO - [2024-05-06T20:05:20.695+0000] {dag.py:3954} INFO - Setting next_dagrun for dataset_consumes_1_never_scheduled to None, run_after=None
[2024-05-06T20:05:20.695+0000] {logging_mixin.py:188} INFO - [2024-05-06T20:05:20.695+0000] {dag.py:3954} INFO - Setting next_dagrun for dataset_consumes_unknown_never_scheduled to None, run_after=None
[2024-05-06T20:05:20.696+0000] {logging_mixin.py:188} INFO - [2024-05-06T20:05:20.696+0000] {dag.py:3954} INFO - Setting next_dagrun for dataset_produces_1 to 2024-05-05 00:00:00+00:00, run_after=2024-05-06 00:00:00+00:00
[2024-05-06T20:05:20.697+0000] {logging_mixin.py:188} INFO - [2024-05-06T20:05:20.696+0000] {dag.py:3954} INFO - Setting next_dagrun for dataset_produces_2 to None, run_after=None
[2024-05-06T20:05:20.710+0000] {processor.py:183} INFO - Processing /home/airflow/.local/lib/python3.12/site-packages/airflow/example_dags/example_datasets.py took 0.062 seconds
[2024-05-06T20:05:51.250+0000] {processor.py:161} INFO - Started process (PID=5027) to work on /home/airflow/.local/lib/python3.12/site-packages/airflow/example_dags/example_datasets.py
[2024-05-06T20:05:51.250+0000] {processor.py:830} INFO - Processing file /home/airflow/.local/lib/python3.12/site-packages/airflow/example_dags/example_datasets.py for tasks to queue
[2024-05-06T20:05:51.251+0000] {logging_mixin.py:188} INFO - [2024-05-06T20:05:51.251+0000] {dagbag.py:540} INFO - Filling up the DagBag from /home/airflow/.local/lib/python3.12/site-packages/airflow/example_dags/example_datasets.py
[2024-05-06T20:05:51.259+0000] {processor.py:840} INFO - DAG(s) 'dataset_produces_2', 'conditional_dataset_and_time_based_timetable', 'dataset_consumes_unknown_never_scheduled', 'dataset_produces_1', 'consume_1_or_both_2_and_3_with_dataset_expressions', 'consume_1_or_2_with_dataset_expressions', 'dataset_consumes_1', 'dataset_consumes_1_and_2', 'dataset_consumes_1_never_scheduled', 'consume_1_and_2_with_dataset_expressions' retrieved from /home/airflow/.local/lib/python3.12/site-packages/airflow/example_dags/example_datasets.py
[2024-05-06T20:05:51.279+0000] {logging_mixin.py:188} INFO - [2024-05-06T20:05:51.279+0000] {dag.py:3096} INFO - Sync 10 DAGs
[2024-05-06T20:05:51.291+0000] {logging_mixin.py:188} INFO - [2024-05-06T20:05:51.291+0000] {dag.py:3954} INFO - Setting next_dagrun for conditional_dataset_and_time_based_timetable to 2024-05-01 01:00:00+00:00, run_after=2024-05-01 01:00:00+00:00
[2024-05-06T20:05:51.293+0000] {logging_mixin.py:188} INFO - [2024-05-06T20:05:51.293+0000] {dag.py:3954} INFO - Setting next_dagrun for consume_1_and_2_with_dataset_expressions to None, run_after=None
[2024-05-06T20:05:51.294+0000] {logging_mixin.py:188} INFO - [2024-05-06T20:05:51.294+0000] {dag.py:3954} INFO - Setting next_dagrun for consume_1_or_2_with_dataset_expressions to None, run_after=None
[2024-05-06T20:05:51.294+0000] {logging_mixin.py:188} INFO - [2024-05-06T20:05:51.294+0000] {dag.py:3954} INFO - Setting next_dagrun for consume_1_or_both_2_and_3_with_dataset_expressions to None, run_after=None
[2024-05-06T20:05:51.295+0000] {logging_mixin.py:188} INFO - [2024-05-06T20:05:51.295+0000] {dag.py:3954} INFO - Setting next_dagrun for dataset_consumes_1 to None, run_after=None
[2024-05-06T20:05:51.296+0000] {logging_mixin.py:188} INFO - [2024-05-06T20:05:51.295+0000] {dag.py:3954} INFO - Setting next_dagrun for dataset_consumes_1_and_2 to None, run_after=None
[2024-05-06T20:05:51.296+0000] {logging_mixin.py:188} INFO - [2024-05-06T20:05:51.296+0000] {dag.py:3954} INFO - Setting next_dagrun for dataset_consumes_1_never_scheduled to None, run_after=None
[2024-05-06T20:05:51.297+0000] {logging_mixin.py:188} INFO - [2024-05-06T20:05:51.297+0000] {dag.py:3954} INFO - Setting next_dagrun for dataset_consumes_unknown_never_scheduled to None, run_after=None
[2024-05-06T20:05:51.298+0000] {logging_mixin.py:188} INFO - [2024-05-06T20:05:51.298+0000] {dag.py:3954} INFO - Setting next_dagrun for dataset_produces_1 to 2024-05-05 00:00:00+00:00, run_after=2024-05-06 00:00:00+00:00
[2024-05-06T20:05:51.298+0000] {logging_mixin.py:188} INFO - [2024-05-06T20:05:51.298+0000] {dag.py:3954} INFO - Setting next_dagrun for dataset_produces_2 to None, run_after=None
[2024-05-06T20:05:51.313+0000] {processor.py:183} INFO - Processing /home/airflow/.local/lib/python3.12/site-packages/airflow/example_dags/example_datasets.py took 0.066 seconds
[2024-05-06T20:06:21.987+0000] {processor.py:161} INFO - Started process (PID=5086) to work on /home/airflow/.local/lib/python3.12/site-packages/airflow/example_dags/example_datasets.py
[2024-05-06T20:06:21.988+0000] {processor.py:830} INFO - Processing file /home/airflow/.local/lib/python3.12/site-packages/airflow/example_dags/example_datasets.py for tasks to queue
[2024-05-06T20:06:21.991+0000] {logging_mixin.py:188} INFO - [2024-05-06T20:06:21.990+0000] {dagbag.py:540} INFO - Filling up the DagBag from /home/airflow/.local/lib/python3.12/site-packages/airflow/example_dags/example_datasets.py
[2024-05-06T20:06:21.999+0000] {processor.py:840} INFO - DAG(s) 'dataset_produces_2', 'dataset_produces_1', 'dataset_consumes_1_and_2', 'consume_1_or_both_2_and_3_with_dataset_expressions', 'dataset_consumes_unknown_never_scheduled', 'consume_1_and_2_with_dataset_expressions', 'consume_1_or_2_with_dataset_expressions', 'dataset_consumes_1_never_scheduled', 'dataset_consumes_1', 'conditional_dataset_and_time_based_timetable' retrieved from /home/airflow/.local/lib/python3.12/site-packages/airflow/example_dags/example_datasets.py
[2024-05-06T20:06:22.023+0000] {logging_mixin.py:188} INFO - [2024-05-06T20:06:22.023+0000] {dag.py:3096} INFO - Sync 10 DAGs
[2024-05-06T20:06:22.039+0000] {logging_mixin.py:188} INFO - [2024-05-06T20:06:22.039+0000] {dag.py:3954} INFO - Setting next_dagrun for conditional_dataset_and_time_based_timetable to 2024-05-01 01:00:00+00:00, run_after=2024-05-01 01:00:00+00:00
[2024-05-06T20:06:22.043+0000] {logging_mixin.py:188} INFO - [2024-05-06T20:06:22.043+0000] {dag.py:3954} INFO - Setting next_dagrun for consume_1_and_2_with_dataset_expressions to None, run_after=None
[2024-05-06T20:06:22.045+0000] {logging_mixin.py:188} INFO - [2024-05-06T20:06:22.045+0000] {dag.py:3954} INFO - Setting next_dagrun for consume_1_or_2_with_dataset_expressions to None, run_after=None
[2024-05-06T20:06:22.046+0000] {logging_mixin.py:188} INFO - [2024-05-06T20:06:22.046+0000] {dag.py:3954} INFO - Setting next_dagrun for consume_1_or_both_2_and_3_with_dataset_expressions to None, run_after=None
[2024-05-06T20:06:22.050+0000] {logging_mixin.py:188} INFO - [2024-05-06T20:06:22.050+0000] {dag.py:3954} INFO - Setting next_dagrun for dataset_consumes_1 to None, run_after=None
[2024-05-06T20:06:22.051+0000] {logging_mixin.py:188} INFO - [2024-05-06T20:06:22.051+0000] {dag.py:3954} INFO - Setting next_dagrun for dataset_consumes_1_and_2 to None, run_after=None
[2024-05-06T20:06:22.052+0000] {logging_mixin.py:188} INFO - [2024-05-06T20:06:22.052+0000] {dag.py:3954} INFO - Setting next_dagrun for dataset_consumes_1_never_scheduled to None, run_after=None
[2024-05-06T20:06:22.054+0000] {logging_mixin.py:188} INFO - [2024-05-06T20:06:22.053+0000] {dag.py:3954} INFO - Setting next_dagrun for dataset_consumes_unknown_never_scheduled to None, run_after=None
[2024-05-06T20:06:22.055+0000] {logging_mixin.py:188} INFO - [2024-05-06T20:06:22.055+0000] {dag.py:3954} INFO - Setting next_dagrun for dataset_produces_1 to 2024-05-05 00:00:00+00:00, run_after=2024-05-06 00:00:00+00:00
[2024-05-06T20:06:22.055+0000] {logging_mixin.py:188} INFO - [2024-05-06T20:06:22.055+0000] {dag.py:3954} INFO - Setting next_dagrun for dataset_produces_2 to None, run_after=None
[2024-05-06T20:06:22.069+0000] {processor.py:183} INFO - Processing /home/airflow/.local/lib/python3.12/site-packages/airflow/example_dags/example_datasets.py took 0.087 seconds
[2024-05-06T20:06:52.562+0000] {processor.py:161} INFO - Started process (PID=5145) to work on /home/airflow/.local/lib/python3.12/site-packages/airflow/example_dags/example_datasets.py
[2024-05-06T20:06:52.563+0000] {processor.py:830} INFO - Processing file /home/airflow/.local/lib/python3.12/site-packages/airflow/example_dags/example_datasets.py for tasks to queue
[2024-05-06T20:06:52.565+0000] {logging_mixin.py:188} INFO - [2024-05-06T20:06:52.564+0000] {dagbag.py:540} INFO - Filling up the DagBag from /home/airflow/.local/lib/python3.12/site-packages/airflow/example_dags/example_datasets.py
[2024-05-06T20:06:52.572+0000] {processor.py:840} INFO - DAG(s) 'consume_1_or_both_2_and_3_with_dataset_expressions', 'dataset_produces_1', 'dataset_consumes_unknown_never_scheduled', 'consume_1_and_2_with_dataset_expressions', 'dataset_consumes_1_and_2', 'dataset_produces_2', 'dataset_consumes_1_never_scheduled', 'consume_1_or_2_with_dataset_expressions', 'dataset_consumes_1', 'conditional_dataset_and_time_based_timetable' retrieved from /home/airflow/.local/lib/python3.12/site-packages/airflow/example_dags/example_datasets.py
[2024-05-06T20:06:52.595+0000] {logging_mixin.py:188} INFO - [2024-05-06T20:06:52.595+0000] {dag.py:3096} INFO - Sync 10 DAGs
[2024-05-06T20:06:52.611+0000] {logging_mixin.py:188} INFO - [2024-05-06T20:06:52.611+0000] {dag.py:3954} INFO - Setting next_dagrun for conditional_dataset_and_time_based_timetable to 2024-05-01 01:00:00+00:00, run_after=2024-05-01 01:00:00+00:00
[2024-05-06T20:06:52.614+0000] {logging_mixin.py:188} INFO - [2024-05-06T20:06:52.613+0000] {dag.py:3954} INFO - Setting next_dagrun for consume_1_and_2_with_dataset_expressions to None, run_after=None
[2024-05-06T20:06:52.614+0000] {logging_mixin.py:188} INFO - [2024-05-06T20:06:52.614+0000] {dag.py:3954} INFO - Setting next_dagrun for consume_1_or_2_with_dataset_expressions to None, run_after=None
[2024-05-06T20:06:52.615+0000] {logging_mixin.py:188} INFO - [2024-05-06T20:06:52.615+0000] {dag.py:3954} INFO - Setting next_dagrun for consume_1_or_both_2_and_3_with_dataset_expressions to None, run_after=None
[2024-05-06T20:06:52.616+0000] {logging_mixin.py:188} INFO - [2024-05-06T20:06:52.616+0000] {dag.py:3954} INFO - Setting next_dagrun for dataset_consumes_1 to None, run_after=None
[2024-05-06T20:06:52.617+0000] {logging_mixin.py:188} INFO - [2024-05-06T20:06:52.617+0000] {dag.py:3954} INFO - Setting next_dagrun for dataset_consumes_1_and_2 to None, run_after=None
[2024-05-06T20:06:52.618+0000] {logging_mixin.py:188} INFO - [2024-05-06T20:06:52.618+0000] {dag.py:3954} INFO - Setting next_dagrun for dataset_consumes_1_never_scheduled to None, run_after=None
[2024-05-06T20:06:52.619+0000] {logging_mixin.py:188} INFO - [2024-05-06T20:06:52.619+0000] {dag.py:3954} INFO - Setting next_dagrun for dataset_consumes_unknown_never_scheduled to None, run_after=None
[2024-05-06T20:06:52.620+0000] {logging_mixin.py:188} INFO - [2024-05-06T20:06:52.620+0000] {dag.py:3954} INFO - Setting next_dagrun for dataset_produces_1 to 2024-05-05 00:00:00+00:00, run_after=2024-05-06 00:00:00+00:00
[2024-05-06T20:06:52.621+0000] {logging_mixin.py:188} INFO - [2024-05-06T20:06:52.621+0000] {dag.py:3954} INFO - Setting next_dagrun for dataset_produces_2 to None, run_after=None
[2024-05-06T20:06:52.635+0000] {processor.py:183} INFO - Processing /home/airflow/.local/lib/python3.12/site-packages/airflow/example_dags/example_datasets.py took 0.082 seconds
[2024-05-06T20:07:23.307+0000] {processor.py:161} INFO - Started process (PID=5203) to work on /home/airflow/.local/lib/python3.12/site-packages/airflow/example_dags/example_datasets.py
[2024-05-06T20:07:23.307+0000] {processor.py:830} INFO - Processing file /home/airflow/.local/lib/python3.12/site-packages/airflow/example_dags/example_datasets.py for tasks to queue
[2024-05-06T20:07:23.308+0000] {logging_mixin.py:188} INFO - [2024-05-06T20:07:23.308+0000] {dagbag.py:540} INFO - Filling up the DagBag from /home/airflow/.local/lib/python3.12/site-packages/airflow/example_dags/example_datasets.py
[2024-05-06T20:07:23.315+0000] {processor.py:840} INFO - DAG(s) 'dataset_consumes_1', 'dataset_consumes_unknown_never_scheduled', 'consume_1_or_both_2_and_3_with_dataset_expressions', 'dataset_consumes_1_and_2', 'dataset_consumes_1_never_scheduled', 'conditional_dataset_and_time_based_timetable', 'dataset_produces_2', 'consume_1_or_2_with_dataset_expressions', 'dataset_produces_1', 'consume_1_and_2_with_dataset_expressions' retrieved from /home/airflow/.local/lib/python3.12/site-packages/airflow/example_dags/example_datasets.py
[2024-05-06T20:07:23.344+0000] {logging_mixin.py:188} INFO - [2024-05-06T20:07:23.344+0000] {dag.py:3096} INFO - Sync 10 DAGs
[2024-05-06T20:07:23.356+0000] {logging_mixin.py:188} INFO - [2024-05-06T20:07:23.356+0000] {dag.py:3954} INFO - Setting next_dagrun for conditional_dataset_and_time_based_timetable to 2024-05-01 01:00:00+00:00, run_after=2024-05-01 01:00:00+00:00
[2024-05-06T20:07:23.358+0000] {logging_mixin.py:188} INFO - [2024-05-06T20:07:23.358+0000] {dag.py:3954} INFO - Setting next_dagrun for consume_1_and_2_with_dataset_expressions to None, run_after=None
[2024-05-06T20:07:23.359+0000] {logging_mixin.py:188} INFO - [2024-05-06T20:07:23.359+0000] {dag.py:3954} INFO - Setting next_dagrun for consume_1_or_2_with_dataset_expressions to None, run_after=None
[2024-05-06T20:07:23.359+0000] {logging_mixin.py:188} INFO - [2024-05-06T20:07:23.359+0000] {dag.py:3954} INFO - Setting next_dagrun for consume_1_or_both_2_and_3_with_dataset_expressions to None, run_after=None
[2024-05-06T20:07:23.360+0000] {logging_mixin.py:188} INFO - [2024-05-06T20:07:23.360+0000] {dag.py:3954} INFO - Setting next_dagrun for dataset_consumes_1 to None, run_after=None
[2024-05-06T20:07:23.360+0000] {logging_mixin.py:188} INFO - [2024-05-06T20:07:23.360+0000] {dag.py:3954} INFO - Setting next_dagrun for dataset_consumes_1_and_2 to None, run_after=None
[2024-05-06T20:07:23.361+0000] {logging_mixin.py:188} INFO - [2024-05-06T20:07:23.361+0000] {dag.py:3954} INFO - Setting next_dagrun for dataset_consumes_1_never_scheduled to None, run_after=None
[2024-05-06T20:07:23.361+0000] {logging_mixin.py:188} INFO - [2024-05-06T20:07:23.361+0000] {dag.py:3954} INFO - Setting next_dagrun for dataset_consumes_unknown_never_scheduled to None, run_after=None
[2024-05-06T20:07:23.362+0000] {logging_mixin.py:188} INFO - [2024-05-06T20:07:23.362+0000] {dag.py:3954} INFO - Setting next_dagrun for dataset_produces_1 to 2024-05-05 00:00:00+00:00, run_after=2024-05-06 00:00:00+00:00
[2024-05-06T20:07:23.363+0000] {logging_mixin.py:188} INFO - [2024-05-06T20:07:23.363+0000] {dag.py:3954} INFO - Setting next_dagrun for dataset_produces_2 to None, run_after=None
[2024-05-06T20:07:23.378+0000] {processor.py:183} INFO - Processing /home/airflow/.local/lib/python3.12/site-packages/airflow/example_dags/example_datasets.py took 0.074 seconds
[2024-05-06T20:07:54.389+0000] {processor.py:161} INFO - Started process (PID=5262) to work on /home/airflow/.local/lib/python3.12/site-packages/airflow/example_dags/example_datasets.py
[2024-05-06T20:07:54.390+0000] {processor.py:830} INFO - Processing file /home/airflow/.local/lib/python3.12/site-packages/airflow/example_dags/example_datasets.py for tasks to queue
[2024-05-06T20:07:54.393+0000] {logging_mixin.py:188} INFO - [2024-05-06T20:07:54.393+0000] {dagbag.py:540} INFO - Filling up the DagBag from /home/airflow/.local/lib/python3.12/site-packages/airflow/example_dags/example_datasets.py
[2024-05-06T20:07:54.410+0000] {processor.py:840} INFO - DAG(s) 'dataset_consumes_1', 'dataset_consumes_unknown_never_scheduled', 'dataset_produces_1', 'dataset_consumes_1_and_2', 'dataset_produces_2', 'consume_1_or_both_2_and_3_with_dataset_expressions', 'conditional_dataset_and_time_based_timetable', 'dataset_consumes_1_never_scheduled', 'consume_1_or_2_with_dataset_expressions', 'consume_1_and_2_with_dataset_expressions' retrieved from /home/airflow/.local/lib/python3.12/site-packages/airflow/example_dags/example_datasets.py
[2024-05-06T20:07:54.436+0000] {logging_mixin.py:188} INFO - [2024-05-06T20:07:54.435+0000] {dag.py:3096} INFO - Sync 10 DAGs
[2024-05-06T20:07:54.447+0000] {logging_mixin.py:188} INFO - [2024-05-06T20:07:54.447+0000] {dag.py:3954} INFO - Setting next_dagrun for conditional_dataset_and_time_based_timetable to 2024-05-01 01:00:00+00:00, run_after=2024-05-01 01:00:00+00:00
[2024-05-06T20:07:54.449+0000] {logging_mixin.py:188} INFO - [2024-05-06T20:07:54.449+0000] {dag.py:3954} INFO - Setting next_dagrun for consume_1_and_2_with_dataset_expressions to None, run_after=None
[2024-05-06T20:07:54.450+0000] {logging_mixin.py:188} INFO - [2024-05-06T20:07:54.450+0000] {dag.py:3954} INFO - Setting next_dagrun for consume_1_or_2_with_dataset_expressions to None, run_after=None
[2024-05-06T20:07:54.451+0000] {logging_mixin.py:188} INFO - [2024-05-06T20:07:54.451+0000] {dag.py:3954} INFO - Setting next_dagrun for consume_1_or_both_2_and_3_with_dataset_expressions to None, run_after=None
[2024-05-06T20:07:54.452+0000] {logging_mixin.py:188} INFO - [2024-05-06T20:07:54.452+0000] {dag.py:3954} INFO - Setting next_dagrun for dataset_consumes_1 to None, run_after=None
[2024-05-06T20:07:54.452+0000] {logging_mixin.py:188} INFO - [2024-05-06T20:07:54.452+0000] {dag.py:3954} INFO - Setting next_dagrun for dataset_consumes_1_and_2 to None, run_after=None
[2024-05-06T20:07:54.453+0000] {logging_mixin.py:188} INFO - [2024-05-06T20:07:54.453+0000] {dag.py:3954} INFO - Setting next_dagrun for dataset_consumes_1_never_scheduled to None, run_after=None
[2024-05-06T20:07:54.453+0000] {logging_mixin.py:188} INFO - [2024-05-06T20:07:54.453+0000] {dag.py:3954} INFO - Setting next_dagrun for dataset_consumes_unknown_never_scheduled to None, run_after=None
[2024-05-06T20:07:54.455+0000] {logging_mixin.py:188} INFO - [2024-05-06T20:07:54.454+0000] {dag.py:3954} INFO - Setting next_dagrun for dataset_produces_1 to 2024-05-05 00:00:00+00:00, run_after=2024-05-06 00:00:00+00:00
[2024-05-06T20:07:54.455+0000] {logging_mixin.py:188} INFO - [2024-05-06T20:07:54.455+0000] {dag.py:3954} INFO - Setting next_dagrun for dataset_produces_2 to None, run_after=None
[2024-05-06T20:07:54.470+0000] {processor.py:183} INFO - Processing /home/airflow/.local/lib/python3.12/site-packages/airflow/example_dags/example_datasets.py took 0.091 seconds
[2024-05-06T20:08:24.678+0000] {processor.py:161} INFO - Started process (PID=5320) to work on /home/airflow/.local/lib/python3.12/site-packages/airflow/example_dags/example_datasets.py
[2024-05-06T20:08:24.679+0000] {processor.py:830} INFO - Processing file /home/airflow/.local/lib/python3.12/site-packages/airflow/example_dags/example_datasets.py for tasks to queue
[2024-05-06T20:08:24.681+0000] {logging_mixin.py:188} INFO - [2024-05-06T20:08:24.681+0000] {dagbag.py:540} INFO - Filling up the DagBag from /home/airflow/.local/lib/python3.12/site-packages/airflow/example_dags/example_datasets.py
[2024-05-06T20:08:24.694+0000] {processor.py:840} INFO - DAG(s) 'dataset_produces_1', 'conditional_dataset_and_time_based_timetable', 'dataset_consumes_1_never_scheduled', 'consume_1_and_2_with_dataset_expressions', 'dataset_produces_2', 'dataset_consumes_1', 'dataset_consumes_1_and_2', 'dataset_consumes_unknown_never_scheduled', 'consume_1_or_both_2_and_3_with_dataset_expressions', 'consume_1_or_2_with_dataset_expressions' retrieved from /home/airflow/.local/lib/python3.12/site-packages/airflow/example_dags/example_datasets.py
[2024-05-06T20:08:24.720+0000] {logging_mixin.py:188} INFO - [2024-05-06T20:08:24.720+0000] {dag.py:3096} INFO - Sync 10 DAGs
[2024-05-06T20:08:24.732+0000] {logging_mixin.py:188} INFO - [2024-05-06T20:08:24.732+0000] {dag.py:3954} INFO - Setting next_dagrun for conditional_dataset_and_time_based_timetable to 2024-05-01 01:00:00+00:00, run_after=2024-05-01 01:00:00+00:00
[2024-05-06T20:08:24.734+0000] {logging_mixin.py:188} INFO - [2024-05-06T20:08:24.734+0000] {dag.py:3954} INFO - Setting next_dagrun for consume_1_and_2_with_dataset_expressions to None, run_after=None
[2024-05-06T20:08:24.735+0000] {logging_mixin.py:188} INFO - [2024-05-06T20:08:24.735+0000] {dag.py:3954} INFO - Setting next_dagrun for consume_1_or_2_with_dataset_expressions to None, run_after=None
[2024-05-06T20:08:24.735+0000] {logging_mixin.py:188} INFO - [2024-05-06T20:08:24.735+0000] {dag.py:3954} INFO - Setting next_dagrun for consume_1_or_both_2_and_3_with_dataset_expressions to None, run_after=None
[2024-05-06T20:08:24.736+0000] {logging_mixin.py:188} INFO - [2024-05-06T20:08:24.736+0000] {dag.py:3954} INFO - Setting next_dagrun for dataset_consumes_1 to None, run_after=None
[2024-05-06T20:08:24.737+0000] {logging_mixin.py:188} INFO - [2024-05-06T20:08:24.737+0000] {dag.py:3954} INFO - Setting next_dagrun for dataset_consumes_1_and_2 to None, run_after=None
[2024-05-06T20:08:24.737+0000] {logging_mixin.py:188} INFO - [2024-05-06T20:08:24.737+0000] {dag.py:3954} INFO - Setting next_dagrun for dataset_consumes_1_never_scheduled to None, run_after=None
[2024-05-06T20:08:24.738+0000] {logging_mixin.py:188} INFO - [2024-05-06T20:08:24.738+0000] {dag.py:3954} INFO - Setting next_dagrun for dataset_consumes_unknown_never_scheduled to None, run_after=None
[2024-05-06T20:08:24.739+0000] {logging_mixin.py:188} INFO - [2024-05-06T20:08:24.739+0000] {dag.py:3954} INFO - Setting next_dagrun for dataset_produces_1 to 2024-05-05 00:00:00+00:00, run_after=2024-05-06 00:00:00+00:00
[2024-05-06T20:08:24.740+0000] {logging_mixin.py:188} INFO - [2024-05-06T20:08:24.739+0000] {dag.py:3954} INFO - Setting next_dagrun for dataset_produces_2 to None, run_after=None
[2024-05-06T20:08:24.754+0000] {processor.py:183} INFO - Processing /home/airflow/.local/lib/python3.12/site-packages/airflow/example_dags/example_datasets.py took 0.083 seconds
[2024-05-06T20:08:55.723+0000] {processor.py:161} INFO - Started process (PID=5379) to work on /home/airflow/.local/lib/python3.12/site-packages/airflow/example_dags/example_datasets.py
[2024-05-06T20:08:55.724+0000] {processor.py:830} INFO - Processing file /home/airflow/.local/lib/python3.12/site-packages/airflow/example_dags/example_datasets.py for tasks to queue
[2024-05-06T20:08:55.726+0000] {logging_mixin.py:188} INFO - [2024-05-06T20:08:55.726+0000] {dagbag.py:540} INFO - Filling up the DagBag from /home/airflow/.local/lib/python3.12/site-packages/airflow/example_dags/example_datasets.py
[2024-05-06T20:08:55.738+0000] {processor.py:840} INFO - DAG(s) 'dataset_produces_2', 'dataset_consumes_1', 'dataset_produces_1', 'conditional_dataset_and_time_based_timetable', 'dataset_consumes_unknown_never_scheduled', 'dataset_consumes_1_and_2', 'consume_1_and_2_with_dataset_expressions', 'dataset_consumes_1_never_scheduled', 'consume_1_or_both_2_and_3_with_dataset_expressions', 'consume_1_or_2_with_dataset_expressions' retrieved from /home/airflow/.local/lib/python3.12/site-packages/airflow/example_dags/example_datasets.py
[2024-05-06T20:08:55.764+0000] {logging_mixin.py:188} INFO - [2024-05-06T20:08:55.764+0000] {dag.py:3096} INFO - Sync 10 DAGs
[2024-05-06T20:08:55.776+0000] {logging_mixin.py:188} INFO - [2024-05-06T20:08:55.776+0000] {dag.py:3954} INFO - Setting next_dagrun for conditional_dataset_and_time_based_timetable to 2024-05-01 01:00:00+00:00, run_after=2024-05-01 01:00:00+00:00
[2024-05-06T20:08:55.778+0000] {logging_mixin.py:188} INFO - [2024-05-06T20:08:55.778+0000] {dag.py:3954} INFO - Setting next_dagrun for consume_1_and_2_with_dataset_expressions to None, run_after=None
[2024-05-06T20:08:55.779+0000] {logging_mixin.py:188} INFO - [2024-05-06T20:08:55.779+0000] {dag.py:3954} INFO - Setting next_dagrun for consume_1_or_2_with_dataset_expressions to None, run_after=None
[2024-05-06T20:08:55.779+0000] {logging_mixin.py:188} INFO - [2024-05-06T20:08:55.779+0000] {dag.py:3954} INFO - Setting next_dagrun for consume_1_or_both_2_and_3_with_dataset_expressions to None, run_after=None
[2024-05-06T20:08:55.780+0000] {logging_mixin.py:188} INFO - [2024-05-06T20:08:55.780+0000] {dag.py:3954} INFO - Setting next_dagrun for dataset_consumes_1 to None, run_after=None
[2024-05-06T20:08:55.781+0000] {logging_mixin.py:188} INFO - [2024-05-06T20:08:55.781+0000] {dag.py:3954} INFO - Setting next_dagrun for dataset_consumes_1_and_2 to None, run_after=None
[2024-05-06T20:08:55.781+0000] {logging_mixin.py:188} INFO - [2024-05-06T20:08:55.781+0000] {dag.py:3954} INFO - Setting next_dagrun for dataset_consumes_1_never_scheduled to None, run_after=None
[2024-05-06T20:08:55.782+0000] {logging_mixin.py:188} INFO - [2024-05-06T20:08:55.782+0000] {dag.py:3954} INFO - Setting next_dagrun for dataset_consumes_unknown_never_scheduled to None, run_after=None
[2024-05-06T20:08:55.783+0000] {logging_mixin.py:188} INFO - [2024-05-06T20:08:55.783+0000] {dag.py:3954} INFO - Setting next_dagrun for dataset_produces_1 to 2024-05-05 00:00:00+00:00, run_after=2024-05-06 00:00:00+00:00
[2024-05-06T20:08:55.783+0000] {logging_mixin.py:188} INFO - [2024-05-06T20:08:55.783+0000] {dag.py:3954} INFO - Setting next_dagrun for dataset_produces_2 to None, run_after=None
[2024-05-06T20:08:55.798+0000] {processor.py:183} INFO - Processing /home/airflow/.local/lib/python3.12/site-packages/airflow/example_dags/example_datasets.py took 0.082 seconds
[2024-05-06T20:09:26.548+0000] {processor.py:161} INFO - Started process (PID=5438) to work on /home/airflow/.local/lib/python3.12/site-packages/airflow/example_dags/example_datasets.py
[2024-05-06T20:09:26.550+0000] {processor.py:830} INFO - Processing file /home/airflow/.local/lib/python3.12/site-packages/airflow/example_dags/example_datasets.py for tasks to queue
[2024-05-06T20:09:26.555+0000] {logging_mixin.py:188} INFO - [2024-05-06T20:09:26.554+0000] {dagbag.py:540} INFO - Filling up the DagBag from /home/airflow/.local/lib/python3.12/site-packages/airflow/example_dags/example_datasets.py
[2024-05-06T20:09:26.569+0000] {processor.py:840} INFO - DAG(s) 'dataset_produces_1', 'conditional_dataset_and_time_based_timetable', 'dataset_consumes_1_and_2', 'consume_1_or_both_2_and_3_with_dataset_expressions', 'dataset_consumes_1', 'consume_1_and_2_with_dataset_expressions', 'dataset_consumes_1_never_scheduled', 'consume_1_or_2_with_dataset_expressions', 'dataset_consumes_unknown_never_scheduled', 'dataset_produces_2' retrieved from /home/airflow/.local/lib/python3.12/site-packages/airflow/example_dags/example_datasets.py
[2024-05-06T20:09:26.596+0000] {logging_mixin.py:188} INFO - [2024-05-06T20:09:26.595+0000] {dag.py:3096} INFO - Sync 10 DAGs
[2024-05-06T20:09:26.607+0000] {logging_mixin.py:188} INFO - [2024-05-06T20:09:26.607+0000] {dag.py:3954} INFO - Setting next_dagrun for conditional_dataset_and_time_based_timetable to 2024-05-01 01:00:00+00:00, run_after=2024-05-01 01:00:00+00:00
[2024-05-06T20:09:26.609+0000] {logging_mixin.py:188} INFO - [2024-05-06T20:09:26.609+0000] {dag.py:3954} INFO - Setting next_dagrun for consume_1_and_2_with_dataset_expressions to None, run_after=None
[2024-05-06T20:09:26.610+0000] {logging_mixin.py:188} INFO - [2024-05-06T20:09:26.610+0000] {dag.py:3954} INFO - Setting next_dagrun for consume_1_or_2_with_dataset_expressions to None, run_after=None
[2024-05-06T20:09:26.611+0000] {logging_mixin.py:188} INFO - [2024-05-06T20:09:26.611+0000] {dag.py:3954} INFO - Setting next_dagrun for consume_1_or_both_2_and_3_with_dataset_expressions to None, run_after=None
[2024-05-06T20:09:26.611+0000] {logging_mixin.py:188} INFO - [2024-05-06T20:09:26.611+0000] {dag.py:3954} INFO - Setting next_dagrun for dataset_consumes_1 to None, run_after=None
[2024-05-06T20:09:26.612+0000] {logging_mixin.py:188} INFO - [2024-05-06T20:09:26.612+0000] {dag.py:3954} INFO - Setting next_dagrun for dataset_consumes_1_and_2 to None, run_after=None
[2024-05-06T20:09:26.613+0000] {logging_mixin.py:188} INFO - [2024-05-06T20:09:26.612+0000] {dag.py:3954} INFO - Setting next_dagrun for dataset_consumes_1_never_scheduled to None, run_after=None
[2024-05-06T20:09:26.613+0000] {logging_mixin.py:188} INFO - [2024-05-06T20:09:26.613+0000] {dag.py:3954} INFO - Setting next_dagrun for dataset_consumes_unknown_never_scheduled to None, run_after=None
[2024-05-06T20:09:26.614+0000] {logging_mixin.py:188} INFO - [2024-05-06T20:09:26.614+0000] {dag.py:3954} INFO - Setting next_dagrun for dataset_produces_1 to 2024-05-05 00:00:00+00:00, run_after=2024-05-06 00:00:00+00:00
[2024-05-06T20:09:26.615+0000] {logging_mixin.py:188} INFO - [2024-05-06T20:09:26.615+0000] {dag.py:3954} INFO - Setting next_dagrun for dataset_produces_2 to None, run_after=None
[2024-05-06T20:09:26.629+0000] {processor.py:183} INFO - Processing /home/airflow/.local/lib/python3.12/site-packages/airflow/example_dags/example_datasets.py took 0.088 seconds
[2024-05-06T20:09:56.928+0000] {processor.py:161} INFO - Started process (PID=5497) to work on /home/airflow/.local/lib/python3.12/site-packages/airflow/example_dags/example_datasets.py
[2024-05-06T20:09:56.929+0000] {processor.py:830} INFO - Processing file /home/airflow/.local/lib/python3.12/site-packages/airflow/example_dags/example_datasets.py for tasks to queue
[2024-05-06T20:09:56.930+0000] {logging_mixin.py:188} INFO - [2024-05-06T20:09:56.930+0000] {dagbag.py:540} INFO - Filling up the DagBag from /home/airflow/.local/lib/python3.12/site-packages/airflow/example_dags/example_datasets.py
[2024-05-06T20:09:56.939+0000] {processor.py:840} INFO - DAG(s) 'dataset_produces_1', 'dataset_consumes_unknown_never_scheduled', 'dataset_consumes_1_and_2', 'dataset_consumes_1', 'consume_1_or_2_with_dataset_expressions', 'consume_1_or_both_2_and_3_with_dataset_expressions', 'dataset_produces_2', 'consume_1_and_2_with_dataset_expressions', 'conditional_dataset_and_time_based_timetable', 'dataset_consumes_1_never_scheduled' retrieved from /home/airflow/.local/lib/python3.12/site-packages/airflow/example_dags/example_datasets.py
[2024-05-06T20:09:56.977+0000] {logging_mixin.py:188} INFO - [2024-05-06T20:09:56.977+0000] {dag.py:3096} INFO - Sync 10 DAGs
[2024-05-06T20:09:56.993+0000] {logging_mixin.py:188} INFO - [2024-05-06T20:09:56.993+0000] {dag.py:3954} INFO - Setting next_dagrun for conditional_dataset_and_time_based_timetable to 2024-05-01 01:00:00+00:00, run_after=2024-05-01 01:00:00+00:00
[2024-05-06T20:09:56.995+0000] {logging_mixin.py:188} INFO - [2024-05-06T20:09:56.995+0000] {dag.py:3954} INFO - Setting next_dagrun for consume_1_and_2_with_dataset_expressions to None, run_after=None
[2024-05-06T20:09:56.996+0000] {logging_mixin.py:188} INFO - [2024-05-06T20:09:56.996+0000] {dag.py:3954} INFO - Setting next_dagrun for consume_1_or_2_with_dataset_expressions to None, run_after=None
[2024-05-06T20:09:56.997+0000] {logging_mixin.py:188} INFO - [2024-05-06T20:09:56.997+0000] {dag.py:3954} INFO - Setting next_dagrun for consume_1_or_both_2_and_3_with_dataset_expressions to None, run_after=None
[2024-05-06T20:09:56.997+0000] {logging_mixin.py:188} INFO - [2024-05-06T20:09:56.997+0000] {dag.py:3954} INFO - Setting next_dagrun for dataset_consumes_1 to None, run_after=None
[2024-05-06T20:09:56.998+0000] {logging_mixin.py:188} INFO - [2024-05-06T20:09:56.998+0000] {dag.py:3954} INFO - Setting next_dagrun for dataset_consumes_1_and_2 to None, run_after=None
[2024-05-06T20:09:56.999+0000] {logging_mixin.py:188} INFO - [2024-05-06T20:09:56.999+0000] {dag.py:3954} INFO - Setting next_dagrun for dataset_consumes_1_never_scheduled to None, run_after=None
[2024-05-06T20:09:57.000+0000] {logging_mixin.py:188} INFO - [2024-05-06T20:09:57.000+0000] {dag.py:3954} INFO - Setting next_dagrun for dataset_consumes_unknown_never_scheduled to None, run_after=None
[2024-05-06T20:09:57.001+0000] {logging_mixin.py:188} INFO - [2024-05-06T20:09:57.001+0000] {dag.py:3954} INFO - Setting next_dagrun for dataset_produces_1 to 2024-05-05 00:00:00+00:00, run_after=2024-05-06 00:00:00+00:00
[2024-05-06T20:09:57.002+0000] {logging_mixin.py:188} INFO - [2024-05-06T20:09:57.002+0000] {dag.py:3954} INFO - Setting next_dagrun for dataset_produces_2 to None, run_after=None
[2024-05-06T20:09:57.016+0000] {processor.py:183} INFO - Processing /home/airflow/.local/lib/python3.12/site-packages/airflow/example_dags/example_datasets.py took 0.092 seconds
[2024-05-06T20:10:27.828+0000] {processor.py:161} INFO - Started process (PID=5556) to work on /home/airflow/.local/lib/python3.12/site-packages/airflow/example_dags/example_datasets.py
[2024-05-06T20:10:27.829+0000] {processor.py:830} INFO - Processing file /home/airflow/.local/lib/python3.12/site-packages/airflow/example_dags/example_datasets.py for tasks to queue
[2024-05-06T20:10:27.830+0000] {logging_mixin.py:188} INFO - [2024-05-06T20:10:27.830+0000] {dagbag.py:540} INFO - Filling up the DagBag from /home/airflow/.local/lib/python3.12/site-packages/airflow/example_dags/example_datasets.py
[2024-05-06T20:10:27.838+0000] {processor.py:840} INFO - DAG(s) 'conditional_dataset_and_time_based_timetable', 'dataset_consumes_1_and_2', 'dataset_consumes_unknown_never_scheduled', 'dataset_consumes_1', 'dataset_produces_2', 'consume_1_and_2_with_dataset_expressions', 'consume_1_or_both_2_and_3_with_dataset_expressions', 'dataset_produces_1', 'dataset_consumes_1_never_scheduled', 'consume_1_or_2_with_dataset_expressions' retrieved from /home/airflow/.local/lib/python3.12/site-packages/airflow/example_dags/example_datasets.py
[2024-05-06T20:10:27.861+0000] {logging_mixin.py:188} INFO - [2024-05-06T20:10:27.860+0000] {dag.py:3096} INFO - Sync 10 DAGs
[2024-05-06T20:10:27.879+0000] {logging_mixin.py:188} INFO - [2024-05-06T20:10:27.879+0000] {dag.py:3954} INFO - Setting next_dagrun for conditional_dataset_and_time_based_timetable to 2024-05-01 01:00:00+00:00, run_after=2024-05-01 01:00:00+00:00
[2024-05-06T20:10:27.882+0000] {logging_mixin.py:188} INFO - [2024-05-06T20:10:27.882+0000] {dag.py:3954} INFO - Setting next_dagrun for consume_1_and_2_with_dataset_expressions to None, run_after=None
[2024-05-06T20:10:27.883+0000] {logging_mixin.py:188} INFO - [2024-05-06T20:10:27.882+0000] {dag.py:3954} INFO - Setting next_dagrun for consume_1_or_2_with_dataset_expressions to None, run_after=None
[2024-05-06T20:10:27.884+0000] {logging_mixin.py:188} INFO - [2024-05-06T20:10:27.884+0000] {dag.py:3954} INFO - Setting next_dagrun for consume_1_or_both_2_and_3_with_dataset_expressions to None, run_after=None
[2024-05-06T20:10:27.885+0000] {logging_mixin.py:188} INFO - [2024-05-06T20:10:27.885+0000] {dag.py:3954} INFO - Setting next_dagrun for dataset_consumes_1 to None, run_after=None
[2024-05-06T20:10:27.885+0000] {logging_mixin.py:188} INFO - [2024-05-06T20:10:27.885+0000] {dag.py:3954} INFO - Setting next_dagrun for dataset_consumes_1_and_2 to None, run_after=None
[2024-05-06T20:10:27.886+0000] {logging_mixin.py:188} INFO - [2024-05-06T20:10:27.886+0000] {dag.py:3954} INFO - Setting next_dagrun for dataset_consumes_1_never_scheduled to None, run_after=None
[2024-05-06T20:10:27.887+0000] {logging_mixin.py:188} INFO - [2024-05-06T20:10:27.887+0000] {dag.py:3954} INFO - Setting next_dagrun for dataset_consumes_unknown_never_scheduled to None, run_after=None
[2024-05-06T20:10:27.888+0000] {logging_mixin.py:188} INFO - [2024-05-06T20:10:27.888+0000] {dag.py:3954} INFO - Setting next_dagrun for dataset_produces_1 to 2024-05-05 00:00:00+00:00, run_after=2024-05-06 00:00:00+00:00
[2024-05-06T20:10:27.889+0000] {logging_mixin.py:188} INFO - [2024-05-06T20:10:27.889+0000] {dag.py:3954} INFO - Setting next_dagrun for dataset_produces_2 to None, run_after=None
[2024-05-06T20:10:27.913+0000] {processor.py:183} INFO - Processing /home/airflow/.local/lib/python3.12/site-packages/airflow/example_dags/example_datasets.py took 0.088 seconds
[2024-05-06T20:10:57.966+0000] {processor.py:161} INFO - Started process (PID=5614) to work on /home/airflow/.local/lib/python3.12/site-packages/airflow/example_dags/example_datasets.py
[2024-05-06T20:10:57.966+0000] {processor.py:830} INFO - Processing file /home/airflow/.local/lib/python3.12/site-packages/airflow/example_dags/example_datasets.py for tasks to queue
[2024-05-06T20:10:57.967+0000] {logging_mixin.py:188} INFO - [2024-05-06T20:10:57.967+0000] {dagbag.py:540} INFO - Filling up the DagBag from /home/airflow/.local/lib/python3.12/site-packages/airflow/example_dags/example_datasets.py
[2024-05-06T20:10:57.973+0000] {processor.py:840} INFO - DAG(s) 'dataset_produces_1', 'consume_1_and_2_with_dataset_expressions', 'dataset_consumes_1_and_2', 'conditional_dataset_and_time_based_timetable', 'consume_1_or_2_with_dataset_expressions', 'consume_1_or_both_2_and_3_with_dataset_expressions', 'dataset_consumes_1_never_scheduled', 'dataset_consumes_unknown_never_scheduled', 'dataset_produces_2', 'dataset_consumes_1' retrieved from /home/airflow/.local/lib/python3.12/site-packages/airflow/example_dags/example_datasets.py
[2024-05-06T20:10:57.991+0000] {logging_mixin.py:188} INFO - [2024-05-06T20:10:57.991+0000] {dag.py:3096} INFO - Sync 10 DAGs
[2024-05-06T20:10:58.003+0000] {logging_mixin.py:188} INFO - [2024-05-06T20:10:58.003+0000] {dag.py:3954} INFO - Setting next_dagrun for conditional_dataset_and_time_based_timetable to 2024-05-01 01:00:00+00:00, run_after=2024-05-01 01:00:00+00:00
[2024-05-06T20:10:58.005+0000] {logging_mixin.py:188} INFO - [2024-05-06T20:10:58.004+0000] {dag.py:3954} INFO - Setting next_dagrun for consume_1_and_2_with_dataset_expressions to None, run_after=None
[2024-05-06T20:10:58.005+0000] {logging_mixin.py:188} INFO - [2024-05-06T20:10:58.005+0000] {dag.py:3954} INFO - Setting next_dagrun for consume_1_or_2_with_dataset_expressions to None, run_after=None
[2024-05-06T20:10:58.006+0000] {logging_mixin.py:188} INFO - [2024-05-06T20:10:58.006+0000] {dag.py:3954} INFO - Setting next_dagrun for consume_1_or_both_2_and_3_with_dataset_expressions to None, run_after=None
[2024-05-06T20:10:58.006+0000] {logging_mixin.py:188} INFO - [2024-05-06T20:10:58.006+0000] {dag.py:3954} INFO - Setting next_dagrun for dataset_consumes_1 to None, run_after=None
[2024-05-06T20:10:58.007+0000] {logging_mixin.py:188} INFO - [2024-05-06T20:10:58.007+0000] {dag.py:3954} INFO - Setting next_dagrun for dataset_consumes_1_and_2 to None, run_after=None
[2024-05-06T20:10:58.007+0000] {logging_mixin.py:188} INFO - [2024-05-06T20:10:58.007+0000] {dag.py:3954} INFO - Setting next_dagrun for dataset_consumes_1_never_scheduled to None, run_after=None
[2024-05-06T20:10:58.008+0000] {logging_mixin.py:188} INFO - [2024-05-06T20:10:58.008+0000] {dag.py:3954} INFO - Setting next_dagrun for dataset_consumes_unknown_never_scheduled to None, run_after=None
[2024-05-06T20:10:58.009+0000] {logging_mixin.py:188} INFO - [2024-05-06T20:10:58.009+0000] {dag.py:3954} INFO - Setting next_dagrun for dataset_produces_1 to 2024-05-05 00:00:00+00:00, run_after=2024-05-06 00:00:00+00:00
[2024-05-06T20:10:58.009+0000] {logging_mixin.py:188} INFO - [2024-05-06T20:10:58.009+0000] {dag.py:3954} INFO - Setting next_dagrun for dataset_produces_2 to None, run_after=None
[2024-05-06T20:10:58.023+0000] {processor.py:183} INFO - Processing /home/airflow/.local/lib/python3.12/site-packages/airflow/example_dags/example_datasets.py took 0.060 seconds
