[2024-05-06T20:01:46.340+0000] {processor.py:161} INFO - Started process (PID=4583) to work on /home/airflow/.local/lib/python3.12/site-packages/airflow/example_dags/example_bash_operator.py
[2024-05-06T20:01:46.341+0000] {processor.py:830} INFO - Processing file /home/airflow/.local/lib/python3.12/site-packages/airflow/example_dags/example_bash_operator.py for tasks to queue
[2024-05-06T20:01:46.342+0000] {logging_mixin.py:188} INFO - [2024-05-06T20:01:46.342+0000] {dagbag.py:540} INFO - Filling up the DagBag from /home/airflow/.local/lib/python3.12/site-packages/airflow/example_dags/example_bash_operator.py
[2024-05-06T20:01:46.348+0000] {processor.py:840} INFO - DAG(s) 'example_bash_operator' retrieved from /home/airflow/.local/lib/python3.12/site-packages/airflow/example_dags/example_bash_operator.py
[2024-05-06T20:01:46.361+0000] {logging_mixin.py:188} INFO - [2024-05-06T20:01:46.361+0000] {dag.py:3096} INFO - Sync 1 DAGs
[2024-05-06T20:01:46.371+0000] {logging_mixin.py:188} INFO - [2024-05-06T20:01:46.371+0000] {dag.py:3954} INFO - Setting next_dagrun for example_bash_operator to 2024-05-05 00:00:00+00:00, run_after=2024-05-06 00:00:00+00:00
[2024-05-06T20:01:46.380+0000] {processor.py:183} INFO - Processing /home/airflow/.local/lib/python3.12/site-packages/airflow/example_dags/example_bash_operator.py took 0.043 seconds
[2024-05-06T20:02:17.331+0000] {processor.py:161} INFO - Started process (PID=4641) to work on /home/airflow/.local/lib/python3.12/site-packages/airflow/example_dags/example_bash_operator.py
[2024-05-06T20:02:17.333+0000] {processor.py:830} INFO - Processing file /home/airflow/.local/lib/python3.12/site-packages/airflow/example_dags/example_bash_operator.py for tasks to queue
[2024-05-06T20:02:17.334+0000] {logging_mixin.py:188} INFO - [2024-05-06T20:02:17.334+0000] {dagbag.py:540} INFO - Filling up the DagBag from /home/airflow/.local/lib/python3.12/site-packages/airflow/example_dags/example_bash_operator.py
[2024-05-06T20:02:17.340+0000] {processor.py:840} INFO - DAG(s) 'example_bash_operator' retrieved from /home/airflow/.local/lib/python3.12/site-packages/airflow/example_dags/example_bash_operator.py
[2024-05-06T20:02:17.353+0000] {logging_mixin.py:188} INFO - [2024-05-06T20:02:17.353+0000] {dag.py:3096} INFO - Sync 1 DAGs
[2024-05-06T20:02:17.365+0000] {logging_mixin.py:188} INFO - [2024-05-06T20:02:17.365+0000] {dag.py:3954} INFO - Setting next_dagrun for example_bash_operator to 2024-05-05 00:00:00+00:00, run_after=2024-05-06 00:00:00+00:00
[2024-05-06T20:02:17.373+0000] {processor.py:183} INFO - Processing /home/airflow/.local/lib/python3.12/site-packages/airflow/example_dags/example_bash_operator.py took 0.046 seconds
[2024-05-06T20:02:48.299+0000] {processor.py:161} INFO - Started process (PID=4700) to work on /home/airflow/.local/lib/python3.12/site-packages/airflow/example_dags/example_bash_operator.py
[2024-05-06T20:02:48.299+0000] {processor.py:830} INFO - Processing file /home/airflow/.local/lib/python3.12/site-packages/airflow/example_dags/example_bash_operator.py for tasks to queue
[2024-05-06T20:02:48.300+0000] {logging_mixin.py:188} INFO - [2024-05-06T20:02:48.300+0000] {dagbag.py:540} INFO - Filling up the DagBag from /home/airflow/.local/lib/python3.12/site-packages/airflow/example_dags/example_bash_operator.py
[2024-05-06T20:02:48.306+0000] {processor.py:840} INFO - DAG(s) 'example_bash_operator' retrieved from /home/airflow/.local/lib/python3.12/site-packages/airflow/example_dags/example_bash_operator.py
[2024-05-06T20:02:48.319+0000] {logging_mixin.py:188} INFO - [2024-05-06T20:02:48.319+0000] {dag.py:3096} INFO - Sync 1 DAGs
[2024-05-06T20:02:48.329+0000] {logging_mixin.py:188} INFO - [2024-05-06T20:02:48.329+0000] {dag.py:3954} INFO - Setting next_dagrun for example_bash_operator to 2024-05-05 00:00:00+00:00, run_after=2024-05-06 00:00:00+00:00
[2024-05-06T20:02:48.337+0000] {processor.py:183} INFO - Processing /home/airflow/.local/lib/python3.12/site-packages/airflow/example_dags/example_bash_operator.py took 0.042 seconds
[2024-05-06T20:03:19.177+0000] {processor.py:161} INFO - Started process (PID=4759) to work on /home/airflow/.local/lib/python3.12/site-packages/airflow/example_dags/example_bash_operator.py
[2024-05-06T20:03:19.178+0000] {processor.py:830} INFO - Processing file /home/airflow/.local/lib/python3.12/site-packages/airflow/example_dags/example_bash_operator.py for tasks to queue
[2024-05-06T20:03:19.179+0000] {logging_mixin.py:188} INFO - [2024-05-06T20:03:19.178+0000] {dagbag.py:540} INFO - Filling up the DagBag from /home/airflow/.local/lib/python3.12/site-packages/airflow/example_dags/example_bash_operator.py
[2024-05-06T20:03:19.184+0000] {processor.py:840} INFO - DAG(s) 'example_bash_operator' retrieved from /home/airflow/.local/lib/python3.12/site-packages/airflow/example_dags/example_bash_operator.py
[2024-05-06T20:03:19.197+0000] {logging_mixin.py:188} INFO - [2024-05-06T20:03:19.197+0000] {dag.py:3096} INFO - Sync 1 DAGs
[2024-05-06T20:03:19.207+0000] {logging_mixin.py:188} INFO - [2024-05-06T20:03:19.207+0000] {dag.py:3954} INFO - Setting next_dagrun for example_bash_operator to 2024-05-05 00:00:00+00:00, run_after=2024-05-06 00:00:00+00:00
[2024-05-06T20:03:19.215+0000] {processor.py:183} INFO - Processing /home/airflow/.local/lib/python3.12/site-packages/airflow/example_dags/example_bash_operator.py took 0.041 seconds
[2024-05-06T20:03:49.992+0000] {processor.py:161} INFO - Started process (PID=4817) to work on /home/airflow/.local/lib/python3.12/site-packages/airflow/example_dags/example_bash_operator.py
[2024-05-06T20:03:49.993+0000] {processor.py:830} INFO - Processing file /home/airflow/.local/lib/python3.12/site-packages/airflow/example_dags/example_bash_operator.py for tasks to queue
[2024-05-06T20:03:49.994+0000] {logging_mixin.py:188} INFO - [2024-05-06T20:03:49.994+0000] {dagbag.py:540} INFO - Filling up the DagBag from /home/airflow/.local/lib/python3.12/site-packages/airflow/example_dags/example_bash_operator.py
[2024-05-06T20:03:50.000+0000] {processor.py:840} INFO - DAG(s) 'example_bash_operator' retrieved from /home/airflow/.local/lib/python3.12/site-packages/airflow/example_dags/example_bash_operator.py
[2024-05-06T20:03:50.014+0000] {logging_mixin.py:188} INFO - [2024-05-06T20:03:50.014+0000] {dag.py:3096} INFO - Sync 1 DAGs
[2024-05-06T20:03:50.027+0000] {logging_mixin.py:188} INFO - [2024-05-06T20:03:50.027+0000] {dag.py:3954} INFO - Setting next_dagrun for example_bash_operator to 2024-05-05 00:00:00+00:00, run_after=2024-05-06 00:00:00+00:00
[2024-05-06T20:03:50.037+0000] {processor.py:183} INFO - Processing /home/airflow/.local/lib/python3.12/site-packages/airflow/example_dags/example_bash_operator.py took 0.048 seconds
[2024-05-06T20:04:20.152+0000] {processor.py:161} INFO - Started process (PID=4875) to work on /home/airflow/.local/lib/python3.12/site-packages/airflow/example_dags/example_bash_operator.py
[2024-05-06T20:04:20.153+0000] {processor.py:830} INFO - Processing file /home/airflow/.local/lib/python3.12/site-packages/airflow/example_dags/example_bash_operator.py for tasks to queue
[2024-05-06T20:04:20.154+0000] {logging_mixin.py:188} INFO - [2024-05-06T20:04:20.154+0000] {dagbag.py:540} INFO - Filling up the DagBag from /home/airflow/.local/lib/python3.12/site-packages/airflow/example_dags/example_bash_operator.py
[2024-05-06T20:04:20.160+0000] {processor.py:840} INFO - DAG(s) 'example_bash_operator' retrieved from /home/airflow/.local/lib/python3.12/site-packages/airflow/example_dags/example_bash_operator.py
[2024-05-06T20:04:20.172+0000] {logging_mixin.py:188} INFO - [2024-05-06T20:04:20.172+0000] {dag.py:3096} INFO - Sync 1 DAGs
[2024-05-06T20:04:20.182+0000] {logging_mixin.py:188} INFO - [2024-05-06T20:04:20.182+0000] {dag.py:3954} INFO - Setting next_dagrun for example_bash_operator to 2024-05-05 00:00:00+00:00, run_after=2024-05-06 00:00:00+00:00
[2024-05-06T20:04:20.191+0000] {processor.py:183} INFO - Processing /home/airflow/.local/lib/python3.12/site-packages/airflow/example_dags/example_bash_operator.py took 0.041 seconds
[2024-05-06T20:04:50.266+0000] {processor.py:161} INFO - Started process (PID=4934) to work on /home/airflow/.local/lib/python3.12/site-packages/airflow/example_dags/example_bash_operator.py
[2024-05-06T20:04:50.268+0000] {processor.py:830} INFO - Processing file /home/airflow/.local/lib/python3.12/site-packages/airflow/example_dags/example_bash_operator.py for tasks to queue
[2024-05-06T20:04:50.269+0000] {logging_mixin.py:188} INFO - [2024-05-06T20:04:50.268+0000] {dagbag.py:540} INFO - Filling up the DagBag from /home/airflow/.local/lib/python3.12/site-packages/airflow/example_dags/example_bash_operator.py
[2024-05-06T20:04:50.274+0000] {processor.py:840} INFO - DAG(s) 'example_bash_operator' retrieved from /home/airflow/.local/lib/python3.12/site-packages/airflow/example_dags/example_bash_operator.py
[2024-05-06T20:04:50.287+0000] {logging_mixin.py:188} INFO - [2024-05-06T20:04:50.287+0000] {dag.py:3096} INFO - Sync 1 DAGs
[2024-05-06T20:04:50.297+0000] {logging_mixin.py:188} INFO - [2024-05-06T20:04:50.297+0000] {dag.py:3954} INFO - Setting next_dagrun for example_bash_operator to 2024-05-05 00:00:00+00:00, run_after=2024-05-06 00:00:00+00:00
[2024-05-06T20:04:50.310+0000] {processor.py:183} INFO - Processing /home/airflow/.local/lib/python3.12/site-packages/airflow/example_dags/example_bash_operator.py took 0.046 seconds
[2024-05-06T20:05:21.255+0000] {processor.py:161} INFO - Started process (PID=4993) to work on /home/airflow/.local/lib/python3.12/site-packages/airflow/example_dags/example_bash_operator.py
[2024-05-06T20:05:21.256+0000] {processor.py:830} INFO - Processing file /home/airflow/.local/lib/python3.12/site-packages/airflow/example_dags/example_bash_operator.py for tasks to queue
[2024-05-06T20:05:21.257+0000] {logging_mixin.py:188} INFO - [2024-05-06T20:05:21.256+0000] {dagbag.py:540} INFO - Filling up the DagBag from /home/airflow/.local/lib/python3.12/site-packages/airflow/example_dags/example_bash_operator.py
[2024-05-06T20:05:21.262+0000] {processor.py:840} INFO - DAG(s) 'example_bash_operator' retrieved from /home/airflow/.local/lib/python3.12/site-packages/airflow/example_dags/example_bash_operator.py
[2024-05-06T20:05:21.275+0000] {logging_mixin.py:188} INFO - [2024-05-06T20:05:21.275+0000] {dag.py:3096} INFO - Sync 1 DAGs
[2024-05-06T20:05:21.286+0000] {logging_mixin.py:188} INFO - [2024-05-06T20:05:21.286+0000] {dag.py:3954} INFO - Setting next_dagrun for example_bash_operator to 2024-05-05 00:00:00+00:00, run_after=2024-05-06 00:00:00+00:00
[2024-05-06T20:05:21.294+0000] {processor.py:183} INFO - Processing /home/airflow/.local/lib/python3.12/site-packages/airflow/example_dags/example_bash_operator.py took 0.042 seconds
[2024-05-06T20:05:51.886+0000] {processor.py:161} INFO - Started process (PID=5052) to work on /home/airflow/.local/lib/python3.12/site-packages/airflow/example_dags/example_bash_operator.py
[2024-05-06T20:05:51.887+0000] {processor.py:830} INFO - Processing file /home/airflow/.local/lib/python3.12/site-packages/airflow/example_dags/example_bash_operator.py for tasks to queue
[2024-05-06T20:05:51.888+0000] {logging_mixin.py:188} INFO - [2024-05-06T20:05:51.888+0000] {dagbag.py:540} INFO - Filling up the DagBag from /home/airflow/.local/lib/python3.12/site-packages/airflow/example_dags/example_bash_operator.py
[2024-05-06T20:05:51.894+0000] {processor.py:840} INFO - DAG(s) 'example_bash_operator' retrieved from /home/airflow/.local/lib/python3.12/site-packages/airflow/example_dags/example_bash_operator.py
[2024-05-06T20:05:51.906+0000] {logging_mixin.py:188} INFO - [2024-05-06T20:05:51.906+0000] {dag.py:3096} INFO - Sync 1 DAGs
[2024-05-06T20:05:51.917+0000] {logging_mixin.py:188} INFO - [2024-05-06T20:05:51.917+0000] {dag.py:3954} INFO - Setting next_dagrun for example_bash_operator to 2024-05-05 00:00:00+00:00, run_after=2024-05-06 00:00:00+00:00
[2024-05-06T20:05:51.925+0000] {processor.py:183} INFO - Processing /home/airflow/.local/lib/python3.12/site-packages/airflow/example_dags/example_bash_operator.py took 0.042 seconds
[2024-05-06T20:06:22.622+0000] {processor.py:161} INFO - Started process (PID=5111) to work on /home/airflow/.local/lib/python3.12/site-packages/airflow/example_dags/example_bash_operator.py
[2024-05-06T20:06:22.622+0000] {processor.py:830} INFO - Processing file /home/airflow/.local/lib/python3.12/site-packages/airflow/example_dags/example_bash_operator.py for tasks to queue
[2024-05-06T20:06:22.623+0000] {logging_mixin.py:188} INFO - [2024-05-06T20:06:22.623+0000] {dagbag.py:540} INFO - Filling up the DagBag from /home/airflow/.local/lib/python3.12/site-packages/airflow/example_dags/example_bash_operator.py
[2024-05-06T20:06:22.629+0000] {processor.py:840} INFO - DAG(s) 'example_bash_operator' retrieved from /home/airflow/.local/lib/python3.12/site-packages/airflow/example_dags/example_bash_operator.py
[2024-05-06T20:06:22.641+0000] {logging_mixin.py:188} INFO - [2024-05-06T20:06:22.641+0000] {dag.py:3096} INFO - Sync 1 DAGs
[2024-05-06T20:06:22.652+0000] {logging_mixin.py:188} INFO - [2024-05-06T20:06:22.652+0000] {dag.py:3954} INFO - Setting next_dagrun for example_bash_operator to 2024-05-05 00:00:00+00:00, run_after=2024-05-06 00:00:00+00:00
[2024-05-06T20:06:22.661+0000] {processor.py:183} INFO - Processing /home/airflow/.local/lib/python3.12/site-packages/airflow/example_dags/example_bash_operator.py took 0.042 seconds
[2024-05-06T20:06:53.244+0000] {processor.py:161} INFO - Started process (PID=5170) to work on /home/airflow/.local/lib/python3.12/site-packages/airflow/example_dags/example_bash_operator.py
[2024-05-06T20:06:53.245+0000] {processor.py:830} INFO - Processing file /home/airflow/.local/lib/python3.12/site-packages/airflow/example_dags/example_bash_operator.py for tasks to queue
[2024-05-06T20:06:53.246+0000] {logging_mixin.py:188} INFO - [2024-05-06T20:06:53.245+0000] {dagbag.py:540} INFO - Filling up the DagBag from /home/airflow/.local/lib/python3.12/site-packages/airflow/example_dags/example_bash_operator.py
[2024-05-06T20:06:53.251+0000] {processor.py:840} INFO - DAG(s) 'example_bash_operator' retrieved from /home/airflow/.local/lib/python3.12/site-packages/airflow/example_dags/example_bash_operator.py
[2024-05-06T20:06:53.264+0000] {logging_mixin.py:188} INFO - [2024-05-06T20:06:53.264+0000] {dag.py:3096} INFO - Sync 1 DAGs
[2024-05-06T20:06:53.277+0000] {logging_mixin.py:188} INFO - [2024-05-06T20:06:53.277+0000] {dag.py:3954} INFO - Setting next_dagrun for example_bash_operator to 2024-05-05 00:00:00+00:00, run_after=2024-05-06 00:00:00+00:00
[2024-05-06T20:06:53.285+0000] {processor.py:183} INFO - Processing /home/airflow/.local/lib/python3.12/site-packages/airflow/example_dags/example_bash_operator.py took 0.044 seconds
[2024-05-06T20:07:23.979+0000] {processor.py:161} INFO - Started process (PID=5228) to work on /home/airflow/.local/lib/python3.12/site-packages/airflow/example_dags/example_bash_operator.py
[2024-05-06T20:07:23.980+0000] {processor.py:830} INFO - Processing file /home/airflow/.local/lib/python3.12/site-packages/airflow/example_dags/example_bash_operator.py for tasks to queue
[2024-05-06T20:07:23.981+0000] {logging_mixin.py:188} INFO - [2024-05-06T20:07:23.980+0000] {dagbag.py:540} INFO - Filling up the DagBag from /home/airflow/.local/lib/python3.12/site-packages/airflow/example_dags/example_bash_operator.py
[2024-05-06T20:07:23.986+0000] {processor.py:840} INFO - DAG(s) 'example_bash_operator' retrieved from /home/airflow/.local/lib/python3.12/site-packages/airflow/example_dags/example_bash_operator.py
[2024-05-06T20:07:23.999+0000] {logging_mixin.py:188} INFO - [2024-05-06T20:07:23.999+0000] {dag.py:3096} INFO - Sync 1 DAGs
[2024-05-06T20:07:24.011+0000] {logging_mixin.py:188} INFO - [2024-05-06T20:07:24.010+0000] {dag.py:3954} INFO - Setting next_dagrun for example_bash_operator to 2024-05-05 00:00:00+00:00, run_after=2024-05-06 00:00:00+00:00
[2024-05-06T20:07:24.020+0000] {processor.py:183} INFO - Processing /home/airflow/.local/lib/python3.12/site-packages/airflow/example_dags/example_bash_operator.py took 0.044 seconds
[2024-05-06T20:07:55.097+0000] {processor.py:161} INFO - Started process (PID=5287) to work on /home/airflow/.local/lib/python3.12/site-packages/airflow/example_dags/example_bash_operator.py
[2024-05-06T20:07:55.098+0000] {processor.py:830} INFO - Processing file /home/airflow/.local/lib/python3.12/site-packages/airflow/example_dags/example_bash_operator.py for tasks to queue
[2024-05-06T20:07:55.099+0000] {logging_mixin.py:188} INFO - [2024-05-06T20:07:55.099+0000] {dagbag.py:540} INFO - Filling up the DagBag from /home/airflow/.local/lib/python3.12/site-packages/airflow/example_dags/example_bash_operator.py
[2024-05-06T20:07:55.106+0000] {processor.py:840} INFO - DAG(s) 'example_bash_operator' retrieved from /home/airflow/.local/lib/python3.12/site-packages/airflow/example_dags/example_bash_operator.py
[2024-05-06T20:07:55.118+0000] {logging_mixin.py:188} INFO - [2024-05-06T20:07:55.118+0000] {dag.py:3096} INFO - Sync 1 DAGs
[2024-05-06T20:07:55.129+0000] {logging_mixin.py:188} INFO - [2024-05-06T20:07:55.129+0000] {dag.py:3954} INFO - Setting next_dagrun for example_bash_operator to 2024-05-05 00:00:00+00:00, run_after=2024-05-06 00:00:00+00:00
[2024-05-06T20:07:55.139+0000] {processor.py:183} INFO - Processing /home/airflow/.local/lib/python3.12/site-packages/airflow/example_dags/example_bash_operator.py took 0.044 seconds
[2024-05-06T20:08:25.348+0000] {processor.py:161} INFO - Started process (PID=5345) to work on /home/airflow/.local/lib/python3.12/site-packages/airflow/example_dags/example_bash_operator.py
[2024-05-06T20:08:25.348+0000] {processor.py:830} INFO - Processing file /home/airflow/.local/lib/python3.12/site-packages/airflow/example_dags/example_bash_operator.py for tasks to queue
[2024-05-06T20:08:25.349+0000] {logging_mixin.py:188} INFO - [2024-05-06T20:08:25.349+0000] {dagbag.py:540} INFO - Filling up the DagBag from /home/airflow/.local/lib/python3.12/site-packages/airflow/example_dags/example_bash_operator.py
[2024-05-06T20:08:25.355+0000] {processor.py:840} INFO - DAG(s) 'example_bash_operator' retrieved from /home/airflow/.local/lib/python3.12/site-packages/airflow/example_dags/example_bash_operator.py
[2024-05-06T20:08:25.367+0000] {logging_mixin.py:188} INFO - [2024-05-06T20:08:25.367+0000] {dag.py:3096} INFO - Sync 1 DAGs
[2024-05-06T20:08:25.378+0000] {logging_mixin.py:188} INFO - [2024-05-06T20:08:25.377+0000] {dag.py:3954} INFO - Setting next_dagrun for example_bash_operator to 2024-05-05 00:00:00+00:00, run_after=2024-05-06 00:00:00+00:00
[2024-05-06T20:08:25.385+0000] {processor.py:183} INFO - Processing /home/airflow/.local/lib/python3.12/site-packages/airflow/example_dags/example_bash_operator.py took 0.041 seconds
[2024-05-06T20:08:56.341+0000] {processor.py:161} INFO - Started process (PID=5404) to work on /home/airflow/.local/lib/python3.12/site-packages/airflow/example_dags/example_bash_operator.py
[2024-05-06T20:08:56.341+0000] {processor.py:830} INFO - Processing file /home/airflow/.local/lib/python3.12/site-packages/airflow/example_dags/example_bash_operator.py for tasks to queue
[2024-05-06T20:08:56.343+0000] {logging_mixin.py:188} INFO - [2024-05-06T20:08:56.343+0000] {dagbag.py:540} INFO - Filling up the DagBag from /home/airflow/.local/lib/python3.12/site-packages/airflow/example_dags/example_bash_operator.py
[2024-05-06T20:08:56.349+0000] {processor.py:840} INFO - DAG(s) 'example_bash_operator' retrieved from /home/airflow/.local/lib/python3.12/site-packages/airflow/example_dags/example_bash_operator.py
[2024-05-06T20:08:56.361+0000] {logging_mixin.py:188} INFO - [2024-05-06T20:08:56.361+0000] {dag.py:3096} INFO - Sync 1 DAGs
[2024-05-06T20:08:56.371+0000] {logging_mixin.py:188} INFO - [2024-05-06T20:08:56.371+0000] {dag.py:3954} INFO - Setting next_dagrun for example_bash_operator to 2024-05-05 00:00:00+00:00, run_after=2024-05-06 00:00:00+00:00
[2024-05-06T20:08:56.379+0000] {processor.py:183} INFO - Processing /home/airflow/.local/lib/python3.12/site-packages/airflow/example_dags/example_bash_operator.py took 0.041 seconds
[2024-05-06T20:09:27.188+0000] {processor.py:161} INFO - Started process (PID=5463) to work on /home/airflow/.local/lib/python3.12/site-packages/airflow/example_dags/example_bash_operator.py
[2024-05-06T20:09:27.188+0000] {processor.py:830} INFO - Processing file /home/airflow/.local/lib/python3.12/site-packages/airflow/example_dags/example_bash_operator.py for tasks to queue
[2024-05-06T20:09:27.189+0000] {logging_mixin.py:188} INFO - [2024-05-06T20:09:27.189+0000] {dagbag.py:540} INFO - Filling up the DagBag from /home/airflow/.local/lib/python3.12/site-packages/airflow/example_dags/example_bash_operator.py
[2024-05-06T20:09:27.195+0000] {processor.py:840} INFO - DAG(s) 'example_bash_operator' retrieved from /home/airflow/.local/lib/python3.12/site-packages/airflow/example_dags/example_bash_operator.py
[2024-05-06T20:09:27.207+0000] {logging_mixin.py:188} INFO - [2024-05-06T20:09:27.207+0000] {dag.py:3096} INFO - Sync 1 DAGs
[2024-05-06T20:09:27.217+0000] {logging_mixin.py:188} INFO - [2024-05-06T20:09:27.217+0000] {dag.py:3954} INFO - Setting next_dagrun for example_bash_operator to 2024-05-05 00:00:00+00:00, run_after=2024-05-06 00:00:00+00:00
[2024-05-06T20:09:27.225+0000] {processor.py:183} INFO - Processing /home/airflow/.local/lib/python3.12/site-packages/airflow/example_dags/example_bash_operator.py took 0.041 seconds
[2024-05-06T20:09:57.689+0000] {processor.py:161} INFO - Started process (PID=5522) to work on /home/airflow/.local/lib/python3.12/site-packages/airflow/example_dags/example_bash_operator.py
[2024-05-06T20:09:57.695+0000] {processor.py:830} INFO - Processing file /home/airflow/.local/lib/python3.12/site-packages/airflow/example_dags/example_bash_operator.py for tasks to queue
[2024-05-06T20:09:57.696+0000] {logging_mixin.py:188} INFO - [2024-05-06T20:09:57.695+0000] {dagbag.py:540} INFO - Filling up the DagBag from /home/airflow/.local/lib/python3.12/site-packages/airflow/example_dags/example_bash_operator.py
[2024-05-06T20:09:57.702+0000] {processor.py:840} INFO - DAG(s) 'example_bash_operator' retrieved from /home/airflow/.local/lib/python3.12/site-packages/airflow/example_dags/example_bash_operator.py
[2024-05-06T20:09:57.715+0000] {logging_mixin.py:188} INFO - [2024-05-06T20:09:57.715+0000] {dag.py:3096} INFO - Sync 1 DAGs
[2024-05-06T20:09:57.727+0000] {logging_mixin.py:188} INFO - [2024-05-06T20:09:57.727+0000] {dag.py:3954} INFO - Setting next_dagrun for example_bash_operator to 2024-05-05 00:00:00+00:00, run_after=2024-05-06 00:00:00+00:00
[2024-05-06T20:09:57.736+0000] {processor.py:183} INFO - Processing /home/airflow/.local/lib/python3.12/site-packages/airflow/example_dags/example_bash_operator.py took 0.050 seconds
[2024-05-06T20:10:28.631+0000] {processor.py:161} INFO - Started process (PID=5581) to work on /home/airflow/.local/lib/python3.12/site-packages/airflow/example_dags/example_bash_operator.py
[2024-05-06T20:10:28.632+0000] {processor.py:830} INFO - Processing file /home/airflow/.local/lib/python3.12/site-packages/airflow/example_dags/example_bash_operator.py for tasks to queue
[2024-05-06T20:10:28.634+0000] {logging_mixin.py:188} INFO - [2024-05-06T20:10:28.633+0000] {dagbag.py:540} INFO - Filling up the DagBag from /home/airflow/.local/lib/python3.12/site-packages/airflow/example_dags/example_bash_operator.py
[2024-05-06T20:10:28.640+0000] {processor.py:840} INFO - DAG(s) 'example_bash_operator' retrieved from /home/airflow/.local/lib/python3.12/site-packages/airflow/example_dags/example_bash_operator.py
[2024-05-06T20:10:28.654+0000] {logging_mixin.py:188} INFO - [2024-05-06T20:10:28.654+0000] {dag.py:3096} INFO - Sync 1 DAGs
[2024-05-06T20:10:28.665+0000] {logging_mixin.py:188} INFO - [2024-05-06T20:10:28.665+0000] {dag.py:3954} INFO - Setting next_dagrun for example_bash_operator to 2024-05-05 00:00:00+00:00, run_after=2024-05-06 00:00:00+00:00
[2024-05-06T20:10:28.673+0000] {processor.py:183} INFO - Processing /home/airflow/.local/lib/python3.12/site-packages/airflow/example_dags/example_bash_operator.py took 0.045 seconds
[2024-05-06T20:10:58.777+0000] {processor.py:161} INFO - Started process (PID=5640) to work on /home/airflow/.local/lib/python3.12/site-packages/airflow/example_dags/example_bash_operator.py
[2024-05-06T20:10:58.778+0000] {processor.py:830} INFO - Processing file /home/airflow/.local/lib/python3.12/site-packages/airflow/example_dags/example_bash_operator.py for tasks to queue
[2024-05-06T20:10:58.779+0000] {logging_mixin.py:188} INFO - [2024-05-06T20:10:58.779+0000] {dagbag.py:540} INFO - Filling up the DagBag from /home/airflow/.local/lib/python3.12/site-packages/airflow/example_dags/example_bash_operator.py
[2024-05-06T20:10:58.785+0000] {processor.py:840} INFO - DAG(s) 'example_bash_operator' retrieved from /home/airflow/.local/lib/python3.12/site-packages/airflow/example_dags/example_bash_operator.py
[2024-05-06T20:10:58.797+0000] {logging_mixin.py:188} INFO - [2024-05-06T20:10:58.797+0000] {dag.py:3096} INFO - Sync 1 DAGs
[2024-05-06T20:10:58.807+0000] {logging_mixin.py:188} INFO - [2024-05-06T20:10:58.807+0000] {dag.py:3954} INFO - Setting next_dagrun for example_bash_operator to 2024-05-05 00:00:00+00:00, run_after=2024-05-06 00:00:00+00:00
[2024-05-06T20:10:58.816+0000] {processor.py:183} INFO - Processing /home/airflow/.local/lib/python3.12/site-packages/airflow/example_dags/example_bash_operator.py took 0.041 seconds
