[2024-05-06T20:01:45.897+0000] {processor.py:161} INFO - Started process (PID=4566) to work on /home/airflow/.local/lib/python3.12/site-packages/airflow/example_dags/example_branch_labels.py
[2024-05-06T20:01:45.898+0000] {processor.py:830} INFO - Processing file /home/airflow/.local/lib/python3.12/site-packages/airflow/example_dags/example_branch_labels.py for tasks to queue
[2024-05-06T20:01:45.899+0000] {logging_mixin.py:188} INFO - [2024-05-06T20:01:45.898+0000] {dagbag.py:540} INFO - Filling up the DagBag from /home/airflow/.local/lib/python3.12/site-packages/airflow/example_dags/example_branch_labels.py
[2024-05-06T20:01:45.902+0000] {processor.py:840} INFO - DAG(s) 'example_branch_labels' retrieved from /home/airflow/.local/lib/python3.12/site-packages/airflow/example_dags/example_branch_labels.py
[2024-05-06T20:01:45.914+0000] {logging_mixin.py:188} INFO - [2024-05-06T20:01:45.914+0000] {dag.py:3096} INFO - Sync 1 DAGs
[2024-05-06T20:01:45.927+0000] {logging_mixin.py:188} INFO - [2024-05-06T20:01:45.927+0000] {dag.py:3954} INFO - Setting next_dagrun for example_branch_labels to 2024-05-05 00:00:00+00:00, run_after=2024-05-06 00:00:00+00:00
[2024-05-06T20:01:45.936+0000] {processor.py:183} INFO - Processing /home/airflow/.local/lib/python3.12/site-packages/airflow/example_dags/example_branch_labels.py took 0.042 seconds
[2024-05-06T20:02:16.852+0000] {processor.py:161} INFO - Started process (PID=4624) to work on /home/airflow/.local/lib/python3.12/site-packages/airflow/example_dags/example_branch_labels.py
[2024-05-06T20:02:16.853+0000] {processor.py:830} INFO - Processing file /home/airflow/.local/lib/python3.12/site-packages/airflow/example_dags/example_branch_labels.py for tasks to queue
[2024-05-06T20:02:16.854+0000] {logging_mixin.py:188} INFO - [2024-05-06T20:02:16.854+0000] {dagbag.py:540} INFO - Filling up the DagBag from /home/airflow/.local/lib/python3.12/site-packages/airflow/example_dags/example_branch_labels.py
[2024-05-06T20:02:16.858+0000] {processor.py:840} INFO - DAG(s) 'example_branch_labels' retrieved from /home/airflow/.local/lib/python3.12/site-packages/airflow/example_dags/example_branch_labels.py
[2024-05-06T20:02:16.870+0000] {logging_mixin.py:188} INFO - [2024-05-06T20:02:16.870+0000] {dag.py:3096} INFO - Sync 1 DAGs
[2024-05-06T20:02:16.882+0000] {logging_mixin.py:188} INFO - [2024-05-06T20:02:16.882+0000] {dag.py:3954} INFO - Setting next_dagrun for example_branch_labels to 2024-05-05 00:00:00+00:00, run_after=2024-05-06 00:00:00+00:00
[2024-05-06T20:02:16.891+0000] {processor.py:183} INFO - Processing /home/airflow/.local/lib/python3.12/site-packages/airflow/example_dags/example_branch_labels.py took 0.042 seconds
[2024-05-06T20:02:47.833+0000] {processor.py:161} INFO - Started process (PID=4683) to work on /home/airflow/.local/lib/python3.12/site-packages/airflow/example_dags/example_branch_labels.py
[2024-05-06T20:02:47.834+0000] {processor.py:830} INFO - Processing file /home/airflow/.local/lib/python3.12/site-packages/airflow/example_dags/example_branch_labels.py for tasks to queue
[2024-05-06T20:02:47.835+0000] {logging_mixin.py:188} INFO - [2024-05-06T20:02:47.835+0000] {dagbag.py:540} INFO - Filling up the DagBag from /home/airflow/.local/lib/python3.12/site-packages/airflow/example_dags/example_branch_labels.py
[2024-05-06T20:02:47.839+0000] {processor.py:840} INFO - DAG(s) 'example_branch_labels' retrieved from /home/airflow/.local/lib/python3.12/site-packages/airflow/example_dags/example_branch_labels.py
[2024-05-06T20:02:47.850+0000] {logging_mixin.py:188} INFO - [2024-05-06T20:02:47.850+0000] {dag.py:3096} INFO - Sync 1 DAGs
[2024-05-06T20:02:47.861+0000] {logging_mixin.py:188} INFO - [2024-05-06T20:02:47.861+0000] {dag.py:3954} INFO - Setting next_dagrun for example_branch_labels to 2024-05-05 00:00:00+00:00, run_after=2024-05-06 00:00:00+00:00
[2024-05-06T20:02:47.869+0000] {processor.py:183} INFO - Processing /home/airflow/.local/lib/python3.12/site-packages/airflow/example_dags/example_branch_labels.py took 0.039 seconds
[2024-05-06T20:03:18.716+0000] {processor.py:161} INFO - Started process (PID=4742) to work on /home/airflow/.local/lib/python3.12/site-packages/airflow/example_dags/example_branch_labels.py
[2024-05-06T20:03:18.717+0000] {processor.py:830} INFO - Processing file /home/airflow/.local/lib/python3.12/site-packages/airflow/example_dags/example_branch_labels.py for tasks to queue
[2024-05-06T20:03:18.718+0000] {logging_mixin.py:188} INFO - [2024-05-06T20:03:18.718+0000] {dagbag.py:540} INFO - Filling up the DagBag from /home/airflow/.local/lib/python3.12/site-packages/airflow/example_dags/example_branch_labels.py
[2024-05-06T20:03:18.721+0000] {processor.py:840} INFO - DAG(s) 'example_branch_labels' retrieved from /home/airflow/.local/lib/python3.12/site-packages/airflow/example_dags/example_branch_labels.py
[2024-05-06T20:03:18.733+0000] {logging_mixin.py:188} INFO - [2024-05-06T20:03:18.732+0000] {dag.py:3096} INFO - Sync 1 DAGs
[2024-05-06T20:03:18.744+0000] {logging_mixin.py:188} INFO - [2024-05-06T20:03:18.744+0000] {dag.py:3954} INFO - Setting next_dagrun for example_branch_labels to 2024-05-05 00:00:00+00:00, run_after=2024-05-06 00:00:00+00:00
[2024-05-06T20:03:18.752+0000] {processor.py:183} INFO - Processing /home/airflow/.local/lib/python3.12/site-packages/airflow/example_dags/example_branch_labels.py took 0.039 seconds
[2024-05-06T20:03:49.556+0000] {processor.py:161} INFO - Started process (PID=4800) to work on /home/airflow/.local/lib/python3.12/site-packages/airflow/example_dags/example_branch_labels.py
[2024-05-06T20:03:49.557+0000] {processor.py:830} INFO - Processing file /home/airflow/.local/lib/python3.12/site-packages/airflow/example_dags/example_branch_labels.py for tasks to queue
[2024-05-06T20:03:49.558+0000] {logging_mixin.py:188} INFO - [2024-05-06T20:03:49.558+0000] {dagbag.py:540} INFO - Filling up the DagBag from /home/airflow/.local/lib/python3.12/site-packages/airflow/example_dags/example_branch_labels.py
[2024-05-06T20:03:49.562+0000] {processor.py:840} INFO - DAG(s) 'example_branch_labels' retrieved from /home/airflow/.local/lib/python3.12/site-packages/airflow/example_dags/example_branch_labels.py
[2024-05-06T20:03:49.573+0000] {logging_mixin.py:188} INFO - [2024-05-06T20:03:49.573+0000] {dag.py:3096} INFO - Sync 1 DAGs
[2024-05-06T20:03:49.586+0000] {logging_mixin.py:188} INFO - [2024-05-06T20:03:49.586+0000] {dag.py:3954} INFO - Setting next_dagrun for example_branch_labels to 2024-05-05 00:00:00+00:00, run_after=2024-05-06 00:00:00+00:00
[2024-05-06T20:03:49.595+0000] {processor.py:183} INFO - Processing /home/airflow/.local/lib/python3.12/site-packages/airflow/example_dags/example_branch_labels.py took 0.043 seconds
[2024-05-06T20:04:19.666+0000] {processor.py:161} INFO - Started process (PID=4858) to work on /home/airflow/.local/lib/python3.12/site-packages/airflow/example_dags/example_branch_labels.py
[2024-05-06T20:04:19.667+0000] {processor.py:830} INFO - Processing file /home/airflow/.local/lib/python3.12/site-packages/airflow/example_dags/example_branch_labels.py for tasks to queue
[2024-05-06T20:04:19.668+0000] {logging_mixin.py:188} INFO - [2024-05-06T20:04:19.668+0000] {dagbag.py:540} INFO - Filling up the DagBag from /home/airflow/.local/lib/python3.12/site-packages/airflow/example_dags/example_branch_labels.py
[2024-05-06T20:04:19.673+0000] {processor.py:840} INFO - DAG(s) 'example_branch_labels' retrieved from /home/airflow/.local/lib/python3.12/site-packages/airflow/example_dags/example_branch_labels.py
[2024-05-06T20:04:19.690+0000] {logging_mixin.py:188} INFO - [2024-05-06T20:04:19.690+0000] {dag.py:3096} INFO - Sync 1 DAGs
[2024-05-06T20:04:19.744+0000] {logging_mixin.py:188} INFO - [2024-05-06T20:04:19.744+0000] {dag.py:3954} INFO - Setting next_dagrun for example_branch_labels to 2024-05-05 00:00:00+00:00, run_after=2024-05-06 00:00:00+00:00
[2024-05-06T20:04:19.755+0000] {processor.py:183} INFO - Processing /home/airflow/.local/lib/python3.12/site-packages/airflow/example_dags/example_branch_labels.py took 0.092 seconds
[2024-05-06T20:04:49.844+0000] {processor.py:161} INFO - Started process (PID=4917) to work on /home/airflow/.local/lib/python3.12/site-packages/airflow/example_dags/example_branch_labels.py
[2024-05-06T20:04:49.845+0000] {processor.py:830} INFO - Processing file /home/airflow/.local/lib/python3.12/site-packages/airflow/example_dags/example_branch_labels.py for tasks to queue
[2024-05-06T20:04:49.846+0000] {logging_mixin.py:188} INFO - [2024-05-06T20:04:49.846+0000] {dagbag.py:540} INFO - Filling up the DagBag from /home/airflow/.local/lib/python3.12/site-packages/airflow/example_dags/example_branch_labels.py
[2024-05-06T20:04:49.850+0000] {processor.py:840} INFO - DAG(s) 'example_branch_labels' retrieved from /home/airflow/.local/lib/python3.12/site-packages/airflow/example_dags/example_branch_labels.py
[2024-05-06T20:04:49.860+0000] {logging_mixin.py:188} INFO - [2024-05-06T20:04:49.859+0000] {dag.py:3096} INFO - Sync 1 DAGs
[2024-05-06T20:04:49.871+0000] {logging_mixin.py:188} INFO - [2024-05-06T20:04:49.871+0000] {dag.py:3954} INFO - Setting next_dagrun for example_branch_labels to 2024-05-05 00:00:00+00:00, run_after=2024-05-06 00:00:00+00:00
[2024-05-06T20:04:49.879+0000] {processor.py:183} INFO - Processing /home/airflow/.local/lib/python3.12/site-packages/airflow/example_dags/example_branch_labels.py took 0.038 seconds
[2024-05-06T20:05:20.862+0000] {processor.py:161} INFO - Started process (PID=4976) to work on /home/airflow/.local/lib/python3.12/site-packages/airflow/example_dags/example_branch_labels.py
[2024-05-06T20:05:20.862+0000] {processor.py:830} INFO - Processing file /home/airflow/.local/lib/python3.12/site-packages/airflow/example_dags/example_branch_labels.py for tasks to queue
[2024-05-06T20:05:20.863+0000] {logging_mixin.py:188} INFO - [2024-05-06T20:05:20.863+0000] {dagbag.py:540} INFO - Filling up the DagBag from /home/airflow/.local/lib/python3.12/site-packages/airflow/example_dags/example_branch_labels.py
[2024-05-06T20:05:20.867+0000] {processor.py:840} INFO - DAG(s) 'example_branch_labels' retrieved from /home/airflow/.local/lib/python3.12/site-packages/airflow/example_dags/example_branch_labels.py
[2024-05-06T20:05:20.877+0000] {logging_mixin.py:188} INFO - [2024-05-06T20:05:20.877+0000] {dag.py:3096} INFO - Sync 1 DAGs
[2024-05-06T20:05:20.888+0000] {logging_mixin.py:188} INFO - [2024-05-06T20:05:20.888+0000] {dag.py:3954} INFO - Setting next_dagrun for example_branch_labels to 2024-05-05 00:00:00+00:00, run_after=2024-05-06 00:00:00+00:00
[2024-05-06T20:05:20.896+0000] {processor.py:183} INFO - Processing /home/airflow/.local/lib/python3.12/site-packages/airflow/example_dags/example_branch_labels.py took 0.037 seconds
[2024-05-06T20:05:51.464+0000] {processor.py:161} INFO - Started process (PID=5035) to work on /home/airflow/.local/lib/python3.12/site-packages/airflow/example_dags/example_branch_labels.py
[2024-05-06T20:05:51.465+0000] {processor.py:830} INFO - Processing file /home/airflow/.local/lib/python3.12/site-packages/airflow/example_dags/example_branch_labels.py for tasks to queue
[2024-05-06T20:05:51.466+0000] {logging_mixin.py:188} INFO - [2024-05-06T20:05:51.465+0000] {dagbag.py:540} INFO - Filling up the DagBag from /home/airflow/.local/lib/python3.12/site-packages/airflow/example_dags/example_branch_labels.py
[2024-05-06T20:05:51.469+0000] {processor.py:840} INFO - DAG(s) 'example_branch_labels' retrieved from /home/airflow/.local/lib/python3.12/site-packages/airflow/example_dags/example_branch_labels.py
[2024-05-06T20:05:51.480+0000] {logging_mixin.py:188} INFO - [2024-05-06T20:05:51.480+0000] {dag.py:3096} INFO - Sync 1 DAGs
[2024-05-06T20:05:51.491+0000] {logging_mixin.py:188} INFO - [2024-05-06T20:05:51.491+0000] {dag.py:3954} INFO - Setting next_dagrun for example_branch_labels to 2024-05-05 00:00:00+00:00, run_after=2024-05-06 00:00:00+00:00
[2024-05-06T20:05:51.500+0000] {processor.py:183} INFO - Processing /home/airflow/.local/lib/python3.12/site-packages/airflow/example_dags/example_branch_labels.py took 0.038 seconds
[2024-05-06T20:06:22.226+0000] {processor.py:161} INFO - Started process (PID=5094) to work on /home/airflow/.local/lib/python3.12/site-packages/airflow/example_dags/example_branch_labels.py
[2024-05-06T20:06:22.227+0000] {processor.py:830} INFO - Processing file /home/airflow/.local/lib/python3.12/site-packages/airflow/example_dags/example_branch_labels.py for tasks to queue
[2024-05-06T20:06:22.227+0000] {logging_mixin.py:188} INFO - [2024-05-06T20:06:22.227+0000] {dagbag.py:540} INFO - Filling up the DagBag from /home/airflow/.local/lib/python3.12/site-packages/airflow/example_dags/example_branch_labels.py
[2024-05-06T20:06:22.231+0000] {processor.py:840} INFO - DAG(s) 'example_branch_labels' retrieved from /home/airflow/.local/lib/python3.12/site-packages/airflow/example_dags/example_branch_labels.py
[2024-05-06T20:06:22.241+0000] {logging_mixin.py:188} INFO - [2024-05-06T20:06:22.240+0000] {dag.py:3096} INFO - Sync 1 DAGs
[2024-05-06T20:06:22.250+0000] {logging_mixin.py:188} INFO - [2024-05-06T20:06:22.250+0000] {dag.py:3954} INFO - Setting next_dagrun for example_branch_labels to 2024-05-05 00:00:00+00:00, run_after=2024-05-06 00:00:00+00:00
[2024-05-06T20:06:22.257+0000] {processor.py:183} INFO - Processing /home/airflow/.local/lib/python3.12/site-packages/airflow/example_dags/example_branch_labels.py took 0.034 seconds
[2024-05-06T20:06:52.814+0000] {processor.py:161} INFO - Started process (PID=5153) to work on /home/airflow/.local/lib/python3.12/site-packages/airflow/example_dags/example_branch_labels.py
[2024-05-06T20:06:52.815+0000] {processor.py:830} INFO - Processing file /home/airflow/.local/lib/python3.12/site-packages/airflow/example_dags/example_branch_labels.py for tasks to queue
[2024-05-06T20:06:52.816+0000] {logging_mixin.py:188} INFO - [2024-05-06T20:06:52.815+0000] {dagbag.py:540} INFO - Filling up the DagBag from /home/airflow/.local/lib/python3.12/site-packages/airflow/example_dags/example_branch_labels.py
[2024-05-06T20:06:52.820+0000] {processor.py:840} INFO - DAG(s) 'example_branch_labels' retrieved from /home/airflow/.local/lib/python3.12/site-packages/airflow/example_dags/example_branch_labels.py
[2024-05-06T20:06:52.831+0000] {logging_mixin.py:188} INFO - [2024-05-06T20:06:52.831+0000] {dag.py:3096} INFO - Sync 1 DAGs
[2024-05-06T20:06:52.843+0000] {logging_mixin.py:188} INFO - [2024-05-06T20:06:52.843+0000] {dag.py:3954} INFO - Setting next_dagrun for example_branch_labels to 2024-05-05 00:00:00+00:00, run_after=2024-05-06 00:00:00+00:00
[2024-05-06T20:06:52.851+0000] {processor.py:183} INFO - Processing /home/airflow/.local/lib/python3.12/site-packages/airflow/example_dags/example_branch_labels.py took 0.040 seconds
[2024-05-06T20:07:23.554+0000] {processor.py:161} INFO - Started process (PID=5211) to work on /home/airflow/.local/lib/python3.12/site-packages/airflow/example_dags/example_branch_labels.py
[2024-05-06T20:07:23.554+0000] {processor.py:830} INFO - Processing file /home/airflow/.local/lib/python3.12/site-packages/airflow/example_dags/example_branch_labels.py for tasks to queue
[2024-05-06T20:07:23.555+0000] {logging_mixin.py:188} INFO - [2024-05-06T20:07:23.555+0000] {dagbag.py:540} INFO - Filling up the DagBag from /home/airflow/.local/lib/python3.12/site-packages/airflow/example_dags/example_branch_labels.py
[2024-05-06T20:07:23.559+0000] {processor.py:840} INFO - DAG(s) 'example_branch_labels' retrieved from /home/airflow/.local/lib/python3.12/site-packages/airflow/example_dags/example_branch_labels.py
[2024-05-06T20:07:23.569+0000] {logging_mixin.py:188} INFO - [2024-05-06T20:07:23.569+0000] {dag.py:3096} INFO - Sync 1 DAGs
[2024-05-06T20:07:23.578+0000] {logging_mixin.py:188} INFO - [2024-05-06T20:07:23.578+0000] {dag.py:3954} INFO - Setting next_dagrun for example_branch_labels to 2024-05-05 00:00:00+00:00, run_after=2024-05-06 00:00:00+00:00
[2024-05-06T20:07:23.587+0000] {processor.py:183} INFO - Processing /home/airflow/.local/lib/python3.12/site-packages/airflow/example_dags/example_branch_labels.py took 0.036 seconds
[2024-05-06T20:07:54.629+0000] {processor.py:161} INFO - Started process (PID=5270) to work on /home/airflow/.local/lib/python3.12/site-packages/airflow/example_dags/example_branch_labels.py
[2024-05-06T20:07:54.630+0000] {processor.py:830} INFO - Processing file /home/airflow/.local/lib/python3.12/site-packages/airflow/example_dags/example_branch_labels.py for tasks to queue
[2024-05-06T20:07:54.631+0000] {logging_mixin.py:188} INFO - [2024-05-06T20:07:54.631+0000] {dagbag.py:540} INFO - Filling up the DagBag from /home/airflow/.local/lib/python3.12/site-packages/airflow/example_dags/example_branch_labels.py
[2024-05-06T20:07:54.635+0000] {processor.py:840} INFO - DAG(s) 'example_branch_labels' retrieved from /home/airflow/.local/lib/python3.12/site-packages/airflow/example_dags/example_branch_labels.py
[2024-05-06T20:07:54.646+0000] {logging_mixin.py:188} INFO - [2024-05-06T20:07:54.646+0000] {dag.py:3096} INFO - Sync 1 DAGs
[2024-05-06T20:07:54.659+0000] {logging_mixin.py:188} INFO - [2024-05-06T20:07:54.659+0000] {dag.py:3954} INFO - Setting next_dagrun for example_branch_labels to 2024-05-05 00:00:00+00:00, run_after=2024-05-06 00:00:00+00:00
[2024-05-06T20:07:54.668+0000] {processor.py:183} INFO - Processing /home/airflow/.local/lib/python3.12/site-packages/airflow/example_dags/example_branch_labels.py took 0.042 seconds
[2024-05-06T20:08:24.937+0000] {processor.py:161} INFO - Started process (PID=5328) to work on /home/airflow/.local/lib/python3.12/site-packages/airflow/example_dags/example_branch_labels.py
[2024-05-06T20:08:24.938+0000] {processor.py:830} INFO - Processing file /home/airflow/.local/lib/python3.12/site-packages/airflow/example_dags/example_branch_labels.py for tasks to queue
[2024-05-06T20:08:24.939+0000] {logging_mixin.py:188} INFO - [2024-05-06T20:08:24.938+0000] {dagbag.py:540} INFO - Filling up the DagBag from /home/airflow/.local/lib/python3.12/site-packages/airflow/example_dags/example_branch_labels.py
[2024-05-06T20:08:24.942+0000] {processor.py:840} INFO - DAG(s) 'example_branch_labels' retrieved from /home/airflow/.local/lib/python3.12/site-packages/airflow/example_dags/example_branch_labels.py
[2024-05-06T20:08:24.953+0000] {logging_mixin.py:188} INFO - [2024-05-06T20:08:24.953+0000] {dag.py:3096} INFO - Sync 1 DAGs
[2024-05-06T20:08:24.964+0000] {logging_mixin.py:188} INFO - [2024-05-06T20:08:24.963+0000] {dag.py:3954} INFO - Setting next_dagrun for example_branch_labels to 2024-05-05 00:00:00+00:00, run_after=2024-05-06 00:00:00+00:00
[2024-05-06T20:08:24.972+0000] {processor.py:183} INFO - Processing /home/airflow/.local/lib/python3.12/site-packages/airflow/example_dags/example_branch_labels.py took 0.038 seconds
[2024-05-06T20:08:55.946+0000] {processor.py:161} INFO - Started process (PID=5387) to work on /home/airflow/.local/lib/python3.12/site-packages/airflow/example_dags/example_branch_labels.py
[2024-05-06T20:08:55.946+0000] {processor.py:830} INFO - Processing file /home/airflow/.local/lib/python3.12/site-packages/airflow/example_dags/example_branch_labels.py for tasks to queue
[2024-05-06T20:08:55.947+0000] {logging_mixin.py:188} INFO - [2024-05-06T20:08:55.947+0000] {dagbag.py:540} INFO - Filling up the DagBag from /home/airflow/.local/lib/python3.12/site-packages/airflow/example_dags/example_branch_labels.py
[2024-05-06T20:08:55.951+0000] {processor.py:840} INFO - DAG(s) 'example_branch_labels' retrieved from /home/airflow/.local/lib/python3.12/site-packages/airflow/example_dags/example_branch_labels.py
[2024-05-06T20:08:55.962+0000] {logging_mixin.py:188} INFO - [2024-05-06T20:08:55.961+0000] {dag.py:3096} INFO - Sync 1 DAGs
[2024-05-06T20:08:55.972+0000] {logging_mixin.py:188} INFO - [2024-05-06T20:08:55.972+0000] {dag.py:3954} INFO - Setting next_dagrun for example_branch_labels to 2024-05-05 00:00:00+00:00, run_after=2024-05-06 00:00:00+00:00
[2024-05-06T20:08:55.980+0000] {processor.py:183} INFO - Processing /home/airflow/.local/lib/python3.12/site-packages/airflow/example_dags/example_branch_labels.py took 0.037 seconds
[2024-05-06T20:09:26.785+0000] {processor.py:161} INFO - Started process (PID=5446) to work on /home/airflow/.local/lib/python3.12/site-packages/airflow/example_dags/example_branch_labels.py
[2024-05-06T20:09:26.786+0000] {processor.py:830} INFO - Processing file /home/airflow/.local/lib/python3.12/site-packages/airflow/example_dags/example_branch_labels.py for tasks to queue
[2024-05-06T20:09:26.787+0000] {logging_mixin.py:188} INFO - [2024-05-06T20:09:26.787+0000] {dagbag.py:540} INFO - Filling up the DagBag from /home/airflow/.local/lib/python3.12/site-packages/airflow/example_dags/example_branch_labels.py
[2024-05-06T20:09:26.791+0000] {processor.py:840} INFO - DAG(s) 'example_branch_labels' retrieved from /home/airflow/.local/lib/python3.12/site-packages/airflow/example_dags/example_branch_labels.py
[2024-05-06T20:09:26.803+0000] {logging_mixin.py:188} INFO - [2024-05-06T20:09:26.803+0000] {dag.py:3096} INFO - Sync 1 DAGs
[2024-05-06T20:09:26.817+0000] {logging_mixin.py:188} INFO - [2024-05-06T20:09:26.816+0000] {dag.py:3954} INFO - Setting next_dagrun for example_branch_labels to 2024-05-05 00:00:00+00:00, run_after=2024-05-06 00:00:00+00:00
[2024-05-06T20:09:26.825+0000] {processor.py:183} INFO - Processing /home/airflow/.local/lib/python3.12/site-packages/airflow/example_dags/example_branch_labels.py took 0.042 seconds
[2024-05-06T20:09:57.195+0000] {processor.py:161} INFO - Started process (PID=5505) to work on /home/airflow/.local/lib/python3.12/site-packages/airflow/example_dags/example_branch_labels.py
[2024-05-06T20:09:57.195+0000] {processor.py:830} INFO - Processing file /home/airflow/.local/lib/python3.12/site-packages/airflow/example_dags/example_branch_labels.py for tasks to queue
[2024-05-06T20:09:57.196+0000] {logging_mixin.py:188} INFO - [2024-05-06T20:09:57.196+0000] {dagbag.py:540} INFO - Filling up the DagBag from /home/airflow/.local/lib/python3.12/site-packages/airflow/example_dags/example_branch_labels.py
[2024-05-06T20:09:57.202+0000] {processor.py:840} INFO - DAG(s) 'example_branch_labels' retrieved from /home/airflow/.local/lib/python3.12/site-packages/airflow/example_dags/example_branch_labels.py
[2024-05-06T20:09:57.220+0000] {logging_mixin.py:188} INFO - [2024-05-06T20:09:57.220+0000] {dag.py:3096} INFO - Sync 1 DAGs
[2024-05-06T20:09:57.238+0000] {logging_mixin.py:188} INFO - [2024-05-06T20:09:57.238+0000] {dag.py:3954} INFO - Setting next_dagrun for example_branch_labels to 2024-05-05 00:00:00+00:00, run_after=2024-05-06 00:00:00+00:00
[2024-05-06T20:09:57.248+0000] {processor.py:183} INFO - Processing /home/airflow/.local/lib/python3.12/site-packages/airflow/example_dags/example_branch_labels.py took 0.057 seconds
[2024-05-06T20:10:28.190+0000] {processor.py:161} INFO - Started process (PID=5564) to work on /home/airflow/.local/lib/python3.12/site-packages/airflow/example_dags/example_branch_labels.py
[2024-05-06T20:10:28.190+0000] {processor.py:830} INFO - Processing file /home/airflow/.local/lib/python3.12/site-packages/airflow/example_dags/example_branch_labels.py for tasks to queue
[2024-05-06T20:10:28.191+0000] {logging_mixin.py:188} INFO - [2024-05-06T20:10:28.191+0000] {dagbag.py:540} INFO - Filling up the DagBag from /home/airflow/.local/lib/python3.12/site-packages/airflow/example_dags/example_branch_labels.py
[2024-05-06T20:10:28.195+0000] {processor.py:840} INFO - DAG(s) 'example_branch_labels' retrieved from /home/airflow/.local/lib/python3.12/site-packages/airflow/example_dags/example_branch_labels.py
[2024-05-06T20:10:28.207+0000] {logging_mixin.py:188} INFO - [2024-05-06T20:10:28.206+0000] {dag.py:3096} INFO - Sync 1 DAGs
[2024-05-06T20:10:28.219+0000] {logging_mixin.py:188} INFO - [2024-05-06T20:10:28.218+0000] {dag.py:3954} INFO - Setting next_dagrun for example_branch_labels to 2024-05-05 00:00:00+00:00, run_after=2024-05-06 00:00:00+00:00
[2024-05-06T20:10:28.227+0000] {processor.py:183} INFO - Processing /home/airflow/.local/lib/python3.12/site-packages/airflow/example_dags/example_branch_labels.py took 0.040 seconds
[2024-05-06T20:10:58.337+0000] {processor.py:161} INFO - Started process (PID=5623) to work on /home/airflow/.local/lib/python3.12/site-packages/airflow/example_dags/example_branch_labels.py
[2024-05-06T20:10:58.338+0000] {processor.py:830} INFO - Processing file /home/airflow/.local/lib/python3.12/site-packages/airflow/example_dags/example_branch_labels.py for tasks to queue
[2024-05-06T20:10:58.339+0000] {logging_mixin.py:188} INFO - [2024-05-06T20:10:58.339+0000] {dagbag.py:540} INFO - Filling up the DagBag from /home/airflow/.local/lib/python3.12/site-packages/airflow/example_dags/example_branch_labels.py
[2024-05-06T20:10:58.343+0000] {processor.py:840} INFO - DAG(s) 'example_branch_labels' retrieved from /home/airflow/.local/lib/python3.12/site-packages/airflow/example_dags/example_branch_labels.py
[2024-05-06T20:10:58.352+0000] {logging_mixin.py:188} INFO - [2024-05-06T20:10:58.352+0000] {dag.py:3096} INFO - Sync 1 DAGs
[2024-05-06T20:10:58.362+0000] {logging_mixin.py:188} INFO - [2024-05-06T20:10:58.362+0000] {dag.py:3954} INFO - Setting next_dagrun for example_branch_labels to 2024-05-05 00:00:00+00:00, run_after=2024-05-06 00:00:00+00:00
[2024-05-06T20:10:58.369+0000] {processor.py:183} INFO - Processing /home/airflow/.local/lib/python3.12/site-packages/airflow/example_dags/example_branch_labels.py took 0.035 seconds
