[2024-05-06T17:59:09.892+0000] {processor.py:161} INFO - Started process (PID=65) to work on /home/airflow/.local/lib/python3.12/site-packages/airflow/example_dags/example_task_group_decorator.py
[2024-05-06T17:59:09.892+0000] {processor.py:830} INFO - Processing file /home/airflow/.local/lib/python3.12/site-packages/airflow/example_dags/example_task_group_decorator.py for tasks to queue
[2024-05-06T17:59:09.893+0000] {logging_mixin.py:188} INFO - [2024-05-06T17:59:09.893+0000] {dagbag.py:540} INFO - Filling up the DagBag from /home/airflow/.local/lib/python3.12/site-packages/airflow/example_dags/example_task_group_decorator.py
[2024-05-06T17:59:09.901+0000] {processor.py:840} INFO - DAG(s) 'example_task_group_decorator' retrieved from /home/airflow/.local/lib/python3.12/site-packages/airflow/example_dags/example_task_group_decorator.py
[2024-05-06T17:59:09.959+0000] {logging_mixin.py:188} INFO - [2024-05-06T17:59:09.959+0000] {override.py:1829} INFO - Created Permission View: can delete on DAG:example_task_group_decorator
[2024-05-06T17:59:09.963+0000] {logging_mixin.py:188} INFO - [2024-05-06T17:59:09.963+0000] {override.py:1829} INFO - Created Permission View: can edit on DAG:example_task_group_decorator
[2024-05-06T17:59:09.966+0000] {logging_mixin.py:188} INFO - [2024-05-06T17:59:09.965+0000] {override.py:1829} INFO - Created Permission View: can read on DAG:example_task_group_decorator
[2024-05-06T17:59:09.966+0000] {logging_mixin.py:188} INFO - [2024-05-06T17:59:09.966+0000] {dag.py:3096} INFO - Sync 1 DAGs
[2024-05-06T17:59:09.971+0000] {logging_mixin.py:188} INFO - [2024-05-06T17:59:09.971+0000] {dag.py:3118} INFO - Creating ORM DAG for example_task_group_decorator
[2024-05-06T17:59:09.976+0000] {logging_mixin.py:188} INFO - [2024-05-06T17:59:09.976+0000] {dag.py:3954} INFO - Setting next_dagrun for example_task_group_decorator to 2024-05-05 00:00:00+00:00, run_after=2024-05-06 00:00:00+00:00
[2024-05-06T17:59:09.983+0000] {processor.py:183} INFO - Processing /home/airflow/.local/lib/python3.12/site-packages/airflow/example_dags/example_task_group_decorator.py took 0.094 seconds
[2024-05-06T17:59:40.625+0000] {processor.py:161} INFO - Started process (PID=122) to work on /home/airflow/.local/lib/python3.12/site-packages/airflow/example_dags/example_task_group_decorator.py
[2024-05-06T17:59:40.626+0000] {processor.py:830} INFO - Processing file /home/airflow/.local/lib/python3.12/site-packages/airflow/example_dags/example_task_group_decorator.py for tasks to queue
[2024-05-06T17:59:40.627+0000] {logging_mixin.py:188} INFO - [2024-05-06T17:59:40.627+0000] {dagbag.py:540} INFO - Filling up the DagBag from /home/airflow/.local/lib/python3.12/site-packages/airflow/example_dags/example_task_group_decorator.py
[2024-05-06T17:59:40.633+0000] {processor.py:840} INFO - DAG(s) 'example_task_group_decorator' retrieved from /home/airflow/.local/lib/python3.12/site-packages/airflow/example_dags/example_task_group_decorator.py
[2024-05-06T17:59:40.644+0000] {logging_mixin.py:188} INFO - [2024-05-06T17:59:40.644+0000] {dag.py:3096} INFO - Sync 1 DAGs
[2024-05-06T17:59:40.654+0000] {logging_mixin.py:188} INFO - [2024-05-06T17:59:40.654+0000] {dag.py:3954} INFO - Setting next_dagrun for example_task_group_decorator to 2024-05-05 00:00:00+00:00, run_after=2024-05-06 00:00:00+00:00
[2024-05-06T17:59:40.662+0000] {processor.py:183} INFO - Processing /home/airflow/.local/lib/python3.12/site-packages/airflow/example_dags/example_task_group_decorator.py took 0.039 seconds
[2024-05-06T18:00:11.299+0000] {processor.py:161} INFO - Started process (PID=180) to work on /home/airflow/.local/lib/python3.12/site-packages/airflow/example_dags/example_task_group_decorator.py
[2024-05-06T18:00:11.300+0000] {processor.py:830} INFO - Processing file /home/airflow/.local/lib/python3.12/site-packages/airflow/example_dags/example_task_group_decorator.py for tasks to queue
[2024-05-06T18:00:11.301+0000] {logging_mixin.py:188} INFO - [2024-05-06T18:00:11.301+0000] {dagbag.py:540} INFO - Filling up the DagBag from /home/airflow/.local/lib/python3.12/site-packages/airflow/example_dags/example_task_group_decorator.py
[2024-05-06T18:00:11.307+0000] {processor.py:840} INFO - DAG(s) 'example_task_group_decorator' retrieved from /home/airflow/.local/lib/python3.12/site-packages/airflow/example_dags/example_task_group_decorator.py
[2024-05-06T18:00:11.318+0000] {logging_mixin.py:188} INFO - [2024-05-06T18:00:11.318+0000] {dag.py:3096} INFO - Sync 1 DAGs
[2024-05-06T18:00:11.329+0000] {logging_mixin.py:188} INFO - [2024-05-06T18:00:11.329+0000] {dag.py:3954} INFO - Setting next_dagrun for example_task_group_decorator to 2024-05-05 00:00:00+00:00, run_after=2024-05-06 00:00:00+00:00
[2024-05-06T18:00:11.337+0000] {processor.py:183} INFO - Processing /home/airflow/.local/lib/python3.12/site-packages/airflow/example_dags/example_task_group_decorator.py took 0.040 seconds
[2024-05-06T18:00:41.828+0000] {processor.py:161} INFO - Started process (PID=238) to work on /home/airflow/.local/lib/python3.12/site-packages/airflow/example_dags/example_task_group_decorator.py
[2024-05-06T18:00:41.829+0000] {processor.py:830} INFO - Processing file /home/airflow/.local/lib/python3.12/site-packages/airflow/example_dags/example_task_group_decorator.py for tasks to queue
[2024-05-06T18:00:41.830+0000] {logging_mixin.py:188} INFO - [2024-05-06T18:00:41.830+0000] {dagbag.py:540} INFO - Filling up the DagBag from /home/airflow/.local/lib/python3.12/site-packages/airflow/example_dags/example_task_group_decorator.py
[2024-05-06T18:00:41.836+0000] {processor.py:840} INFO - DAG(s) 'example_task_group_decorator' retrieved from /home/airflow/.local/lib/python3.12/site-packages/airflow/example_dags/example_task_group_decorator.py
[2024-05-06T18:00:41.848+0000] {logging_mixin.py:188} INFO - [2024-05-06T18:00:41.847+0000] {dag.py:3096} INFO - Sync 1 DAGs
[2024-05-06T18:00:41.858+0000] {logging_mixin.py:188} INFO - [2024-05-06T18:00:41.858+0000] {dag.py:3954} INFO - Setting next_dagrun for example_task_group_decorator to 2024-05-05 00:00:00+00:00, run_after=2024-05-06 00:00:00+00:00
[2024-05-06T18:00:41.866+0000] {processor.py:183} INFO - Processing /home/airflow/.local/lib/python3.12/site-packages/airflow/example_dags/example_task_group_decorator.py took 0.041 seconds
[2024-05-06T18:01:12.427+0000] {processor.py:161} INFO - Started process (PID=296) to work on /home/airflow/.local/lib/python3.12/site-packages/airflow/example_dags/example_task_group_decorator.py
[2024-05-06T18:01:12.427+0000] {processor.py:830} INFO - Processing file /home/airflow/.local/lib/python3.12/site-packages/airflow/example_dags/example_task_group_decorator.py for tasks to queue
[2024-05-06T18:01:12.428+0000] {logging_mixin.py:188} INFO - [2024-05-06T18:01:12.428+0000] {dagbag.py:540} INFO - Filling up the DagBag from /home/airflow/.local/lib/python3.12/site-packages/airflow/example_dags/example_task_group_decorator.py
[2024-05-06T18:01:12.434+0000] {processor.py:840} INFO - DAG(s) 'example_task_group_decorator' retrieved from /home/airflow/.local/lib/python3.12/site-packages/airflow/example_dags/example_task_group_decorator.py
[2024-05-06T18:01:12.446+0000] {logging_mixin.py:188} INFO - [2024-05-06T18:01:12.446+0000] {dag.py:3096} INFO - Sync 1 DAGs
[2024-05-06T18:01:12.456+0000] {logging_mixin.py:188} INFO - [2024-05-06T18:01:12.456+0000] {dag.py:3954} INFO - Setting next_dagrun for example_task_group_decorator to 2024-05-05 00:00:00+00:00, run_after=2024-05-06 00:00:00+00:00
[2024-05-06T18:01:12.463+0000] {processor.py:183} INFO - Processing /home/airflow/.local/lib/python3.12/site-packages/airflow/example_dags/example_task_group_decorator.py took 0.039 seconds
[2024-05-06T18:01:43.066+0000] {processor.py:161} INFO - Started process (PID=354) to work on /home/airflow/.local/lib/python3.12/site-packages/airflow/example_dags/example_task_group_decorator.py
[2024-05-06T18:01:43.067+0000] {processor.py:830} INFO - Processing file /home/airflow/.local/lib/python3.12/site-packages/airflow/example_dags/example_task_group_decorator.py for tasks to queue
[2024-05-06T18:01:43.068+0000] {logging_mixin.py:188} INFO - [2024-05-06T18:01:43.068+0000] {dagbag.py:540} INFO - Filling up the DagBag from /home/airflow/.local/lib/python3.12/site-packages/airflow/example_dags/example_task_group_decorator.py
[2024-05-06T18:01:43.075+0000] {processor.py:840} INFO - DAG(s) 'example_task_group_decorator' retrieved from /home/airflow/.local/lib/python3.12/site-packages/airflow/example_dags/example_task_group_decorator.py
[2024-05-06T18:01:43.087+0000] {logging_mixin.py:188} INFO - [2024-05-06T18:01:43.087+0000] {dag.py:3096} INFO - Sync 1 DAGs
[2024-05-06T18:01:43.097+0000] {logging_mixin.py:188} INFO - [2024-05-06T18:01:43.097+0000] {dag.py:3954} INFO - Setting next_dagrun for example_task_group_decorator to 2024-05-05 00:00:00+00:00, run_after=2024-05-06 00:00:00+00:00
[2024-05-06T18:01:43.104+0000] {processor.py:183} INFO - Processing /home/airflow/.local/lib/python3.12/site-packages/airflow/example_dags/example_task_group_decorator.py took 0.041 seconds
[2024-05-06T18:02:13.711+0000] {processor.py:161} INFO - Started process (PID=412) to work on /home/airflow/.local/lib/python3.12/site-packages/airflow/example_dags/example_task_group_decorator.py
[2024-05-06T18:02:13.712+0000] {processor.py:830} INFO - Processing file /home/airflow/.local/lib/python3.12/site-packages/airflow/example_dags/example_task_group_decorator.py for tasks to queue
[2024-05-06T18:02:13.713+0000] {logging_mixin.py:188} INFO - [2024-05-06T18:02:13.712+0000] {dagbag.py:540} INFO - Filling up the DagBag from /home/airflow/.local/lib/python3.12/site-packages/airflow/example_dags/example_task_group_decorator.py
[2024-05-06T18:02:13.719+0000] {processor.py:840} INFO - DAG(s) 'example_task_group_decorator' retrieved from /home/airflow/.local/lib/python3.12/site-packages/airflow/example_dags/example_task_group_decorator.py
[2024-05-06T18:02:13.730+0000] {logging_mixin.py:188} INFO - [2024-05-06T18:02:13.730+0000] {dag.py:3096} INFO - Sync 1 DAGs
[2024-05-06T18:02:13.741+0000] {logging_mixin.py:188} INFO - [2024-05-06T18:02:13.741+0000] {dag.py:3954} INFO - Setting next_dagrun for example_task_group_decorator to 2024-05-05 00:00:00+00:00, run_after=2024-05-06 00:00:00+00:00
[2024-05-06T18:02:13.749+0000] {processor.py:183} INFO - Processing /home/airflow/.local/lib/python3.12/site-packages/airflow/example_dags/example_task_group_decorator.py took 0.041 seconds
[2024-05-06T18:02:44.321+0000] {processor.py:161} INFO - Started process (PID=470) to work on /home/airflow/.local/lib/python3.12/site-packages/airflow/example_dags/example_task_group_decorator.py
[2024-05-06T18:02:44.322+0000] {processor.py:830} INFO - Processing file /home/airflow/.local/lib/python3.12/site-packages/airflow/example_dags/example_task_group_decorator.py for tasks to queue
[2024-05-06T18:02:44.323+0000] {logging_mixin.py:188} INFO - [2024-05-06T18:02:44.322+0000] {dagbag.py:540} INFO - Filling up the DagBag from /home/airflow/.local/lib/python3.12/site-packages/airflow/example_dags/example_task_group_decorator.py
[2024-05-06T18:02:44.329+0000] {processor.py:840} INFO - DAG(s) 'example_task_group_decorator' retrieved from /home/airflow/.local/lib/python3.12/site-packages/airflow/example_dags/example_task_group_decorator.py
[2024-05-06T18:02:44.341+0000] {logging_mixin.py:188} INFO - [2024-05-06T18:02:44.340+0000] {dag.py:3096} INFO - Sync 1 DAGs
[2024-05-06T18:02:44.351+0000] {logging_mixin.py:188} INFO - [2024-05-06T18:02:44.351+0000] {dag.py:3954} INFO - Setting next_dagrun for example_task_group_decorator to 2024-05-05 00:00:00+00:00, run_after=2024-05-06 00:00:00+00:00
[2024-05-06T18:02:44.359+0000] {processor.py:183} INFO - Processing /home/airflow/.local/lib/python3.12/site-packages/airflow/example_dags/example_task_group_decorator.py took 0.040 seconds
[2024-05-06T18:03:14.861+0000] {processor.py:161} INFO - Started process (PID=528) to work on /home/airflow/.local/lib/python3.12/site-packages/airflow/example_dags/example_task_group_decorator.py
[2024-05-06T18:03:14.862+0000] {processor.py:830} INFO - Processing file /home/airflow/.local/lib/python3.12/site-packages/airflow/example_dags/example_task_group_decorator.py for tasks to queue
[2024-05-06T18:03:14.863+0000] {logging_mixin.py:188} INFO - [2024-05-06T18:03:14.863+0000] {dagbag.py:540} INFO - Filling up the DagBag from /home/airflow/.local/lib/python3.12/site-packages/airflow/example_dags/example_task_group_decorator.py
[2024-05-06T18:03:14.869+0000] {processor.py:840} INFO - DAG(s) 'example_task_group_decorator' retrieved from /home/airflow/.local/lib/python3.12/site-packages/airflow/example_dags/example_task_group_decorator.py
[2024-05-06T18:03:14.881+0000] {logging_mixin.py:188} INFO - [2024-05-06T18:03:14.881+0000] {dag.py:3096} INFO - Sync 1 DAGs
[2024-05-06T18:03:14.890+0000] {logging_mixin.py:188} INFO - [2024-05-06T18:03:14.890+0000] {dag.py:3954} INFO - Setting next_dagrun for example_task_group_decorator to 2024-05-05 00:00:00+00:00, run_after=2024-05-06 00:00:00+00:00
[2024-05-06T18:03:14.898+0000] {processor.py:183} INFO - Processing /home/airflow/.local/lib/python3.12/site-packages/airflow/example_dags/example_task_group_decorator.py took 0.040 seconds
[2024-05-06T18:03:45.457+0000] {processor.py:161} INFO - Started process (PID=586) to work on /home/airflow/.local/lib/python3.12/site-packages/airflow/example_dags/example_task_group_decorator.py
[2024-05-06T18:03:45.458+0000] {processor.py:830} INFO - Processing file /home/airflow/.local/lib/python3.12/site-packages/airflow/example_dags/example_task_group_decorator.py for tasks to queue
[2024-05-06T18:03:45.458+0000] {logging_mixin.py:188} INFO - [2024-05-06T18:03:45.458+0000] {dagbag.py:540} INFO - Filling up the DagBag from /home/airflow/.local/lib/python3.12/site-packages/airflow/example_dags/example_task_group_decorator.py
[2024-05-06T18:03:45.465+0000] {processor.py:840} INFO - DAG(s) 'example_task_group_decorator' retrieved from /home/airflow/.local/lib/python3.12/site-packages/airflow/example_dags/example_task_group_decorator.py
[2024-05-06T18:03:45.476+0000] {logging_mixin.py:188} INFO - [2024-05-06T18:03:45.476+0000] {dag.py:3096} INFO - Sync 1 DAGs
[2024-05-06T18:03:45.487+0000] {logging_mixin.py:188} INFO - [2024-05-06T18:03:45.487+0000] {dag.py:3954} INFO - Setting next_dagrun for example_task_group_decorator to 2024-05-05 00:00:00+00:00, run_after=2024-05-06 00:00:00+00:00
[2024-05-06T18:03:45.495+0000] {processor.py:183} INFO - Processing /home/airflow/.local/lib/python3.12/site-packages/airflow/example_dags/example_task_group_decorator.py took 0.041 seconds
[2024-05-06T18:04:16.126+0000] {processor.py:161} INFO - Started process (PID=644) to work on /home/airflow/.local/lib/python3.12/site-packages/airflow/example_dags/example_task_group_decorator.py
[2024-05-06T18:04:16.127+0000] {processor.py:830} INFO - Processing file /home/airflow/.local/lib/python3.12/site-packages/airflow/example_dags/example_task_group_decorator.py for tasks to queue
[2024-05-06T18:04:16.128+0000] {logging_mixin.py:188} INFO - [2024-05-06T18:04:16.127+0000] {dagbag.py:540} INFO - Filling up the DagBag from /home/airflow/.local/lib/python3.12/site-packages/airflow/example_dags/example_task_group_decorator.py
[2024-05-06T18:04:16.134+0000] {processor.py:840} INFO - DAG(s) 'example_task_group_decorator' retrieved from /home/airflow/.local/lib/python3.12/site-packages/airflow/example_dags/example_task_group_decorator.py
[2024-05-06T18:04:16.145+0000] {logging_mixin.py:188} INFO - [2024-05-06T18:04:16.145+0000] {dag.py:3096} INFO - Sync 1 DAGs
[2024-05-06T18:04:16.155+0000] {logging_mixin.py:188} INFO - [2024-05-06T18:04:16.155+0000] {dag.py:3954} INFO - Setting next_dagrun for example_task_group_decorator to 2024-05-05 00:00:00+00:00, run_after=2024-05-06 00:00:00+00:00
[2024-05-06T18:04:16.164+0000] {processor.py:183} INFO - Processing /home/airflow/.local/lib/python3.12/site-packages/airflow/example_dags/example_task_group_decorator.py took 0.041 seconds
[2024-05-06T18:04:46.707+0000] {processor.py:161} INFO - Started process (PID=702) to work on /home/airflow/.local/lib/python3.12/site-packages/airflow/example_dags/example_task_group_decorator.py
[2024-05-06T18:04:46.707+0000] {processor.py:830} INFO - Processing file /home/airflow/.local/lib/python3.12/site-packages/airflow/example_dags/example_task_group_decorator.py for tasks to queue
[2024-05-06T18:04:46.708+0000] {logging_mixin.py:188} INFO - [2024-05-06T18:04:46.708+0000] {dagbag.py:540} INFO - Filling up the DagBag from /home/airflow/.local/lib/python3.12/site-packages/airflow/example_dags/example_task_group_decorator.py
[2024-05-06T18:04:46.715+0000] {processor.py:840} INFO - DAG(s) 'example_task_group_decorator' retrieved from /home/airflow/.local/lib/python3.12/site-packages/airflow/example_dags/example_task_group_decorator.py
[2024-05-06T18:04:46.726+0000] {logging_mixin.py:188} INFO - [2024-05-06T18:04:46.726+0000] {dag.py:3096} INFO - Sync 1 DAGs
[2024-05-06T18:04:46.737+0000] {logging_mixin.py:188} INFO - [2024-05-06T18:04:46.737+0000] {dag.py:3954} INFO - Setting next_dagrun for example_task_group_decorator to 2024-05-05 00:00:00+00:00, run_after=2024-05-06 00:00:00+00:00
[2024-05-06T18:04:46.745+0000] {processor.py:183} INFO - Processing /home/airflow/.local/lib/python3.12/site-packages/airflow/example_dags/example_task_group_decorator.py took 0.041 seconds
[2024-05-06T18:05:17.318+0000] {processor.py:161} INFO - Started process (PID=760) to work on /home/airflow/.local/lib/python3.12/site-packages/airflow/example_dags/example_task_group_decorator.py
[2024-05-06T18:05:17.319+0000] {processor.py:830} INFO - Processing file /home/airflow/.local/lib/python3.12/site-packages/airflow/example_dags/example_task_group_decorator.py for tasks to queue
[2024-05-06T18:05:17.320+0000] {logging_mixin.py:188} INFO - [2024-05-06T18:05:17.319+0000] {dagbag.py:540} INFO - Filling up the DagBag from /home/airflow/.local/lib/python3.12/site-packages/airflow/example_dags/example_task_group_decorator.py
[2024-05-06T18:05:17.326+0000] {processor.py:840} INFO - DAG(s) 'example_task_group_decorator' retrieved from /home/airflow/.local/lib/python3.12/site-packages/airflow/example_dags/example_task_group_decorator.py
[2024-05-06T18:05:17.338+0000] {logging_mixin.py:188} INFO - [2024-05-06T18:05:17.337+0000] {dag.py:3096} INFO - Sync 1 DAGs
[2024-05-06T18:05:17.348+0000] {logging_mixin.py:188} INFO - [2024-05-06T18:05:17.348+0000] {dag.py:3954} INFO - Setting next_dagrun for example_task_group_decorator to 2024-05-05 00:00:00+00:00, run_after=2024-05-06 00:00:00+00:00
[2024-05-06T18:05:17.356+0000] {processor.py:183} INFO - Processing /home/airflow/.local/lib/python3.12/site-packages/airflow/example_dags/example_task_group_decorator.py took 0.041 seconds
[2024-05-06T18:05:48.047+0000] {processor.py:161} INFO - Started process (PID=818) to work on /home/airflow/.local/lib/python3.12/site-packages/airflow/example_dags/example_task_group_decorator.py
[2024-05-06T18:05:48.048+0000] {processor.py:830} INFO - Processing file /home/airflow/.local/lib/python3.12/site-packages/airflow/example_dags/example_task_group_decorator.py for tasks to queue
[2024-05-06T18:05:48.049+0000] {logging_mixin.py:188} INFO - [2024-05-06T18:05:48.049+0000] {dagbag.py:540} INFO - Filling up the DagBag from /home/airflow/.local/lib/python3.12/site-packages/airflow/example_dags/example_task_group_decorator.py
[2024-05-06T18:05:48.055+0000] {processor.py:840} INFO - DAG(s) 'example_task_group_decorator' retrieved from /home/airflow/.local/lib/python3.12/site-packages/airflow/example_dags/example_task_group_decorator.py
[2024-05-06T18:05:48.066+0000] {logging_mixin.py:188} INFO - [2024-05-06T18:05:48.066+0000] {dag.py:3096} INFO - Sync 1 DAGs
[2024-05-06T18:05:48.076+0000] {logging_mixin.py:188} INFO - [2024-05-06T18:05:48.076+0000] {dag.py:3954} INFO - Setting next_dagrun for example_task_group_decorator to 2024-05-05 00:00:00+00:00, run_after=2024-05-06 00:00:00+00:00
[2024-05-06T18:05:48.084+0000] {processor.py:183} INFO - Processing /home/airflow/.local/lib/python3.12/site-packages/airflow/example_dags/example_task_group_decorator.py took 0.040 seconds
[2024-05-06T18:06:18.138+0000] {processor.py:161} INFO - Started process (PID=876) to work on /home/airflow/.local/lib/python3.12/site-packages/airflow/example_dags/example_task_group_decorator.py
[2024-05-06T18:06:18.139+0000] {processor.py:830} INFO - Processing file /home/airflow/.local/lib/python3.12/site-packages/airflow/example_dags/example_task_group_decorator.py for tasks to queue
[2024-05-06T18:06:18.140+0000] {logging_mixin.py:188} INFO - [2024-05-06T18:06:18.140+0000] {dagbag.py:540} INFO - Filling up the DagBag from /home/airflow/.local/lib/python3.12/site-packages/airflow/example_dags/example_task_group_decorator.py
[2024-05-06T18:06:18.147+0000] {processor.py:840} INFO - DAG(s) 'example_task_group_decorator' retrieved from /home/airflow/.local/lib/python3.12/site-packages/airflow/example_dags/example_task_group_decorator.py
[2024-05-06T18:06:18.158+0000] {logging_mixin.py:188} INFO - [2024-05-06T18:06:18.158+0000] {dag.py:3096} INFO - Sync 1 DAGs
[2024-05-06T18:06:18.169+0000] {logging_mixin.py:188} INFO - [2024-05-06T18:06:18.169+0000] {dag.py:3954} INFO - Setting next_dagrun for example_task_group_decorator to 2024-05-05 00:00:00+00:00, run_after=2024-05-06 00:00:00+00:00
[2024-05-06T18:06:18.177+0000] {processor.py:183} INFO - Processing /home/airflow/.local/lib/python3.12/site-packages/airflow/example_dags/example_task_group_decorator.py took 0.042 seconds
[2024-05-06T18:08:01.451+0000] {processor.py:161} INFO - Started process (PID=934) to work on /home/airflow/.local/lib/python3.12/site-packages/airflow/example_dags/example_task_group_decorator.py
[2024-05-06T18:08:01.452+0000] {processor.py:830} INFO - Processing file /home/airflow/.local/lib/python3.12/site-packages/airflow/example_dags/example_task_group_decorator.py for tasks to queue
[2024-05-06T18:08:01.457+0000] {logging_mixin.py:188} INFO - [2024-05-06T18:08:01.457+0000] {dagbag.py:540} INFO - Filling up the DagBag from /home/airflow/.local/lib/python3.12/site-packages/airflow/example_dags/example_task_group_decorator.py
[2024-05-06T18:08:01.467+0000] {processor.py:840} INFO - DAG(s) 'example_task_group_decorator' retrieved from /home/airflow/.local/lib/python3.12/site-packages/airflow/example_dags/example_task_group_decorator.py
[2024-05-06T18:08:01.480+0000] {logging_mixin.py:188} INFO - [2024-05-06T18:08:01.480+0000] {dag.py:3096} INFO - Sync 1 DAGs
[2024-05-06T18:08:01.578+0000] {logging_mixin.py:188} INFO - [2024-05-06T18:08:01.577+0000] {dag.py:3954} INFO - Setting next_dagrun for example_task_group_decorator to 2024-05-05 00:00:00+00:00, run_after=2024-05-06 00:00:00+00:00
[2024-05-06T18:08:01.587+0000] {processor.py:183} INFO - Processing /home/airflow/.local/lib/python3.12/site-packages/airflow/example_dags/example_task_group_decorator.py took 0.139 seconds
[2024-05-06T18:08:32.033+0000] {processor.py:161} INFO - Started process (PID=992) to work on /home/airflow/.local/lib/python3.12/site-packages/airflow/example_dags/example_task_group_decorator.py
[2024-05-06T18:08:32.034+0000] {processor.py:830} INFO - Processing file /home/airflow/.local/lib/python3.12/site-packages/airflow/example_dags/example_task_group_decorator.py for tasks to queue
[2024-05-06T18:08:32.037+0000] {logging_mixin.py:188} INFO - [2024-05-06T18:08:32.037+0000] {dagbag.py:540} INFO - Filling up the DagBag from /home/airflow/.local/lib/python3.12/site-packages/airflow/example_dags/example_task_group_decorator.py
[2024-05-06T18:08:32.044+0000] {processor.py:840} INFO - DAG(s) 'example_task_group_decorator' retrieved from /home/airflow/.local/lib/python3.12/site-packages/airflow/example_dags/example_task_group_decorator.py
[2024-05-06T18:08:32.056+0000] {logging_mixin.py:188} INFO - [2024-05-06T18:08:32.056+0000] {dag.py:3096} INFO - Sync 1 DAGs
[2024-05-06T18:08:32.070+0000] {logging_mixin.py:188} INFO - [2024-05-06T18:08:32.070+0000] {dag.py:3954} INFO - Setting next_dagrun for example_task_group_decorator to 2024-05-05 00:00:00+00:00, run_after=2024-05-06 00:00:00+00:00
[2024-05-06T18:08:32.078+0000] {processor.py:183} INFO - Processing /home/airflow/.local/lib/python3.12/site-packages/airflow/example_dags/example_task_group_decorator.py took 0.048 seconds
[2024-05-06T18:09:02.102+0000] {processor.py:161} INFO - Started process (PID=1050) to work on /home/airflow/.local/lib/python3.12/site-packages/airflow/example_dags/example_task_group_decorator.py
[2024-05-06T18:09:02.103+0000] {processor.py:830} INFO - Processing file /home/airflow/.local/lib/python3.12/site-packages/airflow/example_dags/example_task_group_decorator.py for tasks to queue
[2024-05-06T18:09:02.103+0000] {logging_mixin.py:188} INFO - [2024-05-06T18:09:02.103+0000] {dagbag.py:540} INFO - Filling up the DagBag from /home/airflow/.local/lib/python3.12/site-packages/airflow/example_dags/example_task_group_decorator.py
[2024-05-06T18:09:02.110+0000] {processor.py:840} INFO - DAG(s) 'example_task_group_decorator' retrieved from /home/airflow/.local/lib/python3.12/site-packages/airflow/example_dags/example_task_group_decorator.py
[2024-05-06T18:09:02.122+0000] {logging_mixin.py:188} INFO - [2024-05-06T18:09:02.122+0000] {dag.py:3096} INFO - Sync 1 DAGs
[2024-05-06T18:09:02.131+0000] {logging_mixin.py:188} INFO - [2024-05-06T18:09:02.131+0000] {dag.py:3954} INFO - Setting next_dagrun for example_task_group_decorator to 2024-05-05 00:00:00+00:00, run_after=2024-05-06 00:00:00+00:00
[2024-05-06T18:09:02.139+0000] {processor.py:183} INFO - Processing /home/airflow/.local/lib/python3.12/site-packages/airflow/example_dags/example_task_group_decorator.py took 0.040 seconds
[2024-05-06T18:09:32.762+0000] {processor.py:161} INFO - Started process (PID=1108) to work on /home/airflow/.local/lib/python3.12/site-packages/airflow/example_dags/example_task_group_decorator.py
[2024-05-06T18:09:32.763+0000] {processor.py:830} INFO - Processing file /home/airflow/.local/lib/python3.12/site-packages/airflow/example_dags/example_task_group_decorator.py for tasks to queue
[2024-05-06T18:09:32.764+0000] {logging_mixin.py:188} INFO - [2024-05-06T18:09:32.763+0000] {dagbag.py:540} INFO - Filling up the DagBag from /home/airflow/.local/lib/python3.12/site-packages/airflow/example_dags/example_task_group_decorator.py
[2024-05-06T18:09:32.770+0000] {processor.py:840} INFO - DAG(s) 'example_task_group_decorator' retrieved from /home/airflow/.local/lib/python3.12/site-packages/airflow/example_dags/example_task_group_decorator.py
[2024-05-06T18:09:32.782+0000] {logging_mixin.py:188} INFO - [2024-05-06T18:09:32.782+0000] {dag.py:3096} INFO - Sync 1 DAGs
[2024-05-06T18:09:32.793+0000] {logging_mixin.py:188} INFO - [2024-05-06T18:09:32.793+0000] {dag.py:3954} INFO - Setting next_dagrun for example_task_group_decorator to 2024-05-05 00:00:00+00:00, run_after=2024-05-06 00:00:00+00:00
[2024-05-06T18:09:32.801+0000] {processor.py:183} INFO - Processing /home/airflow/.local/lib/python3.12/site-packages/airflow/example_dags/example_task_group_decorator.py took 0.042 seconds
[2024-05-06T18:10:03.373+0000] {processor.py:161} INFO - Started process (PID=1166) to work on /home/airflow/.local/lib/python3.12/site-packages/airflow/example_dags/example_task_group_decorator.py
[2024-05-06T18:10:03.373+0000] {processor.py:830} INFO - Processing file /home/airflow/.local/lib/python3.12/site-packages/airflow/example_dags/example_task_group_decorator.py for tasks to queue
[2024-05-06T18:10:03.374+0000] {logging_mixin.py:188} INFO - [2024-05-06T18:10:03.374+0000] {dagbag.py:540} INFO - Filling up the DagBag from /home/airflow/.local/lib/python3.12/site-packages/airflow/example_dags/example_task_group_decorator.py
[2024-05-06T18:10:03.381+0000] {processor.py:840} INFO - DAG(s) 'example_task_group_decorator' retrieved from /home/airflow/.local/lib/python3.12/site-packages/airflow/example_dags/example_task_group_decorator.py
[2024-05-06T18:10:03.392+0000] {logging_mixin.py:188} INFO - [2024-05-06T18:10:03.392+0000] {dag.py:3096} INFO - Sync 1 DAGs
[2024-05-06T18:10:03.403+0000] {logging_mixin.py:188} INFO - [2024-05-06T18:10:03.402+0000] {dag.py:3954} INFO - Setting next_dagrun for example_task_group_decorator to 2024-05-05 00:00:00+00:00, run_after=2024-05-06 00:00:00+00:00
[2024-05-06T18:10:03.411+0000] {processor.py:183} INFO - Processing /home/airflow/.local/lib/python3.12/site-packages/airflow/example_dags/example_task_group_decorator.py took 0.041 seconds
[2024-05-06T18:10:34.005+0000] {processor.py:161} INFO - Started process (PID=1224) to work on /home/airflow/.local/lib/python3.12/site-packages/airflow/example_dags/example_task_group_decorator.py
[2024-05-06T18:10:34.006+0000] {processor.py:830} INFO - Processing file /home/airflow/.local/lib/python3.12/site-packages/airflow/example_dags/example_task_group_decorator.py for tasks to queue
[2024-05-06T18:10:34.007+0000] {logging_mixin.py:188} INFO - [2024-05-06T18:10:34.007+0000] {dagbag.py:540} INFO - Filling up the DagBag from /home/airflow/.local/lib/python3.12/site-packages/airflow/example_dags/example_task_group_decorator.py
[2024-05-06T18:10:34.013+0000] {processor.py:840} INFO - DAG(s) 'example_task_group_decorator' retrieved from /home/airflow/.local/lib/python3.12/site-packages/airflow/example_dags/example_task_group_decorator.py
[2024-05-06T18:10:34.025+0000] {logging_mixin.py:188} INFO - [2024-05-06T18:10:34.025+0000] {dag.py:3096} INFO - Sync 1 DAGs
[2024-05-06T18:10:34.035+0000] {logging_mixin.py:188} INFO - [2024-05-06T18:10:34.035+0000] {dag.py:3954} INFO - Setting next_dagrun for example_task_group_decorator to 2024-05-05 00:00:00+00:00, run_after=2024-05-06 00:00:00+00:00
[2024-05-06T18:10:34.044+0000] {processor.py:183} INFO - Processing /home/airflow/.local/lib/python3.12/site-packages/airflow/example_dags/example_task_group_decorator.py took 0.041 seconds
[2024-05-06T18:11:04.548+0000] {processor.py:161} INFO - Started process (PID=1282) to work on /home/airflow/.local/lib/python3.12/site-packages/airflow/example_dags/example_task_group_decorator.py
[2024-05-06T18:11:04.549+0000] {processor.py:830} INFO - Processing file /home/airflow/.local/lib/python3.12/site-packages/airflow/example_dags/example_task_group_decorator.py for tasks to queue
[2024-05-06T18:11:04.550+0000] {logging_mixin.py:188} INFO - [2024-05-06T18:11:04.550+0000] {dagbag.py:540} INFO - Filling up the DagBag from /home/airflow/.local/lib/python3.12/site-packages/airflow/example_dags/example_task_group_decorator.py
[2024-05-06T18:11:04.556+0000] {processor.py:840} INFO - DAG(s) 'example_task_group_decorator' retrieved from /home/airflow/.local/lib/python3.12/site-packages/airflow/example_dags/example_task_group_decorator.py
[2024-05-06T18:11:04.568+0000] {logging_mixin.py:188} INFO - [2024-05-06T18:11:04.568+0000] {dag.py:3096} INFO - Sync 1 DAGs
[2024-05-06T18:11:04.577+0000] {logging_mixin.py:188} INFO - [2024-05-06T18:11:04.577+0000] {dag.py:3954} INFO - Setting next_dagrun for example_task_group_decorator to 2024-05-05 00:00:00+00:00, run_after=2024-05-06 00:00:00+00:00
[2024-05-06T18:11:04.586+0000] {processor.py:183} INFO - Processing /home/airflow/.local/lib/python3.12/site-packages/airflow/example_dags/example_task_group_decorator.py took 0.041 seconds
[2024-05-06T18:11:35.180+0000] {processor.py:161} INFO - Started process (PID=1339) to work on /home/airflow/.local/lib/python3.12/site-packages/airflow/example_dags/example_task_group_decorator.py
[2024-05-06T18:11:35.180+0000] {processor.py:830} INFO - Processing file /home/airflow/.local/lib/python3.12/site-packages/airflow/example_dags/example_task_group_decorator.py for tasks to queue
[2024-05-06T18:11:35.181+0000] {logging_mixin.py:188} INFO - [2024-05-06T18:11:35.181+0000] {dagbag.py:540} INFO - Filling up the DagBag from /home/airflow/.local/lib/python3.12/site-packages/airflow/example_dags/example_task_group_decorator.py
[2024-05-06T18:11:35.188+0000] {processor.py:840} INFO - DAG(s) 'example_task_group_decorator' retrieved from /home/airflow/.local/lib/python3.12/site-packages/airflow/example_dags/example_task_group_decorator.py
[2024-05-06T18:11:35.199+0000] {logging_mixin.py:188} INFO - [2024-05-06T18:11:35.199+0000] {dag.py:3096} INFO - Sync 1 DAGs
[2024-05-06T18:11:35.210+0000] {logging_mixin.py:188} INFO - [2024-05-06T18:11:35.209+0000] {dag.py:3954} INFO - Setting next_dagrun for example_task_group_decorator to 2024-05-05 00:00:00+00:00, run_after=2024-05-06 00:00:00+00:00
[2024-05-06T18:11:35.218+0000] {processor.py:183} INFO - Processing /home/airflow/.local/lib/python3.12/site-packages/airflow/example_dags/example_task_group_decorator.py took 0.041 seconds
[2024-05-06T18:12:05.756+0000] {processor.py:161} INFO - Started process (PID=1396) to work on /home/airflow/.local/lib/python3.12/site-packages/airflow/example_dags/example_task_group_decorator.py
[2024-05-06T18:12:05.756+0000] {processor.py:830} INFO - Processing file /home/airflow/.local/lib/python3.12/site-packages/airflow/example_dags/example_task_group_decorator.py for tasks to queue
[2024-05-06T18:12:05.757+0000] {logging_mixin.py:188} INFO - [2024-05-06T18:12:05.757+0000] {dagbag.py:540} INFO - Filling up the DagBag from /home/airflow/.local/lib/python3.12/site-packages/airflow/example_dags/example_task_group_decorator.py
[2024-05-06T18:12:05.764+0000] {processor.py:840} INFO - DAG(s) 'example_task_group_decorator' retrieved from /home/airflow/.local/lib/python3.12/site-packages/airflow/example_dags/example_task_group_decorator.py
[2024-05-06T18:12:05.775+0000] {logging_mixin.py:188} INFO - [2024-05-06T18:12:05.775+0000] {dag.py:3096} INFO - Sync 1 DAGs
[2024-05-06T18:12:05.785+0000] {logging_mixin.py:188} INFO - [2024-05-06T18:12:05.785+0000] {dag.py:3954} INFO - Setting next_dagrun for example_task_group_decorator to 2024-05-05 00:00:00+00:00, run_after=2024-05-06 00:00:00+00:00
[2024-05-06T18:12:05.793+0000] {processor.py:183} INFO - Processing /home/airflow/.local/lib/python3.12/site-packages/airflow/example_dags/example_task_group_decorator.py took 0.040 seconds
[2024-05-06T18:12:36.334+0000] {processor.py:161} INFO - Started process (PID=1454) to work on /home/airflow/.local/lib/python3.12/site-packages/airflow/example_dags/example_task_group_decorator.py
[2024-05-06T18:12:36.334+0000] {processor.py:830} INFO - Processing file /home/airflow/.local/lib/python3.12/site-packages/airflow/example_dags/example_task_group_decorator.py for tasks to queue
[2024-05-06T18:12:36.335+0000] {logging_mixin.py:188} INFO - [2024-05-06T18:12:36.335+0000] {dagbag.py:540} INFO - Filling up the DagBag from /home/airflow/.local/lib/python3.12/site-packages/airflow/example_dags/example_task_group_decorator.py
[2024-05-06T18:12:36.342+0000] {processor.py:840} INFO - DAG(s) 'example_task_group_decorator' retrieved from /home/airflow/.local/lib/python3.12/site-packages/airflow/example_dags/example_task_group_decorator.py
[2024-05-06T18:12:36.353+0000] {logging_mixin.py:188} INFO - [2024-05-06T18:12:36.353+0000] {dag.py:3096} INFO - Sync 1 DAGs
[2024-05-06T18:12:36.364+0000] {logging_mixin.py:188} INFO - [2024-05-06T18:12:36.364+0000] {dag.py:3954} INFO - Setting next_dagrun for example_task_group_decorator to 2024-05-05 00:00:00+00:00, run_after=2024-05-06 00:00:00+00:00
[2024-05-06T18:12:36.372+0000] {processor.py:183} INFO - Processing /home/airflow/.local/lib/python3.12/site-packages/airflow/example_dags/example_task_group_decorator.py took 0.041 seconds
[2024-05-06T18:13:06.938+0000] {processor.py:161} INFO - Started process (PID=1512) to work on /home/airflow/.local/lib/python3.12/site-packages/airflow/example_dags/example_task_group_decorator.py
[2024-05-06T18:13:06.939+0000] {processor.py:830} INFO - Processing file /home/airflow/.local/lib/python3.12/site-packages/airflow/example_dags/example_task_group_decorator.py for tasks to queue
[2024-05-06T18:13:06.940+0000] {logging_mixin.py:188} INFO - [2024-05-06T18:13:06.939+0000] {dagbag.py:540} INFO - Filling up the DagBag from /home/airflow/.local/lib/python3.12/site-packages/airflow/example_dags/example_task_group_decorator.py
[2024-05-06T18:13:06.946+0000] {processor.py:840} INFO - DAG(s) 'example_task_group_decorator' retrieved from /home/airflow/.local/lib/python3.12/site-packages/airflow/example_dags/example_task_group_decorator.py
[2024-05-06T18:13:06.957+0000] {logging_mixin.py:188} INFO - [2024-05-06T18:13:06.957+0000] {dag.py:3096} INFO - Sync 1 DAGs
[2024-05-06T18:13:06.968+0000] {logging_mixin.py:188} INFO - [2024-05-06T18:13:06.968+0000] {dag.py:3954} INFO - Setting next_dagrun for example_task_group_decorator to 2024-05-05 00:00:00+00:00, run_after=2024-05-06 00:00:00+00:00
[2024-05-06T18:13:06.976+0000] {processor.py:183} INFO - Processing /home/airflow/.local/lib/python3.12/site-packages/airflow/example_dags/example_task_group_decorator.py took 0.041 seconds
[2024-05-06T18:13:37.516+0000] {processor.py:161} INFO - Started process (PID=1570) to work on /home/airflow/.local/lib/python3.12/site-packages/airflow/example_dags/example_task_group_decorator.py
[2024-05-06T18:13:37.517+0000] {processor.py:830} INFO - Processing file /home/airflow/.local/lib/python3.12/site-packages/airflow/example_dags/example_task_group_decorator.py for tasks to queue
[2024-05-06T18:13:37.518+0000] {logging_mixin.py:188} INFO - [2024-05-06T18:13:37.518+0000] {dagbag.py:540} INFO - Filling up the DagBag from /home/airflow/.local/lib/python3.12/site-packages/airflow/example_dags/example_task_group_decorator.py
[2024-05-06T18:13:37.524+0000] {processor.py:840} INFO - DAG(s) 'example_task_group_decorator' retrieved from /home/airflow/.local/lib/python3.12/site-packages/airflow/example_dags/example_task_group_decorator.py
[2024-05-06T18:13:37.535+0000] {logging_mixin.py:188} INFO - [2024-05-06T18:13:37.535+0000] {dag.py:3096} INFO - Sync 1 DAGs
[2024-05-06T18:13:37.546+0000] {logging_mixin.py:188} INFO - [2024-05-06T18:13:37.545+0000] {dag.py:3954} INFO - Setting next_dagrun for example_task_group_decorator to 2024-05-05 00:00:00+00:00, run_after=2024-05-06 00:00:00+00:00
[2024-05-06T18:13:37.554+0000] {processor.py:183} INFO - Processing /home/airflow/.local/lib/python3.12/site-packages/airflow/example_dags/example_task_group_decorator.py took 0.040 seconds
[2024-05-06T18:14:08.113+0000] {processor.py:161} INFO - Started process (PID=1628) to work on /home/airflow/.local/lib/python3.12/site-packages/airflow/example_dags/example_task_group_decorator.py
[2024-05-06T18:14:08.114+0000] {processor.py:830} INFO - Processing file /home/airflow/.local/lib/python3.12/site-packages/airflow/example_dags/example_task_group_decorator.py for tasks to queue
[2024-05-06T18:14:08.115+0000] {logging_mixin.py:188} INFO - [2024-05-06T18:14:08.115+0000] {dagbag.py:540} INFO - Filling up the DagBag from /home/airflow/.local/lib/python3.12/site-packages/airflow/example_dags/example_task_group_decorator.py
[2024-05-06T18:14:08.121+0000] {processor.py:840} INFO - DAG(s) 'example_task_group_decorator' retrieved from /home/airflow/.local/lib/python3.12/site-packages/airflow/example_dags/example_task_group_decorator.py
[2024-05-06T18:14:08.133+0000] {logging_mixin.py:188} INFO - [2024-05-06T18:14:08.132+0000] {dag.py:3096} INFO - Sync 1 DAGs
[2024-05-06T18:14:08.142+0000] {logging_mixin.py:188} INFO - [2024-05-06T18:14:08.142+0000] {dag.py:3954} INFO - Setting next_dagrun for example_task_group_decorator to 2024-05-05 00:00:00+00:00, run_after=2024-05-06 00:00:00+00:00
[2024-05-06T18:14:08.150+0000] {processor.py:183} INFO - Processing /home/airflow/.local/lib/python3.12/site-packages/airflow/example_dags/example_task_group_decorator.py took 0.040 seconds
[2024-05-06T18:14:38.644+0000] {processor.py:161} INFO - Started process (PID=1686) to work on /home/airflow/.local/lib/python3.12/site-packages/airflow/example_dags/example_task_group_decorator.py
[2024-05-06T18:14:38.645+0000] {processor.py:830} INFO - Processing file /home/airflow/.local/lib/python3.12/site-packages/airflow/example_dags/example_task_group_decorator.py for tasks to queue
[2024-05-06T18:14:38.646+0000] {logging_mixin.py:188} INFO - [2024-05-06T18:14:38.646+0000] {dagbag.py:540} INFO - Filling up the DagBag from /home/airflow/.local/lib/python3.12/site-packages/airflow/example_dags/example_task_group_decorator.py
[2024-05-06T18:14:38.652+0000] {processor.py:840} INFO - DAG(s) 'example_task_group_decorator' retrieved from /home/airflow/.local/lib/python3.12/site-packages/airflow/example_dags/example_task_group_decorator.py
[2024-05-06T18:14:38.664+0000] {logging_mixin.py:188} INFO - [2024-05-06T18:14:38.663+0000] {dag.py:3096} INFO - Sync 1 DAGs
[2024-05-06T18:14:38.673+0000] {logging_mixin.py:188} INFO - [2024-05-06T18:14:38.673+0000] {dag.py:3954} INFO - Setting next_dagrun for example_task_group_decorator to 2024-05-05 00:00:00+00:00, run_after=2024-05-06 00:00:00+00:00
[2024-05-06T18:14:38.681+0000] {processor.py:183} INFO - Processing /home/airflow/.local/lib/python3.12/site-packages/airflow/example_dags/example_task_group_decorator.py took 0.040 seconds
[2024-05-06T18:15:09.252+0000] {processor.py:161} INFO - Started process (PID=1744) to work on /home/airflow/.local/lib/python3.12/site-packages/airflow/example_dags/example_task_group_decorator.py
[2024-05-06T18:15:09.252+0000] {processor.py:830} INFO - Processing file /home/airflow/.local/lib/python3.12/site-packages/airflow/example_dags/example_task_group_decorator.py for tasks to queue
[2024-05-06T18:15:09.253+0000] {logging_mixin.py:188} INFO - [2024-05-06T18:15:09.253+0000] {dagbag.py:540} INFO - Filling up the DagBag from /home/airflow/.local/lib/python3.12/site-packages/airflow/example_dags/example_task_group_decorator.py
[2024-05-06T18:15:09.260+0000] {processor.py:840} INFO - DAG(s) 'example_task_group_decorator' retrieved from /home/airflow/.local/lib/python3.12/site-packages/airflow/example_dags/example_task_group_decorator.py
[2024-05-06T18:15:09.272+0000] {logging_mixin.py:188} INFO - [2024-05-06T18:15:09.272+0000] {dag.py:3096} INFO - Sync 1 DAGs
[2024-05-06T18:15:09.281+0000] {logging_mixin.py:188} INFO - [2024-05-06T18:15:09.281+0000] {dag.py:3954} INFO - Setting next_dagrun for example_task_group_decorator to 2024-05-05 00:00:00+00:00, run_after=2024-05-06 00:00:00+00:00
[2024-05-06T18:15:09.289+0000] {processor.py:183} INFO - Processing /home/airflow/.local/lib/python3.12/site-packages/airflow/example_dags/example_task_group_decorator.py took 0.040 seconds
[2024-05-06T18:15:39.848+0000] {processor.py:161} INFO - Started process (PID=1802) to work on /home/airflow/.local/lib/python3.12/site-packages/airflow/example_dags/example_task_group_decorator.py
[2024-05-06T18:15:39.849+0000] {processor.py:830} INFO - Processing file /home/airflow/.local/lib/python3.12/site-packages/airflow/example_dags/example_task_group_decorator.py for tasks to queue
[2024-05-06T18:15:39.850+0000] {logging_mixin.py:188} INFO - [2024-05-06T18:15:39.849+0000] {dagbag.py:540} INFO - Filling up the DagBag from /home/airflow/.local/lib/python3.12/site-packages/airflow/example_dags/example_task_group_decorator.py
[2024-05-06T18:15:39.856+0000] {processor.py:840} INFO - DAG(s) 'example_task_group_decorator' retrieved from /home/airflow/.local/lib/python3.12/site-packages/airflow/example_dags/example_task_group_decorator.py
[2024-05-06T18:15:39.868+0000] {logging_mixin.py:188} INFO - [2024-05-06T18:15:39.868+0000] {dag.py:3096} INFO - Sync 1 DAGs
[2024-05-06T18:15:39.878+0000] {logging_mixin.py:188} INFO - [2024-05-06T18:15:39.878+0000] {dag.py:3954} INFO - Setting next_dagrun for example_task_group_decorator to 2024-05-05 00:00:00+00:00, run_after=2024-05-06 00:00:00+00:00
[2024-05-06T18:15:39.887+0000] {processor.py:183} INFO - Processing /home/airflow/.local/lib/python3.12/site-packages/airflow/example_dags/example_task_group_decorator.py took 0.041 seconds
[2024-05-06T18:16:10.426+0000] {processor.py:161} INFO - Started process (PID=1860) to work on /home/airflow/.local/lib/python3.12/site-packages/airflow/example_dags/example_task_group_decorator.py
[2024-05-06T18:16:10.427+0000] {processor.py:830} INFO - Processing file /home/airflow/.local/lib/python3.12/site-packages/airflow/example_dags/example_task_group_decorator.py for tasks to queue
[2024-05-06T18:16:10.428+0000] {logging_mixin.py:188} INFO - [2024-05-06T18:16:10.428+0000] {dagbag.py:540} INFO - Filling up the DagBag from /home/airflow/.local/lib/python3.12/site-packages/airflow/example_dags/example_task_group_decorator.py
[2024-05-06T18:16:10.434+0000] {processor.py:840} INFO - DAG(s) 'example_task_group_decorator' retrieved from /home/airflow/.local/lib/python3.12/site-packages/airflow/example_dags/example_task_group_decorator.py
[2024-05-06T18:16:10.445+0000] {logging_mixin.py:188} INFO - [2024-05-06T18:16:10.445+0000] {dag.py:3096} INFO - Sync 1 DAGs
[2024-05-06T18:16:10.455+0000] {logging_mixin.py:188} INFO - [2024-05-06T18:16:10.455+0000] {dag.py:3954} INFO - Setting next_dagrun for example_task_group_decorator to 2024-05-05 00:00:00+00:00, run_after=2024-05-06 00:00:00+00:00
[2024-05-06T18:16:10.463+0000] {processor.py:183} INFO - Processing /home/airflow/.local/lib/python3.12/site-packages/airflow/example_dags/example_task_group_decorator.py took 0.040 seconds
[2024-05-06T18:16:40.982+0000] {processor.py:161} INFO - Started process (PID=1918) to work on /home/airflow/.local/lib/python3.12/site-packages/airflow/example_dags/example_task_group_decorator.py
[2024-05-06T18:16:40.982+0000] {processor.py:830} INFO - Processing file /home/airflow/.local/lib/python3.12/site-packages/airflow/example_dags/example_task_group_decorator.py for tasks to queue
[2024-05-06T18:16:40.983+0000] {logging_mixin.py:188} INFO - [2024-05-06T18:16:40.983+0000] {dagbag.py:540} INFO - Filling up the DagBag from /home/airflow/.local/lib/python3.12/site-packages/airflow/example_dags/example_task_group_decorator.py
[2024-05-06T18:16:40.989+0000] {processor.py:840} INFO - DAG(s) 'example_task_group_decorator' retrieved from /home/airflow/.local/lib/python3.12/site-packages/airflow/example_dags/example_task_group_decorator.py
[2024-05-06T18:16:41.000+0000] {logging_mixin.py:188} INFO - [2024-05-06T18:16:41.000+0000] {dag.py:3096} INFO - Sync 1 DAGs
[2024-05-06T18:16:41.011+0000] {logging_mixin.py:188} INFO - [2024-05-06T18:16:41.011+0000] {dag.py:3954} INFO - Setting next_dagrun for example_task_group_decorator to 2024-05-05 00:00:00+00:00, run_after=2024-05-06 00:00:00+00:00
[2024-05-06T18:16:41.019+0000] {processor.py:183} INFO - Processing /home/airflow/.local/lib/python3.12/site-packages/airflow/example_dags/example_task_group_decorator.py took 0.040 seconds
[2024-05-06T18:18:14.484+0000] {processor.py:161} INFO - Started process (PID=1975) to work on /home/airflow/.local/lib/python3.12/site-packages/airflow/example_dags/example_task_group_decorator.py
[2024-05-06T18:18:14.485+0000] {processor.py:830} INFO - Processing file /home/airflow/.local/lib/python3.12/site-packages/airflow/example_dags/example_task_group_decorator.py for tasks to queue
[2024-05-06T18:18:14.486+0000] {logging_mixin.py:188} INFO - [2024-05-06T18:18:14.486+0000] {dagbag.py:540} INFO - Filling up the DagBag from /home/airflow/.local/lib/python3.12/site-packages/airflow/example_dags/example_task_group_decorator.py
[2024-05-06T18:18:14.492+0000] {processor.py:840} INFO - DAG(s) 'example_task_group_decorator' retrieved from /home/airflow/.local/lib/python3.12/site-packages/airflow/example_dags/example_task_group_decorator.py
[2024-05-06T18:18:14.504+0000] {logging_mixin.py:188} INFO - [2024-05-06T18:18:14.503+0000] {dag.py:3096} INFO - Sync 1 DAGs
[2024-05-06T18:18:14.513+0000] {logging_mixin.py:188} INFO - [2024-05-06T18:18:14.513+0000] {dag.py:3954} INFO - Setting next_dagrun for example_task_group_decorator to 2024-05-05 00:00:00+00:00, run_after=2024-05-06 00:00:00+00:00
[2024-05-06T18:18:14.521+0000] {processor.py:183} INFO - Processing /home/airflow/.local/lib/python3.12/site-packages/airflow/example_dags/example_task_group_decorator.py took 0.040 seconds
[2024-05-06T18:18:45.035+0000] {processor.py:161} INFO - Started process (PID=2033) to work on /home/airflow/.local/lib/python3.12/site-packages/airflow/example_dags/example_task_group_decorator.py
[2024-05-06T18:18:45.035+0000] {processor.py:830} INFO - Processing file /home/airflow/.local/lib/python3.12/site-packages/airflow/example_dags/example_task_group_decorator.py for tasks to queue
[2024-05-06T18:18:45.036+0000] {logging_mixin.py:188} INFO - [2024-05-06T18:18:45.036+0000] {dagbag.py:540} INFO - Filling up the DagBag from /home/airflow/.local/lib/python3.12/site-packages/airflow/example_dags/example_task_group_decorator.py
[2024-05-06T18:18:45.043+0000] {processor.py:840} INFO - DAG(s) 'example_task_group_decorator' retrieved from /home/airflow/.local/lib/python3.12/site-packages/airflow/example_dags/example_task_group_decorator.py
[2024-05-06T18:18:45.054+0000] {logging_mixin.py:188} INFO - [2024-05-06T18:18:45.054+0000] {dag.py:3096} INFO - Sync 1 DAGs
[2024-05-06T18:18:45.065+0000] {logging_mixin.py:188} INFO - [2024-05-06T18:18:45.065+0000] {dag.py:3954} INFO - Setting next_dagrun for example_task_group_decorator to 2024-05-05 00:00:00+00:00, run_after=2024-05-06 00:00:00+00:00
[2024-05-06T18:18:45.075+0000] {processor.py:183} INFO - Processing /home/airflow/.local/lib/python3.12/site-packages/airflow/example_dags/example_task_group_decorator.py took 0.043 seconds
[2024-05-06T18:19:15.656+0000] {processor.py:161} INFO - Started process (PID=2091) to work on /home/airflow/.local/lib/python3.12/site-packages/airflow/example_dags/example_task_group_decorator.py
[2024-05-06T18:19:15.657+0000] {processor.py:830} INFO - Processing file /home/airflow/.local/lib/python3.12/site-packages/airflow/example_dags/example_task_group_decorator.py for tasks to queue
[2024-05-06T18:19:15.658+0000] {logging_mixin.py:188} INFO - [2024-05-06T18:19:15.658+0000] {dagbag.py:540} INFO - Filling up the DagBag from /home/airflow/.local/lib/python3.12/site-packages/airflow/example_dags/example_task_group_decorator.py
[2024-05-06T18:19:15.665+0000] {processor.py:840} INFO - DAG(s) 'example_task_group_decorator' retrieved from /home/airflow/.local/lib/python3.12/site-packages/airflow/example_dags/example_task_group_decorator.py
[2024-05-06T18:19:15.676+0000] {logging_mixin.py:188} INFO - [2024-05-06T18:19:15.676+0000] {dag.py:3096} INFO - Sync 1 DAGs
[2024-05-06T18:19:15.685+0000] {logging_mixin.py:188} INFO - [2024-05-06T18:19:15.685+0000] {dag.py:3954} INFO - Setting next_dagrun for example_task_group_decorator to 2024-05-05 00:00:00+00:00, run_after=2024-05-06 00:00:00+00:00
[2024-05-06T18:19:15.694+0000] {processor.py:183} INFO - Processing /home/airflow/.local/lib/python3.12/site-packages/airflow/example_dags/example_task_group_decorator.py took 0.040 seconds
[2024-05-06T18:19:46.186+0000] {processor.py:161} INFO - Started process (PID=2149) to work on /home/airflow/.local/lib/python3.12/site-packages/airflow/example_dags/example_task_group_decorator.py
[2024-05-06T18:19:46.187+0000] {processor.py:830} INFO - Processing file /home/airflow/.local/lib/python3.12/site-packages/airflow/example_dags/example_task_group_decorator.py for tasks to queue
[2024-05-06T18:19:46.188+0000] {logging_mixin.py:188} INFO - [2024-05-06T18:19:46.187+0000] {dagbag.py:540} INFO - Filling up the DagBag from /home/airflow/.local/lib/python3.12/site-packages/airflow/example_dags/example_task_group_decorator.py
[2024-05-06T18:19:46.194+0000] {processor.py:840} INFO - DAG(s) 'example_task_group_decorator' retrieved from /home/airflow/.local/lib/python3.12/site-packages/airflow/example_dags/example_task_group_decorator.py
[2024-05-06T18:19:46.206+0000] {logging_mixin.py:188} INFO - [2024-05-06T18:19:46.205+0000] {dag.py:3096} INFO - Sync 1 DAGs
[2024-05-06T18:19:46.216+0000] {logging_mixin.py:188} INFO - [2024-05-06T18:19:46.216+0000] {dag.py:3954} INFO - Setting next_dagrun for example_task_group_decorator to 2024-05-05 00:00:00+00:00, run_after=2024-05-06 00:00:00+00:00
[2024-05-06T18:19:46.224+0000] {processor.py:183} INFO - Processing /home/airflow/.local/lib/python3.12/site-packages/airflow/example_dags/example_task_group_decorator.py took 0.041 seconds
[2024-05-06T18:20:16.859+0000] {processor.py:161} INFO - Started process (PID=2207) to work on /home/airflow/.local/lib/python3.12/site-packages/airflow/example_dags/example_task_group_decorator.py
[2024-05-06T18:20:16.860+0000] {processor.py:830} INFO - Processing file /home/airflow/.local/lib/python3.12/site-packages/airflow/example_dags/example_task_group_decorator.py for tasks to queue
[2024-05-06T18:20:16.861+0000] {logging_mixin.py:188} INFO - [2024-05-06T18:20:16.860+0000] {dagbag.py:540} INFO - Filling up the DagBag from /home/airflow/.local/lib/python3.12/site-packages/airflow/example_dags/example_task_group_decorator.py
[2024-05-06T18:20:16.867+0000] {processor.py:840} INFO - DAG(s) 'example_task_group_decorator' retrieved from /home/airflow/.local/lib/python3.12/site-packages/airflow/example_dags/example_task_group_decorator.py
[2024-05-06T18:20:16.879+0000] {logging_mixin.py:188} INFO - [2024-05-06T18:20:16.879+0000] {dag.py:3096} INFO - Sync 1 DAGs
[2024-05-06T18:20:16.889+0000] {logging_mixin.py:188} INFO - [2024-05-06T18:20:16.889+0000] {dag.py:3954} INFO - Setting next_dagrun for example_task_group_decorator to 2024-05-05 00:00:00+00:00, run_after=2024-05-06 00:00:00+00:00
[2024-05-06T18:20:16.899+0000] {processor.py:183} INFO - Processing /home/airflow/.local/lib/python3.12/site-packages/airflow/example_dags/example_task_group_decorator.py took 0.043 seconds
[2024-05-06T18:20:47.394+0000] {processor.py:161} INFO - Started process (PID=2265) to work on /home/airflow/.local/lib/python3.12/site-packages/airflow/example_dags/example_task_group_decorator.py
[2024-05-06T18:20:47.395+0000] {processor.py:830} INFO - Processing file /home/airflow/.local/lib/python3.12/site-packages/airflow/example_dags/example_task_group_decorator.py for tasks to queue
[2024-05-06T18:20:47.396+0000] {logging_mixin.py:188} INFO - [2024-05-06T18:20:47.395+0000] {dagbag.py:540} INFO - Filling up the DagBag from /home/airflow/.local/lib/python3.12/site-packages/airflow/example_dags/example_task_group_decorator.py
[2024-05-06T18:20:47.402+0000] {processor.py:840} INFO - DAG(s) 'example_task_group_decorator' retrieved from /home/airflow/.local/lib/python3.12/site-packages/airflow/example_dags/example_task_group_decorator.py
[2024-05-06T18:20:47.414+0000] {logging_mixin.py:188} INFO - [2024-05-06T18:20:47.413+0000] {dag.py:3096} INFO - Sync 1 DAGs
[2024-05-06T18:20:47.423+0000] {logging_mixin.py:188} INFO - [2024-05-06T18:20:47.423+0000] {dag.py:3954} INFO - Setting next_dagrun for example_task_group_decorator to 2024-05-05 00:00:00+00:00, run_after=2024-05-06 00:00:00+00:00
[2024-05-06T18:20:47.431+0000] {processor.py:183} INFO - Processing /home/airflow/.local/lib/python3.12/site-packages/airflow/example_dags/example_task_group_decorator.py took 0.040 seconds
[2024-05-06T18:21:18.047+0000] {processor.py:161} INFO - Started process (PID=2323) to work on /home/airflow/.local/lib/python3.12/site-packages/airflow/example_dags/example_task_group_decorator.py
[2024-05-06T18:21:18.047+0000] {processor.py:830} INFO - Processing file /home/airflow/.local/lib/python3.12/site-packages/airflow/example_dags/example_task_group_decorator.py for tasks to queue
[2024-05-06T18:21:18.048+0000] {logging_mixin.py:188} INFO - [2024-05-06T18:21:18.048+0000] {dagbag.py:540} INFO - Filling up the DagBag from /home/airflow/.local/lib/python3.12/site-packages/airflow/example_dags/example_task_group_decorator.py
[2024-05-06T18:21:18.055+0000] {processor.py:840} INFO - DAG(s) 'example_task_group_decorator' retrieved from /home/airflow/.local/lib/python3.12/site-packages/airflow/example_dags/example_task_group_decorator.py
[2024-05-06T18:21:18.067+0000] {logging_mixin.py:188} INFO - [2024-05-06T18:21:18.066+0000] {dag.py:3096} INFO - Sync 1 DAGs
[2024-05-06T18:21:18.076+0000] {logging_mixin.py:188} INFO - [2024-05-06T18:21:18.076+0000] {dag.py:3954} INFO - Setting next_dagrun for example_task_group_decorator to 2024-05-05 00:00:00+00:00, run_after=2024-05-06 00:00:00+00:00
[2024-05-06T18:21:18.084+0000] {processor.py:183} INFO - Processing /home/airflow/.local/lib/python3.12/site-packages/airflow/example_dags/example_task_group_decorator.py took 0.040 seconds
[2024-05-06T18:21:48.719+0000] {processor.py:161} INFO - Started process (PID=2380) to work on /home/airflow/.local/lib/python3.12/site-packages/airflow/example_dags/example_task_group_decorator.py
[2024-05-06T18:21:48.719+0000] {processor.py:830} INFO - Processing file /home/airflow/.local/lib/python3.12/site-packages/airflow/example_dags/example_task_group_decorator.py for tasks to queue
[2024-05-06T18:21:48.720+0000] {logging_mixin.py:188} INFO - [2024-05-06T18:21:48.720+0000] {dagbag.py:540} INFO - Filling up the DagBag from /home/airflow/.local/lib/python3.12/site-packages/airflow/example_dags/example_task_group_decorator.py
[2024-05-06T18:21:48.727+0000] {processor.py:840} INFO - DAG(s) 'example_task_group_decorator' retrieved from /home/airflow/.local/lib/python3.12/site-packages/airflow/example_dags/example_task_group_decorator.py
[2024-05-06T18:21:48.738+0000] {logging_mixin.py:188} INFO - [2024-05-06T18:21:48.738+0000] {dag.py:3096} INFO - Sync 1 DAGs
[2024-05-06T18:21:48.748+0000] {logging_mixin.py:188} INFO - [2024-05-06T18:21:48.747+0000] {dag.py:3954} INFO - Setting next_dagrun for example_task_group_decorator to 2024-05-05 00:00:00+00:00, run_after=2024-05-06 00:00:00+00:00
[2024-05-06T18:21:48.756+0000] {processor.py:183} INFO - Processing /home/airflow/.local/lib/python3.12/site-packages/airflow/example_dags/example_task_group_decorator.py took 0.041 seconds
[2024-05-06T18:22:19.332+0000] {processor.py:161} INFO - Started process (PID=2438) to work on /home/airflow/.local/lib/python3.12/site-packages/airflow/example_dags/example_task_group_decorator.py
[2024-05-06T18:22:19.333+0000] {processor.py:830} INFO - Processing file /home/airflow/.local/lib/python3.12/site-packages/airflow/example_dags/example_task_group_decorator.py for tasks to queue
[2024-05-06T18:22:19.334+0000] {logging_mixin.py:188} INFO - [2024-05-06T18:22:19.334+0000] {dagbag.py:540} INFO - Filling up the DagBag from /home/airflow/.local/lib/python3.12/site-packages/airflow/example_dags/example_task_group_decorator.py
[2024-05-06T18:22:19.341+0000] {processor.py:840} INFO - DAG(s) 'example_task_group_decorator' retrieved from /home/airflow/.local/lib/python3.12/site-packages/airflow/example_dags/example_task_group_decorator.py
[2024-05-06T18:22:19.360+0000] {logging_mixin.py:188} INFO - [2024-05-06T18:22:19.360+0000] {dag.py:3096} INFO - Sync 1 DAGs
[2024-05-06T18:22:19.378+0000] {logging_mixin.py:188} INFO - [2024-05-06T18:22:19.378+0000] {dag.py:3954} INFO - Setting next_dagrun for example_task_group_decorator to 2024-05-05 00:00:00+00:00, run_after=2024-05-06 00:00:00+00:00
[2024-05-06T18:22:19.392+0000] {processor.py:183} INFO - Processing /home/airflow/.local/lib/python3.12/site-packages/airflow/example_dags/example_task_group_decorator.py took 0.063 seconds
[2024-05-06T18:22:49.974+0000] {processor.py:161} INFO - Started process (PID=2496) to work on /home/airflow/.local/lib/python3.12/site-packages/airflow/example_dags/example_task_group_decorator.py
[2024-05-06T18:22:49.974+0000] {processor.py:830} INFO - Processing file /home/airflow/.local/lib/python3.12/site-packages/airflow/example_dags/example_task_group_decorator.py for tasks to queue
[2024-05-06T18:22:49.975+0000] {logging_mixin.py:188} INFO - [2024-05-06T18:22:49.975+0000] {dagbag.py:540} INFO - Filling up the DagBag from /home/airflow/.local/lib/python3.12/site-packages/airflow/example_dags/example_task_group_decorator.py
[2024-05-06T18:22:49.982+0000] {processor.py:840} INFO - DAG(s) 'example_task_group_decorator' retrieved from /home/airflow/.local/lib/python3.12/site-packages/airflow/example_dags/example_task_group_decorator.py
[2024-05-06T18:22:49.993+0000] {logging_mixin.py:188} INFO - [2024-05-06T18:22:49.993+0000] {dag.py:3096} INFO - Sync 1 DAGs
[2024-05-06T18:22:50.004+0000] {logging_mixin.py:188} INFO - [2024-05-06T18:22:50.004+0000] {dag.py:3954} INFO - Setting next_dagrun for example_task_group_decorator to 2024-05-05 00:00:00+00:00, run_after=2024-05-06 00:00:00+00:00
[2024-05-06T18:22:50.012+0000] {processor.py:183} INFO - Processing /home/airflow/.local/lib/python3.12/site-packages/airflow/example_dags/example_task_group_decorator.py took 0.041 seconds
[2024-05-06T18:23:20.551+0000] {processor.py:161} INFO - Started process (PID=2553) to work on /home/airflow/.local/lib/python3.12/site-packages/airflow/example_dags/example_task_group_decorator.py
[2024-05-06T18:23:20.552+0000] {processor.py:830} INFO - Processing file /home/airflow/.local/lib/python3.12/site-packages/airflow/example_dags/example_task_group_decorator.py for tasks to queue
[2024-05-06T18:23:20.553+0000] {logging_mixin.py:188} INFO - [2024-05-06T18:23:20.553+0000] {dagbag.py:540} INFO - Filling up the DagBag from /home/airflow/.local/lib/python3.12/site-packages/airflow/example_dags/example_task_group_decorator.py
[2024-05-06T18:23:20.560+0000] {processor.py:840} INFO - DAG(s) 'example_task_group_decorator' retrieved from /home/airflow/.local/lib/python3.12/site-packages/airflow/example_dags/example_task_group_decorator.py
[2024-05-06T18:23:20.572+0000] {logging_mixin.py:188} INFO - [2024-05-06T18:23:20.572+0000] {dag.py:3096} INFO - Sync 1 DAGs
[2024-05-06T18:23:20.582+0000] {logging_mixin.py:188} INFO - [2024-05-06T18:23:20.582+0000] {dag.py:3954} INFO - Setting next_dagrun for example_task_group_decorator to 2024-05-05 00:00:00+00:00, run_after=2024-05-06 00:00:00+00:00
[2024-05-06T18:23:20.590+0000] {processor.py:183} INFO - Processing /home/airflow/.local/lib/python3.12/site-packages/airflow/example_dags/example_task_group_decorator.py took 0.042 seconds
[2024-05-06T18:23:51.301+0000] {processor.py:161} INFO - Started process (PID=2611) to work on /home/airflow/.local/lib/python3.12/site-packages/airflow/example_dags/example_task_group_decorator.py
[2024-05-06T18:23:51.302+0000] {processor.py:830} INFO - Processing file /home/airflow/.local/lib/python3.12/site-packages/airflow/example_dags/example_task_group_decorator.py for tasks to queue
[2024-05-06T18:23:51.303+0000] {logging_mixin.py:188} INFO - [2024-05-06T18:23:51.302+0000] {dagbag.py:540} INFO - Filling up the DagBag from /home/airflow/.local/lib/python3.12/site-packages/airflow/example_dags/example_task_group_decorator.py
[2024-05-06T18:23:51.309+0000] {processor.py:840} INFO - DAG(s) 'example_task_group_decorator' retrieved from /home/airflow/.local/lib/python3.12/site-packages/airflow/example_dags/example_task_group_decorator.py
[2024-05-06T18:23:51.321+0000] {logging_mixin.py:188} INFO - [2024-05-06T18:23:51.321+0000] {dag.py:3096} INFO - Sync 1 DAGs
[2024-05-06T18:23:51.331+0000] {logging_mixin.py:188} INFO - [2024-05-06T18:23:51.331+0000] {dag.py:3954} INFO - Setting next_dagrun for example_task_group_decorator to 2024-05-05 00:00:00+00:00, run_after=2024-05-06 00:00:00+00:00
[2024-05-06T18:23:51.340+0000] {processor.py:183} INFO - Processing /home/airflow/.local/lib/python3.12/site-packages/airflow/example_dags/example_task_group_decorator.py took 0.041 seconds
[2024-05-06T18:24:21.887+0000] {processor.py:161} INFO - Started process (PID=2669) to work on /home/airflow/.local/lib/python3.12/site-packages/airflow/example_dags/example_task_group_decorator.py
[2024-05-06T18:24:21.888+0000] {processor.py:830} INFO - Processing file /home/airflow/.local/lib/python3.12/site-packages/airflow/example_dags/example_task_group_decorator.py for tasks to queue
[2024-05-06T18:24:21.889+0000] {logging_mixin.py:188} INFO - [2024-05-06T18:24:21.889+0000] {dagbag.py:540} INFO - Filling up the DagBag from /home/airflow/.local/lib/python3.12/site-packages/airflow/example_dags/example_task_group_decorator.py
[2024-05-06T18:24:21.896+0000] {processor.py:840} INFO - DAG(s) 'example_task_group_decorator' retrieved from /home/airflow/.local/lib/python3.12/site-packages/airflow/example_dags/example_task_group_decorator.py
[2024-05-06T18:24:21.908+0000] {logging_mixin.py:188} INFO - [2024-05-06T18:24:21.908+0000] {dag.py:3096} INFO - Sync 1 DAGs
[2024-05-06T18:24:21.919+0000] {logging_mixin.py:188} INFO - [2024-05-06T18:24:21.919+0000] {dag.py:3954} INFO - Setting next_dagrun for example_task_group_decorator to 2024-05-05 00:00:00+00:00, run_after=2024-05-06 00:00:00+00:00
[2024-05-06T18:24:21.928+0000] {processor.py:183} INFO - Processing /home/airflow/.local/lib/python3.12/site-packages/airflow/example_dags/example_task_group_decorator.py took 0.044 seconds
[2024-05-06T18:24:52.507+0000] {processor.py:161} INFO - Started process (PID=2727) to work on /home/airflow/.local/lib/python3.12/site-packages/airflow/example_dags/example_task_group_decorator.py
[2024-05-06T18:24:52.508+0000] {processor.py:830} INFO - Processing file /home/airflow/.local/lib/python3.12/site-packages/airflow/example_dags/example_task_group_decorator.py for tasks to queue
[2024-05-06T18:24:52.510+0000] {logging_mixin.py:188} INFO - [2024-05-06T18:24:52.509+0000] {dagbag.py:540} INFO - Filling up the DagBag from /home/airflow/.local/lib/python3.12/site-packages/airflow/example_dags/example_task_group_decorator.py
[2024-05-06T18:24:52.517+0000] {processor.py:840} INFO - DAG(s) 'example_task_group_decorator' retrieved from /home/airflow/.local/lib/python3.12/site-packages/airflow/example_dags/example_task_group_decorator.py
[2024-05-06T18:24:52.530+0000] {logging_mixin.py:188} INFO - [2024-05-06T18:24:52.530+0000] {dag.py:3096} INFO - Sync 1 DAGs
[2024-05-06T18:24:52.543+0000] {logging_mixin.py:188} INFO - [2024-05-06T18:24:52.542+0000] {dag.py:3954} INFO - Setting next_dagrun for example_task_group_decorator to 2024-05-05 00:00:00+00:00, run_after=2024-05-06 00:00:00+00:00
[2024-05-06T18:24:52.553+0000] {processor.py:183} INFO - Processing /home/airflow/.local/lib/python3.12/site-packages/airflow/example_dags/example_task_group_decorator.py took 0.049 seconds
[2024-05-06T18:25:23.118+0000] {processor.py:161} INFO - Started process (PID=2785) to work on /home/airflow/.local/lib/python3.12/site-packages/airflow/example_dags/example_task_group_decorator.py
[2024-05-06T18:25:23.119+0000] {processor.py:830} INFO - Processing file /home/airflow/.local/lib/python3.12/site-packages/airflow/example_dags/example_task_group_decorator.py for tasks to queue
[2024-05-06T18:25:23.120+0000] {logging_mixin.py:188} INFO - [2024-05-06T18:25:23.120+0000] {dagbag.py:540} INFO - Filling up the DagBag from /home/airflow/.local/lib/python3.12/site-packages/airflow/example_dags/example_task_group_decorator.py
[2024-05-06T18:25:23.126+0000] {processor.py:840} INFO - DAG(s) 'example_task_group_decorator' retrieved from /home/airflow/.local/lib/python3.12/site-packages/airflow/example_dags/example_task_group_decorator.py
[2024-05-06T18:25:23.139+0000] {logging_mixin.py:188} INFO - [2024-05-06T18:25:23.138+0000] {dag.py:3096} INFO - Sync 1 DAGs
[2024-05-06T18:25:23.159+0000] {logging_mixin.py:188} INFO - [2024-05-06T18:25:23.158+0000] {dag.py:3954} INFO - Setting next_dagrun for example_task_group_decorator to 2024-05-05 00:00:00+00:00, run_after=2024-05-06 00:00:00+00:00
[2024-05-06T18:25:23.180+0000] {processor.py:183} INFO - Processing /home/airflow/.local/lib/python3.12/site-packages/airflow/example_dags/example_task_group_decorator.py took 0.065 seconds
[2024-05-06T18:25:53.709+0000] {processor.py:161} INFO - Started process (PID=2842) to work on /home/airflow/.local/lib/python3.12/site-packages/airflow/example_dags/example_task_group_decorator.py
[2024-05-06T18:25:53.711+0000] {processor.py:830} INFO - Processing file /home/airflow/.local/lib/python3.12/site-packages/airflow/example_dags/example_task_group_decorator.py for tasks to queue
[2024-05-06T18:25:53.712+0000] {logging_mixin.py:188} INFO - [2024-05-06T18:25:53.711+0000] {dagbag.py:540} INFO - Filling up the DagBag from /home/airflow/.local/lib/python3.12/site-packages/airflow/example_dags/example_task_group_decorator.py
[2024-05-06T18:25:53.760+0000] {processor.py:840} INFO - DAG(s) 'example_task_group_decorator' retrieved from /home/airflow/.local/lib/python3.12/site-packages/airflow/example_dags/example_task_group_decorator.py
[2024-05-06T18:25:53.775+0000] {logging_mixin.py:188} INFO - [2024-05-06T18:25:53.775+0000] {dag.py:3096} INFO - Sync 1 DAGs
[2024-05-06T18:25:53.790+0000] {logging_mixin.py:188} INFO - [2024-05-06T18:25:53.790+0000] {dag.py:3954} INFO - Setting next_dagrun for example_task_group_decorator to 2024-05-05 00:00:00+00:00, run_after=2024-05-06 00:00:00+00:00
[2024-05-06T18:25:53.800+0000] {processor.py:183} INFO - Processing /home/airflow/.local/lib/python3.12/site-packages/airflow/example_dags/example_task_group_decorator.py took 0.094 seconds
[2024-05-06T18:26:24.501+0000] {processor.py:161} INFO - Started process (PID=2900) to work on /home/airflow/.local/lib/python3.12/site-packages/airflow/example_dags/example_task_group_decorator.py
[2024-05-06T18:26:24.501+0000] {processor.py:830} INFO - Processing file /home/airflow/.local/lib/python3.12/site-packages/airflow/example_dags/example_task_group_decorator.py for tasks to queue
[2024-05-06T18:26:24.502+0000] {logging_mixin.py:188} INFO - [2024-05-06T18:26:24.502+0000] {dagbag.py:540} INFO - Filling up the DagBag from /home/airflow/.local/lib/python3.12/site-packages/airflow/example_dags/example_task_group_decorator.py
[2024-05-06T18:26:24.509+0000] {processor.py:840} INFO - DAG(s) 'example_task_group_decorator' retrieved from /home/airflow/.local/lib/python3.12/site-packages/airflow/example_dags/example_task_group_decorator.py
[2024-05-06T18:26:24.521+0000] {logging_mixin.py:188} INFO - [2024-05-06T18:26:24.520+0000] {dag.py:3096} INFO - Sync 1 DAGs
[2024-05-06T18:26:24.530+0000] {logging_mixin.py:188} INFO - [2024-05-06T18:26:24.530+0000] {dag.py:3954} INFO - Setting next_dagrun for example_task_group_decorator to 2024-05-05 00:00:00+00:00, run_after=2024-05-06 00:00:00+00:00
[2024-05-06T18:26:24.539+0000] {processor.py:183} INFO - Processing /home/airflow/.local/lib/python3.12/site-packages/airflow/example_dags/example_task_group_decorator.py took 0.041 seconds
[2024-05-06T18:26:55.046+0000] {processor.py:161} INFO - Started process (PID=2958) to work on /home/airflow/.local/lib/python3.12/site-packages/airflow/example_dags/example_task_group_decorator.py
[2024-05-06T18:26:55.047+0000] {processor.py:830} INFO - Processing file /home/airflow/.local/lib/python3.12/site-packages/airflow/example_dags/example_task_group_decorator.py for tasks to queue
[2024-05-06T18:26:55.049+0000] {logging_mixin.py:188} INFO - [2024-05-06T18:26:55.049+0000] {dagbag.py:540} INFO - Filling up the DagBag from /home/airflow/.local/lib/python3.12/site-packages/airflow/example_dags/example_task_group_decorator.py
[2024-05-06T18:26:55.057+0000] {processor.py:840} INFO - DAG(s) 'example_task_group_decorator' retrieved from /home/airflow/.local/lib/python3.12/site-packages/airflow/example_dags/example_task_group_decorator.py
[2024-05-06T18:26:55.068+0000] {logging_mixin.py:188} INFO - [2024-05-06T18:26:55.068+0000] {dag.py:3096} INFO - Sync 1 DAGs
[2024-05-06T18:26:55.079+0000] {logging_mixin.py:188} INFO - [2024-05-06T18:26:55.079+0000] {dag.py:3954} INFO - Setting next_dagrun for example_task_group_decorator to 2024-05-05 00:00:00+00:00, run_after=2024-05-06 00:00:00+00:00
[2024-05-06T18:26:55.087+0000] {processor.py:183} INFO - Processing /home/airflow/.local/lib/python3.12/site-packages/airflow/example_dags/example_task_group_decorator.py took 0.044 seconds
[2024-05-06T18:27:25.610+0000] {processor.py:161} INFO - Started process (PID=3015) to work on /home/airflow/.local/lib/python3.12/site-packages/airflow/example_dags/example_task_group_decorator.py
[2024-05-06T18:27:25.611+0000] {processor.py:830} INFO - Processing file /home/airflow/.local/lib/python3.12/site-packages/airflow/example_dags/example_task_group_decorator.py for tasks to queue
[2024-05-06T18:27:25.612+0000] {logging_mixin.py:188} INFO - [2024-05-06T18:27:25.612+0000] {dagbag.py:540} INFO - Filling up the DagBag from /home/airflow/.local/lib/python3.12/site-packages/airflow/example_dags/example_task_group_decorator.py
[2024-05-06T18:27:25.619+0000] {processor.py:840} INFO - DAG(s) 'example_task_group_decorator' retrieved from /home/airflow/.local/lib/python3.12/site-packages/airflow/example_dags/example_task_group_decorator.py
[2024-05-06T18:27:25.630+0000] {logging_mixin.py:188} INFO - [2024-05-06T18:27:25.630+0000] {dag.py:3096} INFO - Sync 1 DAGs
[2024-05-06T18:27:25.639+0000] {logging_mixin.py:188} INFO - [2024-05-06T18:27:25.639+0000] {dag.py:3954} INFO - Setting next_dagrun for example_task_group_decorator to 2024-05-05 00:00:00+00:00, run_after=2024-05-06 00:00:00+00:00
[2024-05-06T18:27:25.647+0000] {processor.py:183} INFO - Processing /home/airflow/.local/lib/python3.12/site-packages/airflow/example_dags/example_task_group_decorator.py took 0.039 seconds
[2024-05-06T18:27:56.153+0000] {processor.py:161} INFO - Started process (PID=3072) to work on /home/airflow/.local/lib/python3.12/site-packages/airflow/example_dags/example_task_group_decorator.py
[2024-05-06T18:27:56.154+0000] {processor.py:830} INFO - Processing file /home/airflow/.local/lib/python3.12/site-packages/airflow/example_dags/example_task_group_decorator.py for tasks to queue
[2024-05-06T18:27:56.155+0000] {logging_mixin.py:188} INFO - [2024-05-06T18:27:56.155+0000] {dagbag.py:540} INFO - Filling up the DagBag from /home/airflow/.local/lib/python3.12/site-packages/airflow/example_dags/example_task_group_decorator.py
[2024-05-06T18:27:56.161+0000] {processor.py:840} INFO - DAG(s) 'example_task_group_decorator' retrieved from /home/airflow/.local/lib/python3.12/site-packages/airflow/example_dags/example_task_group_decorator.py
[2024-05-06T18:27:56.173+0000] {logging_mixin.py:188} INFO - [2024-05-06T18:27:56.173+0000] {dag.py:3096} INFO - Sync 1 DAGs
[2024-05-06T18:27:56.184+0000] {logging_mixin.py:188} INFO - [2024-05-06T18:27:56.183+0000] {dag.py:3954} INFO - Setting next_dagrun for example_task_group_decorator to 2024-05-05 00:00:00+00:00, run_after=2024-05-06 00:00:00+00:00
[2024-05-06T18:27:56.192+0000] {processor.py:183} INFO - Processing /home/airflow/.local/lib/python3.12/site-packages/airflow/example_dags/example_task_group_decorator.py took 0.042 seconds
[2024-05-06T18:28:26.824+0000] {processor.py:161} INFO - Started process (PID=3130) to work on /home/airflow/.local/lib/python3.12/site-packages/airflow/example_dags/example_task_group_decorator.py
[2024-05-06T18:28:26.824+0000] {processor.py:830} INFO - Processing file /home/airflow/.local/lib/python3.12/site-packages/airflow/example_dags/example_task_group_decorator.py for tasks to queue
[2024-05-06T18:28:26.825+0000] {logging_mixin.py:188} INFO - [2024-05-06T18:28:26.825+0000] {dagbag.py:540} INFO - Filling up the DagBag from /home/airflow/.local/lib/python3.12/site-packages/airflow/example_dags/example_task_group_decorator.py
[2024-05-06T18:28:26.832+0000] {processor.py:840} INFO - DAG(s) 'example_task_group_decorator' retrieved from /home/airflow/.local/lib/python3.12/site-packages/airflow/example_dags/example_task_group_decorator.py
[2024-05-06T18:28:26.844+0000] {logging_mixin.py:188} INFO - [2024-05-06T18:28:26.843+0000] {dag.py:3096} INFO - Sync 1 DAGs
[2024-05-06T18:28:26.853+0000] {logging_mixin.py:188} INFO - [2024-05-06T18:28:26.853+0000] {dag.py:3954} INFO - Setting next_dagrun for example_task_group_decorator to 2024-05-05 00:00:00+00:00, run_after=2024-05-06 00:00:00+00:00
[2024-05-06T18:28:26.861+0000] {processor.py:183} INFO - Processing /home/airflow/.local/lib/python3.12/site-packages/airflow/example_dags/example_task_group_decorator.py took 0.040 seconds
[2024-05-06T18:28:57.547+0000] {processor.py:161} INFO - Started process (PID=3188) to work on /home/airflow/.local/lib/python3.12/site-packages/airflow/example_dags/example_task_group_decorator.py
[2024-05-06T18:28:57.548+0000] {processor.py:830} INFO - Processing file /home/airflow/.local/lib/python3.12/site-packages/airflow/example_dags/example_task_group_decorator.py for tasks to queue
[2024-05-06T18:28:57.549+0000] {logging_mixin.py:188} INFO - [2024-05-06T18:28:57.549+0000] {dagbag.py:540} INFO - Filling up the DagBag from /home/airflow/.local/lib/python3.12/site-packages/airflow/example_dags/example_task_group_decorator.py
[2024-05-06T18:28:57.555+0000] {processor.py:840} INFO - DAG(s) 'example_task_group_decorator' retrieved from /home/airflow/.local/lib/python3.12/site-packages/airflow/example_dags/example_task_group_decorator.py
[2024-05-06T18:28:57.567+0000] {logging_mixin.py:188} INFO - [2024-05-06T18:28:57.567+0000] {dag.py:3096} INFO - Sync 1 DAGs
[2024-05-06T18:28:57.577+0000] {logging_mixin.py:188} INFO - [2024-05-06T18:28:57.577+0000] {dag.py:3954} INFO - Setting next_dagrun for example_task_group_decorator to 2024-05-05 00:00:00+00:00, run_after=2024-05-06 00:00:00+00:00
[2024-05-06T18:28:57.585+0000] {processor.py:183} INFO - Processing /home/airflow/.local/lib/python3.12/site-packages/airflow/example_dags/example_task_group_decorator.py took 0.041 seconds
[2024-05-06T18:29:28.422+0000] {processor.py:161} INFO - Started process (PID=3246) to work on /home/airflow/.local/lib/python3.12/site-packages/airflow/example_dags/example_task_group_decorator.py
[2024-05-06T18:29:28.423+0000] {processor.py:830} INFO - Processing file /home/airflow/.local/lib/python3.12/site-packages/airflow/example_dags/example_task_group_decorator.py for tasks to queue
[2024-05-06T18:29:28.424+0000] {logging_mixin.py:188} INFO - [2024-05-06T18:29:28.424+0000] {dagbag.py:540} INFO - Filling up the DagBag from /home/airflow/.local/lib/python3.12/site-packages/airflow/example_dags/example_task_group_decorator.py
[2024-05-06T18:29:28.431+0000] {processor.py:840} INFO - DAG(s) 'example_task_group_decorator' retrieved from /home/airflow/.local/lib/python3.12/site-packages/airflow/example_dags/example_task_group_decorator.py
[2024-05-06T18:29:28.443+0000] {logging_mixin.py:188} INFO - [2024-05-06T18:29:28.443+0000] {dag.py:3096} INFO - Sync 1 DAGs
[2024-05-06T18:29:28.453+0000] {logging_mixin.py:188} INFO - [2024-05-06T18:29:28.453+0000] {dag.py:3954} INFO - Setting next_dagrun for example_task_group_decorator to 2024-05-05 00:00:00+00:00, run_after=2024-05-06 00:00:00+00:00
[2024-05-06T18:29:28.463+0000] {processor.py:183} INFO - Processing /home/airflow/.local/lib/python3.12/site-packages/airflow/example_dags/example_task_group_decorator.py took 0.044 seconds
[2024-05-06T19:02:51.039+0000] {processor.py:161} INFO - Started process (PID=3303) to work on /home/airflow/.local/lib/python3.12/site-packages/airflow/example_dags/example_task_group_decorator.py
[2024-05-06T19:02:51.039+0000] {processor.py:830} INFO - Processing file /home/airflow/.local/lib/python3.12/site-packages/airflow/example_dags/example_task_group_decorator.py for tasks to queue
[2024-05-06T19:02:51.040+0000] {logging_mixin.py:188} INFO - [2024-05-06T19:02:51.040+0000] {dagbag.py:540} INFO - Filling up the DagBag from /home/airflow/.local/lib/python3.12/site-packages/airflow/example_dags/example_task_group_decorator.py
[2024-05-06T19:02:51.047+0000] {processor.py:840} INFO - DAG(s) 'example_task_group_decorator' retrieved from /home/airflow/.local/lib/python3.12/site-packages/airflow/example_dags/example_task_group_decorator.py
[2024-05-06T19:02:51.058+0000] {logging_mixin.py:188} INFO - [2024-05-06T19:02:51.058+0000] {dag.py:3096} INFO - Sync 1 DAGs
[2024-05-06T19:02:51.069+0000] {logging_mixin.py:188} INFO - [2024-05-06T19:02:51.068+0000] {dag.py:3954} INFO - Setting next_dagrun for example_task_group_decorator to 2024-05-05 00:00:00+00:00, run_after=2024-05-06 00:00:00+00:00
[2024-05-06T19:02:51.077+0000] {processor.py:183} INFO - Processing /home/airflow/.local/lib/python3.12/site-packages/airflow/example_dags/example_task_group_decorator.py took 0.041 seconds
[2024-05-06T19:24:26.721+0000] {processor.py:161} INFO - Started process (PID=3361) to work on /home/airflow/.local/lib/python3.12/site-packages/airflow/example_dags/example_task_group_decorator.py
[2024-05-06T19:24:26.721+0000] {processor.py:830} INFO - Processing file /home/airflow/.local/lib/python3.12/site-packages/airflow/example_dags/example_task_group_decorator.py for tasks to queue
[2024-05-06T19:24:26.722+0000] {logging_mixin.py:188} INFO - [2024-05-06T19:24:26.722+0000] {dagbag.py:540} INFO - Filling up the DagBag from /home/airflow/.local/lib/python3.12/site-packages/airflow/example_dags/example_task_group_decorator.py
[2024-05-06T19:24:26.729+0000] {processor.py:840} INFO - DAG(s) 'example_task_group_decorator' retrieved from /home/airflow/.local/lib/python3.12/site-packages/airflow/example_dags/example_task_group_decorator.py
[2024-05-06T19:24:26.740+0000] {logging_mixin.py:188} INFO - [2024-05-06T19:24:26.740+0000] {dag.py:3096} INFO - Sync 1 DAGs
[2024-05-06T19:24:26.750+0000] {logging_mixin.py:188} INFO - [2024-05-06T19:24:26.750+0000] {dag.py:3954} INFO - Setting next_dagrun for example_task_group_decorator to 2024-05-05 00:00:00+00:00, run_after=2024-05-06 00:00:00+00:00
[2024-05-06T19:24:26.759+0000] {processor.py:183} INFO - Processing /home/airflow/.local/lib/python3.12/site-packages/airflow/example_dags/example_task_group_decorator.py took 0.042 seconds
[2024-05-06T19:30:02.000+0000] {processor.py:161} INFO - Started process (PID=3419) to work on /home/airflow/.local/lib/python3.12/site-packages/airflow/example_dags/example_task_group_decorator.py
[2024-05-06T19:30:02.001+0000] {processor.py:830} INFO - Processing file /home/airflow/.local/lib/python3.12/site-packages/airflow/example_dags/example_task_group_decorator.py for tasks to queue
[2024-05-06T19:30:02.002+0000] {logging_mixin.py:188} INFO - [2024-05-06T19:30:02.001+0000] {dagbag.py:540} INFO - Filling up the DagBag from /home/airflow/.local/lib/python3.12/site-packages/airflow/example_dags/example_task_group_decorator.py
[2024-05-06T19:30:02.008+0000] {processor.py:840} INFO - DAG(s) 'example_task_group_decorator' retrieved from /home/airflow/.local/lib/python3.12/site-packages/airflow/example_dags/example_task_group_decorator.py
[2024-05-06T19:30:02.019+0000] {logging_mixin.py:188} INFO - [2024-05-06T19:30:02.019+0000] {dag.py:3096} INFO - Sync 1 DAGs
[2024-05-06T19:30:02.029+0000] {logging_mixin.py:188} INFO - [2024-05-06T19:30:02.029+0000] {dag.py:3954} INFO - Setting next_dagrun for example_task_group_decorator to 2024-05-05 00:00:00+00:00, run_after=2024-05-06 00:00:00+00:00
[2024-05-06T19:30:02.037+0000] {processor.py:183} INFO - Processing /home/airflow/.local/lib/python3.12/site-packages/airflow/example_dags/example_task_group_decorator.py took 0.040 seconds
[2024-05-06T19:34:22.495+0000] {processor.py:161} INFO - Started process (PID=3476) to work on /home/airflow/.local/lib/python3.12/site-packages/airflow/example_dags/example_task_group_decorator.py
[2024-05-06T19:34:22.496+0000] {processor.py:830} INFO - Processing file /home/airflow/.local/lib/python3.12/site-packages/airflow/example_dags/example_task_group_decorator.py for tasks to queue
[2024-05-06T19:34:22.497+0000] {logging_mixin.py:188} INFO - [2024-05-06T19:34:22.497+0000] {dagbag.py:540} INFO - Filling up the DagBag from /home/airflow/.local/lib/python3.12/site-packages/airflow/example_dags/example_task_group_decorator.py
[2024-05-06T19:34:22.503+0000] {processor.py:840} INFO - DAG(s) 'example_task_group_decorator' retrieved from /home/airflow/.local/lib/python3.12/site-packages/airflow/example_dags/example_task_group_decorator.py
[2024-05-06T19:34:22.515+0000] {logging_mixin.py:188} INFO - [2024-05-06T19:34:22.515+0000] {dag.py:3096} INFO - Sync 1 DAGs
[2024-05-06T19:34:22.524+0000] {logging_mixin.py:188} INFO - [2024-05-06T19:34:22.524+0000] {dag.py:3954} INFO - Setting next_dagrun for example_task_group_decorator to 2024-05-05 00:00:00+00:00, run_after=2024-05-06 00:00:00+00:00
[2024-05-06T19:34:22.532+0000] {processor.py:183} INFO - Processing /home/airflow/.local/lib/python3.12/site-packages/airflow/example_dags/example_task_group_decorator.py took 0.039 seconds
[2024-05-06T19:52:32.803+0000] {processor.py:161} INFO - Started process (PID=3533) to work on /home/airflow/.local/lib/python3.12/site-packages/airflow/example_dags/example_task_group_decorator.py
[2024-05-06T19:52:32.804+0000] {processor.py:830} INFO - Processing file /home/airflow/.local/lib/python3.12/site-packages/airflow/example_dags/example_task_group_decorator.py for tasks to queue
[2024-05-06T19:52:32.805+0000] {logging_mixin.py:188} INFO - [2024-05-06T19:52:32.805+0000] {dagbag.py:540} INFO - Filling up the DagBag from /home/airflow/.local/lib/python3.12/site-packages/airflow/example_dags/example_task_group_decorator.py
[2024-05-06T19:52:32.812+0000] {processor.py:840} INFO - DAG(s) 'example_task_group_decorator' retrieved from /home/airflow/.local/lib/python3.12/site-packages/airflow/example_dags/example_task_group_decorator.py
[2024-05-06T19:52:32.824+0000] {logging_mixin.py:188} INFO - [2024-05-06T19:52:32.824+0000] {dag.py:3096} INFO - Sync 1 DAGs
[2024-05-06T19:52:32.835+0000] {logging_mixin.py:188} INFO - [2024-05-06T19:52:32.834+0000] {dag.py:3954} INFO - Setting next_dagrun for example_task_group_decorator to 2024-05-05 00:00:00+00:00, run_after=2024-05-06 00:00:00+00:00
[2024-05-06T19:52:32.843+0000] {processor.py:183} INFO - Processing /home/airflow/.local/lib/python3.12/site-packages/airflow/example_dags/example_task_group_decorator.py took 0.042 seconds
