[2024-05-06T17:59:08.689+0000] {processor.py:161} INFO - Started process (PID=49) to work on /home/airflow/.local/lib/python3.12/site-packages/airflow/example_dags/tutorial.py
[2024-05-06T17:59:08.690+0000] {processor.py:830} INFO - Processing file /home/airflow/.local/lib/python3.12/site-packages/airflow/example_dags/tutorial.py for tasks to queue
[2024-05-06T17:59:08.692+0000] {logging_mixin.py:188} INFO - [2024-05-06T17:59:08.692+0000] {dagbag.py:540} INFO - Filling up the DagBag from /home/airflow/.local/lib/python3.12/site-packages/airflow/example_dags/tutorial.py
[2024-05-06T17:59:08.701+0000] {processor.py:840} INFO - DAG(s) 'tutorial' retrieved from /home/airflow/.local/lib/python3.12/site-packages/airflow/example_dags/tutorial.py
[2024-05-06T17:59:08.776+0000] {logging_mixin.py:188} INFO - [2024-05-06T17:59:08.775+0000] {override.py:1829} INFO - Created Permission View: can delete on DAG:tutorial
[2024-05-06T17:59:08.782+0000] {logging_mixin.py:188} INFO - [2024-05-06T17:59:08.782+0000] {override.py:1829} INFO - Created Permission View: can edit on DAG:tutorial
[2024-05-06T17:59:08.785+0000] {logging_mixin.py:188} INFO - [2024-05-06T17:59:08.785+0000] {override.py:1829} INFO - Created Permission View: can read on DAG:tutorial
[2024-05-06T17:59:08.786+0000] {logging_mixin.py:188} INFO - [2024-05-06T17:59:08.786+0000] {dag.py:3096} INFO - Sync 1 DAGs
[2024-05-06T17:59:08.792+0000] {logging_mixin.py:188} INFO - [2024-05-06T17:59:08.792+0000] {dag.py:3118} INFO - Creating ORM DAG for tutorial
[2024-05-06T17:59:08.798+0000] {logging_mixin.py:188} INFO - [2024-05-06T17:59:08.798+0000] {dag.py:3954} INFO - Setting next_dagrun for tutorial to 2024-05-05 00:00:00+00:00, run_after=2024-05-06 00:00:00+00:00
[2024-05-06T17:59:08.808+0000] {processor.py:183} INFO - Processing /home/airflow/.local/lib/python3.12/site-packages/airflow/example_dags/tutorial.py took 0.125 seconds
[2024-05-06T17:59:39.248+0000] {processor.py:161} INFO - Started process (PID=106) to work on /home/airflow/.local/lib/python3.12/site-packages/airflow/example_dags/tutorial.py
[2024-05-06T17:59:39.248+0000] {processor.py:830} INFO - Processing file /home/airflow/.local/lib/python3.12/site-packages/airflow/example_dags/tutorial.py for tasks to queue
[2024-05-06T17:59:39.249+0000] {logging_mixin.py:188} INFO - [2024-05-06T17:59:39.249+0000] {dagbag.py:540} INFO - Filling up the DagBag from /home/airflow/.local/lib/python3.12/site-packages/airflow/example_dags/tutorial.py
[2024-05-06T17:59:39.253+0000] {processor.py:840} INFO - DAG(s) 'tutorial' retrieved from /home/airflow/.local/lib/python3.12/site-packages/airflow/example_dags/tutorial.py
[2024-05-06T17:59:39.267+0000] {logging_mixin.py:188} INFO - [2024-05-06T17:59:39.267+0000] {dag.py:3096} INFO - Sync 1 DAGs
[2024-05-06T17:59:39.278+0000] {logging_mixin.py:188} INFO - [2024-05-06T17:59:39.278+0000] {dag.py:3954} INFO - Setting next_dagrun for tutorial to 2024-05-05 00:00:00+00:00, run_after=2024-05-06 00:00:00+00:00
[2024-05-06T17:59:39.286+0000] {processor.py:183} INFO - Processing /home/airflow/.local/lib/python3.12/site-packages/airflow/example_dags/tutorial.py took 0.042 seconds
[2024-05-06T18:00:09.913+0000] {processor.py:161} INFO - Started process (PID=164) to work on /home/airflow/.local/lib/python3.12/site-packages/airflow/example_dags/tutorial.py
[2024-05-06T18:00:09.914+0000] {processor.py:830} INFO - Processing file /home/airflow/.local/lib/python3.12/site-packages/airflow/example_dags/tutorial.py for tasks to queue
[2024-05-06T18:00:09.915+0000] {logging_mixin.py:188} INFO - [2024-05-06T18:00:09.914+0000] {dagbag.py:540} INFO - Filling up the DagBag from /home/airflow/.local/lib/python3.12/site-packages/airflow/example_dags/tutorial.py
[2024-05-06T18:00:09.918+0000] {processor.py:840} INFO - DAG(s) 'tutorial' retrieved from /home/airflow/.local/lib/python3.12/site-packages/airflow/example_dags/tutorial.py
[2024-05-06T18:00:09.927+0000] {logging_mixin.py:188} INFO - [2024-05-06T18:00:09.927+0000] {dag.py:3096} INFO - Sync 1 DAGs
[2024-05-06T18:00:09.938+0000] {logging_mixin.py:188} INFO - [2024-05-06T18:00:09.938+0000] {dag.py:3954} INFO - Setting next_dagrun for tutorial to 2024-05-05 00:00:00+00:00, run_after=2024-05-06 00:00:00+00:00
[2024-05-06T18:00:09.946+0000] {processor.py:183} INFO - Processing /home/airflow/.local/lib/python3.12/site-packages/airflow/example_dags/tutorial.py took 0.035 seconds
[2024-05-06T18:00:40.424+0000] {processor.py:161} INFO - Started process (PID=222) to work on /home/airflow/.local/lib/python3.12/site-packages/airflow/example_dags/tutorial.py
[2024-05-06T18:00:40.424+0000] {processor.py:830} INFO - Processing file /home/airflow/.local/lib/python3.12/site-packages/airflow/example_dags/tutorial.py for tasks to queue
[2024-05-06T18:00:40.425+0000] {logging_mixin.py:188} INFO - [2024-05-06T18:00:40.425+0000] {dagbag.py:540} INFO - Filling up the DagBag from /home/airflow/.local/lib/python3.12/site-packages/airflow/example_dags/tutorial.py
[2024-05-06T18:00:40.428+0000] {processor.py:840} INFO - DAG(s) 'tutorial' retrieved from /home/airflow/.local/lib/python3.12/site-packages/airflow/example_dags/tutorial.py
[2024-05-06T18:00:40.438+0000] {logging_mixin.py:188} INFO - [2024-05-06T18:00:40.438+0000] {dag.py:3096} INFO - Sync 1 DAGs
[2024-05-06T18:00:40.448+0000] {logging_mixin.py:188} INFO - [2024-05-06T18:00:40.448+0000] {dag.py:3954} INFO - Setting next_dagrun for tutorial to 2024-05-05 00:00:00+00:00, run_after=2024-05-06 00:00:00+00:00
[2024-05-06T18:00:40.456+0000] {processor.py:183} INFO - Processing /home/airflow/.local/lib/python3.12/site-packages/airflow/example_dags/tutorial.py took 0.035 seconds
[2024-05-06T18:01:11.053+0000] {processor.py:161} INFO - Started process (PID=280) to work on /home/airflow/.local/lib/python3.12/site-packages/airflow/example_dags/tutorial.py
[2024-05-06T18:01:11.054+0000] {processor.py:830} INFO - Processing file /home/airflow/.local/lib/python3.12/site-packages/airflow/example_dags/tutorial.py for tasks to queue
[2024-05-06T18:01:11.055+0000] {logging_mixin.py:188} INFO - [2024-05-06T18:01:11.055+0000] {dagbag.py:540} INFO - Filling up the DagBag from /home/airflow/.local/lib/python3.12/site-packages/airflow/example_dags/tutorial.py
[2024-05-06T18:01:11.057+0000] {processor.py:840} INFO - DAG(s) 'tutorial' retrieved from /home/airflow/.local/lib/python3.12/site-packages/airflow/example_dags/tutorial.py
[2024-05-06T18:01:11.066+0000] {logging_mixin.py:188} INFO - [2024-05-06T18:01:11.066+0000] {dag.py:3096} INFO - Sync 1 DAGs
[2024-05-06T18:01:11.075+0000] {logging_mixin.py:188} INFO - [2024-05-06T18:01:11.075+0000] {dag.py:3954} INFO - Setting next_dagrun for tutorial to 2024-05-05 00:00:00+00:00, run_after=2024-05-06 00:00:00+00:00
[2024-05-06T18:01:11.082+0000] {processor.py:183} INFO - Processing /home/airflow/.local/lib/python3.12/site-packages/airflow/example_dags/tutorial.py took 0.031 seconds
[2024-05-06T18:01:41.652+0000] {processor.py:161} INFO - Started process (PID=338) to work on /home/airflow/.local/lib/python3.12/site-packages/airflow/example_dags/tutorial.py
[2024-05-06T18:01:41.653+0000] {processor.py:830} INFO - Processing file /home/airflow/.local/lib/python3.12/site-packages/airflow/example_dags/tutorial.py for tasks to queue
[2024-05-06T18:01:41.654+0000] {logging_mixin.py:188} INFO - [2024-05-06T18:01:41.653+0000] {dagbag.py:540} INFO - Filling up the DagBag from /home/airflow/.local/lib/python3.12/site-packages/airflow/example_dags/tutorial.py
[2024-05-06T18:01:41.656+0000] {processor.py:840} INFO - DAG(s) 'tutorial' retrieved from /home/airflow/.local/lib/python3.12/site-packages/airflow/example_dags/tutorial.py
[2024-05-06T18:01:41.666+0000] {logging_mixin.py:188} INFO - [2024-05-06T18:01:41.666+0000] {dag.py:3096} INFO - Sync 1 DAGs
[2024-05-06T18:01:41.675+0000] {logging_mixin.py:188} INFO - [2024-05-06T18:01:41.675+0000] {dag.py:3954} INFO - Setting next_dagrun for tutorial to 2024-05-05 00:00:00+00:00, run_after=2024-05-06 00:00:00+00:00
[2024-05-06T18:01:41.684+0000] {processor.py:183} INFO - Processing /home/airflow/.local/lib/python3.12/site-packages/airflow/example_dags/tutorial.py took 0.034 seconds
[2024-05-06T18:02:12.316+0000] {processor.py:161} INFO - Started process (PID=396) to work on /home/airflow/.local/lib/python3.12/site-packages/airflow/example_dags/tutorial.py
[2024-05-06T18:02:12.317+0000] {processor.py:830} INFO - Processing file /home/airflow/.local/lib/python3.12/site-packages/airflow/example_dags/tutorial.py for tasks to queue
[2024-05-06T18:02:12.318+0000] {logging_mixin.py:188} INFO - [2024-05-06T18:02:12.317+0000] {dagbag.py:540} INFO - Filling up the DagBag from /home/airflow/.local/lib/python3.12/site-packages/airflow/example_dags/tutorial.py
[2024-05-06T18:02:12.321+0000] {processor.py:840} INFO - DAG(s) 'tutorial' retrieved from /home/airflow/.local/lib/python3.12/site-packages/airflow/example_dags/tutorial.py
[2024-05-06T18:02:12.330+0000] {logging_mixin.py:188} INFO - [2024-05-06T18:02:12.330+0000] {dag.py:3096} INFO - Sync 1 DAGs
[2024-05-06T18:02:12.340+0000] {logging_mixin.py:188} INFO - [2024-05-06T18:02:12.340+0000] {dag.py:3954} INFO - Setting next_dagrun for tutorial to 2024-05-05 00:00:00+00:00, run_after=2024-05-06 00:00:00+00:00
[2024-05-06T18:02:12.348+0000] {processor.py:183} INFO - Processing /home/airflow/.local/lib/python3.12/site-packages/airflow/example_dags/tutorial.py took 0.035 seconds
[2024-05-06T18:02:42.930+0000] {processor.py:161} INFO - Started process (PID=454) to work on /home/airflow/.local/lib/python3.12/site-packages/airflow/example_dags/tutorial.py
[2024-05-06T18:02:42.931+0000] {processor.py:830} INFO - Processing file /home/airflow/.local/lib/python3.12/site-packages/airflow/example_dags/tutorial.py for tasks to queue
[2024-05-06T18:02:42.932+0000] {logging_mixin.py:188} INFO - [2024-05-06T18:02:42.931+0000] {dagbag.py:540} INFO - Filling up the DagBag from /home/airflow/.local/lib/python3.12/site-packages/airflow/example_dags/tutorial.py
[2024-05-06T18:02:42.935+0000] {processor.py:840} INFO - DAG(s) 'tutorial' retrieved from /home/airflow/.local/lib/python3.12/site-packages/airflow/example_dags/tutorial.py
[2024-05-06T18:02:42.944+0000] {logging_mixin.py:188} INFO - [2024-05-06T18:02:42.944+0000] {dag.py:3096} INFO - Sync 1 DAGs
[2024-05-06T18:02:42.954+0000] {logging_mixin.py:188} INFO - [2024-05-06T18:02:42.954+0000] {dag.py:3954} INFO - Setting next_dagrun for tutorial to 2024-05-05 00:00:00+00:00, run_after=2024-05-06 00:00:00+00:00
[2024-05-06T18:02:42.962+0000] {processor.py:183} INFO - Processing /home/airflow/.local/lib/python3.12/site-packages/airflow/example_dags/tutorial.py took 0.035 seconds
[2024-05-06T18:03:13.449+0000] {processor.py:161} INFO - Started process (PID=512) to work on /home/airflow/.local/lib/python3.12/site-packages/airflow/example_dags/tutorial.py
[2024-05-06T18:03:13.449+0000] {processor.py:830} INFO - Processing file /home/airflow/.local/lib/python3.12/site-packages/airflow/example_dags/tutorial.py for tasks to queue
[2024-05-06T18:03:13.450+0000] {logging_mixin.py:188} INFO - [2024-05-06T18:03:13.450+0000] {dagbag.py:540} INFO - Filling up the DagBag from /home/airflow/.local/lib/python3.12/site-packages/airflow/example_dags/tutorial.py
[2024-05-06T18:03:13.453+0000] {processor.py:840} INFO - DAG(s) 'tutorial' retrieved from /home/airflow/.local/lib/python3.12/site-packages/airflow/example_dags/tutorial.py
[2024-05-06T18:03:13.463+0000] {logging_mixin.py:188} INFO - [2024-05-06T18:03:13.463+0000] {dag.py:3096} INFO - Sync 1 DAGs
[2024-05-06T18:03:13.473+0000] {logging_mixin.py:188} INFO - [2024-05-06T18:03:13.473+0000] {dag.py:3954} INFO - Setting next_dagrun for tutorial to 2024-05-05 00:00:00+00:00, run_after=2024-05-06 00:00:00+00:00
[2024-05-06T18:03:13.481+0000] {processor.py:183} INFO - Processing /home/airflow/.local/lib/python3.12/site-packages/airflow/example_dags/tutorial.py took 0.035 seconds
[2024-05-06T18:03:44.057+0000] {processor.py:161} INFO - Started process (PID=570) to work on /home/airflow/.local/lib/python3.12/site-packages/airflow/example_dags/tutorial.py
[2024-05-06T18:03:44.057+0000] {processor.py:830} INFO - Processing file /home/airflow/.local/lib/python3.12/site-packages/airflow/example_dags/tutorial.py for tasks to queue
[2024-05-06T18:03:44.058+0000] {logging_mixin.py:188} INFO - [2024-05-06T18:03:44.058+0000] {dagbag.py:540} INFO - Filling up the DagBag from /home/airflow/.local/lib/python3.12/site-packages/airflow/example_dags/tutorial.py
[2024-05-06T18:03:44.061+0000] {processor.py:840} INFO - DAG(s) 'tutorial' retrieved from /home/airflow/.local/lib/python3.12/site-packages/airflow/example_dags/tutorial.py
[2024-05-06T18:03:44.070+0000] {logging_mixin.py:188} INFO - [2024-05-06T18:03:44.070+0000] {dag.py:3096} INFO - Sync 1 DAGs
[2024-05-06T18:03:44.080+0000] {logging_mixin.py:188} INFO - [2024-05-06T18:03:44.080+0000] {dag.py:3954} INFO - Setting next_dagrun for tutorial to 2024-05-05 00:00:00+00:00, run_after=2024-05-06 00:00:00+00:00
[2024-05-06T18:03:44.089+0000] {processor.py:183} INFO - Processing /home/airflow/.local/lib/python3.12/site-packages/airflow/example_dags/tutorial.py took 0.035 seconds
[2024-05-06T18:04:14.706+0000] {processor.py:161} INFO - Started process (PID=628) to work on /home/airflow/.local/lib/python3.12/site-packages/airflow/example_dags/tutorial.py
[2024-05-06T18:04:14.707+0000] {processor.py:830} INFO - Processing file /home/airflow/.local/lib/python3.12/site-packages/airflow/example_dags/tutorial.py for tasks to queue
[2024-05-06T18:04:14.708+0000] {logging_mixin.py:188} INFO - [2024-05-06T18:04:14.708+0000] {dagbag.py:540} INFO - Filling up the DagBag from /home/airflow/.local/lib/python3.12/site-packages/airflow/example_dags/tutorial.py
[2024-05-06T18:04:14.711+0000] {processor.py:840} INFO - DAG(s) 'tutorial' retrieved from /home/airflow/.local/lib/python3.12/site-packages/airflow/example_dags/tutorial.py
[2024-05-06T18:04:14.722+0000] {logging_mixin.py:188} INFO - [2024-05-06T18:04:14.721+0000] {dag.py:3096} INFO - Sync 1 DAGs
[2024-05-06T18:04:14.732+0000] {logging_mixin.py:188} INFO - [2024-05-06T18:04:14.732+0000] {dag.py:3954} INFO - Setting next_dagrun for tutorial to 2024-05-05 00:00:00+00:00, run_after=2024-05-06 00:00:00+00:00
[2024-05-06T18:04:14.742+0000] {processor.py:183} INFO - Processing /home/airflow/.local/lib/python3.12/site-packages/airflow/example_dags/tutorial.py took 0.038 seconds
[2024-05-06T18:04:45.311+0000] {processor.py:161} INFO - Started process (PID=686) to work on /home/airflow/.local/lib/python3.12/site-packages/airflow/example_dags/tutorial.py
[2024-05-06T18:04:45.311+0000] {processor.py:830} INFO - Processing file /home/airflow/.local/lib/python3.12/site-packages/airflow/example_dags/tutorial.py for tasks to queue
[2024-05-06T18:04:45.312+0000] {logging_mixin.py:188} INFO - [2024-05-06T18:04:45.312+0000] {dagbag.py:540} INFO - Filling up the DagBag from /home/airflow/.local/lib/python3.12/site-packages/airflow/example_dags/tutorial.py
[2024-05-06T18:04:45.315+0000] {processor.py:840} INFO - DAG(s) 'tutorial' retrieved from /home/airflow/.local/lib/python3.12/site-packages/airflow/example_dags/tutorial.py
[2024-05-06T18:04:45.326+0000] {logging_mixin.py:188} INFO - [2024-05-06T18:04:45.326+0000] {dag.py:3096} INFO - Sync 1 DAGs
[2024-05-06T18:04:45.336+0000] {logging_mixin.py:188} INFO - [2024-05-06T18:04:45.336+0000] {dag.py:3954} INFO - Setting next_dagrun for tutorial to 2024-05-05 00:00:00+00:00, run_after=2024-05-06 00:00:00+00:00
[2024-05-06T18:04:45.344+0000] {processor.py:183} INFO - Processing /home/airflow/.local/lib/python3.12/site-packages/airflow/example_dags/tutorial.py took 0.036 seconds
[2024-05-06T18:05:15.912+0000] {processor.py:161} INFO - Started process (PID=744) to work on /home/airflow/.local/lib/python3.12/site-packages/airflow/example_dags/tutorial.py
[2024-05-06T18:05:15.913+0000] {processor.py:830} INFO - Processing file /home/airflow/.local/lib/python3.12/site-packages/airflow/example_dags/tutorial.py for tasks to queue
[2024-05-06T18:05:15.914+0000] {logging_mixin.py:188} INFO - [2024-05-06T18:05:15.914+0000] {dagbag.py:540} INFO - Filling up the DagBag from /home/airflow/.local/lib/python3.12/site-packages/airflow/example_dags/tutorial.py
[2024-05-06T18:05:15.917+0000] {processor.py:840} INFO - DAG(s) 'tutorial' retrieved from /home/airflow/.local/lib/python3.12/site-packages/airflow/example_dags/tutorial.py
[2024-05-06T18:05:15.927+0000] {logging_mixin.py:188} INFO - [2024-05-06T18:05:15.926+0000] {dag.py:3096} INFO - Sync 1 DAGs
[2024-05-06T18:05:15.937+0000] {logging_mixin.py:188} INFO - [2024-05-06T18:05:15.937+0000] {dag.py:3954} INFO - Setting next_dagrun for tutorial to 2024-05-05 00:00:00+00:00, run_after=2024-05-06 00:00:00+00:00
[2024-05-06T18:05:15.945+0000] {processor.py:183} INFO - Processing /home/airflow/.local/lib/python3.12/site-packages/airflow/example_dags/tutorial.py took 0.035 seconds
[2024-05-06T18:05:46.632+0000] {processor.py:161} INFO - Started process (PID=802) to work on /home/airflow/.local/lib/python3.12/site-packages/airflow/example_dags/tutorial.py
[2024-05-06T18:05:46.633+0000] {processor.py:830} INFO - Processing file /home/airflow/.local/lib/python3.12/site-packages/airflow/example_dags/tutorial.py for tasks to queue
[2024-05-06T18:05:46.634+0000] {logging_mixin.py:188} INFO - [2024-05-06T18:05:46.634+0000] {dagbag.py:540} INFO - Filling up the DagBag from /home/airflow/.local/lib/python3.12/site-packages/airflow/example_dags/tutorial.py
[2024-05-06T18:05:46.637+0000] {processor.py:840} INFO - DAG(s) 'tutorial' retrieved from /home/airflow/.local/lib/python3.12/site-packages/airflow/example_dags/tutorial.py
[2024-05-06T18:05:46.647+0000] {logging_mixin.py:188} INFO - [2024-05-06T18:05:46.647+0000] {dag.py:3096} INFO - Sync 1 DAGs
[2024-05-06T18:05:46.656+0000] {logging_mixin.py:188} INFO - [2024-05-06T18:05:46.656+0000] {dag.py:3954} INFO - Setting next_dagrun for tutorial to 2024-05-05 00:00:00+00:00, run_after=2024-05-06 00:00:00+00:00
[2024-05-06T18:05:46.664+0000] {processor.py:183} INFO - Processing /home/airflow/.local/lib/python3.12/site-packages/airflow/example_dags/tutorial.py took 0.035 seconds
[2024-05-06T18:06:17.763+0000] {processor.py:161} INFO - Started process (PID=860) to work on /home/airflow/.local/lib/python3.12/site-packages/airflow/example_dags/tutorial.py
[2024-05-06T18:06:17.764+0000] {processor.py:830} INFO - Processing file /home/airflow/.local/lib/python3.12/site-packages/airflow/example_dags/tutorial.py for tasks to queue
[2024-05-06T18:06:17.765+0000] {logging_mixin.py:188} INFO - [2024-05-06T18:06:17.765+0000] {dagbag.py:540} INFO - Filling up the DagBag from /home/airflow/.local/lib/python3.12/site-packages/airflow/example_dags/tutorial.py
[2024-05-06T18:06:17.768+0000] {processor.py:840} INFO - DAG(s) 'tutorial' retrieved from /home/airflow/.local/lib/python3.12/site-packages/airflow/example_dags/tutorial.py
[2024-05-06T18:06:17.779+0000] {logging_mixin.py:188} INFO - [2024-05-06T18:06:17.779+0000] {dag.py:3096} INFO - Sync 1 DAGs
[2024-05-06T18:06:17.789+0000] {logging_mixin.py:188} INFO - [2024-05-06T18:06:17.789+0000] {dag.py:3954} INFO - Setting next_dagrun for tutorial to 2024-05-05 00:00:00+00:00, run_after=2024-05-06 00:00:00+00:00
[2024-05-06T18:06:17.799+0000] {processor.py:183} INFO - Processing /home/airflow/.local/lib/python3.12/site-packages/airflow/example_dags/tutorial.py took 0.039 seconds
[2024-05-06T18:08:00.429+0000] {processor.py:161} INFO - Started process (PID=918) to work on /home/airflow/.local/lib/python3.12/site-packages/airflow/example_dags/tutorial.py
[2024-05-06T18:08:00.430+0000] {processor.py:830} INFO - Processing file /home/airflow/.local/lib/python3.12/site-packages/airflow/example_dags/tutorial.py for tasks to queue
[2024-05-06T18:08:00.431+0000] {logging_mixin.py:188} INFO - [2024-05-06T18:08:00.431+0000] {dagbag.py:540} INFO - Filling up the DagBag from /home/airflow/.local/lib/python3.12/site-packages/airflow/example_dags/tutorial.py
[2024-05-06T18:08:00.434+0000] {processor.py:840} INFO - DAG(s) 'tutorial' retrieved from /home/airflow/.local/lib/python3.12/site-packages/airflow/example_dags/tutorial.py
[2024-05-06T18:08:00.444+0000] {logging_mixin.py:188} INFO - [2024-05-06T18:08:00.444+0000] {dag.py:3096} INFO - Sync 1 DAGs
[2024-05-06T18:08:00.453+0000] {logging_mixin.py:188} INFO - [2024-05-06T18:08:00.453+0000] {dag.py:3954} INFO - Setting next_dagrun for tutorial to 2024-05-05 00:00:00+00:00, run_after=2024-05-06 00:00:00+00:00
[2024-05-06T18:08:00.536+0000] {processor.py:183} INFO - Processing /home/airflow/.local/lib/python3.12/site-packages/airflow/example_dags/tutorial.py took 0.110 seconds
[2024-05-06T18:08:30.575+0000] {processor.py:161} INFO - Started process (PID=976) to work on /home/airflow/.local/lib/python3.12/site-packages/airflow/example_dags/tutorial.py
[2024-05-06T18:08:30.576+0000] {processor.py:830} INFO - Processing file /home/airflow/.local/lib/python3.12/site-packages/airflow/example_dags/tutorial.py for tasks to queue
[2024-05-06T18:08:30.577+0000] {logging_mixin.py:188} INFO - [2024-05-06T18:08:30.577+0000] {dagbag.py:540} INFO - Filling up the DagBag from /home/airflow/.local/lib/python3.12/site-packages/airflow/example_dags/tutorial.py
[2024-05-06T18:08:30.582+0000] {processor.py:840} INFO - DAG(s) 'tutorial' retrieved from /home/airflow/.local/lib/python3.12/site-packages/airflow/example_dags/tutorial.py
[2024-05-06T18:08:30.595+0000] {logging_mixin.py:188} INFO - [2024-05-06T18:08:30.595+0000] {dag.py:3096} INFO - Sync 1 DAGs
[2024-05-06T18:08:30.608+0000] {logging_mixin.py:188} INFO - [2024-05-06T18:08:30.608+0000] {dag.py:3954} INFO - Setting next_dagrun for tutorial to 2024-05-05 00:00:00+00:00, run_after=2024-05-06 00:00:00+00:00
[2024-05-06T18:08:30.618+0000] {processor.py:183} INFO - Processing /home/airflow/.local/lib/python3.12/site-packages/airflow/example_dags/tutorial.py took 0.046 seconds
[2024-05-06T18:09:01.720+0000] {processor.py:161} INFO - Started process (PID=1034) to work on /home/airflow/.local/lib/python3.12/site-packages/airflow/example_dags/tutorial.py
[2024-05-06T18:09:01.720+0000] {processor.py:830} INFO - Processing file /home/airflow/.local/lib/python3.12/site-packages/airflow/example_dags/tutorial.py for tasks to queue
[2024-05-06T18:09:01.721+0000] {logging_mixin.py:188} INFO - [2024-05-06T18:09:01.721+0000] {dagbag.py:540} INFO - Filling up the DagBag from /home/airflow/.local/lib/python3.12/site-packages/airflow/example_dags/tutorial.py
[2024-05-06T18:09:01.724+0000] {processor.py:840} INFO - DAG(s) 'tutorial' retrieved from /home/airflow/.local/lib/python3.12/site-packages/airflow/example_dags/tutorial.py
[2024-05-06T18:09:01.733+0000] {logging_mixin.py:188} INFO - [2024-05-06T18:09:01.733+0000] {dag.py:3096} INFO - Sync 1 DAGs
[2024-05-06T18:09:01.743+0000] {logging_mixin.py:188} INFO - [2024-05-06T18:09:01.742+0000] {dag.py:3954} INFO - Setting next_dagrun for tutorial to 2024-05-05 00:00:00+00:00, run_after=2024-05-06 00:00:00+00:00
[2024-05-06T18:09:01.751+0000] {processor.py:183} INFO - Processing /home/airflow/.local/lib/python3.12/site-packages/airflow/example_dags/tutorial.py took 0.034 seconds
[2024-05-06T18:09:32.413+0000] {processor.py:161} INFO - Started process (PID=1092) to work on /home/airflow/.local/lib/python3.12/site-packages/airflow/example_dags/tutorial.py
[2024-05-06T18:09:32.413+0000] {processor.py:830} INFO - Processing file /home/airflow/.local/lib/python3.12/site-packages/airflow/example_dags/tutorial.py for tasks to queue
[2024-05-06T18:09:32.415+0000] {logging_mixin.py:188} INFO - [2024-05-06T18:09:32.414+0000] {dagbag.py:540} INFO - Filling up the DagBag from /home/airflow/.local/lib/python3.12/site-packages/airflow/example_dags/tutorial.py
[2024-05-06T18:09:32.417+0000] {processor.py:840} INFO - DAG(s) 'tutorial' retrieved from /home/airflow/.local/lib/python3.12/site-packages/airflow/example_dags/tutorial.py
[2024-05-06T18:09:32.427+0000] {logging_mixin.py:188} INFO - [2024-05-06T18:09:32.427+0000] {dag.py:3096} INFO - Sync 1 DAGs
[2024-05-06T18:09:32.437+0000] {logging_mixin.py:188} INFO - [2024-05-06T18:09:32.437+0000] {dag.py:3954} INFO - Setting next_dagrun for tutorial to 2024-05-05 00:00:00+00:00, run_after=2024-05-06 00:00:00+00:00
[2024-05-06T18:09:32.445+0000] {processor.py:183} INFO - Processing /home/airflow/.local/lib/python3.12/site-packages/airflow/example_dags/tutorial.py took 0.036 seconds
[2024-05-06T18:10:02.992+0000] {processor.py:161} INFO - Started process (PID=1150) to work on /home/airflow/.local/lib/python3.12/site-packages/airflow/example_dags/tutorial.py
[2024-05-06T18:10:02.992+0000] {processor.py:830} INFO - Processing file /home/airflow/.local/lib/python3.12/site-packages/airflow/example_dags/tutorial.py for tasks to queue
[2024-05-06T18:10:02.993+0000] {logging_mixin.py:188} INFO - [2024-05-06T18:10:02.993+0000] {dagbag.py:540} INFO - Filling up the DagBag from /home/airflow/.local/lib/python3.12/site-packages/airflow/example_dags/tutorial.py
[2024-05-06T18:10:02.996+0000] {processor.py:840} INFO - DAG(s) 'tutorial' retrieved from /home/airflow/.local/lib/python3.12/site-packages/airflow/example_dags/tutorial.py
[2024-05-06T18:10:03.005+0000] {logging_mixin.py:188} INFO - [2024-05-06T18:10:03.005+0000] {dag.py:3096} INFO - Sync 1 DAGs
[2024-05-06T18:10:03.015+0000] {logging_mixin.py:188} INFO - [2024-05-06T18:10:03.014+0000] {dag.py:3954} INFO - Setting next_dagrun for tutorial to 2024-05-05 00:00:00+00:00, run_after=2024-05-06 00:00:00+00:00
[2024-05-06T18:10:03.022+0000] {processor.py:183} INFO - Processing /home/airflow/.local/lib/python3.12/site-packages/airflow/example_dags/tutorial.py took 0.033 seconds
[2024-05-06T18:10:33.648+0000] {processor.py:161} INFO - Started process (PID=1208) to work on /home/airflow/.local/lib/python3.12/site-packages/airflow/example_dags/tutorial.py
[2024-05-06T18:10:33.648+0000] {processor.py:830} INFO - Processing file /home/airflow/.local/lib/python3.12/site-packages/airflow/example_dags/tutorial.py for tasks to queue
[2024-05-06T18:10:33.649+0000] {logging_mixin.py:188} INFO - [2024-05-06T18:10:33.649+0000] {dagbag.py:540} INFO - Filling up the DagBag from /home/airflow/.local/lib/python3.12/site-packages/airflow/example_dags/tutorial.py
[2024-05-06T18:10:33.652+0000] {processor.py:840} INFO - DAG(s) 'tutorial' retrieved from /home/airflow/.local/lib/python3.12/site-packages/airflow/example_dags/tutorial.py
[2024-05-06T18:10:33.663+0000] {logging_mixin.py:188} INFO - [2024-05-06T18:10:33.662+0000] {dag.py:3096} INFO - Sync 1 DAGs
[2024-05-06T18:10:33.673+0000] {logging_mixin.py:188} INFO - [2024-05-06T18:10:33.673+0000] {dag.py:3954} INFO - Setting next_dagrun for tutorial to 2024-05-05 00:00:00+00:00, run_after=2024-05-06 00:00:00+00:00
[2024-05-06T18:10:33.681+0000] {processor.py:183} INFO - Processing /home/airflow/.local/lib/python3.12/site-packages/airflow/example_dags/tutorial.py took 0.036 seconds
[2024-05-06T18:11:04.178+0000] {processor.py:161} INFO - Started process (PID=1266) to work on /home/airflow/.local/lib/python3.12/site-packages/airflow/example_dags/tutorial.py
[2024-05-06T18:11:04.178+0000] {processor.py:830} INFO - Processing file /home/airflow/.local/lib/python3.12/site-packages/airflow/example_dags/tutorial.py for tasks to queue
[2024-05-06T18:11:04.179+0000] {logging_mixin.py:188} INFO - [2024-05-06T18:11:04.179+0000] {dagbag.py:540} INFO - Filling up the DagBag from /home/airflow/.local/lib/python3.12/site-packages/airflow/example_dags/tutorial.py
[2024-05-06T18:11:04.182+0000] {processor.py:840} INFO - DAG(s) 'tutorial' retrieved from /home/airflow/.local/lib/python3.12/site-packages/airflow/example_dags/tutorial.py
[2024-05-06T18:11:04.192+0000] {logging_mixin.py:188} INFO - [2024-05-06T18:11:04.192+0000] {dag.py:3096} INFO - Sync 1 DAGs
[2024-05-06T18:11:04.203+0000] {logging_mixin.py:188} INFO - [2024-05-06T18:11:04.203+0000] {dag.py:3954} INFO - Setting next_dagrun for tutorial to 2024-05-05 00:00:00+00:00, run_after=2024-05-06 00:00:00+00:00
[2024-05-06T18:11:04.211+0000] {processor.py:183} INFO - Processing /home/airflow/.local/lib/python3.12/site-packages/airflow/example_dags/tutorial.py took 0.036 seconds
[2024-05-06T18:11:34.820+0000] {processor.py:161} INFO - Started process (PID=1323) to work on /home/airflow/.local/lib/python3.12/site-packages/airflow/example_dags/tutorial.py
[2024-05-06T18:11:34.820+0000] {processor.py:830} INFO - Processing file /home/airflow/.local/lib/python3.12/site-packages/airflow/example_dags/tutorial.py for tasks to queue
[2024-05-06T18:11:34.821+0000] {logging_mixin.py:188} INFO - [2024-05-06T18:11:34.821+0000] {dagbag.py:540} INFO - Filling up the DagBag from /home/airflow/.local/lib/python3.12/site-packages/airflow/example_dags/tutorial.py
[2024-05-06T18:11:34.824+0000] {processor.py:840} INFO - DAG(s) 'tutorial' retrieved from /home/airflow/.local/lib/python3.12/site-packages/airflow/example_dags/tutorial.py
[2024-05-06T18:11:34.834+0000] {logging_mixin.py:188} INFO - [2024-05-06T18:11:34.834+0000] {dag.py:3096} INFO - Sync 1 DAGs
[2024-05-06T18:11:34.845+0000] {logging_mixin.py:188} INFO - [2024-05-06T18:11:34.845+0000] {dag.py:3954} INFO - Setting next_dagrun for tutorial to 2024-05-05 00:00:00+00:00, run_after=2024-05-06 00:00:00+00:00
[2024-05-06T18:11:34.853+0000] {processor.py:183} INFO - Processing /home/airflow/.local/lib/python3.12/site-packages/airflow/example_dags/tutorial.py took 0.036 seconds
[2024-05-06T18:12:05.390+0000] {processor.py:161} INFO - Started process (PID=1380) to work on /home/airflow/.local/lib/python3.12/site-packages/airflow/example_dags/tutorial.py
[2024-05-06T18:12:05.391+0000] {processor.py:830} INFO - Processing file /home/airflow/.local/lib/python3.12/site-packages/airflow/example_dags/tutorial.py for tasks to queue
[2024-05-06T18:12:05.391+0000] {logging_mixin.py:188} INFO - [2024-05-06T18:12:05.391+0000] {dagbag.py:540} INFO - Filling up the DagBag from /home/airflow/.local/lib/python3.12/site-packages/airflow/example_dags/tutorial.py
[2024-05-06T18:12:05.394+0000] {processor.py:840} INFO - DAG(s) 'tutorial' retrieved from /home/airflow/.local/lib/python3.12/site-packages/airflow/example_dags/tutorial.py
[2024-05-06T18:12:05.404+0000] {logging_mixin.py:188} INFO - [2024-05-06T18:12:05.404+0000] {dag.py:3096} INFO - Sync 1 DAGs
[2024-05-06T18:12:05.414+0000] {logging_mixin.py:188} INFO - [2024-05-06T18:12:05.414+0000] {dag.py:3954} INFO - Setting next_dagrun for tutorial to 2024-05-05 00:00:00+00:00, run_after=2024-05-06 00:00:00+00:00
[2024-05-06T18:12:05.423+0000] {processor.py:183} INFO - Processing /home/airflow/.local/lib/python3.12/site-packages/airflow/example_dags/tutorial.py took 0.035 seconds
[2024-05-06T18:12:35.969+0000] {processor.py:161} INFO - Started process (PID=1438) to work on /home/airflow/.local/lib/python3.12/site-packages/airflow/example_dags/tutorial.py
[2024-05-06T18:12:35.970+0000] {processor.py:830} INFO - Processing file /home/airflow/.local/lib/python3.12/site-packages/airflow/example_dags/tutorial.py for tasks to queue
[2024-05-06T18:12:35.971+0000] {logging_mixin.py:188} INFO - [2024-05-06T18:12:35.971+0000] {dagbag.py:540} INFO - Filling up the DagBag from /home/airflow/.local/lib/python3.12/site-packages/airflow/example_dags/tutorial.py
[2024-05-06T18:12:35.974+0000] {processor.py:840} INFO - DAG(s) 'tutorial' retrieved from /home/airflow/.local/lib/python3.12/site-packages/airflow/example_dags/tutorial.py
[2024-05-06T18:12:35.983+0000] {logging_mixin.py:188} INFO - [2024-05-06T18:12:35.983+0000] {dag.py:3096} INFO - Sync 1 DAGs
[2024-05-06T18:12:35.997+0000] {logging_mixin.py:188} INFO - [2024-05-06T18:12:35.996+0000] {dag.py:3954} INFO - Setting next_dagrun for tutorial to 2024-05-05 00:00:00+00:00, run_after=2024-05-06 00:00:00+00:00
[2024-05-06T18:12:36.005+0000] {processor.py:183} INFO - Processing /home/airflow/.local/lib/python3.12/site-packages/airflow/example_dags/tutorial.py took 0.039 seconds
[2024-05-06T18:13:06.578+0000] {processor.py:161} INFO - Started process (PID=1496) to work on /home/airflow/.local/lib/python3.12/site-packages/airflow/example_dags/tutorial.py
[2024-05-06T18:13:06.578+0000] {processor.py:830} INFO - Processing file /home/airflow/.local/lib/python3.12/site-packages/airflow/example_dags/tutorial.py for tasks to queue
[2024-05-06T18:13:06.579+0000] {logging_mixin.py:188} INFO - [2024-05-06T18:13:06.579+0000] {dagbag.py:540} INFO - Filling up the DagBag from /home/airflow/.local/lib/python3.12/site-packages/airflow/example_dags/tutorial.py
[2024-05-06T18:13:06.583+0000] {processor.py:840} INFO - DAG(s) 'tutorial' retrieved from /home/airflow/.local/lib/python3.12/site-packages/airflow/example_dags/tutorial.py
[2024-05-06T18:13:06.592+0000] {logging_mixin.py:188} INFO - [2024-05-06T18:13:06.592+0000] {dag.py:3096} INFO - Sync 1 DAGs
[2024-05-06T18:13:06.603+0000] {logging_mixin.py:188} INFO - [2024-05-06T18:13:06.603+0000] {dag.py:3954} INFO - Setting next_dagrun for tutorial to 2024-05-05 00:00:00+00:00, run_after=2024-05-06 00:00:00+00:00
[2024-05-06T18:13:06.611+0000] {processor.py:183} INFO - Processing /home/airflow/.local/lib/python3.12/site-packages/airflow/example_dags/tutorial.py took 0.036 seconds
[2024-05-06T18:13:37.154+0000] {processor.py:161} INFO - Started process (PID=1554) to work on /home/airflow/.local/lib/python3.12/site-packages/airflow/example_dags/tutorial.py
[2024-05-06T18:13:37.154+0000] {processor.py:830} INFO - Processing file /home/airflow/.local/lib/python3.12/site-packages/airflow/example_dags/tutorial.py for tasks to queue
[2024-05-06T18:13:37.155+0000] {logging_mixin.py:188} INFO - [2024-05-06T18:13:37.155+0000] {dagbag.py:540} INFO - Filling up the DagBag from /home/airflow/.local/lib/python3.12/site-packages/airflow/example_dags/tutorial.py
[2024-05-06T18:13:37.158+0000] {processor.py:840} INFO - DAG(s) 'tutorial' retrieved from /home/airflow/.local/lib/python3.12/site-packages/airflow/example_dags/tutorial.py
[2024-05-06T18:13:37.169+0000] {logging_mixin.py:188} INFO - [2024-05-06T18:13:37.169+0000] {dag.py:3096} INFO - Sync 1 DAGs
[2024-05-06T18:13:37.179+0000] {logging_mixin.py:188} INFO - [2024-05-06T18:13:37.179+0000] {dag.py:3954} INFO - Setting next_dagrun for tutorial to 2024-05-05 00:00:00+00:00, run_after=2024-05-06 00:00:00+00:00
[2024-05-06T18:13:37.188+0000] {processor.py:183} INFO - Processing /home/airflow/.local/lib/python3.12/site-packages/airflow/example_dags/tutorial.py took 0.037 seconds
[2024-05-06T18:14:07.754+0000] {processor.py:161} INFO - Started process (PID=1612) to work on /home/airflow/.local/lib/python3.12/site-packages/airflow/example_dags/tutorial.py
[2024-05-06T18:14:07.755+0000] {processor.py:830} INFO - Processing file /home/airflow/.local/lib/python3.12/site-packages/airflow/example_dags/tutorial.py for tasks to queue
[2024-05-06T18:14:07.756+0000] {logging_mixin.py:188} INFO - [2024-05-06T18:14:07.756+0000] {dagbag.py:540} INFO - Filling up the DagBag from /home/airflow/.local/lib/python3.12/site-packages/airflow/example_dags/tutorial.py
[2024-05-06T18:14:07.759+0000] {processor.py:840} INFO - DAG(s) 'tutorial' retrieved from /home/airflow/.local/lib/python3.12/site-packages/airflow/example_dags/tutorial.py
[2024-05-06T18:14:07.769+0000] {logging_mixin.py:188} INFO - [2024-05-06T18:14:07.769+0000] {dag.py:3096} INFO - Sync 1 DAGs
[2024-05-06T18:14:07.779+0000] {logging_mixin.py:188} INFO - [2024-05-06T18:14:07.779+0000] {dag.py:3954} INFO - Setting next_dagrun for tutorial to 2024-05-05 00:00:00+00:00, run_after=2024-05-06 00:00:00+00:00
[2024-05-06T18:14:07.787+0000] {processor.py:183} INFO - Processing /home/airflow/.local/lib/python3.12/site-packages/airflow/example_dags/tutorial.py took 0.036 seconds
[2024-05-06T18:14:38.287+0000] {processor.py:161} INFO - Started process (PID=1670) to work on /home/airflow/.local/lib/python3.12/site-packages/airflow/example_dags/tutorial.py
[2024-05-06T18:14:38.287+0000] {processor.py:830} INFO - Processing file /home/airflow/.local/lib/python3.12/site-packages/airflow/example_dags/tutorial.py for tasks to queue
[2024-05-06T18:14:38.288+0000] {logging_mixin.py:188} INFO - [2024-05-06T18:14:38.288+0000] {dagbag.py:540} INFO - Filling up the DagBag from /home/airflow/.local/lib/python3.12/site-packages/airflow/example_dags/tutorial.py
[2024-05-06T18:14:38.292+0000] {processor.py:840} INFO - DAG(s) 'tutorial' retrieved from /home/airflow/.local/lib/python3.12/site-packages/airflow/example_dags/tutorial.py
[2024-05-06T18:14:38.301+0000] {logging_mixin.py:188} INFO - [2024-05-06T18:14:38.301+0000] {dag.py:3096} INFO - Sync 1 DAGs
[2024-05-06T18:14:38.312+0000] {logging_mixin.py:188} INFO - [2024-05-06T18:14:38.312+0000] {dag.py:3954} INFO - Setting next_dagrun for tutorial to 2024-05-05 00:00:00+00:00, run_after=2024-05-06 00:00:00+00:00
[2024-05-06T18:14:38.320+0000] {processor.py:183} INFO - Processing /home/airflow/.local/lib/python3.12/site-packages/airflow/example_dags/tutorial.py took 0.036 seconds
[2024-05-06T18:15:08.858+0000] {processor.py:161} INFO - Started process (PID=1728) to work on /home/airflow/.local/lib/python3.12/site-packages/airflow/example_dags/tutorial.py
[2024-05-06T18:15:08.859+0000] {processor.py:830} INFO - Processing file /home/airflow/.local/lib/python3.12/site-packages/airflow/example_dags/tutorial.py for tasks to queue
[2024-05-06T18:15:08.860+0000] {logging_mixin.py:188} INFO - [2024-05-06T18:15:08.860+0000] {dagbag.py:540} INFO - Filling up the DagBag from /home/airflow/.local/lib/python3.12/site-packages/airflow/example_dags/tutorial.py
[2024-05-06T18:15:08.863+0000] {processor.py:840} INFO - DAG(s) 'tutorial' retrieved from /home/airflow/.local/lib/python3.12/site-packages/airflow/example_dags/tutorial.py
[2024-05-06T18:15:08.872+0000] {logging_mixin.py:188} INFO - [2024-05-06T18:15:08.872+0000] {dag.py:3096} INFO - Sync 1 DAGs
[2024-05-06T18:15:08.882+0000] {logging_mixin.py:188} INFO - [2024-05-06T18:15:08.882+0000] {dag.py:3954} INFO - Setting next_dagrun for tutorial to 2024-05-05 00:00:00+00:00, run_after=2024-05-06 00:00:00+00:00
[2024-05-06T18:15:08.890+0000] {processor.py:183} INFO - Processing /home/airflow/.local/lib/python3.12/site-packages/airflow/example_dags/tutorial.py took 0.034 seconds
[2024-05-06T18:15:39.459+0000] {processor.py:161} INFO - Started process (PID=1786) to work on /home/airflow/.local/lib/python3.12/site-packages/airflow/example_dags/tutorial.py
[2024-05-06T18:15:39.459+0000] {processor.py:830} INFO - Processing file /home/airflow/.local/lib/python3.12/site-packages/airflow/example_dags/tutorial.py for tasks to queue
[2024-05-06T18:15:39.461+0000] {logging_mixin.py:188} INFO - [2024-05-06T18:15:39.460+0000] {dagbag.py:540} INFO - Filling up the DagBag from /home/airflow/.local/lib/python3.12/site-packages/airflow/example_dags/tutorial.py
[2024-05-06T18:15:39.464+0000] {processor.py:840} INFO - DAG(s) 'tutorial' retrieved from /home/airflow/.local/lib/python3.12/site-packages/airflow/example_dags/tutorial.py
[2024-05-06T18:15:39.473+0000] {logging_mixin.py:188} INFO - [2024-05-06T18:15:39.473+0000] {dag.py:3096} INFO - Sync 1 DAGs
[2024-05-06T18:15:39.484+0000] {logging_mixin.py:188} INFO - [2024-05-06T18:15:39.484+0000] {dag.py:3954} INFO - Setting next_dagrun for tutorial to 2024-05-05 00:00:00+00:00, run_after=2024-05-06 00:00:00+00:00
[2024-05-06T18:15:39.493+0000] {processor.py:183} INFO - Processing /home/airflow/.local/lib/python3.12/site-packages/airflow/example_dags/tutorial.py took 0.037 seconds
[2024-05-06T18:16:10.055+0000] {processor.py:161} INFO - Started process (PID=1844) to work on /home/airflow/.local/lib/python3.12/site-packages/airflow/example_dags/tutorial.py
[2024-05-06T18:16:10.055+0000] {processor.py:830} INFO - Processing file /home/airflow/.local/lib/python3.12/site-packages/airflow/example_dags/tutorial.py for tasks to queue
[2024-05-06T18:16:10.056+0000] {logging_mixin.py:188} INFO - [2024-05-06T18:16:10.056+0000] {dagbag.py:540} INFO - Filling up the DagBag from /home/airflow/.local/lib/python3.12/site-packages/airflow/example_dags/tutorial.py
[2024-05-06T18:16:10.059+0000] {processor.py:840} INFO - DAG(s) 'tutorial' retrieved from /home/airflow/.local/lib/python3.12/site-packages/airflow/example_dags/tutorial.py
[2024-05-06T18:16:10.069+0000] {logging_mixin.py:188} INFO - [2024-05-06T18:16:10.069+0000] {dag.py:3096} INFO - Sync 1 DAGs
[2024-05-06T18:16:10.082+0000] {logging_mixin.py:188} INFO - [2024-05-06T18:16:10.082+0000] {dag.py:3954} INFO - Setting next_dagrun for tutorial to 2024-05-05 00:00:00+00:00, run_after=2024-05-06 00:00:00+00:00
[2024-05-06T18:16:10.092+0000] {processor.py:183} INFO - Processing /home/airflow/.local/lib/python3.12/site-packages/airflow/example_dags/tutorial.py took 0.040 seconds
[2024-05-06T18:16:40.625+0000] {processor.py:161} INFO - Started process (PID=1902) to work on /home/airflow/.local/lib/python3.12/site-packages/airflow/example_dags/tutorial.py
[2024-05-06T18:16:40.626+0000] {processor.py:830} INFO - Processing file /home/airflow/.local/lib/python3.12/site-packages/airflow/example_dags/tutorial.py for tasks to queue
[2024-05-06T18:16:40.627+0000] {logging_mixin.py:188} INFO - [2024-05-06T18:16:40.627+0000] {dagbag.py:540} INFO - Filling up the DagBag from /home/airflow/.local/lib/python3.12/site-packages/airflow/example_dags/tutorial.py
[2024-05-06T18:16:40.630+0000] {processor.py:840} INFO - DAG(s) 'tutorial' retrieved from /home/airflow/.local/lib/python3.12/site-packages/airflow/example_dags/tutorial.py
[2024-05-06T18:16:40.639+0000] {logging_mixin.py:188} INFO - [2024-05-06T18:16:40.639+0000] {dag.py:3096} INFO - Sync 1 DAGs
[2024-05-06T18:16:40.650+0000] {logging_mixin.py:188} INFO - [2024-05-06T18:16:40.650+0000] {dag.py:3954} INFO - Setting next_dagrun for tutorial to 2024-05-05 00:00:00+00:00, run_after=2024-05-06 00:00:00+00:00
[2024-05-06T18:16:40.658+0000] {processor.py:183} INFO - Processing /home/airflow/.local/lib/python3.12/site-packages/airflow/example_dags/tutorial.py took 0.036 seconds
[2024-05-06T18:18:14.121+0000] {processor.py:161} INFO - Started process (PID=1959) to work on /home/airflow/.local/lib/python3.12/site-packages/airflow/example_dags/tutorial.py
[2024-05-06T18:18:14.122+0000] {processor.py:830} INFO - Processing file /home/airflow/.local/lib/python3.12/site-packages/airflow/example_dags/tutorial.py for tasks to queue
[2024-05-06T18:18:14.123+0000] {logging_mixin.py:188} INFO - [2024-05-06T18:18:14.122+0000] {dagbag.py:540} INFO - Filling up the DagBag from /home/airflow/.local/lib/python3.12/site-packages/airflow/example_dags/tutorial.py
[2024-05-06T18:18:14.126+0000] {processor.py:840} INFO - DAG(s) 'tutorial' retrieved from /home/airflow/.local/lib/python3.12/site-packages/airflow/example_dags/tutorial.py
[2024-05-06T18:18:14.136+0000] {logging_mixin.py:188} INFO - [2024-05-06T18:18:14.135+0000] {dag.py:3096} INFO - Sync 1 DAGs
[2024-05-06T18:18:14.146+0000] {logging_mixin.py:188} INFO - [2024-05-06T18:18:14.146+0000] {dag.py:3954} INFO - Setting next_dagrun for tutorial to 2024-05-05 00:00:00+00:00, run_after=2024-05-06 00:00:00+00:00
[2024-05-06T18:18:14.155+0000] {processor.py:183} INFO - Processing /home/airflow/.local/lib/python3.12/site-packages/airflow/example_dags/tutorial.py took 0.037 seconds
[2024-05-06T18:18:44.666+0000] {processor.py:161} INFO - Started process (PID=2017) to work on /home/airflow/.local/lib/python3.12/site-packages/airflow/example_dags/tutorial.py
[2024-05-06T18:18:44.667+0000] {processor.py:830} INFO - Processing file /home/airflow/.local/lib/python3.12/site-packages/airflow/example_dags/tutorial.py for tasks to queue
[2024-05-06T18:18:44.668+0000] {logging_mixin.py:188} INFO - [2024-05-06T18:18:44.668+0000] {dagbag.py:540} INFO - Filling up the DagBag from /home/airflow/.local/lib/python3.12/site-packages/airflow/example_dags/tutorial.py
[2024-05-06T18:18:44.671+0000] {processor.py:840} INFO - DAG(s) 'tutorial' retrieved from /home/airflow/.local/lib/python3.12/site-packages/airflow/example_dags/tutorial.py
[2024-05-06T18:18:44.680+0000] {logging_mixin.py:188} INFO - [2024-05-06T18:18:44.680+0000] {dag.py:3096} INFO - Sync 1 DAGs
[2024-05-06T18:18:44.691+0000] {logging_mixin.py:188} INFO - [2024-05-06T18:18:44.691+0000] {dag.py:3954} INFO - Setting next_dagrun for tutorial to 2024-05-05 00:00:00+00:00, run_after=2024-05-06 00:00:00+00:00
[2024-05-06T18:18:44.699+0000] {processor.py:183} INFO - Processing /home/airflow/.local/lib/python3.12/site-packages/airflow/example_dags/tutorial.py took 0.036 seconds
[2024-05-06T18:19:15.273+0000] {processor.py:161} INFO - Started process (PID=2075) to work on /home/airflow/.local/lib/python3.12/site-packages/airflow/example_dags/tutorial.py
[2024-05-06T18:19:15.273+0000] {processor.py:830} INFO - Processing file /home/airflow/.local/lib/python3.12/site-packages/airflow/example_dags/tutorial.py for tasks to queue
[2024-05-06T18:19:15.274+0000] {logging_mixin.py:188} INFO - [2024-05-06T18:19:15.274+0000] {dagbag.py:540} INFO - Filling up the DagBag from /home/airflow/.local/lib/python3.12/site-packages/airflow/example_dags/tutorial.py
[2024-05-06T18:19:15.277+0000] {processor.py:840} INFO - DAG(s) 'tutorial' retrieved from /home/airflow/.local/lib/python3.12/site-packages/airflow/example_dags/tutorial.py
[2024-05-06T18:19:15.286+0000] {logging_mixin.py:188} INFO - [2024-05-06T18:19:15.286+0000] {dag.py:3096} INFO - Sync 1 DAGs
[2024-05-06T18:19:15.295+0000] {logging_mixin.py:188} INFO - [2024-05-06T18:19:15.295+0000] {dag.py:3954} INFO - Setting next_dagrun for tutorial to 2024-05-05 00:00:00+00:00, run_after=2024-05-06 00:00:00+00:00
[2024-05-06T18:19:15.302+0000] {processor.py:183} INFO - Processing /home/airflow/.local/lib/python3.12/site-packages/airflow/example_dags/tutorial.py took 0.032 seconds
[2024-05-06T18:19:45.835+0000] {processor.py:161} INFO - Started process (PID=2133) to work on /home/airflow/.local/lib/python3.12/site-packages/airflow/example_dags/tutorial.py
[2024-05-06T18:19:45.836+0000] {processor.py:830} INFO - Processing file /home/airflow/.local/lib/python3.12/site-packages/airflow/example_dags/tutorial.py for tasks to queue
[2024-05-06T18:19:45.837+0000] {logging_mixin.py:188} INFO - [2024-05-06T18:19:45.837+0000] {dagbag.py:540} INFO - Filling up the DagBag from /home/airflow/.local/lib/python3.12/site-packages/airflow/example_dags/tutorial.py
[2024-05-06T18:19:45.841+0000] {processor.py:840} INFO - DAG(s) 'tutorial' retrieved from /home/airflow/.local/lib/python3.12/site-packages/airflow/example_dags/tutorial.py
[2024-05-06T18:19:45.851+0000] {logging_mixin.py:188} INFO - [2024-05-06T18:19:45.851+0000] {dag.py:3096} INFO - Sync 1 DAGs
[2024-05-06T18:19:45.861+0000] {logging_mixin.py:188} INFO - [2024-05-06T18:19:45.861+0000] {dag.py:3954} INFO - Setting next_dagrun for tutorial to 2024-05-05 00:00:00+00:00, run_after=2024-05-06 00:00:00+00:00
[2024-05-06T18:19:45.869+0000] {processor.py:183} INFO - Processing /home/airflow/.local/lib/python3.12/site-packages/airflow/example_dags/tutorial.py took 0.037 seconds
[2024-05-06T18:20:16.494+0000] {processor.py:161} INFO - Started process (PID=2191) to work on /home/airflow/.local/lib/python3.12/site-packages/airflow/example_dags/tutorial.py
[2024-05-06T18:20:16.495+0000] {processor.py:830} INFO - Processing file /home/airflow/.local/lib/python3.12/site-packages/airflow/example_dags/tutorial.py for tasks to queue
[2024-05-06T18:20:16.495+0000] {logging_mixin.py:188} INFO - [2024-05-06T18:20:16.495+0000] {dagbag.py:540} INFO - Filling up the DagBag from /home/airflow/.local/lib/python3.12/site-packages/airflow/example_dags/tutorial.py
[2024-05-06T18:20:16.499+0000] {processor.py:840} INFO - DAG(s) 'tutorial' retrieved from /home/airflow/.local/lib/python3.12/site-packages/airflow/example_dags/tutorial.py
[2024-05-06T18:20:16.508+0000] {logging_mixin.py:188} INFO - [2024-05-06T18:20:16.508+0000] {dag.py:3096} INFO - Sync 1 DAGs
[2024-05-06T18:20:16.518+0000] {logging_mixin.py:188} INFO - [2024-05-06T18:20:16.518+0000] {dag.py:3954} INFO - Setting next_dagrun for tutorial to 2024-05-05 00:00:00+00:00, run_after=2024-05-06 00:00:00+00:00
[2024-05-06T18:20:16.527+0000] {processor.py:183} INFO - Processing /home/airflow/.local/lib/python3.12/site-packages/airflow/example_dags/tutorial.py took 0.035 seconds
[2024-05-06T18:20:47.033+0000] {processor.py:161} INFO - Started process (PID=2249) to work on /home/airflow/.local/lib/python3.12/site-packages/airflow/example_dags/tutorial.py
[2024-05-06T18:20:47.033+0000] {processor.py:830} INFO - Processing file /home/airflow/.local/lib/python3.12/site-packages/airflow/example_dags/tutorial.py for tasks to queue
[2024-05-06T18:20:47.034+0000] {logging_mixin.py:188} INFO - [2024-05-06T18:20:47.034+0000] {dagbag.py:540} INFO - Filling up the DagBag from /home/airflow/.local/lib/python3.12/site-packages/airflow/example_dags/tutorial.py
[2024-05-06T18:20:47.037+0000] {processor.py:840} INFO - DAG(s) 'tutorial' retrieved from /home/airflow/.local/lib/python3.12/site-packages/airflow/example_dags/tutorial.py
[2024-05-06T18:20:47.047+0000] {logging_mixin.py:188} INFO - [2024-05-06T18:20:47.047+0000] {dag.py:3096} INFO - Sync 1 DAGs
[2024-05-06T18:20:47.057+0000] {logging_mixin.py:188} INFO - [2024-05-06T18:20:47.057+0000] {dag.py:3954} INFO - Setting next_dagrun for tutorial to 2024-05-05 00:00:00+00:00, run_after=2024-05-06 00:00:00+00:00
[2024-05-06T18:20:47.066+0000] {processor.py:183} INFO - Processing /home/airflow/.local/lib/python3.12/site-packages/airflow/example_dags/tutorial.py took 0.036 seconds
[2024-05-06T18:21:17.657+0000] {processor.py:161} INFO - Started process (PID=2307) to work on /home/airflow/.local/lib/python3.12/site-packages/airflow/example_dags/tutorial.py
[2024-05-06T18:21:17.658+0000] {processor.py:830} INFO - Processing file /home/airflow/.local/lib/python3.12/site-packages/airflow/example_dags/tutorial.py for tasks to queue
[2024-05-06T18:21:17.659+0000] {logging_mixin.py:188} INFO - [2024-05-06T18:21:17.659+0000] {dagbag.py:540} INFO - Filling up the DagBag from /home/airflow/.local/lib/python3.12/site-packages/airflow/example_dags/tutorial.py
[2024-05-06T18:21:17.662+0000] {processor.py:840} INFO - DAG(s) 'tutorial' retrieved from /home/airflow/.local/lib/python3.12/site-packages/airflow/example_dags/tutorial.py
[2024-05-06T18:21:17.672+0000] {logging_mixin.py:188} INFO - [2024-05-06T18:21:17.672+0000] {dag.py:3096} INFO - Sync 1 DAGs
[2024-05-06T18:21:17.681+0000] {logging_mixin.py:188} INFO - [2024-05-06T18:21:17.681+0000] {dag.py:3954} INFO - Setting next_dagrun for tutorial to 2024-05-05 00:00:00+00:00, run_after=2024-05-06 00:00:00+00:00
[2024-05-06T18:21:17.689+0000] {processor.py:183} INFO - Processing /home/airflow/.local/lib/python3.12/site-packages/airflow/example_dags/tutorial.py took 0.035 seconds
[2024-05-06T18:21:48.352+0000] {processor.py:161} INFO - Started process (PID=2364) to work on /home/airflow/.local/lib/python3.12/site-packages/airflow/example_dags/tutorial.py
[2024-05-06T18:21:48.353+0000] {processor.py:830} INFO - Processing file /home/airflow/.local/lib/python3.12/site-packages/airflow/example_dags/tutorial.py for tasks to queue
[2024-05-06T18:21:48.353+0000] {logging_mixin.py:188} INFO - [2024-05-06T18:21:48.353+0000] {dagbag.py:540} INFO - Filling up the DagBag from /home/airflow/.local/lib/python3.12/site-packages/airflow/example_dags/tutorial.py
[2024-05-06T18:21:48.357+0000] {processor.py:840} INFO - DAG(s) 'tutorial' retrieved from /home/airflow/.local/lib/python3.12/site-packages/airflow/example_dags/tutorial.py
[2024-05-06T18:21:48.367+0000] {logging_mixin.py:188} INFO - [2024-05-06T18:21:48.367+0000] {dag.py:3096} INFO - Sync 1 DAGs
[2024-05-06T18:21:48.378+0000] {logging_mixin.py:188} INFO - [2024-05-06T18:21:48.378+0000] {dag.py:3954} INFO - Setting next_dagrun for tutorial to 2024-05-05 00:00:00+00:00, run_after=2024-05-06 00:00:00+00:00
[2024-05-06T18:21:48.386+0000] {processor.py:183} INFO - Processing /home/airflow/.local/lib/python3.12/site-packages/airflow/example_dags/tutorial.py took 0.037 seconds
[2024-05-06T18:22:18.945+0000] {processor.py:161} INFO - Started process (PID=2422) to work on /home/airflow/.local/lib/python3.12/site-packages/airflow/example_dags/tutorial.py
[2024-05-06T18:22:18.945+0000] {processor.py:830} INFO - Processing file /home/airflow/.local/lib/python3.12/site-packages/airflow/example_dags/tutorial.py for tasks to queue
[2024-05-06T18:22:18.946+0000] {logging_mixin.py:188} INFO - [2024-05-06T18:22:18.946+0000] {dagbag.py:540} INFO - Filling up the DagBag from /home/airflow/.local/lib/python3.12/site-packages/airflow/example_dags/tutorial.py
[2024-05-06T18:22:18.950+0000] {processor.py:840} INFO - DAG(s) 'tutorial' retrieved from /home/airflow/.local/lib/python3.12/site-packages/airflow/example_dags/tutorial.py
[2024-05-06T18:22:18.959+0000] {logging_mixin.py:188} INFO - [2024-05-06T18:22:18.959+0000] {dag.py:3096} INFO - Sync 1 DAGs
[2024-05-06T18:22:18.968+0000] {logging_mixin.py:188} INFO - [2024-05-06T18:22:18.968+0000] {dag.py:3954} INFO - Setting next_dagrun for tutorial to 2024-05-05 00:00:00+00:00, run_after=2024-05-06 00:00:00+00:00
[2024-05-06T18:22:18.976+0000] {processor.py:183} INFO - Processing /home/airflow/.local/lib/python3.12/site-packages/airflow/example_dags/tutorial.py took 0.034 seconds
[2024-05-06T18:22:49.575+0000] {processor.py:161} INFO - Started process (PID=2480) to work on /home/airflow/.local/lib/python3.12/site-packages/airflow/example_dags/tutorial.py
[2024-05-06T18:22:49.576+0000] {processor.py:830} INFO - Processing file /home/airflow/.local/lib/python3.12/site-packages/airflow/example_dags/tutorial.py for tasks to queue
[2024-05-06T18:22:49.578+0000] {logging_mixin.py:188} INFO - [2024-05-06T18:22:49.578+0000] {dagbag.py:540} INFO - Filling up the DagBag from /home/airflow/.local/lib/python3.12/site-packages/airflow/example_dags/tutorial.py
[2024-05-06T18:22:49.581+0000] {processor.py:840} INFO - DAG(s) 'tutorial' retrieved from /home/airflow/.local/lib/python3.12/site-packages/airflow/example_dags/tutorial.py
[2024-05-06T18:22:49.591+0000] {logging_mixin.py:188} INFO - [2024-05-06T18:22:49.591+0000] {dag.py:3096} INFO - Sync 1 DAGs
[2024-05-06T18:22:49.601+0000] {logging_mixin.py:188} INFO - [2024-05-06T18:22:49.601+0000] {dag.py:3954} INFO - Setting next_dagrun for tutorial to 2024-05-05 00:00:00+00:00, run_after=2024-05-06 00:00:00+00:00
[2024-05-06T18:22:49.609+0000] {processor.py:183} INFO - Processing /home/airflow/.local/lib/python3.12/site-packages/airflow/example_dags/tutorial.py took 0.037 seconds
[2024-05-06T18:23:20.145+0000] {processor.py:161} INFO - Started process (PID=2537) to work on /home/airflow/.local/lib/python3.12/site-packages/airflow/example_dags/tutorial.py
[2024-05-06T18:23:20.148+0000] {processor.py:830} INFO - Processing file /home/airflow/.local/lib/python3.12/site-packages/airflow/example_dags/tutorial.py for tasks to queue
[2024-05-06T18:23:20.149+0000] {logging_mixin.py:188} INFO - [2024-05-06T18:23:20.149+0000] {dagbag.py:540} INFO - Filling up the DagBag from /home/airflow/.local/lib/python3.12/site-packages/airflow/example_dags/tutorial.py
[2024-05-06T18:23:20.152+0000] {processor.py:840} INFO - DAG(s) 'tutorial' retrieved from /home/airflow/.local/lib/python3.12/site-packages/airflow/example_dags/tutorial.py
[2024-05-06T18:23:20.162+0000] {logging_mixin.py:188} INFO - [2024-05-06T18:23:20.162+0000] {dag.py:3096} INFO - Sync 1 DAGs
[2024-05-06T18:23:20.172+0000] {logging_mixin.py:188} INFO - [2024-05-06T18:23:20.172+0000] {dag.py:3954} INFO - Setting next_dagrun for tutorial to 2024-05-05 00:00:00+00:00, run_after=2024-05-06 00:00:00+00:00
[2024-05-06T18:23:20.180+0000] {processor.py:183} INFO - Processing /home/airflow/.local/lib/python3.12/site-packages/airflow/example_dags/tutorial.py took 0.038 seconds
[2024-05-06T18:23:50.888+0000] {processor.py:161} INFO - Started process (PID=2595) to work on /home/airflow/.local/lib/python3.12/site-packages/airflow/example_dags/tutorial.py
[2024-05-06T18:23:50.889+0000] {processor.py:830} INFO - Processing file /home/airflow/.local/lib/python3.12/site-packages/airflow/example_dags/tutorial.py for tasks to queue
[2024-05-06T18:23:50.889+0000] {logging_mixin.py:188} INFO - [2024-05-06T18:23:50.889+0000] {dagbag.py:540} INFO - Filling up the DagBag from /home/airflow/.local/lib/python3.12/site-packages/airflow/example_dags/tutorial.py
[2024-05-06T18:23:50.892+0000] {processor.py:840} INFO - DAG(s) 'tutorial' retrieved from /home/airflow/.local/lib/python3.12/site-packages/airflow/example_dags/tutorial.py
[2024-05-06T18:23:50.901+0000] {logging_mixin.py:188} INFO - [2024-05-06T18:23:50.901+0000] {dag.py:3096} INFO - Sync 1 DAGs
[2024-05-06T18:23:50.910+0000] {logging_mixin.py:188} INFO - [2024-05-06T18:23:50.910+0000] {dag.py:3954} INFO - Setting next_dagrun for tutorial to 2024-05-05 00:00:00+00:00, run_after=2024-05-06 00:00:00+00:00
[2024-05-06T18:23:50.917+0000] {processor.py:183} INFO - Processing /home/airflow/.local/lib/python3.12/site-packages/airflow/example_dags/tutorial.py took 0.032 seconds
[2024-05-06T18:24:21.471+0000] {processor.py:161} INFO - Started process (PID=2653) to work on /home/airflow/.local/lib/python3.12/site-packages/airflow/example_dags/tutorial.py
[2024-05-06T18:24:21.471+0000] {processor.py:830} INFO - Processing file /home/airflow/.local/lib/python3.12/site-packages/airflow/example_dags/tutorial.py for tasks to queue
[2024-05-06T18:24:21.472+0000] {logging_mixin.py:188} INFO - [2024-05-06T18:24:21.472+0000] {dagbag.py:540} INFO - Filling up the DagBag from /home/airflow/.local/lib/python3.12/site-packages/airflow/example_dags/tutorial.py
[2024-05-06T18:24:21.476+0000] {processor.py:840} INFO - DAG(s) 'tutorial' retrieved from /home/airflow/.local/lib/python3.12/site-packages/airflow/example_dags/tutorial.py
[2024-05-06T18:24:21.486+0000] {logging_mixin.py:188} INFO - [2024-05-06T18:24:21.485+0000] {dag.py:3096} INFO - Sync 1 DAGs
[2024-05-06T18:24:21.496+0000] {logging_mixin.py:188} INFO - [2024-05-06T18:24:21.496+0000] {dag.py:3954} INFO - Setting next_dagrun for tutorial to 2024-05-05 00:00:00+00:00, run_after=2024-05-06 00:00:00+00:00
[2024-05-06T18:24:21.504+0000] {processor.py:183} INFO - Processing /home/airflow/.local/lib/python3.12/site-packages/airflow/example_dags/tutorial.py took 0.036 seconds
[2024-05-06T18:24:52.110+0000] {processor.py:161} INFO - Started process (PID=2711) to work on /home/airflow/.local/lib/python3.12/site-packages/airflow/example_dags/tutorial.py
[2024-05-06T18:24:52.111+0000] {processor.py:830} INFO - Processing file /home/airflow/.local/lib/python3.12/site-packages/airflow/example_dags/tutorial.py for tasks to queue
[2024-05-06T18:24:52.112+0000] {logging_mixin.py:188} INFO - [2024-05-06T18:24:52.112+0000] {dagbag.py:540} INFO - Filling up the DagBag from /home/airflow/.local/lib/python3.12/site-packages/airflow/example_dags/tutorial.py
[2024-05-06T18:24:52.115+0000] {processor.py:840} INFO - DAG(s) 'tutorial' retrieved from /home/airflow/.local/lib/python3.12/site-packages/airflow/example_dags/tutorial.py
[2024-05-06T18:24:52.125+0000] {logging_mixin.py:188} INFO - [2024-05-06T18:24:52.125+0000] {dag.py:3096} INFO - Sync 1 DAGs
[2024-05-06T18:24:52.136+0000] {logging_mixin.py:188} INFO - [2024-05-06T18:24:52.136+0000] {dag.py:3954} INFO - Setting next_dagrun for tutorial to 2024-05-05 00:00:00+00:00, run_after=2024-05-06 00:00:00+00:00
[2024-05-06T18:24:52.144+0000] {processor.py:183} INFO - Processing /home/airflow/.local/lib/python3.12/site-packages/airflow/example_dags/tutorial.py took 0.037 seconds
[2024-05-06T18:25:22.728+0000] {processor.py:161} INFO - Started process (PID=2769) to work on /home/airflow/.local/lib/python3.12/site-packages/airflow/example_dags/tutorial.py
[2024-05-06T18:25:22.728+0000] {processor.py:830} INFO - Processing file /home/airflow/.local/lib/python3.12/site-packages/airflow/example_dags/tutorial.py for tasks to queue
[2024-05-06T18:25:22.731+0000] {logging_mixin.py:188} INFO - [2024-05-06T18:25:22.730+0000] {dagbag.py:540} INFO - Filling up the DagBag from /home/airflow/.local/lib/python3.12/site-packages/airflow/example_dags/tutorial.py
[2024-05-06T18:25:22.734+0000] {processor.py:840} INFO - DAG(s) 'tutorial' retrieved from /home/airflow/.local/lib/python3.12/site-packages/airflow/example_dags/tutorial.py
[2024-05-06T18:25:22.745+0000] {logging_mixin.py:188} INFO - [2024-05-06T18:25:22.744+0000] {dag.py:3096} INFO - Sync 1 DAGs
[2024-05-06T18:25:22.755+0000] {logging_mixin.py:188} INFO - [2024-05-06T18:25:22.755+0000] {dag.py:3954} INFO - Setting next_dagrun for tutorial to 2024-05-05 00:00:00+00:00, run_after=2024-05-06 00:00:00+00:00
[2024-05-06T18:25:22.763+0000] {processor.py:183} INFO - Processing /home/airflow/.local/lib/python3.12/site-packages/airflow/example_dags/tutorial.py took 0.039 seconds
[2024-05-06T18:25:53.340+0000] {processor.py:161} INFO - Started process (PID=2826) to work on /home/airflow/.local/lib/python3.12/site-packages/airflow/example_dags/tutorial.py
[2024-05-06T18:25:53.340+0000] {processor.py:830} INFO - Processing file /home/airflow/.local/lib/python3.12/site-packages/airflow/example_dags/tutorial.py for tasks to queue
[2024-05-06T18:25:53.341+0000] {logging_mixin.py:188} INFO - [2024-05-06T18:25:53.341+0000] {dagbag.py:540} INFO - Filling up the DagBag from /home/airflow/.local/lib/python3.12/site-packages/airflow/example_dags/tutorial.py
[2024-05-06T18:25:53.344+0000] {processor.py:840} INFO - DAG(s) 'tutorial' retrieved from /home/airflow/.local/lib/python3.12/site-packages/airflow/example_dags/tutorial.py
[2024-05-06T18:25:53.354+0000] {logging_mixin.py:188} INFO - [2024-05-06T18:25:53.354+0000] {dag.py:3096} INFO - Sync 1 DAGs
[2024-05-06T18:25:53.367+0000] {logging_mixin.py:188} INFO - [2024-05-06T18:25:53.367+0000] {dag.py:3954} INFO - Setting next_dagrun for tutorial to 2024-05-05 00:00:00+00:00, run_after=2024-05-06 00:00:00+00:00
[2024-05-06T18:25:53.375+0000] {processor.py:183} INFO - Processing /home/airflow/.local/lib/python3.12/site-packages/airflow/example_dags/tutorial.py took 0.039 seconds
[2024-05-06T18:26:24.040+0000] {processor.py:161} INFO - Started process (PID=2884) to work on /home/airflow/.local/lib/python3.12/site-packages/airflow/example_dags/tutorial.py
[2024-05-06T18:26:24.040+0000] {processor.py:830} INFO - Processing file /home/airflow/.local/lib/python3.12/site-packages/airflow/example_dags/tutorial.py for tasks to queue
[2024-05-06T18:26:24.041+0000] {logging_mixin.py:188} INFO - [2024-05-06T18:26:24.041+0000] {dagbag.py:540} INFO - Filling up the DagBag from /home/airflow/.local/lib/python3.12/site-packages/airflow/example_dags/tutorial.py
[2024-05-06T18:26:24.044+0000] {processor.py:840} INFO - DAG(s) 'tutorial' retrieved from /home/airflow/.local/lib/python3.12/site-packages/airflow/example_dags/tutorial.py
[2024-05-06T18:26:24.054+0000] {logging_mixin.py:188} INFO - [2024-05-06T18:26:24.054+0000] {dag.py:3096} INFO - Sync 1 DAGs
[2024-05-06T18:26:24.064+0000] {logging_mixin.py:188} INFO - [2024-05-06T18:26:24.064+0000] {dag.py:3954} INFO - Setting next_dagrun for tutorial to 2024-05-05 00:00:00+00:00, run_after=2024-05-06 00:00:00+00:00
[2024-05-06T18:26:24.073+0000] {processor.py:183} INFO - Processing /home/airflow/.local/lib/python3.12/site-packages/airflow/example_dags/tutorial.py took 0.036 seconds
[2024-05-06T18:26:54.677+0000] {processor.py:161} INFO - Started process (PID=2942) to work on /home/airflow/.local/lib/python3.12/site-packages/airflow/example_dags/tutorial.py
[2024-05-06T18:26:54.677+0000] {processor.py:830} INFO - Processing file /home/airflow/.local/lib/python3.12/site-packages/airflow/example_dags/tutorial.py for tasks to queue
[2024-05-06T18:26:54.678+0000] {logging_mixin.py:188} INFO - [2024-05-06T18:26:54.678+0000] {dagbag.py:540} INFO - Filling up the DagBag from /home/airflow/.local/lib/python3.12/site-packages/airflow/example_dags/tutorial.py
[2024-05-06T18:26:54.682+0000] {processor.py:840} INFO - DAG(s) 'tutorial' retrieved from /home/airflow/.local/lib/python3.12/site-packages/airflow/example_dags/tutorial.py
[2024-05-06T18:26:54.691+0000] {logging_mixin.py:188} INFO - [2024-05-06T18:26:54.691+0000] {dag.py:3096} INFO - Sync 1 DAGs
[2024-05-06T18:26:54.701+0000] {logging_mixin.py:188} INFO - [2024-05-06T18:26:54.701+0000] {dag.py:3954} INFO - Setting next_dagrun for tutorial to 2024-05-05 00:00:00+00:00, run_after=2024-05-06 00:00:00+00:00
[2024-05-06T18:26:54.709+0000] {processor.py:183} INFO - Processing /home/airflow/.local/lib/python3.12/site-packages/airflow/example_dags/tutorial.py took 0.035 seconds
[2024-05-06T18:27:25.231+0000] {processor.py:161} INFO - Started process (PID=2999) to work on /home/airflow/.local/lib/python3.12/site-packages/airflow/example_dags/tutorial.py
[2024-05-06T18:27:25.232+0000] {processor.py:830} INFO - Processing file /home/airflow/.local/lib/python3.12/site-packages/airflow/example_dags/tutorial.py for tasks to queue
[2024-05-06T18:27:25.232+0000] {logging_mixin.py:188} INFO - [2024-05-06T18:27:25.232+0000] {dagbag.py:540} INFO - Filling up the DagBag from /home/airflow/.local/lib/python3.12/site-packages/airflow/example_dags/tutorial.py
[2024-05-06T18:27:25.235+0000] {processor.py:840} INFO - DAG(s) 'tutorial' retrieved from /home/airflow/.local/lib/python3.12/site-packages/airflow/example_dags/tutorial.py
[2024-05-06T18:27:25.244+0000] {logging_mixin.py:188} INFO - [2024-05-06T18:27:25.244+0000] {dag.py:3096} INFO - Sync 1 DAGs
[2024-05-06T18:27:25.253+0000] {logging_mixin.py:188} INFO - [2024-05-06T18:27:25.253+0000] {dag.py:3954} INFO - Setting next_dagrun for tutorial to 2024-05-05 00:00:00+00:00, run_after=2024-05-06 00:00:00+00:00
[2024-05-06T18:27:25.261+0000] {processor.py:183} INFO - Processing /home/airflow/.local/lib/python3.12/site-packages/airflow/example_dags/tutorial.py took 0.032 seconds
[2024-05-06T18:27:55.798+0000] {processor.py:161} INFO - Started process (PID=3056) to work on /home/airflow/.local/lib/python3.12/site-packages/airflow/example_dags/tutorial.py
[2024-05-06T18:27:55.799+0000] {processor.py:830} INFO - Processing file /home/airflow/.local/lib/python3.12/site-packages/airflow/example_dags/tutorial.py for tasks to queue
[2024-05-06T18:27:55.800+0000] {logging_mixin.py:188} INFO - [2024-05-06T18:27:55.800+0000] {dagbag.py:540} INFO - Filling up the DagBag from /home/airflow/.local/lib/python3.12/site-packages/airflow/example_dags/tutorial.py
[2024-05-06T18:27:55.803+0000] {processor.py:840} INFO - DAG(s) 'tutorial' retrieved from /home/airflow/.local/lib/python3.12/site-packages/airflow/example_dags/tutorial.py
[2024-05-06T18:27:55.813+0000] {logging_mixin.py:188} INFO - [2024-05-06T18:27:55.813+0000] {dag.py:3096} INFO - Sync 1 DAGs
[2024-05-06T18:27:55.823+0000] {logging_mixin.py:188} INFO - [2024-05-06T18:27:55.823+0000] {dag.py:3954} INFO - Setting next_dagrun for tutorial to 2024-05-05 00:00:00+00:00, run_after=2024-05-06 00:00:00+00:00
[2024-05-06T18:27:55.832+0000] {processor.py:183} INFO - Processing /home/airflow/.local/lib/python3.12/site-packages/airflow/example_dags/tutorial.py took 0.036 seconds
[2024-05-06T18:28:26.441+0000] {processor.py:161} INFO - Started process (PID=3114) to work on /home/airflow/.local/lib/python3.12/site-packages/airflow/example_dags/tutorial.py
[2024-05-06T18:28:26.441+0000] {processor.py:830} INFO - Processing file /home/airflow/.local/lib/python3.12/site-packages/airflow/example_dags/tutorial.py for tasks to queue
[2024-05-06T18:28:26.442+0000] {logging_mixin.py:188} INFO - [2024-05-06T18:28:26.442+0000] {dagbag.py:540} INFO - Filling up the DagBag from /home/airflow/.local/lib/python3.12/site-packages/airflow/example_dags/tutorial.py
[2024-05-06T18:28:26.446+0000] {processor.py:840} INFO - DAG(s) 'tutorial' retrieved from /home/airflow/.local/lib/python3.12/site-packages/airflow/example_dags/tutorial.py
[2024-05-06T18:28:26.455+0000] {logging_mixin.py:188} INFO - [2024-05-06T18:28:26.455+0000] {dag.py:3096} INFO - Sync 1 DAGs
[2024-05-06T18:28:26.464+0000] {logging_mixin.py:188} INFO - [2024-05-06T18:28:26.464+0000] {dag.py:3954} INFO - Setting next_dagrun for tutorial to 2024-05-05 00:00:00+00:00, run_after=2024-05-06 00:00:00+00:00
[2024-05-06T18:28:26.471+0000] {processor.py:183} INFO - Processing /home/airflow/.local/lib/python3.12/site-packages/airflow/example_dags/tutorial.py took 0.033 seconds
[2024-05-06T18:28:57.187+0000] {processor.py:161} INFO - Started process (PID=3172) to work on /home/airflow/.local/lib/python3.12/site-packages/airflow/example_dags/tutorial.py
[2024-05-06T18:28:57.188+0000] {processor.py:830} INFO - Processing file /home/airflow/.local/lib/python3.12/site-packages/airflow/example_dags/tutorial.py for tasks to queue
[2024-05-06T18:28:57.189+0000] {logging_mixin.py:188} INFO - [2024-05-06T18:28:57.189+0000] {dagbag.py:540} INFO - Filling up the DagBag from /home/airflow/.local/lib/python3.12/site-packages/airflow/example_dags/tutorial.py
[2024-05-06T18:28:57.192+0000] {processor.py:840} INFO - DAG(s) 'tutorial' retrieved from /home/airflow/.local/lib/python3.12/site-packages/airflow/example_dags/tutorial.py
[2024-05-06T18:28:57.202+0000] {logging_mixin.py:188} INFO - [2024-05-06T18:28:57.202+0000] {dag.py:3096} INFO - Sync 1 DAGs
[2024-05-06T18:28:57.212+0000] {logging_mixin.py:188} INFO - [2024-05-06T18:28:57.211+0000] {dag.py:3954} INFO - Setting next_dagrun for tutorial to 2024-05-05 00:00:00+00:00, run_after=2024-05-06 00:00:00+00:00
[2024-05-06T18:28:57.220+0000] {processor.py:183} INFO - Processing /home/airflow/.local/lib/python3.12/site-packages/airflow/example_dags/tutorial.py took 0.036 seconds
[2024-05-06T18:29:28.024+0000] {processor.py:161} INFO - Started process (PID=3230) to work on /home/airflow/.local/lib/python3.12/site-packages/airflow/example_dags/tutorial.py
[2024-05-06T18:29:28.025+0000] {processor.py:830} INFO - Processing file /home/airflow/.local/lib/python3.12/site-packages/airflow/example_dags/tutorial.py for tasks to queue
[2024-05-06T18:29:28.026+0000] {logging_mixin.py:188} INFO - [2024-05-06T18:29:28.026+0000] {dagbag.py:540} INFO - Filling up the DagBag from /home/airflow/.local/lib/python3.12/site-packages/airflow/example_dags/tutorial.py
[2024-05-06T18:29:28.029+0000] {processor.py:840} INFO - DAG(s) 'tutorial' retrieved from /home/airflow/.local/lib/python3.12/site-packages/airflow/example_dags/tutorial.py
[2024-05-06T18:29:28.039+0000] {logging_mixin.py:188} INFO - [2024-05-06T18:29:28.038+0000] {dag.py:3096} INFO - Sync 1 DAGs
[2024-05-06T18:29:28.048+0000] {logging_mixin.py:188} INFO - [2024-05-06T18:29:28.048+0000] {dag.py:3954} INFO - Setting next_dagrun for tutorial to 2024-05-05 00:00:00+00:00, run_after=2024-05-06 00:00:00+00:00
[2024-05-06T18:29:28.056+0000] {processor.py:183} INFO - Processing /home/airflow/.local/lib/python3.12/site-packages/airflow/example_dags/tutorial.py took 0.035 seconds
[2024-05-06T19:02:50.629+0000] {processor.py:161} INFO - Started process (PID=3282) to work on /home/airflow/.local/lib/python3.12/site-packages/airflow/example_dags/tutorial.py
[2024-05-06T19:02:50.629+0000] {processor.py:830} INFO - Processing file /home/airflow/.local/lib/python3.12/site-packages/airflow/example_dags/tutorial.py for tasks to queue
[2024-05-06T19:02:50.630+0000] {logging_mixin.py:188} INFO - [2024-05-06T19:02:50.630+0000] {dagbag.py:540} INFO - Filling up the DagBag from /home/airflow/.local/lib/python3.12/site-packages/airflow/example_dags/tutorial.py
[2024-05-06T19:02:50.634+0000] {processor.py:840} INFO - DAG(s) 'tutorial' retrieved from /home/airflow/.local/lib/python3.12/site-packages/airflow/example_dags/tutorial.py
[2024-05-06T19:02:50.644+0000] {logging_mixin.py:188} INFO - [2024-05-06T19:02:50.644+0000] {dag.py:3096} INFO - Sync 1 DAGs
[2024-05-06T19:02:50.655+0000] {logging_mixin.py:188} INFO - [2024-05-06T19:02:50.655+0000] {dag.py:3954} INFO - Setting next_dagrun for tutorial to 2024-05-05 00:00:00+00:00, run_after=2024-05-06 00:00:00+00:00
[2024-05-06T19:02:50.672+0000] {processor.py:183} INFO - Processing /home/airflow/.local/lib/python3.12/site-packages/airflow/example_dags/tutorial.py took 0.046 seconds
[2024-05-06T19:24:26.353+0000] {processor.py:161} INFO - Started process (PID=3345) to work on /home/airflow/.local/lib/python3.12/site-packages/airflow/example_dags/tutorial.py
[2024-05-06T19:24:26.357+0000] {processor.py:830} INFO - Processing file /home/airflow/.local/lib/python3.12/site-packages/airflow/example_dags/tutorial.py for tasks to queue
[2024-05-06T19:24:26.361+0000] {logging_mixin.py:188} INFO - [2024-05-06T19:24:26.361+0000] {dagbag.py:540} INFO - Filling up the DagBag from /home/airflow/.local/lib/python3.12/site-packages/airflow/example_dags/tutorial.py
[2024-05-06T19:24:26.364+0000] {processor.py:840} INFO - DAG(s) 'tutorial' retrieved from /home/airflow/.local/lib/python3.12/site-packages/airflow/example_dags/tutorial.py
[2024-05-06T19:24:26.374+0000] {logging_mixin.py:188} INFO - [2024-05-06T19:24:26.374+0000] {dag.py:3096} INFO - Sync 1 DAGs
[2024-05-06T19:24:26.384+0000] {logging_mixin.py:188} INFO - [2024-05-06T19:24:26.384+0000] {dag.py:3954} INFO - Setting next_dagrun for tutorial to 2024-05-05 00:00:00+00:00, run_after=2024-05-06 00:00:00+00:00
[2024-05-06T19:24:26.392+0000] {processor.py:183} INFO - Processing /home/airflow/.local/lib/python3.12/site-packages/airflow/example_dags/tutorial.py took 0.042 seconds
[2024-05-06T19:30:01.635+0000] {processor.py:161} INFO - Started process (PID=3403) to work on /home/airflow/.local/lib/python3.12/site-packages/airflow/example_dags/tutorial.py
[2024-05-06T19:30:01.636+0000] {processor.py:830} INFO - Processing file /home/airflow/.local/lib/python3.12/site-packages/airflow/example_dags/tutorial.py for tasks to queue
[2024-05-06T19:30:01.637+0000] {logging_mixin.py:188} INFO - [2024-05-06T19:30:01.637+0000] {dagbag.py:540} INFO - Filling up the DagBag from /home/airflow/.local/lib/python3.12/site-packages/airflow/example_dags/tutorial.py
[2024-05-06T19:30:01.640+0000] {processor.py:840} INFO - DAG(s) 'tutorial' retrieved from /home/airflow/.local/lib/python3.12/site-packages/airflow/example_dags/tutorial.py
[2024-05-06T19:30:01.650+0000] {logging_mixin.py:188} INFO - [2024-05-06T19:30:01.650+0000] {dag.py:3096} INFO - Sync 1 DAGs
[2024-05-06T19:30:01.661+0000] {logging_mixin.py:188} INFO - [2024-05-06T19:30:01.660+0000] {dag.py:3954} INFO - Setting next_dagrun for tutorial to 2024-05-05 00:00:00+00:00, run_after=2024-05-06 00:00:00+00:00
[2024-05-06T19:30:01.668+0000] {processor.py:183} INFO - Processing /home/airflow/.local/lib/python3.12/site-packages/airflow/example_dags/tutorial.py took 0.036 seconds
[2024-05-06T19:34:21.738+0000] {processor.py:161} INFO - Started process (PID=3455) to work on /home/airflow/.local/lib/python3.12/site-packages/airflow/example_dags/tutorial.py
[2024-05-06T19:34:21.741+0000] {processor.py:830} INFO - Processing file /home/airflow/.local/lib/python3.12/site-packages/airflow/example_dags/tutorial.py for tasks to queue
[2024-05-06T19:34:21.746+0000] {logging_mixin.py:188} INFO - [2024-05-06T19:34:21.745+0000] {dagbag.py:540} INFO - Filling up the DagBag from /home/airflow/.local/lib/python3.12/site-packages/airflow/example_dags/tutorial.py
[2024-05-06T19:34:21.755+0000] {processor.py:840} INFO - DAG(s) 'tutorial' retrieved from /home/airflow/.local/lib/python3.12/site-packages/airflow/example_dags/tutorial.py
[2024-05-06T19:34:21.783+0000] {logging_mixin.py:188} INFO - [2024-05-06T19:34:21.782+0000] {dag.py:3096} INFO - Sync 1 DAGs
[2024-05-06T19:34:21.814+0000] {logging_mixin.py:188} INFO - [2024-05-06T19:34:21.814+0000] {dag.py:3954} INFO - Setting next_dagrun for tutorial to 2024-05-05 00:00:00+00:00, run_after=2024-05-06 00:00:00+00:00
[2024-05-06T19:34:21.844+0000] {processor.py:183} INFO - Processing /home/airflow/.local/lib/python3.12/site-packages/airflow/example_dags/tutorial.py took 0.116 seconds
[2024-05-06T19:52:32.404+0000] {processor.py:161} INFO - Started process (PID=3512) to work on /home/airflow/.local/lib/python3.12/site-packages/airflow/example_dags/tutorial.py
[2024-05-06T19:52:32.405+0000] {processor.py:830} INFO - Processing file /home/airflow/.local/lib/python3.12/site-packages/airflow/example_dags/tutorial.py for tasks to queue
[2024-05-06T19:52:32.406+0000] {logging_mixin.py:188} INFO - [2024-05-06T19:52:32.406+0000] {dagbag.py:540} INFO - Filling up the DagBag from /home/airflow/.local/lib/python3.12/site-packages/airflow/example_dags/tutorial.py
[2024-05-06T19:52:32.409+0000] {processor.py:840} INFO - DAG(s) 'tutorial' retrieved from /home/airflow/.local/lib/python3.12/site-packages/airflow/example_dags/tutorial.py
[2024-05-06T19:52:32.419+0000] {logging_mixin.py:188} INFO - [2024-05-06T19:52:32.419+0000] {dag.py:3096} INFO - Sync 1 DAGs
[2024-05-06T19:52:32.430+0000] {logging_mixin.py:188} INFO - [2024-05-06T19:52:32.430+0000] {dag.py:3954} INFO - Setting next_dagrun for tutorial to 2024-05-05 00:00:00+00:00, run_after=2024-05-06 00:00:00+00:00
[2024-05-06T19:52:32.438+0000] {processor.py:183} INFO - Processing /home/airflow/.local/lib/python3.12/site-packages/airflow/example_dags/tutorial.py took 0.036 seconds
